# @object atomic-queue
[1] call add(11931)
[2] call remove
[3] call add(11932)
[4] call add(11933)
[5] call remove
[6] call add(11934)
[1] return
[3] return
[4] return
[2] return empty
[7] call remove
[8] call add(11935)
[9] call add(11936)
[10] call add(11937)
[5] return 11933
[11] call remove
[6] return
[12] call add(11938)
[7] return 11931
[13] call add(11939)
[8] return
[9] return
[10] return
[11] return 11932
[14] call remove
[15] call add(11940)
[16] call remove
[17] call add(11941)
[12] return
[18] call remove
[13] return
[19] call remove
[14] return 11937
[20] call remove
[15] return
[16] return 11939
[17] return
[18] return 11935
[21] call remove
[22] call add(11942)
[23] call add(11943)
[24] call add(11944)
[19] return 11936
[25] call add(11945)
[20] return 11934
[26] call remove
[21] return 11938
[27] call add(11946)
[22] return
[23] return
[24] return
[25] return
[28] call add(11947)
[29] call add(11948)
[30] call remove
[31] call add(11949)
[26] return 11940
[32] call remove
[27] return
[33] call add(11950)
[28] return
[34] call remove
[29] return
[30] return 11942
[31] return
[32] return 11941
[35] call add(11951)
[36] call add(11952)
[37] call add(11953)
[38] call add(11954)
[33] return
[39] call remove
[34] return 11944
[40] call remove
[35] return
[41] call add(11955)
[36] return
[37] return
[38] return
[39] return 11945
[42] call remove
[43] call add(11956)
[44] call add(11957)
[45] call remove
[40] return 11943
[46] call add(11958)
[41] return
[47] call add(11959)
[42] return 11946
[48] call remove
[43] return
[44] return
[45] return 11955
[46] return
[49] call remove
[50] call add(11960)
[51] call add(11961)
[52] call remove
[47] return
[53] call remove
[48] return 11951
[54] call remove
[49] return 11947
[55] call add(11962)
[50] return
[51] return
[52] return 11949
[53] return 11948
[56] call add(11963)
[57] call add(11964)
[58] call remove
[59] call add(11965)
[54] return 11950
[60] call remove
[55] return
[61] call add(11966)
[56] return
[62] call add(11967)
[57] return
[58] return 11953
[59] return
[60] return 11952
[63] call add(11968)
[64] call remove
[65] call add(11969)
[66] call add(11970)
[61] return
[67] call remove
[62] return
[68] call remove
[63] return
[69] call remove
[64] return 11954
[65] return
[66] return
[67] return 11964
[70] call remove
[71] call add(11971)
[72] call add(11972)
[73] call add(11973)
[68] return 11962
[74] call add(11974)
[69] return 11965
[75] call add(11975)
[70] return 11960
[76] call add(11976)
[71] return
[72] return
[73] return
[74] return
[77] call remove
[78] call remove
[79] call add(11977)
[80] call add(11978)
[75] return
[81] call remove
[76] return
[82] call remove
[77] return 11961
[83] call add(11979)
[78] return 11959
[79] return
[80] return
[81] return 11957
[84] call add(11980)
[85] call remove
[86] call add(11981)
[87] call remove
[82] return 11956
[88] call add(11982)
[83] return
[89] call add(11983)
[84] return
[90] call remove
[85] return 11958
[86] return
[87] return 11963
[88] return
[91] call remove
[92] call add(11984)
[93] call remove
[94] call remove
[89] return
[95] call remove
[90] return 11974
[96] call add(11985)
[91] return 11968
[97] call remove
[92] return
[93] return 11970
[94] return 11967
[95] return 11971
[98] call remove
[99] call remove
[100] call add(11986)
[101] call remove
[96] return
[102] call remove
[97] return 11972
[103] call remove
[98] return 11975
[104] call remove
[99] return 11973
[100] return
[101] return 11966
[102] return 11969
[105] call remove
[106] call remove
[107] call add(11987)
[108] call add(11988)
[103] return 11977
[109] call remove
[104] return 11985
[110] call add(11989)
[105] return 11983
[111] call add(11990)
[106] return 11979
[107] return
[108] return
[109] return 11976
[112] call remove
[113] call add(11991)
[114] call remove
[115] call add(11992)
[110] return
[116] call add(11993)
[111] return
[117] call remove
[112] return 11980
[118] call remove
[113] return
[114] return 11982
[115] return
[116] return
[119] call add(11994)
[120] call add(11995)
[121] call remove
[122] call add(11996)
[117] return 11984
[123] call remove
[118] return 11978
[124] call add(11997)
[119] return
[125] call remove
[120] return
[121] return 11981
[122] return
[123] return 11989
[126] call add(11998)
[127] call remove
[128] call remove
[129] call add(11999)
[124] return
[130] call remove
[125] return 11995
[131] call add(12000)
[126] return
[132] call remove
[127] return 11990
[128] return 11993
[129] return
[130] return 11987
[133] call remove
[134] call remove
[135] call add(12001)
[136] call add(12002)
[131] return
[137] call add(12003)
[132] return 11992
[138] call remove
[133] return 11988
[139] call add(12004)
[134] return 11994
[135] return
[136] return
[137] return
[140] call add(12005)
[141] call remove
[142] call remove
[143] call add(12006)
[138] return 11991
[144] call remove
[139] return
[145] call remove
[140] return
[146] call remove
[141] return 11986
[142] return 12005
[143] return
[144] return 12004
[147] call remove
[148] call add(12007)
[149] call remove
[150] call add(12008)
[145] return 11999
[151] call add(12009)
[146] return 11996
[152] call remove
[147] return 12000
[153] call remove
[148] return
[149] return 12002
[150] return
[151] return
[154] call add(12010)
[155] call add(12011)
[156] call add(12012)
[157] call remove
[152] return 12001
[158] call add(12013)
[153] return 11998
[159] call remove
[154] return
[160] call add(12014)
[155] return
[156] return
[157] return 12003
[158] return
[161] call add(12015)
[162] call remove
[163] call add(12016)
[164] call remove
[159] return 11997
[165] call remove
[160] return
[166] call remove
[161] return
[167] call add(12017)
[162] return 12013
[163] return
[164] return 12007
[165] return 12012
[168] call add(12018)
[169] call remove
[170] call remove
[171] call remove
[166] return 12010
[172] call remove
[167] return
[173] call add(12019)
[168] return
[174] call remove
[169] return 12008
[170] return 12014
[171] return 12009
[172] return 12006
[175] call add(12020)
[176] call remove
[177] call remove
[178] call remove
[173] return
[179] call add(12021)
[174] return 12011
[180] call add(12022)
[175] return
[181] call remove
[176] return 12015
[177] return 12016
[178] return 12017
[182] call add(12023)
[183] call remove
[184] call remove
[185] call remove
[179] return
[180] return
[181] return 12019
[186] call add(12024)
[187] call remove
[182] return
[183] return 12020
[188] call add(12025)
[184] return 12018
[185] return 12022
[189] call add(12026)
[190] call add(12027)
[191] call add(12028)
[192] call add(12029)
[186] return
[187] return 12023
[188] return
[193] call add(12030)
[194] call remove
[189] return
[190] return
[195] call remove
[191] return
[192] return
[196] call remove
[197] call remove
[198] call remove
[199] call remove
[193] return
[194] return 12021
[195] return 12027
[200] call add(12031)
[201] call add(12032)
[196] return 12030
[202] call add(12033)
[198] return 12024
[199] return 12026
[197] return 12029
[201] return
[203] call add(12034)
[204] call remove
[205] call remove
[200] return
[206] call add(12035)
[204] return 12028
[202] return
[207] call add(12036)
[208] call add(12037)
[209] call add(12038)
[203] return
[210] call add(12039)
[205] return 12025
[206] return
[211] call add(12040)
[207] return
[212] call remove
[208] return
[213] call remove
[209] return
[210] return
[214] call remove
[215] call remove
[216] call add(12041)
[211] return
[212] return 12035
[213] return 12039
[217] call add(12042)
[216] return
[218] call add(12043)
[214] return 12037
[219] call add(12044)
[215] return 12036
[220] call remove
[221] call add(12045)
[222] call add(12046)
[223] call remove
[217] return
[218] return
[219] return
[220] return 12031
[224] call remove
[221] return
[225] call remove
[222] return
[226] call add(12047)
[223] return 12034
[227] call remove
[228] call add(12048)
[229] call remove
[230] call remove
[224] return 12040
[225] return 12033
[229] return 12032
[231] call add(12049)
[227] return 12038
[228] return
[232] call remove
[226] return
[230] return 12042
[233] call add(12050)
[234] call add(12051)
[235] call remove
[236] call remove
[234] return
[231] return
[237] call remove
[233] return
[232] return 12041
[235] return 12045
[236] return 12046
[238] call remove
[239] call add(12052)
[240] call remove
[241] call add(12053)
[242] call remove
[243] call remove
[237] return 12048
[238] return 12047
[239] return
[240] return 12043
[244] call remove
[242] return 12044
[243] return 12051
[245] call add(12054)
[246] call add(12055)
[241] return
[247] call add(12056)
[248] call remove
[249] call remove
[250] call remove
[244] return 12053
[245] return
[246] return
[251] call add(12057)
[247] return
[252] call add(12058)
[248] return 12052
[249] return 12050
[253] call remove
[254] call add(12059)
[255] call add(12060)
[250] return 12049
[256] call add(12061)
[251] return
[253] return 12054
[252] return
[257] call remove
[258] call remove
[259] call remove
[260] call add(12062)
[254] return
[255] return
[261] call remove
[256] return
[262] call add(12063)
[263] call add(12064)
[258] return 12055
[260] return
[257] return 12057
[261] return 12056
[259] return 12058
[264] call remove
[265] call remove
[266] call remove
[267] call add(12065)
[263] return
[268] call add(12066)
[262] return
[269] call remove
[270] call add(12067)
[264] return 12062
[265] return 12061
[266] return 12059
[267] return
[268] return
[271] call add(12068)
[270] return
[272] call add(12069)
[273] call remove
[269] return 12060
[274] call add(12070)
[275] call remove
[276] call add(12071)
[271] return
[277] call add(12072)
[272] return
[278] call add(12073)
[273] return 12063
[275] return 12064
[276] return
[279] call add(12074)
[274] return
[280] call add(12075)
[277] return
[281] call remove
[282] call remove
[283] call remove
[278] return
[284] call add(12076)
[279] return
[285] call remove
[280] return
[281] return 12065
[282] return 12066
[284] return
[286] call remove
[283] return 12069
[287] call add(12077)
[288] call remove
[285] return 12067
[289] call remove
[287] return
[290] call remove
[291] call add(12078)
[292] call add(12079)
[286] return 12075
[288] return 12068
[289] return 12073
[293] call remove
[294] call add(12080)
[295] call remove
[296] call add(12081)
[290] return 12077
[292] return
[293] return 12072
[291] return
[294] return
[297] call add(12082)
[298] call add(12083)
[296] return
[299] call add(12084)
[297] return
[300] call add(12085)
[301] call remove
[295] return 12074
[302] call add(12086)
[303] call remove
[304] call add(12087)
[298] return
[300] return
[299] return
[301] return 12071
[302] return
[305] call remove
[303] return 12076
[306] call add(12088)
[307] call add(12089)
[308] call remove
[304] return
[309] call add(12090)
[310] call add(12091)
[311] call add(12092)
[305] return 12070
[306] return
[307] return
[308] return 12086
[312] call add(12093)
[309] return
[313] call remove
[310] return
[314] call remove
[315] call add(12094)
[316] call remove
[317] call remove
[311] return
[312] return
[313] return 12078
[314] return 12080
[318] call remove
[319] call add(12095)
[315] return
[316] return 12083
[320] call remove
[317] return 12082
[321] call add(12096)
[322] call add(12097)
[323] call remove
[324] call add(12098)
[318] return 12084
[319] return
[320] return 12085
[323] return 12081
[321] return
[325] call remove
[322] return
[326] call add(12099)
[327] call add(12100)
[328] call add(12101)
[324] return
[329] call add(12102)
[330] call add(12103)
[331] call remove
[325] return 12087
[326] return
[327] return
[328] return
[329] return
[332] call remove
[330] return
[333] call remove
[334] call remove
[335] call remove
[331] return 12079
[336] call remove
[337] call remove
[338] call remove
[332] return 12093
[336] return 12097
[333] return 12096
[334] return 12090
[335] return 12094
[339] call add(12104)
[340] call remove
[341] call add(12105)
[342] call remove
[343] call add(12106)
[337] return 12089
[338] return 12091
[344] call remove
[345] call add(12107)
[339] return
[340] return 12095
[341] return
[342] return 12092
[343] return
[346] call remove
[347] call remove
[348] call remove
[349] call remove
[350] call add(12108)
[344] return 12088
[345] return
[351] call remove
[352] call remove
[346] return 12104
[347] return 12103
[348] return 12098
[353] call remove
[350] return
[354] call add(12109)
[349] return 12102
[355] call remove
[356] call add(12110)
[351] return 12100
[352] return 12099
[357] call add(12111)
[353] return 12106
[358] call add(12112)
[359] call remove
[354] return
[355] return 12101
[360] call remove
[356] return
[361] call remove
[357] return
[362] call add(12113)
[363] call remove
[358] return
[359] return 12105
[364] call remove
[360] return 12107
[365] call add(12114)
[366] call remove
[361] return 12108
[362] return
[367] call remove
[363] return 12109
[368] call add(12115)
[364] return 12110
[369] call remove
[370] call remove
[365] return
[366] return 12111
[371] call add(12116)
[367] return 12112
[372] call remove
[373] call remove
[368] return
[369] return 12114
[374] call add(12117)
[370] return 12113
[375] call add(12118)
[371] return
[376] call add(12119)
[377] call remove
[372] return 12115
[373] return 12116
[378] call add(12120)
[374] return
[379] call remove
[380] call add(12121)
[375] return
[376] return
[381] call remove
[377] return 12118
[382] call add(12122)
[378] return
[383] call add(12123)
[384] call remove
[381] return 12119
[380] return
[385] call remove
[379] return 12117
[386] call remove
[387] call add(12124)
[382] return
[383] return
[388] call remove
[384] return 12123
[389] call add(12125)
[385] return 12120
[390] call remove
[391] call add(12126)
[388] return 12122
[387] return
[392] call remove
[386] return 12121
[393] call add(12127)
[394] call remove
[389] return
[390] return 12125
[395] call remove
[391] return
[396] call remove
[392] return 12124
[397] call remove
[398] call remove
[393] return
[394] return 12127
[399] call add(12128)
[400] call add(12129)
[401] call remove
[396] return empty
[399] return
[397] return empty
[398] return 12128
[395] return 12126
[402] call remove
[401] return empty
[403] call add(12130)
[404] call remove
[405] call add(12131)
[400] return
[406] call remove
[407] call remove
[408] call add(12132)
[402] return 12129
[403] return
[404] return 12130
[405] return
[406] return 12131
[409] call remove
[410] call add(12133)
[411] call remove
[412] call remove
[413] call add(12134)
[408] return
[411] return 12132
[407] return empty
[414] call remove
[415] call add(12135)
[410] return
[416] call remove
[413] return
[417] call remove
[409] return 12134
[412] return 12133
[418] call remove
[415] return
[414] return 12135
[419] call add(12136)
[420] call remove
[416] return empty
[421] call add(12137)
[417] return empty
[422] call add(12138)
[423] call add(12139)
[418] return empty
[424] call remove
[419] return
[420] return 12136
[425] call remove
[421] return
[422] return
[426] call remove
[427] call add(12140)
[423] return
[428] call remove
[424] return 12138
[429] call add(12141)
[430] call remove
[425] return 12137
[431] call remove
[426] return 12139
[427] return
[432] call remove
[428] return 12140
[429] return
[433] call add(12142)
[434] call remove
[430] return 12141
[435] call remove
[431] return empty
[436] call remove
[437] call add(12143)
[432] return empty
[438] call add(12144)
[433] return
[434] return 12142
[439] call remove
[435] return empty
[436] return empty
[440] call remove
[441] call remove
[437] return
[442] call add(12145)
[438] return
[443] call remove
[444] call remove
[439] return 12144
[445] call add(12146)
[441] return 12143
[440] return empty
[446] call add(12147)
[442] return
[443] return 12145
[447] call remove
[448] call remove
[444] return empty
[449] call remove
[445] return
[450] call remove
[451] call add(12148)
[446] return
[452] call remove
[447] return 12147
[448] return 12146
[453] call add(12149)
[449] return empty
[450] return empty
[454] call remove
[455] call remove
[456] call add(12150)
[452] return 12148
[457] call add(12151)
[451] return
[454] return empty
[453] return
[458] call add(12152)
[459] call add(12153)
[455] return 12149
[460] call remove
[461] call remove
[456] return
[457] return
[462] call add(12154)
[463] call remove
[458] return
[464] call add(12155)
[459] return
[460] return 12152
[462] return
[461] return 12151
[465] call remove
[463] return 12150
[466] call remove
[467] call remove
[468] call add(12156)
[469] call remove
[470] call add(12157)
[464] return
[465] return 12153
[471] call add(12158)
[470] return
[467] return 12154
[468] return
[469] return 12156
[472] call remove
[466] return 12155
[473] call remove
[474] call add(12159)
[475] call add(12160)
[476] call remove
[477] call remove
[471] return
[472] return 12157
[473] return 12158
[478] call add(12161)
[479] call remove
[475] return
[476] return 12160
[480] call add(12162)
[477] return 12159
[474] return
[481] call remove
[482] call remove
[483] call remove
[484] call remove
[478] return
[479] return 12161
[480] return
[485] call add(12163)
[486] call remove
[481] return 12162
[482] return empty
[487] call add(12164)
[483] return empty
[484] return empty
[488] call remove
[489] call remove
[490] call add(12165)
[491] call add(12166)
[485] return
[486] return 12163
[487] return
[489] return empty
[492] call remove
[493] call remove
[488] return 12164
[494] call add(12167)
[495] call remove
[491] return
[496] call remove
[490] return
[497] call add(12168)
[492] return 12165
[493] return 12166
[498] call add(12169)
[494] return
[495] return 12167
[499] call remove
[500] call remove
[496] return empty
[501] call remove
[502] call remove
[497] return
[503] call remove
[498] return
[504] call add(12170)
[499] return 12168
[500] return 12169
[505] call add(12171)
[501] return empty
[502] return empty
[506] call add(12172)
[507] call remove
[503] return empty
[508] call add(12173)
[509] call add(12174)
[504] return
[510] call add(12175)
[505] return
[511] call add(12176)
[506] return
[507] return 12171
[512] call add(12177)
[508] return
[509] return
[513] call add(12178)
[514] call remove
[510] return
[515] call remove
[516] call remove
[511] return
[517] call add(12179)
[512] return
[518] call remove
[513] return
[519] call add(12180)
[515] return 12170
[516] return 12174
[514] return 12172
[520] call remove
[518] return 12178
[517] return
[521] call remove
[522] call remove
[523] call remove
[524] call add(12181)
[525] call add(12182)
[519] return
[520] return 12173
[526] call remove
[521] return 12176
[522] return 12175
[523] return 12177
[527] call remove
[524] return
[525] return
[528] call remove
[529] call remove
[530] call remove
[531] call remove
[532] call add(12183)
[526] return 12179
[527] return 12181
[533] call add(12184)
[534] call remove
[528] return 12180
[529] return 12182
[530] return empty
[531] return empty
[535] call add(12185)
[536] call add(12186)
[537] call add(12187)
[532] return
[538] call remove
[533] return
[534] return 12183
[539] call remove
[540] call add(12188)
[541] call add(12189)
[535] return
[536] return
[537] return
[538] return 12184
[542] call remove
[543] call remove
[544] call remove
[539] return 12187
[545] call remove
[540] return
[541] return
[546] call add(12190)
[547] call remove
[548] call add(12191)
[542] return 12185
[543] return 12186
[544] return 12188
[545] return 12189
[549] call add(12192)
[550] call add(12193)
[551] call add(12194)
[546] return
[552] call remove
[547] return 12190
[548] return
[553] call remove
[554] call remove
[555] call add(12195)
[549] return
[550] return
[551] return
[552] return 12191
[556] call remove
[557] call remove
[558] call remove
[553] return 12192
[559] call remove
[554] return 12193
[555] return
[560] call remove
[561] call add(12196)
[562] call add(12197)
[556] return 12194
[557] return 12195
[558] return empty
[559] return empty
[563] call remove
[564] call remove
[565] call remove
[560] return empty
[566] call remove
[561] return
[562] return
[567] call remove
[568] call remove
[569] call add(12198)
[563] return 12197
[564] return 12196
[565] return empty
[566] return empty
[570] call add(12199)
[571] call remove
[572] call remove
[567] return empty
[573] call add(12200)
[568] return empty
[569] return
[574] call add(12201)
[575] call add(12202)
[576] call add(12203)
[570] return
[571] return 12198
[572] return 12199
[573] return
[574] return
[577] call remove
[578] call add(12204)
[579] call remove
[580] call remove
[581] call add(12205)
[576] return
[575] return
[579] return 12203
[582] call remove
[577] return 12200
[578] return
[583] call add(12206)
[584] call remove
[585] call add(12207)
[581] return
[586] call remove
[587] call add(12208)
[582] return 12202
[580] return 12201
[583] return
[584] return 12205
[585] return
[588] call add(12209)
[589] call remove
[586] return 12204
[590] call remove
[591] call remove
[592] call add(12210)
[587] return
[593] call remove
[594] call remove
[588] return
[589] return 12206
[590] return 12207
[591] return 12209
[592] return
[595] call add(12211)
[596] call add(12212)
[593] return 12208
[597] call add(12213)
[598] call add(12214)
[599] call add(12215)
[594] return 12210
[600] call remove
[601] call add(12216)
[595] return
[596] return
[597] return
[598] return
[599] return
[602] call add(12217)
[603] call remove
[600] return 12211
[604] call add(12218)
[605] call add(12219)
[606] call add(12220)
[601] return
[607] call add(12221)
[608] call remove
[606] return
[603] return 12215
[604] return
[605] return
[602] return
[609] call add(12222)
[610] call remove
[607] return
[611] call remove
[612] call add(12223)
[613] call remove
[608] return 12214
[614] call add(12224)
[615] call remove
[609] return
[610] return 12212
[611] return 12213
[612] return
[613] return 12221
[616] call remove
[617] call add(12225)
[614] return
[618] call add(12226)
[619] call add(12227)
[620] call remove
[615] return 12218
[621] call add(12228)
[622] call remove
[616] return 12217
[617] return
[618] return
[619] return
[620] return 12220
[623] call remove
[624] call remove
[621] return
[625] call add(12229)
[626] call add(12230)
[627] call add(12231)
[622] return 12216
[628] call add(12232)
[629] call remove
[623] return 12222
[624] return 12223
[625] return
[626] return
[627] return
[630] call add(12233)
[631] call remove
[628] return
[632] call add(12234)
[633] call add(12235)
[634] call remove
[629] return 12219
[635] call remove
[636] call add(12236)
[630] return
[631] return 12233
[632] return
[633] return
[634] return 12231
[637] call remove
[638] call add(12237)
[635] return 12224
[639] call add(12238)
[640] call remove
[641] call add(12239)
[636] return
[642] call add(12240)
[643] call remove
[637] return 12225
[638] return
[639] return
[640] return 12226
[641] return
[644] call remove
[645] call add(12241)
[642] return
[646] call remove
[647] call remove
[648] call add(12242)
[643] return 12227
[649] call remove
[650] call add(12243)
[644] return 12229
[645] return
[646] return 12230
[647] return 12232
[648] return
[651] call add(12244)
[652] call remove
[649] return 12228
[653] call remove
[654] call remove
[655] call add(12245)
[650] return
[656] call remove
[657] call add(12246)
[651] return
[652] return 12236
[653] return 12238
[654] return 12237
[655] return
[658] call remove
[659] call add(12247)
[656] return 12240
[660] call add(12248)
[661] call remove
[662] call remove
[657] return
[663] call add(12249)
[664] call add(12250)
[658] return 12239
[659] return
[660] return
[661] return 12242
[662] return 12234
[665] call add(12251)
[666] call add(12252)
[663] return
[667] call add(12253)
[668] call add(12254)
[669] call remove
[664] return
[670] call remove
[671] call remove
[665] return
[666] return
[667] return
[668] return
[669] return 12243
[672] call add(12255)
[673] call add(12256)
[670] return 12235
[674] call add(12257)
[675] call remove
[676] call add(12258)
[671] return 12241
[677] call add(12259)
[678] call remove
[672] return
[673] return
[674] return
[675] return 12253
[676] return
[679] call remove
[680] call add(12260)
[677] return
[681] call remove
[682] call remove
[683] call remove
[678] return 12250
[684] call remove
[685] call add(12261)
[679] return 12249
[680] return
[681] return 12245
[682] return 12244
[683] return 12251
[686] call add(12262)
[687] call remove
[684] return 12247
[688] call add(12263)
[689] call add(12264)
[690] call remove
[685] return
[691] call remove
[686] return
[690] return 12252
[687] return 12248
[688] return
[689] return
[692] call remove
[693] call remove
[694] call add(12265)
[695] call remove
[691] return 12246
[696] call remove
[697] call remove
[693] return 12256
[692] return 12262
[698] call remove
[699] call add(12266)
[700] call add(12267)
[694] return
[696] return 12258
[697] return 12257
[695] return 12259
[701] call add(12268)
[698] return 12261
[699] return
[702] call remove
[703] call remove
[700] return
[704] call add(12269)
[705] call add(12270)
[706] call add(12271)
[707] call remove
[701] return
[702] return 12260
[703] return 12263
[704] return
[708] call remove
[705] return
[706] return
[709] call remove
[710] call add(12272)
[707] return 12254
[711] call remove
[712] call add(12273)
[713] call add(12274)
[714] call add(12275)
[708] return 12255
[709] return 12266
[710] return
[711] return 12264
[715] call remove
[712] return
[713] return
[716] call remove
[717] call add(12276)
[714] return
[718] call remove
[719] call remove
[720] call add(12277)
[721] call remove
[715] return 12267
[716] return 12270
[717] return
[718] return 12271
[722] call add(12278)
[719] return 12265
[720] return
[723] call add(12279)
[724] call remove
[721] return 12269
[725] call remove
[726] call add(12280)
[727] call add(12281)
[728] call add(12282)
[722] return
[723] return
[724] return 12268
[725] return 12274
[729] call add(12283)
[730] call remove
[727] return
[731] call add(12284)
[732] call add(12285)
[728] return
[726] return
[733] call remove
[734] call add(12286)
[735] call remove
[729] return
[730] return 12275
[731] return
[732] return
[736] call add(12287)
[737] call add(12288)
[733] return 12279
[738] call add(12289)
[739] call remove
[734] return
[740] call add(12290)
[735] return 12273
[741] call add(12291)
[739] return 12278
[737] return
[738] return
[742] call add(12292)
[736] return
[743] call add(12293)
[741] return
[744] call add(12294)
[740] return
[745] call add(12295)
[746] call add(12296)
[746] return
[742] return
[747] call remove
[743] return
[748] call remove
[744] return
[749] call remove
[745] return
[750] call remove
[751] call add(12297)
[752] call remove
[753] call add(12298)
[747] return 12276
[748] return 12277
[749] return 12272
[750] return 12283
[754] call remove
[751] return
[755] call add(12299)
[752] return 12285
[756] call remove
[753] return
[757] call add(12300)
[758] call add(12301)
[759] call remove
[760] call add(12302)
[754] return 12282
[755] return
[756] return 12284
[757] return
[761] call remove
[762] call add(12303)
[763] call add(12304)
[764] call add(12305)
[760] return
[758] return
[759] return 12286
[762] return
[765] call remove
[766] call add(12306)
[761] return 12280
[767] call remove
[763] return
[768] call remove
[764] return
[769] call remove
[770] call add(12307)
[771] call remove
[765] return 12281
[766] return
[767] return 12289
[768] return 12287
[772] call add(12308)
[773] call remove
[769] return 12288
[774] call remove
[770] return
[775] call remove
[771] return 12291
[776] call remove
[777] call add(12309)
[778] call remove
[772] return
[773] return 12290
[774] return 12295
[775] return 12297
[779] call remove
[780] call remove
[776] return 12296
[781] call remove
[777] return
[782] call remove
[778] return 12293
[783] call add(12310)
[784] call add(12311)
[785] call add(12312)
[779] return 12298
[780] return 12299
[781] return 12294
[782] return 12292
[786] call add(12313)
[787] call add(12314)
[783] return
[788] call add(12315)
[784] return
[789] call remove
[785] return
[789] return 12303
[790] call add(12316)
[791] call add(12317)
[792] call remove
[793] call add(12318)
[787] return
[788] return
[794] call remove
[786] return
[795] call add(12319)
[796] call remove
[791] return
[792] return 12301
[797] call remove
[790] return
[794] return 12307
[793] return
[798] call add(12320)
[799] call add(12321)
[797] return 12302
[800] call remove
[796] return 12304
[801] call add(12322)
[795] return
[802] call add(12323)
[803] call remove
[798] return
[804] call add(12324)
[799] return
[805] call add(12325)
[801] return
[806] call add(12326)
[800] return 12309
[802] return
[807] call add(12327)
[803] return 12306
[804] return
[808] call remove
[809] call add(12328)
[805] return
[810] call add(12329)
[806] return
[811] call add(12330)
[812] call remove
[807] return
[813] call add(12331)
[808] return 12300
[809] return
[814] call remove
[810] return
[811] return
[815] call remove
[816] call add(12332)
[812] return 12305
[817] call remove
[813] return
[818] call add(12333)
[819] call add(12334)
[814] return 12308
[820] call add(12335)
[815] return 12312
[816] return
[821] call remove
[817] return 12314
[818] return
[822] call remove
[823] call remove
[819] return
[824] call add(12336)
[821] return 12316
[825] call remove
[826] call remove
[820] return
[827] call add(12337)
[822] return 12311
[823] return 12317
[828] call remove
[824] return
[825] return 12315
[829] call remove
[830] call remove
[826] return 12319
[831] call add(12338)
[827] return
[832] call add(12339)
[833] call add(12340)
[828] return 12310
[834] call add(12341)
[829] return 12318
[830] return 12313
[835] call add(12342)
[831] return
[832] return
[836] call remove
[837] call add(12343)
[833] return
[838] call add(12344)
[834] return
[839] call remove
[840] call remove
[835] return
[841] call add(12345)
[836] return 12327
[837] return
[842] call remove
[838] return
[839] return 12324
[843] call remove
[844] call remove
[840] return 12323
[845] call add(12346)
[841] return
[846] call remove
[847] call add(12347)
[842] return 12322
[848] call add(12348)
[843] return 12320
[844] return 12326
[849] call remove
[845] return
[846] return 12328
[850] call add(12349)
[851] call remove
[847] return
[852] call remove
[848] return
[853] call remove
[854] call remove
[849] return 12329
[855] call add(12350)
[850] return
[851] return 12321
[856] call remove
[852] return 12325
[853] return 12339
[857] call add(12351)
[858] call add(12352)
[854] return 12333
[859] call add(12353)
[855] return
[860] call add(12354)
[861] call remove
[858] return
[862] call add(12355)
[857] return
[856] return 12332
[863] call remove
[859] return
[860] return
[864] call remove
[865] call remove
[861] return 12336
[866] call remove
[862] return
[867] call add(12356)
[868] call add(12357)
[863] return 12338
[869] call remove
[864] return 12330
[865] return 12335
[870] call remove
[866] return 12331
[867] return
[871] call add(12358)
[872] call remove
[868] return
[873] call remove
[869] return 12337
[874] call add(12359)
[875] call add(12360)
[870] return 12334
[876] call add(12361)
[875] return
[872] return 12346
[871] return
[873] return 12347
[877] call remove
[878] call remove
[879] call remove
[874] return
[880] call remove
[881] call remove
[876] return
[882] call remove
[877] return 12348
[883] call remove
[878] return 12340
[879] return 12349
[880] return 12343
[881] return 12344
[884] call add(12362)
[885] call add(12363)
[886] call remove
[882] return 12345
[887] call remove
[888] call add(12364)
[883] return 12341
[889] call add(12365)
[884] return
[890] call add(12366)
[885] return
[886] return 12342
[887] return 12354
[888] return
[891] call remove
[892] call add(12367)
[893] call remove
[889] return
[894] call remove
[895] call add(12368)
[890] return
[896] call remove
[891] return 12358
[897] call add(12369)
[892] return
[893] return 12356
[894] return 12350
[895] return
[898] call add(12370)
[899] call remove
[900] call add(12371)
[896] return 12352
[901] call remove
[902] call add(12372)
[897] return
[903] call remove
[898] return
[904] call remove
[899] return 12355
[900] return
[901] return 12357
[902] return
[905] call remove
[906] call remove
[907] call remove
[903] return 12353
[908] call remove
[909] call remove
[904] return 12360
[910] call remove
[905] return 12351
[911] call remove
[906] return 12362
[907] return 12361
[908] return 12366
[909] return 12369
[912] call remove
[913] call remove
[914] call remove
[915] call add(12373)
[916] call remove
[911] return 12367
[910] return 12365
[914] return 12368
[912] return 12363
[917] call add(12374)
[913] return 12364
[918] call add(12375)
[919] call add(12376)
[916] return 12359
[920] call add(12377)
[915] return
[921] call remove
[922] call remove
[923] call add(12378)
[917] return
[919] return
[918] return
[920] return
[924] call remove
[921] return 12372
[925] call add(12379)
[926] call add(12380)
[922] return 12370
[927] call remove
[923] return
[928] call remove
[929] call add(12381)
[930] call remove
[927] return 12374
[925] return
[926] return
[924] return 12371
[931] call remove
[928] return 12376
[932] call remove
[933] call add(12382)
[929] return
[930] return 12373
[934] call add(12383)
[935] call remove
[936] call remove
[933] return
[937] call add(12384)
[931] return 12375
[932] return 12377
[938] call add(12385)
[939] call add(12386)
[934] return
[940] call remove
[935] return 12379
[936] return 12380
[937] return
[941] call add(12387)
[942] call remove
[943] call remove
[938] return
[944] call remove
[945] call remove
[940] return 12378
[939] return
[941] return
[946] call remove
[942] return 12382
[943] return 12383
[947] call remove
[944] return 12381
[945] return 12387
[948] call remove
[949] call remove
[950] call remove
[951] call remove
[952] call remove
[946] return 12386
[947] return 12385
[948] return 12384
[953] call add(12388)
[949] return empty
[950] return empty
[954] call remove
[951] return empty
[952] return empty
[955] call add(12389)
[956] call remove
[957] call remove
[958] call add(12390)
[959] call add(12391)
[953] return
[954] return 12388
[955] return
[960] call add(12392)
[956] return 12389
[957] return empty
[961] call add(12393)
[958] return
[959] return
[962] call add(12394)
[963] call add(12395)
[964] call remove
[965] call add(12396)
[966] call remove
[960] return
[961] return
[962] return
[967] call remove
[963] return
[964] return 12390
[968] call add(12397)
[965] return
[966] return 12391
[969] call remove
[970] call add(12398)
[971] call remove
[972] call remove
[973] call remove
[967] return 12394
[968] return
[969] return 12393
[974] call remove
[970] return
[971] return 12395
[975] call add(12399)
[972] return 12392
[973] return 12397
[976] call add(12400)
[977] call remove
[978] call add(12401)
[979] call add(12402)
[980] call add(12403)
[974] return 12398
[975] return
[976] return
[981] call remove
[977] return 12396
[978] return
[982] call remove
[979] return
[980] return
[983] call add(12404)
[984] call remove
[985] call remove
[986] call add(12405)
[987] call add(12406)
[981] return 12399
[982] return 12400
[983] return
[988] call remove
[984] return 12401
[985] return 12402
[989] call remove
[986] return
[987] return
[990] call remove
[991] call remove
[992] call remove
[993] call remove
[994] call add(12407)
[988] return 12403
[989] return 12404
[990] return 12405
[995] call remove
[991] return 12406
[992] return empty
[996] call remove
[993] return empty
[994] return
[997] call add(12408)
[998] call add(12409)
[999] call remove
[1000] call add(12410)
[1001] call add(12411)
[995] return 12407
[996] return empty
[997] return
[1002] call remove
[998] return
[999] return 12409
[1003] call add(12412)
[1004] call remove
[1005] call remove
[1006] call add(12413)
[1001] return
[1000] return
[1003] return
[1002] return 12408
[1007] call remove
[1008] call add(12414)
[1009] call remove
[1010] call remove
[1005] return 12411
[1006] return
[1004] return 12412
[1008] return
[1011] call remove
[1012] call add(12415)
[1007] return 12410
[1013] call remove
[1009] return 12413
[1014] call remove
[1010] return 12414
[1015] call remove
[1016] call add(12416)
[1017] call add(12417)
[1011] return empty
[1012] return
[1013] return 12415
[1014] return empty
[1018] call add(12418)
[1019] call remove
[1015] return empty
[1020] call remove
[1016] return
[1021] call add(12419)
[1017] return
[1022] call add(12420)
[1023] call add(12421)
[1024] call add(12422)
[1018] return
[1019] return 12416
[1020] return 12417
[1021] return
[1025] call remove
[1026] call remove
[1022] return
[1027] call remove
[1023] return
[1028] call remove
[1024] return
[1029] call add(12423)
[1030] call add(12424)
[1031] call add(12425)
[1025] return 12418
[1026] return 12421
[1027] return 12422
[1028] return 12419
[1032] call remove
[1033] call remove
[1029] return
[1034] call remove
[1030] return
[1035] call add(12426)
[1031] return
[1036] call add(12427)
[1037] call remove
[1038] call remove
[1032] return 12420
[1033] return 12424
[1034] return 12423
[1035] return
[1039] call add(12428)
[1040] call remove
[1036] return
[1041] call add(12429)
[1037] return 12425
[1042] call remove
[1038] return 12426
[1043] call remove
[1044] call add(12430)
[1045] call remove
[1039] return
[1040] return 12427
[1041] return
[1042] return 12429
[1046] call remove
[1047] call add(12431)
[1043] return 12428
[1048] call remove
[1044] return
[1049] call remove
[1045] return 12430
[1050] call remove
[1051] call add(12432)
[1052] call remove
[1046] return empty
[1047] return
[1048] return 12431
[1049] return empty
[1053] call remove
[1054] call remove
[1050] return empty
[1055] call remove
[1051] return
[1056] call add(12433)
[1052] return 12432
[1057] call remove
[1058] call remove
[1059] call remove
[1053] return empty
[1054] return empty
[1055] return empty
[1056] return
[1060] call add(12434)
[1061] call remove
[1057] return 12433
[1062] call remove
[1058] return empty
[1063] call add(12435)
[1059] return empty
[1064] call remove
[1065] call remove
[1066] call add(12436)
[1060] return
[1061] return 12434
[1062] return empty
[1063] return
[1067] call add(12437)
[1068] call remove
[1064] return 12435
[1069] call remove
[1065] return empty
[1070] call remove
[1066] return
[1071] call add(12438)
[1072] call add(12439)
[1073] call remove
[1067] return
[1068] return 12437
[1069] return 12436
[1070] return empty
[1074] call add(12440)
[1075] call remove
[1071] return
[1076] call add(12441)
[1072] return
[1077] call add(12442)
[1073] return 12439
[1078] call add(12443)
[1079] call remove
[1080] call remove
[1074] return
[1075] return 12438
[1076] return
[1077] return
[1081] call add(12444)
[1082] call remove
[1078] return
[1083] call add(12445)
[1079] return 12442
[1084] call remove
[1080] return 12440
[1085] call remove
[1086] call add(12446)
[1087] call add(12447)
[1081] return
[1082] return 12441
[1083] return
[1084] return 12443
[1088] call remove
[1089] call add(12448)
[1085] return 12444
[1090] call add(12449)
[1086] return
[1091] call remove
[1087] return
[1092] call remove
[1093] call remove
[1094] call add(12450)
[1088] return 12445
[1089] return
[1090] return
[1091] return 12449
[1095] call remove
[1096] call add(12451)
[1092] return 12446
[1097] call add(12452)
[1093] return 12448
[1098] call add(12453)
[1094] return
[1099] call remove
[1100] call remove
[1101] call remove
[1095] return 12447
[1096] return
[1097] return
[1098] return
[1102] call remove
[1103] call add(12454)
[1099] return 12451
[1104] call add(12455)
[1100] return 12450
[1105] call remove
[1101] return 12452
[1106] call remove
[1107] call add(12456)
[1108] call add(12457)
[1102] return 12453
[1103] return
[1104] return
[1105] return 12455
[1109] call add(12458)
[1110] call remove
[1106] return 12454
[1111] call remove
[1107] return
[1112] call add(12459)
[1108] return
[1113] call add(12460)
[1114] call remove
[1115] call add(12461)
[1109] return
[1110] return 12457
[1111] return 12458
[1112] return
[1116] call remove
[1117] call add(12462)
[1113] return
[1118] call remove
[1114] return 12456
[1119] call remove
[1115] return
[1120] call remove
[1121] call add(12463)
[1122] call remove
[1116] return 12459
[1117] return
[1118] return 12461
[1119] return 12460
[1123] call add(12464)
[1124] call remove
[1125] call add(12465)
[1121] return
[1126] call remove
[1122] return 12463
[1120] return 12462
[1123] return
[1127] call add(12466)
[1128] call remove
[1124] return 12464
[1129] call remove
[1130] call remove
[1125] return
[1126] return 12465
[1131] call remove
[1132] call remove
[1127] return
[1128] return 12466
[1129] return empty
[1130] return empty
[1133] call remove
[1134] call add(12467)
[1132] return empty
[1135] call remove
[1131] return empty
[1136] call remove
[1137] call add(12468)
[1138] call remove
[1133] return empty
[1134] return
[1139] call add(12469)
[1135] return 12467
[1136] return empty
[1140] call add(12470)
[1141] call remove
[1137] return
[1142] call remove
[1143] call remove
[1139] return
[1138] return 12469
[1144] call remove
[1140] return
[1145] call remove
[1146] call remove
[1141] return 12468
[1142] return 12470
[1143] return empty
[1147] call add(12471)
[1148] call remove
[1144] return empty
[1149] call remove
[1150] call remove
[1145] return empty
[1146] return empty
[1151] call add(12472)
[1147] return
[1152] call remove
[1153] call add(12473)
[1148] return 12471
[1149] return empty
[1150] return empty
[1154] call add(12474)
[1155] call add(12475)
[1151] return
[1156] call remove
[1157] call remove
[1152] return 12472
[1153] return
[1158] call add(12476)
[1154] return
[1159] call add(12477)
[1160] call add(12478)
[1155] return
[1156] return 12473
[1157] return 12474
[1161] call remove
[1162] call add(12479)
[1158] return
[1163] call add(12480)
[1164] call add(12481)
[1159] return
[1160] return
[1165] call remove
[1161] return 12475
[1166] call add(12482)
[1167] call remove
[1162] return
[1163] return
[1164] return
[1168] call remove
[1169] call remove
[1165] return 12479
[1170] call add(12483)
[1171] call remove
[1166] return
[1168] return 12478
[1172] call add(12484)
[1167] return 12481
[1173] call add(12485)
[1174] call add(12486)
[1169] return 12477
[1170] return
[1175] call add(12487)
[1171] return 12476
[1173] return
[1172] return
[1176] call add(12488)
[1177] call add(12489)
[1174] return
[1175] return
[1176] return
[1177] return
