# @object atomic-queue
[1] call add(10589)
[2] call add(10590)
[3] call remove
[4] call remove
[4] return 10590
[1] return
[2] return
[3] return 10589
[5] call remove
[6] call add(10591)
[7] call add(10592)
[8] call add(10593)
[9] call remove
[10] call add(10594)
[5] return empty
[7] return
[11] call remove
[8] return
[9] return 10593
[6] return
[12] call add(10595)
[13] call add(10596)
[14] call remove
[15] call remove
[10] return
[16] call add(10597)
[11] return 10592
[17] call remove
[12] return
[13] return
[18] call add(10598)
[14] return 10594
[15] return 10591
[16] return
[19] call remove
[20] call remove
[21] call add(10599)
[22] call remove
[17] return 10596
[23] call add(10600)
[18] return
[24] call remove
[19] return 10595
[20] return 10598
[25] call remove
[21] return
[22] return 10597
[23] return
[26] call remove
[27] call remove
[28] call remove
[29] call add(10601)
[24] return 10599
[30] call remove
[25] return 10600
[31] call add(10602)
[26] return empty
[27] return empty
[32] call add(10603)
[28] return empty
[29] return
[30] return 10601
[33] call remove
[34] call remove
[35] call add(10604)
[36] call add(10605)
[31] return
[37] call add(10606)
[32] return
[38] call add(10607)
[33] return 10602
[34] return 10603
[39] call add(10608)
[35] return
[36] return
[37] return
[40] call add(10609)
[41] call remove
[42] call remove
[43] call remove
[38] return
[44] call remove
[39] return
[45] call remove
[40] return
[41] return 10607
[46] call remove
[42] return 10604
[43] return 10606
[44] return 10609
[47] call add(10610)
[48] call add(10611)
[49] call add(10612)
[50] call remove
[45] return 10608
[51] call remove
[46] return 10605
[52] call remove
[47] return
[48] return
[53] call remove
[54] call remove
[50] return 10611
[51] return 10610
[55] call add(10613)
[49] return
[56] call remove
[52] return 10612
[57] call add(10614)
[58] call add(10615)
[53] return empty
[54] return empty
[59] call add(10616)
[55] return
[60] call add(10617)
[61] call remove
[56] return 10613
[57] return
[62] call remove
[58] return
[63] call remove
[59] return
[64] call add(10618)
[65] call add(10619)
[60] return
[61] return 10614
[66] call remove
[62] return 10617
[67] call add(10620)
[68] call remove
[63] return 10615
[64] return
[69] call add(10621)
[65] return
[70] call remove
[66] return 10616
[71] call add(10622)
[72] call add(10623)
[67] return
[68] return 10620
[73] call add(10624)
[69] return
[74] call add(10625)
[75] call remove
[70] return 10618
[71] return
[76] call remove
[72] return
[77] call add(10626)
[73] return
[78] call add(10627)
[79] call remove
[74] return
[75] return 10619
[80] call add(10628)
[76] return 10622
[81] call remove
[82] call remove
[77] return
[78] return
[83] call remove
[79] return 10625
[84] call add(10629)
[80] return
[85] call remove
[81] return 10621
[82] return 10624
[86] call remove
[87] call remove
[84] return
[83] return 10623
[88] call add(10630)
[89] call remove
[90] call remove
[91] call remove
[85] return 10628
[86] return 10629
[87] return 10626
[92] call add(10631)
[88] return
[89] return 10627
[93] call add(10632)
[94] call add(10633)
[90] return 10630
[91] return empty
[95] call add(10634)
[96] call remove
[97] call remove
[98] call remove
[92] return
[93] return
[94] return
[99] call remove
[95] return
[96] return 10631
[100] call remove
[101] call remove
[97] return 10632
[98] return 10633
[102] call remove
[103] call add(10635)
[104] call remove
[105] call remove
[99] return 10634
[100] return empty
[101] return empty
[106] call remove
[102] return empty
[103] return
[107] call remove
[108] call remove
[104] return 10635
[105] return empty
[109] call remove
[110] call add(10636)
[111] call remove
[112] call remove
[106] return empty
[107] return empty
[108] return empty
[113] call remove
[109] return empty
[110] return
[114] call add(10637)
[115] call add(10638)
[111] return 10636
[112] return empty
[116] call add(10639)
[117] call add(10640)
[118] call add(10641)
[119] call remove
[113] return empty
[114] return
[115] return
[120] call remove
[116] return
[117] return
[121] call add(10642)
[122] call add(10643)
[118] return
[119] return 10638
[123] call add(10644)
[124] call add(10645)
[125] call add(10646)
[126] call remove
[120] return 10637
[121] return
[122] return
[127] call remove
[123] return
[124] return
[128] call remove
[129] call remove
[125] return
[126] return 10640
[130] call add(10647)
[131] call add(10648)
[132] call remove
[133] call remove
[127] return 10641
[128] return 10639
[129] return 10642
[134] call add(10649)
[130] return
[131] return
[135] call add(10650)
[136] call remove
[132] return 10645
[133] return 10644
[137] call add(10651)
[138] call remove
[139] call remove
[140] call add(10652)
[134] return
[135] return
[136] return 10643
[141] call add(10653)
[137] return
[138] return 10646
[142] call add(10654)
[143] call add(10655)
[140] return
[144] call add(10656)
[141] return
[145] call add(10657)
[139] return 10648
[146] call add(10658)
[142] return
[147] call remove
[143] return
[148] call add(10659)
[149] call add(10660)
[146] return
[150] call remove
[144] return
[145] return
[151] call add(10661)
[147] return 10650
[152] call remove
[148] return
[153] call add(10662)
[154] call remove
[149] return
[155] call remove
[151] return
[150] return 10649
[152] return 10647
[156] call add(10663)
[157] call remove
[158] call add(10664)
[159] call add(10665)
[153] return
[154] return 10651
[155] return 10657
[160] call add(10666)
[161] call remove
[156] return
[162] call remove
[157] return 10656
[158] return
[159] return
[163] call remove
[164] call add(10667)
[165] call add(10668)
[166] call remove
[160] return
[161] return 10653
[162] return 10652
[167] call remove
[168] call add(10669)
[163] return 10660
[169] call add(10670)
[164] return
[165] return
[166] return 10655
[170] call add(10671)
[171] call remove
[172] call add(10672)
[173] call remove
[167] return 10661
[168] return
[169] return
[174] call add(10673)
[175] call add(10674)
[170] return
[176] call add(10675)
[171] return 10659
[172] return
[173] return 10654
[177] call remove
[178] call add(10676)
[179] call remove
[180] call add(10677)
[174] return
[175] return
[176] return
[181] call remove
[182] call add(10678)
[177] return 10658
[183] call remove
[178] return
[179] return 10667
[180] return
[184] call remove
[185] call remove
[186] call add(10679)
[187] call add(10680)
[181] return 10662
[182] return
[183] return 10665
[188] call remove
[189] call add(10681)
[184] return 10669
[190] call remove
[185] return 10670
[186] return
[187] return
[191] call remove
[192] call add(10682)
[193] call remove
[194] call remove
[188] return 10663
[189] return
[190] return 10666
[195] call remove
[196] call remove
[191] return 10668
[197] call add(10683)
[192] return
[193] return 10671
[194] return 10664
[198] call remove
[199] call remove
[200] call remove
[201] call remove
[195] return 10672
[196] return 10679
[197] return
[202] call remove
[203] call remove
[198] return 10680
[204] call add(10684)
[199] return 10678
[200] return 10673
[201] return 10675
[205] call remove
[206] call remove
[207] call remove
[208] call remove
[202] return 10681
[203] return 10674
[204] return
[209] call add(10685)
[210] call remove
[205] return 10677
[211] call add(10686)
[206] return 10676
[207] return 10683
[208] return 10684
[212] call add(10687)
[213] call remove
[214] call remove
[215] call add(10688)
[209] return
[210] return 10682
[211] return
[216] call remove
[217] call remove
[218] call remove
[213] return 10687
[214] return 10685
[215] return
[212] return
[216] return 10686
[219] call add(10689)
[220] call add(10690)
[221] call add(10691)
[222] call add(10692)
[217] return 10688
[223] call add(10693)
[218] return empty
[224] call remove
[225] call remove
[219] return
[220] return
[221] return
[222] return
[223] return
[226] call add(10694)
[227] call add(10695)
[228] call add(10696)
[229] call remove
[224] return 10693
[230] call add(10697)
[225] return 10690
[231] call remove
[232] call remove
[226] return
[227] return
[228] return
[229] return 10691
[230] return
[231] return 10692
[233] call remove
[234] call remove
[235] call add(10698)
[236] call remove
[237] call add(10699)
[234] return 10696
[232] return 10689
[238] call remove
[239] call remove
[240] call remove
[233] return 10697
[235] return
[236] return 10694
[237] return
[241] call remove
[238] return 10695
[242] call remove
[243] call remove
[244] call remove
[239] return 10698
[240] return 10699
[245] call remove
[246] call remove
[247] call add(10700)
[241] return empty
[242] return empty
[243] return empty
[244] return empty
[248] call add(10701)
[245] return empty
[249] call add(10702)
[250] call remove
[251] call remove
[246] return empty
[247] return
[252] call remove
[253] call remove
[254] call add(10703)
[248] return
[249] return
[250] return 10701
[251] return 10700
[255] call add(10704)
[252] return 10702
[256] call remove
[257] call add(10705)
[258] call remove
[253] return empty
[254] return
[259] call remove
[260] call add(10706)
[261] call remove
[255] return
[256] return 10703
[257] return
[258] return 10704
[262] call add(10707)
[259] return 10705
[263] call remove
[264] call remove
[260] return
[265] call add(10708)
[261] return 10706
[266] call remove
[262] return
[267] call add(10709)
[268] call add(10710)
[269] call add(10711)
[263] return 10707
[267] return
[270] call remove
[271] call add(10712)
[264] return empty
[265] return
[266] return 10709
[269] return
[268] return
[272] call remove
[273] call remove
[274] call add(10713)
[275] call add(10714)
[270] return 10708
[271] return
[276] call remove
[277] call add(10715)
[278] call remove
[272] return 10710
[273] return 10712
[274] return
[275] return
[276] return 10711
[279] call remove
[280] call remove
[281] call remove
[282] call remove
[277] return
[278] return 10713
[283] call remove
[284] call add(10716)
[285] call add(10717)
[279] return 10714
[280] return 10715
[281] return empty
[282] return empty
[283] return empty
[286] call add(10718)
[287] call remove
[288] call add(10719)
[289] call remove
[284] return
[285] return
[290] call add(10720)
[291] call add(10721)
[292] call remove
[286] return
[287] return 10717
[288] return
[289] return 10718
[290] return
[293] call add(10722)
[294] call remove
[295] call add(10723)
[296] call remove
[291] return
[292] return 10716
[297] call add(10724)
[298] call remove
[299] call remove
[293] return
[294] return 10721
[295] return
[296] return 10720
[297] return
[300] call add(10725)
[301] call remove
[302] call add(10726)
[303] call remove
[298] return 10719
[299] return 10722
[304] call remove
[305] call add(10727)
[306] call remove
[300] return
[301] return 10725
[302] return
[303] return 10724
[304] return 10723
[307] call add(10728)
[308] call remove
[309] call add(10729)
[310] call add(10730)
[305] return
[306] return 10726
[311] call remove
[312] call remove
[313] call remove
[307] return
[308] return 10727
[309] return
[310] return
[311] return 10730
[314] call remove
[315] call add(10731)
[316] call add(10732)
[317] call add(10733)
[312] return 10729
[313] return 10728
[318] call remove
[319] call remove
[320] call add(10734)
[314] return empty
[315] return
[316] return
[317] return
[318] return 10732
[321] call remove
[322] call add(10735)
[323] call add(10736)
[324] call add(10737)
[319] return 10733
[320] return
[325] call remove
[326] call remove
[327] call remove
[321] return 10731
[322] return
[323] return
[324] return
[325] return 10736
[328] call add(10738)
[329] call add(10739)
[330] call remove
[331] call remove
[326] return 10737
[327] return 10734
[332] call remove
[333] call remove
[334] call remove
[328] return
[329] return
[330] return 10735
[331] return 10739
[332] return 10738
[335] call remove
[336] call remove
[337] call add(10740)
[338] call remove
[333] return empty
[334] return empty
[339] call remove
[340] call add(10741)
[341] call add(10742)
[335] return empty
[336] return empty
[337] return
[338] return 10740
[339] return empty
[342] call remove
[343] call remove
[344] call remove
[345] call remove
[340] return
[341] return
[346] call add(10743)
[347] call remove
[348] call remove
[342] return 10741
[343] return 10742
[344] return empty
[345] return empty
[346] return
[349] call add(10744)
[350] call remove
[351] call add(10745)
[352] call add(10746)
[347] return 10743
[348] return empty
[353] call add(10747)
[354] call remove
[355] call remove
[349] return
[350] return 10744
[351] return
[352] return
[353] return
[356] call add(10748)
[357] call remove
[358] call add(10749)
[359] call add(10750)
[354] return 10745
[355] return 10746
[360] call remove
[361] call remove
[362] call remove
[356] return
[357] return 10747
[358] return
[359] return
[360] return 10749
[363] call remove
[364] call add(10751)
[365] call add(10752)
[366] call remove
[361] return 10748
[362] return 10750
[367] call remove
[368] call add(10753)
[369] call remove
[363] return empty
[364] return
[365] return
[366] return 10752
[367] return 10751
[370] call remove
[371] call add(10754)
[372] call add(10755)
[373] call add(10756)
[368] return
[369] return 10753
[374] call remove
[375] call remove
[376] call add(10757)
[370] return empty
[371] return
[372] return
[373] return
[374] return 10754
[377] call remove
[378] call add(10758)
[379] call add(10759)
[380] call remove
[375] return 10755
[376] return
[381] call add(10760)
[382] call add(10761)
[383] call add(10762)
[377] return 10756
[378] return
[379] return
[380] return 10759
[381] return
[384] call remove
[385] call add(10763)
[386] call remove
[387] call add(10764)
[382] return
[383] return
[388] call remove
[389] call add(10765)
[390] call remove
[384] return 10758
[385] return
[386] return 10757
[387] return
[388] return 10761
[391] call remove
[392] call add(10766)
[393] call remove
[394] call add(10767)
[389] return
[390] return 10764
[395] call remove
[396] call add(10768)
[397] call add(10769)
[391] return 10760
[392] return
[393] return 10763
[394] return
[395] return 10762
[398] call remove
[399] call add(10770)
[400] call remove
[401] call add(10771)
[396] return
[397] return
[402] call remove
[403] call add(10772)
[404] call add(10773)
[398] return 10766
[399] return
[400] return 10769
[401] return
[402] return 10765
[405] call add(10774)
[406] call add(10775)
[407] call add(10776)
[408] call add(10777)
[403] return
[404] return
[409] call add(10778)
[410] call add(10779)
[411] call remove
[405] return
[406] return
[407] return
[408] return
[409] return
[412] call remove
[413] call add(10780)
[414] call remove
[415] call add(10781)
[410] return
[411] return 10767
[416] call add(10782)
[417] call add(10783)
[418] call add(10784)
[412] return 10768
[413] return
[414] return 10771
[415] return
[416] return
[419] call remove
[420] call remove
[421] call add(10785)
[422] call add(10786)
[417] return
[418] return
[423] call remove
[424] call add(10787)
[425] call remove
[419] return 10777
[420] return 10772
[421] return
[422] return
[423] return 10770
[426] call remove
[427] call remove
[428] call remove
[429] call add(10788)
[424] return
[425] return 10776
[430] call remove
[431] call add(10789)
[432] call add(10790)
[426] return 10773
[427] return 10779
[428] return 10775
[429] return
[430] return 10774
[433] call remove
[434] call add(10791)
[435] call add(10792)
[436] call remove
[431] return
[432] return
[437] call add(10793)
[438] call add(10794)
[439] call remove
[433] return 10778
[434] return
[435] return
[436] return 10786
[437] return
[440] call remove
[441] call add(10795)
[442] call remove
[443] call add(10796)
[438] return
[439] return 10780
[444] call remove
[445] call remove
[446] call remove
[440] return 10782
[441] return
[442] return 10784
[443] return
[444] return 10788
[447] call remove
[448] call remove
[449] call remove
[450] call add(10797)
[445] return 10787
[446] return 10789
[451] call remove
[452] call remove
[453] call add(10798)
[447] return 10781
[448] return 10785
[449] return 10783
[450] return
[451] return 10797
[454] call remove
[455] call remove
[456] call add(10799)
[457] call add(10800)
[453] return
[458] call add(10801)
[452] return 10796
[456] return
[459] call remove
[454] return 10790
[455] return 10792
[460] call add(10802)
[457] return
[461] call add(10803)
[458] return
[462] call add(10804)
[463] call add(10805)
[464] call add(10806)
[459] return 10793
[465] call remove
[460] return
[461] return
[466] call remove
[467] call remove
[468] call remove
[462] return
[464] return
[469] call add(10807)
[465] return 10794
[463] return
[466] return 10791
[467] return 10795
[468] return 10801
[470] call remove
[471] call remove
[472] call add(10808)
[473] call add(10809)
[474] call remove
[475] call add(10810)
[469] return
[470] return 10802
[476] call remove
[471] return 10800
[472] return
[473] return
[474] return 10803
[475] return
[477] call add(10811)
[478] call add(10812)
[479] call add(10813)
[480] call add(10814)
[481] call remove
[482] call add(10815)
[476] return 10806
[477] return
[483] call add(10816)
[478] return
[479] return
[480] return
[481] return 10804
[482] return
[484] call remove
[485] call remove
[486] call add(10817)
[487] call remove
[488] call add(10818)
[489] call remove
[483] return
[484] return 10799
[490] call remove
[485] return 10798
[486] return
[487] return 10805
[488] return
[489] return 10815
[491] call add(10819)
[492] call remove
[493] call add(10820)
[494] call add(10821)
[495] call add(10822)
[496] call remove
[490] return 10807
[491] return
[497] call add(10823)
[492] return 10811
[493] return
[494] return
[495] return
[496] return 10810
[498] call remove
[499] call remove
[500] call add(10824)
[501] call add(10825)
[502] call remove
[503] call add(10826)
[497] return
[498] return 10812
[504] call remove
[499] return 10816
[500] return
[501] return
[502] return 10809
[503] return
[505] call remove
[506] call add(10827)
[507] call add(10828)
[508] call add(10829)
[509] call remove
[510] call remove
[504] return 10808
[505] return 10814
[511] call remove
[506] return
[507] return
[508] return
[509] return 10813
[510] return 10818
[512] call add(10830)
[513] call add(10831)
[514] call remove
[515] call remove
[516] call remove
[517] call remove
[511] return 10817
[512] return
[518] call remove
[513] return
[514] return 10822
[515] return 10825
[516] return 10826
[517] return 10820
[519] call add(10832)
[520] call add(10833)
[521] call add(10834)
[522] call remove
[523] call remove
[524] call add(10835)
[518] return 10823
[519] return
[525] call remove
[520] return
[521] return
[522] return 10821
[523] return 10819
[524] return
[526] call remove
[527] call add(10836)
[528] call add(10837)
[529] call remove
[530] call add(10838)
[531] call remove
[525] return 10824
[526] return 10833
[532] call remove
[527] return
[528] return
[529] return 10834
[530] return
[531] return 10828
[533] call add(10839)
[534] call add(10840)
[535] call remove
[536] call add(10841)
[537] call remove
[538] call add(10842)
[532] return 10835
[533] return
[539] call remove
[534] return
[535] return 10827
[536] return
[537] return 10829
[538] return
[540] call add(10843)
[541] call add(10844)
[542] call remove
[543] call remove
[544] call remove
[545] call add(10845)
[539] return 10831
[540] return
[546] call remove
[541] return
[542] return 10832
[543] return 10830
[544] return 10840
[545] return
[547] call remove
[548] call add(10846)
[549] call remove
[550] call add(10847)
[551] call add(10848)
[552] call add(10849)
[546] return 10842
[547] return 10841
[553] call remove
[548] return
[549] return 10836
[550] return
[551] return
[552] return
[554] call add(10850)
[555] call remove
[556] call remove
[557] call add(10851)
[558] call remove
[559] call add(10852)
[553] return 10843
[554] return
[560] call remove
[555] return 10837
[556] return 10844
[557] return
[558] return 10839
[559] return
[561] call remove
[562] call remove
[563] call remove
[564] call add(10853)
[565] call add(10854)
[566] call remove
[560] return 10838
[561] return 10846
[567] call remove
[562] return 10847
[563] return 10850
[564] return
[565] return
[568] call remove
[569] call remove
[570] call add(10855)
[571] call remove
[566] return 10849
[572] call add(10856)
[567] return 10848
[573] call add(10857)
[568] return 10845
[569] return 10851
[574] call add(10858)
[570] return
[571] return 10852
[572] return
[575] call add(10859)
[576] call add(10860)
[577] call add(10861)
[578] call remove
[573] return
[579] call remove
[574] return
[580] call remove
[575] return
[576] return
[581] call remove
[577] return
[578] return 10856
[579] return 10855
[582] call add(10862)
[583] call remove
[584] call remove
[585] call add(10863)
[580] return 10861
[586] call remove
[581] return 10854
[587] call add(10864)
[582] return
[583] return 10857
[588] call remove
[584] return 10858
[585] return
[586] return 10853
[589] call add(10865)
[590] call add(10866)
[591] call add(10867)
[592] call remove
[587] return
[593] call add(10868)
[588] return 10860
[594] call remove
[589] return
[590] return
[595] call add(10869)
[591] return
[592] return 10859
[593] return
[596] call add(10870)
[597] call add(10871)
[598] call remove
[599] call remove
[594] return 10864
[600] call remove
[595] return
[601] call remove
[596] return
[597] return
[602] call add(10872)
[598] return 10862
[599] return 10865
[600] return 10868
[603] call add(10873)
[604] call remove
[605] call remove
[606] call add(10874)
[601] return 10863
[607] call remove
[602] return
[608] call remove
[603] return
[604] return 10866
[609] call add(10875)
[605] return 10867
[606] return
[610] call add(10876)
[607] return 10871
[611] call remove
[612] call add(10877)
[613] call add(10878)
[614] call add(10879)
[609] return
[608] return 10869
[610] return
[611] return 10870
[612] return
[615] call remove
[616] call remove
[613] return
[617] call remove
[614] return
[618] call add(10880)
[619] call add(10881)
[620] call add(10882)
[621] call add(10883)
[615] return 10872
[616] return 10874
[617] return 10873
[618] return
[619] return
[622] call remove
[623] call add(10884)
[620] return
[624] call add(10885)
[621] return
[625] call remove
[626] call remove
[627] call add(10886)
[628] call remove
[622] return 10877
[623] return
[624] return
[625] return 10876
[626] return 10878
[629] call add(10887)
[630] call remove
[627] return
[631] call add(10888)
[628] return 10883
[632] call add(10889)
[633] call add(10890)
[634] call remove
[635] call add(10891)
[629] return
[630] return 10879
[631] return
[632] return
[633] return
[636] call remove
[637] call add(10892)
[634] return 10875
[638] call add(10893)
[635] return
[639] call remove
[640] call add(10894)
[641] call add(10895)
[642] call remove
[636] return 10880
[637] return
[638] return
[639] return 10881
[640] return
[643] call add(10896)
[644] call add(10897)
[641] return
[645] call add(10898)
[642] return 10882
[646] call add(10899)
[647] call add(10900)
[648] call add(10901)
[649] call remove
[643] return
[644] return
[645] return
[646] return
[647] return
[650] call remove
[651] call add(10902)
[648] return
[652] call add(10903)
[649] return 10885
[653] call add(10904)
[654] call remove
[655] call remove
[656] call add(10905)
[650] return 10893
[651] return
[652] return
[653] return
[656] return
[657] call remove
[658] call add(10906)
[655] return 10892
[659] call remove
[654] return 10890
[660] call remove
[661] call add(10907)
[662] call remove
[663] call add(10908)
[657] return 10884
[658] return
[659] return 10886
[660] return 10887
[661] return
[664] call remove
[665] call add(10909)
[662] return 10891
[666] call add(10910)
[663] return
[667] call remove
[668] call add(10911)
[669] call remove
[670] call add(10912)
[664] return 10889
[665] return
[666] return
[667] return 10888
[668] return
[671] call remove
[672] call remove
[669] return 10897
[673] call remove
[670] return
[674] call remove
[675] call add(10913)
[676] call remove
[677] call remove
[671] return 10902
[672] return 10898
[673] return 10899
[674] return 10901
[675] return
[678] call remove
[679] call remove
[676] return 10900
[680] call remove
[677] return 10895
[681] call remove
[682] call add(10914)
[683] call add(10915)
[684] call remove
[678] return 10903
[679] return 10896
[680] return 10894
[681] return 10910
[682] return
[685] call add(10916)
[686] call remove
[683] return
[687] call remove
[684] return 10913
[688] call add(10917)
[689] call add(10918)
[690] call add(10919)
[691] call add(10920)
[690] return
[689] return
[686] return 10905
[687] return 10912
[688] return
[685] return
[692] call remove
[693] call remove
[694] call remove
[691] return
[695] call remove
[696] call remove
[697] call remove
[698] call remove
[692] return 10908
[693] return 10911
[694] return 10906
[695] return 10907
[696] return 10904
[697] return 10909
[699] call remove
[700] call add(10921)
[701] call remove
[698] return 10917
[702] call remove
[703] call add(10922)
[704] call remove
[705] call add(10923)
[699] return 10914
[700] return
[701] return 10915
[702] return 10918
[703] return
[704] return 10919
[706] call remove
[707] call remove
[708] call remove
[705] return
[709] call add(10924)
[710] call remove
[711] call add(10925)
[712] call add(10926)
[706] return 10916
[707] return 10920
[708] return 10921
[709] return
[710] return 10923
[711] return
[713] call add(10927)
[714] call remove
[715] call remove
[712] return
[716] call add(10928)
[717] call add(10929)
[718] call remove
[719] call remove
[713] return
[714] return 10922
[715] return 10927
[716] return
[717] return
[718] return 10924
[720] call add(10930)
[721] call remove
[722] call remove
[719] return 10925
[723] call remove
[724] call remove
[725] call remove
[726] call remove
[720] return
[721] return 10926
[722] return 10930
[723] return 10929
[724] return 10928
[725] return empty
[727] call add(10931)
[728] call add(10932)
[729] call remove
[726] return empty
[730] call remove
[731] call add(10933)
[732] call remove
[733] call remove
[727] return
[728] return
[729] return 10932
[730] return 10931
[731] return
[732] return 10933
[734] call remove
[735] call add(10934)
[736] call add(10935)
[733] return empty
[737] call add(10936)
[738] call add(10937)
[739] call remove
[740] call add(10938)
[734] return empty
[735] return
[736] return
[737] return
[738] return
[739] return 10935
[741] call remove
[742] call add(10939)
[743] call remove
[740] return
[744] call remove
[745] call add(10940)
[746] call add(10941)
[747] call add(10942)
[741] return 10936
[742] return
[743] return 10934
[744] return 10937
[745] return
[746] return
[748] call add(10943)
[749] call remove
[750] call remove
[747] return
[751] call remove
[752] call add(10944)
[753] call remove
[754] call remove
[748] return
[749] return 10942
[750] return 10943
[751] return 10939
[752] return
[753] return 10938
[755] call add(10945)
[756] call add(10946)
[757] call add(10947)
[754] return 10941
[758] call remove
[759] call remove
[760] call remove
[761] call add(10948)
[755] return
[756] return
[757] return
[758] return 10940
[759] return 10945
[760] return 10944
[762] call add(10949)
[763] call remove
[764] call add(10950)
[761] return
[765] call remove
[766] call add(10951)
[767] call remove
[768] call add(10952)
[762] return
[763] return 10946
[764] return
[765] return 10947
[766] return
[767] return 10950
[769] call remove
[770] call remove
[771] call add(10953)
[768] return
[772] call add(10954)
[773] call remove
[774] call add(10955)
[775] call add(10956)
[769] return 10951
[770] return 10949
[771] return
[772] return
[773] return 10948
[774] return
[776] call add(10957)
[777] call add(10958)
[778] call remove
[775] return
[779] call add(10959)
[780] call remove
[781] call remove
[782] call add(10960)
[776] return
[777] return
[778] return 10955
[779] return
[780] return 10954
[781] return 10956
[783] call remove
[784] call remove
[785] call remove
[782] return
[786] call add(10961)
[787] call add(10962)
[788] call add(10963)
[789] call remove
[783] return 10957
[784] return 10952
[785] return 10953
[786] return
[787] return
[788] return
[790] call add(10964)
[791] call add(10965)
[792] call add(10966)
[789] return 10958
[793] call add(10967)
[794] call remove
[795] call add(10968)
[796] call add(10969)
[790] return
[791] return
[792] return
[793] return
[794] return 10959
[795] return
[797] call add(10970)
[798] call remove
[799] call remove
[796] return
[800] call remove
[801] call remove
[802] call add(10971)
[803] call remove
[797] return
[798] return 10967
[799] return 10962
[800] return 10961
[801] return 10965
[802] return
[804] call remove
[805] call add(10972)
[806] call add(10973)
[803] return 10966
[807] call add(10974)
[808] call add(10975)
[809] call remove
[810] call remove
[804] return 10960
[805] return
[806] return
[807] return
[808] return
[809] return 10963
[811] call remove
[812] call remove
[813] call add(10976)
[810] return 10964
[814] call add(10977)
[815] call add(10978)
[816] call add(10979)
[817] call remove
[811] return 10968
[812] return 10969
[813] return
[814] return
[815] return
[816] return
[818] call add(10980)
[819] call remove
[820] call add(10981)
[817] return 10975
[821] call remove
[822] call remove
[823] call remove
[824] call remove
[818] return
[819] return 10974
[820] return
[821] return 10970
[822] return 10972
[823] return 10971
[825] call remove
[826] call remove
[827] call add(10982)
[824] return 10973
[828] call remove
[829] call remove
[830] call add(10983)
[831] call add(10984)
[825] return 10979
[826] return 10977
[827] return
[828] return 10976
[831] return
[830] return
[832] call remove
[833] call add(10985)
[834] call remove
[829] return 10981
[835] call add(10986)
[836] call remove
[837] call add(10987)
[838] call remove
[835] return
[833] return
[832] return 10980
[834] return 10978
[836] return 10984
[839] call remove
[840] call add(10988)
[841] call remove
[842] call add(10989)
[838] return 10982
[837] return
[843] call add(10990)
[844] call add(10991)
[845] call add(10992)
[839] return 10986
[840] return
[841] return 10983
[842] return
[843] return
[845] return
[846] call remove
[847] call remove
[848] call add(10993)
[844] return
[846] return 10985
[849] call remove
[850] call add(10994)
[851] call add(10995)
[852] call remove
[853] call remove
[849] return 10988
[848] return
[847] return 10987
[854] call remove
[850] return
[851] return
[852] return 10990
[855] call remove
[856] call add(10996)
[857] call remove
[858] call remove
[859] call add(10997)
[853] return 10991
[854] return 10989
[855] return 10992
[860] call remove
[856] return
[861] call remove
[857] return 10993
[858] return 10995
[862] call remove
[863] call remove
[864] call add(10998)
[859] return
[865] call add(10999)
[860] return 10996
[861] return 10994
[864] return
[862] return 10997
[863] return empty
[866] call add(11000)
[867] call remove
[868] call remove
[869] call add(11001)
[865] return
[870] call remove
[871] call remove
[872] call add(11002)
[866] return
[867] return 11000
[868] return 10998
[869] return
[870] return 10999
[872] return
[873] call remove
[874] call add(11003)
[875] call remove
[876] call add(11004)
[871] return 11002
[877] call remove
[878] call remove
[879] call add(11005)
[873] return 11001
[874] return
[875] return 11003
[876] return
[877] return 11004
[878] return empty
[880] call remove
[881] call remove
[882] call remove
[883] call remove
[879] return
[884] call add(11006)
[885] call remove
[886] call add(11007)
[884] return
[881] return 11006
[882] return 11005
[883] return empty
[880] return empty
[885] return empty
[887] call remove
[888] call add(11008)
[889] call remove
[890] call add(11009)
[886] return
[891] call add(11010)
[892] call remove
[893] call remove
[887] return 11007
[888] return
[889] return 11008
[890] return
[891] return
[892] return 11009
[894] call remove
[895] call add(11011)
[896] call add(11012)
[897] call remove
[893] return 11010
[898] call add(11013)
[899] call remove
[900] call remove
[894] return empty
[895] return
[896] return
[897] return 11012
[898] return
[899] return 11011
[901] call add(11014)
[902] call remove
[903] call add(11015)
[904] call add(11016)
[900] return 11013
[905] call add(11017)
[906] call add(11018)
[907] call remove
[904] return
[901] return
[902] return 11016
[903] return
[908] call add(11019)
[905] return
[909] call add(11020)
[910] call remove
[911] call add(11021)
[906] return
[907] return 11014
[912] call add(11022)
[913] call add(11023)
[914] call remove
[908] return
[909] return
[914] return 11017
[910] return 11015
[915] call add(11024)
[916] call add(11025)
[911] return
[915] return
[917] call remove
[918] call remove
[912] return
[919] call add(11026)
[913] return
[920] call remove
[920] return 11018
[921] call add(11027)
[922] call add(11028)
[916] return
[923] call add(11029)
[923] return
[922] return
[924] call remove
[919] return
[918] return 11019
[925] call add(11030)
[926] call add(11031)
[921] return
[917] return 11020
[926] return
[927] call add(11032)
[928] call remove
[929] call remove
[925] return
[930] call add(11033)
[931] call remove
[932] call add(11034)
[928] return 11021
[930] return
[933] call add(11035)
[931] return 11028
[932] return
[927] return
[934] call remove
[924] return 11022
[935] call add(11036)
[936] call add(11037)
[934] return 11024
[937] call add(11038)
[929] return 11027
[938] call add(11039)
[935] return
[939] call add(11040)
[938] return
[937] return
[940] call add(11041)
[941] call add(11042)
[933] return
[942] call add(11043)
[941] return
[943] call add(11044)
[936] return
[944] call add(11045)
[945] call remove
[946] call add(11046)
[946] return
[940] return
[942] return
[947] call remove
[948] call remove
[944] return
[945] return 11029
[949] call add(11047)
[939] return
[950] call remove
[943] return
[949] return
[947] return 11025
[951] call add(11048)
[952] call add(11049)
[953] call remove
[948] return 11023
[954] call add(11050)
[955] call remove
[950] return 11031
[956] call add(11051)
[957] call add(11052)
[954] return
[952] return
[953] return 11026
[958] call remove
[956] return
[951] return
[955] return 11038
[959] call add(11053)
[960] call remove
[961] call add(11054)
[962] call remove
[963] call remove
[961] return
[957] return
[958] return 11037
[964] call remove
[965] call remove
[960] return 11036
[959] return
[966] call add(11055)
[967] call add(11056)
[963] return 11032
[962] return 11030
[968] call add(11057)
[964] return 11033
[965] return 11035
[969] call add(11058)
[970] call remove
[966] return
[971] call add(11059)
[972] call add(11060)
[967] return
[968] return
[973] call add(11061)
[974] call add(11062)
[969] return
[970] return 11039
[971] return
[975] call add(11063)
[972] return
[976] call remove
[977] call remove
[973] return
[978] call remove
[979] call remove
[974] return
[980] call remove
[975] return
[981] call add(11064)
[976] return 11042
[977] return 11034
[978] return 11044
[982] call remove
[983] call add(11065)
[979] return 11040
[984] call add(11066)
[985] call remove
[980] return 11051
[986] call remove
[987] call add(11067)
[981] return
[983] return
[982] return 11041
[984] return
[985] return 11045
[988] call add(11068)
[989] call remove
[990] call remove
[986] return 11043
[991] call add(11069)
[992] call remove
[987] return
[993] call add(11070)
[990] return 11047
[994] call add(11071)
[992] return 11046
[988] return
[989] return 11048
[995] call add(11072)
[996] call remove
[991] return
[993] return
[997] call remove
[998] call remove
[995] return
[999] call add(11073)
[996] return 11049
[994] return
[1000] call remove
[1001] call add(11074)
[1002] call remove
[999] return
[1003] call remove
[998] return 11054
[997] return 11056
[1004] call add(11075)
[1005] call remove
[1006] call add(11076)
[1001] return
[1000] return 11057
[1002] return 11055
[1003] return 11060
[1007] call remove
[1008] call remove
[1004] return
[1009] call remove
[1005] return 11053
[1010] call add(11077)
[1011] call add(11078)
[1012] call remove
[1006] return
[1007] return 11058
[1008] return 11050
[1009] return 11059
[1013] call remove
[1010] return
[1014] call remove
[1015] call remove
[1011] return
[1016] call remove
[1012] return 11052
[1017] call add(11079)
[1018] call add(11080)
[1019] call remove
[1013] return 11064
[1014] return 11065
[1015] return 11067
[1016] return 11066
[1020] call remove
[1017] return
[1021] call add(11081)
[1022] call add(11082)
[1018] return
[1023] call add(11083)
[1019] return 11063
[1024] call add(11084)
[1025] call add(11085)
[1026] call remove
[1020] return 11062
[1021] return
[1022] return
[1023] return
[1027] call add(11086)
[1024] return
[1028] call add(11087)
[1029] call remove
[1025] return
[1030] call remove
[1026] return 11068
[1031] call remove
[1032] call remove
[1033] call remove
[1027] return
[1028] return
[1029] return 11070
[1030] return 11061
[1034] call add(11088)
[1031] return 11069
[1035] call remove
[1036] call add(11089)
[1032] return 11071
[1037] call remove
[1033] return 11072
[1038] call add(11090)
[1039] call add(11091)
[1040] call add(11092)
[1034] return
[1035] return 11076
[1038] return
[1037] return 11078
[1041] call remove
[1042] call add(11093)
[1036] return
[1043] call remove
[1044] call add(11094)
[1039] return
[1040] return
[1041] return 11075
[1045] call remove
[1044] return
[1046] call remove
[1047] call add(11095)
[1048] call remove
[1043] return 11079
[1042] return
[1049] call remove
[1046] return 11073
[1047] return
[1050] call remove
[1051] call add(11096)
[1048] return 11080
[1045] return 11074
[1052] call add(11097)
[1053] call add(11098)
[1054] call remove
[1049] return 11077
[1055] call add(11099)
[1050] return 11087
[1051] return
[1056] call remove
[1052] return
[1053] return
[1057] call add(11100)
[1058] call add(11101)
[1054] return 11083
[1055] return
[1058] return
[1059] call add(11102)
[1060] call add(11103)
[1061] call remove
[1062] call add(11104)
[1061] return 11088
[1057] return
[1056] return 11084
[1063] call add(11105)
[1062] return
[1064] call add(11106)
[1065] call add(11107)
[1066] call add(11108)
[1059] return
[1060] return
[1067] call remove
[1068] call remove
[1063] return
[1067] return 11081
[1065] return
[1069] call add(11109)
[1070] call remove
[1064] return
[1071] call add(11110)
[1072] call add(11111)
[1066] return
[1068] return 11086
[1073] call add(11112)
[1074] call add(11113)
[1075] call remove
[1069] return
[1070] return 11089
[1071] return
[1072] return
[1076] call remove
[1077] call remove
[1073] return
[1078] call remove
[1079] call remove
[1074] return
[1075] return 11085
[1080] call remove
[1081] call remove
[1082] call remove
[1076] return 11090
[1083] call remove
[1078] return 11095
[1079] return 11097
[1081] return 11101
[1084] call add(11114)
[1077] return 11082
[1083] return 11098
[1085] call add(11115)
[1080] return 11092
[1086] call add(11116)
[1087] call add(11117)
[1088] call remove
[1084] return
[1082] return 11093
[1089] call add(11118)
[1090] call remove
[1089] return
[1087] return
[1091] call remove
[1088] return 11099
[1085] return
[1092] call remove
[1093] call add(11119)
[1094] call remove
[1095] call add(11120)
[1090] return 11091
[1096] call add(11121)
[1086] return
[1096] return
[1092] return 11094
[1091] return 11106
[1097] call add(11122)
[1095] return
[1093] return
[1098] call remove
[1097] return
[1099] call remove
[1094] return 11096
[1100] call remove
[1101] call remove
[1102] call add(11123)
[1103] call add(11124)
[1104] call add(11125)
[1098] return 11108
[1102] return
[1105] call remove
[1100] return 11110
[1101] return 11104
[1099] return 11102
[1103] return
[1106] call remove
[1104] return
[1107] call remove
[1108] call remove
[1109] call remove
[1110] call remove
[1111] call add(11126)
[1109] return 11109
[1106] return 11103
[1105] return 11107
[1107] return 11100
[1108] return 11105
[1112] call remove
[1113] call remove
[1110] return 11118
[1111] return
[1113] return 11115
[1114] call add(11127)
[1115] call add(11128)
[1116] call remove
[1117] call add(11129)
[1116] return 11112
[1118] call remove
[1119] call remove
[1120] call remove
[1112] return 11117
[1114] return
[1117] return
[1115] return
[1121] call remove
[1118] return 11114
[1119] return 11111
[1122] call add(11130)
[1123] call add(11131)
[1124] call add(11132)
[1125] call add(11133)
[1126] call remove
[1120] return 11113
[1123] return
[1121] return 11119
[1122] return
[1127] call remove
[1128] call remove
[1124] return
[1129] call remove
[1130] call remove
[1125] return
[1126] return 11121
[1128] return 11116
[1131] call remove
[1132] call remove
[1133] call remove
[1134] call remove
[1130] return 11131
[1127] return 11126
[1129] return 11125
[1135] call add(11134)
[1131] return 11127
[1132] return 11124
[1136] call remove
[1137] call remove
[1133] return 11122
[1134] return 11129
[1138] call add(11135)
[1139] call remove
[1140] call add(11136)
[1141] call add(11137)
[1135] return
[1136] return 11128
[1137] return 11120
[1142] call add(11138)
[1138] return
[1143] call add(11139)
[1144] call add(11140)
[1140] return
[1141] return
[1139] return 11123
[1145] call remove
[1142] return
[1146] call add(11141)
[1147] call remove
[1148] call remove
[1149] call remove
[1145] return 11138
[1143] return
[1150] call add(11142)
[1151] call add(11143)
[1150] return
[1144] return
[1152] call add(11144)
[1147] return 11130
[1146] return
[1148] return 11139
[1153] call remove
[1154] call add(11145)
[1149] return 11140
[1155] call remove
[1151] return
[1156] call remove
[1153] return 11135
[1157] call add(11146)
[1152] return
[1158] call add(11147)
[1159] call remove
[1154] return
[1155] return 11137
[1160] call add(11148)
[1156] return 11132
[1161] call add(11149)
[1157] return
[1162] call add(11150)
[1158] return
[1163] call add(11151)
[1159] return 11136
[1164] call add(11152)
[1160] return
[1165] call remove
[1166] call add(11153)
[1161] return
[1162] return
[1166] return
[1163] return
[1167] call add(11154)
[1164] return
[1168] call add(11155)
[1169] call remove
[1170] call remove
[1171] call add(11156)
[1165] return 11134
[1172] call remove
[1170] return 11133
[1173] call add(11157)
[1168] return
[1167] return
[1171] return
[1174] call add(11158)
[1169] return 11148
[1172] return 11147
[1175] call remove
[1176] call add(11159)
[1177] call remove
[1178] call remove
[1173] return
[1179] call add(11160)
[1174] return
[1180] call add(11161)
[1175] return 11150
[1176] return
[1177] return 11142
[1181] call add(11162)
[1178] return 11144
[1179] return
[1182] call add(11163)
[1183] call add(11164)
[1184] call remove
[1185] call remove
[1180] return
[1186] call add(11165)
[1181] return
[1187] call add(11166)
[1182] return
[1183] return
[1184] return 11143
[1188] call remove
[1185] return 11145
[1186] return
[1189] call remove
[1190] call remove
[1191] call remove
[1192] call add(11167)
[1187] return
[1193] call remove
[1188] return 11146
[1194] call add(11168)
[1189] return 11149
[1190] return 11141
[1191] return 11153
[1195] call add(11169)
[1192] return
[1193] return 11160
[1196] call add(11170)
[1197] call remove
[1198] call remove
[1199] call add(11171)
[1194] return
[1200] call add(11172)
[1195] return
[1201] call add(11173)
[1196] return
[1197] return 11158
[1198] return 11159
[1202] call remove
[1199] return
[1200] return
[1203] call remove
[1204] call add(11174)
[1205] call remove
[1206] call add(11175)
[1201] return
[1207] call add(11176)
[1202] return 11151
[1208] call add(11177)
[1203] return 11157
[1204] return
[1205] return 11154
[1209] call add(11178)
[1206] return
[1207] return
[1210] call remove
[1211] call add(11179)
[1212] call remove
[1213] call remove
[1208] return
[1214] call add(11180)
[1209] return
[1215] call add(11181)
[1210] return 11156
[1211] return
[1212] return 11155
[1216] call remove
[1213] return 11152
[1214] return
[1217] call remove
[1218] call add(11182)
[1219] call add(11183)
[1215] return
[1220] call remove
[1221] call remove
[1217] return 11167
[1216] return 11169
[1222] call remove
[1218] return
[1221] return 11162
[1223] call add(11184)
[1219] return
[1220] return 11168
[1224] call add(11185)
[1225] call remove
[1226] call remove
[1227] call add(11186)
[1222] return 11170
[1228] call add(11187)
[1223] return
[1229] call remove
[1224] return
[1225] return 11166
[1230] call add(11188)
[1226] return 11161
[1227] return
[1228] return
[1231] call remove
[1232] call remove
[1233] call add(11189)
[1234] call add(11190)
[1229] return 11163
[1235] call remove
[1230] return
[1236] call add(11191)
[1231] return 11165
[1232] return 11164
[1237] call add(11192)
[1233] return
[1234] return
[1235] return 11176
[1238] call remove
[1239] call add(11193)
[1240] call add(11194)
[1241] call remove
[1236] return
[1242] call add(11195)
[1237] return
[1240] return
[1238] return 11178
[1239] return
[1243] call remove
[1244] call add(11196)
[1245] call remove
[1241] return 11172
[1242] return
[1246] call remove
[1247] call add(11197)
[1248] call add(11198)
[1249] call remove
[1243] return 11175
[1244] return
[1245] return 11180
[1246] return 11174
[1247] return
[1250] call remove
[1251] call add(11199)
[1252] call add(11200)
[1248] return
[1249] return 11177
[1253] call remove
[1254] call remove
[1255] call remove
[1252] return
[1250] return 11179
[1254] return 11173
[1256] call add(11201)
[1257] call remove
[1253] return 11171
[1251] return
[1258] call remove
[1259] call remove
[1255] return 11185
[1260] call remove
[1261] call add(11202)
[1256] return
[1262] call remove
[1257] return 11183
[1258] return 11186
[1259] return 11182
[1263] call remove
[1264] call remove
[1260] return 11187
[1261] return
[1265] call remove
[1266] call remove
[1262] return 11188
[1267] call add(11203)
[1268] call add(11204)
[1263] return 11189
[1269] call remove
[1264] return 11184
[1265] return 11181
[1266] return 11190
[1270] call add(11205)
[1271] call remove
[1267] return
[1268] return
[1272] call remove
[1273] call remove
[1269] return 11192
[1274] call add(11206)
[1275] call remove
[1270] return
[1276] call remove
[1271] return 11193
[1272] return 11195
[1273] return 11196
[1277] call remove
[1278] call remove
[1274] return
[1275] return 11197
[1279] call add(11207)
[1280] call remove
[1276] return 11199
[1281] call add(11208)
[1282] call remove
[1277] return 11198
[1283] call add(11209)
[1278] return 11200
[1279] return
[1280] return 11191
[1284] call add(11210)
[1285] call add(11211)
[1281] return
[1282] return 11194
[1286] call remove
[1287] call add(11212)
[1283] return
[1288] call add(11213)
[1289] call remove
[1284] return
[1290] call add(11214)
[1285] return
[1286] return 11208
[1287] return
[1291] call add(11215)
[1292] call remove
[1290] return
[1289] return 11202
[1293] call add(11216)
[1294] call add(11217)
[1288] return
[1295] call remove
[1296] call remove
[1291] return
[1297] call add(11218)
[1292] return 11209
[1293] return
[1294] return
[1298] call remove
[1299] call add(11219)
[1295] return 11210
[1296] return 11203
[1300] call add(11220)
[1301] call add(11221)
[1297] return
[1302] call remove
[1303] call remove
[1298] return 11205
[1304] call remove
[1299] return
[1305] call add(11222)
[1301] return
[1306] call add(11223)
[1300] return
[1302] return 11206
[1303] return 11207
[1304] return 11201
[1306] return
[1305] return
