# @object atomic-queue
[1] call remove
[2] call add(12490)
[3] call add(12491)
[4] call remove
[5] call remove
[6] call add(12492)
[7] call add(12493)
[5] return 12490
[1] return empty
[2] return
[3] return
[4] return 12491
[8] call add(12494)
[6] return
[9] call remove
[10] call remove
[11] call add(12495)
[12] call add(12496)
[7] return
[13] call add(12497)
[14] call remove
[8] return
[9] return 12492
[10] return 12493
[11] return
[12] return
[15] call remove
[13] return
[16] call remove
[17] call remove
[18] call add(12498)
[19] call add(12499)
[14] return 12494
[20] call remove
[21] call add(12500)
[15] return 12497
[16] return 12496
[17] return 12495
[18] return
[19] return
[22] call remove
[20] return 12498
[23] call add(12501)
[24] call remove
[25] call add(12502)
[26] call add(12503)
[21] return
[27] call add(12504)
[28] call add(12505)
[22] return 12499
[23] return
[24] return 12501
[25] return
[26] return
[29] call remove
[30] call add(12506)
[27] return
[31] call add(12507)
[32] call add(12508)
[33] call remove
[34] call remove
[28] return
[29] return 12500
[30] return
[31] return
[32] return
[35] call add(12509)
[33] return 12502
[36] call remove
[37] call remove
[34] return 12505
[38] call remove
[39] call remove
[40] call add(12510)
[41] call add(12511)
[35] return
[36] return 12508
[37] return 12504
[38] return 12506
[39] return 12503
[42] call remove
[40] return
[43] call remove
[44] call remove
[41] return
[45] call add(12512)
[46] call remove
[47] call add(12513)
[48] call add(12514)
[42] return 12507
[43] return 12510
[44] return 12509
[45] return
[46] return 12511
[49] call remove
[47] return
[50] call remove
[51] call add(12515)
[48] return
[52] call remove
[53] call remove
[54] call remove
[55] call add(12516)
[49] return 12513
[50] return 12514
[51] return
[52] return 12512
[53] return 12515
[56] call remove
[54] return empty
[57] call remove
[58] call remove
[55] return
[59] call add(12517)
[60] call remove
[61] call add(12518)
[62] call remove
[56] return 12516
[57] return empty
[58] return empty
[59] return
[60] return 12517
[63] call remove
[61] return
[64] call add(12519)
[65] call add(12520)
[62] return 12518
[66] call remove
[67] call add(12521)
[68] call add(12522)
[69] call add(12523)
[63] return empty
[64] return
[65] return
[66] return 12520
[67] return
[70] call remove
[68] return
[71] call remove
[72] call add(12524)
[69] return
[73] call add(12525)
[74] call remove
[75] call add(12526)
[76] call add(12527)
[70] return 12519
[71] return 12521
[72] return
[73] return
[74] return 12522
[77] call remove
[75] return
[78] call remove
[79] call remove
[76] return
[80] call remove
[81] call remove
[82] call add(12528)
[83] call remove
[77] return 12523
[78] return 12524
[79] return 12525
[80] return 12526
[81] return 12527
[84] call add(12529)
[82] return
[85] call add(12530)
[86] call add(12531)
[83] return 12528
[87] call add(12532)
[88] call remove
[89] call add(12533)
[90] call remove
[84] return
[85] return
[86] return
[87] return
[88] return 12530
[91] call add(12534)
[89] return
[92] call remove
[93] call remove
[90] return 12531
[94] call remove
[95] call remove
[96] call add(12535)
[97] call add(12536)
[91] return
[92] return 12532
[93] return 12529
[94] return 12534
[95] return 12533
[98] call add(12537)
[96] return
[99] call add(12538)
[100] call remove
[97] return
[101] call remove
[102] call remove
[103] call add(12539)
[104] call remove
[98] return
[99] return
[100] return 12538
[101] return 12536
[102] return 12535
[105] call remove
[103] return
[106] call remove
[107] call remove
[104] return 12537
[108] call add(12540)
[109] call remove
[110] call add(12541)
[111] call add(12542)
[105] return 12539
[106] return empty
[107] return empty
[108] return
[109] return 12540
[112] call add(12543)
[110] return
[113] call remove
[114] call add(12544)
[111] return
[115] call remove
[116] call add(12545)
[117] call remove
[118] call remove
[112] return
[113] return 12542
[114] return
[115] return 12543
[116] return
[119] call add(12546)
[117] return 12541
[120] call remove
[121] call add(12547)
[118] return 12544
[122] call remove
[123] call remove
[124] call add(12548)
[125] call remove
[119] return
[120] return 12545
[121] return
[122] return 12546
[123] return 12547
[126] call add(12549)
[124] return
[127] call remove
[128] call add(12550)
[125] return 12548
[129] call add(12551)
[130] call remove
[131] call remove
[132] call remove
[126] return
[127] return 12549
[128] return
[129] return
[130] return 12551
[133] call remove
[134] call remove
[132] return empty
[135] call remove
[136] call remove
[131] return 12550
[137] call remove
[133] return empty
[138] call add(12552)
[139] call remove
[140] call remove
[134] return empty
[136] return empty
[137] return empty
[135] return empty
[138] return
[141] call add(12553)
[142] call remove
[139] return 12552
[143] call remove
[140] return empty
[144] call remove
[145] call remove
[146] call remove
[147] call remove
[141] return
[142] return 12553
[143] return empty
[144] return empty
[145] return empty
[148] call add(12554)
[149] call add(12555)
[150] call remove
[146] return empty
[147] return empty
[151] call add(12556)
[152] call remove
[153] call remove
[150] return 12555
[148] return
[149] return
[154] call add(12557)
[155] call add(12558)
[156] call add(12559)
[151] return
[157] call remove
[152] return 12554
[153] return 12556
[155] return
[158] call remove
[159] call add(12560)
[154] return
[160] call add(12561)
[161] call remove
[156] return
[162] call add(12562)
[157] return 12559
[158] return 12558
[163] call remove
[159] return
[160] return
[164] call add(12563)
[161] return 12557
[165] call add(12564)
[162] return
[166] call remove
[167] call add(12565)
[168] call add(12566)
[163] return 12561
[165] return
[169] call remove
[164] return
[170] call remove
[171] call add(12567)
[166] return 12560
[172] call remove
[167] return
[168] return
[169] return 12562
[173] call add(12568)
[174] call add(12569)
[175] call add(12570)
[171] return
[174] return
[172] return 12566
[170] return 12564
[176] call add(12571)
[177] call remove
[178] call remove
[173] return
[179] call remove
[180] call remove
[175] return
[181] call remove
[182] call remove
[176] return
[177] return 12563
[178] return 12565
[179] return 12568
[180] return 12567
[183] call remove
[184] call add(12572)
[185] call remove
[181] return 12571
[186] call add(12573)
[187] call remove
[182] return 12569
[183] return 12570
[188] call remove
[189] call remove
[184] return
[190] call remove
[186] return
[187] return 12572
[185] return 12573
[191] call remove
[188] return empty
[192] call add(12574)
[193] call remove
[189] return empty
[194] call add(12575)
[190] return empty
[195] call remove
[196] call add(12576)
[191] return empty
[197] call add(12577)
[193] return 12574
[192] return
[194] return
[198] call add(12578)
[195] return 12575
[199] call remove
[200] call add(12579)
[196] return
[201] call remove
[197] return
[202] call add(12580)
[203] call remove
[198] return
[204] call remove
[199] return 12576
[200] return
[201] return 12578
[205] call remove
[202] return
[206] call remove
[207] call remove
[203] return 12577
[208] call remove
[204] return 12580
[209] call remove
[210] call add(12581)
[205] return 12579
[211] call add(12582)
[206] return empty
[207] return empty
[208] return empty
[212] call add(12583)
[209] return empty
[213] call remove
[214] call add(12584)
[210] return
[215] call remove
[211] return
[216] call add(12585)
[217] call remove
[212] return
[218] call remove
[213] return 12583
[214] return
[215] return 12581
[219] call add(12586)
[216] return
[220] call add(12587)
[221] call remove
[217] return 12582
[222] call add(12588)
[218] return 12585
[223] call add(12589)
[224] call remove
[219] return
[225] call remove
[220] return
[221] return 12584
[222] return
[226] call remove
[223] return
[227] call add(12590)
[228] call add(12591)
[224] return 12587
[229] call add(12592)
[225] return 12586
[230] call remove
[231] call add(12593)
[226] return 12588
[232] call remove
[227] return
[228] return
[229] return
[233] call add(12594)
[230] return 12589
[234] call add(12595)
[235] call remove
[231] return
[236] call remove
[232] return 12590
[233] return
[237] call remove
[234] return
[238] call add(12596)
[239] call remove
[240] call remove
[241] call remove
[235] return 12591
[236] return 12592
[237] return 12593
[242] call remove
[238] return
[243] call add(12597)
[239] return 12594
[244] call add(12598)
[240] return 12595
[241] return 12596
[245] call add(12599)
[246] call remove
[247] call remove
[248] call remove
[242] return empty
[243] return
[244] return
[249] call remove
[245] return
[250] call remove
[246] return 12597
[251] call remove
[247] return 12598
[248] return 12599
[252] call remove
[253] call remove
[254] call remove
[255] call remove
[249] return empty
[250] return empty
[251] return empty
[256] call add(12600)
[252] return empty
[257] call remove
[253] return empty
[258] call remove
[254] return empty
[255] return empty
[259] call add(12601)
[260] call add(12602)
[261] call add(12603)
[262] call remove
[256] return
[257] return 12600
[258] return empty
[263] call remove
[259] return
[264] call remove
[260] return
[265] call remove
[261] return
[262] return 12602
[266] call add(12604)
[267] call add(12605)
[268] call add(12606)
[269] call remove
[263] return 12603
[264] return 12601
[265] return empty
[270] call add(12607)
[266] return
[271] call remove
[267] return
[272] call add(12608)
[268] return
[269] return 12606
[273] call add(12609)
[274] call add(12610)
[275] call remove
[276] call add(12611)
[270] return
[271] return 12605
[272] return
[277] call remove
[273] return
[278] call remove
[274] return
[279] call remove
[275] return 12604
[276] return
[280] call remove
[281] call remove
[282] call add(12612)
[283] call add(12613)
[277] return 12611
[278] return 12607
[279] return 12608
[284] call add(12614)
[280] return 12609
[285] call remove
[281] return 12610
[286] call remove
[282] return
[283] return
[287] call remove
[288] call add(12615)
[289] call remove
[290] call add(12616)
[284] return
[285] return 12612
[286] return 12614
[291] call add(12617)
[287] return 12613
[292] call remove
[288] return
[293] call add(12618)
[289] return 12615
[290] return
[294] call remove
[295] call add(12619)
[296] call remove
[297] call remove
[291] return
[292] return 12616
[293] return
[298] call add(12620)
[297] return 12617
[299] call add(12621)
[295] return
[300] call add(12622)
[296] return 12618
[294] return 12619
[301] call remove
[302] call remove
[303] call add(12623)
[304] call add(12624)
[298] return
[299] return
[300] return
[305] call remove
[301] return 12621
[306] call remove
[302] return 12622
[307] call add(12625)
[303] return
[304] return
[308] call add(12626)
[309] call add(12627)
[310] call remove
[311] call add(12628)
[305] return 12620
[306] return 12623
[307] return
[312] call remove
[308] return
[313] call remove
[309] return
[314] call add(12629)
[310] return 12624
[311] return
[315] call add(12630)
[316] call remove
[317] call add(12631)
[318] call add(12632)
[312] return 12626
[313] return 12628
[314] return
[319] call remove
[315] return
[320] call remove
[316] return 12627
[321] call remove
[317] return
[318] return
[322] call remove
[323] call remove
[324] call remove
[325] call add(12633)
[319] return 12625
[320] return 12630
[321] return 12632
[326] call remove
[322] return 12629
[327] call add(12634)
[323] return 12631
[328] call remove
[324] return empty
[325] return
[329] call remove
[330] call add(12635)
[331] call add(12636)
[332] call remove
[326] return 12633
[327] return
[328] return 12634
[333] call add(12637)
[329] return empty
[334] call add(12638)
[330] return
[335] call add(12639)
[331] return
[332] return 12635
[336] call remove
[337] call add(12640)
[338] call remove
[339] call remove
[333] return
[334] return
[335] return
[340] call add(12641)
[336] return 12636
[341] call remove
[337] return
[342] call remove
[338] return 12638
[339] return 12640
[343] call remove
[344] call add(12642)
[345] call remove
[346] call add(12643)
[340] return
[341] return 12639
[342] return 12637
[347] call add(12644)
[343] return 12641
[348] call remove
[344] return
[349] call add(12645)
[345] return 12642
[346] return
[350] call add(12646)
[351] call add(12647)
[352] call remove
[353] call add(12648)
[347] return
[348] return 12644
[349] return
[354] call remove
[350] return
[355] call remove
[351] return
[356] call add(12649)
[352] return 12643
[353] return
[357] call add(12650)
[358] call add(12651)
[359] call add(12652)
[360] call remove
[354] return 12648
[355] return 12646
[356] return
[361] call add(12653)
[357] return
[362] call add(12654)
[358] return
[363] call add(12655)
[359] return
[360] return 12645
[364] call remove
[365] call add(12656)
[366] call remove
[367] call remove
[361] return
[362] return
[363] return
[368] call add(12657)
[364] return 12647
[369] call remove
[365] return
[370] call add(12658)
[366] return 12653
[367] return 12654
[371] call remove
[372] call add(12659)
[373] call remove
[374] call add(12660)
[368] return
[369] return 12650
[370] return
[375] call remove
[371] return 12649
[376] call remove
[372] return
[377] call remove
[373] return 12655
[374] return
[378] call remove
[379] call remove
[380] call add(12661)
[381] call remove
[375] return 12656
[376] return 12652
[377] return 12651
[382] call add(12662)
[378] return 12657
[383] call remove
[379] return 12660
[384] call remove
[380] return
[381] return 12659
[385] call add(12663)
[386] call remove
[387] call remove
[388] call remove
[382] return
[383] return 12658
[384] return 12662
[389] call add(12664)
[385] return
[390] call remove
[386] return 12661
[391] call add(12665)
[387] return 12663
[388] return empty
[392] call add(12666)
[393] call remove
[394] call remove
[395] call remove
[389] return
[390] return 12664
[391] return
[396] call remove
[392] return
[397] call remove
[393] return 12665
[398] call add(12667)
[394] return 12666
[395] return empty
[399] call remove
[400] call remove
[401] call remove
[402] call add(12668)
[396] return empty
[397] return empty
[398] return
[403] call add(12669)
[399] return 12667
[404] call add(12670)
[400] return empty
[405] call add(12671)
[401] return empty
[402] return
[406] call add(12672)
[407] call remove
[408] call add(12673)
[409] call add(12674)
[403] return
[404] return
[405] return
[410] call remove
[406] return
[411] call add(12675)
[407] return 12672
[412] call remove
[408] return
[409] return
[413] call remove
[414] call remove
[415] call remove
[416] call add(12676)
[410] return 12668
[411] return
[412] return 12671
[417] call add(12677)
[413] return 12669
[418] call add(12678)
[414] return 12670
[419] call remove
[415] return 12674
[416] return
[420] call add(12679)
[421] call add(12680)
[422] call remove
[423] call remove
[417] return
[418] return
[419] return 12675
[424] call remove
[420] return
[425] call add(12681)
[421] return
[426] call remove
[422] return 12673
[423] return 12679
[427] call remove
[428] call add(12682)
[429] call remove
[430] call remove
[424] return 12680
[425] return
[426] return 12676
[431] call add(12683)
[427] return 12677
[432] call add(12684)
[428] return
[433] call remove
[429] return 12678
[430] return 12682
[434] call add(12685)
[435] call remove
[436] call remove
[437] call remove
[431] return
[432] return
[433] return 12681
[438] call remove
[434] return
[439] call remove
[435] return 12684
[440] call remove
[436] return 12683
[437] return 12685
[441] call remove
[442] call add(12686)
[443] call remove
[444] call add(12687)
[438] return empty
[439] return empty
[440] return empty
[445] call add(12688)
[441] return empty
[446] call remove
[442] return
[447] call remove
[443] return 12686
[444] return
[448] call remove
[449] call remove
[450] call remove
[451] call add(12689)
[445] return
[446] return 12687
[447] return 12688
[452] call remove
[448] return empty
[453] call remove
[449] return empty
[454] call remove
[450] return empty
[451] return
[455] call remove
[456] call remove
[457] call add(12690)
[458] call remove
[452] return 12689
[457] return
[454] return empty
[453] return empty
[459] call add(12691)
[460] call add(12692)
[455] return 12690
[461] call remove
[462] call add(12693)
[456] return empty
[458] return empty
[459] return
[463] call remove
[460] return
[461] return 12692
[462] return
[464] call remove
[465] call add(12694)
[466] call add(12695)
[467] call add(12696)
[468] call remove
[469] call remove
[463] return 12691
[470] call add(12697)
[464] return 12693
[465] return
[467] return
[466] return
[468] return 12696
[469] return 12695
[471] call remove
[470] return
[472] call remove
[473] call remove
[474] call remove
[475] call remove
[476] call add(12698)
[477] call remove
[471] return 12694
[472] return 12697
[473] return empty
[474] return empty
[475] return empty
[476] return
[478] call remove
[477] return 12698
[479] call add(12699)
[480] call add(12700)
[481] call remove
[482] call add(12701)
[483] call remove
[484] call remove
[478] return empty
[479] return
[480] return
[481] return 12700
[482] return
[483] return 12699
[485] call add(12702)
[484] return 12701
[486] call remove
[487] call add(12703)
[488] call add(12704)
[489] call add(12705)
[490] call add(12706)
[491] call add(12707)
[485] return
[486] return 12702
[487] return
[488] return
[489] return
[490] return
[492] call add(12708)
[491] return
[493] call add(12709)
[494] call add(12710)
[495] call add(12711)
[496] call add(12712)
[497] call remove
[498] call remove
[492] return
[493] return
[498] return 12706
[495] return
[499] call add(12713)
[497] return 12705
[500] call add(12714)
[494] return
[499] return
[496] return
[501] call add(12715)
[502] call remove
[503] call add(12716)
[504] call add(12717)
[505] call add(12718)
[500] return
[506] call add(12719)
[503] return
[502] return 12711
[507] call add(12720)
[504] return
[501] return
[505] return
[508] call remove
[509] call remove
[510] call add(12721)
[506] return
[511] call add(12722)
[512] call remove
[507] return
[513] call add(12723)
[508] return 12707
[509] return 12708
[514] call add(12724)
[510] return
[511] return
[512] return 12710
[515] call add(12725)
[516] call remove
[517] call remove
[513] return
[518] call remove
[519] call remove
[514] return
[520] call remove
[515] return
[516] return 12712
[521] call remove
[517] return 12709
[518] return 12703
[519] return 12704
[522] call add(12726)
[523] call remove
[524] call remove
[520] return 12717
[525] call remove
[526] call remove
[521] return 12715
[527] call add(12727)
[522] return
[523] return 12714
[528] call add(12728)
[524] return 12719
[525] return 12716
[526] return 12722
[529] call add(12729)
[530] call remove
[531] call add(12730)
[527] return
[532] call add(12731)
[533] call remove
[528] return
[534] call remove
[529] return
[530] return 12720
[535] call remove
[531] return
[532] return
[533] return 12721
[536] call add(12732)
[537] call add(12733)
[538] call remove
[534] return 12718
[539] call add(12734)
[540] call add(12735)
[535] return 12713
[541] call remove
[536] return
[537] return
[542] call remove
[538] return 12727
[539] return
[540] return
[543] call add(12736)
[544] call add(12737)
[545] call remove
[541] return 12728
[546] call remove
[547] call remove
[542] return 12724
[548] call remove
[543] return
[544] return
[549] call add(12738)
[545] return 12732
[550] call remove
[547] return 12726
[551] call add(12739)
[552] call remove
[546] return 12729
[548] return 12725
[553] call add(12740)
[549] return
[554] call add(12741)
[555] call remove
[550] return 12731
[556] call add(12742)
[552] return 12723
[557] call add(12743)
[551] return
[553] return
[558] call remove
[554] return
[555] return 12730
[559] call add(12744)
[560] call remove
[556] return
[557] return
[561] call remove
[562] call add(12745)
[563] call remove
[558] return 12739
[564] call remove
[559] return
[560] return 12742
[565] call add(12746)
[561] return 12733
[562] return
[566] call remove
[567] call add(12747)
[563] return 12735
[564] return 12740
[568] call remove
[569] call remove
[570] call add(12748)
[565] return
[571] call add(12749)
[566] return 12736
[567] return
[572] call remove
[568] return 12738
[569] return 12741
[573] call remove
[574] call add(12750)
[570] return
[571] return
[575] call remove
[576] call remove
[577] call add(12751)
[572] return 12737
[578] call add(12752)
[573] return 12734
[574] return
[579] call add(12753)
[575] return 12746
[576] return 12744
[580] call add(12754)
[581] call add(12755)
[577] return
[578] return
[582] call add(12756)
[583] call add(12757)
[584] call add(12758)
[579] return
[585] call add(12759)
[580] return
[581] return
[586] call remove
[582] return
[583] return
[587] call add(12760)
[588] call remove
[584] return
[585] return
[589] call add(12761)
[590] call add(12762)
[591] call remove
[586] return 12745
[592] call add(12763)
[587] return
[588] return 12747
[593] call remove
[589] return
[590] return
[594] call remove
[595] call add(12764)
[591] return 12750
[592] return
[596] call add(12765)
[597] call add(12766)
[598] call remove
[593] return 12748
[599] call remove
[594] return 12743
[595] return
[600] call add(12767)
[596] return
[597] return
[601] call add(12768)
[602] call remove
[598] return 12749
[599] return 12760
[603] call add(12769)
[604] call remove
[605] call add(12770)
[600] return
[606] call add(12771)
[601] return
[602] return 12759
[607] call add(12772)
[603] return
[604] return 12758
[608] call add(12773)
[609] call remove
[605] return
[606] return
[610] call remove
[611] call remove
[612] call add(12774)
[607] return
[613] call remove
[608] return
[609] return 12753
[614] call add(12775)
[610] return 12751
[611] return 12756
[615] call remove
[616] call add(12776)
[612] return
[613] return 12754
[617] call add(12777)
[618] call add(12778)
[619] call add(12779)
[614] return
[620] call add(12780)
[615] return 12755
[616] return
[621] call remove
[617] return
[618] return
[622] call remove
[623] call add(12781)
[619] return
[620] return
[624] call add(12782)
[625] call remove
[626] call remove
[621] return 12757
[627] call remove
[622] return 12752
[627] return 12764
[623] return
[628] call remove
[629] call add(12783)
[630] call add(12784)
[625] return 12765
[624] return
[631] call add(12785)
[626] return 12768
[632] call remove
[633] call add(12786)
[634] call add(12787)
[629] return
[628] return 12770
[632] return 12763
[635] call remove
[630] return
[636] call remove
[631] return
[637] call remove
[633] return
[638] call add(12788)
[634] return
[639] call remove
[635] return 12769
[640] call add(12789)
[641] call remove
[636] return 12762
[642] call remove
[637] return 12766
[638] return
[643] call add(12790)
[639] return 12761
[644] call remove
[640] return
[645] call remove
[641] return 12767
[646] call remove
[642] return 12777
[647] call add(12791)
[648] call remove
[643] return
[649] call add(12792)
[644] return 12771
[645] return 12772
[650] call remove
[646] return 12773
[651] call remove
[647] return
[652] call remove
[648] return 12774
[653] call remove
[649] return
[654] call add(12793)
[655] call add(12794)
[650] return 12775
[656] call remove
[651] return 12778
[652] return 12776
[657] call remove
[653] return 12779
[658] call remove
[654] return
[659] call add(12795)
[655] return
[660] call add(12796)
[656] return 12780
[661] call remove
[662] call remove
[657] return 12783
[663] call add(12797)
[658] return 12785
[659] return
[664] call add(12798)
[660] return
[665] call remove
[661] return 12782
[666] call remove
[662] return 12781
[667] call add(12799)
[663] return
[668] call add(12800)
[669] call remove
[664] return
[670] call remove
[665] return 12790
[666] return 12788
[671] call remove
[667] return
[672] call add(12801)
[668] return
[673] call add(12802)
[669] return 12786
[674] call remove
[670] return 12784
[675] call add(12803)
[676] call add(12804)
[671] return 12789
[677] call remove
[672] return
[673] return
[678] call add(12805)
[674] return 12787
[679] call remove
[675] return
[680] call add(12806)
[676] return
[681] call add(12807)
[677] return 12793
[682] call remove
[683] call add(12808)
[678] return
[684] call add(12809)
[679] return 12795
[680] return
[685] call add(12810)
[681] return
[686] call add(12811)
[684] return
[687] call remove
[683] return
[688] call remove
[682] return 12794
[689] call add(12812)
[690] call remove
[685] return
[691] call remove
[688] return 12800
[686] return
[689] return
[687] return 12792
[692] call remove
[690] return 12798
[693] call add(12813)
[694] call add(12814)
[695] call add(12815)
[696] call remove
[697] call add(12816)
[691] return 12796
[692] return 12791
[698] call remove
[693] return
[694] return
[695] return
[699] call add(12817)
[696] return 12797
[697] return
[700] call remove
[701] call remove
[702] call add(12818)
[703] call add(12819)
[704] call remove
[698] return 12799
[699] return
[705] call remove
[700] return 12806
[701] return 12802
[702] return
[706] call remove
[703] return
[704] return 12808
[707] call add(12820)
[708] call add(12821)
[709] call remove
[710] call remove
[711] call remove
[705] return 12807
[706] return 12809
[712] call add(12822)
[707] return
[708] return
[709] return 12805
[713] call remove
[710] return 12810
[711] return 12804
[714] call add(12823)
[715] call remove
[716] call add(12824)
[717] call remove
[718] call remove
[712] return
[713] return 12801
[719] call add(12825)
[714] return
[715] return 12803
[716] return
[720] call add(12826)
[717] return 12812
[718] return 12813
[721] call add(12827)
[722] call remove
[723] call add(12828)
[724] call remove
[725] call remove
[719] return
[720] return
[726] call add(12829)
[721] return
[722] return 12818
[723] return
[727] call remove
[724] return 12817
[725] return 12811
[728] call remove
[729] call remove
[730] call remove
[731] call remove
[732] call remove
[726] return
[727] return 12819
[733] call add(12830)
[728] return 12820
[729] return 12814
[730] return 12815
[734] call add(12831)
[731] return 12816
[732] return 12828
[735] call remove
[736] call add(12832)
[737] call add(12833)
[738] call add(12834)
[739] call add(12835)
[733] return
[734] return
[740] call add(12836)
[735] return 12827
[736] return
[737] return
[741] call remove
[738] return
[739] return
[742] call remove
[743] call add(12837)
[744] call add(12838)
[745] call remove
[746] call remove
[740] return
[742] return 12823
[743] return
[741] return 12829
[747] call remove
[748] call add(12839)
[749] call add(12840)
[750] call remove
[744] return
[745] return 12826
[746] return 12825
[751] call remove
[752] call remove
[747] return 12821
[753] call add(12841)
[748] return
[749] return
[750] return 12824
[754] call add(12842)
[755] call remove
[756] call remove
[757] call remove
[751] return 12822
[752] return 12832
[753] return
[758] call add(12843)
[759] call add(12844)
[754] return
[760] call remove
[755] return 12834
[756] return 12837
[757] return 12838
[761] call add(12845)
[762] call add(12846)
[763] call add(12847)
[764] call remove
[758] return
[759] return
[760] return 12839
[765] call add(12848)
[766] call remove
[761] return
[767] call remove
[762] return
[763] return
[764] return 12836
[768] call add(12849)
[769] call remove
[770] call remove
[771] call remove
[765] return
[766] return 12830
[767] return 12833
[772] call add(12850)
[773] call add(12851)
[774] call remove
[768] return
[769] return 12835
[771] return 12831
[775] call add(12852)
[770] return 12840
[776] call remove
[772] return
[777] call remove
[773] return
[774] return 12843
[778] call remove
[779] call remove
[780] call add(12853)
[781] call remove
[775] return
[776] return 12842
[777] return 12845
[782] call add(12854)
[778] return 12844
[783] call add(12855)
[779] return 12846
[784] call add(12856)
[780] return
[781] return 12848
[785] call remove
[786] call add(12857)
[783] return
[787] call add(12858)
[788] call remove
[782] return
[789] call add(12859)
[790] call add(12860)
[785] return 12841
[784] return
[786] return
[787] return
[788] return 12847
[791] call add(12861)
[792] call add(12862)
[789] return
[793] call remove
[794] call remove
[795] call add(12863)
[790] return
[796] call add(12864)
[797] call add(12865)
[795] return
[791] return
[798] call remove
[793] return 12849
[794] return 12855
[792] return
[799] call remove
[800] call add(12866)
[801] call remove
[802] call add(12867)
[796] return
[797] return
[798] return 12851
[803] call remove
[804] call remove
[799] return 12852
[805] call remove
[800] return
[801] return 12850
[802] return
[806] call remove
[805] return 12858
[807] call remove
[803] return 12857
[808] call remove
[804] return 12853
[809] call add(12868)
[810] call add(12869)
[811] call remove
[812] call remove
[806] return 12854
[809] return
[808] return 12859
[811] return 12862
[813] call add(12870)
[814] call remove
[810] return
[815] call remove
[816] call add(12871)
[807] return 12856
[817] call add(12872)
[812] return 12865
[818] call remove
[813] return
[814] return 12864
[815] return 12867
[819] call remove
[816] return
[820] call remove
[821] call add(12873)
[817] return
[822] call remove
[823] call add(12874)
[818] return 12863
[824] call add(12875)
[819] return 12869
[825] call remove
[820] return 12868
[821] return
[822] return 12860
[826] call remove
[823] return
[827] call add(12876)
[828] call remove
[824] return
[829] call add(12877)
[830] call add(12878)
[825] return 12866
[831] call add(12879)
[826] return 12861
[832] call add(12880)
[827] return
[828] return 12871
[829] return
[833] call remove
[830] return
[834] call add(12881)
[835] call remove
[831] return
[836] call add(12882)
[837] call add(12883)
[832] return
[838] call remove
[833] return 12872
[839] call remove
[834] return
[835] return 12875
[836] return
[840] call add(12884)
[837] return
[841] call add(12885)
[842] call add(12886)
[838] return 12874
[843] call remove
[844] call add(12887)
[839] return 12873
[845] call add(12888)
[840] return
[846] call add(12889)
[841] return
[842] return
[843] return 12876
[847] call remove
[844] return
[848] call remove
[849] call add(12890)
[845] return
[850] call remove
[851] call remove
[846] return
[852] call remove
[847] return 12870
[853] call remove
[848] return 12882
[849] return
[850] return 12877
[854] call add(12891)
[851] return 12880
[855] call remove
[856] call remove
[852] return 12879
[857] call remove
[858] call add(12892)
[853] return 12883
[859] call remove
[854] return
[860] call remove
[855] return 12878
[856] return 12884
[857] return 12885
[861] call remove
[858] return
[862] call remove
[863] call add(12893)
[859] return 12886
[864] call remove
[865] call remove
[860] return 12881
[866] call add(12894)
[861] return 12890
[867] call remove
[862] return 12887
[863] return
[864] return 12892
[868] call remove
[865] return 12888
[869] call add(12895)
[870] call add(12896)
[866] return
[871] call add(12897)
[872] call remove
[867] return 12891
[873] call remove
[868] return 12889
[874] call add(12898)
[869] return
[870] return
[871] return
[875] call remove
[872] return 12896
[876] call remove
[877] call remove
[873] return 12893
[878] call remove
[879] call add(12899)
[874] return
[880] call remove
[875] return 12895
[881] call add(12900)
[876] return 12894
[878] return 12898
[882] call add(12901)
[879] return
[877] return 12897
[883] call remove
[881] return
[880] return 12900
[884] call add(12902)
[885] call add(12903)
[886] call add(12904)
[887] call add(12905)
[888] call remove
[882] return
[883] return 12899
[884] return
[889] call add(12906)
[885] return
[886] return
[890] call add(12907)
[887] return
[888] return 12904
[891] call remove
[892] call add(12908)
[893] call remove
[894] call add(12909)
[895] call remove
[889] return
[890] return
[891] return 12905
[892] return
[893] return 12903
[896] call remove
[897] call remove
[894] return
[895] return 12902
[898] call remove
[899] call add(12910)
[900] call remove
[901] call add(12911)
[902] call remove
[896] return 12901
[897] return 12909
[898] return 12907
[899] return
[900] return 12906
[903] call remove
[904] call remove
[901] return
[902] return 12908
[905] call remove
[906] call remove
[907] call remove
[908] call add(12912)
[909] call remove
[903] return 12911
[904] return 12910
[905] return empty
[906] return empty
[907] return empty
[910] call remove
[911] call add(12913)
[908] return
[909] return 12912
[912] call add(12914)
[913] call add(12915)
[914] call add(12916)
[915] call remove
[916] call remove
[910] return empty
[911] return
[912] return
[913] return
[914] return
[917] call add(12917)
[918] call remove
[916] return 12913
[919] call remove
[915] return 12916
[920] call add(12918)
[921] call remove
[917] return
[922] call add(12919)
[921] return 12914
[923] call remove
[919] return 12915
[918] return 12917
[924] call remove
[920] return
[925] call remove
[926] call add(12920)
[927] call remove
[928] call remove
[922] return
[923] return 12918
[924] return 12919
[929] call remove
[925] return empty
[930] call remove
[926] return
[927] return 12920
[931] call add(12921)
[928] return empty
[932] call remove
[933] call remove
[934] call remove
[935] call add(12922)
[929] return empty
[930] return empty
[931] return
[936] call add(12923)
[932] return 12921
[937] call remove
[933] return empty
[934] return empty
[938] call add(12924)
[935] return
[939] call add(12925)
[940] call remove
[941] call remove
[942] call add(12926)
[936] return
[937] return 12922
[938] return
[943] call add(12927)
[939] return
[944] call add(12928)
[940] return 12923
[941] return 12924
[945] call remove
[942] return
[946] call remove
[947] call remove
[948] call add(12929)
[949] call add(12930)
[943] return
[944] return
[945] return 12925
[950] call remove
[946] return 12926
[951] call remove
[947] return 12928
[948] return
[952] call add(12931)
[949] return
[953] call add(12932)
[954] call remove
[955] call add(12933)
[956] call add(12934)
[950] return 12927
[951] return 12929
[952] return
[957] call add(12935)
[953] return
[958] call remove
[954] return 12930
[955] return
[959] call add(12936)
[956] return
[960] call add(12937)
[961] call add(12938)
[962] call remove
[963] call remove
[957] return
[958] return 12931
[959] return
[964] call remove
[960] return
[965] call remove
[961] return
[962] return 12932
[966] call add(12939)
[963] return 12935
[967] call remove
[968] call add(12940)
[969] call remove
[970] call add(12941)
[964] return 12933
[965] return 12934
[966] return
[971] call add(12942)
[967] return 12938
[972] call add(12943)
[968] return
[969] return 12936
[973] call remove
[970] return
[974] call add(12944)
[975] call add(12945)
[976] call add(12946)
[977] call remove
[971] return
[972] return
[973] return 12937
[978] call add(12947)
[974] return
[979] call remove
[975] return
[976] return
[980] call add(12948)
[977] return 12939
[981] call remove
[982] call remove
[978] return
[983] call remove
[984] call remove
[979] return 12941
[981] return 12944
[980] return
[985] call add(12949)
[986] call add(12950)
[987] call remove
[982] return 12940
[988] call add(12951)
[983] return 12945
[984] return 12942
[989] call remove
[985] return
[990] call add(12952)
[991] call remove
[986] return
[987] return 12946
[988] return
[992] call add(12953)
[993] call add(12954)
[994] call add(12955)
[989] return 12943
[995] call remove
[990] return
[991] return 12947
[996] call remove
[992] return
[997] call add(12956)
[998] call remove
[993] return
[994] return
[995] return 12955
[999] call add(12957)
[1000] call remove
[1001] call add(12958)
[996] return 12953
[1002] call add(12959)
[997] return
[998] return 12950
[1003] call remove
[999] return
[1004] call add(12960)
[1005] call remove
[1000] return 12952
[1001] return
[1002] return
[1006] call add(12961)
[1007] call add(12962)
[1008] call add(12963)
[1003] return 12949
[1009] call add(12964)
[1004] return
[1006] return
[1010] call remove
[1011] call remove
[1005] return 12948
[1010] return 12954
[1008] return
[1012] call remove
[1007] return
[1009] return
[1013] call remove
[1014] call remove
[1015] call add(12965)
[1016] call add(12966)
[1011] return 12951
[1017] call remove
[1012] return 12964
[1018] call remove
[1013] return 12960
[1014] return 12958
[1015] return
[1019] call add(12967)
[1016] return
[1017] return 12963
[1020] call add(12968)
[1021] call remove
[1022] call remove
[1023] call remove
[1019] return
[1024] call add(12969)
[1018] return 12962
[1025] call remove
[1020] return
[1021] return 12959
[1022] return 12961
[1026] call remove
[1023] return 12956
[1024] return
[1027] call remove
[1028] call add(12970)
[1029] call remove
[1030] call remove
[1025] return 12957
[1031] call remove
[1026] return 12968
[1032] call add(12971)
[1027] return 12967
[1028] return
[1029] return 12966
[1033] call remove
[1030] return 12969
[1031] return 12965
[1034] call remove
[1035] call add(12972)
[1036] call add(12973)
[1037] call remove
[1032] return
[1038] call remove
[1033] return 12970
[1039] call add(12974)
[1034] return 12971
[1035] return
[1036] return
[1040] call add(12975)
[1037] return 12972
[1038] return 12973
[1041] call add(12976)
[1042] call remove
[1043] call remove
[1044] call add(12977)
[1039] return
[1045] call add(12978)
[1040] return
[1046] call add(12979)
[1041] return
[1042] return 12976
[1043] return 12975
[1047] call remove
[1044] return
[1045] return
[1048] call remove
[1049] call add(12980)
[1050] call add(12981)
[1051] call remove
[1046] return
[1052] call remove
[1047] return 12974
[1053] call remove
[1048] return 12978
[1049] return
[1050] return
[1054] call remove
[1051] return 12979
[1052] return 12977
[1055] call remove
[1056] call add(12982)
[1057] call remove
[1058] call add(12983)
[1053] return 12981
[1059] call remove
[1054] return 12980
[1060] call add(12984)
[1055] return empty
[1056] return
[1057] return 12982
[1061] call add(12985)
[1058] return
[1059] return 12983
[1062] call add(12986)
[1063] call remove
[1064] call remove
[1065] call add(12987)
[1060] return
[1066] call remove
[1061] return
[1067] call add(12988)
[1062] return
[1063] return 12985
[1064] return 12986
[1068] call remove
[1065] return
[1066] return 12984
[1069] call add(12989)
[1070] call remove
[1071] call add(12990)
[1072] call add(12991)
[1067] return
[1073] call add(12992)
[1068] return 12987
[1074] call add(12993)
[1069] return
[1070] return 12988
[1071] return
[1075] call add(12994)
[1072] return
[1073] return
[1076] call remove
[1077] call add(12995)
[1078] call remove
[1079] call add(12996)
[1074] return
[1075] return
[1080] call add(12997)
[1081] call remove
[1079] return
[1076] return 12990
[1077] return
[1078] return 12996
[1082] call add(12998)
[1083] call add(12999)
[1084] call remove
[1085] call remove
[1086] call remove
[1080] return
[1082] return
[1081] return 12989
[1087] call add(13000)
[1088] call add(13001)
[1083] return
[1084] return 12993
[1085] return 12992
[1086] return 12991
[1089] call add(13002)
[1090] call add(13003)
[1091] call remove
[1092] call add(13004)
[1093] call remove
[1087] return
[1088] return
[1089] return
[1094] call add(13005)
[1095] call remove
[1090] return
[1091] return 12994
[1092] return
[1093] return 13004
[1096] call remove
[1097] call remove
[1098] call remove
[1099] call remove
[1100] call remove
[1094] return
[1095] return 13000
[1096] return 13001
[1101] call add(13006)
[1102] call remove
[1097] return 13003
[1098] return 12997
[1099] return 13002
[1100] return 12998
[1103] call remove
[1104] call remove
[1105] call remove
[1106] call remove
[1107] call add(13007)
[1101] return
[1102] return 12995
[1103] return 12999
[1108] call remove
[1109] call remove
[1104] return 13005
[1105] return 13006
[1106] return empty
[1107] return
[1110] call add(13008)
[1111] call add(13009)
[1112] call remove
[1113] call remove
[1114] call remove
[1108] return 13007
[1109] return empty
[1110] return
[1115] call remove
[1116] call remove
[1111] return
[1112] return 13009
[1113] return 13008
[1114] return empty
[1117] call remove
[1118] call remove
[1119] call add(13010)
[1120] call add(13011)
[1121] call remove
[1115] return empty
[1116] return empty
[1117] return empty
[1122] call remove
[1123] call remove
[1118] return empty
[1119] return
[1120] return
[1121] return 13011
[1124] call remove
[1125] call remove
[1126] call add(13012)
[1127] call remove
[1128] call remove
[1122] return 13010
[1123] return empty
[1124] return empty
[1129] call add(13013)
[1130] call remove
[1125] return empty
[1126] return
[1127] return 13012
[1128] return empty
[1131] call add(13014)
[1132] call remove
[1133] call add(13015)
[1134] call remove
[1135] call add(13016)
[1129] return
[1130] return 13013
[1131] return
[1136] call add(13017)
[1137] call add(13018)
[1132] return 13014
[1133] return
[1134] return 13015
[1135] return
[1138] call add(13019)
[1136] return
[1137] return
[1139] call remove
[1140] call remove
[1141] call remove
[1142] call remove
[1143] call remove
[1144] call remove
[1139] return 13017
[1138] return
[1140] return 13018
[1145] call add(13020)
[1146] call remove
[1147] call add(13021)
[1141] return 13016
[1142] return 13019
[1143] return empty
[1144] return empty
[1148] call add(13022)
[1149] call add(13023)
[1150] call add(13024)
[1151] call remove
[1146] return empty
[1148] return
[1145] return
[1147] return
[1152] call add(13025)
[1153] call add(13026)
[1149] return
[1150] return
[1154] call remove
[1155] call add(13027)
[1151] return 13020
[1156] call remove
[1157] call add(13028)
[1158] call add(13029)
[1152] return
[1153] return
[1154] return 13022
[1155] return
[1159] call remove
[1160] call add(13030)
[1156] return 13021
[1157] return
[1161] call remove
[1162] call add(13031)
[1158] return
[1163] call remove
[1164] call remove
[1165] call add(13032)
[1159] return 13024
[1160] return
[1161] return 13023
[1162] return
[1166] call add(13033)
[1167] call add(13034)
[1163] return 13025
[1164] return 13031
[1168] call remove
[1169] call add(13035)
[1165] return
[1170] call add(13036)
[1171] call remove
[1172] call add(13037)
[1166] return
[1167] return
[1168] return 13029
[1169] return
[1173] call add(13038)
[1174] call remove
[1170] return
[1171] return 13028
[1175] call remove
[1176] call add(13039)
[1172] return
[1177] call add(13040)
[1174] return 13030
[1178] call remove
[1179] call add(13041)
[1180] call add(13042)
[1173] return
[1181] call remove
[1175] return 13027
[1176] return
[1178] return 13026
[1177] return
[1179] return
[1180] return
[1182] call add(13043)
[1183] call add(13044)
[1184] call remove
[1185] call add(13045)
[1186] call add(13046)
[1187] call add(13047)
[1181] return 13038
[1188] call remove
[1182] return
[1183] return
[1184] return 13033
[1185] return
[1186] return
[1187] return
[1189] call remove
[1190] call remove
[1191] call remove
[1192] call add(13048)
[1193] call add(13049)
[1194] call add(13050)
[1188] return 13032
[1195] call add(13051)
[1189] return 13041
[1190] return 13040
[1191] return 13037
[1192] return
[1193] return
[1194] return
[1196] call remove
[1197] call add(13052)
[1198] call remove
[1199] call remove
[1200] call add(13053)
[1201] call add(13054)
[1195] return
[1202] call add(13055)
[1196] return 13035
[1197] return
[1198] return 13034
[1199] return 13036
[1200] return
[1201] return
[1203] call remove
[1204] call add(13056)
[1205] call add(13057)
[1206] call add(13058)
[1207] call remove
[1208] call remove
[1202] return
[1209] call remove
[1203] return 13039
[1204] return
[1205] return
[1206] return
[1207] return 13045
[1208] return 13051
[1210] call remove
[1211] call remove
[1212] call add(13059)
[1213] call remove
[1214] call add(13060)
[1215] call remove
[1209] return 13049
[1216] call add(13061)
[1210] return 13043
[1211] return 13046
[1212] return
[1213] return 13047
[1214] return
[1215] return 13048
[1217] call remove
[1218] call add(13062)
[1219] call remove
[1220] call remove
[1221] call add(13063)
[1222] call add(13064)
[1216] return
[1219] return 13050
[1223] call add(13065)
[1217] return 13042
[1218] return
[1220] return 13044
[1224] call add(13066)
[1222] return
[1225] call remove
[1226] call remove
[1221] return
[1227] call remove
[1228] call remove
[1223] return
[1229] call remove
[1224] return
[1230] call remove
[1225] return 13058
[1226] return 13059
[1227] return 13055
[1231] call remove
[1228] return 13052
[1232] call add(13067)
[1233] call remove
[1229] return 13053
[1234] call remove
[1235] call remove
[1230] return 13054
[1236] call add(13068)
[1231] return 13057
[1237] call add(13069)
[1232] return
[1233] return 13060
[1234] return 13061
[1238] call remove
[1235] return 13056
[1239] call remove
[1240] call remove
[1236] return
[1241] call remove
[1242] call add(13070)
[1237] return
[1243] call add(13071)
[1238] return 13065
[1244] call remove
[1239] return 13066
[1240] return 13068
[1241] return 13067
[1245] call add(13072)
[1242] return
[1246] call remove
[1247] call add(13073)
[1243] return
[1248] call remove
[1249] call remove
[1244] return 13063
[1250] call add(13074)
[1245] return
[1251] call add(13075)
[1246] return 13064
[1247] return
[1248] return 13069
[1252] call remove
[1249] return 13062
[1253] call add(13076)
[1254] call remove
[1250] return
[1255] call add(13077)
[1256] call remove
[1251] return
[1257] call add(13078)
[1252] return 13073
[1258] call remove
[1253] return
[1254] return 13074
[1255] return
[1259] call remove
[1256] return 13075
[1260] call remove
[1261] call remove
[1257] return
[1262] call add(13079)
[1263] call remove
[1258] return 13072
[1264] call add(13080)
[1259] return 13071
[1265] call remove
[1260] return 13070
[1261] return 13076
[1262] return
[1266] call add(13081)
[1263] return 13077
[1267] call add(13082)
[1268] call add(13083)
[1264] return
[1269] call remove
[1270] call add(13084)
[1265] return 13078
[1271] call remove
[1266] return
[1272] call remove
[1267] return
[1268] return
[1269] return 13083
[1273] call remove
[1270] return
[1274] call remove
[1275] call add(13085)
[1271] return 13080
[1276] call remove
[1277] call add(13086)
[1272] return 13082
[1274] return 13079
[1273] return 13081
[1278] call add(13087)
[1279] call remove
[1275] return
[1280] call add(13088)
[1276] return 13085
[1281] call add(13089)
[1277] return
[1282] call remove
[1283] call add(13090)
[1284] call add(13091)
[1278] return
[1279] return 13084
[1280] return
[1281] return
[1285] call add(13092)
[1286] call add(13093)
[1282] return 13087
[1287] call add(13094)
[1283] return
[1288] call add(13095)
[1284] return
[1289] call add(13096)
[1290] call remove
[1291] call remove
[1285] return
[1286] return
[1287] return
[1288] return
[1292] call remove
[1293] call add(13097)
[1289] return
[1294] call add(13098)
[1290] return 13086
[1295] call add(13099)
[1291] return 13089
[1296] call remove
[1297] call add(13100)
[1298] call add(13101)
[1292] return 13088
[1293] return
[1294] return
[1295] return
[1299] call remove
[1300] call remove
[1296] return 13095
[1301] call remove
[1297] return
[1302] call add(13102)
[1298] return
[1303] call add(13103)
[1304] call add(13104)
[1305] call add(13105)
[1299] return 13098
[1300] return 13093
[1301] return 13097
[1302] return
[1303] return
[1304] return
[1305] return
