# @object atomic-queue
[1] call add(13801)
[2] call add(13802)
[3] call remove
[4] call remove
[5] call add(13803)
[6] call add(13804)
[7] call add(13805)
[3] return empty
[2] return
[4] return 13802
[5] return
[6] return
[1] return
[8] call add(13806)
[9] call remove
[10] call remove
[11] call remove
[12] call add(13807)
[13] call remove
[7] return
[14] call add(13808)
[8] return
[9] return 13804
[10] return 13806
[11] return 13801
[12] return
[13] return 13803
[15] call add(13809)
[16] call add(13810)
[17] call remove
[18] call add(13811)
[19] call add(13812)
[20] call add(13813)
[14] return
[21] call remove
[15] return
[16] return
[17] return 13805
[18] return
[19] return
[20] return
[22] call add(13814)
[23] call remove
[24] call add(13815)
[25] call add(13816)
[26] call remove
[27] call remove
[21] return 13807
[28] call add(13817)
[22] return
[23] return 13811
[24] return
[25] return
[26] return 13812
[27] return 13813
[29] call add(13818)
[30] call remove
[31] call remove
[32] call add(13819)
[33] call add(13820)
[34] call remove
[28] return
[35] call add(13821)
[29] return
[30] return 13808
[31] return 13809
[32] return
[33] return
[34] return 13810
[36] call add(13822)
[37] call remove
[38] call add(13823)
[39] call remove
[40] call add(13824)
[41] call add(13825)
[35] return
[42] call add(13826)
[36] return
[37] return 13822
[38] return
[39] return 13814
[40] return
[41] return
[43] call remove
[44] call add(13827)
[45] call remove
[46] call remove
[47] call add(13828)
[48] call add(13829)
[42] return
[49] call remove
[43] return 13816
[44] return
[45] return 13815
[46] return 13821
[47] return
[48] return
[50] call add(13830)
[51] call add(13831)
[52] call add(13832)
[53] call remove
[54] call remove
[55] call add(13833)
[49] return 13818
[56] call add(13834)
[50] return
[51] return
[52] return
[53] return 13817
[54] return 13820
[55] return
[57] call add(13835)
[58] call remove
[59] call remove
[60] call add(13836)
[61] call add(13837)
[62] call add(13838)
[56] return
[63] call remove
[57] return
[58] return 13819
[59] return 13827
[60] return
[61] return
[62] return
[64] call add(13839)
[65] call remove
[66] call remove
[67] call remove
[68] call add(13840)
[69] call add(13841)
[63] return 13832
[70] call add(13842)
[64] return
[65] return 13826
[66] return 13823
[67] return 13830
[68] return
[69] return
[71] call remove
[72] call add(13843)
[73] call add(13844)
[74] call remove
[75] call add(13845)
[76] call add(13846)
[70] return
[77] call add(13847)
[71] return 13831
[72] return
[73] return
[74] return 13829
[75] return
[76] return
[78] call remove
[79] call add(13848)
[80] call add(13849)
[81] call add(13850)
[82] call remove
[83] call remove
[77] return
[84] call add(13851)
[78] return 13828
[79] return
[80] return
[81] return
[82] return 13824
[83] return 13825
[85] call add(13852)
[86] call remove
[87] call add(13853)
[88] call add(13854)
[89] call add(13855)
[90] call add(13856)
[84] return
[91] call remove
[85] return
[86] return 13833
[87] return
[88] return
[89] return
[90] return
[92] call add(13857)
[93] call remove
[94] call remove
[95] call remove
[96] call add(13858)
[97] call remove
[91] return 13837
[98] call remove
[92] return
[93] return 13840
[94] return 13841
[95] return 13834
[96] return
[97] return 13838
[99] call remove
[100] call remove
[101] call add(13859)
[102] call remove
[103] call add(13860)
[104] call remove
[98] return 13842
[105] call add(13861)
[99] return 13835
[100] return 13836
[101] return
[102] return 13839
[103] return
[104] return 13851
[106] call remove
[107] call add(13862)
[108] call add(13863)
[109] call add(13864)
[110] call remove
[111] call remove
[105] return
[112] call add(13865)
[106] return 13852
[107] return
[108] return
[109] return
[110] return 13846
[111] return 13843
[113] call add(13866)
[114] call add(13867)
[115] call add(13868)
[116] call remove
[117] call remove
[118] call add(13869)
[112] return
[119] call add(13870)
[113] return
[114] return
[115] return
[116] return 13845
[117] return 13849
[118] return
[120] call remove
[121] call remove
[122] call add(13871)
[123] call remove
[124] call remove
[125] call add(13872)
[119] return
[126] call add(13873)
[120] return 13847
[121] return 13844
[122] return
[123] return 13848
[124] return 13850
[125] return
[127] call add(13874)
[128] call remove
[129] call remove
[130] call remove
[131] call remove
[132] call add(13875)
[126] return
[133] call add(13876)
[127] return
[128] return 13856
[129] return 13857
[130] return 13854
[131] return 13858
[132] return
[134] call add(13877)
[135] call add(13878)
[136] call remove
[137] call remove
[138] call remove
[139] call add(13879)
[133] return
[140] call remove
[134] return
[135] return
[136] return 13859
[137] return 13860
[138] return 13861
[139] return
[141] call add(13880)
[142] call remove
[143] call remove
[144] call add(13881)
[145] call add(13882)
[146] call remove
[140] return 13853
[147] call add(13883)
[141] return
[142] return 13862
[143] return 13855
[144] return
[145] return
[146] return 13865
[148] call remove
[149] call remove
[150] call add(13884)
[151] call add(13885)
[152] call remove
[153] call add(13886)
[147] return
[154] call remove
[148] return 13871
[149] return 13868
[150] return
[151] return
[152] return 13864
[153] return
[155] call add(13887)
[156] call add(13888)
[157] call add(13889)
[158] call remove
[159] call remove
[160] call add(13890)
[154] return 13872
[161] call remove
[155] return
[156] return
[157] return
[158] return 13863
[159] return 13866
[160] return
[162] call add(13891)
[163] call remove
[164] call add(13892)
[165] call remove
[166] call remove
[167] call add(13893)
[161] return 13870
[168] call add(13894)
[162] return
[163] return 13867
[164] return
[165] return 13869
[166] return 13882
[167] return
[169] call add(13895)
[170] call remove
[171] call remove
[172] call remove
[173] call add(13896)
[174] call remove
[168] return
[175] call add(13897)
[169] return
[170] return 13879
[171] return 13880
[172] return 13873
[173] return
[174] return 13874
[176] call add(13898)
[177] call remove
[178] call remove
[179] call remove
[180] call remove
[181] call remove
[175] return
[182] call remove
[176] return
[177] return 13875
[178] return 13876
[179] return 13877
[180] return 13878
[181] return 13881
[183] call remove
[184] call remove
[185] call add(13899)
[186] call remove
[187] call add(13900)
[188] call add(13901)
[182] return 13884
[189] call add(13902)
[183] return 13887
[184] return 13888
[185] return
[186] return 13886
[187] return
[188] return
[190] call remove
[191] call remove
[192] call add(13903)
[193] call add(13904)
[194] call remove
[195] call remove
[189] return
[196] call add(13905)
[190] return 13891
[191] return 13890
[192] return
[193] return
[194] return 13883
[195] return 13892
[197] call remove
[198] call add(13906)
[199] call add(13907)
[200] call remove
[201] call add(13908)
[202] call add(13909)
[196] return
[203] call add(13910)
[197] return 13885
[198] return
[199] return
[200] return 13889
[201] return
[202] return
[204] call add(13911)
[205] call remove
[206] call remove
[207] call add(13912)
[208] call add(13913)
[209] call add(13914)
[203] return
[210] call add(13915)
[204] return
[205] return 13893
[206] return 13897
[207] return
[208] return
[209] return
[211] call remove
[212] call add(13916)
[213] call add(13917)
[214] call remove
[215] call remove
[210] return
[216] call remove
[213] return
[217] call add(13918)
[211] return 13895
[212] return
[217] return
[218] call add(13919)
[215] return 13901
[214] return 13898
[219] call remove
[220] call remove
[221] call add(13920)
[222] call remove
[223] call add(13921)
[216] return 13902
[218] return
[224] call add(13922)
[219] return 13894
[220] return 13900
[221] return
[225] call add(13923)
[222] return 13896
[223] return
[226] call remove
[227] call add(13924)
[228] call remove
[229] call remove
[230] call remove
[224] return
[225] return
[231] call remove
[232] call remove
[227] return
[228] return 13912
[226] return 13899
[233] call add(13925)
[229] return 13911
[230] return 13906
[234] call add(13926)
[235] call remove
[232] return 13910
[231] return 13905
[236] call add(13927)
[237] call remove
[233] return
[235] return 13909
[238] call remove
[234] return
[239] call remove
[240] call remove
[241] call remove
[236] return
[242] call add(13928)
[237] return 13904
[238] return 13908
[243] call remove
[244] call remove
[239] return 13907
[240] return 13903
[245] call remove
[246] call remove
[242] return
[243] return 13920
[247] call add(13929)
[241] return 13918
[248] call remove
[249] call add(13930)
[250] call add(13931)
[245] return 13915
[246] return 13919
[244] return 13916
[247] return
[251] call add(13932)
[252] call add(13933)
[253] call remove
[248] return 13914
[249] return
[254] call remove
[250] return
[255] call add(13934)
[256] call add(13935)
[257] call remove
[251] return
[252] return
[253] return 13921
[254] return 13922
[258] call add(13936)
[259] call remove
[260] call add(13937)
[255] return
[256] return
[261] call remove
[257] return 13913
[262] call add(13938)
[263] call remove
[264] call remove
[258] return
[259] return 13917
[260] return
[265] call add(13939)
[261] return 13932
[266] call add(13940)
[267] call remove
[262] return
[268] call remove
[264] return 13924
[265] return
[263] return 13928
[269] call remove
[270] call remove
[266] return
[271] call remove
[272] call remove
[267] return 13925
[268] return 13926
[273] call remove
[274] call add(13941)
[269] return 13930
[275] call remove
[270] return 13923
[271] return 13929
[272] return 13927
[276] call remove
[277] call remove
[273] return 13931
[278] call add(13942)
[279] call add(13943)
[274] return
[275] return 13937
[280] call add(13944)
[281] call add(13945)
[276] return 13936
[282] call add(13946)
[277] return 13935
[278] return
[279] return
[283] call add(13947)
[284] call remove
[280] return
[285] call remove
[286] call add(13948)
[281] return
[282] return
[287] call add(13949)
[288] call remove
[283] return
[289] call remove
[284] return 13934
[285] return 13938
[286] return
[290] call add(13950)
[291] call remove
[287] return
[292] call add(13951)
[293] call add(13952)
[288] return 13939
[289] return 13940
[294] call add(13953)
[295] call add(13954)
[290] return
[296] call add(13955)
[291] return 13941
[292] return
[293] return
[297] call remove
[298] call add(13956)
[294] return
[299] call add(13957)
[300] call add(13958)
[295] return
[296] return
[301] call remove
[302] call remove
[297] return 13933
[303] call add(13959)
[298] return
[299] return
[300] return
[304] call add(13960)
[305] call add(13961)
[301] return 13948
[306] call add(13962)
[307] call add(13963)
[302] return 13946
[303] return
[308] call add(13964)
[309] call add(13965)
[304] return
[310] call add(13966)
[305] return
[306] return
[307] return
[311] call remove
[312] call remove
[308] return
[313] call add(13967)
[314] call remove
[309] return
[310] return
[315] call add(13968)
[316] call remove
[311] return 13949
[317] call remove
[312] return 13950
[313] return
[314] return 13951
[318] call remove
[319] call remove
[315] return
[320] call add(13969)
[321] call add(13970)
[316] return 13942
[317] return 13945
[322] call remove
[323] call remove
[318] return 13944
[324] call remove
[319] return 13947
[320] return
[321] return
[325] call add(13971)
[326] call remove
[322] return 13943
[327] call add(13972)
[328] call add(13973)
[323] return 13953
[324] return 13961
[329] call add(13974)
[330] call remove
[325] return
[331] call add(13975)
[326] return 13954
[327] return
[328] return
[332] call add(13976)
[333] call remove
[329] return
[334] call add(13977)
[335] call remove
[330] return 13958
[331] return
[336] call remove
[337] call remove
[332] return
[338] call remove
[333] return 13960
[334] return
[335] return 13955
[339] call add(13978)
[340] call remove
[336] return 13959
[341] call remove
[342] call add(13979)
[337] return 13952
[338] return 13957
[343] call remove
[344] call remove
[339] return
[345] call remove
[340] return 13956
[341] return 13964
[342] return
[346] call add(13980)
[347] call add(13981)
[343] return 13966
[348] call remove
[349] call add(13982)
[344] return 13968
[345] return 13970
[350] call add(13983)
[351] call remove
[346] return
[352] call remove
[347] return
[348] return 13963
[349] return
[353] call add(13984)
[354] call remove
[350] return
[355] call add(13985)
[356] call remove
[351] return 13962
[352] return 13969
[357] call add(13986)
[358] call add(13987)
[353] return
[359] call remove
[354] return 13971
[355] return
[356] return 13965
[360] call remove
[361] call remove
[357] return
[362] call remove
[363] call remove
[358] return
[359] return 13967
[364] call remove
[365] call add(13988)
[360] return 13977
[366] call remove
[361] return 13979
[362] return 13975
[363] return 13978
[367] call remove
[368] call remove
[364] return 13974
[369] call remove
[370] call add(13989)
[365] return
[366] return 13972
[371] call remove
[372] call remove
[367] return 13980
[373] call add(13990)
[368] return 13973
[369] return 13981
[370] return
[374] call add(13991)
[375] call remove
[371] return 13976
[376] call remove
[377] call add(13992)
[372] return 13982
[373] return
[378] call add(13993)
[379] call add(13994)
[374] return
[380] call remove
[375] return 13987
[376] return 13984
[377] return
[381] call remove
[382] call remove
[378] return
[383] call remove
[384] call add(13995)
[379] return
[380] return 13986
[385] call add(13996)
[386] call add(13997)
[381] return 13988
[387] call add(13998)
[382] return 13983
[383] return 13985
[384] return
[388] call add(13999)
[389] call remove
[385] return
[390] call add(14000)
[391] call add(14001)
[386] return
[387] return
[392] call add(14002)
[393] call remove
[388] return
[394] call remove
[389] return 13989
[390] return
[391] return
[395] call remove
[396] call remove
[392] return
[397] call remove
[393] return 13990
[398] call add(14003)
[399] call remove
[400] call add(14004)
[396] return 13998
[394] return 13994
[395] return 13999
[401] call add(14005)
[397] return 13997
[402] call add(14006)
[403] call add(14007)
[398] return
[399] return 13992
[400] return
[404] call remove
[405] call add(14008)
[406] call remove
[407] call add(14009)
[401] return
[402] return
[403] return
[408] call remove
[409] call remove
[404] return 13991
[406] return 13995
[410] call remove
[407] return
[411] call add(14010)
[408] return 13996
[412] call remove
[409] return 13993
[413] call add(14011)
[405] return
[410] return 14007
[414] call add(14012)
[415] call remove
[416] call remove
[411] return
[412] return 14000
[413] return
[417] call remove
[418] call remove
[416] return 14006
[414] return
[419] call add(14013)
[415] return 14003
[420] call remove
[421] call add(14014)
[422] call add(14015)
[423] call add(14016)
[417] return 14001
[418] return 14002
[419] return
[420] return 14004
[424] call remove
[425] call add(14017)
[421] return
[422] return
[426] call remove
[423] return
[427] call add(14018)
[428] call remove
[429] call add(14019)
[430] call remove
[426] return 14009
[424] return 14008
[425] return
[431] call remove
[432] call add(14020)
[433] call add(14021)
[427] return
[428] return 14005
[429] return
[430] return 14015
[434] call add(14022)
[435] call remove
[436] call remove
[437] call add(14023)
[431] return 14011
[432] return
[433] return
[438] call add(14024)
[439] call remove
[440] call remove
[434] return
[436] return 14017
[437] return
[435] return 14016
[441] call add(14025)
[438] return
[442] call remove
[439] return 14013
[440] return 14019
[443] call remove
[444] call remove
[445] call add(14026)
[441] return
[446] call add(14027)
[447] call add(14028)
[448] call remove
[442] return 14018
[443] return 14012
[447] return
[445] return
[449] call add(14029)
[446] return
[444] return 14010
[450] call remove
[451] call remove
[452] call add(14030)
[448] return 14014
[453] call add(14031)
[454] call remove
[455] call add(14032)
[449] return
[450] return 14022
[451] return 14023
[452] return
[456] call add(14033)
[457] call add(14034)
[453] return
[454] return 14025
[458] call add(14035)
[459] call remove
[460] call remove
[461] call add(14036)
[455] return
[456] return
[457] return
[458] return
[459] return 14028
[462] call add(14037)
[463] call remove
[462] return
[460] return 14024
[461] return
[464] call remove
[465] call remove
[466] call remove
[467] call add(14038)
[463] return 14026
[468] call remove
[469] call add(14039)
[470] call remove
[465] return 14021
[466] return 14027
[464] return 14029
[467] return
[471] call add(14040)
[468] return 14020
[472] call remove
[473] call remove
[469] return
[474] call remove
[475] call remove
[470] return 14030
[476] call add(14041)
[471] return
[472] return 14038
[473] return 14031
[477] call add(14042)
[474] return 14035
[476] return
[475] return 14033
[478] call remove
[479] call add(14043)
[480] call add(14044)
[481] call add(14045)
[482] call remove
[483] call add(14046)
[477] return
[478] return 14032
[479] return
[484] call remove
[480] return
[481] return
[482] return 14039
[483] return
[485] call remove
[486] call add(14047)
[487] call remove
[488] call add(14048)
[489] call remove
[490] call add(14049)
[484] return 14037
[485] return 14036
[486] return
[491] call add(14050)
[487] return 14034
[488] return
[489] return 14040
[490] return
[492] call add(14051)
[493] call add(14052)
[494] call add(14053)
[495] call remove
[496] call remove
[497] call remove
[491] return
[492] return
[493] return
[498] call add(14054)
[494] return
[495] return 14041
[496] return 14048
[497] return 14047
[499] call remove
[500] call add(14055)
[501] call add(14056)
[502] call remove
[503] call remove
[504] call remove
[498] return
[499] return 14042
[500] return
[505] call remove
[501] return
[502] return 14045
[503] return 14043
[504] return 14044
[506] call add(14057)
[507] call add(14058)
[508] call add(14059)
[509] call remove
[510] call remove
[511] call remove
[505] return 14046
[506] return
[507] return
[512] call add(14060)
[508] return
[509] return 14056
[510] return 14057
[511] return 14054
[513] call remove
[514] call add(14061)
[515] call add(14062)
[516] call remove
[517] call remove
[518] call remove
[512] return
[513] return 14052
[514] return
[519] call add(14063)
[515] return
[516] return 14058
[517] return 14051
[518] return 14049
[520] call add(14064)
[521] call add(14065)
[522] call remove
[523] call remove
[524] call remove
[525] call remove
[519] return
[520] return
[521] return
[526] call add(14066)
[522] return 14050
[523] return 14053
[524] return 14055
[525] return 14064
[527] call remove
[528] call remove
[529] call add(14067)
[530] call add(14068)
[531] call remove
[532] call add(14069)
[526] return
[527] return 14065
[528] return 14062
[533] call add(14070)
[529] return
[530] return
[531] return 14060
[532] return
[534] call remove
[535] call remove
[536] call remove
[537] call add(14071)
[538] call add(14072)
[539] call add(14073)
[533] return
[534] return 14063
[535] return 14061
[540] call add(14074)
[536] return 14059
[537] return
[538] return
[541] call remove
[542] call add(14075)
[543] call add(14076)
[544] call add(14077)
[539] return
[545] call add(14078)
[540] return
[546] call add(14079)
[541] return 14071
[542] return
[543] return
[547] call add(14080)
[544] return
[545] return
[548] call remove
[549] call remove
[550] call add(14081)
[551] call remove
[546] return
[552] call add(14082)
[547] return
[553] call remove
[548] return 14069
[549] return 14068
[550] return
[554] call add(14083)
[551] return 14072
[552] return
[555] call add(14084)
[556] call add(14085)
[557] call add(14086)
[558] call add(14087)
[553] return 14074
[559] call remove
[554] return
[560] call remove
[555] return
[556] return
[557] return
[561] call add(14088)
[558] return
[559] return 14067
[562] call add(14089)
[563] call remove
[564] call add(14090)
[565] call add(14091)
[560] return 14070
[566] call add(14092)
[561] return
[567] call add(14093)
[562] return
[563] return 14066
[564] return
[568] call remove
[565] return
[566] return
[569] call remove
[570] call remove
[571] call add(14094)
[572] call add(14095)
[567] return
[573] call add(14096)
[568] return 14073
[574] call remove
[569] return 14075
[570] return 14078
[571] return
[575] call add(14097)
[572] return
[573] return
[576] call remove
[577] call add(14098)
[578] call add(14099)
[579] call remove
[574] return 14079
[580] call add(14100)
[575] return
[581] call add(14101)
[576] return 14083
[577] return
[578] return
[582] call remove
[579] return 14081
[580] return
[583] call remove
[584] call add(14102)
[585] call add(14103)
[586] call add(14104)
[581] return
[587] call add(14105)
[582] return 14077
[588] call add(14106)
[583] return 14082
[584] return
[585] return
[589] call add(14107)
[586] return
[587] return
[590] call remove
[591] call remove
[592] call add(14108)
[593] call add(14109)
[588] return
[594] call remove
[589] return
[595] call add(14110)
[590] return 14080
[591] return 14084
[592] return
[596] call add(14111)
[593] return
[594] return 14076
[595] return
[597] call remove
[598] call remove
[599] call remove
[600] call remove
[601] call add(14112)
[598] return 14094
[602] call remove
[596] return
[599] return 14090
[597] return 14086
[603] call remove
[604] call add(14113)
[600] return 14092
[605] call remove
[606] call add(14114)
[601] return
[602] return 14085
[607] call remove
[608] call remove
[603] return 14091
[609] call add(14115)
[604] return
[605] return 14093
[606] return
[610] call remove
[611] call add(14116)
[609] return
[612] call remove
[613] call add(14117)
[608] return 14087
[607] return 14088
[614] call remove
[615] call add(14118)
[610] return 14089
[616] call add(14119)
[611] return
[612] return 14096
[613] return
[617] call add(14120)
[618] call add(14121)
[614] return 14103
[619] call add(14122)
[620] call remove
[615] return
[616] return
[621] call remove
[622] call remove
[617] return
[623] call remove
[618] return
[619] return
[620] return 14101
[624] call add(14123)
[625] call remove
[621] return 14095
[626] call remove
[627] call add(14124)
[622] return 14102
[623] return 14104
[628] call remove
[629] call remove
[624] return
[630] call remove
[625] return 14098
[626] return 14099
[627] return
[631] call add(14125)
[632] call remove
[628] return 14097
[633] call remove
[634] call remove
[629] return 14100
[635] call add(14126)
[636] call add(14127)
[630] return 14109
[631] return
[632] return 14112
[633] return 14108
[634] return 14105
[637] call add(14128)
[638] call remove
[635] return
[639] call add(14129)
[636] return
[640] call add(14130)
[639] return
[641] call add(14131)
[642] call remove
[643] call remove
[641] return
[644] call remove
[637] return
[638] return 14107
[645] call remove
[643] return 14106
[640] return
[646] call add(14132)
[642] return 14113
[647] call add(14133)
[644] return 14110
[648] call add(14134)
[649] call remove
[650] call remove
[645] return 14114
[651] call remove
[646] return
[647] return
[652] call remove
[648] return
[649] return 14111
[653] call remove
[650] return 14118
[654] call remove
[651] return 14121
[655] call add(14135)
[656] call add(14136)
[657] call add(14137)
[652] return 14124
[658] call add(14138)
[653] return 14117
[654] return 14120
[659] call remove
[655] return
[656] return
[660] call add(14139)
[657] return
[661] call remove
[658] return
[662] call remove
[663] call add(14140)
[659] return 14122
[664] call add(14141)
[665] call remove
[663] return
[660] return
[661] return 14115
[666] call add(14142)
[662] return 14123
[667] call remove
[668] call add(14143)
[669] call remove
[664] return
[670] call remove
[665] return 14116
[668] return
[666] return
[671] call remove
[667] return 14119
[672] call remove
[671] return 14125
[669] return 14132
[673] call remove
[670] return 14133
[674] call remove
[675] call remove
[674] return 14134
[676] call add(14144)
[677] call add(14145)
[673] return 14127
[678] call remove
[679] call add(14146)
[672] return 14126
[680] call remove
[681] call remove
[677] return
[682] call remove
[676] return
[675] return 14129
[681] return 14128
[680] return 14131
[679] return
[682] return 14144
[683] call remove
[684] call remove
[685] call add(14147)
[686] call add(14148)
[678] return 14130
[684] return 14141
[687] call add(14149)
[688] call remove
[689] call add(14150)
[690] call add(14151)
[685] return
[683] return 14140
[691] call add(14152)
[686] return
[689] return
[687] return
[692] call add(14153)
[693] call remove
[694] call add(14154)
[691] return
[688] return 14139
[690] return
[695] call remove
[696] call remove
[697] call remove
[698] call add(14155)
[692] return
[693] return 14138
[694] return
[695] return 14142
[699] call remove
[700] call add(14156)
[701] call add(14157)
[696] return 14136
[697] return 14143
[698] return
[702] call add(14158)
[703] call add(14159)
[704] call remove
[705] call remove
[699] return 14137
[700] return
[706] call remove
[701] return
[705] return 14153
[706] return 14135
[702] return
[707] call add(14160)
[708] call add(14161)
[709] call add(14162)
[710] call remove
[703] return
[711] call add(14163)
[704] return 14150
[709] return
[712] call remove
[707] return
[708] return
[713] call remove
[710] return 14146
[714] call remove
[711] return
[715] call add(14164)
[716] call remove
[717] call remove
[712] return 14148
[718] call add(14165)
[713] return 14149
[714] return 14151
[719] call add(14166)
[715] return
[716] return 14145
[720] call remove
[717] return 14152
[721] call remove
[718] return
[722] call add(14167)
[723] call remove
[724] call add(14168)
[719] return
[725] call remove
[720] return 14154
[723] return 14155
[721] return 14147
[726] call add(14169)
[722] return
[727] call add(14170)
[728] call remove
[729] call add(14171)
[725] return 14161
[730] call add(14172)
[724] return
[726] return
[731] call remove
[732] call remove
[727] return
[728] return 14160
[729] return
[733] call add(14173)
[730] return
[734] call remove
[735] call remove
[736] call remove
[731] return 14163
[737] call remove
[732] return 14164
[735] return 14162
[738] call remove
[739] call add(14174)
[734] return 14156
[733] return
[736] return 14157
[740] call add(14175)
[737] return 14158
[741] call remove
[742] call remove
[743] call add(14176)
[738] return 14159
[744] call remove
[739] return
[740] return
[743] return
[745] call add(14177)
[746] call remove
[742] return 14166
[747] call add(14178)
[744] return 14168
[748] call remove
[749] call add(14179)
[745] return
[741] return 14169
[750] call remove
[746] return 14173
[751] call add(14180)
[752] call add(14181)
[747] return
[749] return
[748] return 14174
[753] call remove
[754] call add(14182)
[755] call remove
[750] return 14167
[756] call remove
[751] return
[752] return
[757] call add(14183)
[753] return 14170
[758] call add(14184)
[759] call remove
[754] return
[755] return 14171
[756] return 14172
[760] call add(14185)
[761] call add(14186)
[762] call remove
[757] return
[763] call remove
[758] return
[759] return 14165
[761] return
[760] return
[764] call add(14187)
[765] call remove
[766] call add(14188)
[762] return 14179
[767] call add(14189)
[763] return 14178
[767] return
[768] call add(14190)
[769] call remove
[770] call add(14191)
[764] return
[765] return 14176
[771] call add(14192)
[768] return
[766] return
[772] call add(14193)
[773] call remove
[769] return 14180
[774] call add(14194)
[775] call remove
[770] return
[771] return
[776] call add(14195)
[777] call remove
[775] return 14177
[773] return 14181
[778] call remove
[774] return
[772] return
[779] call remove
[780] call add(14196)
[776] return
[781] call add(14197)
[782] call remove
[777] return 14183
[778] return 14182
[783] call add(14198)
[784] call add(14199)
[779] return 14175
[780] return
[785] call add(14200)
[781] return
[782] return 14184
[786] call remove
[787] call add(14201)
[783] return
[788] call remove
[789] call add(14202)
[784] return
[785] return
[790] call remove
[791] call remove
[786] return 14193
[787] return
[792] call remove
[788] return 14188
[789] return
[793] call remove
[794] call add(14203)
[790] return 14194
[795] call add(14204)
[796] call remove
[791] return 14192
[797] call remove
[792] return 14191
[798] call remove
[793] return 14187
[799] call remove
[795] return
[796] return 14189
[794] return
[800] call add(14205)
[797] return 14185
[798] return 14190
[801] call add(14206)
[802] call remove
[803] call remove
[804] call add(14207)
[799] return 14186
[805] call remove
[800] return
[806] call add(14208)
[801] return
[805] return 14195
[803] return 14199
[807] call add(14209)
[804] return
[802] return 14202
[808] call add(14210)
[809] call add(14211)
[810] call add(14212)
[811] call add(14213)
[806] return
[812] call remove
[812] return 14198
[807] return
[811] return
[808] return
[813] call add(14214)
[814] call add(14215)
[815] call add(14216)
[816] call remove
[810] return
[815] return
[817] call remove
[809] return
[816] return 14203
[818] call remove
[814] return
[819] call remove
[820] call remove
[817] return 14200
[821] call remove
[813] return
[822] call add(14217)
[823] call remove
[824] call remove
[818] return 14201
[825] call add(14218)
[820] return 14204
[821] return 14197
[819] return 14196
[822] return
[826] call add(14219)
[823] return 14209
[827] call remove
[824] return 14207
[828] call remove
[829] call add(14220)
[825] return
[830] call add(14221)
[826] return
[831] call remove
[832] call remove
[829] return
[833] call add(14222)
[834] call add(14223)
[828] return 14208
[827] return 14211
[832] return 14205
[833] return
[830] return
[835] call remove
[831] return 14212
[836] call add(14224)
[837] call remove
[834] return
[838] call add(14225)
[839] call remove
[840] call add(14226)
[841] call add(14227)
[835] return 14213
[837] return 14215
[836] return
[838] return
[839] return 14210
[842] call remove
[840] return
[843] call remove
[841] return
[844] call remove
[845] call remove
[846] call add(14228)
[847] call remove
[848] call remove
[842] return 14206
[843] return 14223
[844] return 14218
[845] return 14217
[846] return
[849] call add(14229)
[847] return 14219
[850] call add(14230)
[848] return 14220
[851] call remove
[852] call remove
[853] call remove
[854] call add(14231)
[855] call add(14232)
[849] return
[850] return
[851] return 14214
[852] return 14221
[853] return 14224
[856] call remove
[854] return
[857] call add(14233)
[855] return
[858] call add(14234)
[859] call remove
[860] call remove
[861] call add(14235)
[862] call remove
[856] return 14222
[857] return
[858] return
[859] return 14216
[860] return 14227
[863] call remove
[861] return
[864] call add(14236)
[862] return 14225
[865] call add(14237)
[866] call remove
[867] call add(14238)
[868] call add(14239)
[869] call remove
[863] return 14230
[864] return
[865] return
[866] return 14232
[870] call remove
[871] call remove
[868] return
[872] call add(14240)
[869] return 14234
[873] call remove
[874] call add(14241)
[867] return
[875] call add(14242)
[872] return
[870] return 14228
[871] return 14231
[876] call remove
[874] return
[877] call add(14243)
[873] return 14233
[878] call add(14244)
[879] call add(14245)
[880] call remove
[881] call remove
[875] return
[876] return 14229
[877] return
[878] return
[879] return
[882] call add(14246)
[883] call remove
[884] call remove
[881] return 14240
[885] call add(14247)
[886] call add(14248)
[880] return 14226
[882] return
[887] call remove
[888] call add(14249)
[883] return 14235
[889] call add(14250)
[884] return 14242
[885] return
[886] return
[890] call remove
[891] call remove
[887] return 14243
[892] call remove
[893] call remove
[888] return
[889] return
[894] call remove
[895] call add(14251)
[890] return 14239
[896] call remove
[891] return 14236
[892] return 14237
[893] return 14244
[897] call remove
[898] call add(14252)
[894] return 14241
[899] call add(14253)
[900] call add(14254)
[895] return
[896] return 14238
[901] call remove
[902] call add(14255)
[897] return 14245
[903] call remove
[898] return
[899] return
[900] return
[904] call remove
[905] call remove
[901] return 14249
[906] call remove
[907] call remove
[902] return
[908] call add(14256)
[909] call add(14257)
[903] return 14251
[904] return 14248
[910] call add(14258)
[905] return 14246
[906] return 14247
[907] return 14250
[911] call remove
[912] call remove
[909] return
[913] call add(14259)
[914] call add(14260)
[908] return
[910] return
[915] call add(14261)
[916] call remove
[911] return 14253
[917] call add(14262)
[912] return 14256
[913] return
[914] return
[918] call add(14263)
[919] call add(14264)
[915] return
[920] call add(14265)
[921] call add(14266)
[916] return 14257
[917] return
[918] return
[919] return
[920] return
[922] call add(14267)
[923] call add(14268)
[924] call add(14269)
[925] call add(14270)
[926] call add(14271)
[927] call add(14272)
[921] return
[923] return
[922] return
[928] call remove
[924] return
[925] return
[926] return
[929] call remove
[930] call add(14273)
[927] return
[931] call add(14274)
[932] call remove
[933] call add(14275)
[934] call add(14276)
[928] return 14254
[929] return 14255
[933] return
[935] call add(14277)
[931] return
[932] return 14258
[930] return
[936] call remove
[937] call remove
[934] return
[938] call add(14278)
[939] call remove
[940] call add(14279)
[941] call add(14280)
[935] return
[936] return 14252
[937] return 14262
[942] call remove
[938] return
[940] return
[943] call remove
[944] call remove
[941] return
[939] return 14268
[945] call remove
[942] return 14261
[946] call add(14281)
[947] call add(14282)
[948] call remove
[949] call remove
[943] return 14263
[944] return 14260
[945] return 14267
[946] return
[950] call remove
[951] call remove
[947] return
[948] return 14259
[952] call remove
[953] call remove
[954] call remove
[955] call remove
[949] return 14264
[950] return 14265
[951] return 14266
[956] call remove
[952] return 14270
[954] return 14276
[957] call add(14283)
[958] call remove
[955] return 14278
[953] return 14272
[959] call add(14284)
[956] return 14269
[960] call add(14285)
[961] call remove
[962] call add(14286)
[963] call remove
[957] return
[958] return 14271
[959] return
[960] return
[964] call add(14287)
[965] call remove
[961] return 14273
[962] return
[966] call remove
[963] return 14275
[967] call add(14288)
[968] call add(14289)
[969] call remove
[970] call remove
[964] return
[965] return 14274
[966] return 14277
[967] return
[971] call add(14290)
[972] call add(14291)
[968] return
[969] return 14286
[973] call remove
[970] return 14282
[974] call remove
[975] call add(14292)
[976] call remove
[977] call remove
[971] return
[972] return
[973] return 14287
[974] return 14281
[978] call remove
[979] call add(14293)
[975] return
[976] return 14288
[980] call add(14294)
[977] return 14285
[981] call remove
[982] call add(14295)
[983] call add(14296)
[984] call add(14297)
[978] return 14279
[979] return
[980] return
[981] return 14284
[985] call add(14298)
[986] call add(14299)
[982] return
[983] return
[987] call remove
[984] return
[988] call add(14300)
[989] call remove
[990] call add(14301)
[991] call remove
[985] return
[986] return
[989] return 14283
[988] return
[992] call remove
[993] call add(14302)
[987] return 14280
[990] return
[994] call add(14303)
[993] return
[995] call add(14304)
[991] return 14296
[996] call add(14305)
[995] return
[992] return 14293
[997] call remove
[998] call add(14306)
[999] call remove
[1000] call remove
[1001] call remove
[997] return 14289
[996] return
[994] return
[998] return
[1002] call remove
[1003] call remove
[999] return 14294
[1000] return 14297
[1001] return 14295
[1004] call add(14307)
[1005] call add(14308)
[1006] call remove
[1007] call remove
[1008] call add(14309)
[1006] return 14290
[1002] return 14292
[1009] call remove
[1003] return 14298
[1010] call remove
[1004] return
[1005] return
[1011] call add(14310)
[1009] return 14291
[1008] return
[1007] return 14302
[1012] call add(14311)
[1013] call add(14312)
[1014] call add(14313)
[1010] return 14299
[1015] call remove
[1016] call remove
[1011] return
[1017] call add(14314)
[1012] return
[1013] return
[1018] call add(14315)
[1014] return
[1015] return 14303
[1016] return 14307
[1019] call add(14316)
[1020] call remove
[1021] call add(14317)
[1017] return
[1022] call add(14318)
[1023] call remove
[1018] return
[1024] call add(14319)
[1019] return
[1020] return 14304
[1025] call add(14320)
[1021] return
[1022] return
[1023] return 14300
[1026] call add(14321)
[1027] call remove
[1028] call add(14322)
[1024] return
[1029] call remove
[1030] call add(14323)
[1025] return
[1031] call remove
[1026] return
[1027] return 14305
[1032] call add(14324)
[1028] return
[1029] return 14306
[1030] return
[1033] call remove
[1034] call remove
[1035] call remove
[1031] return 14308
[1036] call remove
[1037] call remove
[1032] return
[1038] call remove
[1033] return 14301
[1034] return 14312
[1039] call remove
[1035] return 14311
[1036] return 14309
[1037] return 14313
[1040] call remove
[1041] call remove
[1042] call remove
[1038] return 14316
[1043] call remove
[1044] call remove
[1039] return 14314
[1045] call remove
[1040] return 14310
[1041] return 14315
[1046] call remove
[1042] return 14317
[1043] return 14318
[1044] return 14319
[1047] call add(14325)
[1048] call add(14326)
[1049] call remove
[1045] return 14321
[1050] call add(14327)
[1051] call remove
[1046] return 14320
[1052] call add(14328)
[1047] return
[1048] return
[1053] call add(14329)
[1049] return 14322
[1050] return
[1051] return 14324
[1054] call remove
[1055] call remove
[1056] call add(14330)
[1052] return
[1057] call add(14331)
[1058] call add(14332)
[1053] return
[1059] call remove
[1054] return 14323
[1055] return 14328
[1060] call remove
[1056] return
[1057] return
[1058] return
[1061] call remove
[1062] call add(14333)
[1063] call remove
[1059] return 14326
[1064] call remove
[1065] call remove
[1060] return 14329
[1066] call remove
[1061] return 14327
[1062] return
[1067] call remove
[1063] return 14325
[1064] return 14332
[1065] return 14333
[1068] call add(14334)
[1069] call remove
[1070] call add(14335)
[1066] return 14331
[1071] call add(14336)
[1072] call add(14337)
[1067] return 14330
[1073] call remove
[1068] return
[1069] return 14334
[1074] call remove
[1070] return
[1071] return
[1072] return
[1075] call add(14338)
[1076] call remove
[1077] call add(14339)
[1073] return 14335
[1078] call remove
[1079] call add(14340)
[1074] return 14336
[1080] call add(14341)
[1075] return
[1076] return 14337
[1081] call remove
[1077] return
[1079] return
[1082] call remove
[1083] call remove
[1078] return 14339
[1084] call remove
[1085] call remove
[1080] return
[1086] call add(14342)
[1081] return 14338
[1082] return 14340
[1083] return 14341
[1087] call remove
[1088] call add(14343)
[1084] return empty
[1085] return empty
[1089] call remove
[1090] call remove
[1086] return
[1091] call add(14344)
[1092] call add(14345)
[1087] return 14342
[1093] call remove
[1088] return
[1089] return 14343
[1090] return empty
[1094] call remove
[1095] call remove
[1091] return
[1092] return
[1096] call add(14346)
[1097] call remove
[1093] return 14344
[1098] call remove
[1099] call add(14347)
[1094] return 14345
[1100] call remove
[1095] return empty
[1096] return
[1097] return 14346
[1101] call remove
[1102] call add(14348)
[1098] return empty
[1099] return
[1103] call add(14349)
[1104] call remove
[1100] return 14347
[1105] call remove
[1106] call remove
[1101] return empty
[1107] call add(14350)
[1102] return
[1103] return
[1104] return 14349
[1108] call add(14351)
[1109] call remove
[1105] return 14348
[1106] return empty
[1110] call add(14352)
[1111] call add(14353)
[1107] return
[1112] call add(14354)
[1113] call remove
[1108] return
[1114] call remove
[1109] return 14351
[1110] return
[1111] return
[1115] call add(14355)
[1116] call add(14356)
[1112] return
[1113] return 14350
[1117] call add(14357)
[1118] call add(14358)
[1114] return 14353
[1119] call add(14359)
[1120] call remove
[1115] return
[1121] call add(14360)
[1116] return
[1117] return
[1118] return
[1122] call add(14361)
[1123] call remove
[1119] return
[1120] return 14354
[1124] call remove
[1125] call remove
[1121] return
[1126] call remove
[1127] call add(14362)
[1122] return
[1128] call remove
[1123] return 14352
[1124] return 14358
[1125] return 14355
[1129] call remove
[1130] call add(14363)
[1126] return 14356
[1127] return
[1131] call remove
[1132] call add(14364)
[1128] return 14357
[1133] call remove
[1134] call add(14365)
[1129] return 14360
[1135] call add(14366)
[1130] return
[1136] call add(14367)
[1131] return 14361
[1134] return
[1137] call add(14368)
[1133] return 14359
[1138] call add(14369)
[1139] call remove
[1135] return
[1137] return
[1132] return
[1140] call remove
[1136] return
[1141] call remove
[1142] call remove
[1143] call add(14370)
[1144] call add(14371)
[1138] return
[1139] return 14366
[1140] return 14363
[1145] call add(14372)
[1146] call remove
[1141] return 14362
[1142] return 14369
[1143] return
[1147] call add(14373)
[1144] return
[1148] call add(14374)
[1149] call add(14375)
[1150] call remove
[1151] call remove
[1145] return
[1146] return 14367
[1147] return
[1152] call remove
[1153] call add(14376)
[1148] return
[1149] return
[1150] return 14364
[1154] call remove
[1151] return 14365
[1155] call remove
[1156] call remove
[1157] call remove
[1158] call remove
[1152] return 14368
[1153] return
[1154] return 14376
[1159] call add(14377)
[1160] call add(14378)
[1155] return 14373
[1156] return 14371
[1157] return 14375
[1161] call remove
[1158] return 14370
[1162] call remove
[1163] call remove
[1164] call remove
[1165] call add(14379)
[1159] return
[1160] return
[1161] return 14372
[1166] call add(14380)
[1167] call remove
[1162] return 14374
[1163] return 14378
[1164] return 14377
[1168] call remove
[1165] return
[1169] call add(14381)
[1170] call add(14382)
[1171] call add(14383)
[1172] call remove
[1166] return
[1167] return 14380
[1168] return 14379
[1173] call add(14384)
[1174] call remove
[1169] return
[1170] return
[1171] return
[1175] call remove
[1172] return 14381
[1176] call add(14385)
[1177] call add(14386)
[1178] call remove
[1179] call remove
[1173] return
[1174] return 14382
[1175] return 14383
[1180] call add(14387)
[1181] call add(14388)
[1176] return
[1177] return
[1178] return 14385
[1182] call add(14389)
[1179] return 14384
[1183] call remove
[1184] call add(14390)
[1185] call add(14391)
[1186] call remove
[1180] return
[1181] return
[1182] return
[1187] call remove
[1188] call add(14392)
[1183] return 14386
[1184] return
[1185] return
[1189] call add(14393)
[1186] return 14387
[1190] call remove
[1191] call add(14394)
[1192] call add(14395)
[1193] call add(14396)
[1187] return 14389
[1188] return
[1189] return
[1194] call remove
[1195] call add(14397)
[1190] return 14390
[1191] return
[1192] return
[1196] call remove
[1193] return
[1197] call remove
[1198] call remove
[1199] call add(14398)
[1200] call add(14399)
[1194] return 14391
[1195] return
[1196] return 14388
[1199] return
[1201] call add(14400)
[1202] call remove
[1197] return 14393
[1198] return 14395
[1203] call add(14401)
[1204] call add(14402)
[1205] call remove
[1206] call remove
[1200] return
[1201] return
[1202] return 14396
[1207] call add(14403)
[1203] return
[1204] return
[1208] call add(14404)
[1209] call add(14405)
[1205] return 14392
[1206] return 14397
[1210] call add(14406)
[1211] call add(14407)
[1212] call add(14408)
[1213] call add(14409)
[1207] return
[1208] return
[1209] return
[1214] call add(14410)
[1210] return
[1211] return
[1215] call add(14411)
[1216] call remove
[1212] return
[1213] return
[1217] call remove
[1218] call remove
[1219] call add(14412)
[1220] call remove
[1214] return
[1215] return
[1216] return 14394
[1221] call remove
[1217] return 14407
[1218] return 14404
[1222] call remove
[1223] call add(14413)
[1219] return
[1220] return 14400
[1224] call add(14414)
[1225] call remove
[1226] call remove
[1227] call remove
[1221] return 14405
[1222] return 14403
[1223] return
[1228] call add(14415)
[1224] return
[1225] return 14401
[1229] call remove
[1230] call add(14416)
[1226] return 14399
[1227] return 14402
[1231] call remove
[1232] call remove
[1233] call remove
[1234] call add(14417)
[1228] return
[1229] return 14406
[1230] return
[1235] call add(14418)
[1234] return
[1232] return 14415
[1236] call add(14419)
[1237] call remove
[1233] return 14410
[1231] return 14398
[1238] call remove
[1239] call remove
[1240] call remove
[1241] call remove
[1235] return
[1236] return
[1237] return 14408
[1240] return 14409
[1238] return 14416
[1242] call add(14420)
[1243] call remove
[1239] return 14411
[1244] call add(14421)
[1245] call remove
[1246] call add(14422)
[1247] call remove
[1241] return 14413
[1243] return 14414
[1244] return
[1248] call add(14423)
[1242] return
[1245] return 14412
[1249] call remove
[1246] return
[1250] call remove
[1247] return 14417
[1251] call add(14424)
[1252] call remove
[1253] call add(14425)
[1254] call remove
[1248] return
[1249] return 14422
[1250] return 14418
[1255] call add(14426)
[1251] return
[1252] return 14419
[1256] call add(14427)
[1253] return
[1257] call add(14428)
[1254] return 14421
[1258] call add(14429)
[1259] call remove
[1260] call add(14430)
[1261] call remove
[1255] return
[1256] return
[1257] return
[1262] call add(14431)
[1258] return
[1259] return 14420
[1263] call add(14432)
[1260] return
[1264] call add(14433)
[1261] return 14423
[1265] call remove
[1266] call remove
[1267] call add(14434)
[1268] call remove
[1262] return
[1263] return
[1264] return
[1269] call add(14435)
[1265] return 14424
[1266] return 14430
[1270] call remove
[1267] return
[1271] call remove
[1268] return 14426
[1272] call add(14436)
[1273] call add(14437)
[1274] call add(14438)
[1275] call remove
[1269] return
[1270] return 14427
[1271] return 14425
[1276] call add(14439)
[1272] return
[1273] return
[1277] call add(14440)
[1274] return
[1278] call remove
[1275] return 14428
[1279] call remove
[1280] call add(14441)
[1281] call remove
[1282] call remove
[1276] return
[1277] return
[1278] return 14429
[1283] call add(14442)
[1279] return 14432
[1280] return
[1284] call add(14443)
[1281] return 14433
[1285] call add(14444)
[1282] return 14434
[1286] call add(14445)
[1287] call add(14446)
[1288] call add(14447)
[1289] call add(14448)
[1283] return
[1284] return
[1285] return
[1290] call remove
[1286] return
[1287] return
[1291] call add(14449)
[1288] return
[1292] call add(14450)
[1289] return
[1293] call add(14451)
[1294] call remove
[1295] call add(14452)
[1296] call add(14453)
[1290] return 14439
[1291] return
[1292] return
[1297] call add(14454)
[1293] return
[1298] call add(14455)
[1294] return 14431
[1295] return
[1299] call add(14456)
[1296] return
[1300] call remove
[1301] call add(14457)
[1302] call add(14458)
[1303] call remove
[1297] return
[1298] return
[1299] return
[1304] call remove
[1300] return 14437
[1305] call remove
[1301] return
[1302] return
[1306] call add(14459)
[1303] return 14435
[1307] call add(14460)
[1308] call remove
[1309] call add(14461)
[1310] call add(14462)
[1304] return 14438
[1305] return 14440
[1306] return
[1311] call remove
[1307] return
[1312] call remove
[1308] return 14436
[1309] return
[1313] call remove
[1310] return
[1314] call add(14463)
[1315] call add(14464)
[1316] call add(14465)
[1317] call remove
[1311] return 14441
[1312] return 14445
[1313] return 14447
[1318] call remove
[1314] return
[1319] call remove
[1315] return
[1316] return
[1320] call add(14466)
[1317] return 14442
[1321] call remove
[1322] call remove
[1323] call add(14467)
[1324] call remove
[1318] return 14449
[1319] return 14443
[1320] return
[1325] call remove
[1321] return 14450
[1326] call add(14468)
[1322] return 14444
[1323] return
[1327] call add(14469)
[1324] return 14446
[1328] call add(14470)
[1329] call add(14471)
[1330] call remove
[1331] call remove
[1325] return 14448
[1327] return
[1332] call remove
[1326] return
[1328] return
[1329] return
[1330] return 14459
[1331] return 14454
[1332] return 14455
