# @object atomic-queue
[1] call remove
[2] call add(15291)
[3] call remove
[4] call remove
[5] call add(15292)
[6] call remove
[7] call remove
[1] return empty
[3] return empty
[4] return empty
[5] return
[7] return 15292
[2] return
[6] return 15291
[8] call remove
[9] call add(15293)
[10] call remove
[11] call add(15294)
[12] call remove
[13] call add(15295)
[14] call add(15296)
[8] return empty
[9] return
[10] return 15293
[11] return
[12] return 15294
[13] return
[14] return
[15] call remove
[16] call remove
[17] call add(15297)
[18] call remove
[19] call add(15298)
[20] call remove
[21] call remove
[19] return
[15] return 15296
[16] return 15298
[17] return
[18] return 15295
[20] return 15297
[22] call add(15299)
[23] call remove
[24] call remove
[25] call add(15300)
[26] call remove
[21] return empty
[27] call remove
[28] call remove
[22] return
[23] return 15299
[24] return empty
[25] return
[26] return 15300
[27] return empty
[29] call add(15301)
[30] call add(15302)
[31] call add(15303)
[32] call add(15304)
[33] call remove
[28] return empty
[34] call add(15305)
[35] call add(15306)
[29] return
[30] return
[31] return
[32] return
[33] return 15302
[34] return
[36] call add(15307)
[37] call add(15308)
[38] call add(15309)
[39] call add(15310)
[40] call remove
[35] return
[41] call remove
[42] call add(15311)
[36] return
[37] return
[38] return
[39] return
[40] return 15304
[43] call remove
[44] call add(15312)
[45] call add(15313)
[46] call remove
[47] call remove
[41] return 15303
[42] return
[48] call remove
[49] call add(15314)
[43] return 15301
[44] return
[45] return
[46] return 15307
[47] return 15306
[50] call add(15315)
[51] call remove
[52] call add(15316)
[53] call add(15317)
[54] call add(15318)
[48] return 15309
[49] return
[55] call remove
[56] call remove
[50] return
[51] return 15305
[52] return
[53] return
[54] return
[57] call remove
[58] call remove
[59] call add(15319)
[60] call remove
[61] call add(15320)
[55] return 15313
[56] return 15310
[62] call remove
[63] call add(15321)
[57] return 15311
[58] return 15312
[59] return
[60] return 15308
[61] return
[64] call remove
[65] call remove
[66] call remove
[67] call remove
[68] call add(15322)
[63] return
[62] return 15316
[64] return 15320
[69] call remove
[65] return 15318
[66] return 15315
[67] return 15317
[70] call remove
[68] return
[71] call add(15323)
[72] call add(15324)
[73] call add(15325)
[74] call remove
[75] call remove
[69] return 15321
[70] return 15319
[71] return
[76] call remove
[72] return
[73] return
[74] return 15314
[77] call remove
[75] return 15323
[78] call remove
[79] call add(15326)
[80] call remove
[81] call add(15327)
[82] call remove
[76] return 15325
[77] return 15324
[83] call add(15328)
[84] call add(15329)
[79] return
[80] return 15326
[81] return
[78] return 15322
[82] return 15327
[85] call add(15330)
[86] call remove
[87] call add(15331)
[88] call remove
[89] call add(15332)
[83] return
[84] return
[90] call remove
[91] call add(15333)
[85] return
[86] return 15329
[87] return
[92] call add(15334)
[89] return
[93] call add(15335)
[88] return 15330
[94] call remove
[95] call add(15336)
[90] return 15328
[91] return
[96] call remove
[92] return
[97] call remove
[98] call remove
[93] return
[94] return 15331
[99] call remove
[95] return
[100] call add(15337)
[98] return 15332
[101] call remove
[102] call remove
[97] return 15335
[96] return 15333
[103] call remove
[99] return 15334
[104] call add(15338)
[105] call add(15339)
[100] return
[101] return 15336
[106] call remove
[102] return 15337
[107] call add(15340)
[103] return empty
[108] call add(15341)
[109] call remove
[106] return empty
[105] return
[110] call remove
[104] return
[111] call add(15342)
[112] call remove
[107] return
[108] return
[113] call remove
[109] return 15338
[114] call add(15343)
[110] return 15339
[115] call remove
[116] call remove
[111] return
[112] return 15341
[117] call remove
[118] call remove
[113] return 15340
[115] return 15342
[119] call add(15344)
[120] call remove
[121] call remove
[114] return
[117] return 15343
[118] return empty
[116] return empty
[122] call remove
[119] return
[123] call add(15345)
[124] call add(15346)
[125] call remove
[120] return 15344
[121] return empty
[126] call add(15347)
[127] call add(15348)
[128] call add(15349)
[122] return empty
[123] return
[124] return
[125] return 15346
[129] call add(15350)
[126] return
[130] call add(15351)
[131] call remove
[132] call add(15352)
[127] return
[128] return
[133] call remove
[134] call remove
[135] call remove
[129] return
[130] return
[131] return 15345
[132] return
[136] call add(15353)
[133] return 15347
[137] call remove
[138] call add(15354)
[139] call add(15355)
[134] return 15348
[135] return 15350
[140] call remove
[141] call add(15356)
[142] call add(15357)
[136] return
[137] return 15351
[138] return
[139] return
[143] call add(15358)
[140] return 15352
[144] call add(15359)
[145] call remove
[146] call add(15360)
[141] return
[142] return
[147] call remove
[148] call remove
[149] call add(15361)
[143] return
[144] return
[145] return 15349
[146] return
[150] call add(15362)
[147] return 15357
[151] call remove
[152] call remove
[153] call remove
[148] return 15353
[149] return
[154] call remove
[155] call add(15363)
[156] call remove
[150] return
[151] return 15359
[152] return 15354
[153] return 15356
[157] call add(15364)
[154] return 15355
[158] call remove
[159] call remove
[160] call remove
[155] return
[156] return 15358
[161] call remove
[162] call add(15365)
[163] call add(15366)
[157] return
[158] return 15360
[159] return 15361
[160] return 15364
[164] call add(15367)
[161] return 15362
[165] call add(15368)
[166] call add(15369)
[167] call add(15370)
[162] return
[163] return
[168] call remove
[169] call remove
[170] call add(15371)
[164] return
[165] return
[166] return
[167] return
[171] call remove
[172] call add(15372)
[168] return 15363
[173] call remove
[174] call remove
[170] return
[171] return 15369
[175] call add(15373)
[169] return 15368
[174] return 15370
[176] call remove
[173] return 15366
[177] call add(15374)
[178] call remove
[179] call remove
[172] return
[180] call add(15375)
[177] return
[175] return
[181] call add(15376)
[182] call remove
[176] return 15365
[182] return 15367
[183] call add(15377)
[184] call remove
[179] return 15375
[185] call remove
[178] return 15371
[180] return
[181] return
[186] call add(15378)
[187] call add(15379)
[188] call add(15380)
[183] return
[189] call remove
[184] return 15374
[185] return 15372
[190] call remove
[191] call remove
[192] call remove
[186] return
[187] return
[193] call add(15381)
[189] return 15373
[194] call remove
[190] return 15376
[191] return 15378
[195] call add(15382)
[192] return 15377
[188] return
[193] return
[196] call remove
[197] call add(15383)
[198] call add(15384)
[199] call add(15385)
[194] return 15379
[200] call add(15386)
[195] return
[201] call add(15387)
[197] return
[202] call add(15388)
[196] return 15381
[198] return
[199] return
[200] return
[203] call add(15389)
[204] call remove
[205] call add(15390)
[206] call add(15391)
[201] return
[202] return
[207] call remove
[208] call remove
[206] return
[203] return
[209] call remove
[204] return 15382
[205] return
[210] call remove
[211] call add(15392)
[212] call remove
[213] call remove
[207] return 15380
[208] return 15389
[209] return 15388
[214] call add(15393)
[215] call add(15394)
[210] return 15390
[211] return
[216] call add(15395)
[212] return 15386
[213] return 15383
[217] call remove
[218] call remove
[219] call add(15396)
[220] call add(15397)
[214] return
[215] return
[216] return
[221] call add(15398)
[222] call remove
[217] return 15385
[218] return 15391
[223] call remove
[219] return
[220] return
[224] call add(15399)
[225] call remove
[226] call add(15400)
[227] call remove
[221] return
[222] return 15384
[223] return 15387
[228] call add(15401)
[229] call add(15402)
[224] return
[225] return 15396
[230] call remove
[226] return
[227] return 15399
[231] call add(15403)
[232] call remove
[233] call add(15404)
[234] call remove
[228] return
[229] return
[230] return 15397
[235] call add(15405)
[236] call add(15406)
[231] return
[232] return 15398
[237] call remove
[233] return
[234] return 15392
[235] return
[238] call remove
[239] call remove
[237] return 15394
[240] call remove
[241] call remove
[242] call remove
[236] return
[243] call remove
[238] return 15393
[239] return 15395
[244] call remove
[240] return 15406
[241] return 15402
[242] return 15401
[245] call add(15407)
[246] call add(15408)
[243] return 15400
[247] call remove
[248] call add(15409)
[249] call add(15410)
[244] return 15404
[250] call add(15411)
[245] return
[246] return
[251] call remove
[247] return 15403
[248] return
[249] return
[252] call remove
[253] call remove
[250] return
[254] call add(15412)
[255] call add(15413)
[256] call add(15414)
[251] return 15405
[257] call add(15415)
[252] return 15407
[253] return 15410
[258] call add(15416)
[254] return
[255] return
[256] return
[259] call add(15417)
[260] call remove
[257] return
[261] call add(15418)
[262] call remove
[263] call add(15419)
[258] return
[264] call remove
[259] return
[260] return 15409
[265] call add(15420)
[261] return
[262] return 15408
[263] return
[266] call remove
[267] call remove
[264] return 15411
[268] call remove
[269] call add(15421)
[270] call remove
[265] return
[271] call remove
[266] return 15417
[267] return 15416
[272] call add(15422)
[268] return 15414
[269] return
[270] return 15413
[273] call remove
[274] call add(15423)
[271] return 15418
[275] call remove
[276] call add(15424)
[277] call remove
[272] return
[278] call remove
[273] return 15420
[274] return
[279] call add(15425)
[275] return 15412
[276] return
[277] return 15419
[280] call remove
[281] call add(15426)
[278] return 15415
[282] call add(15427)
[283] call remove
[284] call add(15428)
[279] return
[285] call add(15429)
[280] return 15423
[281] return
[286] call add(15430)
[282] return
[283] return 15425
[284] return
[287] call add(15431)
[288] call remove
[285] return
[289] call add(15432)
[290] call remove
[291] call add(15433)
[286] return
[292] call add(15434)
[287] return
[288] return 15421
[293] call add(15435)
[289] return
[290] return 15422
[291] return
[294] call add(15436)
[295] call remove
[292] return
[296] call remove
[297] call add(15437)
[298] call add(15438)
[293] return
[299] call add(15439)
[294] return
[295] return 15424
[300] call remove
[296] return 15426
[297] return
[298] return
[301] call remove
[302] call add(15440)
[299] return
[303] call add(15441)
[304] call remove
[305] call remove
[300] return 15429
[306] call remove
[301] return 15431
[302] return
[307] call remove
[303] return
[304] return 15432
[305] return 15433
[308] call add(15442)
[309] call add(15443)
[306] return 15430
[310] call remove
[311] call add(15444)
[312] call remove
[307] return 15434
[313] call remove
[308] return
[312] return 15427
[314] call remove
[315] call add(15445)
[310] return 15435
[311] return
[309] return
[316] call add(15446)
[317] call remove
[318] call add(15447)
[319] call add(15448)
[313] return 15428
[315] return
[314] return 15440
[320] call remove
[316] return
[321] call remove
[317] return 15438
[318] return
[319] return
[322] call remove
[323] call remove
[324] call add(15449)
[325] call remove
[326] call remove
[320] return 15436
[321] return 15441
[322] return 15439
[327] call remove
[323] return 15445
[328] call remove
[324] return
[325] return 15442
[326] return 15437
[329] call add(15450)
[330] call remove
[331] call add(15451)
[332] call remove
[333] call remove
[327] return 15443
[328] return 15444
[329] return
[334] call add(15452)
[330] return 15450
[335] call remove
[331] return
[332] return 15446
[333] return 15449
[336] call remove
[337] call add(15453)
[338] call add(15454)
[339] call remove
[340] call add(15455)
[334] return
[335] return 15448
[336] return 15447
[341] call remove
[337] return
[342] call remove
[338] return
[339] return 15453
[340] return
[343] call add(15456)
[344] call add(15457)
[345] call add(15458)
[346] call add(15459)
[347] call add(15460)
[341] return 15452
[342] return 15451
[343] return
[348] call add(15461)
[344] return
[349] call add(15462)
[345] return
[346] return
[350] call remove
[351] call add(15463)
[352] call add(15464)
[347] return
[353] call add(15465)
[348] return
[349] return
[354] call add(15466)
[350] return 15454
[351] return
[355] call remove
[352] return
[356] call remove
[353] return
[357] call add(15467)
[358] call remove
[359] call remove
[354] return
[360] call remove
[355] return 15464
[356] return 15458
[361] call remove
[357] return
[358] return 15461
[362] call remove
[359] return 15455
[363] call add(15468)
[360] return 15462
[364] call remove
[365] call add(15469)
[366] call add(15470)
[361] return 15457
[367] call add(15471)
[362] return 15456
[363] return
[368] call add(15472)
[364] return 15459
[365] return
[369] call remove
[366] return
[370] call add(15473)
[367] return
[371] call remove
[372] call add(15474)
[373] call add(15475)
[368] return
[374] call add(15476)
[369] return 15460
[370] return
[375] call remove
[371] return 15463
[372] return
[376] call add(15477)
[373] return
[377] call add(15478)
[374] return
[378] call add(15479)
[379] call add(15480)
[380] call add(15481)
[375] return 15468
[381] call remove
[376] return
[377] return
[382] call remove
[378] return
[379] return
[383] call add(15482)
[380] return
[384] call remove
[381] return 15466
[385] call remove
[386] call add(15483)
[387] call remove
[382] return 15474
[388] call remove
[383] return
[384] return 15470
[389] call remove
[385] return 15469
[386] return
[390] call remove
[387] return 15467
[391] call remove
[388] return 15465
[392] call remove
[393] call add(15484)
[394] call add(15485)
[389] return 15472
[395] call add(15486)
[390] return 15471
[391] return 15473
[396] call add(15487)
[392] return 15476
[393] return
[397] call remove
[394] return
[398] call remove
[395] return
[399] call remove
[400] call remove
[401] call remove
[396] return
[402] call remove
[397] return 15475
[398] return 15478
[403] call remove
[399] return 15479
[400] return 15480
[404] call remove
[401] return 15477
[405] call add(15488)
[402] return 15482
[406] call remove
[407] call remove
[408] call remove
[403] return 15483
[409] call remove
[404] return 15481
[405] return
[410] call add(15489)
[406] return 15485
[407] return 15486
[411] call add(15490)
[408] return 15484
[412] call add(15491)
[409] return 15488
[413] call remove
[414] call remove
[415] call remove
[410] return
[416] call add(15492)
[411] return
[412] return
[417] call remove
[413] return 15487
[414] return 15491
[418] call add(15493)
[415] return 15490
[419] call remove
[416] return
[420] call remove
[421] call remove
[422] call remove
[417] return 15489
[423] call add(15494)
[418] return
[419] return 15492
[424] call remove
[420] return 15493
[421] return empty
[425] call remove
[422] return empty
[426] call add(15495)
[423] return
[427] call remove
[428] call remove
[429] call remove
[424] return 15494
[430] call add(15496)
[425] return empty
[426] return
[431] call remove
[427] return 15495
[428] return empty
[432] call add(15497)
[429] return empty
[433] call add(15498)
[430] return
[434] call remove
[435] call add(15499)
[436] call add(15500)
[431] return 15496
[437] call add(15501)
[432] return
[433] return
[438] call remove
[434] return 15497
[435] return
[439] call remove
[436] return
[440] call add(15502)
[437] return
[441] call add(15503)
[442] call add(15504)
[443] call add(15505)
[438] return 15498
[444] call add(15506)
[439] return 15500
[440] return
[445] call remove
[441] return
[442] return
[446] call add(15507)
[443] return
[447] call add(15508)
[444] return
[448] call remove
[449] call remove
[450] call add(15509)
[445] return 15501
[451] call remove
[446] return
[447] return
[452] call remove
[448] return 15499
[449] return 15502
[453] call remove
[450] return
[454] call add(15510)
[451] return 15506
[455] call remove
[456] call add(15511)
[457] call remove
[452] return 15504
[458] call remove
[455] return 15505
[454] return
[459] call remove
[453] return 15507
[456] return
[460] call add(15512)
[457] return 15503
[461] call add(15513)
[458] return 15508
[462] call add(15514)
[463] call remove
[459] return 15509
[464] call remove
[465] call add(15515)
[460] return
[461] return
[462] return
[466] call add(15516)
[467] call add(15517)
[468] call remove
[463] return 15510
[469] call add(15518)
[470] call remove
[464] return 15511
[465] return
[466] return
[467] return
[468] return 15516
[469] return
[471] call add(15519)
[472] call add(15520)
[473] call remove
[474] call add(15521)
[475] call add(15522)
[470] return 15514
[476] call add(15523)
[477] call remove
[471] return
[472] return
[473] return 15513
[474] return
[475] return
[476] return
[478] call remove
[479] call remove
[480] call remove
[481] call remove
[482] call add(15524)
[477] return 15512
[483] call remove
[484] call add(15525)
[478] return 15517
[479] return 15515
[485] call remove
[481] return 15521
[483] return 15519
[480] return 15520
[486] call remove
[487] call remove
[482] return
[484] return
[488] call add(15526)
[489] call add(15527)
[485] return 15522
[490] call remove
[487] return 15518
[491] call remove
[488] return
[492] call add(15528)
[486] return 15523
[493] call remove
[494] call remove
[492] return
[491] return 15524
[495] call remove
[496] call add(15529)
[490] return 15527
[497] call add(15530)
[489] return
[498] call remove
[493] return 15526
[499] call add(15531)
[494] return 15525
[495] return 15528
[496] return
[500] call remove
[497] return
[501] call remove
[502] call add(15532)
[503] call remove
[498] return 15529
[504] call add(15533)
[499] return
[505] call remove
[500] return 15530
[506] call add(15534)
[501] return 15531
[502] return
[503] return 15532
[507] call add(15535)
[504] return
[508] call add(15536)
[509] call add(15537)
[510] call remove
[505] return 15533
[511] call add(15538)
[506] return
[512] call remove
[507] return
[513] call remove
[508] return
[509] return
[510] return 15536
[514] call add(15539)
[511] return
[515] call remove
[516] call remove
[517] call add(15540)
[512] return 15535
[518] call remove
[513] return 15534
[515] return 15537
[519] call add(15541)
[514] return
[520] call remove
[516] return 15538
[521] call remove
[522] call add(15542)
[518] return 15539
[517] return
[523] call remove
[519] return
[524] call remove
[520] return 15541
[525] call remove
[521] return 15540
[526] call add(15543)
[522] return
[527] call add(15544)
[523] return 15542
[528] call remove
[529] call add(15545)
[524] return empty
[525] return empty
[530] call remove
[526] return
[531] call add(15546)
[527] return
[532] call add(15547)
[528] return 15543
[533] call add(15548)
[529] return
[534] call remove
[530] return 15544
[535] call add(15549)
[536] call add(15550)
[531] return
[532] return
[537] call remove
[533] return
[538] call add(15551)
[534] return 15548
[539] call remove
[535] return
[540] call add(15552)
[536] return
[541] call add(15553)
[537] return 15546
[542] call add(15554)
[543] call add(15555)
[538] return
[539] return 15547
[544] call add(15556)
[540] return
[545] call add(15557)
[541] return
[546] call remove
[542] return
[547] call add(15558)
[543] return
[548] call add(15559)
[544] return
[549] call add(15560)
[550] call remove
[545] return
[546] return 15545
[551] call remove
[547] return
[552] call remove
[548] return
[553] call remove
[549] return
[554] call add(15561)
[550] return 15556
[555] call remove
[551] return 15554
[556] call add(15562)
[557] call remove
[552] return 15552
[553] return 15549
[558] call add(15563)
[554] return
[559] call add(15564)
[555] return 15555
[560] call add(15565)
[556] return
[561] call remove
[557] return 15551
[562] call add(15566)
[558] return
[563] call add(15567)
[564] call remove
[559] return
[560] return
[565] call remove
[561] return 15558
[566] call add(15568)
[562] return
[567] call remove
[563] return
[568] call add(15569)
[564] return 15557
[569] call add(15570)
[565] return 15553
[570] call remove
[571] call remove
[566] return
[567] return 15550
[572] call remove
[568] return
[573] call remove
[569] return
[574] call add(15571)
[570] return 15564
[575] call add(15572)
[571] return 15560
[576] call add(15573)
[572] return 15562
[577] call add(15574)
[578] call add(15575)
[573] return 15559
[574] return
[579] call remove
[575] return
[580] call add(15576)
[576] return
[581] call remove
[577] return
[582] call remove
[578] return
[583] call add(15577)
[579] return 15565
[584] call remove
[585] call remove
[580] return
[581] return 15567
[586] call add(15578)
[582] return 15568
[587] call add(15579)
[583] return
[588] call add(15580)
[584] return 15561
[589] call remove
[585] return 15563
[590] call add(15581)
[586] return
[591] call remove
[592] call add(15582)
[587] return
[588] return
[593] call add(15583)
[589] return 15566
[594] call add(15584)
[590] return
[595] call add(15585)
[591] return 15578
[596] call remove
[592] return
[597] call add(15586)
[593] return
[598] call add(15587)
[599] call add(15588)
[594] return
[595] return
[600] call add(15589)
[596] return 15573
[601] call remove
[597] return
[602] call add(15590)
[598] return
[603] call remove
[599] return
[604] call add(15591)
[600] return
[605] call remove
[606] call add(15592)
[601] return 15570
[602] return
[607] call remove
[603] return 15574
[608] call add(15593)
[604] return
[609] call remove
[605] return 15571
[610] call remove
[606] return
[611] call add(15594)
[607] return 15572
[612] call add(15595)
[613] call add(15596)
[608] return
[609] return 15569
[614] call add(15597)
[610] return 15575
[615] call add(15598)
[611] return
[616] call add(15599)
[612] return
[617] call remove
[613] return
[618] call remove
[614] return
[619] call add(15600)
[620] call add(15601)
[615] return
[616] return
[621] call add(15602)
[617] return 15577
[622] call add(15603)
[618] return 15576
[623] call add(15604)
[619] return
[624] call remove
[620] return
[625] call remove
[621] return
[626] call remove
[627] call add(15605)
[622] return
[623] return
[628] call add(15606)
[624] return 15581
[629] call remove
[625] return 15580
[630] call add(15607)
[626] return 15587
[631] call remove
[627] return
[632] call add(15608)
[628] return
[633] call remove
[634] call add(15609)
[629] return 15579
[630] return
[635] call add(15610)
[631] return 15586
[636] call add(15611)
[632] return
[637] call remove
[633] return 15583
[638] call remove
[634] return
[639] call add(15612)
[635] return
[640] call add(15613)
[641] call add(15614)
[636] return
[637] return 15588
[642] call add(15615)
[638] return 15582
[643] call add(15616)
[639] return
[644] call add(15617)
[640] return
[645] call remove
[641] return
[646] call add(15618)
[642] return
[647] call add(15619)
[648] call add(15620)
[643] return
[644] return
[649] call remove
[645] return 15584
[650] call add(15621)
[646] return
[651] call add(15622)
[647] return
[652] call remove
[648] return
[653] call remove
[649] return 15585
[654] call remove
[655] call remove
[650] return
[651] return
[656] call remove
[652] return 15590
[657] call add(15623)
[653] return 15591
[658] call add(15624)
[654] return 15593
[659] call add(15625)
[655] return 15592
[660] call add(15626)
[656] return 15589
[661] call remove
[662] call remove
[657] return
[658] return
[663] call add(15627)
[659] return
[664] call remove
[660] return
[665] call add(15628)
[661] return 15594
[666] call remove
[662] return 15596
[667] call add(15629)
[663] return
[668] call add(15630)
[669] call remove
[664] return 15595
[665] return
[670] call add(15631)
[666] return 15598
[671] call add(15632)
[667] return
[672] call add(15633)
[668] return
[673] call add(15634)
[669] return 15597
[674] call remove
[670] return
[675] call remove
[676] call remove
[671] return
[672] return
[677] call remove
[673] return
[678] call add(15635)
[674] return 15604
[679] call add(15636)
[675] return 15603
[680] call add(15637)
[676] return 15602
[681] call add(15638)
[677] return 15599
[682] call remove
[683] call remove
[678] return
[679] return
[684] call remove
[680] return
[685] call remove
[681] return
[686] call add(15639)
[682] return 15608
[687] call remove
[683] return 15607
[688] call add(15640)
[684] return 15605
[689] call remove
[690] call remove
[685] return 15601
[686] return
[691] call remove
[687] return 15606
[692] call remove
[688] return
[689] return 15600
[691] return 15614
[693] call add(15641)
[690] return 15609
[694] call remove
[695] call remove
[692] return 15610
[696] call add(15642)
[697] call remove
[698] call add(15643)
[693] return
[699] call remove
[695] return 15613
[694] return 15611
[700] call add(15644)
[696] return
[697] return 15616
[698] return
[701] call remove
[702] call add(15645)
[699] return 15612
[703] call remove
[704] call add(15646)
[705] call remove
[700] return
[706] call remove
[701] return 15615
[702] return
[707] call remove
[703] return 15617
[704] return
[705] return 15618
[708] call add(15647)
[709] call remove
[706] return 15628
[710] call remove
[711] call add(15648)
[712] call add(15649)
[707] return 15625
[713] call remove
[708] return
[709] return 15624
[714] call remove
[710] return 15623
[711] return
[712] return
[715] call add(15650)
[716] call remove
[713] return 15626
[717] call add(15651)
[718] call add(15652)
[719] call add(15653)
[714] return 15621
[720] call remove
[715] return
[716] return 15620
[721] call add(15654)
[717] return
[718] return
[719] return
[722] call add(15655)
[723] call remove
[720] return 15622
[724] call add(15656)
[725] call remove
[726] call add(15657)
[721] return
[727] call remove
[722] return
[723] return 15619
[728] call remove
[724] return
[725] return 15627
[726] return
[729] call add(15658)
[730] call add(15659)
[727] return 15637
[731] call remove
[732] call remove
[733] call remove
[728] return 15638
[734] call add(15660)
[729] return
[730] return
[735] call add(15661)
[731] return 15633
[732] return 15631
[733] return 15629
[736] call add(15662)
[737] call remove
[734] return
[738] call add(15663)
[739] call remove
[740] call remove
[735] return
[741] call remove
[736] return
[737] return 15630
[742] call add(15664)
[738] return
[739] return 15634
[740] return 15635
[743] call add(15665)
[744] call remove
[741] return 15632
[745] call add(15666)
[746] call remove
[747] call add(15667)
[742] return
[748] call add(15668)
[743] return
[744] return 15636
[749] call add(15669)
[745] return
[746] return 15640
[747] return
[750] call remove
[751] call add(15670)
[748] return
[752] call remove
[753] call remove
[754] call remove
[749] return
[755] call remove
[750] return 15641
[751] return
[756] call remove
[752] return 15646
[753] return 15645
[754] return 15644
[757] call remove
[758] call add(15671)
[755] return 15642
[759] call remove
[760] call add(15672)
[761] call remove
[756] return 15647
[762] call remove
[757] return 15648
[758] return
[763] call remove
[759] return 15639
[760] return
[761] return 15643
[764] call remove
[765] call remove
[762] return 15650
[766] call add(15673)
[767] call add(15674)
[768] call remove
[763] return 15656
[769] call remove
[764] return 15655
[765] return 15658
[770] call remove
[766] return
[767] return
[768] return 15654
[771] call remove
[772] call remove
[769] return 15652
[773] call remove
[774] call add(15675)
[775] call remove
[770] return 15657
[776] call add(15676)
[771] return 15653
[772] return 15651
[777] call add(15677)
[773] return 15649
[774] return
[775] return 15664
[778] call add(15678)
[779] call remove
[776] return
[780] call add(15679)
[781] call remove
[782] call remove
[777] return
[783] call remove
[778] return
[779] return 15666
[784] call remove
[780] return
[781] return 15667
[782] return 15660
[785] call remove
[786] call remove
[783] return 15665
[787] call remove
[788] call remove
[789] call add(15680)
[784] return 15659
[790] call add(15681)
[785] return 15668
[786] return 15663
[791] call add(15682)
[787] return 15662
[788] return 15661
[789] return
[792] call add(15683)
[793] call remove
[790] return
[794] call remove
[795] call remove
[796] call add(15684)
[791] return
[797] call remove
[792] return
[793] return 15671
[798] call remove
[794] return 15673
[795] return 15678
[796] return
[799] call remove
[800] call add(15685)
[797] return 15672
[801] call add(15686)
[802] call add(15687)
[803] call add(15688)
[798] return 15674
[804] call add(15689)
[799] return 15675
[800] return
[805] call add(15690)
[801] return
[802] return
[803] return
[806] call add(15691)
[807] call remove
[804] return
[808] call add(15692)
[809] call remove
[810] call add(15693)
[805] return
[811] call add(15694)
[806] return
[807] return 15676
[812] call add(15695)
[808] return
[809] return 15670
[810] return
[813] call remove
[814] call remove
[811] return
[815] call remove
[816] call add(15696)
[817] call add(15697)
[812] return
[818] call add(15698)
[813] return 15677
[814] return 15669
[819] call remove
[815] return 15688
[816] return
[817] return
[820] call add(15699)
[821] call remove
[818] return
[822] call remove
[823] call remove
[824] call add(15700)
[819] return 15681
[825] call add(15701)
[820] return
[821] return 15683
[826] call remove
[822] return 15679
[823] return 15684
[824] return
[827] call remove
[828] call add(15702)
[825] return
[829] call add(15703)
[830] call add(15704)
[831] call remove
[826] return 15682
[832] call remove
[827] return 15686
[828] return
[833] call remove
[829] return
[830] return
[831] return 15680
[834] call remove
[835] call remove
[832] return 15687
[836] call remove
[837] call remove
[838] call add(15705)
[833] return 15685
[839] call add(15706)
[834] return 15693
[835] return 15692
[840] call add(15707)
[836] return 15694
[837] return 15696
[838] return
[841] call add(15708)
[842] call remove
[839] return
[843] call add(15709)
[844] call remove
[845] call remove
[840] return
[846] call remove
[841] return
[842] return 15689
[847] call remove
[843] return
[844] return 15697
[845] return 15695
[848] call add(15710)
[849] call add(15711)
[846] return 15698
[850] call add(15712)
[851] call add(15713)
[852] call add(15714)
[847] return 15691
[853] call remove
[848] return
[849] return
[854] call add(15715)
[850] return
[851] return
[852] return
[855] call add(15716)
[856] call add(15717)
[853] return 15690
[857] call add(15718)
[858] call remove
[859] call remove
[854] return
[860] call remove
[855] return
[856] return
[861] call add(15719)
[857] return
[858] return 15705
[859] return 15706
[862] call add(15720)
[863] call add(15721)
[860] return 15704
[864] call remove
[865] call add(15722)
[866] call remove
[861] return
[867] call remove
[862] return
[863] return
[868] call add(15723)
[864] return 15707
[865] return
[866] return 15708
[869] call add(15724)
[870] call add(15725)
[867] return 15700
[871] call add(15726)
[872] call remove
[873] call add(15727)
[868] return
[874] call add(15728)
[869] return
[870] return
[875] call add(15729)
[871] return
[872] return 15699
[873] return
[876] call add(15730)
[877] call remove
[874] return
[878] call add(15731)
[879] call remove
[880] call remove
[875] return
[881] call add(15732)
[876] return
[877] return 15703
[882] call add(15733)
[878] return
[879] return 15701
[880] return 15702
[883] call add(15734)
[884] call add(15735)
[881] return
[885] call remove
[886] call remove
[887] call remove
[882] return
[888] call add(15736)
[883] return
[884] return
[889] call remove
[885] return 15715
[886] return 15716
[887] return 15713
[890] call remove
[891] call add(15737)
[888] return
[892] call remove
[893] call add(15738)
[894] call remove
[889] return 15712
[895] call add(15739)
[890] return 15710
[891] return
[896] call add(15740)
[892] return 15714
[893] return
[894] return 15717
[897] call add(15741)
[898] call remove
[895] return
[899] call add(15742)
[900] call add(15743)
[901] call add(15744)
[896] return
[902] call remove
[897] return
[898] return 15709
[903] call add(15745)
[899] return
[900] return
[901] return
[904] call add(15746)
[905] call remove
[902] return 15711
[906] call remove
[907] call add(15747)
[908] call remove
[903] return
[909] call add(15748)
[904] return
[905] return 15718
[910] call remove
[906] return 15727
[907] return
[908] return 15726
[911] call remove
[912] call add(15749)
[909] return
[913] call remove
[914] call remove
[915] call remove
[910] return 15723
[916] call remove
[911] return 15728
[912] return
[917] call remove
[913] return 15724
[914] return 15721
[915] return 15719
[918] call remove
[919] call add(15750)
[916] return 15720
[917] return 15722
[920] call remove
[921] call remove
[922] call remove
[918] return 15725
[923] call remove
[924] call add(15751)
[919] return
[925] call remove
[920] return 15735
[926] call remove
[921] return 15732
[922] return 15734
[923] return 15729
[927] call remove
[925] return 15738
[928] call add(15752)
[924] return
[929] call add(15753)
[930] call remove
[926] return 15730
[931] call add(15754)
[932] call add(15755)
[927] return 15733
[933] call remove
[928] return
[929] return
[930] return 15736
[934] call add(15756)
[931] return
[935] call remove
[932] return
[936] call add(15757)
[937] call add(15758)
[933] return 15731
[938] call add(15759)
[939] call remove
[934] return
[940] call add(15760)
[935] return 15737
[936] return
[937] return
[941] call remove
[938] return
[942] call remove
[939] return 15739
[943] call remove
[944] call add(15761)
[940] return
[945] call remove
[946] call remove
[941] return 15747
[947] call add(15762)
[942] return 15744
[943] return 15741
[944] return
[948] call remove
[945] return 15745
[949] call add(15763)
[946] return 15740
[950] call add(15764)
[951] call remove
[947] return
[952] call remove
[953] call remove
[948] return 15746
[954] call add(15765)
[949] return
[950] return
[951] return 15742
[955] call add(15766)
[952] return 15743
[956] call add(15767)
[957] call remove
[958] call add(15768)
[953] return 15748
[954] return
[959] call remove
[955] return
[960] call remove
[961] call add(15769)
[956] return
[957] return 15757
[958] return
[962] call remove
[959] return 15750
[963] call add(15770)
[964] call add(15771)
[965] call add(15772)
[960] return 15754
[961] return
[966] call remove
[962] return 15751
[967] call add(15773)
[968] call remove
[963] return
[964] return
[965] return
[969] call add(15774)
[966] return 15749
[970] call add(15775)
[971] call remove
[972] call remove
[967] return
[968] return 15755
[973] call add(15776)
[969] return
[974] call remove
[975] call remove
[970] return
[971] return 15756
[972] return 15758
[976] call remove
[973] return
[977] call add(15777)
[978] call remove
[979] call add(15778)
[974] return 15752
[975] return 15753
[980] call add(15779)
[976] return 15760
[981] call add(15780)
[982] call add(15781)
[977] return
[978] return 15762
[979] return
[983] call add(15782)
[980] return
[984] call remove
[985] call remove
[986] call remove
[981] return
[982] return
[987] call add(15783)
[983] return
[988] call remove
[989] call add(15784)
[984] return 15759
[985] return 15768
[990] call add(15785)
[991] call remove
[987] return
[986] return 15764
[992] call remove
[988] return 15766
[989] return
[993] call add(15786)
[994] call add(15787)
[990] return
[991] return 15765
[995] call remove
[996] call add(15788)
[992] return 15767
[997] call add(15789)
[998] call add(15790)
[993] return
[994] return
[999] call remove
[995] return 15761
[996] return
[1000] call remove
[1001] call remove
[997] return
[998] return
[1002] call add(15791)
[1003] call remove
[999] return 15763
[1004] call remove
[1005] call add(15792)
[1000] return 15778
[1001] return 15771
[1006] call add(15793)
[1002] return
[1003] return 15770
[1007] call add(15794)
[1008] call add(15795)
[1004] return 15773
[1006] return
[1009] call add(15796)
[1010] call add(15797)
[1005] return
[1011] call add(15798)
[1012] call remove
[1007] return
[1008] return
[1013] call add(15799)
[1009] return
[1010] return
[1014] call remove
[1015] call remove
[1011] return
[1012] return 15769
[1016] call add(15800)
[1017] call remove
[1013] return
[1018] call add(15801)
[1019] call remove
[1014] return 15776
[1020] call add(15802)
[1015] return 15777
[1016] return
[1017] return 15775
[1021] call remove
[1022] call remove
[1018] return
[1019] return 15772
[1023] call remove
[1024] call add(15803)
[1020] return
[1025] call remove
[1026] call remove
[1021] return 15774
[1027] call add(15804)
[1022] return 15786
[1023] return 15787
[1024] return
[1028] call remove
[1029] call remove
[1025] return 15779
[1026] return 15785
[1030] call remove
[1031] call remove
[1027] return
[1032] call remove
[1033] call add(15805)
[1028] return 15780
[1034] call remove
[1029] return 15783
[1030] return 15784
[1031] return 15788
[1035] call remove
[1036] call remove
[1034] return 15781
[1033] return
[1037] call add(15806)
[1038] call remove
[1032] return 15782
[1039] call add(15807)
[1040] call remove
[1035] return 15791
[1041] call remove
[1036] return 15794
[1037] return
[1038] return 15798
[1042] call remove
[1043] call remove
[1039] return
[1040] return 15793
[1044] call remove
[1045] call add(15808)
[1041] return 15789
[1046] call add(15809)
[1047] call add(15810)
[1042] return 15790
[1048] call remove
[1043] return 15797
[1044] return 15792
[1045] return
[1049] call remove
[1050] call add(15811)
[1046] return
[1047] return
[1051] call remove
[1052] call remove
[1048] return 15795
[1053] call remove
[1054] call add(15812)
[1049] return 15796
[1055] call remove
[1050] return
[1051] return 15807
[1052] return 15799
[1056] call remove
[1057] call remove
[1053] return 15805
[1054] return
[1058] call remove
[1059] call remove
[1055] return 15801
[1060] call remove
[1061] call add(15813)
[1056] return 15803
[1062] call add(15814)
[1057] return 15802
[1058] return 15808
[1059] return 15806
[1063] call remove
[1064] call add(15815)
[1060] return 15804
[1061] return
[1065] call add(15816)
[1066] call add(15817)
[1062] return
[1067] call remove
[1068] call remove
[1063] return 15800
[1069] call add(15818)
[1064] return
[1065] return
[1066] return
[1070] call add(15819)
[1071] call add(15820)
[1067] return 15813
[1068] return 15812
[1072] call add(15821)
[1073] call remove
[1069] return
[1074] call remove
[1075] call remove
[1070] return
[1076] call remove
[1071] return
[1072] return
[1073] return 15814
[1077] call remove
[1078] call remove
[1074] return 15810
[1075] return 15817
[1079] call remove
[1080] call remove
[1076] return 15811
[1081] call remove
[1082] call remove
[1077] return 15809
[1080] return 15821
[1078] return 15816
[1079] return 15815
[1083] call remove
[1084] call add(15822)
[1085] call remove
[1086] call add(15823)
[1081] return 15818
[1082] return 15819
[1087] call remove
[1088] call add(15824)
[1089] call add(15825)
[1083] return 15820
[1084] return
[1085] return 15822
[1086] return
[1087] return 15823
[1090] call add(15826)
[1091] call remove
[1092] call add(15827)
[1093] call remove
[1088] return
[1089] return
[1094] call add(15828)
[1095] call remove
[1096] call remove
[1090] return
[1091] return 15825
[1092] return
[1093] return 15826
[1094] return
[1097] call add(15829)
[1098] call add(15830)
[1099] call remove
[1100] call add(15831)
[1095] return 15824
[1096] return 15827
[1101] call add(15832)
[1102] call add(15833)
[1103] call add(15834)
[1097] return
[1098] return
[1099] return 15828
[1100] return
[1101] return
[1104] call add(15835)
[1105] call add(15836)
[1106] call remove
[1107] call add(15837)
[1102] return
[1103] return
[1108] call add(15838)
[1109] call remove
[1110] call remove
[1104] return
[1105] return
[1106] return 15836
[1107] return
[1108] return
[1111] call add(15839)
[1112] call remove
[1113] call add(15840)
[1114] call add(15841)
[1109] return 15830
[1110] return 15832
[1115] call add(15842)
[1116] call add(15843)
[1117] call add(15844)
[1111] return
[1112] return 15833
[1113] return
[1114] return
[1115] return
[1118] call remove
[1119] call remove
[1120] call remove
[1121] call add(15845)
[1116] return
[1117] return
[1122] call remove
[1123] call add(15846)
[1124] call add(15847)
[1118] return 15829
[1119] return 15831
[1120] return 15834
[1121] return
[1122] return 15835
[1125] call add(15848)
[1126] call remove
[1127] call add(15849)
[1128] call remove
[1123] return
[1124] return
[1129] call add(15850)
[1130] call add(15851)
[1131] call add(15852)
[1125] return
[1126] return 15844
[1127] return
[1128] return 15838
[1129] return
[1132] call add(15853)
[1133] call remove
[1134] call add(15854)
[1135] call add(15855)
[1130] return
[1131] return
[1136] call remove
[1137] call add(15856)
[1138] call add(15857)
[1132] return
[1133] return 15845
[1134] return
[1135] return
[1139] call add(15858)
[1138] return
[1137] return
[1136] return 15841
[1140] call remove
[1141] call remove
[1142] call remove
[1143] call remove
[1144] call add(15859)
[1145] call add(15860)
[1140] return 15837
[1141] return 15839
[1139] return
[1146] call remove
[1142] return 15842
[1147] call add(15861)
[1148] call add(15862)
[1143] return 15840
[1144] return
[1145] return
[1149] call remove
[1150] call add(15863)
[1151] call add(15864)
[1152] call remove
[1146] return 15846
[1147] return
[1148] return
[1153] call remove
[1149] return 15843
[1154] call remove
[1155] call remove
[1150] return
[1152] return 15854
[1156] call remove
[1151] return
[1157] call remove
[1155] return 15856
[1158] call add(15865)
[1153] return 15851
[1154] return 15855
[1159] call remove
[1160] call add(15866)
[1161] call add(15867)
[1156] return 15850
[1162] call add(15868)
[1157] return 15847
[1158] return
[1163] call remove
[1159] return 15849
[1164] call remove
[1160] return
[1165] call add(15869)
[1161] return
[1162] return
[1166] call add(15870)
[1167] call add(15871)
[1168] call add(15872)
[1163] return 15848
[1169] call remove
[1164] return 15852
[1165] return
[1170] call add(15873)
[1166] return
[1171] call remove
[1167] return
[1172] call remove
[1168] return
[1169] return 15853
[1173] call add(15874)
[1174] call remove
[1175] call remove
[1170] return
[1176] call remove
[1171] return 15857
[1172] return 15865
[1177] call add(15875)
[1173] return
[1178] call add(15876)
[1174] return 15859
[1179] call add(15877)
[1175] return 15858
[1176] return 15862
[1180] call add(15878)
[1181] call add(15879)
[1182] call remove
[1177] return
[1183] call remove
[1178] return
[1180] return
[1179] return
[1184] call add(15880)
[1185] call remove
[1186] call remove
[1187] call add(15881)
[1182] return 15866
[1183] return 15864
[1181] return
[1188] call remove
[1184] return
[1189] call add(15882)
[1190] call add(15883)
[1185] return 15863
[1186] return 15861
[1187] return
[1191] call remove
[1192] call remove
[1193] call remove
[1194] call remove
[1188] return 15860
[1189] return
[1190] return
[1195] call remove
[1191] return 15870
[1196] call add(15884)
[1197] call add(15885)
[1192] return 15868
[1193] return 15867
[1194] return 15873
[1198] call remove
[1199] call add(15886)
[1200] call add(15887)
[1201] call remove
[1195] return 15875
[1196] return
[1197] return
[1202] call remove
[1198] return 15871
[1203] call remove
[1204] call add(15888)
[1199] return
[1200] return
[1201] return 15874
[1205] call add(15889)
[1206] call add(15890)
[1207] call remove
[1208] call remove
[1202] return 15869
[1203] return 15876
[1204] return
[1209] call remove
[1205] return
[1210] call remove
[1211] call remove
[1206] return
[1207] return 15872
[1208] return 15885
[1212] call remove
[1213] call remove
[1214] call add(15891)
[1215] call add(15892)
[1209] return 15880
[1210] return 15882
[1211] return 15881
[1216] call remove
[1212] return 15877
[1217] call add(15893)
[1218] call add(15894)
[1213] return 15883
[1214] return
[1215] return
[1219] call remove
[1220] call remove
[1221] call add(15895)
[1222] call add(15896)
[1216] return 15879
[1217] return
[1218] return
[1223] call remove
[1219] return 15884
[1224] call add(15897)
[1225] call add(15898)
[1220] return 15886
[1221] return
[1222] return
[1226] call remove
[1227] call remove
[1228] call add(15899)
[1229] call add(15900)
[1223] return 15878
[1224] return
[1225] return
[1230] call remove
[1226] return 15887
[1231] call remove
[1232] call remove
[1227] return 15888
[1228] return
[1229] return
[1233] call remove
[1234] call remove
[1235] call remove
[1236] call remove
[1230] return 15889
[1231] return 15892
[1232] return 15891
[1237] call add(15901)
[1233] return 15890
[1238] call add(15902)
[1239] call remove
[1234] return 15894
[1235] return 15893
[1236] return 15895
[1240] call add(15903)
[1241] call remove
[1242] call add(15904)
[1243] call remove
[1237] return
[1238] return
[1239] return 15896
[1244] call remove
[1240] return
[1245] call add(15905)
[1246] call add(15906)
[1241] return 15897
[1242] return
[1243] return 15903
[1247] call add(15907)
[1244] return 15898
[1248] call remove
[1249] call add(15908)
[1250] call remove
[1251] call add(15909)
[1246] return
[1245] return
[1247] return
[1252] call remove
[1248] return 15900
[1249] return
[1250] return 15901
[1253] call add(15910)
[1254] call remove
[1251] return
[1255] call add(15911)
[1256] call add(15912)
[1257] call remove
[1258] call add(15913)
[1252] return 15899
[1253] return
[1254] return 15902
[1259] call remove
[1255] return
[1256] return
[1257] return 15907
[1260] call remove
[1261] call remove
[1258] return
[1262] call remove
[1263] call add(15914)
[1264] call remove
[1265] call add(15915)
[1259] return 15910
[1260] return 15905
[1261] return 15908
[1266] call remove
[1262] return 15904
[1263] return
[1264] return 15912
[1267] call add(15916)
[1268] call add(15917)
[1265] return
[1269] call remove
[1270] call add(15918)
[1271] call add(15919)
[1272] call remove
[1266] return 15906
[1267] return
[1268] return
[1273] call add(15920)
[1269] return 15909
[1270] return
[1271] return
[1274] call add(15921)
[1275] call remove
[1272] return 15911
[1276] call remove
[1277] call remove
[1278] call add(15922)
[1279] call remove
[1273] return
[1274] return
[1275] return 15919
[1280] call remove
[1276] return 15914
[1277] return 15920
[1278] return
[1281] call add(15923)
[1282] call add(15924)
[1279] return 15918
[1283] call add(15925)
[1284] call remove
[1285] call remove
[1286] call add(15926)
[1280] return 15921
[1281] return
[1282] return
[1287] call add(15927)
[1288] call add(15928)
[1283] return
[1284] return 15915
[1285] return 15913
[1289] call add(15929)
[1290] call remove
[1291] call remove
[1292] call remove
[1286] return
[1287] return
[1288] return
[1293] call add(15930)
[1289] return
[1294] call remove
[1295] call add(15931)
[1290] return 15917
[1291] return 15916
[1292] return 15927
[1296] call add(15932)
[1297] call remove
[1298] call add(15933)
[1299] call add(15934)
[1293] return
[1294] return 15923
[1295] return
[1300] call remove
[1296] return
[1301] call add(15935)
[1302] call remove
[1297] return 15926
[1298] return
[1299] return
[1303] call add(15936)
[1304] call add(15937)
[1305] call remove
[1306] call remove
[1300] return 15928
[1301] return
[1302] return 15924
[1307] call add(15938)
[1303] return
[1308] call remove
[1309] call add(15939)
[1304] return
[1305] return 15925
[1306] return 15929
[1310] call add(15940)
[1311] call add(15941)
[1312] call remove
[1313] call remove
[1307] return
[1308] return 15922
[1309] return
[1314] call add(15942)
[1310] return
[1315] call remove
[1316] call remove
[1311] return
[1312] return 15936
[1313] return 15935
[1317] call remove
[1315] return 15939
[1318] call add(15943)
[1319] call add(15944)
[1314] return
[1320] call add(15945)
[1316] return 15934
[1321] call remove
[1322] call remove
[1317] return 15937
[1323] call add(15946)
[1318] return
[1319] return
[1324] call remove
[1320] return
[1325] call add(15947)
[1326] call remove
[1327] call add(15948)
[1322] return 15931
[1321] return 15938
[1328] call remove
[1324] return 15932
[1329] call remove
[1323] return
[1325] return
[1326] return 15930
[1327] return
[1330] call remove
[1331] call add(15949)
[1332] call remove
[1333] call remove
[1334] call add(15950)
[1328] return 15933
[1329] return 15941
[1335] call remove
[1330] return 15944
[1336] call add(15951)
[1331] return
[1332] return 15942
[1333] return 15948
[1334] return
[1337] call remove
[1338] call remove
[1339] call add(15952)
[1340] call add(15953)
[1341] call add(15954)
[1335] return 15946
[1336] return
[1342] call add(15955)
[1337] return 15940
[1343] call remove
[1338] return 15945
[1339] return
[1340] return
[1341] return
[1344] call add(15956)
[1345] call add(15957)
[1346] call remove
[1347] call remove
[1348] call remove
[1342] return
[1343] return 15947
[1349] call add(15958)
[1344] return
[1350] call add(15959)
[1345] return
[1346] return 15943
[1347] return 15950
[1348] return 15949
[1351] call add(15960)
[1352] call remove
[1353] call add(15961)
[1354] call remove
[1355] call remove
[1349] return
[1350] return
[1351] return
[1354] return 15952
[1352] return 15954
[1353] return
[1356] call add(15962)
[1357] call remove
[1355] return 15955
[1358] call add(15963)
[1359] call remove
[1360] call add(15964)
[1361] call remove
[1362] call remove
[1356] return
[1357] return 15951
[1358] return
[1359] return 15956
[1360] return
[1361] return 15953
[1363] call add(15965)
[1364] call remove
[1362] return 15957
[1365] call remove
[1366] call add(15966)
[1367] call add(15967)
[1368] call add(15968)
[1369] call remove
[1363] return
[1364] return 15963
[1365] return 15964
[1366] return
[1367] return
[1368] return
[1370] call remove
[1371] call remove
[1369] return 15958
[1372] call add(15969)
[1373] call add(15970)
[1374] call add(15971)
[1375] call add(15972)
[1376] call add(15973)
[1370] return 15959
[1371] return 15960
[1372] return
[1373] return
[1374] return
[1375] return
[1377] call add(15974)
[1378] call add(15975)
[1376] return
[1379] call add(15976)
[1380] call remove
[1381] call remove
[1382] call add(15977)
[1383] call remove
[1377] return
[1378] return
[1379] return
[1380] return 15965
[1381] return 15961
[1382] return
[1384] call remove
[1385] call remove
[1383] return 15962
[1386] call add(15978)
[1387] call remove
[1388] call remove
[1389] call remove
[1390] call add(15979)
[1384] return 15966
[1385] return 15969
[1386] return
[1387] return 15968
[1388] return 15967
[1389] return 15973
[1391] call remove
[1392] call add(15980)
[1390] return
[1393] call add(15981)
[1394] call remove
[1395] call remove
[1396] call remove
[1397] call remove
[1391] return 15974
[1392] return
[1393] return
[1394] return 15970
[1395] return 15975
[1396] return 15972
[1398] call add(15982)
[1399] call remove
[1397] return 15971
[1400] call add(15983)
[1401] call add(15984)
[1402] call add(15985)
[1403] call add(15986)
[1404] call remove
[1398] return
[1399] return 15979
[1400] return
[1401] return
[1402] return
[1403] return
[1405] call remove
[1406] call remove
[1404] return 15977
[1407] call add(15987)
[1408] call remove
[1409] call remove
[1410] call remove
[1411] call remove
[1405] return 15982
[1406] return 15981
[1407] return
[1408] return 15978
[1409] return 15980
[1410] return 15976
[1412] call remove
[1413] call remove
[1411] return 15987
[1414] call remove
[1415] call remove
[1416] call add(15988)
[1417] call remove
[1418] call remove
[1412] return 15984
[1413] return 15983
[1414] return 15985
[1415] return 15986
[1416] return
[1417] return 15988
[1419] call add(15989)
[1420] call remove
[1418] return empty
[1421] call add(15990)
[1422] call remove
[1423] call add(15991)
[1424] call remove
[1425] call add(15992)
[1419] return
[1420] return 15989
[1421] return
[1422] return 15990
[1423] return
[1424] return 15991
[1426] call remove
[1427] call remove
[1425] return
[1428] call add(15993)
[1429] call remove
[1430] call add(15994)
[1431] call add(15995)
[1432] call add(15996)
[1426] return 15992
[1427] return empty
[1428] return
[1429] return 15993
[1430] return
[1431] return
[1433] call add(15997)
[1434] call remove
[1432] return
[1435] call remove
[1436] call remove
[1437] call remove
[1438] call add(15998)
[1439] call remove
[1433] return
[1434] return 15994
[1435] return 15995
[1436] return 15996
[1437] return 15997
[1438] return
[1440] call add(15999)
[1441] call add(16000)
[1439] return 15998
[1442] call remove
[1443] call add(16001)
[1444] call remove
[1445] call remove
[1446] call remove
[1440] return
[1441] return
[1442] return 16000
[1443] return
[1444] return 15999
[1445] return 16001
[1447] call remove
[1448] call add(16002)
[1446] return empty
[1449] call add(16003)
[1450] call remove
[1451] call remove
[1452] call remove
[1453] call remove
[1447] return empty
[1448] return
[1449] return
[1450] return 16003
[1451] return 16002
[1452] return empty
[1454] call remove
[1455] call add(16004)
[1453] return empty
[1456] call remove
[1457] call add(16005)
[1458] call add(16006)
[1459] call add(16007)
[1460] call add(16008)
[1454] return empty
[1455] return
[1456] return 16004
[1457] return
[1458] return
[1459] return
[1461] call add(16009)
[1462] call add(16010)
[1460] return
[1463] call add(16011)
[1464] call remove
[1465] call add(16012)
[1466] call remove
[1467] call add(16013)
[1461] return
[1462] return
[1463] return
[1464] return 16010
[1465] return
[1466] return 16008
[1468] call add(16014)
[1469] call remove
[1467] return
[1470] call remove
[1471] call add(16015)
[1472] call add(16016)
[1473] call add(16017)
[1474] call add(16018)
[1468] return
[1469] return 16005
[1470] return 16007
[1471] return
[1472] return
[1473] return
[1475] call remove
[1476] call remove
[1474] return
[1477] call remove
[1478] call remove
[1479] call remove
[1480] call add(16019)
[1481] call remove
[1475] return 16006
[1476] return 16009
[1477] return 16011
[1478] return 16018
[1479] return 16012
[1480] return
[1482] call remove
[1483] call add(16020)
[1481] return 16016
[1484] call remove
[1485] call remove
[1486] call remove
[1487] call remove
[1488] call remove
[1483] return
[1489] call remove
[1482] return 16014
[1484] return 16013
[1485] return 16015
[1490] call remove
[1486] return 16017
[1487] return 16019
[1491] call remove
[1488] return 16020
[1489] return empty
[1492] call add(16021)
[1493] call remove
[1494] call remove
[1495] call add(16022)
[1490] return empty
[1491] return empty
[1492] return
[1493] return 16021
[1494] return empty
[1495] return
