# @object atomic-queue
[1] call add(496)
[2] call add(497)
[1] return
[3] call add(498)
[2] return
[4] call remove
[5] call remove
[3] return
[6] call remove
[7] call add(499)
[5] return 496
[4] return 497
[8] call remove
[9] call remove
[10] call remove
[11] call remove
[6] return 498
[12] call add(500)
[7] return
[13] call remove
[14] call add(501)
[8] return 499
[9] return empty
[10] return empty
[11] return empty
[12] return
[15] call remove
[16] call remove
[17] call add(502)
[13] return 500
[18] call add(503)
[14] return
[19] call add(504)
[15] return 501
[20] call remove
[21] call add(505)
[16] return empty
[19] return
[17] return
[18] return
[20] return 504
[21] return
