# @object atomic-queue
[1] call remove
[2] call add(57)
[1] return empty
[3] call remove
[4] call add(58)
[2] return
[5] call remove
[6] call add(59)
[3] return 57
[7] call remove
[4] return
[8] call remove
[5] return 58
[9] call add(60)
[10] call add(61)
[11] call remove
[6] return
[12] call remove
[7] return 59
[13] call remove
[8] return empty
[14] call add(62)
[9] return
[10] return
[11] return 60
[15] call remove
[12] return 61
[16] call add(63)
[17] call remove
[18] call remove
[13] return empty
[19] call remove
[14] return
[20] call remove
[15] return 62
[21] call remove
[16] return
[17] return 63
[18] return empty
[19] return empty
[21] return empty
[20] return empty
