# @object atomic-queue
[1] call add(211)
[2] call add(212)
[1] return
[3] call remove
[2] return
[4] call add(213)
[5] call add(214)
[6] call remove
[3] return 211
[4] return
[6] return 212
[7] call remove
[5] return
[8] call remove
[9] call remove
[10] call remove
[7] return 213
[11] call remove
[12] call remove
[13] call remove
[14] call remove
[11] return 214
[9] return empty
[8] return empty
[10] return empty
[15] call remove
[16] call add(215)
[12] return empty
[17] call add(216)
[18] call remove
[13] return empty
[14] return empty
[19] call remove
[20] call remove
[21] call add(217)
[15] return empty
[16] return
[17] return
[18] return 215
[22] call add(218)
[23] call add(219)
[19] return 216
[24] call add(220)
[20] return empty
[21] return
[25] call remove
[23] return
[24] return
[22] return
[25] return 217
