# @object atomic-queue
[1] call remove
[2] call remove
[3] call add(26)
[4] call add(27)
[5] call add(28)
[6] call add(29)
[3] return
[2] return 26
[4] return
[5] return
[1] return 27
[7] call add(30)
[8] call remove
[9] call remove
[10] call add(31)
[11] call add(32)
[12] call remove
[6] return
[13] call add(33)
[7] return
[8] return 28
[9] return 29
[10] return
[11] return
[12] return 30
[14] call add(34)
[15] call remove
[16] call remove
[17] call remove
[18] call add(35)
[19] call remove
[13] return
[20] call remove
[14] return
[15] return 31
[16] return 32
[17] return 33
[18] return
[19] return 34
[20] return 35
