# @object atomic-queue
[1] call add(506)
[2] call add(507)
[3] call add(508)
[4] call remove
[5] call remove
[1] return
[2] return
[4] return 506
[3] return
[6] call remove
[5] return 507
[7] call remove
[8] call add(509)
[9] call remove
[10] call add(510)
[11] call add(511)
[12] call remove
[6] return 508
[7] return empty
[8] return
[9] return 509
[10] return
[13] call remove
[11] return
[12] return 510
[14] call remove
[15] call remove
[16] call remove
[17] call remove
[18] call add(512)
[19] call remove
[13] return 511
[14] return empty
[15] return empty
[16] return empty
[17] return empty
[18] return
[19] return 512
