# @object atomic-queue
[1] call add(8)
[2] call remove
[3] call add(9)
[4] call remove
[5] call add(10)
[6] call remove
[2] return 8
[1] return
[7] call add(11)
[8] call remove
[4] return empty
[3] return
[5] return
[9] call add(12)
[6] return 9
[10] call remove
[11] call remove
[12] call add(13)
[13] call add(14)
[7] return
[8] return 10
[9] return
[14] call remove
[15] call add(15)
[10] return 11
[11] return 12
[12] return
[16] call remove
[13] return
[14] return 13
[16] return 14
[15] return
