# @object atomic-queue
[1] call add(42)
[2] call remove
[3] call remove
[4] call remove
[5] call remove
[6] call remove
[2] return 42
[7] call add(43)
[1] return
[8] call add(44)
[9] call add(45)
[3] return empty
[5] return empty
[4] return empty
[6] return empty
[7] return
[10] call remove
[11] call remove
[12] call remove
[13] call add(46)
[8] return
[14] call add(47)
[9] return
[15] call remove
[16] call add(48)
[10] return 43
[11] return 44
[12] return 45
[13] return
[14] return
[17] call remove
[15] return 46
[16] return
[17] return 47
