# @object atomic-queue
[1] call add(151)
[2] call remove
[1] return
[2] return 151
[3] call remove
[4] call remove
[5] call add(152)
[6] call remove
[3] return empty
[4] return empty
[7] call remove
[5] return
[8] call remove
[9] call remove
[6] return 152
[10] call add(153)
[11] call add(154)
[12] call remove
[13] call add(155)
[7] return empty
[8] return empty
[9] return empty
[14] call add(156)
[10] return
[11] return
[12] return 153
[15] call add(157)
[16] call remove
[13] return
[17] call add(158)
[18] call add(159)
[19] call add(160)
[20] call remove
[19] return
[15] return
[21] call remove
[17] return
[18] return
[14] return
[20] return 154
[16] return 155
[21] return 156
