# @object atomic-queue
[1] call add(541)
[2] call add(542)
[3] call remove
[4] call remove
[1] return
[5] call remove
[6] call remove
[2] return
[3] return 541
[4] return 542
[7] call remove
[8] call add(543)
[9] call add(544)
[6] return empty
[10] call remove
[11] call add(545)
[5] return empty
[12] call remove
[7] return empty
[13] call remove
[8] return
[9] return
[10] return 543
[11] return
[14] call add(546)
[15] call add(547)
[16] call add(548)
[12] return 544
[17] call remove
[18] call add(549)
[13] return 545
[19] call add(550)
[14] return
[15] return
[16] return
[17] return 546
[18] return
[19] return
