# @object atomic-queue
[1] call add(513)
[2] call remove
[3] call remove
[4] call remove
[1] return
[5] call remove
[2] return 513
[6] call remove
[4] return empty
[7] call remove
[8] call remove
[9] call add(514)
[3] return empty
[10] call remove
[5] return empty
[11] call add(515)
[6] return empty
[12] call remove
[7] return empty
[8] return empty
[9] return
[10] return 514
[13] call remove
[14] call remove
[15] call add(516)
[16] call add(517)
[11] return
[17] call remove
[12] return 515
[14] return empty
[18] call add(518)
[13] return empty
[19] call remove
[17] return 516
[15] return
[16] return
[18] return
[19] return 517
