# @object atomic-queue
[1] call remove
[2] call remove
[3] call add(69)
[4] call remove
[5] call remove
[1] return empty
[2] return empty
[4] return empty
[3] return
[6] call add(70)
[7] call add(71)
[8] call add(72)
[9] call remove
[10] call remove
[11] call add(73)
[5] return 69
[6] return
[7] return
[12] call add(74)
[8] return
[9] return 70
[10] return 71
[11] return
[13] call remove
[14] call add(75)
[15] call remove
[16] call add(76)
[17] call remove
[12] return
[18] call remove
[13] return 72
[14] return
[15] return 73
[16] return
[18] return 74
[17] return 75
