# @object atomic-queue
[1] call remove
[2] call remove
[3] call add(184)
[4] call remove
[5] call add(185)
[6] call remove
[7] call remove
[1] return empty
[2] return empty
[3] return
[8] call add(186)
[4] return 184
[6] return empty
[5] return
[7] return 185
[9] call remove
[10] call add(187)
[11] call add(188)
[12] call remove
[13] call remove
[14] call remove
[8] return
[9] return 186
[10] return
[15] call remove
[11] return
[12] return 187
[13] return 188
[14] return empty
[15] return empty
