# @object atomic-queue
[1] call add(16)
[2] call remove
[1] return
[2] return 16
[3] call add(17)
[4] call add(18)
[5] call remove
[6] call remove
[3] return
[7] call remove
[4] return
[8] call remove
[9] call add(19)
[6] return 17
[10] call remove
[5] return 18
[11] call remove
[7] return empty
[12] call add(20)
[13] call remove
[8] return empty
[9] return
[14] call add(21)
[10] return 19
[11] return empty
[15] call remove
[16] call remove
[12] return
[17] call remove
[13] return 20
[18] call add(22)
[14] return
[19] call add(23)
[20] call add(24)
[15] return 21
[16] return empty
[21] call add(25)
[17] return empty
[18] return
[20] return
[19] return
[21] return
