# @object atomic-queue
[1] call add(49)
[2] call remove
[3] call add(50)
[4] call remove
[5] call add(51)
[1] return
[6] call remove
[7] call remove
[4] return 49
[3] return
[8] call remove
[2] return 50
[9] call remove
[10] call add(52)
[5] return
[6] return 51
[11] call remove
[7] return empty
[12] call remove
[8] return empty
[13] call remove
[14] call add(53)
[9] return empty
[10] return
[15] call add(54)
[11] return 52
[16] call add(55)
[17] call add(56)
[14] return
[12] return 53
[13] return empty
[15] return
[17] return
[16] return
