# @object atomic-queue
[1] call add(95)
[2] call add(96)
[1] return
[3] call add(97)
[4] call add(98)
[2] return
[5] call add(99)
[6] call add(100)
[3] return
[7] call remove
[4] return
[8] call remove
[5] return
[9] call add(101)
[10] call add(102)
[11] call remove
[6] return
[12] call remove
[7] return 95
[13] call remove
[8] return 96
[14] call add(103)
[9] return
[10] return
[11] return 97
[15] call remove
[12] return 98
[16] call remove
[17] call remove
[18] call add(104)
[13] return 99
[19] call remove
[14] return
[20] call add(105)
[15] return 100
[21] call add(106)
[16] return 101
[17] return 102
[18] return
[19] return 103
[20] return
[21] return
