# @object atomic-queue
[1] call add(193)
[2] call add(194)
[3] call remove
[4] call add(195)
[5] call remove
[6] call remove
[7] call add(196)
[6] return empty
[1] return
[2] return
[5] return 193
[4] return
[3] return 194
[8] call remove
[9] call remove
[7] return
[10] call add(197)
[11] call add(198)
[12] call remove
[13] call remove
[14] call add(199)
[8] return 195
[9] return 196
[15] call remove
[10] return
[11] return
[12] return 197
[13] return 198
[16] call remove
[17] call add(200)
[18] call add(201)
[19] call remove
[20] call remove
[14] return
[15] return 199
[16] return empty
[17] return
[18] return
[19] return 200
[20] return 201
