# @object atomic-queue
[1] call remove
[2] call remove
[3] call remove
[4] call add(14472)
[5] call remove
[6] call add(14473)
[7] call remove
[1] return empty
[3] return empty
[5] return empty
[4] return
[2] return 14472
[6] return
[7] return 14473
[8] call add(14474)
[9] call add(14475)
[10] call add(14476)
[11] call add(14477)
[12] call remove
[13] call remove
[14] call remove
[8] return
[9] return
[10] return
[11] return
[12] return 14475
[13] return 14474
[14] return 14476
[15] call add(14478)
[16] call add(14479)
[17] call add(14480)
[18] call add(14481)
[19] call remove
[20] call remove
[21] call add(14482)
[15] return
[16] return
[17] return
[18] return
[19] return 14477
[20] return 14478
[21] return
[22] call add(14483)
[23] call add(14484)
[24] call remove
[25] call remove
[26] call remove
[27] call remove
[28] call remove
[22] return
[23] return
[24] return 14479
[25] return 14480
[26] return 14481
[27] return 14483
[28] return 14484
[29] call add(14485)
[30] call remove
[31] call add(14486)
[32] call add(14487)
[33] call add(14488)
[34] call remove
[35] call remove
[29] return
[30] return 14482
[31] return
[32] return
[33] return
[34] return 14485
[35] return 14486
[36] call add(14489)
[37] call add(14490)
[38] call add(14491)
[39] call remove
[40] call add(14492)
[41] call add(14493)
[42] call remove
[36] return
[37] return
[38] return
[39] return 14488
[40] return
[41] return
[42] return 14487
[43] call remove
[44] call add(14494)
[45] call add(14495)
[46] call remove
[47] call remove
[48] call remove
[49] call add(14496)
[43] return 14491
[44] return
[45] return
[46] return 14490
[47] return 14492
[48] return 14493
[49] return
[50] call add(14497)
[51] call add(14498)
[52] call remove
[53] call remove
[54] call remove
[55] call add(14499)
[56] call remove
[50] return
[51] return
[52] return 14489
[53] return 14498
[54] return 14494
[55] return
[56] return 14497
[57] call add(14500)
[58] call remove
[59] call remove
[60] call remove
[61] call add(14501)
[62] call remove
[63] call remove
[57] return
[58] return 14495
[59] return 14496
[60] return 14499
[61] return
[62] return 14500
[63] return 14501
[64] call remove
[65] call remove
[66] call remove
[67] call remove
[68] call remove
[69] call add(14502)
[70] call add(14503)
[64] return empty
[65] return empty
[66] return empty
[67] return empty
[68] return empty
[69] return
[70] return
[71] call remove
[72] call remove
[73] call remove
[74] call remove
[75] call add(14504)
[76] call add(14505)
[77] call remove
[71] return 14502
[72] return 14503
[73] return empty
[74] return empty
[75] return
[76] return
[77] return 14505
[78] call remove
[79] call remove
[80] call add(14506)
[81] call remove
[82] call remove
[83] call add(14507)
[84] call remove
[78] return 14504
[79] return empty
[80] return
[81] return 14506
[82] return empty
[83] return
[84] return 14507
[85] call remove
[86] call remove
[87] call add(14508)
[88] call add(14509)
[89] call add(14510)
[90] call add(14511)
[91] call add(14512)
[85] return empty
[86] return empty
[87] return
[88] return
[89] return
[90] return
[91] return
[92] call add(14513)
[93] call add(14514)
[94] call remove
[95] call add(14515)
[96] call remove
[97] call add(14516)
[98] call add(14517)
[92] return
[93] return
[94] return 14508
[95] return
[96] return 14509
[97] return
[98] return
[99] call remove
[100] call remove
[101] call remove
[102] call remove
[103] call add(14518)
[104] call add(14519)
[105] call add(14520)
[99] return 14510
[100] return 14512
[101] return 14511
[102] return 14513
[103] return
[104] return
[105] return
[106] call remove
[107] call remove
[108] call add(14521)
[109] call add(14522)
[110] call add(14523)
[111] call add(14524)
[112] call remove
[106] return 14514
[107] return 14515
[108] return
[109] return
[110] return
[111] return
[112] return 14518
[113] call add(14525)
[114] call add(14526)
[115] call add(14527)
[116] call remove
[117] call add(14528)
[118] call remove
[119] call add(14529)
[113] return
[114] return
[115] return
[116] return 14517
[117] return
[118] return 14516
[119] return
[120] call remove
[121] call add(14530)
[122] call add(14531)
[123] call add(14532)
[124] call remove
[125] call add(14533)
[126] call add(14534)
[120] return 14519
[121] return
[127] call add(14535)
[123] return
[124] return 14520
[125] return
[126] return
[122] return
[128] call remove
[129] call add(14536)
[130] call add(14537)
[131] call add(14538)
[132] call remove
[133] call remove
[127] return
[128] return 14530
[134] call add(14539)
[129] return
[130] return
[131] return
[132] return 14529
[133] return 14525
[135] call add(14540)
[136] call remove
[137] call remove
[138] call remove
[139] call add(14541)
[140] call remove
[134] return
[135] return
[141] call remove
[136] return 14526
[137] return 14527
[138] return 14528
[139] return
[140] return 14523
[142] call remove
[143] call remove
[144] call remove
[145] call add(14542)
[146] call add(14543)
[147] call add(14544)
[141] return 14522
[142] return 14524
[148] call add(14545)
[143] return 14521
[144] return 14531
[145] return
[146] return
[147] return
[149] call remove
[150] call remove
[151] call remove
[152] call remove
[153] call remove
[154] call add(14546)
[148] return
[149] return 14536
[155] call remove
[150] return 14538
[151] return 14533
[152] return 14534
[153] return 14532
[154] return
[156] call remove
[157] call remove
[158] call add(14547)
[159] call add(14548)
[160] call add(14549)
[161] call remove
[155] return 14535
[156] return 14539
[162] call add(14550)
[157] return 14540
[158] return
[159] return
[160] return
[161] return 14537
[163] call add(14551)
[164] call add(14552)
[165] call add(14553)
[166] call remove
[167] call add(14554)
[168] call add(14555)
[162] return
[163] return
[169] call add(14556)
[164] return
[165] return
[166] return 14543
[167] return
[168] return
[170] call remove
[171] call remove
[172] call add(14557)
[173] call add(14558)
[174] call add(14559)
[175] call add(14560)
[169] return
[170] return 14542
[176] call add(14561)
[171] return 14541
[172] return
[173] return
[174] return
[175] return
[177] call add(14562)
[178] call remove
[179] call add(14563)
[180] call remove
[181] call remove
[182] call remove
[176] return
[177] return
[183] call add(14564)
[178] return 14546
[179] return
[180] return 14548
[181] return 14550
[182] return 14544
[184] call remove
[185] call remove
[186] call remove
[187] call add(14565)
[188] call remove
[189] call add(14566)
[183] return
[184] return 14545
[190] call add(14567)
[185] return 14547
[186] return 14549
[187] return
[188] return 14557
[189] return
[191] call add(14568)
[192] call remove
[193] call add(14569)
[194] call add(14570)
[195] call remove
[196] call remove
[190] return
[191] return
[197] call remove
[192] return 14552
[193] return
[194] return
[195] return 14555
[196] return 14559
[198] call remove
[199] call add(14571)
[200] call add(14572)
[201] call remove
[202] call add(14573)
[203] call add(14574)
[197] return 14558
[198] return 14551
[204] call add(14575)
[199] return
[200] return
[201] return 14560
[202] return
[203] return
[205] call add(14576)
[206] call remove
[207] call remove
[208] call add(14577)
[209] call add(14578)
[210] call remove
[204] return
[205] return
[211] call remove
[206] return 14554
[207] return 14556
[208] return
[209] return
[210] return 14553
[212] call remove
[213] call add(14579)
[214] call add(14580)
[215] call remove
[216] call add(14581)
[217] call remove
[211] return 14567
[212] return 14564
[218] call add(14582)
[213] return
[214] return
[215] return 14561
[216] return
[217] return 14568
[219] call add(14583)
[220] call remove
[221] call add(14584)
[222] call add(14585)
[223] call add(14586)
[224] call remove
[218] return
[219] return
[225] call remove
[220] return 14562
[221] return
[222] return
[223] return
[224] return 14565
[226] call add(14587)
[227] call add(14588)
[228] call add(14589)
[229] call add(14590)
[230] call remove
[231] call add(14591)
[225] return 14563
[226] return
[232] call add(14592)
[227] return
[228] return
[229] return
[230] return 14569
[231] return
[233] call add(14593)
[234] call remove
[235] call add(14594)
[236] call add(14595)
[237] call remove
[238] call remove
[232] return
[239] call remove
[233] return
[234] return 14566
[237] return 14570
[236] return
[238] return 14576
[235] return
[239] return 14574
[240] call add(14596)
[241] call add(14597)
[242] call add(14598)
[243] call remove
[244] call add(14599)
[245] call add(14600)
[246] call add(14601)
[240] return
[241] return
[242] return
[247] call add(14602)
[244] return
[245] return
[246] return
[248] call remove
[243] return 14579
[249] call add(14603)
[250] call remove
[251] call remove
[252] call add(14604)
[253] call add(14605)
[247] return
[248] return 14580
[249] return
[254] call remove
[250] return 14577
[251] return 14571
[255] call add(14606)
[252] return
[253] return
[256] call remove
[257] call add(14607)
[258] call remove
[259] call add(14608)
[260] call remove
[254] return 14575
[255] return
[256] return 14578
[261] call add(14609)
[257] return
[258] return 14573
[262] call add(14610)
[259] return
[260] return 14572
[263] call remove
[264] call add(14611)
[265] call add(14612)
[266] call add(14613)
[267] call remove
[261] return
[262] return
[263] return 14590
[268] call add(14614)
[264] return
[265] return
[269] call remove
[266] return
[267] return 14581
[270] call add(14615)
[271] call remove
[272] call remove
[273] call add(14616)
[274] call remove
[268] return
[269] return 14585
[270] return
[275] call remove
[271] return 14582
[272] return 14586
[276] call add(14617)
[273] return
[274] return 14587
[277] call add(14618)
[276] return
[278] call remove
[279] call add(14619)
[280] call remove
[275] return 14588
[281] call remove
[282] call add(14620)
[283] call remove
[277] return
[278] return 14589
[279] return
[280] return 14584
[281] return 14583
[282] return
[284] call add(14621)
[285] call add(14622)
[286] call remove
[287] call remove
[283] return 14591
[288] call add(14623)
[289] call remove
[290] call add(14624)
[284] return
[285] return
[286] return 14595
[287] return 14596
[288] return
[289] return 14599
[291] call add(14625)
[292] call remove
[293] call add(14626)
[294] call remove
[290] return
[295] call remove
[296] call add(14627)
[297] call remove
[291] return
[292] return 14592
[293] return
[294] return 14594
[295] return 14598
[296] return
[298] call remove
[299] call add(14628)
[300] call remove
[301] call remove
[297] return 14597
[302] call add(14629)
[303] call remove
[304] call add(14630)
[298] return 14600
[299] return
[300] return 14593
[301] return 14610
[302] return
[303] return 14606
[305] call add(14631)
[306] call remove
[307] call add(14632)
[308] call add(14633)
[304] return
[309] call remove
[310] call add(14634)
[311] call remove
[305] return
[306] return 14601
[307] return
[308] return
[309] return 14604
[310] return
[312] call add(14635)
[313] call add(14636)
[314] call remove
[315] call add(14637)
[311] return 14605
[316] call add(14638)
[317] call remove
[318] call add(14639)
[312] return
[313] return
[314] return 14607
[315] return
[316] return
[317] return 14609
[319] call remove
[320] call add(14640)
[321] call add(14641)
[322] call remove
[318] return
[323] call remove
[324] call remove
[325] call remove
[319] return 14608
[320] return
[321] return
[322] return 14602
[323] return 14603
[324] return 14616
[326] call add(14642)
[327] call remove
[328] call add(14643)
[329] call remove
[325] return 14615
[330] call add(14644)
[331] call remove
[332] call add(14645)
[326] return
[327] return 14611
[328] return
[329] return 14614
[330] return
[331] return 14617
[333] call add(14646)
[334] call add(14647)
[335] call remove
[336] call add(14648)
[332] return
[337] call remove
[338] call add(14649)
[339] call add(14650)
[333] return
[334] return
[335] return 14613
[336] return
[337] return 14619
[338] return
[340] call remove
[341] call add(14651)
[342] call remove
[343] call remove
[339] return
[344] call remove
[345] call remove
[346] call remove
[340] return 14620
[341] return
[342] return 14612
[343] return 14618
[344] return 14628
[345] return 14627
[347] call add(14652)
[348] call add(14653)
[349] call remove
[350] call add(14654)
[346] return 14630
[351] call add(14655)
[352] call remove
[353] call add(14656)
[347] return
[348] return
[349] return 14624
[350] return
[351] return
[352] return 14622
[354] call add(14657)
[355] call add(14658)
[356] call add(14659)
[357] call remove
[353] return
[358] call remove
[359] call remove
[360] call remove
[354] return
[355] return
[356] return
[357] return 14625
[358] return 14629
[359] return 14626
[361] call remove
[362] call remove
[363] call add(14660)
[364] call remove
[360] return 14623
[365] call remove
[366] call remove
[367] call remove
[361] return 14621
[362] return 14636
[363] return
[364] return 14635
[365] return 14634
[366] return 14631
[368] call add(14661)
[369] call remove
[370] call add(14662)
[371] call add(14663)
[367] return 14637
[372] call remove
[373] call add(14664)
[374] call remove
[368] return
[369] return 14632
[370] return
[371] return
[372] return 14638
[373] return
[375] call add(14665)
[376] call remove
[377] call remove
[378] call add(14666)
[374] return 14633
[379] call remove
[380] call add(14667)
[381] call add(14668)
[375] return
[376] return 14639
[377] return 14640
[378] return
[379] return 14645
[380] return
[382] call remove
[383] call add(14669)
[384] call add(14670)
[385] call remove
[381] return
[386] call remove
[387] call add(14671)
[388] call add(14672)
[382] return 14649
[383] return
[384] return
[385] return 14648
[386] return 14642
[387] return
[389] call remove
[390] call add(14673)
[391] call add(14674)
[392] call remove
[388] return
[393] call add(14675)
[394] call add(14676)
[395] call remove
[389] return 14646
[390] return
[391] return
[392] return 14641
[393] return
[394] return
[396] call remove
[397] call add(14677)
[398] call add(14678)
[399] call add(14679)
[395] return 14644
[400] call remove
[401] call remove
[402] call add(14680)
[396] return 14643
[397] return
[398] return
[399] return
[400] return 14650
[401] return 14647
[403] call remove
[404] call add(14681)
[405] call add(14682)
[406] call add(14683)
[402] return
[407] call add(14684)
[408] call remove
[409] call add(14685)
[403] return 14652
[404] return
[405] return
[406] return
[407] return
[408] return 14660
[410] call add(14686)
[411] call add(14687)
[412] call remove
[413] call add(14688)
[409] return
[414] call add(14689)
[415] call remove
[416] call remove
[410] return
[411] return
[412] return 14653
[413] return
[414] return
[415] return 14659
[417] call add(14690)
[418] call remove
[419] call remove
[420] call add(14691)
[416] return 14656
[421] call add(14692)
[422] call add(14693)
[423] call remove
[417] return
[418] return 14658
[419] return 14655
[420] return
[421] return
[422] return
[424] call remove
[425] call add(14694)
[426] call remove
[427] call add(14695)
[423] return 14651
[428] call remove
[429] call remove
[430] call add(14696)
[424] return 14654
[425] return
[426] return 14657
[427] return
[428] return 14664
[429] return 14668
[431] call add(14697)
[432] call remove
[433] call add(14698)
[434] call add(14699)
[430] return
[435] call add(14700)
[436] call remove
[437] call add(14701)
[431] return
[432] return 14666
[433] return
[434] return
[435] return
[436] return 14667
[438] call remove
[439] call remove
[440] call remove
[441] call remove
[442] call remove
[437] return
[443] call add(14702)
[439] return 14669
[444] call remove
[445] call remove
[442] return 14661
[440] return 14662
[438] return 14670
[441] return 14665
[443] return
[446] call remove
[444] return 14663
[447] call add(14703)
[448] call remove
[449] call remove
[450] call remove
[445] return 14672
[451] call remove
[452] call add(14704)
[446] return 14679
[447] return
[448] return 14678
[449] return 14673
[450] return 14680
[453] call add(14705)
[451] return 14677
[454] call add(14706)
[455] call add(14707)
[456] call remove
[457] call add(14708)
[452] return
[458] call remove
[459] call add(14709)
[453] return
[454] return
[458] return 14674
[456] return 14675
[457] return
[460] call remove
[455] return
[461] call add(14710)
[462] call remove
[463] call add(14711)
[464] call add(14712)
[459] return
[465] call add(14713)
[460] return 14671
[463] return
[462] return 14676
[466] call add(14714)
[467] call remove
[468] call remove
[469] call add(14715)
[461] return
[464] return
[465] return
[470] call remove
[471] call add(14716)
[472] call remove
[466] return
[467] return 14682
[468] return 14684
[469] return
[473] call remove
[474] call remove
[475] call remove
[476] call remove
[470] return 14686
[471] return
[472] return 14688
[477] call remove
[478] call add(14717)
[479] call add(14718)
[473] return 14689
[474] return 14685
[475] return 14681
[476] return 14687
[480] call add(14719)
[481] call add(14720)
[482] call remove
[483] call remove
[477] return 14683
[478] return
[479] return
[482] return 14690
[484] call add(14721)
[485] call add(14722)
[480] return
[481] return
[486] call remove
[483] return 14696
[487] call add(14723)
[488] call add(14724)
[489] call remove
[490] call add(14725)
[484] return
[486] return 14697
[487] return
[485] return
[491] call remove
[492] call add(14726)
[488] return
[489] return 14699
[490] return
[493] call add(14727)
[494] call add(14728)
[495] call add(14729)
[496] call add(14730)
[497] call remove
[491] return 14695
[492] return
[493] return
[494] return
[498] call remove
[499] call remove
[495] return
[496] return
[497] return 14700
[500] call remove
[501] call remove
[502] call add(14731)
[503] call add(14732)
[504] call remove
[498] return 14698
[499] return 14691
[500] return 14693
[501] return 14694
[505] call remove
[506] call remove
[502] return
[503] return
[504] return 14692
[507] call remove
[508] call remove
[509] call remove
[510] call add(14733)
[511] call remove
[505] return 14708
[506] return 14706
[507] return 14707
[508] return 14704
[512] call add(14734)
[513] call remove
[509] return 14711
[510] return
[511] return 14703
[514] call add(14735)
[515] call remove
[516] call add(14736)
[517] call remove
[518] call remove
[512] return
[513] return 14701
[514] return
[515] return 14702
[519] call remove
[520] call add(14737)
[516] return
[517] return 14709
[518] return 14705
[521] call remove
[522] call remove
[519] return 14715
[523] call remove
[524] call remove
[525] call remove
[520] return
[526] call add(14738)
[521] return 14720
[522] return 14717
[527] call remove
[523] return 14718
[524] return 14716
[528] call add(14739)
[529] call add(14740)
[525] return 14712
[526] return
[530] call remove
[531] call add(14741)
[532] call add(14742)
[527] return 14719
[533] call add(14743)
[528] return
[529] return
[534] call remove
[535] call add(14744)
[530] return 14713
[531] return
[536] call remove
[533] return
[537] call remove
[538] call add(14745)
[532] return
[534] return 14710
[535] return
[539] call remove
[540] call remove
[536] return 14714
[541] call add(14746)
[542] call add(14747)
[537] return 14723
[538] return
[543] call add(14748)
[539] return 14721
[544] call add(14749)
[545] call remove
[540] return 14724
[541] return
[542] return
[546] call remove
[547] call remove
[543] return
[548] call add(14750)
[549] call remove
[544] return
[545] return 14726
[550] call remove
[546] return 14725
[551] call remove
[552] call remove
[547] return 14722
[548] return
[549] return 14727
[553] call remove
[554] call add(14751)
[550] return 14730
[555] call add(14752)
[556] call add(14753)
[551] return 14728
[552] return 14729
[557] call add(14754)
[553] return 14733
[558] call remove
[559] call add(14755)
[554] return
[555] return
[556] return
[560] call add(14756)
[561] call add(14757)
[557] return
[562] call add(14758)
[563] call add(14759)
[558] return 14737
[559] return
[564] call add(14760)
[560] return
[565] call add(14761)
[566] call remove
[561] return
[562] return
[563] return
[567] call remove
[568] call add(14762)
[564] return
[569] call remove
[570] call add(14763)
[565] return
[566] return 14740
[571] call remove
[567] return 14731
[572] call remove
[573] call remove
[568] return
[569] return 14732
[570] return
[574] call add(14764)
[575] call add(14765)
[571] return 14736
[576] call add(14766)
[577] call add(14767)
[572] return 14739
[573] return 14735
[578] call remove
[574] return
[579] call remove
[580] call add(14768)
[575] return
[576] return
[577] return
[581] call add(14769)
[582] call add(14770)
[578] return 14738
[583] call remove
[584] call add(14771)
[579] return 14734
[580] return
[585] call remove
[581] return
[586] call add(14772)
[587] call add(14773)
[582] return
[583] return 14744
[584] return
[588] call add(14774)
[589] call remove
[585] return 14742
[590] call add(14775)
[591] call remove
[586] return
[587] return
[592] call remove
[588] return
[593] call add(14776)
[594] call remove
[589] return 14747
[590] return
[591] return 14741
[595] call remove
[596] call remove
[592] return 14745
[597] call add(14777)
[598] call remove
[593] return
[594] return 14748
[599] call add(14778)
[595] return 14750
[600] call remove
[601] call add(14779)
[596] return 14743
[597] return
[598] return 14746
[602] call remove
[603] call add(14780)
[599] return
[604] call remove
[605] call remove
[600] return 14749
[601] return
[606] call add(14781)
[602] return 14757
[607] call add(14782)
[608] call add(14783)
[603] return
[604] return 14752
[605] return 14755
[609] call remove
[610] call remove
[606] return
[611] call remove
[612] call add(14784)
[607] return
[608] return
[613] call add(14785)
[609] return 14753
[614] call remove
[615] call add(14786)
[610] return 14758
[611] return 14759
[612] return
[616] call remove
[617] call add(14787)
[613] return
[618] call remove
[619] call add(14788)
[614] return 14760
[615] return
[620] call remove
[616] return 14756
[621] call remove
[622] call remove
[617] return
[618] return 14754
[619] return
[623] call add(14789)
[624] call add(14790)
[620] return 14751
[625] call add(14791)
[626] call add(14792)
[621] return 14762
[622] return 14765
[627] call remove
[623] return
[628] call add(14793)
[629] call remove
[624] return
[625] return
[626] return
[630] call remove
[631] call add(14794)
[627] return 14767
[632] call add(14795)
[633] call remove
[628] return
[629] return 14768
[634] call add(14796)
[630] return 14766
[635] call add(14797)
[636] call add(14798)
[631] return
[632] return
[633] return 14769
[637] call remove
[638] call add(14799)
[634] return
[639] call remove
[640] call add(14800)
[635] return
[636] return
[641] call remove
[637] return 14761
[642] call add(14801)
[643] call add(14802)
[638] return
[639] return 14764
[640] return
[644] call remove
[645] call remove
[641] return 14770
[646] call add(14803)
[647] call remove
[642] return
[643] return
[648] call add(14804)
[644] return 14763
[649] call add(14805)
[650] call add(14806)
[645] return 14775
[646] return
[647] return 14780
[651] call remove
[652] call add(14807)
[648] return
[653] call remove
[654] call remove
[649] return
[650] return
[655] call add(14808)
[651] return 14772
[656] call remove
[657] call remove
[652] return
[653] return 14776
[655] return
[658] call add(14809)
[659] call remove
[660] call remove
[654] return 14779
[661] call add(14810)
[662] call remove
[656] return 14777
[657] return 14771
[658] return
[663] call add(14811)
[664] call remove
[659] return 14773
[660] return 14774
[661] return
[665] call remove
[666] call remove
[664] return 14782
[662] return 14778
[667] call add(14812)
[663] return
[668] call add(14813)
[669] call add(14814)
[670] call add(14815)
[665] return 14787
[671] call add(14816)
[666] return 14788
[667] return
[672] call add(14817)
[673] call remove
[668] return
[669] return
[670] return
[674] call add(14818)
[671] return
[675] call add(14819)
[676] call add(14820)
[677] call remove
[672] return
[678] call add(14821)
[673] return 14786
[674] return
[679] call remove
[680] call add(14822)
[675] return
[676] return
[677] return 14783
[681] call add(14823)
[678] return
[682] call add(14824)
[683] call remove
[684] call remove
[679] return 14790
[685] call remove
[680] return
[681] return
[686] call remove
[687] call remove
[682] return
[683] return 14785
[684] return 14789
[688] call add(14825)
[685] return 14781
[689] call remove
[690] call add(14826)
[691] call remove
[686] return 14784
[692] call add(14827)
[687] return 14800
[690] return
[688] return
[689] return 14799
[691] return 14791
[693] call remove
[694] call add(14828)
[695] call add(14829)
[692] return
[696] call add(14830)
[697] call remove
[698] call add(14831)
[699] call add(14832)
[693] return 14796
[694] return
[695] return
[696] return
[697] return 14798
[698] return
[700] call add(14833)
[701] call remove
[702] call remove
[699] return
[703] call remove
[704] call remove
[705] call add(14834)
[706] call add(14835)
[700] return
[701] return 14793
[702] return 14797
[703] return 14794
[704] return 14795
[705] return
[707] call add(14836)
[708] call add(14837)
[709] call add(14838)
[706] return
[710] call add(14839)
[711] call add(14840)
[712] call add(14841)
[713] call add(14842)
[707] return
[708] return
[709] return
[710] return
[711] return
[712] return
[714] call add(14843)
[715] call remove
[716] call remove
[713] return
[717] call remove
[718] call add(14844)
[719] call add(14845)
[720] call add(14846)
[714] return
[715] return 14792
[716] return 14802
[717] return 14804
[718] return
[719] return
[721] call add(14847)
[722] call remove
[723] call add(14848)
[720] return
[724] call add(14849)
[725] call add(14850)
[726] call remove
[727] call remove
[721] return
[722] return 14801
[723] return
[724] return
[725] return
[726] return 14806
[728] call add(14851)
[729] call remove
[730] call add(14852)
[727] return 14803
[731] call add(14853)
[732] call add(14854)
[733] call add(14855)
[734] call add(14856)
[728] return
[729] return 14810
[730] return
[731] return
[732] return
[733] return
[735] call remove
[736] call add(14857)
[737] call add(14858)
[734] return
[738] call add(14859)
[739] call add(14860)
[740] call remove
[741] call add(14861)
[735] return 14808
[736] return
[737] return
[738] return
[739] return
[740] return 14807
[742] call add(14862)
[743] call remove
[744] call add(14863)
[741] return
[745] call remove
[746] call add(14864)
[747] call add(14865)
[748] call remove
[742] return
[743] return 14805
[744] return
[745] return 14809
[746] return
[747] return
[749] call add(14866)
[750] call add(14867)
[751] call add(14868)
[748] return 14813
[752] call add(14869)
[753] call remove
[754] call remove
[755] call add(14870)
[749] return
[750] return
[751] return
[752] return
[753] return 14816
[754] return 14818
[756] call remove
[757] call add(14871)
[758] call remove
[755] return
[759] call add(14872)
[760] call add(14873)
[761] call remove
[762] call add(14874)
[756] return 14811
[757] return
[758] return 14812
[759] return
[760] return
[761] return 14819
[763] call remove
[764] call add(14875)
[765] call remove
[762] return
[766] call remove
[767] call remove
[768] call remove
[769] call add(14876)
[763] return 14815
[764] return
[765] return 14817
[766] return 14814
[767] return 14820
[768] return 14821
[770] call remove
[771] call remove
[772] call add(14877)
[769] return
[773] call remove
[774] call remove
[775] call remove
[776] call remove
[770] return 14824
[771] return 14828
[772] return
[773] return 14822
[774] return 14830
[775] return 14823
[777] call remove
[778] call add(14878)
[779] call add(14879)
[776] return 14829
[780] call remove
[781] call remove
[782] call add(14880)
[783] call add(14881)
[777] return 14825
[778] return
[779] return
[780] return 14826
[781] return 14827
[782] return
[784] call add(14882)
[785] call add(14883)
[786] call add(14884)
[783] return
[787] call remove
[788] call add(14885)
[789] call add(14886)
[790] call remove
[784] return
[785] return
[786] return
[787] return 14831
[788] return
[789] return
[791] call remove
[792] call add(14887)
[793] call remove
[790] return 14838
[794] call add(14888)
[795] call remove
[796] call remove
[797] call remove
[794] return
[791] return 14835
[792] return
[793] return 14840
[795] return 14832
[798] call add(14889)
[799] call add(14890)
[800] call add(14891)
[801] call add(14892)
[797] return 14833
[796] return 14834
[802] call add(14893)
[803] call add(14894)
[804] call remove
[798] return
[799] return
[800] return
[801] return
[802] return
[805] call add(14895)
[806] call add(14896)
[807] call remove
[808] call add(14897)
[803] return
[804] return 14836
[809] call remove
[810] call remove
[811] call add(14898)
[805] return
[806] return
[807] return 14839
[808] return
[809] return 14837
[812] call add(14899)
[813] call add(14900)
[814] call add(14901)
[815] call remove
[810] return 14843
[811] return
[816] call remove
[817] call add(14902)
[818] call remove
[812] return
[813] return
[814] return
[815] return 14849
[816] return 14845
[819] call add(14903)
[820] call add(14904)
[821] call remove
[822] call remove
[817] return
[818] return 14850
[823] call add(14905)
[824] call add(14906)
[825] call remove
[819] return
[820] return
[821] return 14842
[822] return 14848
[823] return
[826] call remove
[827] call add(14907)
[828] call remove
[829] call remove
[824] return
[825] return 14847
[830] call add(14908)
[831] call remove
[832] call add(14909)
[826] return 14846
[827] return
[828] return 14844
[829] return 14841
[830] return
[833] call add(14910)
[834] call add(14911)
[835] call add(14912)
[836] call add(14913)
[831] return 14859
[832] return
[837] call add(14914)
[838] call add(14915)
[839] call remove
[833] return
[834] return
[835] return
[836] return
[837] return
[840] call remove
[841] call remove
[842] call remove
[843] call add(14916)
[838] return
[839] return 14854
[844] call remove
[845] call add(14917)
[846] call remove
[840] return 14855
[841] return 14858
[842] return 14853
[843] return
[844] return 14856
[847] call add(14918)
[848] call remove
[849] call remove
[850] call remove
[845] return
[846] return 14852
[851] call remove
[852] call remove
[853] call remove
[847] return
[848] return 14857
[849] return 14860
[850] return 14851
[851] return 14868
[854] call add(14919)
[855] call add(14920)
[856] call remove
[857] call remove
[852] return 14864
[853] return 14862
[858] call add(14921)
[859] call add(14922)
[860] call remove
[854] return
[855] return
[856] return 14870
[857] return 14869
[858] return
[861] call add(14923)
[862] call remove
[863] call add(14924)
[864] call remove
[859] return
[860] return 14867
[865] call remove
[866] call remove
[867] call add(14925)
[861] return
[862] return 14866
[863] return
[864] return 14861
[865] return 14865
[868] call remove
[869] call remove
[870] call remove
[871] call add(14926)
[866] return 14863
[867] return
[872] call add(14927)
[873] call add(14928)
[874] call add(14929)
[868] return 14872
[869] return 14871
[870] return 14873
[871] return
[872] return
[875] call add(14930)
[876] call add(14931)
[877] call remove
[878] call add(14932)
[873] return
[874] return
[879] call remove
[880] call add(14933)
[881] call remove
[875] return
[876] return
[877] return 14875
[878] return
[879] return 14876
[882] call add(14934)
[883] call add(14935)
[884] call add(14936)
[885] call remove
[880] return
[881] return 14874
[886] call remove
[887] call add(14937)
[888] call remove
[882] return
[883] return
[884] return
[885] return 14877
[886] return 14878
[889] call add(14938)
[890] call remove
[891] call remove
[892] call add(14939)
[887] return
[888] return 14879
[893] call remove
[894] call add(14940)
[895] call add(14941)
[889] return
[890] return 14880
[891] return 14882
[892] return
[893] return 14888
[896] call add(14942)
[897] call add(14943)
[898] call add(14944)
[899] call remove
[894] return
[895] return
[900] call add(14945)
[901] call remove
[902] call remove
[896] return
[897] return
[898] return
[899] return 14883
[900] return
[903] call remove
[904] call remove
[905] call add(14946)
[906] call remove
[901] return 14886
[902] return 14885
[907] call remove
[908] call add(14947)
[909] call remove
[903] return 14889
[904] return 14884
[905] return
[906] return 14881
[907] return 14887
[910] call remove
[911] call add(14948)
[912] call remove
[913] call remove
[908] return
[909] return 14890
[914] call add(14949)
[915] call add(14950)
[916] call add(14951)
[910] return 14891
[911] return
[912] return 14896
[913] return 14897
[914] return
[917] call remove
[918] call remove
[919] call add(14952)
[920] call add(14953)
[915] return
[916] return
[921] call add(14954)
[920] return
[918] return 14898
[919] return
[917] return 14900
[922] call remove
[923] call add(14955)
[924] call remove
[925] call remove
[926] call add(14956)
[927] call remove
[922] return 14895
[921] return
[923] return
[928] call remove
[924] return 14899
[925] return 14894
[929] call remove
[926] return
[930] call remove
[927] return 14893
[931] call remove
[932] call remove
[933] call remove
[934] call add(14957)
[928] return 14892
[929] return 14907
[930] return 14904
[935] call add(14958)
[931] return 14908
[932] return 14903
[936] call add(14959)
[933] return 14901
[937] call add(14960)
[934] return
[938] call remove
[939] call remove
[940] call add(14961)
[941] call add(14962)
[935] return
[936] return
[937] return
[942] call add(14963)
[938] return 14902
[939] return 14905
[943] call remove
[940] return
[944] call add(14964)
[941] return
[945] call add(14965)
[946] call add(14966)
[947] call add(14967)
[948] call add(14968)
[942] return
[943] return 14910
[944] return
[949] call add(14969)
[945] return
[946] return
[950] call add(14970)
[947] return
[951] call remove
[948] return
[952] call remove
[953] call remove
[954] call add(14971)
[955] call add(14972)
[949] return
[950] return
[951] return 14906
[956] call add(14973)
[952] return 14909
[953] return 14918
[957] call add(14974)
[954] return
[958] call remove
[955] return
[959] call add(14975)
[960] call remove
[961] call add(14976)
[962] call add(14977)
[956] return
[957] return
[958] return 14920
[963] call remove
[959] return
[960] return 14914
[964] call add(14978)
[961] return
[965] call remove
[962] return
[966] call add(14979)
[967] call remove
[968] call add(14980)
[969] call remove
[963] return 14911
[964] return
[965] return 14919
[970] call add(14981)
[966] return
[967] return 14916
[971] call remove
[968] return
[972] call remove
[969] return 14917
[973] call remove
[974] call add(14982)
[975] call add(14983)
[976] call remove
[970] return
[971] return 14912
[972] return 14913
[977] call add(14984)
[973] return 14915
[974] return
[978] call remove
[975] return
[979] call remove
[976] return 14925
[980] call add(14985)
[981] call add(14986)
[982] call add(14987)
[983] call add(14988)
[977] return
[978] return 14922
[979] return 14929
[984] call remove
[980] return
[981] return
[985] call remove
[982] return
[986] call add(14989)
[983] return
[987] call add(14990)
[988] call add(14991)
[989] call add(14992)
[990] call add(14993)
[984] return 14926
[985] return 14927
[986] return
[991] call add(14994)
[987] return
[988] return
[992] call remove
[989] return
[993] call add(14995)
[990] return
[994] call add(14996)
[995] call add(14997)
[996] call add(14998)
[997] call remove
[993] return
[991] return
[992] return 14928
[998] call remove
[999] call add(14999)
[994] return
[1000] call remove
[996] return
[995] return
[997] return 14921
[1001] call remove
[1002] call remove
[998] return 14924
[1003] call add(15000)
[999] return
[1004] call add(15001)
[1000] return 14930
[1005] call remove
[1006] call add(15002)
[1001] return 14923
[1007] call add(15003)
[1002] return 14933
[1003] return
[1004] return
[1008] call remove
[1009] call remove
[1005] return 14932
[1010] call remove
[1006] return
[1011] call remove
[1007] return
[1012] call remove
[1013] call remove
[1008] return 14940
[1014] call add(15004)
[1009] return 14934
[1010] return 14939
[1011] return 14938
[1015] call add(15005)
[1016] call add(15006)
[1012] return 14936
[1017] call remove
[1013] return 14931
[1018] call add(15007)
[1014] return
[1019] call remove
[1020] call add(15008)
[1015] return
[1021] call remove
[1016] return
[1017] return 14935
[1018] return
[1022] call add(15009)
[1023] call remove
[1019] return 14937
[1024] call add(15010)
[1020] return
[1025] call remove
[1021] return 14950
[1026] call remove
[1027] call add(15011)
[1022] return
[1028] call remove
[1023] return 14946
[1024] return
[1025] return 14944
[1029] call add(15012)
[1030] call remove
[1026] return 14941
[1031] call remove
[1027] return
[1032] call add(15013)
[1028] return 14942
[1033] call remove
[1034] call add(15014)
[1029] return
[1035] call remove
[1030] return 14948
[1031] return 14949
[1032] return
[1036] call add(15015)
[1037] call remove
[1033] return 14943
[1038] call add(15016)
[1034] return
[1039] call remove
[1035] return 14945
[1040] call remove
[1041] call remove
[1036] return
[1042] call remove
[1037] return 14947
[1038] return
[1039] return 14953
[1043] call remove
[1044] call remove
[1040] return 14951
[1045] call remove
[1041] return 14959
[1046] call add(15017)
[1042] return 14958
[1047] call remove
[1048] call remove
[1043] return 14955
[1049] call add(15018)
[1044] return 14952
[1045] return 14954
[1046] return
[1050] call remove
[1051] call add(15019)
[1047] return 14957
[1052] call add(15020)
[1048] return 14960
[1053] call add(15021)
[1049] return
[1054] call remove
[1055] call add(15022)
[1050] return 14956
[1056] call add(15023)
[1051] return
[1052] return
[1053] return
[1057] call add(15024)
[1058] call remove
[1054] return 14969
[1059] call remove
[1055] return
[1060] call add(15025)
[1056] return
[1061] call remove
[1062] call remove
[1057] return
[1063] call remove
[1058] return 14970
[1059] return 14968
[1060] return
[1064] call add(15026)
[1065] call add(15027)
[1061] return 14961
[1066] call remove
[1062] return 14967
[1067] call remove
[1063] return 14964
[1068] call add(15028)
[1069] call remove
[1064] return
[1070] call remove
[1065] return
[1066] return 14963
[1067] return 14962
[1071] call add(15029)
[1072] call add(15030)
[1068] return
[1073] call remove
[1069] return 14965
[1074] call add(15031)
[1070] return 14966
[1075] call remove
[1076] call remove
[1071] return
[1077] call add(15032)
[1072] return
[1073] return 14979
[1074] return
[1078] call remove
[1079] call remove
[1075] return 14973
[1080] call remove
[1076] return 14980
[1081] call add(15033)
[1077] return
[1082] call remove
[1083] call remove
[1078] return 14971
[1084] call remove
[1079] return 14974
[1080] return 14978
[1081] return
[1085] call add(15034)
[1086] call add(15035)
[1082] return 14976
[1087] call remove
[1083] return 14972
[1088] call add(15036)
[1084] return 14975
[1089] call remove
[1090] call remove
[1085] return
[1091] call add(15037)
[1086] return
[1087] return 14977
[1088] return
[1092] call add(15038)
[1093] call add(15039)
[1089] return 14984
[1094] call add(15040)
[1090] return 14990
[1095] call add(15041)
[1091] return
[1096] call add(15042)
[1097] call remove
[1092] return
[1098] call remove
[1093] return
[1094] return
[1095] return
[1099] call remove
[1100] call add(15043)
[1096] return
[1101] call remove
[1097] return 14986
[1102] call remove
[1098] return 14981
[1103] call remove
[1104] call add(15044)
[1099] return 14989
[1105] call add(15045)
[1100] return
[1101] return 14983
[1102] return 14985
[1106] call remove
[1107] call add(15046)
[1103] return 14987
[1108] call add(15047)
[1104] return
[1109] call remove
[1105] return
[1110] call remove
[1111] call remove
[1106] return 14982
[1112] call add(15048)
[1107] return
[1108] return
[1109] return 14988
[1113] call add(15049)
[1114] call remove
[1110] return 15000
[1115] call add(15050)
[1111] return 14996
[1116] call remove
[1112] return
[1117] call add(15051)
[1118] call add(15052)
[1113] return
[1119] call remove
[1114] return 14993
[1115] return
[1116] return 14999
[1120] call add(15053)
[1121] call add(15054)
[1117] return
[1122] call add(15055)
[1118] return
[1123] call add(15056)
[1119] return 14992
[1124] call add(15057)
[1125] call add(15058)
[1120] return
[1126] call remove
[1121] return
[1122] return
[1123] return
[1127] call remove
[1128] call remove
[1124] return
[1129] call remove
[1125] return
[1130] call remove
[1126] return 14994
[1131] call add(15059)
[1132] call remove
[1127] return 14997
[1133] call add(15060)
[1128] return 14991
[1129] return 14995
[1130] return 14998
[1134] call add(15061)
[1135] call add(15062)
[1131] return
[1136] call remove
[1132] return 15001
[1137] call remove
[1133] return
[1138] call remove
[1139] call remove
[1134] return
[1140] call remove
[1135] return
[1136] return 15006
[1141] call add(15063)
[1142] call remove
[1138] return 15002
[1137] return 15009
[1139] return 15010
[1140] return 15005
[1143] call remove
[1144] call remove
[1145] call remove
[1146] call add(15064)
[1147] call remove
[1142] return 15004
[1143] return 15003
[1144] return 15007
[1141] return
[1145] return 15008
[1148] call remove
[1149] call add(15065)
[1146] return
[1147] return 15015
[1150] call add(15066)
[1151] call add(15067)
[1152] call add(15068)
[1153] call add(15069)
[1154] call remove
[1148] return 15011
[1149] return
[1150] return
[1151] return
[1152] return
[1155] call remove
[1156] call remove
[1153] return
[1154] return 15013
[1157] call add(15070)
[1158] call add(15071)
[1159] call remove
[1160] call remove
[1161] call add(15072)
[1155] return 15017
[1156] return 15019
[1157] return
[1158] return
[1159] return 15020
[1162] call remove
[1163] call remove
[1160] return 15016
[1161] return
[1164] call remove
[1165] call add(15073)
[1166] call remove
[1167] call remove
[1168] call remove
[1162] return 15018
[1163] return 15012
[1164] return 15014
[1165] return
[1166] return 15027
[1169] call remove
[1170] call add(15074)
[1167] return 15021
[1168] return 15024
[1171] call add(15075)
[1172] call add(15076)
[1173] call add(15077)
[1174] call add(15078)
[1175] call add(15079)
[1169] return 15029
[1170] return
[1171] return
[1172] return
[1173] return
[1176] call add(15080)
[1177] call remove
[1174] return
[1175] return
[1178] call add(15081)
[1179] call add(15082)
[1180] call add(15083)
[1181] call remove
[1182] call remove
[1176] return
[1177] return 15023
[1178] return
[1179] return
[1180] return
[1183] call add(15084)
[1184] call remove
[1181] return 15028
[1182] return 15030
[1185] call add(15085)
[1186] call remove
[1187] call remove
[1188] call add(15086)
[1189] call add(15087)
[1183] return
[1184] return 15025
[1185] return
[1186] return 15026
[1187] return 15022
[1190] call add(15088)
[1191] call add(15089)
[1188] return
[1189] return
[1192] call remove
[1193] call add(15090)
[1194] call remove
[1195] call add(15091)
[1196] call remove
[1190] return
[1191] return
[1192] return 15035
[1193] return
[1194] return 15034
[1197] call add(15092)
[1198] call add(15093)
[1195] return
[1196] return 15033
[1199] call remove
[1200] call remove
[1201] call remove
[1202] call remove
[1203] call remove
[1197] return
[1198] return
[1199] return 15037
[1200] return 15031
[1201] return 15038
[1204] call add(15094)
[1205] call remove
[1202] return 15032
[1203] return 15039
[1206] call remove
[1207] call add(15095)
[1208] call add(15096)
[1209] call remove
[1210] call add(15097)
[1204] return
[1205] return 15036
[1206] return 15040
[1207] return
[1208] return
[1211] call remove
[1212] call remove
[1209] return 15043
[1210] return
[1213] call remove
[1214] call add(15098)
[1215] call remove
[1216] call add(15099)
[1217] call remove
[1211] return 15041
[1212] return 15047
[1213] return 15048
[1214] return
[1215] return 15044
[1218] call add(15100)
[1219] call add(15101)
[1216] return
[1217] return 15046
[1220] call remove
[1221] call remove
[1222] call remove
[1223] call remove
[1224] call add(15102)
[1218] return
[1219] return
[1220] return 15045
[1221] return 15049
[1222] return 15042
[1225] call add(15103)
[1226] call add(15104)
[1223] return 15050
[1224] return
[1227] call add(15105)
[1228] call add(15106)
[1229] call add(15107)
[1230] call add(15108)
[1231] call remove
[1225] return
[1226] return
[1227] return
[1228] return
[1229] return
[1232] call add(15109)
[1233] call add(15110)
[1230] return
[1231] return 15056
[1234] call add(15111)
[1235] call add(15112)
[1236] call remove
[1237] call add(15113)
[1238] call add(15114)
[1232] return
[1233] return
[1234] return
[1235] return
[1236] return 15053
[1239] call remove
[1240] call remove
[1237] return
[1238] return
[1241] call remove
[1242] call add(15115)
[1243] call remove
[1244] call add(15116)
[1245] call add(15117)
[1239] return 15060
[1240] return 15059
[1241] return 15058
[1242] return
[1243] return 15051
[1246] call add(15118)
[1247] call remove
[1244] return
[1245] return
[1248] call add(15119)
[1249] call remove
[1250] call remove
[1251] call add(15120)
[1252] call add(15121)
[1246] return
[1247] return 15052
[1251] return
[1249] return 15055
[1250] return 15057
[1253] call add(15122)
[1254] call add(15123)
[1248] return
[1252] return
[1255] call add(15124)
[1256] call add(15125)
[1257] call remove
[1258] call add(15126)
[1259] call add(15127)
[1253] return
[1254] return
[1255] return
[1256] return
[1260] call add(15128)
[1261] call add(15129)
[1262] call add(15130)
[1258] return
[1259] return
[1257] return 15054
[1263] call add(15131)
[1264] call add(15132)
[1265] call remove
[1266] call remove
[1260] return
[1261] return
[1262] return
[1263] return
[1267] call add(15133)
[1268] call add(15134)
[1269] call add(15135)
[1264] return
[1265] return 15064
[1266] return 15068
[1270] call remove
[1271] call add(15136)
[1272] call remove
[1273] call add(15137)
[1267] return
[1268] return
[1269] return
[1270] return 15065
[1273] return
[1274] call add(15138)
[1275] call remove
[1271] return
[1272] return 15070
[1276] call remove
[1277] call remove
[1278] call remove
[1279] call remove
[1280] call add(15139)
[1274] return
[1275] return 15069
[1276] return 15062
[1277] return 15061
[1278] return 15063
[1281] call remove
[1282] call add(15140)
[1279] return 15067
[1280] return
[1283] call remove
[1284] call remove
[1285] call add(15141)
[1286] call remove
[1287] call remove
[1281] return 15066
[1282] return
[1283] return 15077
[1284] return 15078
[1285] return
[1288] call add(15142)
[1289] call remove
[1286] return 15075
[1287] return 15080
[1290] call remove
[1291] call add(15143)
[1292] call add(15144)
[1293] call remove
[1289] return 15071
[1288] return
[1294] call add(15145)
[1295] call remove
[1290] return 15072
[1291] return
[1292] return
[1296] call add(15146)
[1293] return 15079
[1297] call remove
[1298] call add(15147)
[1299] call remove
[1294] return
[1300] call add(15148)
[1295] return 15073
[1296] return
[1301] call remove
[1302] call add(15149)
[1297] return 15076
[1298] return
[1299] return 15074
[1303] call remove
[1300] return
[1304] call add(15150)
[1305] call remove
[1306] call add(15151)
[1301] return 15085
[1307] call add(15152)
[1302] return
[1303] return 15090
[1308] call add(15153)
[1309] call remove
[1304] return
[1305] return 15089
[1306] return
[1310] call add(15154)
[1307] return
[1311] call remove
[1312] call remove
[1313] call add(15155)
[1308] return
[1314] call remove
[1309] return 15084
[1310] return
[1315] call add(15156)
[1316] call remove
[1311] return 15082
[1312] return 15087
[1313] return
[1317] call add(15157)
[1314] return 15086
[1318] call add(15158)
[1319] call add(15159)
[1320] call remove
[1315] return
[1321] call remove
[1316] return 15081
[1317] return
[1322] call remove
[1323] call remove
[1318] return
[1319] return
[1320] return 15083
[1324] call remove
[1321] return 15088
[1325] call remove
[1326] call add(15160)
[1327] call add(15161)
[1322] return 15100
[1328] call remove
[1323] return 15096
[1324] return 15091
[1329] call add(15162)
[1330] call remove
[1325] return 15098
[1326] return
[1327] return
[1331] call remove
[1328] return 15097
[1332] call remove
[1333] call add(15163)
[1334] call add(15164)
[1329] return
[1335] call add(15165)
[1330] return 15092
[1331] return 15095
[1336] call remove
[1337] call add(15166)
[1332] return 15099
[1333] return
[1334] return
[1338] call remove
[1335] return
[1339] call add(15167)
[1340] call remove
[1341] call add(15168)
[1336] return 15094
[1342] call remove
[1337] return
[1338] return 15093
[1343] call add(15169)
[1344] call add(15170)
[1339] return
[1340] return 15110
[1341] return
[1345] call remove
[1342] return 15107
[1346] call add(15171)
[1347] call add(15172)
[1348] call add(15173)
[1343] return
[1349] call remove
[1344] return
[1345] return 15106
[1350] call remove
[1351] call remove
[1346] return
[1347] return
[1348] return
[1352] call add(15174)
[1349] return 15102
[1353] call remove
[1351] return 15103
[1354] call remove
[1350] return 15105
[1355] call add(15175)
[1356] call remove
[1357] call remove
[1352] return
[1354] return 15104
[1353] return 15109
[1356] return 15101
[1355] return
[1358] call remove
[1359] call add(15176)
[1360] call remove
[1361] call remove
[1362] call add(15177)
[1363] call remove
[1357] return 15108
[1358] return 15115
[1364] call add(15178)
[1359] return
[1360] return 15116
[1361] return 15118
[1362] return
[1363] return 15119
[1365] call add(15179)
[1366] call add(15180)
[1367] call remove
[1368] call remove
[1369] call remove
[1370] call remove
[1364] return
[1365] return
[1371] call add(15181)
[1366] return
[1367] return 15114
[1368] return 15120
[1369] return 15112
[1370] return 15117
[1372] call remove
[1373] call add(15182)
[1374] call add(15183)
[1375] call remove
[1376] call remove
[1377] call add(15184)
[1371] return
[1372] return 15111
[1378] call add(15185)
[1373] return
[1374] return
[1375] return 15113
[1376] return 15123
[1377] return
[1379] call remove
[1380] call add(15186)
[1381] call remove
[1382] call remove
[1383] call remove
[1384] call add(15187)
[1378] return
[1379] return 15121
[1380] return
[1381] return 15130
[1382] return 15126
[1383] return 15124
[1385] call remove
[1384] return
[1386] call add(15188)
[1387] call remove
[1388] call remove
[1389] call add(15189)
[1390] call add(15190)
[1391] call add(15191)
[1385] return 15127
[1386] return
[1387] return 15128
[1388] return 15122
[1389] return
[1390] return
[1392] call add(15192)
[1391] return
[1393] call remove
[1394] call remove
[1395] call add(15193)
[1396] call remove
[1397] call add(15194)
[1398] call add(15195)
[1392] return
[1393] return 15129
[1394] return 15125
[1395] return
[1396] return 15135
[1397] return
[1399] call add(15196)
[1398] return
[1400] call remove
[1401] call add(15197)
[1402] call remove
[1403] call remove
[1404] call add(15198)
[1405] call remove
[1399] return
[1400] return 15138
[1401] return
[1402] return 15134
[1403] return 15132
[1404] return
[1406] call remove
[1405] return 15137
[1407] call add(15199)
[1408] call add(15200)
[1409] call remove
[1410] call add(15201)
[1411] call add(15202)
[1412] call remove
[1406] return 15140
[1407] return
[1408] return
[1409] return 15133
[1410] return
[1411] return
[1413] call add(15203)
[1412] return 15139
[1414] call add(15204)
[1415] call add(15205)
[1416] call add(15206)
[1417] call add(15207)
[1418] call remove
[1419] call add(15208)
[1413] return
[1414] return
[1415] return
[1416] return
[1417] return
[1418] return 15131
[1420] call add(15209)
[1419] return
[1421] call add(15210)
[1422] call add(15211)
[1423] call add(15212)
[1424] call remove
[1425] call remove
[1426] call remove
[1420] return
[1421] return
[1422] return
[1423] return
[1424] return 15136
[1425] return 15149
[1427] call remove
[1426] return 15142
[1428] call remove
[1429] call add(15213)
[1430] call remove
[1431] call add(15214)
[1432] call add(15215)
[1433] call remove
[1429] return
[1427] return 15150
[1428] return 15141
[1430] return 15147
[1434] call remove
[1431] return
[1435] call add(15216)
[1432] return
[1436] call remove
[1433] return 15143
[1437] call remove
[1438] call add(15217)
[1439] call remove
[1440] call remove
[1434] return 15145
[1435] return
[1436] return 15148
[1437] return 15146
[1441] call add(15218)
[1438] return
[1442] call remove
[1439] return 15144
[1443] call add(15219)
[1440] return 15155
[1444] call remove
[1445] call add(15220)
[1446] call add(15221)
[1447] call remove
[1441] return
[1442] return 15160
[1443] return
[1444] return 15153
[1448] call add(15222)
[1445] return
[1449] call add(15223)
[1446] return
[1450] call remove
[1447] return 15152
[1451] call add(15224)
[1452] call remove
[1453] call add(15225)
[1454] call remove
[1448] return
[1449] return
[1450] return 15158
[1451] return
[1455] call remove
[1452] return 15159
[1456] call add(15226)
[1453] return
[1457] call remove
[1454] return 15151
[1458] call remove
[1459] call add(15227)
[1460] call add(15228)
[1461] call remove
[1455] return 15157
[1456] return
[1457] return 15154
[1458] return 15156
[1462] call remove
[1459] return
[1463] call remove
[1460] return
[1464] call remove
[1461] return 15163
[1465] call remove
[1466] call remove
[1467] call add(15229)
[1468] call remove
[1462] return 15167
[1463] return 15165
[1464] return 15170
[1465] return 15161
[1469] call remove
[1466] return 15166
[1470] call add(15230)
[1467] return
[1471] call add(15231)
[1468] return 15162
[1472] call add(15232)
[1473] call add(15233)
[1474] call add(15234)
[1475] call remove
[1469] return 15164
[1470] return
[1471] return
[1472] return
[1476] call add(15235)
[1473] return
[1477] call add(15236)
[1474] return
[1478] call remove
[1475] return 15168
[1479] call add(15237)
[1480] call remove
[1481] call add(15238)
[1482] call remove
[1476] return
[1477] return
[1478] return 15169
[1479] return
[1483] call remove
[1480] return 15171
[1484] call add(15239)
[1481] return
[1485] call remove
[1482] return 15174
[1486] call add(15240)
[1487] call remove
[1488] call add(15241)
[1489] call remove
[1483] return 15172
[1484] return
[1485] return 15180
[1486] return
[1490] call remove
[1487] return 15175
[1491] call remove
[1488] return
[1492] call add(15242)
[1489] return 15177
[1493] call add(15243)
[1494] call add(15244)
[1495] call add(15245)
[1496] call remove
[1490] return 15178
[1491] return 15176
[1492] return
[1493] return
[1497] call add(15246)
[1494] return
[1498] call remove
[1495] return
[1499] call add(15247)
[1496] return 15179
[1500] call remove
[1501] call remove
[1502] call add(15248)
[1503] call add(15249)
[1497] return
[1498] return 15173
[1499] return
[1500] return 15189
[1504] call remove
[1501] return 15184
[1505] call add(15250)
[1502] return
[1506] call remove
[1503] return
[1507] call add(15251)
[1508] call add(15252)
[1509] call remove
[1510] call add(15253)
[1504] return 15186
[1505] return
[1506] return 15183
[1507] return
[1511] call remove
[1508] return
[1512] call remove
[1509] return 15182
[1513] call add(15254)
[1510] return
[1514] call remove
[1515] call add(15255)
[1516] call add(15256)
[1517] call remove
[1511] return 15181
[1512] return 15185
[1513] return
[1516] return
[1514] return 15187
[1518] call add(15257)
[1515] return
[1519] call add(15258)
[1520] call add(15259)
[1521] call add(15260)
[1522] call add(15261)
[1523] call remove
[1517] return 15188
[1518] return
[1519] return
[1524] call remove
[1520] return
[1521] return
[1522] return
[1525] call add(15262)
[1523] return 15190
[1526] call add(15263)
[1527] call remove
[1528] call remove
[1529] call remove
[1530] call add(15264)
[1524] return 15191
[1525] return
[1526] return
[1531] call remove
[1527] return 15196
[1528] return 15199
[1529] return 15197
[1532] call remove
[1530] return
[1533] call remove
[1534] call remove
[1535] call remove
[1536] call remove
[1537] call add(15265)
[1531] return 15200
[1532] return 15194
[1533] return 15195
[1538] call add(15266)
[1534] return 15198
[1535] return 15192
[1536] return 15193
[1539] call add(15267)
[1537] return
[1540] call remove
[1541] call add(15268)
[1542] call add(15269)
[1543] call remove
[1544] call remove
[1539] return
[1538] return
[1540] return 15206
[1541] return
[1542] return
[1543] return 15207
[1544] return 15201
[1545] call add(15270)
[1546] call add(15271)
[1547] call remove
[1548] call add(15272)
[1549] call add(15273)
[1550] call remove
[1551] call remove
[1545] return
[1546] return
[1547] return 15208
[1548] return
[1549] return
[1550] return 15209
[1551] return 15203
[1552] call remove
[1553] call add(15274)
[1554] call remove
[1555] call remove
[1556] call remove
[1557] call remove
[1558] call add(15275)
[1552] return 15205
[1553] return
[1554] return 15204
[1555] return 15202
[1556] return 15210
[1557] return 15213
[1558] return
[1559] call remove
[1560] call add(15276)
[1561] call remove
[1562] call add(15277)
[1563] call add(15278)
[1564] call remove
[1565] call remove
[1559] return 15219
[1560] return
[1561] return 15217
[1562] return
[1563] return
[1564] return 15218
[1565] return 15220
[1566] call remove
[1567] call add(15279)
[1568] call remove
[1569] call remove
[1570] call add(15280)
[1571] call remove
[1572] call remove
[1566] return 15216
[1567] return
[1568] return 15212
[1569] return 15214
[1570] return
[1571] return 15215
[1572] return 15211
[1573] call add(15281)
[1574] call remove
[1575] call remove
[1576] call remove
[1577] call remove
[1578] call remove
[1579] call remove
[1573] return
[1580] call remove
[1574] return 15223
[1575] return 15221
[1576] return 15222
[1577] return 15227
[1578] return 15230
[1581] call remove
[1582] call add(15282)
[1579] return 15224
[1583] call remove
[1580] return 15225
[1584] call add(15283)
[1585] call add(15284)
[1586] call add(15285)
[1587] call remove
[1581] return 15228
[1582] return
[1583] return 15229
[1584] return
[1585] return
[1588] call add(15286)
[1589] call add(15287)
[1586] return
[1590] call add(15288)
[1587] return 15226
[1591] call add(15289)
[1592] call remove
[1593] call remove
[1594] call remove
[1590] return
[1588] return
[1591] return
[1595] call add(15290)
[1589] return
[1596] call remove
[1597] call remove
[1592] return 15234
[1593] return 15239
[1594] return 15232
[1595] return
[1596] return 15236
[1597] return 15233
