# @object atomic-queue
[1] call remove
[2] call remove
[3] call add(13106)
[4] call remove
[5] call remove
[6] call add(13107)
[7] call add(13108)
[1] return empty
[4] return empty
[3] return
[2] return 13106
[5] return empty
[8] call remove
[6] return
[9] call add(13109)
[10] call add(13110)
[11] call remove
[7] return
[12] call remove
[13] call remove
[14] call remove
[8] return 13108
[9] return
[10] return
[11] return 13107
[12] return 13109
[15] call remove
[13] return 13110
[16] call remove
[17] call add(13111)
[18] call add(13112)
[14] return empty
[19] call remove
[20] call remove
[21] call add(13113)
[15] return empty
[16] return empty
[17] return
[18] return
[19] return 13111
[22] call remove
[20] return 13112
[23] call remove
[24] call remove
[25] call remove
[21] return
[26] call remove
[27] call remove
[28] call add(13114)
[22] return 13113
[23] return empty
[24] return empty
[25] return empty
[26] return empty
[29] call add(13115)
[27] return empty
[30] call remove
[31] call add(13116)
[32] call remove
[28] return
[33] call remove
[34] call remove
[35] call remove
[29] return
[30] return 13114
[31] return
[32] return 13115
[33] return 13116
[36] call add(13117)
[34] return empty
[37] call add(13118)
[38] call remove
[39] call remove
[35] return empty
[40] call remove
[41] call remove
[42] call remove
[36] return
[37] return
[38] return 13118
[39] return 13117
[40] return empty
[43] call add(13119)
[41] return empty
[44] call add(13120)
[45] call remove
[46] call remove
[42] return empty
[47] call remove
[48] call remove
[49] call add(13121)
[43] return
[44] return
[45] return 13119
[46] return 13120
[47] return empty
[50] call add(13122)
[48] return empty
[51] call remove
[52] call add(13123)
[53] call remove
[49] return
[54] call remove
[55] call add(13124)
[56] call add(13125)
[50] return
[51] return 13121
[52] return
[53] return 13122
[54] return 13123
[57] call add(13126)
[55] return
[58] call remove
[59] call remove
[60] call remove
[56] return
[61] call add(13127)
[62] call add(13128)
[63] call add(13129)
[57] return
[58] return 13126
[59] return 13124
[60] return 13125
[61] return
[64] call add(13130)
[62] return
[65] call remove
[66] call remove
[67] call add(13131)
[63] return
[68] call remove
[69] call add(13132)
[70] call add(13133)
[64] return
[65] return 13127
[69] return
[67] return
[68] return 13129
[71] call remove
[66] return 13130
[72] call add(13134)
[73] call remove
[74] call remove
[70] return
[75] call remove
[76] call remove
[72] return
[77] call remove
[71] return 13128
[73] return 13134
[78] call remove
[75] return 13132
[76] return 13131
[79] call remove
[74] return 13133
[80] call add(13135)
[77] return empty
[81] call add(13136)
[82] call add(13137)
[83] call remove
[78] return empty
[84] call remove
[79] return empty
[80] return
[85] call add(13138)
[81] return
[82] return
[86] call remove
[83] return 13136
[87] call remove
[84] return 13135
[88] call add(13139)
[89] call remove
[90] call add(13140)
[85] return
[91] call add(13141)
[86] return 13137
[87] return 13138
[92] call add(13142)
[88] return
[89] return 13139
[93] call add(13143)
[90] return
[94] call add(13144)
[91] return
[95] call remove
[96] call remove
[97] call add(13145)
[92] return
[98] call add(13146)
[93] return
[94] return
[99] call remove
[95] return 13141
[96] return 13140
[100] call remove
[97] return
[101] call remove
[98] return
[102] call remove
[103] call remove
[104] call remove
[99] return 13143
[105] call add(13147)
[100] return 13144
[101] return 13142
[106] call add(13148)
[102] return 13145
[103] return 13146
[107] call remove
[104] return empty
[108] call remove
[105] return
[109] call remove
[110] call remove
[111] call add(13149)
[106] return
[112] call remove
[107] return 13147
[108] return 13148
[113] call add(13150)
[109] return empty
[110] return empty
[114] call remove
[111] return
[115] call add(13151)
[112] return 13149
[116] call add(13152)
[117] call add(13153)
[118] call remove
[113] return
[119] call add(13154)
[114] return 13150
[115] return
[118] return 13152
[116] return
[117] return
[120] call add(13155)
[121] call add(13156)
[122] call remove
[123] call remove
[119] return
[124] call remove
[125] call remove
[126] call remove
[120] return
[121] return
[122] return 13153
[123] return 13151
[124] return 13156
[125] return 13154
[127] call remove
[128] call remove
[129] call remove
[130] call remove
[126] return 13155
[131] call add(13157)
[132] call remove
[133] call remove
[127] return empty
[128] return empty
[129] return empty
[130] return empty
[131] return
[132] return 13157
[134] call add(13158)
[135] call remove
[136] call add(13159)
[137] call add(13160)
[133] return empty
[138] call remove
[139] call add(13161)
[140] call add(13162)
[134] return
[135] return 13158
[136] return
[137] return
[138] return 13160
[139] return
[141] call remove
[142] call remove
[143] call remove
[144] call remove
[140] return
[145] call add(13163)
[146] call add(13164)
[147] call remove
[141] return 13159
[142] return 13161
[143] return 13162
[144] return empty
[145] return
[146] return
[148] call add(13165)
[149] call add(13166)
[150] call add(13167)
[151] call add(13168)
[147] return 13164
[152] call remove
[153] call remove
[154] call remove
[148] return
[149] return
[150] return
[151] return
[152] return 13163
[153] return 13167
[155] call remove
[156] call remove
[157] call remove
[158] call add(13169)
[154] return 13168
[159] call remove
[160] call add(13170)
[161] call add(13171)
[155] return 13166
[156] return 13165
[157] return empty
[158] return
[159] return 13169
[160] return
[162] call add(13172)
[163] call add(13173)
[164] call remove
[165] call remove
[161] return
[166] call add(13174)
[167] call add(13175)
[168] call remove
[162] return
[163] return
[164] return 13173
[165] return 13170
[166] return
[167] return
[169] call add(13176)
[170] call remove
[171] call remove
[172] call remove
[168] return 13171
[173] call add(13177)
[174] call remove
[175] call add(13178)
[169] return
[170] return 13172
[171] return 13176
[172] return 13175
[173] return
[175] return
[176] call add(13179)
[177] call add(13180)
[178] call remove
[179] call remove
[174] return 13174
[178] return 13177
[180] call add(13181)
[181] call add(13182)
[182] call remove
[183] call remove
[176] return
[179] return 13178
[177] return
[184] call remove
[183] return 13179
[180] return
[185] call add(13183)
[181] return
[182] return 13180
[186] call add(13184)
[187] call remove
[188] call remove
[189] call add(13185)
[190] call add(13186)
[184] return 13182
[185] return
[187] return 13181
[186] return
[191] call remove
[192] call remove
[188] return 13183
[193] call add(13187)
[190] return
[194] call add(13188)
[189] return
[195] call add(13189)
[196] call add(13190)
[191] return 13184
[192] return 13185
[197] call remove
[193] return
[194] return
[198] call add(13191)
[199] call remove
[195] return
[200] call add(13192)
[196] return
[201] call add(13193)
[197] return 13186
[202] call remove
[203] call remove
[198] return
[199] return 13189
[204] call remove
[200] return
[201] return
[205] call add(13194)
[206] call add(13195)
[204] return 13191
[207] call remove
[203] return 13187
[208] call add(13196)
[202] return 13190
[209] call remove
[206] return
[210] call remove
[205] return
[211] call add(13197)
[212] call add(13198)
[208] return
[213] call remove
[207] return 13188
[209] return 13192
[210] return 13195
[214] call remove
[211] return
[215] call remove
[216] call remove
[212] return
[217] call add(13199)
[213] return 13196
[218] call remove
[219] call add(13200)
[214] return 13193
[220] call add(13201)
[215] return 13194
[216] return 13197
[217] return
[221] call remove
[218] return 13198
[222] call remove
[223] call add(13202)
[219] return
[224] call remove
[220] return
[221] return 13199
[225] call remove
[226] call add(13203)
[227] call remove
[228] call remove
[222] return 13200
[223] return
[224] return 13201
[227] return 13203
[229] call remove
[225] return 13202
[230] call remove
[226] return
[231] call remove
[228] return empty
[232] call add(13204)
[233] call remove
[234] call add(13205)
[235] call add(13206)
[229] return empty
[230] return empty
[233] return 13204
[232] return
[235] return
[231] return empty
[234] return
[236] call add(13207)
[237] call remove
[238] call add(13208)
[239] call add(13209)
[240] call add(13210)
[241] call add(13211)
[242] call add(13212)
[236] return
[237] return 13207
[239] return
[238] return
[240] return
[241] return
[242] return
[243] call remove
[244] call remove
[245] call remove
[246] call add(13213)
[247] call add(13214)
[248] call add(13215)
[249] call add(13216)
[243] return 13206
[244] return 13205
[245] return 13212
[246] return
[247] return
[248] return
[249] return
[250] call remove
[251] call add(13217)
[252] call remove
[253] call remove
[254] call remove
[255] call add(13218)
[256] call remove
[250] return 13210
[251] return
[252] return 13208
[253] return 13211
[254] return 13209
[255] return
[256] return 13214
[257] call add(13219)
[258] call remove
[259] call add(13220)
[260] call add(13221)
[261] call add(13222)
[262] call add(13223)
[263] call add(13224)
[259] return
[257] return
[258] return 13213
[260] return
[264] call add(13225)
[261] return
[262] return
[265] call remove
[266] call add(13226)
[263] return
[267] call add(13227)
[268] call remove
[269] call remove
[270] call remove
[264] return
[265] return 13215
[266] return
[271] call add(13228)
[267] return
[268] return 13216
[269] return 13217
[272] call add(13229)
[270] return 13218
[273] call remove
[271] return
[274] call remove
[275] call add(13230)
[276] call remove
[277] call remove
[278] call add(13231)
[275] return
[273] return 13220
[274] return 13228
[272] return
[279] call add(13232)
[280] call add(13233)
[277] return 13226
[281] call add(13234)
[278] return
[282] call remove
[283] call remove
[276] return 13223
[284] call add(13235)
[281] return
[279] return
[280] return
[285] call add(13236)
[286] call add(13237)
[282] return 13221
[287] call add(13238)
[288] call add(13239)
[283] return 13227
[284] return
[289] call add(13240)
[290] call remove
[285] return
[291] call remove
[286] return
[287] return
[288] return
[292] call remove
[293] call remove
[289] return
[294] call add(13241)
[295] call remove
[290] return 13224
[296] call remove
[291] return 13219
[297] call remove
[292] return 13222
[298] call remove
[294] return
[295] return 13234
[293] return 13225
[299] call add(13242)
[297] return 13237
[300] call remove
[301] call add(13243)
[302] call remove
[303] call add(13244)
[296] return 13231
[299] return
[298] return 13232
[304] call add(13245)
[305] call add(13246)
[306] call remove
[301] return
[302] return 13229
[303] return
[300] return 13236
[305] return
[307] call remove
[308] call remove
[309] call remove
[304] return
[310] call remove
[306] return 13235
[311] call add(13247)
[312] call remove
[313] call remove
[307] return 13238
[308] return 13230
[314] call remove
[310] return 13243
[311] return
[309] return 13233
[315] call add(13248)
[312] return 13242
[316] call remove
[313] return 13241
[317] call add(13249)
[314] return 13244
[318] call remove
[319] call add(13250)
[320] call add(13251)
[316] return 13246
[315] return
[321] call remove
[322] call add(13252)
[317] return
[323] call add(13253)
[318] return 13245
[319] return
[320] return
[324] call add(13254)
[321] return 13240
[325] call remove
[326] call add(13255)
[327] call remove
[322] return
[323] return
[328] call remove
[329] call add(13256)
[324] return
[330] call add(13257)
[325] return 13239
[326] return
[327] return 13252
[331] call remove
[328] return 13250
[332] call add(13258)
[333] call add(13259)
[334] call remove
[329] return
[330] return
[335] call remove
[336] call remove
[331] return 13255
[337] call remove
[332] return
[333] return
[334] return 13251
[338] call remove
[335] return 13253
[339] call add(13260)
[340] call add(13261)
[341] call add(13262)
[336] return 13254
[337] return 13248
[342] call remove
[343] call add(13263)
[338] return 13249
[344] call remove
[339] return
[340] return
[341] return
[345] call remove
[342] return 13247
[346] call remove
[347] call add(13264)
[348] call remove
[343] return
[344] return 13258
[349] call add(13265)
[350] call remove
[345] return 13259
[351] call add(13266)
[346] return 13261
[347] return
[348] return 13257
[352] call remove
[349] return
[353] call remove
[354] call remove
[355] call remove
[350] return 13262
[351] return
[356] call add(13267)
[357] call add(13268)
[352] return 13260
[358] call add(13269)
[353] return 13256
[354] return 13263
[355] return 13266
[359] call remove
[356] return
[360] call remove
[361] call remove
[362] call add(13270)
[357] return
[358] return
[363] call add(13271)
[364] call add(13272)
[359] return 13264
[365] call remove
[360] return 13265
[361] return 13269
[362] return
[366] call remove
[363] return
[367] call add(13273)
[368] call remove
[369] call add(13274)
[364] return
[365] return 13267
[370] call add(13275)
[371] call add(13276)
[366] return 13268
[372] call remove
[373] call add(13277)
[367] return
[368] return 13273
[369] return
[374] call add(13278)
[375] call remove
[376] call add(13279)
[371] return
[370] return
[372] return 13270
[373] return
[377] call remove
[378] call add(13280)
[379] call add(13281)
[380] call remove
[374] return
[375] return 13272
[376] return
[381] call remove
[382] call add(13282)
[383] call add(13283)
[377] return 13271
[378] return
[379] return
[384] call remove
[385] call remove
[380] return 13280
[386] call add(13284)
[381] return 13278
[382] return
[383] return
[387] call add(13285)
[384] return 13274
[388] call remove
[389] call remove
[390] call remove
[385] return 13281
[386] return
[391] call remove
[392] call add(13286)
[387] return
[393] call remove
[388] return 13276
[389] return 13279
[390] return 13277
[394] call remove
[391] return 13275
[395] call remove
[396] call remove
[397] call remove
[392] return
[393] return 13286
[398] call add(13287)
[399] call remove
[394] return 13284
[400] call add(13288)
[395] return 13283
[396] return 13285
[397] return 13282
[401] call add(13289)
[398] return
[402] call add(13290)
[403] call remove
[404] call remove
[399] return 13287
[403] return 13288
[400] return
[405] call add(13291)
[406] call add(13292)
[407] call add(13293)
[401] return
[402] return
[408] call add(13294)
[404] return 13290
[409] call remove
[410] call remove
[405] return
[406] return
[411] call add(13295)
[407] return
[408] return
[412] call add(13296)
[413] call remove
[414] call remove
[409] return 13289
[410] return 13292
[415] call remove
[411] return
[416] call remove
[417] call remove
[412] return
[413] return 13294
[418] call add(13297)
[414] return 13291
[415] return 13293
[419] call add(13298)
[420] call add(13299)
[421] call add(13300)
[416] return 13295
[417] return 13296
[422] call add(13301)
[418] return
[423] call add(13302)
[424] call remove
[419] return
[420] return
[425] call add(13303)
[421] return
[422] return
[426] call add(13304)
[427] call remove
[428] call remove
[423] return
[424] return 13301
[429] call remove
[425] return
[430] call add(13305)
[431] call remove
[426] return
[427] return 13300
[432] call remove
[428] return 13302
[429] return 13298
[433] call remove
[434] call add(13306)
[435] call remove
[430] return
[431] return 13297
[436] call add(13307)
[432] return 13299
[437] call remove
[438] call remove
[433] return 13303
[434] return
[439] call add(13308)
[435] return 13305
[436] return
[440] call add(13309)
[441] call remove
[442] call add(13310)
[437] return 13304
[438] return 13307
[443] call add(13311)
[439] return
[444] call add(13312)
[445] call add(13313)
[440] return
[441] return 13306
[446] call add(13314)
[442] return
[443] return
[447] call remove
[448] call add(13315)
[449] call add(13316)
[444] return
[445] return
[450] call remove
[446] return
[451] call add(13317)
[452] call add(13318)
[447] return 13309
[448] return
[453] call add(13319)
[449] return
[450] return 13312
[454] call remove
[455] call add(13320)
[456] call remove
[451] return
[452] return
[457] call remove
[453] return
[458] call remove
[459] call remove
[454] return 13313
[455] return
[460] call remove
[456] return 13310
[457] return 13308
[461] call remove
[462] call remove
[463] call add(13321)
[458] return 13311
[459] return 13314
[464] call remove
[460] return 13315
[462] return 13318
[461] return 13317
[465] call add(13322)
[466] call add(13323)
[467] call add(13324)
[468] call add(13325)
[469] call add(13326)
[463] return
[464] return 13319
[470] call add(13327)
[465] return
[471] call add(13328)
[472] call add(13329)
[467] return
[468] return
[469] return
[466] return
[473] call add(13330)
[474] call add(13331)
[475] call remove
[470] return
[476] call remove
[471] return
[472] return
[477] call add(13332)
[478] call add(13333)
[479] call add(13334)
[473] return
[474] return
[475] return 13316
[476] return 13320
[480] call remove
[481] call remove
[482] call add(13335)
[477] return
[483] call remove
[478] return
[479] return
[484] call remove
[485] call remove
[486] call add(13336)
[480] return 13328
[481] return 13327
[482] return
[483] return 13322
[487] call remove
[488] call add(13337)
[489] call add(13338)
[484] return 13324
[490] call remove
[485] return 13326
[486] return
[491] call add(13339)
[492] call add(13340)
[493] call add(13341)
[487] return 13330
[488] return
[489] return
[490] return 13321
[494] call remove
[495] call add(13342)
[496] call add(13343)
[491] return
[497] call remove
[492] return
[493] return
[498] call add(13344)
[499] call remove
[500] call add(13345)
[494] return 13323
[495] return
[496] return
[497] return 13325
[501] call add(13346)
[502] call remove
[503] call add(13347)
[498] return
[504] call add(13348)
[499] return 13329
[500] return
[505] call add(13349)
[506] call add(13350)
[507] call add(13351)
[501] return
[502] return 13340
[503] return
[504] return
[508] call add(13352)
[509] call remove
[510] call remove
[505] return
[511] call remove
[506] return
[507] return
[512] call remove
[513] call remove
[514] call add(13353)
[508] return
[509] return 13333
[510] return 13334
[511] return 13332
[515] call add(13354)
[516] call remove
[517] call remove
[512] return 13335
[518] call remove
[513] return 13339
[514] return
[519] call add(13355)
[520] call add(13356)
[521] call remove
[515] return
[516] return 13331
[517] return 13336
[518] return 13337
[522] call add(13357)
[523] call remove
[524] call add(13358)
[519] return
[525] call add(13359)
[520] return
[521] return 13338
[526] call add(13360)
[527] call remove
[528] call remove
[522] return
[523] return 13343
[524] return
[525] return
[529] call remove
[530] call remove
[531] call add(13361)
[526] return
[532] call remove
[527] return 13344
[528] return 13348
[533] call add(13362)
[534] call remove
[535] call add(13363)
[529] return 13342
[530] return 13349
[531] return
[532] return 13347
[536] call add(13364)
[537] call remove
[538] call add(13365)
[533] return
[539] call remove
[534] return 13350
[535] return
[540] call remove
[541] call remove
[542] call remove
[536] return
[537] return 13341
[538] return
[539] return 13345
[543] call add(13366)
[544] call add(13367)
[545] call remove
[540] return 13346
[546] call add(13368)
[541] return 13360
[542] return 13356
[547] call remove
[548] call remove
[549] call remove
[543] return
[544] return
[545] return 13353
[546] return
[550] call add(13369)
[551] call remove
[552] call remove
[547] return 13352
[553] call remove
[548] return 13355
[549] return 13351
[554] call add(13370)
[555] call remove
[556] call remove
[550] return
[551] return 13357
[552] return 13359
[553] return 13358
[557] call add(13371)
[558] call add(13372)
[559] call remove
[554] return
[560] call add(13373)
[555] return 13354
[556] return 13367
[561] call add(13374)
[562] call remove
[563] call remove
[557] return
[558] return
[559] return 13366
[560] return
[564] call add(13375)
[565] call add(13376)
[566] call remove
[561] return
[567] call add(13377)
[562] return 13365
[563] return 13368
[568] call add(13378)
[569] call remove
[570] call remove
[564] return
[565] return
[566] return 13363
[567] return
[571] call add(13379)
[572] call remove
[573] call remove
[568] return
[574] call add(13380)
[569] return 13362
[570] return 13370
[575] call add(13381)
[576] call add(13382)
[577] call add(13383)
[571] return
[572] return 13369
[573] return 13364
[574] return
[578] call add(13384)
[579] call add(13385)
[580] call add(13386)
[575] return
[581] call remove
[576] return
[577] return
[582] call remove
[583] call remove
[584] call add(13387)
[578] return
[579] return
[580] return
[581] return 13361
[585] call remove
[586] call remove
[587] call remove
[582] return 13373
[583] return 13375
[584] return
[588] call remove
[589] call add(13388)
[587] return 13380
[590] call remove
[591] call remove
[585] return 13371
[586] return 13372
[592] call remove
[593] call remove
[594] call remove
[588] return 13374
[589] return
[590] return 13378
[591] return 13376
[595] call remove
[596] call add(13389)
[592] return 13377
[597] call add(13390)
[598] call add(13391)
[593] return 13379
[594] return 13388
[599] call add(13392)
[600] call remove
[601] call add(13393)
[595] return 13385
[596] return
[597] return
[598] return
[602] call remove
[603] call remove
[599] return
[604] call add(13394)
[605] call add(13395)
[600] return 13382
[601] return
[606] call remove
[607] call remove
[608] call remove
[602] return 13386
[603] return 13383
[604] return
[605] return
[609] call add(13396)
[610] call remove
[606] return 13384
[611] call add(13397)
[612] call add(13398)
[607] return 13387
[608] return 13381
[613] call add(13399)
[614] call add(13400)
[615] call add(13401)
[609] return
[610] return 13396
[611] return
[612] return
[616] call add(13402)
[617] call remove
[613] return
[618] call add(13403)
[619] call add(13404)
[614] return
[615] return
[620] call remove
[621] call remove
[622] call remove
[616] return
[617] return 13394
[618] return
[619] return
[623] call remove
[624] call remove
[620] return 13391
[625] call add(13405)
[626] call add(13406)
[621] return 13395
[622] return 13392
[627] call remove
[628] call add(13407)
[629] call add(13408)
[623] return 13390
[624] return 13389
[625] return
[626] return
[630] call remove
[631] call add(13409)
[627] return 13393
[632] call remove
[633] call remove
[628] return
[629] return
[634] call add(13410)
[635] call add(13411)
[636] call add(13412)
[630] return 13405
[631] return
[632] return 13403
[633] return 13398
[637] call remove
[638] call remove
[634] return
[639] call remove
[640] call remove
[635] return
[636] return
[641] call add(13413)
[642] call remove
[643] call add(13414)
[637] return 13399
[638] return 13404
[639] return 13397
[640] return 13402
[644] call add(13415)
[645] call add(13416)
[641] return
[646] call remove
[647] call remove
[642] return 13406
[643] return
[648] call remove
[649] call remove
[650] call add(13417)
[644] return
[645] return
[646] return 13400
[647] return 13401
[651] call add(13418)
[652] call add(13419)
[648] return 13410
[653] call remove
[654] call remove
[649] return 13414
[650] return
[655] call remove
[656] call add(13420)
[657] call remove
[651] return
[652] return
[653] return 13411
[654] return 13415
[658] call remove
[659] call add(13421)
[655] return 13409
[660] call remove
[661] call add(13422)
[656] return
[657] return 13407
[662] call add(13423)
[663] call add(13424)
[664] call remove
[658] return 13408
[659] return
[665] call remove
[660] return 13412
[661] return
[666] call add(13425)
[667] call remove
[668] call add(13426)
[663] return
[664] return 13416
[662] return
[665] return 13413
[669] call remove
[670] call add(13427)
[671] call remove
[666] return
[672] call remove
[667] return 13422
[668] return
[673] call remove
[674] call remove
[675] call remove
[669] return 13424
[670] return
[671] return 13417
[672] return 13423
[676] call add(13428)
[677] call remove
[678] call remove
[673] return 13418
[679] call remove
[674] return 13420
[675] return 13421
[680] call remove
[681] call remove
[682] call add(13429)
[676] return
[677] return 13419
[678] return 13425
[679] return 13427
[683] call add(13430)
[684] call remove
[685] call add(13431)
[680] return 13426
[686] call add(13432)
[681] return 13428
[682] return
[687] call remove
[688] call add(13433)
[689] call add(13434)
[683] return
[684] return 13429
[685] return
[686] return
[690] call remove
[691] call add(13435)
[687] return 13430
[688] return
[692] call remove
[689] return
[693] call add(13436)
[694] call remove
[695] call add(13437)
[696] call remove
[690] return 13432
[691] return
[692] return 13431
[693] return
[694] return 13433
[697] call remove
[698] call remove
[695] return
[696] return 13434
[699] call add(13438)
[700] call add(13439)
[701] call remove
[702] call remove
[703] call add(13440)
[697] return 13436
[698] return 13435
[699] return
[700] return
[701] return 13437
[704] call remove
[705] call remove
[702] return 13438
[703] return
[706] call remove
[707] call remove
[708] call add(13441)
[709] call add(13442)
[710] call remove
[704] return 13439
[705] return 13440
[706] return empty
[707] return empty
[708] return
[711] call add(13443)
[712] call add(13444)
[709] return
[710] return 13442
[713] call add(13445)
[714] call add(13446)
[715] call add(13447)
[716] call add(13448)
[717] call add(13449)
[711] return
[712] return
[713] return
[714] return
[715] return
[718] call remove
[719] call remove
[716] return
[717] return
[720] call remove
[721] call add(13450)
[722] call remove
[723] call remove
[724] call remove
[718] return 13441
[719] return 13443
[720] return 13444
[721] return
[722] return 13448
[725] call remove
[726] call remove
[723] return 13447
[724] return 13446
[727] call remove
[728] call remove
[729] call add(13451)
[730] call add(13452)
[731] call add(13453)
[725] return 13449
[726] return 13445
[727] return 13450
[728] return empty
[729] return
[732] call remove
[733] call add(13454)
[730] return
[731] return
[734] call remove
[735] call add(13455)
[736] call add(13456)
[737] call add(13457)
[738] call remove
[732] return 13451
[733] return
[739] call add(13458)
[734] return 13453
[735] return
[736] return
[740] call add(13459)
[737] return
[741] call add(13460)
[742] call remove
[743] call add(13461)
[738] return 13452
[744] call remove
[739] return
[740] return
[745] call remove
[746] call add(13462)
[741] return
[742] return 13459
[743] return
[747] call add(13463)
[744] return 13457
[748] call remove
[749] call remove
[750] call remove
[745] return 13458
[751] call add(13464)
[746] return
[747] return
[752] call add(13465)
[753] call remove
[748] return 13455
[749] return 13456
[750] return 13454
[754] call add(13466)
[751] return
[755] call add(13467)
[756] call remove
[757] call add(13468)
[752] return
[758] call add(13469)
[753] return 13460
[754] return
[759] call remove
[760] call remove
[755] return
[756] return 13463
[757] return
[761] call remove
[758] return
[762] call remove
[763] call remove
[764] call add(13470)
[759] return 13462
[765] call remove
[760] return 13466
[761] return 13465
[766] call add(13471)
[767] call add(13472)
[762] return 13464
[763] return 13467
[764] return
[768] call remove
[765] return 13461
[769] call remove
[770] call remove
[771] call add(13473)
[766] return
[772] call add(13474)
[767] return
[768] return 13471
[773] call remove
[774] call remove
[769] return 13469
[770] return 13470
[771] return
[775] call remove
[772] return
[776] call add(13475)
[777] call add(13476)
[778] call add(13477)
[773] return 13468
[779] call remove
[774] return 13472
[775] return 13474
[780] call remove
[781] call add(13478)
[776] return
[777] return
[778] return
[782] call add(13479)
[779] return 13473
[783] call add(13480)
[784] call remove
[785] call add(13481)
[780] return 13475
[786] call add(13482)
[787] call add(13483)
[782] return
[781] return
[783] return
[784] return 13476
[785] return
[788] call remove
[789] call remove
[786] return
[787] return
[790] call remove
[791] call add(13484)
[792] call remove
[793] call remove
[794] call add(13485)
[788] return 13477
[789] return 13478
[790] return 13481
[791] return
[792] return 13482
[795] call remove
[796] call remove
[793] return 13483
[794] return
[797] call remove
[798] call add(13486)
[799] call add(13487)
[800] call add(13488)
[801] call add(13489)
[795] return 13480
[796] return 13479
[797] return 13485
[798] return
[799] return
[802] call add(13490)
[803] call add(13491)
[800] return
[801] return
[804] call add(13492)
[805] call add(13493)
[806] call remove
[807] call add(13494)
[808] call remove
[802] return
[803] return
[804] return
[805] return
[806] return 13484
[809] call remove
[810] call remove
[807] return
[808] return 13491
[811] call remove
[812] call add(13495)
[813] call remove
[814] call remove
[815] call add(13496)
[809] return 13489
[810] return 13488
[811] return 13487
[812] return
[813] return 13494
[816] call remove
[817] call remove
[814] return 13490
[815] return
[818] call remove
[819] call add(13497)
[820] call remove
[821] call remove
[822] call add(13498)
[816] return 13492
[817] return 13493
[818] return 13486
[819] return
[820] return 13497
[823] call add(13499)
[824] call remove
[821] return 13495
[822] return
[825] call remove
[826] call add(13500)
[827] call add(13501)
[828] call add(13502)
[829] call remove
[823] return
[824] return 13496
[825] return 13498
[826] return
[827] return
[830] call remove
[831] call add(13503)
[828] return
[829] return 13499
[832] call remove
[833] call remove
[834] call remove
[835] call add(13504)
[836] call remove
[830] return 13500
[831] return
[832] return 13502
[833] return 13501
[834] return 13503
[837] call remove
[838] call remove
[835] return
[836] return 13504
[839] call remove
[840] call add(13505)
[841] call remove
[842] call add(13506)
[843] call remove
[837] return empty
[838] return empty
[839] return empty
[840] return
[841] return 13505
[844] call remove
[845] call add(13507)
[842] return
[843] return 13506
[846] call remove
[847] call remove
[848] call remove
[849] call remove
[850] call remove
[844] return empty
[845] return
[846] return 13507
[847] return empty
[848] return empty
[851] call remove
[852] call remove
[849] return empty
[850] return empty
[853] call remove
[854] call remove
[855] call remove
[856] call add(13508)
[857] call add(13509)
[851] return empty
[852] return empty
[853] return empty
[854] return empty
[855] return empty
[858] call remove
[859] call add(13510)
[856] return
[857] return
[860] call remove
[861] call add(13511)
[862] call add(13512)
[863] call remove
[864] call add(13513)
[858] return 13508
[859] return
[860] return 13509
[861] return
[862] return
[865] call remove
[866] call remove
[863] return 13511
[867] call remove
[868] call remove
[869] call remove
[864] return
[870] call add(13514)
[866] return 13510
[865] return 13512
[871] call remove
[872] call add(13515)
[867] return 13513
[868] return empty
[869] return empty
[873] call remove
[870] return
[874] call remove
[875] call add(13516)
[876] call add(13517)
[871] return 13514
[877] call remove
[872] return
[873] return 13515
[878] call remove
[879] call add(13518)
[874] return empty
[875] return
[876] return
[880] call add(13519)
[877] return 13516
[881] call add(13520)
[882] call add(13521)
[883] call remove
[878] return 13517
[884] call add(13522)
[879] return
[880] return
[885] call add(13523)
[886] call remove
[881] return
[882] return
[883] return 13521
[887] call add(13524)
[888] call remove
[884] return
[889] call add(13525)
[890] call add(13526)
[891] call add(13527)
[886] return 13520
[885] return
[887] return
[888] return 13518
[892] call add(13528)
[889] return
[890] return
[893] call remove
[894] call add(13529)
[895] call add(13530)
[891] return
[896] call remove
[897] call add(13531)
[898] call remove
[892] return
[893] return 13519
[894] return
[895] return
[899] call add(13532)
[896] return 13529
[897] return
[900] call remove
[901] call add(13533)
[902] call remove
[898] return 13525
[903] call remove
[904] call remove
[905] call remove
[899] return
[900] return 13522
[901] return
[902] return 13524
[906] call remove
[903] return 13528
[904] return 13530
[907] call remove
[908] call remove
[909] call remove
[905] return 13523
[910] call add(13534)
[911] call remove
[912] call remove
[906] return 13527
[907] return 13526
[908] return 13533
[909] return 13532
[913] call remove
[910] return
[911] return 13531
[914] call add(13535)
[915] call remove
[916] call add(13536)
[912] return 13534
[917] call remove
[918] call add(13537)
[919] call remove
[913] return empty
[914] return
[915] return 13535
[916] return
[917] return 13536
[920] call add(13538)
[918] return
[921] call add(13539)
[922] call add(13540)
[923] call add(13541)
[924] call remove
[925] call remove
[919] return 13537
[920] return
[921] return
[926] call remove
[922] return
[923] return
[924] return 13539
[927] call add(13542)
[925] return 13538
[928] call add(13543)
[929] call remove
[930] call remove
[931] call add(13544)
[932] call remove
[926] return 13540
[927] return
[928] return
[933] call add(13545)
[929] return 13541
[930] return 13542
[931] return
[934] call add(13546)
[932] return 13543
[935] call add(13547)
[936] call remove
[937] call add(13548)
[938] call remove
[939] call remove
[933] return
[934] return
[935] return
[939] return 13547
[936] return 13545
[937] return
[938] return 13546
[940] call remove
[941] call add(13549)
[942] call add(13550)
[943] call add(13551)
[944] call remove
[945] call remove
[946] call remove
[940] return 13544
[941] return
[942] return
[943] return
[944] return 13549
[945] return 13548
[946] return 13550
[947] call remove
[948] call remove
[949] call remove
[950] call add(13552)
[951] call remove
[952] call remove
[953] call add(13553)
[947] return 13551
[948] return empty
[949] return empty
[950] return
[951] return 13552
[952] return empty
[953] return
[954] call add(13554)
[955] call remove
[956] call remove
[957] call remove
[958] call remove
[959] call remove
[960] call remove
[954] return
[955] return 13553
[956] return 13554
[957] return empty
[958] return empty
[959] return empty
[960] return empty
[961] call remove
[962] call remove
[963] call add(13555)
[964] call add(13556)
[965] call add(13557)
[966] call add(13558)
[967] call add(13559)
[961] return empty
[962] return empty
[963] return
[964] return
[965] return
[966] return
[967] return
[968] call remove
[969] call add(13560)
[970] call add(13561)
[971] call remove
[972] call remove
[973] call add(13562)
[974] call remove
[971] return 13557
[975] call remove
[968] return 13556
[969] return
[970] return
[976] call remove
[977] call add(13563)
[973] return
[972] return 13555
[974] return 13559
[978] call add(13564)
[975] return 13558
[979] call remove
[980] call remove
[981] call remove
[982] call add(13565)
[976] return 13561
[977] return
[983] call remove
[978] return
[984] call remove
[981] return 13563
[983] return 13564
[979] return 13562
[985] call remove
[980] return 13560
[982] return
[986] call add(13566)
[987] call add(13567)
[988] call remove
[989] call add(13568)
[990] call remove
[984] return 13565
[987] return
[991] call remove
[986] return
[985] return empty
[988] return 13566
[992] call remove
[989] return
[990] return 13567
[993] call add(13569)
[994] call remove
[995] call remove
[996] call remove
[997] call remove
[991] return 13568
[992] return empty
[998] call add(13570)
[993] return
[995] return empty
[999] call add(13571)
[996] return empty
[997] return empty
[994] return 13569
[1000] call add(13572)
[998] return
[1001] call remove
[1002] call remove
[1003] call remove
[1004] call add(13573)
[1005] call add(13574)
[999] return
[1000] return
[1001] return 13572
[1006] call remove
[1002] return 13570
[1003] return 13571
[1004] return
[1007] call remove
[1005] return
[1008] call remove
[1009] call add(13575)
[1010] call remove
[1011] call add(13576)
[1012] call add(13577)
[1006] return 13574
[1007] return 13573
[1008] return empty
[1013] call remove
[1009] return
[1010] return 13575
[1011] return
[1014] call add(13578)
[1012] return
[1015] call remove
[1016] call add(13579)
[1017] call remove
[1018] call remove
[1019] call add(13580)
[1013] return 13576
[1014] return
[1015] return 13577
[1020] call add(13581)
[1016] return
[1017] return 13578
[1018] return 13579
[1021] call add(13582)
[1019] return
[1022] call remove
[1023] call add(13583)
[1024] call remove
[1025] call add(13584)
[1026] call remove
[1020] return
[1021] return
[1022] return 13580
[1027] call remove
[1023] return
[1024] return 13582
[1025] return
[1028] call add(13585)
[1026] return 13581
[1029] call remove
[1030] call add(13586)
[1031] call remove
[1032] call add(13587)
[1027] return 13584
[1033] call remove
[1030] return
[1028] return
[1029] return 13583
[1034] call add(13588)
[1031] return 13586
[1035] call remove
[1036] call remove
[1032] return
[1037] call add(13589)
[1033] return 13585
[1038] call remove
[1039] call remove
[1034] return
[1040] call remove
[1035] return 13588
[1036] return 13587
[1037] return
[1041] call remove
[1042] call add(13590)
[1043] call add(13591)
[1039] return empty
[1044] call add(13592)
[1038] return 13589
[1040] return empty
[1041] return empty
[1045] call remove
[1046] call add(13593)
[1047] call remove
[1048] call remove
[1042] return
[1043] return
[1044] return
[1049] call remove
[1050] call remove
[1045] return 13591
[1051] call add(13594)
[1046] return
[1047] return 13590
[1048] return 13592
[1052] call remove
[1053] call remove
[1054] call remove
[1055] call add(13595)
[1049] return 13593
[1050] return empty
[1051] return
[1056] call remove
[1057] call remove
[1052] return 13594
[1053] return empty
[1057] return 13595
[1055] return
[1058] call remove
[1059] call add(13596)
[1054] return empty
[1060] call remove
[1061] call add(13597)
[1062] call remove
[1056] return empty
[1063] call remove
[1064] call add(13598)
[1058] return empty
[1059] return
[1060] return 13596
[1061] return
[1065] call remove
[1062] return 13597
[1066] call add(13599)
[1063] return empty
[1067] call remove
[1068] call add(13600)
[1064] return
[1069] call remove
[1070] call add(13601)
[1071] call remove
[1065] return 13598
[1066] return
[1067] return 13599
[1068] return
[1072] call add(13602)
[1069] return 13600
[1073] call remove
[1070] return
[1074] call remove
[1075] call remove
[1071] return 13601
[1076] call add(13603)
[1077] call add(13604)
[1078] call add(13605)
[1072] return
[1073] return 13602
[1074] return empty
[1075] return empty
[1079] call add(13606)
[1076] return
[1080] call remove
[1077] return
[1081] call add(13607)
[1082] call remove
[1078] return
[1083] call add(13608)
[1084] call add(13609)
[1085] call remove
[1079] return
[1080] return 13603
[1081] return
[1082] return 13605
[1086] call remove
[1083] return
[1087] call add(13610)
[1084] return
[1088] call add(13611)
[1089] call remove
[1085] return 13604
[1090] call remove
[1091] call add(13612)
[1092] call add(13613)
[1086] return 13606
[1087] return
[1088] return
[1089] return 13611
[1093] call remove
[1090] return 13607
[1094] call remove
[1091] return
[1095] call add(13614)
[1096] call add(13615)
[1092] return
[1097] call add(13616)
[1098] call remove
[1099] call add(13617)
[1093] return 13609
[1094] return 13608
[1095] return
[1096] return
[1100] call remove
[1097] return
[1101] call remove
[1098] return 13610
[1102] call add(13618)
[1103] call add(13619)
[1099] return
[1104] call remove
[1105] call remove
[1106] call add(13620)
[1100] return 13615
[1101] return 13612
[1102] return
[1103] return
[1107] call remove
[1104] return 13616
[1108] call remove
[1105] return 13613
[1109] call remove
[1110] call add(13621)
[1106] return
[1111] call remove
[1112] call remove
[1113] call add(13622)
[1107] return 13614
[1108] return 13617
[1109] return 13619
[1110] return
[1114] call remove
[1111] return 13618
[1115] call remove
[1112] return 13620
[1116] call remove
[1117] call remove
[1113] return
[1118] call remove
[1119] call add(13623)
[1120] call add(13624)
[1114] return 13622
[1115] return 13621
[1116] return empty
[1117] return empty
[1121] call add(13625)
[1118] return empty
[1122] call remove
[1119] return
[1123] call remove
[1124] call remove
[1120] return
[1125] call add(13626)
[1126] call remove
[1127] call remove
[1121] return
[1122] return 13623
[1123] return 13625
[1124] return 13624
[1128] call add(13627)
[1125] return
[1129] call add(13628)
[1126] return 13626
[1130] call remove
[1127] return empty
[1131] call remove
[1132] call add(13629)
[1129] return
[1131] return 13628
[1128] return
[1133] call remove
[1134] call add(13630)
[1135] call remove
[1130] return 13627
[1136] call add(13631)
[1137] call remove
[1132] return
[1135] return 13630
[1133] return 13629
[1136] return
[1134] return
[1138] call remove
[1137] return 13631
[1139] call add(13632)
[1140] call remove
[1141] call add(13633)
[1142] call add(13634)
[1143] call remove
[1144] call add(13635)
[1139] return
[1138] return 13632
[1140] return empty
[1141] return
[1142] return
[1143] return 13633
[1145] call add(13636)
[1144] return
[1146] call remove
[1147] call add(13637)
[1148] call remove
[1149] call add(13638)
[1150] call remove
[1151] call remove
[1145] return
[1146] return 13634
[1147] return
[1148] return 13636
[1149] return
[1150] return 13637
[1152] call add(13639)
[1151] return 13635
[1153] call remove
[1154] call add(13640)
[1155] call remove
[1156] call remove
[1157] call remove
[1158] call add(13641)
[1152] return
[1153] return 13638
[1154] return
[1155] return 13639
[1156] return 13640
[1157] return empty
[1159] call add(13642)
[1158] return
[1160] call add(13643)
[1161] call add(13644)
[1162] call remove
[1163] call add(13645)
[1164] call add(13646)
[1165] call add(13647)
[1159] return
[1160] return
[1161] return
[1162] return 13643
[1163] return
[1164] return
[1166] call add(13648)
[1165] return
[1167] call add(13649)
[1168] call remove
[1169] call add(13650)
[1170] call remove
[1171] call remove
[1172] call add(13651)
[1166] return
[1167] return
[1168] return 13642
[1169] return
[1170] return 13641
[1171] return 13644
[1173] call add(13652)
[1172] return
[1174] call add(13653)
[1175] call remove
[1176] call add(13654)
[1177] call remove
[1178] call remove
[1179] call remove
[1173] return
[1174] return
[1175] return 13650
[1176] return
[1177] return 13645
[1178] return 13646
[1180] call add(13655)
[1179] return 13649
[1181] call add(13656)
[1182] call remove
[1183] call add(13657)
[1184] call add(13658)
[1185] call remove
[1186] call remove
[1180] return
[1181] return
[1182] return 13652
[1183] return
[1184] return
[1185] return 13648
[1187] call remove
[1186] return 13647
[1188] call add(13659)
[1189] call remove
[1190] call add(13660)
[1191] call add(13661)
[1192] call remove
[1193] call remove
[1187] return 13651
[1188] return
[1189] return 13653
[1190] return
[1191] return
[1192] return 13655
[1194] call add(13662)
[1193] return 13658
[1195] call add(13663)
[1196] call remove
[1197] call remove
[1198] call add(13664)
[1199] call add(13665)
[1200] call remove
[1194] return
[1195] return
[1196] return 13657
[1197] return 13661
[1198] return
[1199] return
[1201] call remove
[1200] return 13654
[1202] call remove
[1203] call add(13666)
[1204] call add(13667)
[1205] call remove
[1206] call add(13668)
[1207] call remove
[1201] return 13656
[1202] return 13659
[1203] return
[1204] return
[1205] return 13660
[1206] return
[1208] call remove
[1207] return 13668
[1209] call remove
[1210] call add(13669)
[1211] call remove
[1212] call remove
[1213] call add(13670)
[1214] call remove
[1208] return 13662
[1209] return 13663
[1210] return
[1211] return 13664
[1212] return 13665
[1213] return
[1215] call remove
[1214] return 13667
[1216] call add(13671)
[1217] call add(13672)
[1218] call remove
[1219] call remove
[1220] call remove
[1221] call remove
[1215] return 13666
[1216] return
[1217] return
[1218] return 13670
[1219] return 13669
[1220] return 13672
[1222] call remove
[1221] return 13671
[1223] call add(13673)
[1224] call remove
[1225] call add(13674)
[1226] call remove
[1227] call add(13675)
[1228] call remove
[1222] return empty
[1224] return empty
[1223] return
[1225] return
[1226] return 13673
[1227] return
[1229] call add(13676)
[1228] return 13674
[1230] call add(13677)
[1231] call add(13678)
[1232] call add(13679)
[1233] call add(13680)
[1234] call add(13681)
[1235] call remove
[1229] return
[1230] return
[1231] return
[1232] return
[1233] return
[1234] return
[1236] call add(13682)
[1235] return 13676
[1237] call remove
[1238] call add(13683)
[1239] call remove
[1240] call add(13684)
[1241] call add(13685)
[1242] call add(13686)
[1236] return
[1237] return 13679
[1238] return
[1239] return 13677
[1240] return
[1241] return
[1243] call remove
[1242] return
[1244] call remove
[1245] call remove
[1246] call add(13687)
[1247] call remove
[1248] call remove
[1249] call remove
[1243] return 13680
[1244] return 13681
[1245] return 13678
[1246] return
[1247] return 13675
[1248] return 13686
[1250] call add(13688)
[1249] return 13682
[1251] call add(13689)
[1252] call remove
[1253] call remove
[1254] call remove
[1255] call add(13690)
[1256] call add(13691)
[1250] return
[1251] return
[1252] return 13684
[1253] return 13685
[1254] return 13683
[1255] return
[1257] call add(13692)
[1256] return
[1258] call add(13693)
[1259] call remove
[1260] call add(13694)
[1261] call add(13695)
[1262] call remove
[1263] call add(13696)
[1257] return
[1258] return
[1259] return 13687
[1260] return
[1261] return
[1262] return 13688
[1264] call remove
[1263] return
[1265] call remove
[1266] call remove
[1267] call add(13697)
[1268] call remove
[1269] call remove
[1270] call add(13698)
[1264] return 13691
[1265] return 13690
[1266] return 13689
[1267] return
[1268] return 13693
[1269] return 13692
[1271] call remove
[1270] return
[1272] call add(13699)
[1273] call add(13700)
[1274] call add(13701)
[1275] call add(13702)
[1276] call remove
[1277] call remove
[1271] return 13694
[1272] return
[1273] return
[1274] return
[1275] return
[1276] return 13695
[1278] call add(13703)
[1277] return 13701
[1279] call remove
[1280] call add(13704)
[1281] call remove
[1282] call remove
[1283] call add(13705)
[1284] call remove
[1278] return
[1279] return 13698
[1280] return
[1281] return 13699
[1282] return 13700
[1283] return
[1285] call remove
[1284] return 13697
[1286] call remove
[1287] call remove
[1288] call add(13706)
[1289] call remove
[1290] call add(13707)
[1291] call add(13708)
[1287] return 13702
[1292] call add(13709)
[1286] return 13705
[1288] return
[1285] return 13696
[1290] return
[1293] call add(13710)
[1291] return
[1294] call remove
[1295] call add(13711)
[1289] return 13703
[1292] return
[1296] call add(13712)
[1297] call add(13713)
[1298] call remove
[1299] call remove
[1293] return
[1294] return 13704
[1295] return
[1296] return
[1300] call remove
[1297] return
[1301] call add(13714)
[1302] call add(13715)
[1298] return 13710
[1299] return 13707
[1303] call add(13716)
[1304] call add(13717)
[1305] call add(13718)
[1306] call add(13719)
[1300] return 13712
[1301] return
[1302] return
[1303] return
[1307] call add(13720)
[1304] return
[1308] call remove
[1309] call remove
[1305] return
[1306] return
[1310] call remove
[1311] call add(13721)
[1312] call add(13722)
[1313] call remove
[1307] return
[1308] return 13709
[1309] return 13711
[1310] return 13706
[1314] call remove
[1311] return
[1315] call add(13723)
[1316] call remove
[1312] return
[1313] return 13713
[1317] call remove
[1318] call remove
[1319] call remove
[1320] call add(13724)
[1314] return 13708
[1315] return
[1316] return 13722
[1317] return 13719
[1321] call add(13725)
[1318] return 13717
[1322] call remove
[1323] call add(13726)
[1319] return 13720
[1320] return
[1324] call add(13727)
[1325] call remove
[1326] call remove
[1327] call add(13728)
[1321] return
[1322] return 13714
[1323] return
[1324] return
[1328] call remove
[1325] return 13716
[1329] call add(13729)
[1330] call remove
[1326] return 13718
[1327] return
[1331] call remove
[1332] call remove
[1333] call remove
[1334] call add(13730)
[1328] return 13721
[1329] return
[1330] return 13715
[1331] return 13723
[1335] call add(13731)
[1332] return 13724
[1336] call add(13732)
[1337] call remove
[1333] return 13725
[1334] return
[1338] call remove
[1339] call add(13733)
[1340] call remove
[1341] call add(13734)
[1335] return
[1336] return
[1337] return 13728
[1338] return 13727
[1342] call remove
[1339] return
[1343] call remove
[1344] call remove
[1340] return 13726
[1341] return
[1345] call add(13735)
[1346] call remove
[1347] call remove
[1348] call add(13736)
[1342] return 13729
[1343] return 13734
[1344] return 13731
[1345] return
[1349] call add(13737)
[1346] return 13730
[1350] call add(13738)
[1351] call add(13739)
[1347] return 13732
[1348] return
[1352] call remove
[1353] call add(13740)
[1354] call add(13741)
[1355] call remove
[1349] return
[1350] return
[1351] return
[1356] call add(13742)
[1357] call add(13743)
[1358] call remove
[1352] return 13733
[1353] return
[1354] return
[1355] return 13740
[1359] call add(13744)
[1360] call remove
[1361] call add(13745)
[1356] return
[1357] return
[1362] call remove
[1358] return 13741
[1363] call remove
[1364] call add(13746)
[1365] call remove
[1359] return
[1360] return 13737
[1361] return
[1362] return 13736
[1366] call remove
[1367] call remove
[1368] call add(13747)
[1363] return 13738
[1364] return
[1369] call add(13748)
[1365] return 13735
[1370] call remove
[1371] call remove
[1372] call remove
[1366] return 13739
[1367] return 13743
[1368] return
[1369] return
[1373] call add(13749)
[1374] call remove
[1375] call remove
[1370] return 13742
[1371] return 13744
[1376] call remove
[1372] return 13745
[1377] call add(13750)
[1378] call remove
[1379] call remove
[1373] return
[1374] return 13746
[1375] return 13748
[1376] return 13747
[1380] call add(13751)
[1381] call add(13752)
[1382] call add(13753)
[1377] return
[1378] return 13749
[1383] call remove
[1379] return 13750
[1384] call remove
[1385] call remove
[1386] call remove
[1380] return
[1381] return
[1382] return
[1383] return 13752
[1387] call remove
[1388] call remove
[1389] call remove
[1384] return 13751
[1385] return 13753
[1390] call remove
[1386] return empty
[1391] call remove
[1392] call add(13754)
[1393] call remove
[1387] return empty
[1388] return empty
[1389] return empty
[1390] return empty
[1392] return
[1394] call add(13755)
[1395] call add(13756)
[1396] call add(13757)
[1391] return empty
[1397] call add(13758)
[1398] call remove
[1399] call add(13759)
[1393] return 13754
[1394] return
[1398] return 13757
[1396] return
[1400] call add(13760)
[1397] return
[1395] return
[1401] call remove
[1402] call add(13761)
[1403] call remove
[1399] return
[1404] call add(13762)
[1405] call remove
[1406] call remove
[1400] return
[1401] return 13758
[1402] return
[1403] return 13756
[1407] call add(13763)
[1404] return
[1405] return 13755
[1408] call remove
[1409] call add(13764)
[1410] call remove
[1406] return 13760
[1411] call add(13765)
[1412] call add(13766)
[1413] call add(13767)
[1407] return
[1408] return 13761
[1409] return
[1410] return 13762
[1414] call remove
[1411] return
[1412] return
[1415] call add(13768)
[1416] call add(13769)
[1417] call add(13770)
[1418] call remove
[1419] call add(13771)
[1413] return
[1416] return
[1414] return 13759
[1415] return
[1420] call add(13772)
[1417] return
[1421] call add(13773)
[1422] call add(13774)
[1418] return 13768
[1419] return
[1423] call add(13775)
[1424] call remove
[1425] call add(13776)
[1426] call add(13777)
[1420] return
[1421] return
[1422] return
[1423] return
[1427] call remove
[1424] return 13765
[1428] call add(13778)
[1429] call add(13779)
[1425] return
[1426] return
[1430] call add(13780)
[1431] call remove
[1432] call remove
[1433] call remove
[1427] return 13770
[1428] return
[1429] return
[1430] return
[1434] call remove
[1431] return 13764
[1435] call add(13781)
[1436] call add(13782)
[1432] return 13767
[1433] return 13766
[1437] call remove
[1438] call remove
[1439] call add(13783)
[1440] call add(13784)
[1434] return 13769
[1435] return
[1436] return
[1437] return 13763
[1441] call add(13785)
[1438] return 13776
[1442] call add(13786)
[1443] call add(13787)
[1439] return
[1440] return
[1444] call remove
[1445] call add(13788)
[1446] call add(13789)
[1447] call add(13790)
[1441] return
[1442] return
[1443] return
[1444] return 13780
[1448] call remove
[1445] return
[1449] call remove
[1450] call remove
[1446] return
[1447] return
[1451] call remove
[1452] call remove
[1453] call remove
[1454] call add(13791)
[1448] return 13772
[1449] return 13775
[1450] return 13778
[1451] return 13771
[1455] call add(13792)
[1456] call remove
[1452] return 13777
[1457] call add(13793)
[1453] return 13773
[1454] return
[1458] call remove
[1459] call add(13794)
[1460] call add(13795)
[1461] call remove
[1456] return 13774
[1455] return
[1457] return
[1462] call add(13796)
[1458] return 13779
[1463] call remove
[1459] return
[1464] call add(13797)
[1460] return
[1461] return 13785
[1465] call remove
[1466] call add(13798)
[1467] call remove
[1468] call remove
[1462] return
[1463] return 13789
[1464] return
[1469] call remove
[1465] return 13783
[1470] call add(13799)
[1466] return
[1471] call add(13800)
[1467] return 13790
[1468] return 13784
[1469] return 13781
[1470] return
[1471] return
