# @object atomic-queue
[1] call remove
[2] call add(8747)
[3] call remove
[4] call remove
[1] return empty
[4] return empty
[2] return
[3] return 8747
[5] call remove
[6] call remove
[7] call remove
[8] call add(8748)
[9] call remove
[10] call add(8749)
[5] return empty
[11] call add(8750)
[7] return empty
[8] return
[9] return 8748
[6] return empty
[12] call remove
[13] call remove
[14] call add(8751)
[15] call add(8752)
[10] return
[16] call add(8753)
[11] return
[17] call add(8754)
[12] return 8749
[18] call add(8755)
[13] return 8750
[14] return
[15] return
[16] return
[19] call remove
[20] call remove
[21] call add(8756)
[22] call add(8757)
[17] return
[23] call remove
[18] return
[24] call add(8758)
[19] return 8751
[25] call remove
[20] return 8752
[21] return
[22] return
[23] return 8754
[26] call remove
[27] call add(8759)
[28] call add(8760)
[29] call add(8761)
[24] return
[30] call remove
[25] return 8753
[31] call remove
[26] return 8755
[32] call add(8762)
[27] return
[28] return
[29] return
[30] return 8761
[33] call add(8763)
[34] call add(8764)
[35] call add(8765)
[36] call add(8766)
[31] return 8758
[37] call remove
[32] return
[38] call add(8767)
[33] return
[39] call add(8768)
[34] return
[35] return
[36] return
[37] return 8760
[40] call add(8769)
[41] call remove
[42] call remove
[43] call add(8770)
[38] return
[44] call remove
[39] return
[45] call add(8771)
[40] return
[46] call remove
[41] return 8756
[42] return 8759
[43] return
[44] return 8757
[47] call remove
[48] call remove
[49] call remove
[50] call remove
[45] return
[51] call remove
[46] return 8766
[52] call remove
[47] return 8767
[53] call remove
[48] return 8763
[49] return 8771
[50] return 8768
[51] return 8764
[54] call add(8772)
[55] call remove
[56] call remove
[57] call remove
[52] return 8769
[58] call remove
[53] return 8765
[54] return
[59] call remove
[60] call add(8773)
[61] call remove
[56] return 8762
[57] return 8770
[58] return 8772
[55] return empty
[62] call add(8774)
[63] call remove
[59] return empty
[64] call add(8775)
[65] call add(8776)
[60] return
[61] return 8773
[66] call remove
[67] call remove
[68] call remove
[62] return
[63] return 8774
[64] return
[65] return
[69] call remove
[70] call remove
[66] return 8776
[71] call add(8777)
[72] call remove
[67] return 8775
[68] return empty
[73] call remove
[74] call add(8778)
[75] call remove
[69] return empty
[70] return empty
[71] return
[72] return 8777
[76] call add(8779)
[77] call add(8780)
[73] return empty
[78] call remove
[79] call remove
[74] return
[75] return 8778
[80] call remove
[81] call remove
[82] call add(8781)
[76] return
[77] return
[78] return 8779
[79] return 8780
[83] call remove
[84] call add(8782)
[80] return empty
[85] call add(8783)
[86] call add(8784)
[81] return empty
[82] return
[87] call add(8785)
[88] call add(8786)
[89] call add(8787)
[83] return 8781
[84] return
[85] return
[86] return
[90] call add(8788)
[91] call add(8789)
[87] return
[92] call remove
[93] call remove
[88] return
[89] return
[94] call add(8790)
[95] call remove
[96] call remove
[90] return
[91] return
[92] return 8785
[93] return 8783
[97] call remove
[98] call add(8791)
[94] return
[99] call add(8792)
[100] call add(8793)
[95] return 8787
[96] return 8789
[101] call remove
[102] call remove
[103] call add(8794)
[97] return 8788
[98] return
[99] return
[100] return
[104] call add(8795)
[105] call remove
[101] return 8782
[106] call remove
[107] call remove
[102] return 8784
[103] return
[108] call add(8796)
[109] call add(8797)
[110] call add(8798)
[104] return
[105] return 8786
[106] return 8793
[107] return 8792
[111] call add(8799)
[112] call remove
[108] return
[113] call remove
[114] call remove
[109] return
[110] return
[115] call remove
[116] call add(8800)
[117] call remove
[111] return
[112] return 8794
[113] return 8791
[114] return 8790
[118] call remove
[119] call remove
[115] return 8795
[120] call add(8801)
[121] call remove
[116] return
[117] return 8797
[122] call remove
[123] call remove
[124] call remove
[118] return 8798
[119] return 8796
[120] return
[121] return 8799
[125] call add(8802)
[126] call remove
[122] return 8800
[127] call add(8803)
[128] call remove
[123] return 8801
[124] return empty
[129] call remove
[130] call add(8804)
[131] call add(8805)
[125] return
[126] return 8802
[127] return
[128] return 8803
[132] call remove
[133] call remove
[129] return empty
[134] call remove
[135] call remove
[130] return
[131] return
[136] call add(8806)
[137] call remove
[138] call remove
[132] return 8805
[133] return 8804
[134] return empty
[135] return empty
[139] call add(8807)
[140] call remove
[136] return
[141] call add(8808)
[142] call add(8809)
[137] return 8806
[138] return empty
[143] call add(8810)
[144] call remove
[145] call add(8811)
[139] return
[140] return 8807
[141] return
[142] return
[146] call add(8812)
[147] call remove
[143] return
[148] call remove
[149] call add(8813)
[144] return 8809
[145] return
[150] call add(8814)
[151] call remove
[152] call remove
[146] return
[147] return 8808
[148] return 8810
[149] return
[153] call add(8815)
[154] call remove
[150] return
[155] call add(8816)
[156] call add(8817)
[151] return 8813
[152] return 8812
[157] call remove
[158] call add(8818)
[159] call add(8819)
[153] return
[154] return 8814
[155] return
[156] return
[160] call add(8820)
[161] call add(8821)
[157] return 8811
[162] call add(8822)
[163] call remove
[158] return
[159] return
[164] call add(8823)
[165] call remove
[166] call remove
[160] return
[161] return
[162] return
[163] return 8818
[167] call add(8824)
[168] call add(8825)
[164] return
[169] call remove
[170] call remove
[165] return 8816
[166] return 8819
[171] call remove
[172] call add(8826)
[173] call remove
[167] return
[168] return
[169] return 8822
[170] return 8815
[174] call add(8827)
[175] call add(8828)
[171] return 8820
[176] call remove
[177] call remove
[172] return
[173] return 8821
[178] call remove
[179] call add(8829)
[180] call add(8830)
[174] return
[175] return
[176] return 8817
[177] return 8825
[181] call add(8831)
[182] call remove
[178] return 8826
[183] call remove
[184] call add(8832)
[179] return
[180] return
[185] call add(8833)
[186] call add(8834)
[187] call remove
[181] return
[182] return 8828
[183] return 8823
[184] return
[188] call add(8835)
[189] call add(8836)
[185] return
[190] call add(8837)
[191] call add(8838)
[186] return
[187] return 8827
[188] return
[192] call remove
[193] call add(8839)
[194] call add(8840)
[195] call add(8841)
[189] return
[190] return
[191] return
[196] call remove
[197] call add(8842)
[198] call add(8843)
[192] return 8824
[193] return
[194] return
[198] return
[195] return
[199] call add(8844)
[196] return 8836
[200] call remove
[201] call remove
[202] call remove
[197] return
[203] call remove
[204] call add(8845)
[199] return
[205] call remove
[200] return 8835
[201] return 8832
[202] return 8837
[206] call remove
[203] return 8833
[204] return
[207] call add(8846)
[208] call remove
[209] call remove
[205] return 8834
[210] call add(8847)
[211] call remove
[206] return 8830
[212] call add(8848)
[207] return
[208] return 8838
[209] return 8829
[213] call remove
[210] return
[211] return 8831
[214] call remove
[215] call add(8849)
[212] return
[216] call remove
[217] call remove
[213] return 8847
[218] call add(8850)
[219] call add(8851)
[214] return 8840
[215] return
[220] call remove
[216] return 8844
[217] return 8846
[221] call add(8852)
[222] call remove
[218] return
[219] return
[223] call add(8853)
[224] call remove
[220] return 8841
[225] call remove
[226] call add(8854)
[221] return
[222] return 8845
[227] call remove
[223] return
[224] return 8843
[228] call add(8855)
[229] call add(8856)
[225] return 8842
[226] return
[230] call add(8857)
[231] call add(8858)
[227] return 8848
[232] call add(8859)
[233] call remove
[228] return
[229] return
[234] call add(8860)
[230] return
[231] return
[235] call add(8861)
[236] call add(8862)
[232] return
[233] return 8839
[237] call add(8863)
[238] call remove
[234] return
[239] call remove
[240] call remove
[235] return
[236] return
[241] call add(8864)
[237] return
[238] return 8852
[242] call remove
[243] call add(8865)
[239] return 8851
[241] return
[240] return 8850
[244] call remove
[245] call remove
[242] return 8856
[246] call add(8866)
[247] call remove
[248] call add(8867)
[245] return 8853
[249] call add(8868)
[243] return
[244] return 8849
[250] call remove
[251] call remove
[246] return
[247] return 8858
[252] call remove
[248] return
[249] return
[253] call remove
[254] call remove
[255] call add(8869)
[250] return 8855
[256] call add(8870)
[251] return 8854
[252] return 8857
[257] call remove
[258] call remove
[253] return 8859
[254] return 8864
[259] call remove
[255] return
[256] return
[260] call remove
[261] call add(8871)
[262] call add(8872)
[257] return 8863
[263] call remove
[258] return 8860
[259] return 8867
[264] call remove
[265] call remove
[260] return 8862
[261] return
[266] call add(8873)
[262] return
[263] return 8865
[267] call add(8874)
[268] call add(8875)
[269] call add(8876)
[264] return 8861
[270] call add(8877)
[265] return 8866
[266] return
[271] call remove
[272] call add(8878)
[267] return
[268] return
[273] call add(8879)
[269] return
[270] return
[274] call add(8880)
[275] call remove
[276] call remove
[271] return 8868
[277] call add(8881)
[272] return
[274] return
[278] call remove
[279] call add(8882)
[273] return
[280] call remove
[276] return 8870
[277] return
[275] return 8869
[281] call remove
[279] return
[282] call remove
[278] return 8878
[283] call remove
[284] call add(8883)
[285] call add(8884)
[280] return 8871
[286] call add(8885)
[281] return 8875
[287] call remove
[282] return 8872
[283] return 8873
[284] return
[288] call remove
[285] return
[289] call remove
[286] return
[290] call add(8886)
[291] call remove
[292] call add(8887)
[287] return 8877
[293] call remove
[288] return 8874
[294] call remove
[289] return 8876
[290] return
[291] return 8879
[295] call remove
[292] return
[296] call add(8888)
[293] return 8883
[297] call add(8889)
[298] call remove
[299] call remove
[294] return 8882
[300] call remove
[295] return 8880
[301] call remove
[299] return 8886
[297] return
[298] return 8881
[302] call remove
[296] return
[303] call remove
[300] return 8885
[304] call add(8890)
[305] call remove
[306] call add(8891)
[301] return 8884
[307] call remove
[302] return 8888
[308] call add(8892)
[303] return 8887
[304] return
[305] return 8889
[309] call remove
[306] return
[310] call add(8893)
[307] return 8891
[311] call add(8894)
[312] call add(8895)
[313] call remove
[308] return
[314] call add(8896)
[309] return 8890
[315] call remove
[310] return
[311] return
[316] call add(8897)
[312] return
[313] return 8893
[317] call remove
[314] return
[318] call remove
[319] call remove
[320] call remove
[315] return 8895
[321] call remove
[316] return
[322] call remove
[317] return 8894
[318] return 8892
[323] call remove
[319] return 8897
[320] return 8896
[324] call add(8898)
[321] return empty
[325] call add(8899)
[326] call remove
[327] call remove
[322] return empty
[328] call remove
[323] return empty
[329] call add(8900)
[324] return
[325] return
[330] call add(8901)
[326] return 8899
[327] return 8898
[331] call remove
[328] return empty
[332] call remove
[333] call remove
[334] call add(8902)
[329] return
[335] call add(8903)
[330] return
[336] call add(8904)
[331] return 8900
[332] return 8901
[337] call remove
[333] return empty
[334] return
[338] call add(8905)
[335] return
[339] call add(8906)
[340] call add(8907)
[341] call add(8908)
[336] return
[342] call remove
[337] return 8902
[343] call add(8909)
[338] return
[339] return
[344] call remove
[340] return
[341] return
[345] call add(8910)
[342] return 8903
[346] call remove
[347] call add(8911)
[348] call add(8912)
[343] return
[349] call remove
[344] return 8904
[350] call add(8913)
[345] return
[346] return 8910
[351] call add(8914)
[347] return
[348] return
[352] call add(8915)
[349] return 8905
[353] call add(8916)
[354] call add(8917)
[355] call remove
[350] return
[356] call add(8918)
[351] return
[357] call add(8919)
[352] return
[353] return
[358] call remove
[354] return
[355] return 8908
[359] call remove
[356] return
[360] call add(8920)
[361] call remove
[362] call remove
[357] return
[363] call add(8921)
[358] return 8907
[364] call add(8922)
[359] return 8909
[360] return
[365] call add(8923)
[361] return 8906
[362] return 8916
[366] call add(8924)
[363] return
[367] call remove
[368] call remove
[369] call add(8925)
[364] return
[370] call remove
[365] return
[371] call remove
[366] return
[367] return 8913
[372] call remove
[368] return 8920
[369] return
[373] call remove
[370] return 8915
[374] call add(8926)
[375] call remove
[376] call remove
[371] return 8918
[377] call remove
[372] return 8911
[378] call remove
[373] return 8917
[374] return
[379] call remove
[375] return 8919
[376] return 8914
[380] call remove
[377] return 8912
[381] call add(8927)
[382] call remove
[383] call add(8928)
[378] return 8921
[384] call remove
[379] return 8926
[385] call remove
[380] return 8925
[381] return
[386] call remove
[382] return 8923
[383] return
[387] call remove
[384] return 8922
[388] call add(8929)
[389] call add(8930)
[390] call add(8931)
[385] return 8924
[391] call add(8932)
[386] return 8927
[392] call add(8933)
[387] return 8928
[388] return
[393] call remove
[389] return
[390] return
[394] call remove
[391] return
[395] call remove
[396] call remove
[397] call remove
[392] return
[398] call remove
[393] return 8929
[399] call add(8934)
[394] return 8932
[395] return 8931
[400] call remove
[396] return 8933
[397] return 8930
[401] call add(8935)
[398] return empty
[402] call remove
[403] call add(8936)
[404] call remove
[399] return
[405] call remove
[400] return 8934
[406] call add(8937)
[401] return
[402] return 8935
[407] call add(8938)
[403] return
[404] return 8936
[408] call add(8939)
[405] return empty
[409] call add(8940)
[410] call remove
[411] call add(8941)
[406] return
[412] call add(8942)
[407] return
[413] call add(8943)
[408] return
[409] return
[414] call add(8944)
[410] return 8938
[411] return
[415] call add(8945)
[412] return
[416] call remove
[417] call remove
[418] call add(8946)
[413] return
[419] call add(8947)
[414] return
[420] call remove
[415] return
[416] return 8937
[421] call remove
[417] return 8940
[418] return
[422] call add(8948)
[419] return
[423] call remove
[424] call add(8949)
[425] call remove
[420] return 8939
[426] call add(8950)
[421] return 8945
[427] call add(8951)
[422] return
[423] return 8944
[428] call remove
[424] return
[425] return 8941
[429] call remove
[426] return
[430] call add(8952)
[431] call remove
[432] call remove
[427] return
[433] call remove
[428] return 8946
[434] call remove
[429] return 8943
[430] return
[435] call add(8953)
[431] return 8942
[432] return 8947
[436] call add(8954)
[433] return 8948
[437] call remove
[438] call add(8955)
[439] call add(8956)
[434] return 8950
[440] call remove
[435] return
[441] call remove
[436] return
[437] return 8951
[442] call add(8957)
[438] return
[439] return
[443] call add(8958)
[440] return 8949
[444] call add(8959)
[445] call add(8960)
[446] call add(8961)
[441] return 8952
[447] call add(8962)
[442] return
[448] call remove
[443] return
[444] return
[449] call add(8963)
[445] return
[446] return
[450] call remove
[447] return
[451] call add(8964)
[452] call remove
[453] call add(8965)
[448] return 8955
[454] call remove
[449] return
[455] call add(8966)
[450] return 8954
[451] return
[456] call add(8967)
[452] return 8962
[453] return
[457] call add(8968)
[454] return 8953
[458] call remove
[459] call add(8969)
[460] call add(8970)
[455] return
[461] call add(8971)
[456] return
[462] call add(8972)
[457] return
[458] return 8958
[463] call remove
[459] return
[460] return
[464] call add(8973)
[461] return
[465] call remove
[466] call remove
[467] call remove
[462] return
[468] call remove
[463] return 8960
[469] call add(8974)
[464] return
[465] return 8956
[470] call add(8975)
[466] return 8957
[467] return 8961
[471] call remove
[468] return 8959
[472] call add(8976)
[473] call remove
[474] call remove
[469] return
[475] call add(8977)
[470] return
[476] call add(8978)
[471] return 8965
[472] return
[475] return
[474] return 8970
[473] return 8964
[477] call add(8979)
[478] call remove
[479] call remove
[480] call remove
[481] call add(8980)
[482] call add(8981)
[476] return
[477] return
[478] return 8969
[479] return 8971
[483] call add(8982)
[480] return 8966
[481] return
[482] return
[484] call add(8983)
[485] call add(8984)
[486] call add(8985)
[487] call add(8986)
[488] call remove
[489] call remove
[483] return
[484] return
[485] return
[486] return
[490] call add(8987)
[487] return
[488] return 8972
[489] return 8963
[491] call remove
[492] call add(8988)
[493] call remove
[494] call add(8989)
[495] call remove
[496] call add(8990)
[490] return
[491] return 8968
[492] return
[493] return 8967
[497] call add(8991)
[494] return
[495] return 8975
[496] return
[498] call remove
[499] call remove
[500] call remove
[501] call add(8992)
[502] call add(8993)
[503] call add(8994)
[497] return
[498] return 8979
[499] return 8973
[500] return 8976
[504] call add(8995)
[501] return
[502] return
[503] return
[505] call remove
[506] call remove
[507] call remove
[508] call remove
[509] call remove
[510] call remove
[504] return
[505] return 8977
[506] return 8980
[507] return 8981
[511] call remove
[508] return 8982
[509] return 8974
[510] return 8978
[512] call remove
[513] call remove
[514] call remove
[515] call remove
[516] call add(8996)
[517] call remove
[511] return 8989
[512] return 8990
[513] return 8984
[514] return 8991
[518] call add(8997)
[515] return 8992
[516] return
[517] return 8983
[519] call add(8998)
[520] call remove
[521] call remove
[522] call remove
[523] call add(8999)
[524] call add(9000)
[518] return
[519] return
[520] return 8985
[521] return 8986
[525] call remove
[522] return 8988
[523] return
[524] return
[526] call add(9001)
[527] call remove
[528] call add(9002)
[529] call remove
[530] call add(9003)
[531] call add(9004)
[525] return 8987
[526] return
[527] return 8998
[528] return
[532] call remove
[529] return 8994
[530] return
[531] return
[533] call add(9005)
[534] call add(9006)
[535] call add(9007)
[536] call add(9008)
[537] call add(9009)
[538] call remove
[532] return 8995
[533] return
[534] return
[535] return
[539] call add(9010)
[536] return
[537] return
[538] return 8999
[540] call remove
[541] call add(9011)
[542] call remove
[543] call remove
[544] call remove
[545] call remove
[539] return
[540] return 9001
[541] return
[542] return 9000
[546] call remove
[543] return 8996
[544] return 8993
[545] return 8997
[547] call add(9012)
[548] call add(9013)
[549] call add(9014)
[550] call add(9015)
[551] call remove
[552] call remove
[546] return 9004
[547] return
[548] return
[549] return
[553] call remove
[550] return
[551] return 9009
[552] return 9011
[554] call add(9016)
[555] call add(9017)
[556] call add(9018)
[557] call remove
[558] call add(9019)
[559] call remove
[553] return 9002
[554] return
[555] return
[556] return
[560] call add(9020)
[557] return 9007
[558] return
[559] return 9005
[561] call remove
[562] call add(9021)
[563] call remove
[564] call remove
[565] call add(9022)
[566] call remove
[560] return
[561] return 9010
[562] return
[563] return 9003
[567] call remove
[564] return 9008
[565] return
[566] return 9006
[568] call remove
[569] call add(9023)
[570] call remove
[571] call add(9024)
[572] call add(9025)
[573] call remove
[567] return 9021
[568] return 9013
[569] return
[570] return 9012
[574] call add(9026)
[571] return
[572] return
[573] return 9016
[575] call add(9027)
[576] call add(9028)
[577] call remove
[578] call add(9029)
[579] call add(9030)
[580] call add(9031)
[574] return
[575] return
[576] return
[577] return 9019
[581] call remove
[578] return
[579] return
[580] return
[582] call add(9032)
[583] call remove
[584] call remove
[585] call add(9033)
[586] call add(9034)
[587] call remove
[581] return 9014
[582] return
[583] return 9020
[584] return 9017
[588] call add(9035)
[585] return
[586] return
[587] return 9018
[589] call add(9036)
[590] call remove
[591] call add(9037)
[592] call add(9038)
[593] call remove
[594] call remove
[588] return
[589] return
[590] return 9015
[591] return
[595] call add(9039)
[592] return
[593] return 9031
[594] return 9028
[596] call remove
[597] call remove
[598] call add(9040)
[599] call remove
[600] call add(9041)
[601] call remove
[595] return
[596] return 9023
[597] return 9027
[598] return
[602] call remove
[599] return 9024
[600] return
[601] return 9025
[603] call remove
[604] call add(9042)
[605] call add(9043)
[606] call remove
[607] call remove
[608] call add(9044)
[602] return 9022
[603] return 9026
[604] return
[605] return
[609] call remove
[606] return 9029
[607] return 9030
[608] return
[610] call add(9045)
[611] call remove
[612] call remove
[613] call remove
[614] call remove
[615] call add(9046)
[609] return 9037
[610] return
[611] return 9040
[612] return 9032
[616] call remove
[613] return 9038
[614] return 9039
[615] return
[617] call add(9047)
[618] call remove
[619] call remove
[620] call remove
[621] call add(9048)
[622] call add(9049)
[616] return 9033
[617] return
[618] return 9041
[619] return 9034
[623] call remove
[620] return 9036
[621] return
[622] return
[624] call remove
[625] call remove
[626] call add(9050)
[627] call add(9051)
[628] call add(9052)
[629] call add(9053)
[623] return 9035
[624] return 9046
[625] return 9042
[626] return
[630] call add(9054)
[627] return
[628] return
[629] return
[631] call add(9055)
[632] call remove
[633] call add(9056)
[634] call add(9057)
[635] call remove
[636] call add(9058)
[630] return
[631] return
[632] return 9044
[633] return
[637] call add(9059)
[634] return
[635] return 9045
[636] return
[638] call remove
[639] call add(9060)
[640] call remove
[641] call remove
[642] call remove
[643] call add(9061)
[637] return
[638] return 9049
[639] return
[640] return 9043
[644] call remove
[641] return 9047
[642] return 9048
[643] return
[645] call add(9062)
[646] call remove
[647] call add(9063)
[648] call add(9064)
[649] call remove
[650] call remove
[644] return 9056
[645] return
[646] return 9054
[647] return
[651] call remove
[648] return
[649] return 9052
[650] return 9058
[652] call add(9065)
[653] call remove
[654] call remove
[655] call remove
[656] call remove
[657] call remove
[651] return 9053
[652] return
[653] return 9059
[654] return 9051
[658] call remove
[655] return 9055
[656] return 9057
[657] return 9050
[659] call remove
[660] call remove
[661] call add(9066)
[662] call add(9067)
[663] call remove
[664] call remove
[658] return 9064
[659] return 9060
[660] return 9063
[661] return
[665] call add(9068)
[662] return
[663] return 9065
[664] return 9062
[666] call add(9069)
[667] call remove
[668] call add(9070)
[669] call add(9071)
[670] call add(9072)
[671] call add(9073)
[665] return
[666] return
[667] return 9061
[668] return
[672] call add(9074)
[669] return
[670] return
[671] return
[673] call remove
[674] call remove
[675] call remove
[676] call remove
[672] return
[677] call add(9075)
[678] call add(9076)
[679] call remove
[673] return 9072
[674] return 9068
[675] return 9073
[676] return 9069
[677] return
[680] call remove
[681] call add(9077)
[682] call remove
[678] return
[683] call add(9078)
[679] return 9070
[684] call add(9079)
[685] call add(9080)
[686] call add(9081)
[680] return 9066
[681] return
[682] return 9071
[683] return
[684] return
[687] call add(9082)
[688] call remove
[689] call add(9083)
[685] return
[690] call add(9084)
[686] return
[691] call remove
[692] call add(9085)
[693] call remove
[687] return
[688] return 9074
[689] return
[690] return
[691] return 9067
[694] call add(9086)
[695] call remove
[696] call add(9087)
[692] return
[697] call remove
[693] return 9081
[698] call remove
[699] call add(9088)
[700] call remove
[694] return
[695] return 9078
[696] return
[697] return 9082
[698] return 9075
[701] call remove
[702] call remove
[703] call remove
[699] return
[704] call add(9089)
[700] return 9083
[705] call add(9090)
[706] call remove
[707] call remove
[701] return 9079
[702] return 9076
[703] return 9077
[704] return
[705] return
[708] call add(9091)
[709] call remove
[710] call remove
[706] return 9084
[711] call add(9092)
[707] return 9080
[712] call remove
[713] call add(9093)
[708] return
[714] call add(9094)
[709] return 9091
[711] return
[710] return 9088
[715] call add(9095)
[716] call add(9096)
[712] return 9085
[713] return
[717] call add(9097)
[718] call add(9098)
[714] return
[719] call remove
[720] call remove
[715] return
[721] call add(9099)
[716] return
[717] return
[718] return
[722] call remove
[723] call add(9100)
[719] return 9086
[720] return 9089
[724] call remove
[725] call add(9101)
[721] return
[726] call add(9102)
[727] call remove
[722] return 9087
[728] call remove
[723] return
[724] return 9090
[725] return
[729] call remove
[730] call add(9103)
[726] return
[727] return 9100
[731] call remove
[732] call add(9104)
[728] return 9101
[733] call add(9105)
[734] call remove
[729] return 9094
[735] call add(9106)
[730] return
[731] return 9095
[732] return
[736] call remove
[737] call add(9107)
[733] return
[734] return 9098
[738] call remove
[739] call remove
[735] return
[740] call add(9108)
[741] call remove
[736] return 9099
[742] call remove
[737] return
[738] return 9093
[739] return 9096
[743] call remove
[744] call add(9109)
[740] return
[741] return 9092
[745] call remove
[746] call add(9110)
[742] return 9097
[747] call remove
[748] call add(9111)
[743] return 9103
[749] call remove
[744] return
[747] return 9102
[746] return
[750] call remove
[751] call remove
[745] return 9108
[748] return
[752] call add(9112)
[753] call remove
[749] return 9104
[754] call add(9113)
[755] call remove
[750] return 9107
[756] call remove
[751] return 9106
[752] return
[753] return 9105
[757] call remove
[758] call add(9114)
[754] return
[755] return 9109
[759] call add(9115)
[760] call add(9116)
[756] return 9111
[761] call add(9117)
[762] call remove
[757] return 9112
[763] call add(9118)
[758] return
[759] return
[760] return
[764] call remove
[765] call add(9119)
[761] return
[762] return 9110
[766] call remove
[767] call add(9120)
[763] return
[768] call add(9121)
[769] call add(9122)
[764] return 9113
[770] call add(9123)
[765] return
[766] return 9117
[767] return
[771] call add(9124)
[772] call add(9125)
[768] return
[769] return
[773] call remove
[774] call remove
[770] return
[775] call add(9126)
[776] call add(9127)
[771] return
[777] call remove
[772] return
[773] return 9116
[774] return 9114
[778] call add(9128)
[779] call remove
[775] return
[776] return
[780] call add(9129)
[781] call add(9130)
[777] return 9118
[782] call remove
[783] call remove
[778] return
[784] call add(9131)
[785] call remove
[780] return
[781] return
[779] return 9115
[782] return 9119
[783] return 9127
[786] call add(9132)
[787] call add(9133)
[788] call add(9134)
[784] return
[785] return 9121
[789] call add(9135)
[790] call remove
[791] call add(9136)
[792] call remove
[786] return
[787] return
[788] return
[789] return
[790] return 9128
[793] call add(9137)
[794] call remove
[795] call add(9138)
[791] return
[792] return 9129
[796] call add(9139)
[797] call remove
[798] call remove
[799] call add(9140)
[793] return
[794] return 9124
[795] return
[796] return
[797] return 9123
[800] call add(9141)
[801] call remove
[802] call add(9142)
[798] return 9120
[799] return
[803] call add(9143)
[804] call remove
[805] call remove
[806] call remove
[800] return
[801] return 9125
[802] return
[805] return 9122
[804] return 9126
[807] call add(9144)
[808] call add(9145)
[809] call add(9146)
[803] return
[806] return 9132
[810] call remove
[811] call add(9147)
[812] call remove
[813] call add(9148)
[807] return
[808] return
[809] return
[810] return 9131
[811] return
[814] call add(9149)
[815] call add(9150)
[816] call add(9151)
[812] return 9137
[813] return
[817] call add(9152)
[818] call remove
[819] call remove
[820] call add(9153)
[814] return
[815] return
[816] return
[817] return
[818] return 9133
[821] call add(9154)
[822] call remove
[823] call remove
[819] return 9135
[820] return
[824] call add(9155)
[825] call add(9156)
[826] call add(9157)
[827] call add(9158)
[821] return
[822] return 9134
[823] return 9136
[824] return
[825] return
[828] call remove
[829] call remove
[830] call remove
[826] return
[827] return
[831] call remove
[832] call remove
[833] call remove
[834] call add(9159)
[828] return 9130
[829] return 9138
[830] return 9139
[831] return 9145
[832] return 9149
[835] call add(9160)
[836] call add(9161)
[837] call remove
[833] return 9147
[834] return
[838] call remove
[839] call remove
[840] call add(9162)
[841] call remove
[835] return
[836] return
[837] return 9141
[838] return 9148
[839] return 9146
[842] call add(9163)
[843] call add(9164)
[844] call remove
[840] return
[841] return 9142
[845] call add(9165)
[846] call add(9166)
[847] call add(9167)
[848] call remove
[842] return
[843] return
[844] return 9140
[845] return
[846] return
[849] call add(9168)
[850] call add(9169)
[851] call add(9170)
[847] return
[848] return 9143
[852] call remove
[853] call add(9171)
[854] call add(9172)
[855] call remove
[849] return
[850] return
[851] return
[852] return 9144
[853] return
[856] call add(9173)
[857] call add(9174)
[858] call add(9175)
[854] return
[855] return 9155
[859] call remove
[860] call remove
[861] call add(9176)
[862] call add(9177)
[856] return
[857] return
[858] return
[859] return 9156
[860] return 9153
[863] call add(9178)
[864] call remove
[865] call add(9179)
[861] return
[862] return
[866] call add(9180)
[867] call add(9181)
[868] call add(9182)
[869] call add(9183)
[863] return
[864] return 9150
[865] return
[866] return
[867] return
[870] call add(9184)
[871] call remove
[872] call remove
[868] return
[869] return
[873] call remove
[874] call add(9185)
[875] call remove
[876] call remove
[870] return
[871] return 9159
[872] return 9152
[873] return 9151
[874] return
[877] call add(9186)
[878] call add(9187)
[879] call remove
[875] return 9157
[876] return 9158
[880] call add(9188)
[881] call add(9189)
[882] call add(9190)
[883] call remove
[877] return
[878] return
[879] return 9154
[880] return
[881] return
[884] call remove
[885] call add(9191)
[886] call add(9192)
[882] return
[883] return 9169
[887] call add(9193)
[888] call add(9194)
[889] call add(9195)
[890] call remove
[884] return 9161
[885] return
[886] return
[887] return
[888] return
[891] call add(9196)
[892] call remove
[893] call add(9197)
[889] return
[894] call remove
[890] return 9168
[895] call add(9198)
[896] call remove
[897] call remove
[891] return
[892] return 9162
[893] return
[894] return 9167
[895] return
[898] call remove
[899] call remove
[900] call add(9199)
[896] return 9166
[901] call remove
[897] return 9165
[902] call remove
[903] call add(9200)
[904] call remove
[898] return 9160
[899] return 9163
[900] return
[901] return 9164
[902] return 9178
[904] return 9175
[905] call add(9201)
[906] call remove
[903] return
[907] call add(9202)
[908] call remove
[909] call remove
[910] call remove
[911] call add(9203)
[905] return
[906] return 9179
[907] return
[908] return 9174
[909] return 9176
[910] return 9177
[912] call add(9204)
[913] call add(9205)
[911] return
[914] call remove
[915] call remove
[916] call add(9206)
[917] call remove
[918] call add(9207)
[912] return
[913] return
[919] call add(9208)
[914] return 9173
[915] return 9170
[916] return
[920] call remove
[921] call add(9209)
[922] call remove
[917] return 9172
[923] call remove
[918] return
[919] return
[924] call add(9210)
[920] return 9171
[925] call add(9211)
[921] return
[926] call remove
[922] return 9182
[923] return 9184
[927] call remove
[928] call remove
[929] call remove
[924] return
[930] call remove
[925] return
[926] return 9180
[931] call remove
[927] return 9188
[932] call add(9212)
[928] return 9187
[933] call remove
[929] return 9183
[930] return 9189
[934] call remove
[935] call add(9213)
[936] call remove
[931] return 9181
[937] call add(9214)
[932] return
[933] return 9186
[938] call remove
[934] return 9185
[939] call remove
[935] return
[936] return 9198
[940] call add(9215)
[937] return
[941] call remove
[942] call add(9216)
[943] call add(9217)
[938] return 9197
[944] call remove
[945] call remove
[943] return
[939] return 9194
[941] return 9190
[942] return
[940] return
[944] return 9191
[946] call add(9218)
[947] call add(9219)
[948] call add(9220)
[949] call remove
[950] call remove
[945] return 9192
[951] call remove
[952] call remove
[946] return
[947] return
[951] return 9199
[949] return 9195
[950] return 9193
[948] return
[953] call add(9221)
[954] call add(9222)
[955] call add(9223)
[956] call remove
[957] call remove
[952] return 9196
[958] call remove
[959] call add(9224)
[953] return
[954] return
[955] return
[956] return 9203
[957] return 9209
[958] return 9206
[960] call add(9225)
[961] call remove
[962] call remove
[963] call remove
[964] call add(9226)
[959] return
[965] call add(9227)
[963] return 9204
[960] return
[961] return 9200
[962] return 9202
[966] call add(9228)
[964] return
[967] call add(9229)
[965] return
[968] call remove
[969] call add(9230)
[970] call remove
[971] call add(9231)
[972] call add(9232)
[966] return
[967] return
[968] return 9207
[969] return
[970] return 9208
[973] call remove
[971] return
[974] call add(9233)
[972] return
[975] call remove
[976] call add(9234)
[977] call add(9235)
[978] call remove
[979] call add(9236)
[973] return 9201
[974] return
[975] return 9205
[976] return
[977] return
[980] call remove
[978] return 9214
[981] call remove
[979] return
[982] call add(9237)
[983] call add(9238)
[984] call remove
[985] call remove
[986] call remove
[980] return 9215
[981] return 9218
[982] return
[983] return
[984] return 9211
[987] call add(9239)
[985] return 9217
[988] call add(9240)
[986] return 9210
[989] call add(9241)
[990] call remove
[991] call add(9242)
[992] call remove
[993] call add(9243)
[987] return
[988] return
[989] return
[990] return 9216
[991] return
[994] call add(9244)
[992] return 9212
[995] call add(9245)
[993] return
[996] call add(9246)
[997] call remove
[998] call add(9247)
[999] call add(9248)
[1000] call remove
[994] return
[995] return
[996] return
[997] return 9219
[998] return
[1001] call add(9249)
[999] return
[1002] call add(9250)
[1000] return 9213
[1003] call add(9251)
[1004] call add(9252)
[1005] call remove
[1006] call remove
[1007] call add(9253)
[1001] return
[1005] return 9222
[1002] return
[1003] return
[1004] return
[1008] call add(9254)
[1009] call add(9255)
[1010] call add(9256)
[1006] return 9221
[1011] call remove
[1012] call remove
[1007] return
[1013] call remove
[1014] call add(9257)
[1008] return
[1009] return
[1010] return
[1011] return 9223
[1012] return 9228
[1015] call remove
[1016] call add(9258)
[1017] call remove
[1013] return 9225
[1018] call remove
[1019] call remove
[1014] return
[1020] call add(9259)
[1021] call remove
[1015] return 9227
[1016] return
[1017] return 9220
[1018] return 9229
[1019] return 9226
[1022] call add(9260)
[1023] call remove
[1024] call remove
[1020] return
[1025] call add(9261)
[1026] call remove
[1021] return 9224
[1027] call add(9262)
[1028] call add(9263)
[1022] return
[1023] return 9234
[1024] return 9232
[1025] return
[1026] return 9231
[1029] call add(9264)
[1030] call remove
[1031] call remove
[1027] return
[1032] call add(9265)
[1033] call add(9266)
[1028] return
[1034] call add(9267)
[1035] call remove
[1029] return
[1030] return 9230
[1031] return 9235
[1032] return
[1033] return
[1036] call remove
[1037] call remove
[1038] call add(9268)
[1034] return
[1039] call remove
[1040] call remove
[1035] return 9239
[1041] call add(9269)
[1042] call remove
[1036] return 9236
[1037] return 9237
[1038] return
[1039] return 9238
[1040] return 9233
[1043] call add(9270)
[1044] call add(9271)
[1045] call add(9272)
[1041] return
[1046] call add(9273)
[1047] call remove
[1042] return 9243
[1048] call add(9274)
[1049] call remove
[1043] return
[1044] return
[1045] return
[1046] return
[1047] return 9249
[1050] call remove
[1051] call remove
[1052] call remove
[1048] return
[1053] call add(9275)
[1054] call add(9276)
[1049] return 9245
[1055] call remove
[1056] call remove
[1050] return 9242
[1051] return 9248
[1052] return 9244
[1053] return
[1054] return
[1057] call remove
[1058] call add(9277)
[1059] call add(9278)
[1055] return 9247
[1060] call add(9279)
[1061] call remove
[1056] return 9240
[1062] call remove
[1063] call add(9280)
[1057] return 9241
[1058] return
[1059] return
[1060] return
[1061] return 9246
[1064] call add(9281)
[1065] call add(9282)
[1066] call add(9283)
[1062] return 9258
[1067] call add(9284)
[1068] call add(9285)
[1063] return
[1069] call remove
[1070] call remove
[1064] return
[1065] return
[1066] return
[1067] return
[1068] return
[1071] call remove
[1072] call remove
[1073] call add(9286)
[1069] return 9255
[1074] call remove
[1075] call remove
[1070] return 9251
[1076] call remove
[1077] call add(9287)
[1071] return 9250
[1072] return 9259
[1073] return
[1074] return 9254
[1075] return 9257
[1078] call remove
[1079] call remove
[1080] call remove
[1076] return 9256
[1081] call remove
[1082] call remove
[1077] return
[1083] call remove
[1084] call remove
[1078] return 9252
[1079] return 9253
[1080] return 9265
[1081] return 9269
[1082] return 9263
[1085] call remove
[1086] call add(9288)
[1087] call add(9289)
[1083] return 9264
[1088] call add(9290)
[1089] call add(9291)
[1084] return 9268
[1090] call add(9292)
[1091] call remove
[1085] return 9260
[1086] return
[1087] return
[1088] return
[1089] return
[1092] call add(9293)
[1093] call remove
[1094] call add(9294)
[1090] return
[1095] call remove
[1096] call add(9295)
[1091] return 9267
[1097] call remove
[1098] call remove
[1092] return
[1093] return 9261
[1094] return
[1095] return 9266
[1096] return
[1099] call add(9296)
[1100] call remove
[1101] call remove
[1097] return 9262
[1102] call add(9297)
[1103] call remove
[1098] return 9279
[1104] call add(9298)
[1105] call add(9299)
[1099] return
[1100] return 9270
[1101] return 9278
[1102] return
[1103] return 9271
[1106] call add(9300)
[1107] call add(9301)
[1108] call add(9302)
[1104] return
[1109] call remove
[1110] call remove
[1105] return
[1111] call add(9303)
[1112] call add(9304)
[1106] return
[1107] return
[1108] return
[1109] return 9272
[1110] return 9273
[1113] call remove
[1114] call add(9305)
[1115] call remove
[1111] return
[1116] call add(9306)
[1117] call remove
[1112] return
[1118] call add(9307)
[1119] call add(9308)
[1113] return 9274
[1114] return
[1115] return 9277
[1116] return
[1117] return 9276
[1120] call remove
[1121] call add(9309)
[1122] call add(9310)
[1118] return
[1123] call remove
[1124] call remove
[1119] return
[1125] call add(9311)
[1126] call add(9312)
[1120] return 9275
[1121] return
[1122] return
[1123] return 9281
[1124] return 9282
[1127] call remove
[1128] call remove
[1129] call remove
[1125] return
[1130] call remove
[1131] call remove
[1126] return
[1132] call add(9313)
[1133] call remove
[1127] return 9286
[1128] return 9283
[1129] return 9285
[1130] return 9287
[1131] return 9288
[1134] call add(9314)
[1135] call add(9315)
[1136] call add(9316)
[1132] return
[1137] call add(9317)
[1138] call add(9318)
[1133] return 9289
[1139] call remove
[1140] call add(9319)
[1134] return
[1135] return
[1136] return
[1137] return
[1138] return
[1141] call add(9320)
[1142] call remove
[1143] call add(9321)
[1139] return 9284
[1144] call remove
[1145] call remove
[1140] return
[1146] call remove
[1147] call add(9322)
[1141] return
[1142] return 9280
[1143] return
[1144] return 9294
[1145] return 9297
[1148] call remove
[1149] call add(9323)
[1150] call remove
[1146] return 9296
[1151] call add(9324)
[1152] call remove
[1147] return
[1153] call remove
[1154] call add(9325)
[1148] return 9291
[1149] return
[1150] return 9298
[1151] return
[1152] return 9299
[1155] call add(9326)
[1156] call add(9327)
[1157] call add(9328)
[1153] return 9292
[1158] call add(9329)
[1159] call remove
[1154] return
[1160] call remove
[1161] call add(9330)
[1155] return
[1156] return
[1157] return
[1158] return
[1159] return 9293
[1162] call remove
[1163] call add(9331)
[1164] call add(9332)
[1160] return 9290
[1165] call add(9333)
[1166] call remove
[1161] return
[1167] call add(9334)
[1168] call remove
[1162] return 9295
[1163] return
[1164] return
[1165] return
[1167] return
[1169] call add(9335)
[1170] call add(9336)
[1166] return 9303
[1168] return 9302
[1171] call remove
[1172] call remove
[1173] call remove
[1174] call remove
[1175] call remove
[1170] return
[1169] return
[1171] return 9304
[1172] return 9306
[1173] return 9307
[1176] call add(9337)
[1174] return 9305
[1177] call add(9338)
[1175] return 9301
[1178] call remove
[1179] call add(9339)
[1180] call add(9340)
[1181] call add(9341)
[1182] call remove
[1176] return
[1177] return
[1178] return 9300
[1182] return 9308
[1180] return
[1183] call add(9342)
[1181] return
[1184] call remove
[1179] return
[1185] call add(9343)
[1186] call add(9344)
[1187] call add(9345)
[1188] call remove
[1189] call add(9346)
[1183] return
[1184] return 9309
[1185] return
[1186] return
[1187] return
[1190] call remove
[1188] return 9319
[1191] call add(9347)
[1189] return
[1192] call remove
[1193] call remove
[1194] call add(9348)
[1195] call add(9349)
[1196] call add(9350)
[1190] return 9310
[1191] return
[1192] return 9313
[1193] return 9312
[1194] return
[1197] call add(9351)
[1195] return
[1198] call remove
[1196] return
[1199] call remove
[1200] call add(9352)
[1201] call remove
[1202] call remove
[1203] call add(9353)
[1197] return
[1198] return 9314
[1199] return 9316
[1200] return
[1201] return 9315
[1204] call remove
[1202] return 9311
[1205] call add(9354)
[1203] return
[1206] call add(9355)
[1207] call add(9356)
[1208] call add(9357)
[1209] call remove
[1210] call remove
[1207] return
[1205] return
[1206] return
[1204] return 9317
[1208] return
[1211] call add(9358)
[1209] return 9318
[1212] call remove
[1210] return 9326
[1213] call remove
[1214] call add(9359)
[1215] call remove
[1216] call remove
[1217] call remove
[1211] return
[1212] return 9320
[1213] return 9321
[1214] return
[1215] return 9322
[1218] call add(9360)
[1216] return 9323
[1219] call add(9361)
[1217] return 9328
[1220] call remove
[1221] call remove
[1222] call remove
[1223] call remove
[1224] call remove
[1218] return
[1219] return
[1220] return 9324
[1221] return 9325
[1222] return 9327
[1225] call remove
[1223] return 9329
[1226] call add(9362)
[1224] return 9336
[1227] call add(9363)
[1228] call remove
[1229] call add(9364)
[1230] call add(9365)
[1231] call remove
[1225] return 9330
[1226] return
[1227] return
[1228] return 9332
[1229] return
[1232] call add(9366)
[1230] return
[1233] call remove
[1231] return 9338
[1234] call add(9367)
[1235] call remove
[1236] call remove
[1237] call add(9368)
[1238] call add(9369)
[1232] return
[1233] return 9331
[1234] return
[1235] return 9335
[1236] return 9333
[1239] call add(9370)
[1237] return
[1240] call add(9371)
[1238] return
[1241] call remove
[1242] call add(9372)
[1243] call remove
[1244] call add(9373)
[1245] call remove
[1239] return
[1240] return
[1241] return 9337
[1242] return
[1243] return 9334
[1246] call add(9374)
[1244] return
[1247] call add(9375)
[1245] return 9339
[1248] call add(9376)
[1249] call add(9377)
[1250] call remove
[1251] call add(9378)
[1252] call remove
[1246] return
[1247] return
[1248] return
[1249] return
[1250] return 9349
[1253] call remove
[1251] return
[1254] call add(9379)
[1252] return 9340
[1255] call remove
[1256] call add(9380)
[1257] call remove
[1258] call add(9381)
[1259] call remove
[1253] return 9342
[1254] return
[1255] return 9343
[1256] return
[1257] return 9348
[1260] call add(9382)
[1258] return
[1261] call add(9383)
[1259] return 9344
[1262] call remove
[1263] call remove
[1264] call add(9384)
[1265] call add(9385)
[1266] call remove
[1260] return
[1261] return
[1262] return 9347
[1263] return 9345
[1264] return
[1267] call add(9386)
[1265] return
[1268] call add(9387)
[1266] return 9346
[1269] call remove
[1270] call remove
[1271] call remove
[1272] call add(9388)
[1273] call add(9389)
[1267] return
[1268] return
[1269] return 9341
[1270] return 9357
[1271] return 9350
[1274] call remove
[1272] return
[1275] call add(9390)
[1273] return
[1276] call remove
[1277] call add(9391)
[1278] call add(9392)
[1279] call add(9393)
[1280] call add(9394)
[1274] return 9352
[1275] return
[1276] return 9354
[1277] return
[1278] return
[1281] call add(9395)
[1279] return
[1282] call add(9396)
[1280] return
[1283] call add(9397)
[1284] call remove
[1285] call add(9398)
[1286] call remove
[1287] call add(9399)
[1281] return
[1282] return
[1283] return
[1284] return 9358
[1285] return
[1288] call remove
[1286] return 9351
[1289] call add(9400)
[1287] return
[1290] call add(9401)
[1291] call add(9402)
[1292] call remove
[1293] call add(9403)
[1294] call add(9404)
[1288] return 9359
[1289] return
[1290] return
[1291] return
[1292] return 9353
[1295] call add(9405)
[1293] return
[1296] call remove
[1294] return
[1297] call add(9406)
[1298] call remove
[1299] call remove
[1300] call remove
[1301] call remove
[1295] return
[1302] call remove
[1297] return
[1298] return 9356
[1299] return 9367
[1296] return 9355
[1300] return 9369
[1301] return 9361
[1303] call add(9407)
[1304] call add(9408)
[1305] call remove
[1306] call add(9409)
[1307] call remove
[1302] return 9366
[1308] call remove
[1309] call add(9410)
[1303] return
[1304] return
[1305] return 9363
[1306] return
[1307] return 9360
[1308] return 9362
[1310] call add(9411)
[1311] call add(9412)
[1312] call remove
[1313] call remove
[1314] call add(9413)
[1309] return
[1315] call remove
[1316] call add(9414)
[1310] return
[1311] return
[1312] return 9365
[1313] return 9368
[1314] return
[1315] return 9364
[1317] call remove
[1318] call add(9415)
[1319] call remove
[1320] call add(9416)
[1321] call add(9417)
[1316] return
[1322] call add(9418)
[1323] call remove
[1317] return 9372
[1318] return
[1319] return 9374
[1320] return
[1321] return
[1322] return
[1324] call remove
[1325] call add(9419)
[1326] call add(9420)
[1327] call remove
[1328] call add(9421)
[1323] return 9376
[1329] call add(9422)
[1330] call add(9423)
[1324] return 9373
[1325] return
[1326] return
[1327] return 9379
[1328] return
[1329] return
[1331] call remove
[1332] call add(9424)
[1333] call remove
[1334] call remove
[1335] call remove
[1330] return
[1336] call remove
[1337] call add(9425)
[1331] return 9370
[1332] return
[1333] return 9377
[1334] return 9375
[1335] return 9371
[1336] return 9378
[1338] call add(9426)
[1339] call add(9427)
[1340] call remove
[1341] call remove
[1342] call remove
[1337] return
[1343] call add(9428)
[1344] call remove
[1338] return
[1339] return
[1340] return 9384
[1341] return 9388
[1342] return 9389
[1343] return
[1345] call add(9429)
[1346] call remove
[1347] call remove
[1348] call remove
[1349] call add(9430)
[1344] return 9380
[1350] call remove
[1351] call add(9431)
[1345] return
[1346] return 9383
[1347] return 9386
[1348] return 9385
[1349] return
[1350] return 9382
[1352] call remove
[1353] call add(9432)
[1354] call add(9433)
[1355] call remove
[1356] call add(9434)
[1351] return
[1357] call remove
[1358] call add(9435)
[1352] return 9387
[1353] return
[1354] return
[1355] return 9381
[1356] return
[1357] return 9395
[1359] call add(9436)
[1360] call remove
[1361] call add(9437)
[1362] call remove
[1363] call add(9438)
[1358] return
[1364] call remove
[1365] call remove
[1359] return
[1360] return 9394
[1361] return
[1362] return 9391
[1363] return
[1364] return 9392
[1366] call remove
[1367] call remove
[1368] call add(9439)
[1369] call add(9440)
[1370] call add(9441)
[1365] return 9390
[1371] call remove
[1372] call remove
[1366] return 9398
[1367] return 9393
[1368] return
[1369] return
[1370] return
[1371] return 9399
[1373] call remove
[1374] call remove
[1375] call remove
[1376] call remove
[1377] call remove
[1372] return 9397
[1378] call remove
[1379] call add(9442)
[1373] return 9396
[1374] return 9402
[1375] return 9405
[1376] return 9404
[1377] return 9401
[1378] return 9400
[1380] call remove
[1381] call add(9443)
[1382] call add(9444)
[1383] call remove
[1384] call remove
[1379] return
[1385] call add(9445)
[1386] call add(9446)
[1380] return 9406
[1381] return
[1382] return
[1383] return 9403
[1384] return 9408
[1385] return
[1387] call add(9447)
[1388] call add(9448)
[1389] call remove
[1390] call remove
[1391] call add(9449)
[1386] return
[1392] call add(9450)
[1389] return 9409
[1388] return
[1387] return
[1390] return 9407
[1393] call remove
[1394] call remove
[1395] call remove
[1396] call add(9451)
[1397] call add(9452)
[1391] return
[1392] return
[1398] call remove
[1393] return 9411
[1394] return 9410
[1395] return 9419
[1396] return
[1399] call add(9453)
[1397] return
[1400] call remove
[1401] call add(9454)
[1402] call remove
[1403] call remove
[1404] call add(9455)
[1398] return 9412
[1399] return
[1405] call add(9456)
[1400] return 9413
[1401] return
[1402] return 9416
[1403] return 9414
[1406] call add(9457)
[1404] return
[1407] call add(9458)
[1408] call add(9459)
[1409] call add(9460)
[1410] call add(9461)
[1411] call remove
[1405] return
[1406] return
[1412] call add(9462)
[1407] return
[1408] return
[1409] return
[1410] return
[1413] call remove
[1411] return 9417
[1414] call remove
[1415] call remove
[1416] call add(9463)
[1417] call remove
[1418] call add(9464)
[1412] return
[1413] return 9418
[1419] call add(9465)
[1414] return 9415
[1415] return 9429
[1416] return
[1417] return 9428
[1420] call add(9466)
[1418] return
[1421] call add(9467)
[1422] call add(9468)
[1423] call add(9469)
[1424] call remove
[1425] call remove
[1419] return
[1420] return
[1426] call add(9470)
[1421] return
[1422] return
[1423] return
[1424] return 9421
[1427] call add(9471)
[1425] return 9423
[1428] call remove
[1429] call add(9472)
[1430] call remove
[1431] call remove
[1432] call remove
[1426] return
[1427] return
[1433] call add(9473)
[1428] return 9425
[1429] return
[1430] return 9422
[1431] return 9424
[1434] call add(9474)
[1432] return 9426
[1435] call add(9475)
[1436] call remove
[1437] call remove
[1438] call remove
[1439] call add(9476)
[1433] return
[1434] return
[1440] call remove
[1435] return
[1436] return 9427
[1437] return 9420
[1438] return 9434
[1441] call add(9477)
[1439] return
[1442] call remove
[1443] call remove
[1444] call add(9478)
[1445] call remove
[1446] call add(9479)
[1440] return 9439
[1441] return
[1447] call remove
[1442] return 9433
[1443] return 9432
[1444] return
[1445] return 9430
[1448] call add(9480)
[1446] return
[1449] call add(9481)
[1450] call add(9482)
[1451] call remove
[1452] call add(9483)
[1453] call remove
[1447] return 9436
[1448] return
[1454] call remove
[1449] return
[1450] return
[1451] return 9438
[1452] return
[1455] call remove
[1453] return 9437
[1456] call add(9484)
[1457] call add(9485)
[1458] call remove
[1459] call add(9486)
[1460] call add(9487)
[1454] return 9435
[1455] return 9431
[1461] call remove
[1456] return
[1457] return
[1458] return 9446
[1459] return
[1462] call add(9488)
[1460] return
[1463] call remove
[1464] call add(9489)
[1465] call remove
[1466] call remove
[1467] call add(9490)
[1461] return 9448
[1462] return
[1468] call remove
[1463] return 9443
[1464] return
[1465] return 9442
[1466] return 9440
[1469] call remove
[1467] return
[1470] call remove
[1471] call add(9491)
[1472] call add(9492)
[1473] call add(9493)
[1474] call add(9494)
[1468] return 9441
[1469] return 9444
[1475] call add(9495)
[1470] return 9449
[1471] return
[1472] return
[1473] return
[1476] call remove
[1474] return
[1477] call remove
[1478] call remove
[1479] call add(9496)
[1480] call remove
[1481] call remove
[1475] return
[1476] return 9447
[1482] call remove
[1477] return 9445
[1478] return 9459
[1479] return
[1480] return 9451
[1483] call remove
[1481] return 9453
[1484] call remove
[1485] call add(9497)
[1486] call remove
[1487] call remove
[1488] call remove
[1482] return 9452
[1483] return 9454
[1489] call remove
[1484] return 9455
[1485] return
[1486] return 9456
[1487] return 9450
[1490] call add(9498)
[1488] return 9457
[1491] call add(9499)
[1492] call remove
[1493] call remove
[1494] call add(9500)
[1495] call remove
[1489] return 9458
[1490] return
[1496] call remove
[1491] return
[1492] return 9465
[1493] return 9461
[1494] return
[1497] call add(9501)
[1495] return 9469
[1498] call remove
[1499] call remove
[1500] call remove
[1501] call add(9502)
[1502] call add(9503)
[1496] return 9463
[1497] return
[1503] call add(9504)
[1498] return 9468
[1499] return 9462
[1500] return 9460
[1501] return
[1504] call remove
[1502] return
[1505] call add(9505)
[1506] call add(9506)
[1507] call remove
[1508] call remove
[1509] call remove
[1503] return
[1504] return 9464
[1510] call remove
[1505] return
[1506] return
[1507] return 9466
[1508] return 9467
[1511] call remove
[1509] return 9472
[1512] call add(9507)
[1513] call add(9508)
[1514] call remove
[1515] call add(9509)
[1516] call add(9510)
[1510] return 9478
[1511] return 9470
[1517] call remove
[1512] return
[1513] return
[1514] return 9479
[1515] return
[1518] call add(9511)
[1516] return
[1519] call add(9512)
[1520] call remove
[1521] call add(9513)
[1522] call remove
[1523] call add(9514)
[1517] return 9471
[1518] return
[1524] call add(9515)
[1519] return
[1520] return 9475
[1521] return
[1522] return 9474
[1525] call remove
[1523] return
[1526] call remove
[1527] call remove
[1528] call add(9516)
[1529] call add(9517)
[1530] call add(9518)
[1524] return
[1525] return 9477
[1531] call remove
[1526] return 9476
[1527] return 9473
[1528] return
[1529] return
[1532] call add(9519)
[1530] return
[1533] call remove
[1534] call add(9520)
[1535] call add(9521)
[1536] call remove
[1537] call add(9522)
[1531] return 9487
[1532] return
[1538] call remove
[1533] return 9488
[1534] return
[1535] return
[1536] return 9483
[1539] call remove
[1537] return
[1540] call remove
[1538] return 9486
[1541] call add(9523)
[1542] call remove
[1543] call remove
[1544] call add(9524)
[1539] return 9482
[1545] call add(9525)
[1544] return
[1541] return
[1542] return 9489
[1546] call add(9526)
[1543] return 9480
[1540] return 9481
[1547] call remove
[1548] call add(9527)
[1549] call remove
[1550] call add(9528)
[1545] return
[1551] call remove
[1546] return
[1552] call add(9529)
[1547] return 9484
[1548] return
[1549] return 9485
[1553] call remove
[1550] return
[1551] return 9492
[1554] call remove
[1555] call add(9530)
[1556] call add(9531)
[1557] call remove
[1552] return
[1558] call remove
[1553] return 9496
[1559] call add(9532)
[1554] return 9499
[1555] return
[1556] return
[1560] call remove
[1557] return 9491
[1558] return 9493
[1561] call remove
[1562] call remove
[1563] call remove
[1564] call add(9533)
[1559] return
[1565] call add(9534)
[1560] return 9490
[1566] call add(9535)
[1561] return 9494
[1562] return 9498
[1563] return 9495
[1567] call remove
[1564] return
[1565] return
[1568] call remove
[1569] call add(9536)
[1570] call add(9537)
[1571] call add(9538)
[1566] return
[1572] call remove
[1567] return 9497
[1573] call add(9539)
[1568] return 9506
[1569] return
[1570] return
[1574] call remove
[1571] return
[1572] return 9503
[1575] call remove
[1576] call remove
[1577] call add(9540)
[1578] call add(9541)
[1573] return
[1579] call remove
[1574] return 9508
[1580] call add(9542)
[1575] return 9509
[1576] return 9502
[1577] return
[1581] call add(9543)
[1578] return
[1579] return 9500
[1582] call add(9544)
[1583] call remove
[1584] call remove
[1585] call add(9545)
[1580] return
[1586] call add(9546)
[1581] return
[1587] call remove
[1582] return
[1583] return 9504
[1584] return 9505
[1588] call remove
[1585] return
[1586] return
[1589] call add(9547)
[1590] call add(9548)
[1591] call add(9549)
[1592] call add(9550)
[1587] return 9507
[1593] call add(9551)
[1588] return 9501
[1594] call remove
[1589] return
[1590] return
[1591] return
[1595] call add(9552)
[1592] return
[1593] return
[1596] call add(9553)
[1597] call remove
[1598] call add(9554)
[1599] call add(9555)
[1594] return 9518
[1600] call add(9556)
[1595] return
[1601] call add(9557)
[1596] return
[1597] return 9511
[1598] return
[1602] call add(9558)
[1599] return
[1600] return
[1603] call add(9559)
[1604] call add(9560)
[1605] call remove
[1606] call add(9561)
[1601] return
[1607] call add(9562)
[1602] return
[1608] call remove
[1603] return
[1604] return
[1605] return 9514
[1609] call remove
[1606] return
[1607] return
[1610] call add(9563)
[1611] call remove
[1612] call add(9564)
[1613] call add(9565)
[1609] return 9510
[1614] call remove
[1608] return 9512
[1611] return 9517
[1610] return
[1612] return
[1615] call add(9566)
[1616] call remove
[1617] call add(9567)
[1618] call remove
[1619] call remove
[1613] return
[1614] return 9513
[1620] call remove
[1615] return
[1616] return 9515
[1617] return
[1618] return 9519
[1619] return 9516
[1621] call add(9568)
[1622] call remove
[1623] call remove
[1624] call remove
[1625] call remove
[1626] call remove
[1620] return 9528
[1621] return
[1627] call add(9569)
[1622] return 9526
[1623] return 9523
[1624] return 9525
[1625] return 9522
[1626] return 9520
[1628] call remove
[1629] call remove
[1630] call add(9570)
[1631] call add(9571)
[1632] call add(9572)
[1633] call add(9573)
[1627] return
[1628] return 9521
[1634] call remove
[1629] return 9527
[1630] return
[1631] return
[1632] return
[1633] return
[1635] call add(9574)
[1636] call add(9575)
[1637] call add(9576)
[1638] call add(9577)
[1639] call add(9578)
[1640] call add(9579)
[1634] return 9529
[1635] return
[1641] call add(9580)
[1636] return
[1638] return
[1639] return
[1640] return
[1642] call add(9581)
[1637] return
[1643] call remove
[1641] return
[1644] call add(9582)
[1645] call add(9583)
[1646] call remove
[1647] call remove
[1648] call remove
[1642] return
[1643] return 9524
[1644] return
[1645] return
[1646] return 9537
[1649] call remove
[1647] return 9535
[1650] call add(9584)
[1648] return 9539
[1651] call add(9585)
[1652] call add(9586)
[1653] call remove
[1654] call add(9587)
[1655] call remove
[1649] return 9532
[1650] return
[1651] return
[1652] return
[1653] return 9533
[1656] call add(9588)
[1654] return
[1657] call add(9589)
[1655] return 9538
[1658] call remove
[1659] call add(9590)
[1660] call remove
[1661] call remove
[1662] call remove
[1656] return
[1657] return
[1658] return 9536
[1659] return
[1660] return 9531
[1663] call add(9591)
[1661] return 9534
[1664] call remove
[1662] return 9530
[1665] call remove
[1666] call remove
[1667] call remove
[1668] call remove
[1669] call add(9592)
[1663] return
[1664] return 9543
[1665] return 9540
[1666] return 9542
[1667] return 9545
[1670] call remove
[1668] return 9547
[1671] call add(9593)
[1669] return
[1672] call add(9594)
[1673] call remove
[1674] call remove
[1675] call remove
[1676] call add(9595)
[1670] return 9541
[1671] return
[1672] return
[1673] return 9549
[1674] return 9548
[1677] call remove
[1675] return 9544
[1678] call add(9596)
[1676] return
[1679] call remove
[1680] call add(9597)
[1681] call remove
[1682] call remove
[1683] call add(9598)
[1677] return 9546
[1678] return
[1679] return 9550
[1680] return
[1681] return 9558
[1684] call remove
[1682] return 9553
[1685] call add(9599)
[1683] return
[1686] call remove
[1687] call add(9600)
[1688] call remove
[1689] call remove
[1690] call remove
[1684] return 9552
[1685] return
[1686] return 9556
[1687] return
[1688] return 9557
[1691] call remove
[1689] return 9555
[1692] call remove
[1690] return 9551
[1693] call add(9601)
[1694] call add(9602)
[1695] call remove
[1696] call remove
[1697] call remove
[1691] return 9559
[1692] return 9554
[1693] return
[1694] return
[1695] return 9568
[1698] call remove
[1696] return 9566
[1699] call remove
[1697] return 9567
[1700] call add(9603)
[1701] call remove
[1702] call add(9604)
[1703] call add(9605)
[1704] call add(9606)
[1698] return 9560
[1699] return 9561
[1700] return
[1701] return 9562
[1702] return
[1705] call remove
[1703] return
[1706] call add(9607)
[1704] return
[1707] call remove
[1708] call remove
[1709] call add(9608)
[1710] call remove
[1711] call remove
[1705] return 9565
[1706] return
[1707] return 9563
[1708] return 9564
[1709] return
[1712] call remove
[1710] return 9569
[1713] call remove
[1711] return 9570
[1714] call remove
[1715] call remove
[1716] call add(9609)
[1717] call add(9610)
[1718] call add(9611)
[1712] return 9576
[1713] return 9571
[1714] return 9573
[1715] return 9574
[1716] return
[1719] call remove
[1717] return
[1720] call remove
[1718] return
[1721] call remove
[1722] call add(9612)
[1723] call remove
[1724] call remove
[1725] call remove
[1719] return 9577
[1720] return 9578
[1721] return 9579
[1722] return
[1723] return 9575
[1726] call add(9613)
[1724] return 9572
[1727] call remove
[1725] return 9586
[1728] call add(9614)
[1729] call remove
[1730] call remove
[1731] call remove
[1732] call add(9615)
[1726] return
[1727] return 9583
[1728] return
[1729] return 9587
[1730] return 9581
[1733] call remove
[1731] return 9588
[1734] call add(9616)
[1732] return
[1735] call remove
[1736] call remove
[1737] call add(9617)
[1738] call add(9618)
[1739] call remove
[1733] return 9580
[1734] return
[1735] return 9585
[1736] return 9582
[1737] return
[1740] call add(9619)
[1738] return
[1741] call add(9620)
[1739] return 9584
[1742] call add(9621)
[1743] call remove
[1744] call remove
[1745] call remove
[1746] call remove
[1740] return
[1741] return
[1742] return
[1743] return 9589
[1744] return 9592
[1747] call add(9622)
[1745] return 9594
[1748] call add(9623)
[1746] return 9593
[1749] call add(9624)
[1750] call remove
[1751] call remove
[1752] call add(9625)
[1753] call add(9626)
[1747] return
[1748] return
[1749] return
[1750] return 9596
[1751] return 9591
[1754] call remove
[1752] return
[1755] call add(9627)
[1753] return
[1756] call add(9628)
[1757] call remove
[1758] call remove
[1759] call add(9629)
[1760] call add(9630)
[1754] return 9598
[1755] return
[1756] return
[1757] return 9595
[1758] return 9597
[1761] call add(9631)
[1759] return
[1762] call add(9632)
[1760] return
[1763] call add(9633)
[1764] call add(9634)
[1765] call add(9635)
[1766] call add(9636)
[1767] call add(9637)
[1761] return
[1762] return
[1763] return
[1764] return
[1765] return
[1768] call remove
[1766] return
[1769] call remove
[1767] return
[1770] call remove
[1771] call add(9638)
[1772] call remove
[1773] call add(9639)
[1774] call remove
[1768] return 9599
[1769] return 9590
[1770] return 9601
[1771] return
[1772] return 9606
[1775] call remove
[1773] return
[1776] call remove
[1774] return 9600
[1777] call remove
[1778] call add(9640)
[1779] call add(9641)
[1780] call remove
[1781] call remove
[1775] return 9602
[1776] return 9609
[1777] return 9603
[1778] return
[1779] return
[1782] call remove
[1780] return 9607
[1783] call add(9642)
[1781] return 9604
[1784] call remove
[1785] call add(9643)
[1786] call add(9644)
[1787] call add(9645)
[1788] call remove
[1782] return 9608
[1783] return
[1784] return 9605
[1785] return
[1786] return
[1789] call add(9646)
[1787] return
[1790] call remove
[1788] return 9613
[1791] call remove
[1792] call remove
[1793] call add(9647)
[1794] call remove
[1795] call add(9648)
[1789] return
[1790] return 9617
[1791] return 9611
[1792] return 9612
[1793] return
[1796] call remove
[1794] return 9610
[1797] call add(9649)
[1795] return
[1798] call remove
[1799] call remove
[1800] call add(9650)
[1801] call add(9651)
[1802] call add(9652)
[1796] return 9614
[1798] return 9618
[1799] return 9619
[1800] return
[1803] call add(9653)
[1797] return
[1801] return
[1802] return
[1803] return
