# @object atomic-queue
[1] call remove
[2] call remove
[3] call add(11224)
[4] call add(11225)
[5] call add(11226)
[6] call remove
[7] call remove
[6] return empty
[2] return empty
[3] return
[4] return
[5] return
[7] return 11225
[1] return 11226
[8] call remove
[9] call remove
[10] call remove
[11] call add(11227)
[12] call remove
[13] call add(11228)
[14] call add(11229)
[8] return 11224
[9] return empty
[10] return empty
[11] return
[12] return 11227
[13] return
[14] return
[15] call add(11230)
[16] call add(11231)
[17] call remove
[18] call add(11232)
[19] call remove
[20] call add(11233)
[21] call add(11234)
[15] return
[16] return
[17] return 11228
[18] return
[19] return 11231
[20] return
[21] return
[22] call remove
[23] call add(11235)
[24] call remove
[25] call add(11236)
[26] call add(11237)
[27] call remove
[28] call remove
[22] return 11230
[23] return
[24] return 11229
[25] return
[26] return
[27] return 11232
[28] return 11234
[29] call remove
[30] call add(11238)
[31] call add(11239)
[32] call remove
[33] call add(11240)
[34] call remove
[35] call add(11241)
[29] return 11235
[30] return
[31] return
[32] return 11236
[33] return
[34] return 11237
[35] return
[36] call remove
[37] call add(11242)
[38] call add(11243)
[39] call remove
[40] call remove
[41] call remove
[42] call remove
[38] return
[36] return 11233
[37] return
[43] call add(11244)
[40] return 11242
[39] return 11238
[41] return 11241
[44] call remove
[45] call remove
[42] return 11240
[46] call add(11245)
[47] call remove
[48] call remove
[44] return 11243
[43] return
[49] call add(11246)
[50] call remove
[45] return 11239
[51] call remove
[47] return 11244
[48] return empty
[46] return
[52] call remove
[49] return
[53] call remove
[54] call add(11247)
[50] return 11246
[55] call remove
[51] return 11245
[56] call add(11248)
[57] call remove
[52] return empty
[58] call add(11249)
[53] return empty
[54] return
[55] return 11247
[59] call remove
[56] return
[60] call remove
[61] call remove
[57] return 11248
[62] call add(11250)
[58] return
[63] call remove
[64] call remove
[59] return 11249
[65] call remove
[60] return empty
[61] return empty
[62] return
[66] call add(11251)
[63] return 11250
[67] call remove
[68] call remove
[64] return empty
[69] call add(11252)
[65] return empty
[70] call remove
[71] call add(11253)
[66] return
[72] call add(11254)
[67] return 11251
[68] return empty
[69] return
[73] call remove
[70] return 11252
[74] call remove
[75] call remove
[71] return
[76] call remove
[72] return
[77] call add(11255)
[78] call remove
[73] return 11254
[79] call add(11256)
[74] return 11253
[75] return empty
[76] return empty
[80] call remove
[77] return
[81] call remove
[82] call add(11257)
[78] return 11255
[83] call remove
[79] return
[84] call remove
[85] call remove
[80] return 11256
[86] call remove
[81] return empty
[82] return
[83] return 11257
[87] call add(11258)
[84] return empty
[88] call add(11259)
[89] call remove
[85] return empty
[90] call remove
[86] return empty
[91] call add(11260)
[92] call remove
[87] return
[93] call add(11261)
[88] return
[89] return 11259
[90] return 11258
[94] call add(11262)
[91] return
[95] call add(11263)
[96] call add(11264)
[92] return 11260
[97] call add(11265)
[93] return
[98] call add(11266)
[99] call remove
[94] return
[100] call remove
[95] return
[96] return
[97] return
[101] call add(11267)
[98] return
[102] call remove
[103] call add(11268)
[99] return 11263
[104] call add(11269)
[105] call remove
[100] return 11262
[106] call add(11270)
[107] call remove
[102] return 11261
[103] return
[101] return
[104] return
[105] return 11264
[106] return
[108] call add(11271)
[109] call remove
[110] call remove
[111] call remove
[112] call add(11272)
[107] return 11265
[113] call add(11273)
[114] call add(11274)
[108] return
[109] return 11266
[110] return 11271
[111] return 11270
[112] return
[113] return
[115] call add(11275)
[116] call add(11276)
[117] call add(11277)
[118] call remove
[119] call add(11278)
[114] return
[120] call add(11279)
[121] call add(11280)
[115] return
[116] return
[117] return
[118] return 11268
[119] return
[120] return
[122] call add(11281)
[123] call add(11282)
[124] call remove
[125] call remove
[126] call add(11283)
[121] return
[127] call remove
[128] call add(11284)
[122] return
[123] return
[124] return 11267
[125] return 11269
[126] return
[127] return 11272
[129] call remove
[130] call add(11285)
[131] call add(11286)
[132] call remove
[133] call remove
[134] call add(11287)
[128] return
[135] call remove
[129] return 11281
[130] return
[131] return
[132] return 11273
[133] return 11280
[134] return
[136] call remove
[137] call remove
[138] call remove
[139] call remove
[140] call add(11288)
[141] call remove
[135] return 11274
[142] call remove
[136] return 11277
[137] return 11278
[138] return 11275
[139] return 11276
[140] return
[141] return 11279
[143] call remove
[144] call add(11289)
[145] call add(11290)
[146] call remove
[147] call remove
[148] call remove
[142] return 11283
[149] call add(11291)
[143] return 11284
[144] return
[145] return
[146] return 11285
[147] return 11282
[148] return 11286
[150] call add(11292)
[151] call add(11293)
[152] call add(11294)
[153] call add(11295)
[154] call add(11296)
[155] call remove
[149] return
[156] call add(11297)
[150] return
[151] return
[152] return
[153] return
[154] return
[155] return 11288
[157] call add(11298)
[158] call add(11299)
[159] call add(11300)
[160] call add(11301)
[161] call add(11302)
[162] call remove
[156] return
[163] call add(11303)
[157] return
[158] return
[159] return
[160] return
[161] return
[162] return 11287
[164] call add(11304)
[165] call add(11305)
[166] call add(11306)
[167] call remove
[168] call remove
[169] call remove
[163] return
[170] call remove
[164] return
[165] return
[166] return
[167] return 11296
[168] return 11290
[169] return 11289
[171] call remove
[172] call remove
[173] call add(11307)
[174] call remove
[175] call add(11308)
[176] call add(11309)
[170] return 11292
[177] call add(11310)
[171] return 11293
[172] return 11297
[173] return
[174] return 11291
[175] return
[176] return
[178] call remove
[179] call add(11311)
[180] call add(11312)
[181] call remove
[182] call add(11313)
[183] call remove
[177] return
[184] call add(11314)
[178] return 11295
[179] return
[180] return
[181] return 11298
[182] return
[183] return 11294
[185] call add(11315)
[186] call remove
[187] call remove
[188] call add(11316)
[189] call remove
[190] call remove
[184] return
[191] call remove
[185] return
[186] return 11301
[187] return 11307
[188] return
[189] return 11302
[190] return 11304
[192] call add(11317)
[193] call remove
[194] call remove
[195] call remove
[196] call add(11318)
[197] call remove
[191] return 11300
[198] call add(11319)
[192] return
[193] return 11305
[194] return 11303
[195] return 11306
[196] return
[197] return 11299
[199] call add(11320)
[200] call add(11321)
[201] call remove
[202] call add(11322)
[203] call add(11323)
[204] call add(11324)
[198] return
[205] call remove
[199] return
[200] return
[201] return 11308
[202] return
[203] return
[204] return
[206] call add(11325)
[207] call remove
[208] call remove
[209] call remove
[210] call remove
[211] call remove
[205] return 11316
[209] return 11318
[212] call remove
[206] return
[207] return 11310
[208] return 11309
[210] return 11314
[213] call remove
[214] call remove
[215] call remove
[216] call add(11326)
[211] return 11315
[217] call remove
[212] return 11311
[218] call remove
[213] return 11317
[219] call remove
[214] return 11312
[215] return 11313
[216] return
[217] return 11325
[220] call add(11327)
[221] call add(11328)
[222] call remove
[223] call remove
[218] return 11326
[224] call remove
[219] return 11321
[225] call remove
[220] return
[226] call add(11329)
[221] return
[222] return 11323
[223] return 11322
[224] return 11324
[227] call remove
[228] call add(11330)
[229] call add(11331)
[230] call add(11332)
[225] return 11320
[231] call remove
[226] return
[232] call remove
[227] return 11319
[233] call add(11333)
[228] return
[229] return
[230] return
[231] return 11327
[234] call add(11334)
[235] call remove
[236] call add(11335)
[232] return 11328
[237] call add(11336)
[233] return
[238] call add(11337)
[234] return
[239] call add(11338)
[240] call add(11339)
[241] call remove
[235] return 11330
[237] return
[236] return
[242] call add(11340)
[238] return
[239] return
[243] call add(11341)
[244] call add(11342)
[240] return
[241] return 11331
[245] call add(11343)
[246] call add(11344)
[247] call remove
[248] call remove
[242] return
[243] return
[244] return
[249] call remove
[245] return
[246] return
[250] call remove
[251] call add(11345)
[247] return 11332
[248] return 11329
[252] call add(11346)
[253] call add(11347)
[254] call add(11348)
[255] call remove
[249] return 11333
[250] return 11334
[251] return
[256] call add(11349)
[252] return
[253] return
[257] call remove
[258] call remove
[254] return
[255] return 11342
[259] call remove
[260] call remove
[261] call remove
[262] call add(11350)
[256] return
[257] return 11336
[258] return 11340
[261] return 11339
[263] call remove
[260] return 11335
[264] call add(11351)
[265] call remove
[263] return 11337
[266] call remove
[259] return 11341
[267] call remove
[268] call add(11352)
[262] return
[269] call remove
[266] return 11338
[270] call remove
[268] return
[265] return 11349
[271] call remove
[264] return
[272] call add(11353)
[269] return 11343
[267] return 11344
[273] call add(11354)
[274] call remove
[270] return 11352
[275] call add(11355)
[276] call remove
[271] return 11347
[273] return
[277] call add(11356)
[274] return 11350
[278] call add(11357)
[279] call remove
[280] call remove
[275] return
[276] return 11345
[272] return
[277] return
[281] call add(11358)
[282] call add(11359)
[283] call remove
[278] return
[279] return 11348
[284] call add(11360)
[280] return 11346
[285] call remove
[286] call remove
[287] call remove
[281] return
[282] return
[283] return 11353
[284] return
[288] call remove
[289] call add(11361)
[290] call add(11362)
[285] return 11351
[286] return 11356
[291] call add(11363)
[287] return 11358
[292] call remove
[293] call remove
[294] call add(11364)
[288] return 11357
[289] return
[290] return
[291] return
[295] call add(11365)
[296] call add(11366)
[297] call remove
[292] return 11355
[293] return 11359
[298] call remove
[294] return
[299] call add(11367)
[297] return 11354
[300] call add(11368)
[295] return
[296] return
[301] call remove
[302] call remove
[298] return 11362
[303] call add(11369)
[304] call add(11370)
[299] return
[300] return
[305] call remove
[301] return 11364
[302] return 11363
[306] call remove
[307] call add(11371)
[303] return
[306] return 11360
[304] return
[308] call add(11372)
[309] call remove
[310] call remove
[305] return 11366
[311] call add(11373)
[309] return 11365
[312] call remove
[310] return 11361
[313] call add(11374)
[307] return
[314] call remove
[308] return
[311] return
[315] call remove
[316] call add(11375)
[317] call add(11376)
[312] return 11367
[313] return
[318] call remove
[315] return 11373
[314] return 11371
[319] call add(11377)
[320] call remove
[316] return
[321] call add(11378)
[322] call add(11379)
[318] return 11372
[317] return
[323] call remove
[319] return
[320] return 11368
[324] call remove
[325] call remove
[321] return
[322] return
[326] call remove
[327] call remove
[323] return 11369
[328] call remove
[329] call add(11380)
[324] return 11370
[325] return 11376
[330] call remove
[326] return 11374
[327] return 11379
[331] call add(11381)
[332] call add(11382)
[328] return 11377
[329] return
[333] call add(11383)
[334] call remove
[330] return 11375
[335] call add(11384)
[336] call remove
[331] return
[332] return
[337] call add(11385)
[333] return
[334] return 11378
[338] call remove
[339] call remove
[335] return
[336] return 11384
[340] call remove
[341] call remove
[337] return
[342] call add(11386)
[343] call remove
[338] return 11380
[339] return 11383
[344] call remove
[340] return 11381
[341] return 11382
[345] call remove
[346] call add(11387)
[342] return
[343] return 11385
[347] call remove
[348] call remove
[344] return 11386
[349] call add(11388)
[350] call add(11389)
[345] return empty
[346] return
[351] call remove
[347] return 11387
[348] return empty
[352] call remove
[353] call remove
[349] return
[350] return
[354] call add(11390)
[355] call add(11391)
[351] return 11388
[356] call add(11392)
[357] call remove
[352] return 11389
[353] return empty
[358] call remove
[354] return
[355] return
[359] call remove
[360] call remove
[356] return
[357] return 11390
[361] call remove
[362] call add(11393)
[358] return 11392
[363] call remove
[364] call add(11394)
[359] return 11391
[360] return empty
[365] call add(11395)
[361] return empty
[362] return
[366] call add(11396)
[367] call remove
[363] return 11393
[364] return
[368] call remove
[369] call remove
[365] return
[370] call add(11397)
[371] call remove
[366] return
[367] return 11396
[372] call remove
[368] return 11394
[369] return 11395
[373] call add(11398)
[374] call add(11399)
[370] return
[371] return 11397
[375] call remove
[376] call add(11400)
[372] return empty
[377] call remove
[378] call remove
[373] return
[374] return
[379] call add(11401)
[375] return 11399
[376] return
[380] call add(11402)
[381] call remove
[377] return 11398
[378] return 11400
[382] call remove
[383] call remove
[379] return
[384] call remove
[385] call remove
[380] return
[381] return 11401
[386] call add(11403)
[382] return 11402
[383] return empty
[387] call remove
[388] call add(11404)
[384] return empty
[385] return empty
[389] call add(11405)
[390] call add(11406)
[386] return
[391] call remove
[392] call remove
[387] return 11403
[388] return
[393] call add(11407)
[389] return
[390] return
[394] call remove
[395] call add(11408)
[391] return 11405
[392] return 11406
[396] call add(11409)
[397] call add(11410)
[393] return
[398] call add(11411)
[399] call remove
[394] return 11404
[395] return
[400] call add(11412)
[396] return
[397] return
[401] call remove
[402] call remove
[398] return
[399] return 11410
[403] call remove
[404] call remove
[400] return
[405] call add(11413)
[406] call remove
[401] return 11407
[402] return 11409
[407] call remove
[403] return 11408
[404] return 11411
[408] call remove
[409] call add(11414)
[405] return
[406] return 11413
[410] call remove
[411] call add(11415)
[407] return 11412
[412] call add(11416)
[413] call add(11417)
[408] return empty
[409] return
[414] call remove
[410] return 11414
[411] return
[415] call add(11418)
[416] call add(11419)
[412] return
[413] return
[417] call remove
[418] call add(11420)
[414] return 11415
[419] call remove
[420] call remove
[415] return
[416] return
[421] call add(11421)
[417] return 11417
[418] return
[422] call remove
[423] call remove
[419] return 11416
[420] return 11420
[424] call remove
[425] call add(11422)
[421] return
[426] call add(11423)
[427] call remove
[422] return 11419
[423] return 11418
[428] call remove
[424] return 11421
[425] return
[429] call add(11424)
[430] call add(11425)
[426] return
[427] return 11423
[431] call remove
[432] call add(11426)
[428] return 11422
[433] call remove
[434] call add(11427)
[429] return
[430] return
[435] call add(11428)
[431] return 11425
[432] return
[436] call remove
[437] call remove
[433] return 11424
[434] return
[438] call remove
[439] call add(11429)
[435] return
[440] call remove
[441] call remove
[436] return 11426
[437] return 11427
[442] call remove
[438] return 11428
[439] return
[443] call add(11430)
[444] call remove
[440] return 11429
[441] return empty
[445] call add(11431)
[446] call remove
[442] return empty
[447] call add(11432)
[448] call remove
[443] return
[444] return 11430
[449] call add(11433)
[445] return
[446] return 11431
[450] call add(11434)
[451] call add(11435)
[447] return
[448] return 11432
[452] call remove
[453] call add(11436)
[449] return
[454] call remove
[455] call add(11437)
[450] return
[451] return
[456] call remove
[452] return 11435
[453] return
[457] call add(11438)
[458] call add(11439)
[454] return 11434
[455] return
[459] call remove
[460] call add(11440)
[456] return 11433
[461] call remove
[462] call add(11441)
[457] return
[463] call remove
[462] return
[461] return 11438
[458] return
[464] call add(11442)
[459] return 11436
[460] return
[463] return 11437
[465] call add(11443)
[466] call remove
[467] call add(11444)
[468] call add(11445)
[469] call add(11446)
[470] call add(11447)
[464] return
[465] return
[466] return 11439
[467] return
[468] return
[471] call remove
[472] call add(11448)
[470] return
[473] call add(11449)
[474] call add(11450)
[469] return
[475] call add(11451)
[476] call add(11452)
[473] return
[477] call remove
[471] return 11446
[474] return
[478] call add(11453)
[479] call add(11454)
[480] call add(11455)
[477] return 11447
[475] return
[476] return
[472] return
[481] call add(11456)
[482] call remove
[483] call remove
[484] call add(11457)
[479] return
[478] return
[481] return
[480] return
[485] call remove
[486] call remove
[487] call remove
[482] return 11444
[483] return 11440
[488] call remove
[484] return
[489] call add(11458)
[490] call add(11459)
[491] call remove
[487] return 11443
[485] return 11442
[486] return 11445
[488] return 11441
[489] return
[492] call remove
[490] return
[493] call add(11460)
[494] call remove
[495] call add(11461)
[491] return 11449
[496] call remove
[497] call add(11462)
[494] return 11458
[498] call remove
[492] return 11448
[493] return
[495] return
[499] call add(11463)
[500] call add(11464)
[498] return 11450
[496] return 11457
[501] call remove
[502] call add(11465)
[497] return
[503] call remove
[504] call remove
[499] return
[505] call remove
[500] return
[501] return 11452
[502] return
[506] call add(11466)
[503] return 11456
[504] return 11453
[507] call remove
[508] call add(11467)
[509] call remove
[505] return 11454
[510] call add(11468)
[511] call remove
[512] call remove
[506] return
[507] return 11451
[508] return
[509] return 11455
[513] call add(11469)
[510] return
[511] return 11463
[514] call add(11470)
[515] call add(11471)
[516] call add(11472)
[517] call add(11473)
[518] call remove
[512] return 11462
[515] return
[513] return
[517] return
[519] call add(11474)
[520] call remove
[521] call add(11475)
[514] return
[522] call remove
[516] return
[522] return 11468
[523] call remove
[524] call remove
[520] return 11465
[525] call add(11476)
[518] return 11464
[519] return
[521] return
[526] call add(11477)
[527] call add(11478)
[528] call add(11479)
[529] call remove
[523] return 11466
[524] return 11467
[529] return 11459
[525] return
[530] call add(11480)
[531] call remove
[526] return
[527] return
[528] return
[532] call remove
[533] call add(11481)
[534] call add(11482)
[535] call remove
[536] call add(11483)
[530] return
[531] return 11461
[536] return
[535] return 11477
[537] call remove
[533] return
[532] return 11460
[538] call remove
[539] call add(11484)
[540] call add(11485)
[541] call add(11486)
[542] call remove
[534] return
[539] return
[538] return 11472
[543] call remove
[537] return 11471
[540] return
[544] call remove
[541] return
[542] return 11474
[545] call remove
[546] call remove
[547] call remove
[548] call remove
[549] call remove
[543] return 11476
[544] return 11475
[545] return 11478
[550] call remove
[546] return 11469
[547] return 11473
[551] call remove
[548] return 11470
[549] return 11484
[552] call remove
[553] call remove
[554] call remove
[555] call remove
[556] call remove
[550] return 11483
[551] return 11479
[552] return 11480
[557] call remove
[553] return 11481
[554] return 11485
[558] call add(11487)
[555] return 11486
[556] return 11482
[559] call remove
[560] call remove
[561] call add(11488)
[562] call add(11489)
[563] call remove
[557] return empty
[558] return
[559] return 11487
[564] call add(11490)
[560] return empty
[561] return
[565] call add(11491)
[562] return
[563] return 11488
[566] call remove
[567] call add(11492)
[568] call add(11493)
[569] call add(11494)
[570] call add(11495)
[564] return
[565] return
[566] return 11489
[571] call add(11496)
[567] return
[568] return
[572] call remove
[569] return
[570] return
[573] call remove
[574] call add(11497)
[575] call add(11498)
[576] call remove
[577] call remove
[571] return
[572] return 11492
[573] return 11491
[578] call add(11499)
[574] return
[575] return
[579] call remove
[576] return 11490
[577] return 11493
[580] call remove
[581] call remove
[582] call add(11500)
[583] call add(11501)
[584] call remove
[578] return
[579] return 11494
[580] return 11495
[585] call remove
[581] return 11496
[582] return
[586] call remove
[583] return
[584] return 11497
[587] call remove
[588] call remove
[589] call remove
[590] call remove
[591] call add(11502)
[585] return 11499
[586] return 11500
[587] return 11501
[592] call remove
[588] return 11498
[589] return empty
[593] call add(11503)
[590] return empty
[591] return
[594] call add(11504)
[595] call add(11505)
[596] call remove
[597] call add(11506)
[598] call add(11507)
[592] return 11502
[594] return
[593] return
[599] call add(11508)
[600] call add(11509)
[595] return
[601] call add(11510)
[596] return 11504
[597] return
[598] return
[602] call remove
[603] call remove
[604] call remove
[605] call add(11511)
[599] return
[600] return
[601] return
[602] return 11503
[606] call remove
[607] call remove
[608] call remove
[605] return
[604] return 11507
[609] call remove
[610] call add(11512)
[603] return 11505
[611] call remove
[606] return 11506
[607] return 11508
[612] call add(11513)
[608] return 11510
[609] return 11509
[613] call remove
[614] call remove
[610] return
[611] return 11511
[615] call remove
[616] call add(11514)
[617] call add(11515)
[612] return
[618] call remove
[613] return 11512
[614] return 11513
[619] call add(11516)
[615] return empty
[616] return
[620] call add(11517)
[621] call remove
[617] return
[618] return 11514
[622] call add(11518)
[623] call add(11519)
[624] call remove
[619] return
[625] call add(11520)
[620] return
[621] return 11515
[626] call add(11521)
[622] return
[623] return
[627] call remove
[628] call remove
[624] return 11519
[625] return
[629] call remove
[630] call add(11522)
[631] call add(11523)
[626] return
[632] call add(11524)
[627] return 11518
[628] return 11517
[633] call remove
[629] return 11516
[630] return
[634] call add(11525)
[635] call add(11526)
[631] return
[632] return
[636] call add(11527)
[637] call add(11528)
[638] call add(11529)
[633] return 11522
[639] call remove
[634] return
[635] return
[640] call remove
[636] return
[637] return
[641] call add(11530)
[642] call add(11531)
[638] return
[639] return 11523
[643] call remove
[644] call remove
[645] call add(11532)
[640] return 11521
[646] call add(11533)
[641] return
[642] return
[647] call remove
[643] return 11520
[644] return 11524
[648] call remove
[649] call remove
[645] return
[646] return
[650] call remove
[651] call remove
[652] call remove
[647] return 11532
[653] call remove
[648] return 11528
[649] return 11527
[654] call remove
[650] return 11533
[651] return 11526
[655] call remove
[656] call add(11534)
[652] return 11531
[653] return 11529
[657] call remove
[658] call add(11535)
[659] call add(11536)
[654] return 11530
[660] call add(11537)
[655] return 11525
[656] return
[661] call add(11538)
[657] return 11534
[658] return
[662] call remove
[663] call remove
[659] return
[660] return
[664] call add(11539)
[665] call remove
[666] call remove
[661] return
[667] call remove
[662] return 11538
[663] return 11536
[668] call add(11540)
[664] return
[665] return 11537
[669] call remove
[670] call remove
[666] return 11535
[667] return 11539
[671] call add(11541)
[672] call remove
[673] call remove
[668] return
[674] call remove
[669] return 11540
[670] return empty
[675] call add(11542)
[671] return
[672] return 11541
[676] call add(11543)
[677] call remove
[673] return empty
[674] return empty
[678] call remove
[679] call remove
[680] call add(11544)
[675] return
[681] call add(11545)
[676] return
[677] return 11543
[682] call remove
[678] return 11542
[679] return empty
[683] call remove
[684] call remove
[680] return
[681] return
[685] call remove
[686] call add(11546)
[687] call add(11547)
[682] return 11545
[688] call remove
[683] return 11544
[684] return empty
[689] call remove
[685] return empty
[686] return
[690] call add(11548)
[691] call remove
[687] return
[688] return 11546
[692] call add(11549)
[689] return 11547
[693] call remove
[694] call remove
[695] call remove
[692] return
[696] call remove
[691] return empty
[690] return
[697] call remove
[693] return 11549
[694] return 11548
[695] return empty
[698] call add(11550)
[699] call add(11551)
[700] call add(11552)
[701] call add(11553)
[696] return empty
[702] call add(11554)
[697] return empty
[703] call remove
[698] return
[699] return
[704] call remove
[700] return
[702] return
[705] call remove
[706] call remove
[701] return
[707] call remove
[704] return 11552
[703] return 11553
[708] call add(11555)
[709] call remove
[710] call add(11556)
[711] call remove
[705] return 11550
[706] return 11551
[707] return 11554
[708] return
[712] call remove
[713] call add(11557)
[709] return 11555
[714] call add(11558)
[710] return
[711] return 11556
[715] call remove
[716] call add(11559)
[717] call add(11560)
[718] call remove
[712] return empty
[713] return
[714] return
[715] return 11558
[719] call remove
[720] call remove
[716] return
[721] call remove
[717] return
[718] return 11557
[722] call remove
[723] call remove
[724] call add(11561)
[725] call add(11562)
[719] return 11560
[720] return 11559
[721] return empty
[722] return empty
[726] call remove
[727] call add(11563)
[723] return empty
[728] call add(11564)
[724] return
[725] return
[729] call add(11565)
[730] call remove
[731] call add(11566)
[732] call remove
[726] return 11561
[727] return
[728] return
[729] return
[733] call add(11567)
[734] call add(11568)
[730] return 11562
[735] call add(11569)
[731] return
[732] return 11565
[736] call add(11570)
[737] call remove
[738] call remove
[739] call remove
[733] return
[734] return
[735] return
[737] return 11563
[736] return
[740] call add(11571)
[741] call remove
[742] call remove
[743] call add(11572)
[739] return 11564
[744] call add(11573)
[738] return 11566
[745] call remove
[740] return
[741] return 11568
[746] call remove
[742] return 11569
[743] return
[744] return
[747] call remove
[748] call add(11574)
[749] call remove
[750] call remove
[745] return 11571
[751] call add(11575)
[746] return 11567
[752] call remove
[747] return 11570
[748] return
[753] call add(11576)
[749] return 11574
[751] return
[754] call add(11577)
[755] call add(11578)
[750] return 11572
[756] call remove
[753] return
[752] return 11573
[757] call add(11579)
[758] call add(11580)
[759] call remove
[760] call remove
[754] return
[755] return
[756] return 11575
[757] return
[761] call add(11581)
[762] call add(11582)
[758] return
[763] call add(11583)
[759] return 11577
[760] return 11576
[764] call remove
[765] call remove
[766] call remove
[767] call add(11584)
[761] return
[762] return
[763] return
[765] return 11582
[764] return 11578
[768] call add(11585)
[769] call add(11586)
[770] call remove
[771] call remove
[767] return
[772] call remove
[766] return 11580
[773] call remove
[768] return
[769] return
[774] call remove
[770] return 11579
[771] return 11581
[772] return 11583
[775] call remove
[776] call add(11587)
[777] call remove
[778] call add(11588)
[773] return 11584
[779] call remove
[774] return 11585
[780] call add(11589)
[775] return 11586
[776] return
[781] call add(11590)
[777] return 11587
[778] return
[779] return 11588
[782] call add(11591)
[783] call add(11592)
[784] call remove
[785] call remove
[780] return
[786] call add(11593)
[781] return
[787] call remove
[782] return
[783] return
[788] call remove
[784] return 11590
[785] return 11592
[786] return
[789] call remove
[790] call add(11594)
[791] call add(11595)
[792] call add(11596)
[787] return 11591
[793] call add(11597)
[788] return 11589
[794] call remove
[789] return 11593
[790] return
[795] call add(11598)
[791] return
[792] return
[793] return
[796] call remove
[797] call remove
[798] call add(11599)
[799] call remove
[794] return 11595
[800] call remove
[795] return
[801] call add(11600)
[796] return 11597
[800] return 11598
[797] return 11594
[798] return
[799] return 11596
[802] call add(11601)
[803] call add(11602)
[804] call add(11603)
[805] call remove
[806] call add(11604)
[807] call add(11605)
[801] return
[808] call remove
[802] return
[803] return
[804] return
[805] return 11599
[806] return
[807] return
[809] call add(11606)
[810] call add(11607)
[811] call remove
[812] call remove
[813] call add(11608)
[814] call add(11609)
[808] return 11601
[815] call remove
[809] return
[810] return
[811] return 11603
[812] return 11600
[813] return
[814] return
[816] call remove
[817] call add(11610)
[818] call remove
[819] call add(11611)
[820] call add(11612)
[821] call add(11613)
[815] return 11604
[822] call add(11614)
[816] return 11605
[817] return
[818] return 11602
[819] return
[820] return
[821] return
[823] call remove
[824] call remove
[825] call remove
[826] call add(11615)
[827] call add(11616)
[828] call remove
[822] return
[829] call add(11617)
[823] return 11607
[824] return 11609
[825] return 11611
[826] return
[827] return
[828] return 11606
[830] call remove
[831] call remove
[832] call remove
[833] call remove
[834] call remove
[835] call add(11618)
[829] return
[836] call remove
[830] return 11608
[831] return 11610
[832] return 11612
[833] return 11613
[834] return 11614
[835] return
[837] call add(11619)
[838] call remove
[839] call add(11620)
[840] call remove
[841] call remove
[842] call remove
[836] return 11615
[843] call remove
[837] return
[838] return 11616
[839] return
[840] return 11617
[841] return 11618
[842] return 11620
[844] call remove
[845] call add(11621)
[846] call remove
[847] call remove
[848] call add(11622)
[849] call remove
[843] return 11619
[850] call remove
[844] return empty
[845] return
[846] return 11621
[847] return empty
[848] return
[849] return 11622
[851] call remove
[852] call add(11623)
[853] call remove
[854] call add(11624)
[855] call remove
[856] call remove
[850] return empty
[857] call remove
[851] return empty
[852] return
[853] return 11623
[854] return
[855] return 11624
[856] return empty
[858] call add(11625)
[859] call remove
[860] call remove
[861] call remove
[862] call remove
[863] call add(11626)
[857] return empty
[864] call remove
[858] return
[859] return 11625
[860] return empty
[861] return empty
[862] return empty
[863] return
[865] call remove
[866] call remove
[867] call remove
[868] call remove
[869] call add(11627)
[870] call add(11628)
[864] return 11626
[871] call add(11629)
[865] return empty
[866] return empty
[867] return empty
[868] return empty
[872] call add(11630)
[870] return
[873] call remove
[874] call remove
[869] return
[875] call add(11631)
[876] call add(11632)
[871] return
[877] call add(11633)
[872] return
[878] call add(11634)
[873] return 11627
[874] return 11628
[875] return
[879] call add(11635)
[876] return
[880] call remove
[881] call add(11636)
[877] return
[882] call add(11637)
[883] call add(11638)
[878] return
[884] call add(11639)
[879] return
[885] call remove
[883] return
[881] return
[882] return
[886] call remove
[880] return 11630
[887] call add(11640)
[888] call add(11641)
[884] return
[889] call remove
[885] return 11629
[890] call add(11642)
[891] call remove
[886] return 11634
[889] return 11639
[892] call add(11643)
[887] return
[888] return
[893] call add(11644)
[894] call add(11645)
[895] call add(11646)
[896] call remove
[890] return
[891] return 11638
[892] return
[897] call remove
[898] call remove
[894] return
[899] call remove
[895] return
[896] return 11633
[893] return
[897] return 11632
[900] call remove
[901] call remove
[902] call remove
[903] call add(11647)
[898] return 11631
[904] call add(11648)
[899] return 11636
[905] call remove
[900] return 11635
[906] call remove
[901] return 11637
[903] return
[904] return
[905] return 11641
[902] return 11642
[907] call remove
[906] return 11646
[908] call add(11649)
[909] call add(11650)
[910] call remove
[911] call add(11651)
[912] call remove
[913] call add(11652)
[907] return 11640
[908] return
[909] return
[910] return 11643
[911] return
[912] return 11645
[914] call add(11653)
[915] call add(11654)
[916] call remove
[917] call remove
[918] call add(11655)
[919] call remove
[913] return
[916] return 11644
[915] return
[914] return
[920] call add(11656)
[921] call add(11657)
[917] return 11652
[922] call add(11658)
[923] call add(11659)
[918] return
[924] call add(11660)
[919] return 11650
[925] call remove
[920] return
[921] return
[926] call remove
[922] return
[923] return
[927] call add(11661)
[928] call remove
[924] return
[929] call remove
[930] call remove
[925] return 11647
[931] call remove
[926] return 11648
[932] call remove
[927] return
[928] return 11649
[933] call add(11662)
[929] return 11651
[930] return 11653
[934] call remove
[935] call remove
[931] return 11654
[936] call remove
[937] call add(11663)
[932] return 11655
[938] call remove
[933] return
[939] call remove
[937] return
[935] return 11659
[940] call remove
[936] return 11656
[934] return 11657
[941] call add(11664)
[942] call remove
[938] return 11660
[943] call remove
[944] call remove
[939] return 11661
[945] call add(11665)
[942] return 11658
[946] call add(11666)
[941] return
[940] return 11662
[947] call add(11667)
[943] return 11663
[944] return 11664
[948] call remove
[949] call remove
[945] return
[950] call remove
[951] call add(11668)
[946] return
[952] call remove
[947] return
[953] call add(11669)
[948] return 11665
[949] return 11666
[954] call add(11670)
[950] return 11667
[951] return
[955] call remove
[956] call add(11671)
[952] return 11668
[957] call add(11672)
[958] call remove
[953] return
[959] call remove
[954] return
[960] call add(11673)
[955] return 11670
[956] return
[961] call remove
[957] return
[958] return 11669
[962] call remove
[963] call remove
[959] return 11672
[964] call remove
[965] call remove
[960] return
[966] call remove
[961] return 11671
[967] call add(11674)
[962] return 11673
[963] return empty
[968] call add(11675)
[964] return empty
[965] return empty
[969] call remove
[970] call remove
[966] return empty
[971] call remove
[972] call add(11676)
[967] return
[973] call add(11677)
[968] return
[974] call remove
[969] return 11674
[970] return 11675
[975] call remove
[971] return empty
[972] return
[976] call remove
[977] call remove
[973] return
[978] call remove
[979] call remove
[974] return 11676
[980] call add(11678)
[975] return 11677
[981] call remove
[976] return empty
[977] return empty
[982] call add(11679)
[978] return empty
[979] return empty
[983] call remove
[984] call add(11680)
[980] return
[985] call add(11681)
[986] call remove
[981] return 11678
[987] call remove
[982] return
[988] call add(11682)
[983] return 11679
[984] return
[989] call remove
[985] return
[986] return 11681
[990] call add(11683)
[991] call remove
[987] return 11680
[992] call remove
[993] call add(11684)
[988] return
[994] call remove
[989] return 11682
[995] call remove
[990] return
[991] return 11683
[996] call remove
[992] return empty
[993] return
[997] call remove
[998] call remove
[994] return 11684
[999] call add(11685)
[1000] call remove
[995] return empty
[1001] call remove
[996] return empty
[1002] call add(11686)
[997] return empty
[998] return empty
[1003] call add(11687)
[999] return
[1000] return 11685
[1004] call remove
[1005] call remove
[1001] return empty
[1006] call remove
[1007] call remove
[1002] return
[1008] call remove
[1003] return
[1009] call remove
[1004] return 11686
[1005] return 11687
[1010] call add(11688)
[1006] return empty
[1007] return empty
[1011] call remove
[1012] call add(11689)
[1008] return empty
[1013] call remove
[1014] call add(11690)
[1009] return empty
[1015] call remove
[1010] return
[1016] call add(11691)
[1011] return 11688
[1012] return
[1017] call remove
[1013] return 11689
[1014] return
[1018] call remove
[1019] call add(11692)
[1015] return 11690
[1020] call remove
[1021] call remove
[1016] return
[1022] call add(11693)
[1017] return 11691
[1023] call add(11694)
[1024] call remove
[1018] return empty
[1019] return
[1020] return 11692
[1025] call remove
[1026] call remove
[1022] return
[1021] return 11693
[1027] call add(11695)
[1023] return
[1024] return 11694
[1028] call remove
[1029] call remove
[1030] call remove
[1031] call remove
[1025] return empty
[1026] return empty
[1027] return
[1032] call add(11696)
[1033] call remove
[1028] return 11695
[1029] return empty
[1034] call remove
[1030] return empty
[1031] return empty
[1035] call remove
[1036] call remove
[1037] call remove
[1038] call remove
[1032] return
[1033] return 11696
[1034] return empty
[1039] call add(11697)
[1040] call remove
[1035] return empty
[1036] return empty
[1041] call add(11698)
[1037] return empty
[1038] return empty
[1042] call add(11699)
[1043] call add(11700)
[1044] call add(11701)
[1045] call remove
[1039] return
[1040] return 11697
[1041] return
[1046] call remove
[1047] call add(11702)
[1042] return
[1043] return
[1048] call add(11703)
[1044] return
[1045] return 11698
[1049] call remove
[1050] call remove
[1051] call remove
[1052] call remove
[1046] return 11701
[1047] return
[1048] return
[1053] call add(11704)
[1054] call add(11705)
[1049] return 11699
[1050] return 11700
[1055] call remove
[1051] return 11703
[1052] return 11702
[1056] call add(11706)
[1057] call remove
[1058] call add(11707)
[1059] call add(11708)
[1053] return
[1054] return
[1055] return 11705
[1060] call remove
[1061] call remove
[1056] return
[1057] return 11704
[1062] call remove
[1058] return
[1059] return
[1063] call remove
[1064] call add(11709)
[1065] call remove
[1066] call add(11710)
[1060] return 11707
[1061] return 11708
[1062] return 11706
[1067] call remove
[1068] call remove
[1063] return empty
[1064] return
[1069] call remove
[1065] return 11709
[1066] return
[1070] call add(11711)
[1071] call add(11712)
[1072] call add(11713)
[1073] call add(11714)
[1067] return 11710
[1068] return empty
[1069] return empty
[1074] call remove
[1075] call add(11715)
[1070] return
[1071] return
[1076] call remove
[1072] return
[1073] return
[1077] call remove
[1078] call add(11716)
[1079] call add(11717)
[1080] call add(11718)
[1074] return 11714
[1075] return
[1076] return 11711
[1081] call remove
[1082] call add(11719)
[1077] return 11713
[1078] return
[1083] call add(11720)
[1079] return
[1080] return
[1084] call remove
[1085] call add(11721)
[1086] call add(11722)
[1087] call remove
[1081] return 11712
[1082] return
[1083] return
[1088] call remove
[1089] call remove
[1084] return 11715
[1085] return
[1090] call add(11723)
[1086] return
[1087] return 11719
[1091] call remove
[1092] call remove
[1093] call add(11724)
[1094] call remove
[1088] return 11716
[1089] return 11718
[1090] return
[1095] call add(11725)
[1096] call remove
[1091] return 11717
[1092] return 11720
[1097] call remove
[1093] return
[1094] return 11722
[1098] call remove
[1099] call remove
[1100] call remove
[1101] call add(11726)
[1095] return
[1096] return 11721
[1097] return 11723
[1102] call remove
[1103] call remove
[1098] return 11724
[1099] return 11725
[1104] call add(11727)
[1100] return empty
[1101] return
[1105] call remove
[1106] call remove
[1107] call remove
[1108] call add(11728)
[1102] return 11726
[1103] return empty
[1104] return
[1109] call add(11729)
[1110] call remove
[1105] return 11727
[1106] return empty
[1111] call add(11730)
[1107] return empty
[1108] return
[1112] call remove
[1113] call add(11731)
[1114] call remove
[1115] call add(11732)
[1109] return
[1110] return 11728
[1111] return
[1116] call remove
[1117] call remove
[1112] return 11729
[1113] return
[1118] call remove
[1114] return 11730
[1115] return
[1119] call add(11733)
[1120] call add(11734)
[1121] call remove
[1122] call add(11735)
[1116] return 11731
[1117] return 11732
[1118] return empty
[1123] call remove
[1124] call remove
[1119] return
[1120] return
[1125] call add(11736)
[1121] return 11734
[1122] return
[1126] call add(11737)
[1127] call add(11738)
[1128] call remove
[1129] call add(11739)
[1123] return 11733
[1124] return 11735
[1125] return
[1130] call add(11740)
[1131] call remove
[1126] return
[1127] return
[1132] call add(11741)
[1128] return 11737
[1129] return
[1133] call remove
[1134] call remove
[1135] call add(11742)
[1136] call remove
[1130] return
[1131] return 11738
[1132] return
[1137] call remove
[1138] call add(11743)
[1134] return 11741
[1135] return
[1136] return 11739
[1133] return 11736
[1139] call remove
[1140] call add(11744)
[1141] call add(11745)
[1142] call add(11746)
[1137] return 11740
[1143] call add(11747)
[1139] return 11742
[1138] return
[1144] call remove
[1145] call add(11748)
[1146] call remove
[1140] return
[1141] return
[1142] return
[1143] return
[1147] call add(11749)
[1148] call add(11750)
[1149] call remove
[1144] return 11744
[1150] call remove
[1145] return
[1146] return 11743
[1151] call add(11751)
[1152] call remove
[1153] call add(11752)
[1147] return
[1148] return
[1149] return 11745
[1150] return 11747
[1154] call add(11753)
[1155] call add(11754)
[1156] call remove
[1151] return
[1157] call remove
[1152] return 11746
[1153] return
[1158] call add(11755)
[1159] call add(11756)
[1160] call remove
[1154] return
[1155] return
[1156] return 11752
[1157] return 11751
[1161] call remove
[1162] call add(11757)
[1163] call add(11758)
[1158] return
[1164] call add(11759)
[1159] return
[1160] return 11749
[1165] call add(11760)
[1166] call remove
[1167] call remove
[1161] return 11748
[1162] return
[1163] return
[1164] return
[1168] call remove
[1169] call remove
[1170] call remove
[1165] return
[1171] call remove
[1166] return 11754
[1167] return 11750
[1172] call add(11761)
[1173] call remove
[1174] call remove
[1168] return 11753
[1169] return 11756
[1170] return 11759
[1171] return 11757
[1175] call add(11762)
[1176] call remove
[1177] call add(11763)
[1172] return
[1178] call add(11764)
[1173] return 11755
[1174] return 11758
[1179] call remove
[1180] call add(11765)
[1181] call add(11766)
[1175] return
[1176] return 11760
[1177] return
[1178] return
[1182] call add(11767)
[1183] call remove
[1184] call remove
[1179] return 11763
[1185] call add(11768)
[1180] return
[1181] return
[1183] return 11762
[1186] call add(11769)
[1187] call add(11770)
[1182] return
[1188] call add(11771)
[1184] return 11764
[1189] call remove
[1185] return
[1190] call add(11772)
[1191] call add(11773)
[1192] call remove
[1186] return
[1187] return
[1188] return
[1189] return 11761
[1193] call remove
[1194] call add(11774)
[1190] return
[1195] call remove
[1191] return
[1196] call remove
[1192] return 11769
[1197] call remove
[1198] call remove
[1199] call add(11775)
[1193] return 11766
[1194] return
[1195] return 11771
[1196] return 11768
[1200] call remove
[1201] call remove
[1197] return 11772
[1202] call add(11776)
[1198] return 11773
[1203] call add(11777)
[1199] return
[1204] call add(11778)
[1205] call remove
[1206] call remove
[1200] return 11767
[1201] return 11765
[1202] return
[1203] return
[1207] call remove
[1208] call add(11779)
[1204] return
[1209] call remove
[1205] return 11770
[1210] call add(11780)
[1206] return 11777
[1211] call add(11781)
[1212] call add(11782)
[1213] call remove
[1207] return 11774
[1208] return
[1209] return 11775
[1210] return
[1214] call add(11783)
[1213] return 11776
[1211] return
[1215] call remove
[1212] return
[1216] call add(11784)
[1217] call add(11785)
[1218] call add(11786)
[1219] call add(11787)
[1220] call remove
[1214] return
[1215] return 11778
[1216] return
[1217] return
[1221] call add(11788)
[1218] return
[1219] return
[1222] call add(11789)
[1220] return 11784
[1223] call add(11790)
[1224] call add(11791)
[1225] call add(11792)
[1226] call remove
[1227] call add(11793)
[1221] return
[1222] return
[1223] return
[1224] return
[1228] call remove
[1225] return
[1226] return 11779
[1229] call add(11794)
[1227] return
[1230] call add(11795)
[1231] call add(11796)
[1228] return 11781
[1232] call remove
[1233] call add(11797)
[1229] return
[1234] call add(11798)
[1232] return 11785
[1235] call remove
[1230] return
[1236] call remove
[1233] return
[1231] return
[1237] call remove
[1238] call add(11799)
[1234] return
[1239] call add(11800)
[1240] call add(11801)
[1235] return 11782
[1241] call remove
[1236] return 11783
[1237] return 11787
[1242] call add(11802)
[1238] return
[1243] call remove
[1239] return
[1240] return
[1244] call add(11803)
[1245] call remove
[1241] return 11780
[1246] call remove
[1247] call add(11804)
[1242] return
[1248] call add(11805)
[1243] return 11786
[1244] return
[1249] call remove
[1245] return 11796
[1250] call add(11806)
[1246] return 11794
[1247] return
[1251] call add(11807)
[1252] call remove
[1248] return
[1253] call add(11808)
[1254] call remove
[1249] return 11795
[1255] call add(11809)
[1256] call remove
[1253] return
[1254] return 11790
[1252] return 11791
[1251] return
[1250] return
[1257] call remove
[1255] return
[1258] call remove
[1256] return 11788
[1259] call remove
[1260] call add(11810)
[1261] call add(11811)
[1262] call remove
[1263] call add(11812)
[1257] return 11789
[1258] return 11793
[1259] return 11792
[1260] return
[1261] return
[1264] call remove
[1262] return 11797
[1265] call remove
[1263] return
[1266] call remove
[1267] call add(11813)
[1268] call add(11814)
[1269] call remove
[1270] call add(11815)
[1264] return 11802
[1265] return 11806
[1266] return 11801
[1267] return
[1268] return
[1271] call add(11816)
[1269] return 11800
[1272] call add(11817)
[1270] return
[1273] call remove
[1274] call remove
[1275] call remove
[1276] call remove
[1277] call remove
[1271] return
[1272] return
[1273] return 11808
[1277] return 11804
[1275] return 11805
[1278] call add(11818)
[1276] return 11803
[1279] call remove
[1274] return 11798
[1280] call remove
[1281] call add(11819)
[1282] call add(11820)
[1283] call remove
[1284] call remove
[1278] return
[1279] return 11799
[1280] return 11813
[1281] return
[1282] return
[1285] call add(11821)
[1283] return 11815
[1286] call remove
[1284] return 11817
[1287] call add(11822)
[1288] call add(11823)
[1289] call remove
[1290] call add(11824)
[1291] call remove
[1286] return 11816
[1285] return
[1292] call remove
[1288] return
[1289] return 11810
[1293] call add(11825)
[1290] return
[1287] return
[1291] return 11809
[1294] call remove
[1292] return 11812
[1295] call add(11826)
[1296] call add(11827)
[1297] call add(11828)
[1298] call remove
[1299] call remove
[1293] return
[1300] call remove
[1295] return
[1294] return 11814
[1296] return
[1297] return
[1298] return 11811
[1299] return 11807
[1301] call remove
[1302] call add(11829)
[1303] call add(11830)
[1304] call add(11831)
[1305] call add(11832)
[1306] call remove
[1300] return 11819
[1307] call add(11833)
[1301] return 11821
[1302] return
[1303] return
[1304] return
[1305] return
[1306] return 11823
[1308] call add(11834)
[1309] call remove
[1310] call add(11835)
[1311] call remove
[1312] call remove
[1307] return
[1313] call remove
[1308] return
[1314] call remove
[1309] return 11825
[1315] call add(11836)
[1310] return
[1311] return 11827
[1312] return 11824
[1313] return 11820
[1316] call add(11837)
[1317] call add(11838)
[1318] call add(11839)
[1319] call add(11840)
[1314] return 11818
[1320] call add(11841)
[1315] return
[1321] call remove
[1316] return
[1322] call add(11842)
[1317] return
[1318] return
[1319] return
[1320] return
[1323] call add(11843)
[1324] call add(11844)
[1325] call remove
[1326] call remove
[1321] return 11822
[1327] call remove
[1322] return
[1328] call add(11845)
[1327] return 11826
[1329] call remove
[1323] return
[1324] return
[1326] return 11837
[1330] call add(11846)
[1325] return 11831
[1331] call remove
[1332] call remove
[1333] call add(11847)
[1328] return
[1334] call add(11848)
[1329] return 11830
[1335] call add(11849)
[1330] return
[1336] call remove
[1331] return 11836
[1332] return 11828
[1333] return
[1337] call remove
[1334] return
[1338] call remove
[1337] return 11829
[1339] call remove
[1335] return
[1340] call add(11850)
[1341] call add(11851)
[1342] call add(11852)
[1336] return 11833
[1338] return 11832
[1339] return 11834
[1343] call add(11853)
[1344] call remove
[1340] return
[1341] return
[1345] call remove
[1342] return
[1346] call remove
[1347] call remove
[1348] call add(11854)
[1349] call remove
[1343] return
[1344] return 11835
[1345] return 11846
[1346] return 11839
[1350] call add(11855)
[1351] call remove
[1347] return 11840
[1348] return
[1352] call add(11856)
[1349] return 11847
[1353] call remove
[1354] call add(11857)
[1355] call remove
[1350] return
[1351] return 11844
[1352] return
[1356] call add(11858)
[1357] call add(11859)
[1358] call remove
[1359] call add(11860)
[1355] return 11842
[1353] return 11841
[1360] call add(11861)
[1358] return 11838
[1357] return
[1354] return
[1361] call add(11862)
[1356] return
[1360] return
[1362] call remove
[1363] call add(11863)
[1364] call remove
[1359] return
[1365] call add(11864)
[1366] call add(11865)
[1361] return
[1367] call remove
[1362] return 11843
[1363] return
[1364] return 11845
[1368] call add(11866)
[1365] return
[1366] return
[1369] call add(11867)
[1370] call remove
[1371] call add(11868)
[1367] return 11853
[1372] call remove
[1373] call remove
[1368] return
[1374] call remove
[1369] return
[1370] return 11857
[1371] return
[1375] call add(11869)
[1372] return 11854
[1373] return 11848
[1376] call add(11870)
[1377] call remove
[1378] call add(11871)
[1374] return 11850
[1379] call add(11872)
[1380] call add(11873)
[1375] return
[1381] call add(11874)
[1376] return
[1377] return 11855
[1378] return
[1382] call add(11875)
[1379] return
[1380] return
[1383] call remove
[1384] call remove
[1385] call add(11876)
[1381] return
[1386] call add(11877)
[1387] call remove
[1384] return 11852
[1388] call add(11878)
[1383] return 11856
[1382] return
[1385] return
[1389] call add(11879)
[1386] return
[1387] return 11849
[1390] call add(11880)
[1391] call add(11881)
[1392] call add(11882)
[1388] return
[1393] call add(11883)
[1394] call remove
[1389] return
[1395] call remove
[1390] return
[1391] return
[1392] return
[1396] call remove
[1393] return
[1394] return 11851
[1397] call add(11884)
[1398] call remove
[1399] call add(11885)
[1395] return 11858
[1400] call remove
[1401] call add(11886)
[1396] return 11867
[1402] call add(11887)
[1397] return
[1398] return 11860
[1399] return
[1403] call remove
[1400] return 11865
[1401] return
[1404] call add(11888)
[1405] call remove
[1406] call add(11889)
[1402] return
[1407] call add(11890)
[1408] call add(11891)
[1403] return 11863
[1409] call add(11892)
[1404] return
[1405] return 11864
[1406] return
[1410] call add(11893)
[1407] return
[1408] return
[1411] call remove
[1412] call remove
[1413] call remove
[1409] return
[1414] call add(11894)
[1415] call add(11895)
[1410] return
[1416] call add(11896)
[1411] return 11859
[1412] return 11862
[1413] return 11866
[1417] call remove
[1414] return
[1415] return
[1418] call remove
[1419] call remove
[1420] call add(11897)
[1416] return
[1421] call remove
[1422] call add(11898)
[1417] return 11861
[1423] call remove
[1418] return 11872
[1419] return 11870
[1420] return
[1424] call remove
[1421] return 11876
[1422] return
[1425] call remove
[1426] call remove
[1427] call add(11899)
[1423] return 11875
[1428] call add(11900)
[1429] call remove
[1424] return 11869
[1430] call remove
[1425] return 11873
[1426] return 11868
[1427] return
[1431] call remove
[1428] return
[1429] return 11874
[1432] call remove
[1433] call add(11901)
[1434] call remove
[1430] return 11877
[1435] call remove
[1436] call remove
[1433] return
[1431] return 11871
[1437] call add(11902)
[1432] return 11887
[1438] call add(11903)
[1434] return 11879
[1439] call remove
[1436] return 11886
[1440] call remove
[1435] return 11878
[1441] call remove
[1437] return
[1439] return 11882
[1438] return
[1442] call remove
[1443] call add(11904)
[1444] call remove
[1445] call add(11905)
[1440] return 11880
[1446] call add(11906)
[1441] return 11881
[1447] call remove
[1445] return
[1442] return 11884
[1448] call add(11907)
[1444] return 11883
[1449] call add(11908)
[1443] return
[1450] call add(11909)
[1446] return
[1451] call add(11910)
[1452] call remove
[1448] return
[1453] call add(11911)
[1447] return 11885
[1449] return
[1450] return
[1454] call remove
[1455] call add(11912)
[1456] call add(11913)
[1451] return
[1457] call remove
[1452] return 11889
[1458] call add(11914)
[1459] call add(11915)
[1453] return
[1454] return 11891
[1455] return
[1456] return
[1457] return 11896
[1460] call remove
[1461] call add(11916)
[1462] call add(11917)
[1463] call add(11918)
[1458] return
[1464] call add(11919)
[1459] return
[1465] call remove
[1466] call add(11920)
[1460] return 11888
[1461] return
[1462] return
[1463] return
[1464] return
[1467] call add(11921)
[1468] call remove
[1469] call add(11922)
[1470] call add(11923)
[1465] return 11894
[1471] call remove
[1466] return
[1472] call add(11924)
[1473] call remove
[1467] return
[1468] return 11893
[1469] return
[1470] return
[1471] return 11890
[1474] call add(11925)
[1475] call remove
[1476] call add(11926)
[1477] call add(11927)
[1472] return
[1478] call remove
[1473] return 11895
[1474] return
[1479] call add(11928)
[1477] return
[1480] call add(11929)
[1481] call add(11930)
[1475] return 11897
[1482] call remove
[1476] return
[1478] return 11892
[1480] return
[1479] return
[1481] return
[1482] return 11902
