# @object atomic-queue
[1] call add(9654)
[2] call remove
[3] call remove
[4] call remove
[1] return
[5] call remove
[3] return 9654
[6] call add(9655)
[4] return empty
[7] call remove
[2] return empty
[8] call add(9656)
[9] call remove
[10] call add(9657)
[11] call add(9658)
[5] return empty
[6] return
[7] return 9655
[8] return
[12] call remove
[9] return 9656
[13] call add(9659)
[10] return
[14] call add(9660)
[11] return
[15] call add(9661)
[16] call remove
[17] call add(9662)
[18] call add(9663)
[12] return 9658
[13] return
[14] return
[15] return
[19] call add(9664)
[16] return 9657
[20] call remove
[17] return
[21] call remove
[18] return
[22] call add(9665)
[23] call remove
[24] call remove
[25] call add(9666)
[19] return
[20] return 9661
[21] return 9662
[22] return
[26] call remove
[23] return 9659
[27] call remove
[24] return 9660
[28] call add(9667)
[25] return
[29] call add(9668)
[30] call remove
[31] call remove
[32] call remove
[26] return 9663
[27] return 9664
[28] return
[29] return
[33] call remove
[30] return 9665
[34] call add(9669)
[31] return 9666
[35] call add(9670)
[32] return 9667
[36] call remove
[37] call add(9671)
[38] call add(9672)
[39] call remove
[33] return 9668
[34] return
[35] return
[36] return 9670
[40] call add(9673)
[37] return
[41] call remove
[38] return
[42] call add(9674)
[39] return 9669
[43] call add(9675)
[44] call add(9676)
[45] call add(9677)
[46] call add(9678)
[40] return
[41] return 9673
[42] return
[43] return
[47] call add(9679)
[44] return
[48] call add(9680)
[45] return
[49] call remove
[46] return
[50] call remove
[51] call remove
[52] call remove
[53] call add(9681)
[47] return
[48] return
[49] return 9672
[50] return 9671
[54] call remove
[51] return 9680
[55] call add(9682)
[52] return 9679
[56] call add(9683)
[53] return
[57] call remove
[58] call add(9684)
[59] call remove
[60] call add(9685)
[54] return 9677
[55] return
[56] return
[57] return 9678
[61] call add(9686)
[58] return
[62] call remove
[59] return 9676
[63] call add(9687)
[60] return
[64] call remove
[65] call add(9688)
[66] call remove
[67] call remove
[61] return
[62] return 9675
[63] return
[64] return 9674
[68] call add(9689)
[65] return
[69] call remove
[66] return 9687
[70] call remove
[67] return 9682
[71] call add(9690)
[72] call add(9691)
[73] call add(9692)
[74] call add(9693)
[68] return
[69] return 9688
[70] return 9685
[71] return
[74] return
[72] return
[75] call remove
[73] return
[76] call remove
[77] call add(9694)
[78] call remove
[79] call remove
[80] call add(9695)
[81] call remove
[75] return 9684
[76] return 9683
[77] return
[78] return 9686
[79] return 9681
[80] return
[82] call add(9696)
[81] return 9695
[83] call remove
[84] call add(9697)
[85] call add(9698)
[86] call remove
[87] call add(9699)
[88] call remove
[82] return
[83] return 9690
[84] return
[85] return
[86] return 9691
[87] return
[89] call remove
[88] return 9693
[90] call add(9700)
[91] call add(9701)
[92] call add(9702)
[93] call remove
[94] call add(9703)
[95] call add(9704)
[89] return 9694
[90] return
[91] return
[92] return
[93] return 9689
[94] return
[96] call add(9705)
[95] return
[97] call remove
[98] call remove
[99] call add(9706)
[100] call add(9707)
[101] call remove
[102] call remove
[96] return
[97] return 9692
[98] return 9697
[99] return
[100] return
[101] return 9701
[103] call remove
[102] return 9705
[104] call add(9708)
[105] call add(9709)
[106] call remove
[107] call remove
[108] call add(9710)
[109] call remove
[103] return 9702
[104] return
[105] return
[106] return 9698
[107] return 9699
[108] return
[110] call add(9711)
[109] return 9704
[111] call add(9712)
[112] call remove
[113] call remove
[114] call remove
[115] call add(9713)
[116] call remove
[110] return
[111] return
[112] return 9696
[113] return 9703
[114] return 9700
[115] return
[117] call remove
[116] return 9709
[118] call remove
[119] call remove
[120] call add(9714)
[121] call add(9715)
[122] call add(9716)
[123] call add(9717)
[117] return 9711
[118] return 9706
[119] return 9713
[120] return
[121] return
[122] return
[124] call remove
[123] return
[125] call remove
[126] call add(9718)
[127] call add(9719)
[128] call add(9720)
[129] call remove
[130] call add(9721)
[124] return 9708
[125] return 9712
[126] return
[127] return
[128] return
[129] return 9707
[131] call add(9722)
[130] return
[132] call add(9723)
[133] call add(9724)
[134] call add(9725)
[135] call remove
[136] call add(9726)
[137] call add(9727)
[131] return
[132] return
[133] return
[134] return
[135] return 9710
[136] return
[138] call add(9728)
[137] return
[139] call remove
[140] call remove
[141] call add(9729)
[142] call add(9730)
[143] call remove
[144] call add(9731)
[138] return
[139] return 9716
[140] return 9714
[141] return
[142] return
[143] return 9722
[145] call remove
[144] return
[146] call remove
[147] call add(9732)
[148] call add(9733)
[149] call add(9734)
[150] call add(9735)
[151] call remove
[145] return 9719
[146] return 9720
[147] return
[148] return
[149] return
[150] return
[152] call add(9736)
[151] return 9717
[153] call add(9737)
[154] call add(9738)
[155] call remove
[156] call remove
[157] call remove
[158] call add(9739)
[152] return
[153] return
[154] return
[155] return 9718
[156] return 9723
[157] return 9721
[159] call remove
[158] return
[160] call add(9740)
[161] call remove
[162] call add(9741)
[163] call add(9742)
[164] call add(9743)
[165] call remove
[159] return 9715
[160] return
[161] return 9725
[162] return
[163] return
[164] return
[166] call remove
[165] return 9728
[167] call remove
[168] call remove
[169] call add(9744)
[170] call remove
[171] call add(9745)
[172] call remove
[166] return 9729
[167] return 9730
[168] return 9732
[169] return
[170] return 9726
[171] return
[173] call remove
[172] return 9733
[174] call add(9746)
[175] call remove
[176] call remove
[177] call add(9747)
[178] call add(9748)
[179] call remove
[175] return 9724
[173] return 9731
[174] return
[176] return 9727
[180] call remove
[178] return
[181] call remove
[179] return 9741
[182] call add(9749)
[177] return
[183] call add(9750)
[184] call add(9751)
[185] call remove
[186] call remove
[180] return 9742
[181] return 9737
[182] return
[183] return
[187] call remove
[184] return
[188] call remove
[185] return 9734
[189] call add(9752)
[186] return 9738
[190] call remove
[191] call add(9753)
[192] call remove
[193] call remove
[187] return 9739
[188] return 9743
[189] return
[190] return 9735
[194] call add(9754)
[191] return
[195] call add(9755)
[192] return 9740
[196] call remove
[193] return 9736
[197] call add(9756)
[198] call remove
[199] call add(9757)
[200] call remove
[194] return
[195] return
[196] return 9746
[197] return
[201] call add(9758)
[198] return 9752
[202] call remove
[199] return
[203] call add(9759)
[200] return 9749
[204] call add(9760)
[205] call remove
[206] call remove
[207] call remove
[201] return
[202] return 9753
[203] return
[204] return
[208] call remove
[205] return 9750
[209] call remove
[206] return 9745
[210] call remove
[207] return 9744
[211] call add(9761)
[212] call add(9762)
[213] call add(9763)
[214] call add(9764)
[208] return 9751
[209] return 9748
[210] return 9747
[211] return
[215] call add(9765)
[212] return
[216] call remove
[213] return
[217] call add(9766)
[214] return
[218] call add(9767)
[219] call add(9768)
[220] call add(9769)
[221] call add(9770)
[215] return
[216] return 9761
[217] return
[218] return
[222] call add(9771)
[219] return
[223] call add(9772)
[220] return
[224] call add(9773)
[221] return
[225] call remove
[226] call remove
[227] call add(9774)
[228] call remove
[222] return
[223] return
[224] return
[225] return 9755
[229] call remove
[226] return 9759
[230] call add(9775)
[227] return
[231] call remove
[228] return 9756
[232] call remove
[233] call remove
[234] call add(9776)
[235] call add(9777)
[229] return 9762
[230] return
[231] return 9760
[232] return 9763
[236] call remove
[233] return 9758
[237] call add(9778)
[234] return
[238] call remove
[235] return
[239] call add(9779)
[240] call add(9780)
[241] call add(9781)
[242] call add(9782)
[236] return 9757
[237] return
[238] return 9754
[243] call add(9783)
[240] return
[241] return
[239] return
[242] return
[244] call remove
[245] call remove
[246] call add(9784)
[247] call remove
[248] call remove
[249] call add(9785)
[243] return
[247] return 9764
[244] return 9771
[245] return 9772
[246] return
[250] call remove
[251] call add(9786)
[252] call remove
[248] return 9773
[253] call add(9787)
[254] call add(9788)
[249] return
[255] call remove
[256] call remove
[250] return 9765
[251] return
[252] return 9766
[253] return
[254] return
[257] call remove
[258] call add(9789)
[259] call remove
[255] return 9769
[260] call add(9790)
[261] call remove
[256] return 9768
[262] call remove
[263] call add(9791)
[257] return 9767
[258] return
[259] return 9770
[260] return
[261] return 9778
[264] call add(9792)
[265] call add(9793)
[266] call remove
[262] return 9783
[267] call remove
[268] call add(9794)
[263] return
[269] call remove
[270] call add(9795)
[264] return
[265] return
[266] return 9782
[267] return 9779
[268] return
[271] call add(9796)
[272] call remove
[273] call add(9797)
[269] return 9774
[274] call add(9798)
[275] call remove
[270] return
[276] call add(9799)
[277] call add(9800)
[271] return
[272] return 9776
[278] call add(9801)
[274] return
[275] return 9775
[273] return
[279] call remove
[276] return
[280] call add(9802)
[281] call add(9803)
[277] return
[278] return
[282] call add(9804)
[283] call remove
[284] call remove
[281] return
[279] return 9777
[285] call remove
[280] return
[286] call remove
[287] call remove
[282] return
[288] call add(9805)
[283] return 9781
[284] return 9780
[285] return 9789
[289] call add(9806)
[290] call add(9807)
[291] call add(9808)
[286] return 9791
[287] return 9792
[292] call add(9809)
[288] return
[293] call remove
[294] call add(9810)
[289] return
[295] call remove
[290] return
[292] return
[296] call add(9811)
[291] return
[297] call remove
[295] return 9790
[293] return 9786
[294] return
[298] call remove
[299] call remove
[300] call remove
[301] call remove
[302] call add(9812)
[296] return
[297] return 9788
[298] return 9793
[303] call remove
[299] return 9784
[304] call remove
[300] return 9785
[301] return 9787
[302] return
[305] call add(9813)
[306] call add(9814)
[307] call add(9815)
[308] call add(9816)
[309] call add(9817)
[303] return 9795
[304] return 9802
[305] return
[310] call add(9818)
[306] return
[311] call remove
[307] return
[308] return
[309] return
[312] call add(9819)
[313] call remove
[314] call remove
[315] call remove
[316] call remove
[310] return
[311] return 9797
[312] return
[317] call remove
[313] return 9796
[318] call add(9820)
[314] return 9799
[315] return 9801
[316] return 9803
[319] call add(9821)
[320] call remove
[321] call add(9822)
[322] call add(9823)
[323] call remove
[317] return 9794
[318] return
[319] return
[324] call add(9824)
[320] return 9798
[325] call remove
[321] return
[322] return
[323] return 9800
[326] call add(9825)
[327] call add(9826)
[328] call remove
[329] call remove
[330] call remove
[324] return
[325] return 9811
[326] return
[331] call add(9827)
[327] return
[332] call remove
[328] return 9808
[329] return 9805
[330] return 9810
[333] call add(9828)
[334] call remove
[335] call add(9829)
[336] call remove
[337] call remove
[331] return
[332] return 9812
[333] return
[338] call remove
[334] return 9807
[339] call remove
[335] return
[336] return 9804
[337] return 9806
[340] call add(9830)
[341] call remove
[342] call add(9831)
[343] call add(9832)
[344] call remove
[338] return 9809
[339] return 9813
[340] return
[345] call remove
[341] return 9821
[346] call remove
[347] call remove
[343] return
[344] return 9814
[348] call add(9833)
[342] return
[349] call remove
[350] call add(9834)
[345] return 9819
[351] call remove
[346] return 9815
[347] return 9822
[348] return
[352] call remove
[353] call add(9835)
[354] call add(9836)
[349] return 9818
[350] return
[355] call add(9837)
[351] return 9817
[356] call add(9838)
[357] call remove
[352] return 9816
[358] call remove
[353] return
[354] return
[359] call add(9839)
[355] return
[360] call add(9840)
[361] call remove
[356] return
[357] return 9823
[362] call remove
[358] return 9820
[363] call add(9841)
[364] call add(9842)
[359] return
[365] call add(9843)
[360] return
[361] return 9826
[366] call add(9844)
[362] return 9824
[367] call remove
[368] call add(9845)
[363] return
[364] return
[369] call add(9846)
[365] return
[370] call remove
[371] call remove
[366] return
[372] call remove
[367] return 9831
[368] return
[373] call add(9847)
[369] return
[374] call add(9848)
[375] call add(9849)
[370] return 9828
[371] return 9830
[376] call remove
[372] return 9833
[377] call remove
[378] call add(9850)
[373] return
[379] call add(9851)
[374] return
[375] return
[380] call add(9852)
[376] return 9825
[381] call remove
[382] call add(9853)
[377] return 9827
[378] return
[383] call remove
[379] return
[384] call remove
[385] call add(9854)
[380] return
[386] call add(9855)
[381] return 9829
[382] return
[387] call add(9856)
[383] return 9832
[388] call add(9857)
[389] call add(9858)
[384] return 9836
[385] return
[390] call add(9859)
[386] return
[391] call remove
[392] call add(9860)
[387] return
[393] call remove
[388] return
[389] return
[394] call remove
[390] return
[395] call add(9861)
[396] call add(9862)
[391] return 9843
[392] return
[397] call add(9863)
[393] return 9835
[398] call remove
[399] call remove
[394] return 9840
[400] call remove
[395] return
[396] return
[401] call remove
[397] return
[402] call remove
[403] call add(9864)
[398] return 9841
[399] return 9839
[404] call add(9865)
[400] return 9842
[405] call add(9866)
[406] call add(9867)
[401] return 9838
[407] call remove
[402] return 9837
[403] return
[408] call remove
[404] return
[409] call add(9868)
[410] call remove
[405] return
[406] return
[411] call remove
[407] return 9834
[412] call add(9869)
[413] call remove
[408] return 9845
[414] call add(9870)
[409] return
[410] return 9851
[415] call add(9871)
[411] return 9852
[416] call add(9872)
[417] call remove
[412] return
[413] return 9848
[418] call add(9873)
[414] return
[419] call add(9874)
[420] call add(9875)
[415] return
[421] call remove
[416] return
[417] return 9849
[422] call add(9876)
[423] call add(9877)
[418] return
[424] call add(9878)
[419] return
[425] call add(9879)
[421] return 9853
[420] return
[426] call add(9880)
[422] return
[423] return
[427] call remove
[424] return
[428] call remove
[429] call remove
[430] call add(9881)
[425] return
[431] call remove
[426] return
[432] call remove
[427] return 9846
[428] return 9847
[433] call remove
[429] return 9850
[430] return
[434] call remove
[431] return 9844
[435] call add(9882)
[436] call remove
[437] call remove
[432] return 9859
[438] call remove
[433] return 9861
[439] call add(9883)
[434] return 9860
[435] return
[440] call add(9884)
[436] return 9855
[437] return 9863
[441] call remove
[438] return 9862
[442] call add(9885)
[443] call remove
[444] call add(9886)
[439] return
[445] call add(9887)
[440] return
[446] call add(9888)
[441] return 9854
[442] return
[447] call remove
[443] return 9856
[444] return
[448] call add(9889)
[445] return
[449] call remove
[450] call add(9890)
[451] call remove
[446] return
[452] call remove
[447] return 9857
[453] call remove
[448] return
[449] return 9858
[454] call add(9891)
[450] return
[451] return 9867
[455] call add(9892)
[452] return 9866
[456] call remove
[457] call add(9893)
[458] call add(9894)
[453] return 9873
[459] call remove
[454] return
[460] call remove
[455] return
[456] return 9869
[461] call remove
[457] return
[458] return
[462] call add(9895)
[459] return 9870
[463] call remove
[464] call add(9896)
[465] call remove
[460] return 9868
[466] call remove
[461] return 9871
[467] call add(9897)
[462] return
[463] return 9872
[468] call add(9898)
[464] return
[465] return 9864
[469] call add(9899)
[466] return 9865
[470] call remove
[471] call add(9900)
[472] call add(9901)
[467] return
[473] call remove
[468] return
[474] call add(9902)
[469] return
[470] return 9876
[475] call remove
[471] return
[472] return
[476] call remove
[473] return 9877
[477] call add(9903)
[478] call add(9904)
[479] call add(9905)
[474] return
[476] return 9874
[475] return 9878
[480] call remove
[481] call remove
[482] call remove
[480] return 9881
[481] return 9879
[483] call remove
[477] return
[479] return
[478] return
[484] call remove
[485] call remove
[486] call remove
[482] return 9880
[487] call remove
[488] call remove
[483] return 9875
[489] call add(9906)
[484] return 9882
[485] return 9883
[490] call remove
[486] return 9891
[487] return 9892
[488] return 9887
[491] call remove
[492] call add(9907)
[493] call add(9908)
[489] return
[494] call remove
[495] call add(9909)
[490] return 9884
[496] call remove
[491] return 9889
[492] return
[497] call add(9910)
[493] return
[494] return 9885
[495] return
[498] call remove
[499] call remove
[500] call add(9911)
[496] return 9886
[501] call remove
[502] call remove
[497] return
[503] call add(9912)
[498] return 9893
[499] return 9888
[504] call remove
[500] return
[501] return 9890
[502] return 9901
[505] call remove
[506] call remove
[507] call remove
[503] return
[508] call add(9913)
[509] call remove
[504] return 9900
[510] call remove
[505] return 9895
[506] return 9903
[511] call add(9914)
[507] return 9897
[508] return
[509] return 9902
[512] call add(9915)
[513] call remove
[514] call remove
[510] return 9899
[515] call add(9916)
[516] call add(9917)
[511] return
[517] call remove
[512] return
[513] return 9898
[518] call remove
[514] return 9894
[515] return
[516] return
[519] call add(9918)
[520] call add(9919)
[521] call add(9920)
[517] return 9896
[522] call remove
[523] call remove
[518] return 9904
[524] call add(9921)
[519] return
[520] return
[525] call add(9922)
[521] return
[522] return 9906
[523] return 9910
[526] call add(9923)
[527] call add(9924)
[528] call add(9925)
[524] return
[529] call add(9926)
[530] call remove
[525] return
[531] call remove
[526] return
[527] return
[532] call add(9927)
[528] return
[529] return
[530] return 9911
[533] call remove
[534] call add(9928)
[535] call remove
[531] return 9909
[536] call add(9929)
[537] call remove
[533] return 9905
[538] call add(9930)
[532] return
[534] return
[539] call remove
[535] return 9908
[536] return
[537] return 9907
[540] call add(9931)
[541] call add(9932)
[542] call remove
[538] return
[543] call add(9933)
[544] call remove
[539] return 9913
[545] call add(9934)
[540] return
[541] return
[546] call remove
[542] return 9912
[543] return
[544] return 9917
[547] call add(9935)
[548] call remove
[549] call remove
[545] return
[550] call add(9936)
[551] call add(9937)
[546] return 9920
[552] call remove
[547] return
[548] return 9918
[553] call remove
[549] return 9923
[550] return
[551] return
[554] call remove
[555] call remove
[556] call add(9938)
[552] return 9915
[557] call add(9939)
[558] call remove
[553] return 9922
[559] call remove
[554] return 9916
[555] return 9914
[560] call remove
[556] return
[557] return
[558] return 9921
[561] call remove
[562] call add(9940)
[563] call remove
[559] return 9919
[564] call add(9941)
[565] call add(9942)
[560] return 9931
[566] call remove
[561] return 9928
[562] return
[567] call add(9943)
[563] return 9926
[564] return
[565] return
[568] call remove
[569] call add(9944)
[570] call remove
[566] return 9925
[571] call remove
[572] call remove
[567] return
[573] call remove
[568] return 9930
[569] return
[574] call add(9945)
[570] return 9929
[571] return 9924
[572] return 9932
[575] call remove
[576] call add(9946)
[577] call remove
[573] return 9927
[578] call add(9947)
[579] call add(9948)
[574] return
[580] call add(9949)
[575] return 9933
[576] return
[581] call add(9950)
[577] return 9934
[578] return
[579] return
[582] call add(9951)
[583] call remove
[584] call add(9952)
[580] return
[585] call remove
[586] call add(9953)
[581] return
[587] call remove
[582] return
[583] return 9940
[588] call remove
[584] return
[585] return 9943
[586] return
[589] call add(9954)
[590] call remove
[591] call remove
[587] return 9941
[592] call add(9955)
[593] call remove
[588] return 9939
[594] call add(9956)
[589] return
[590] return 9936
[595] call add(9957)
[591] return 9935
[592] return
[593] return 9938
[596] call add(9958)
[597] call add(9959)
[598] call add(9960)
[594] return
[599] call remove
[600] call remove
[595] return
[601] call remove
[596] return
[597] return
[602] call add(9961)
[598] return
[599] return 9937
[600] return 9942
[603] call add(9962)
[604] call add(9963)
[605] call add(9964)
[601] return 9949
[606] call remove
[607] call add(9965)
[602] return
[608] call remove
[603] return
[604] return
[609] call add(9966)
[605] return
[606] return 9951
[607] return
[610] call remove
[611] call add(9967)
[612] call remove
[608] return 9952
[613] call remove
[614] call remove
[609] return
[615] call remove
[610] return 9944
[611] return
[616] call remove
[612] return 9953
[613] return 9950
[614] return 9948
[617] call add(9968)
[618] call remove
[619] call remove
[615] return 9947
[620] call add(9969)
[621] call remove
[616] return 9946
[622] call remove
[617] return
[618] return 9945
[623] call remove
[619] return 9959
[620] return
[621] return 9957
[624] call remove
[625] call add(9970)
[626] call add(9971)
[622] return 9961
[627] call add(9972)
[628] call remove
[623] return 9962
[629] call remove
[624] return 9954
[625] return
[630] call add(9973)
[626] return
[627] return
[628] return 9955
[631] call remove
[632] call add(9974)
[633] call remove
[629] return 9956
[634] call remove
[635] call add(9975)
[630] return
[636] call remove
[631] return 9958
[632] return
[637] call remove
[633] return 9963
[634] return 9960
[635] return
[638] call remove
[639] call remove
[640] call add(9976)
[636] return 9970
[641] call remove
[642] call add(9977)
[637] return 9965
[643] call remove
[638] return 9971
[639] return 9969
[644] call add(9978)
[640] return
[641] return 9967
[642] return
[645] call add(9979)
[646] call add(9980)
[647] call remove
[643] return 9964
[648] call remove
[649] call remove
[644] return
[650] call add(9981)
[645] return
[646] return
[651] call remove
[647] return 9966
[648] return 9973
[649] return 9972
[652] call add(9982)
[653] call remove
[654] call add(9983)
[650] return
[655] call add(9984)
[656] call add(9985)
[651] return 9968
[657] call remove
[652] return
[653] return 9980
[658] call add(9986)
[654] return
[655] return
[656] return
[659] call remove
[660] call add(9987)
[661] call add(9988)
[657] return 9981
[662] call add(9989)
[663] call remove
[658] return
[664] call add(9990)
[659] return 9976
[660] return
[665] call remove
[661] return
[662] return
[663] return 9974
[666] call add(9991)
[667] call add(9992)
[668] call add(9993)
[664] return
[669] call remove
[670] call remove
[665] return 9975
[671] call add(9994)
[666] return
[667] return
[672] call remove
[668] return
[669] return 9979
[670] return 9978
[673] call add(9995)
[674] call add(9996)
[675] call remove
[671] return
[676] call add(9997)
[677] call add(9998)
[672] return 9982
[678] call add(9999)
[673] return
[674] return
[679] call add(10000)
[675] return 9977
[676] return
[677] return
[680] call remove
[681] call add(10001)
[682] call add(10002)
[678] return
[683] call add(10003)
[684] call remove
[679] return
[685] call remove
[680] return 9989
[681] return
[686] call remove
[682] return
[683] return
[684] return 9985
[687] call remove
[688] call remove
[689] call remove
[685] return 9983
[690] call add(10004)
[691] call add(10005)
[686] return 9987
[692] call remove
[687] return 9988
[688] return 9986
[693] call add(10006)
[689] return 9990
[690] return
[691] return
[694] call add(10007)
[695] call add(10008)
[696] call add(10009)
[692] return 9992
[697] call add(10010)
[698] call add(10011)
[693] return
[699] call remove
[694] return
[695] return
[700] call remove
[696] return
[697] return
[698] return
[701] call remove
[702] call remove
[703] call add(10012)
[699] return 9984
[704] call remove
[705] call add(10013)
[700] return 9991
[706] call remove
[701] return 9994
[702] return 9993
[707] call add(10014)
[703] return
[704] return 9995
[705] return
[708] call remove
[709] call add(10015)
[710] call remove
[706] return 9996
[711] call remove
[712] call remove
[707] return
[708] return 10000
[713] call remove
[714] call remove
[709] return
[715] call add(10016)
[710] return 10001
[712] return 9999
[711] return 10002
[716] call remove
[717] call remove
[713] return 9998
[714] return 9997
[718] call remove
[719] call add(10017)
[715] return
[720] call add(10018)
[721] call remove
[716] return 10003
[722] call add(10019)
[717] return 10012
[718] return 10010
[719] return
[723] call add(10020)
[724] call remove
[720] return
[721] return 10008
[725] call remove
[726] call add(10021)
[722] return
[727] call add(10022)
[728] call add(10023)
[723] return
[729] call remove
[724] return 10005
[725] return 10007
[726] return
[730] call add(10024)
[731] call add(10025)
[727] return
[728] return
[732] call remove
[733] call add(10026)
[729] return 10011
[734] call add(10027)
[735] call remove
[730] return
[736] call add(10028)
[731] return
[732] return 10009
[733] return
[737] call remove
[738] call add(10029)
[734] return
[735] return 10004
[739] call add(10030)
[740] call add(10031)
[736] return
[741] call remove
[742] call remove
[737] return 10006
[743] call remove
[738] return
[739] return
[740] return
[744] call add(10032)
[745] call remove
[741] return 10020
[742] return 10019
[746] call add(10033)
[747] call add(10034)
[743] return 10022
[748] call add(10035)
[749] call add(10036)
[744] return
[750] call add(10037)
[745] return 10013
[746] return
[747] return
[751] call remove
[752] call remove
[748] return
[749] return
[753] call remove
[754] call remove
[750] return
[755] call add(10038)
[756] call remove
[751] return 10021
[757] call remove
[752] return 10017
[753] return 10014
[754] return 10015
[758] call remove
[759] call remove
[755] return
[756] return 10018
[760] call remove
[761] call add(10039)
[757] return 10016
[762] call remove
[763] call add(10040)
[758] return 10029
[764] call remove
[759] return 10027
[760] return 10023
[761] return
[765] call remove
[766] call add(10041)
[762] return 10024
[763] return
[767] call remove
[768] call add(10042)
[764] return 10030
[769] call add(10043)
[770] call remove
[765] return 10026
[771] call add(10044)
[766] return
[767] return 10025
[768] return
[772] call remove
[773] call add(10045)
[769] return
[770] return 10028
[774] call remove
[775] call add(10046)
[771] return
[776] call remove
[777] call remove
[772] return 10031
[778] call remove
[773] return
[774] return 10032
[775] return
[779] call add(10047)
[780] call remove
[776] return 10039
[777] return 10038
[781] call add(10048)
[782] call remove
[778] return 10037
[783] call add(10049)
[784] call add(10050)
[779] return
[785] call add(10051)
[780] return 10035
[781] return
[782] return 10036
[786] call remove
[787] call add(10052)
[783] return
[784] return
[788] call remove
[789] call add(10053)
[785] return
[790] call add(10054)
[791] call add(10055)
[786] return 10041
[792] call add(10056)
[787] return
[788] return 10042
[789] return
[793] call add(10057)
[794] call add(10058)
[790] return
[791] return
[795] call add(10059)
[796] call add(10060)
[792] return
[797] call remove
[798] call add(10061)
[793] return
[799] call add(10062)
[794] return
[795] return
[796] return
[800] call remove
[801] call add(10063)
[797] return 10040
[798] return
[802] call add(10064)
[803] call remove
[799] return
[804] call remove
[805] call remove
[800] return 10033
[806] call add(10065)
[801] return
[802] return
[803] return 10034
[807] call remove
[808] call add(10066)
[804] return 10048
[805] return 10043
[809] call add(10067)
[810] call add(10068)
[806] return
[811] call add(10069)
[812] call remove
[807] return 10045
[813] call add(10070)
[808] return
[809] return
[810] return
[814] call remove
[815] call remove
[811] return
[812] return 10047
[816] call add(10071)
[817] call remove
[813] return
[818] call remove
[819] call add(10072)
[814] return 10050
[820] call add(10073)
[815] return 10046
[816] return
[817] return 10044
[821] call add(10074)
[822] call remove
[818] return 10052
[819] return
[823] call add(10075)
[824] call remove
[820] return
[825] call add(10076)
[826] call remove
[821] return
[827] call add(10077)
[822] return 10051
[823] return
[824] return 10049
[828] call remove
[829] call add(10078)
[825] return
[826] return 10056
[830] call add(10079)
[831] call add(10080)
[827] return
[832] call remove
[833] call remove
[828] return 10055
[834] call remove
[829] return
[830] return
[831] return
[835] call remove
[836] call remove
[832] return 10059
[837] call remove
[838] call remove
[834] return 10061
[833] return 10057
[839] call remove
[836] return 10054
[835] return 10060
[840] call remove
[841] call remove
[842] call remove
[837] return 10053
[838] return 10058
[843] call remove
[839] return 10062
[844] call remove
[845] call add(10081)
[841] return 10070
[846] call remove
[842] return 10072
[840] return 10071
[843] return 10065
[845] return
[847] call add(10082)
[848] call remove
[844] return 10068
[849] call add(10083)
[850] call add(10084)
[851] call remove
[846] return 10063
[852] call add(10085)
[847] return
[853] call add(10086)
[848] return 10064
[849] return
[850] return
[851] return 10066
[854] call add(10087)
[855] call remove
[852] return
[856] call remove
[857] call add(10088)
[858] call remove
[853] return
[859] call remove
[854] return
[860] call remove
[855] return 10067
[856] return 10069
[857] return
[858] return 10073
[861] call add(10089)
[862] call add(10090)
[859] return 10077
[863] call remove
[864] call remove
[865] call add(10091)
[860] return 10080
[866] call add(10092)
[861] return
[867] call remove
[862] return
[863] return 10081
[864] return 10079
[865] return
[868] call remove
[869] call remove
[866] return
[870] call add(10093)
[871] call remove
[872] call add(10094)
[867] return 10074
[873] call add(10095)
[868] return 10078
[874] call add(10096)
[869] return 10075
[870] return
[871] return 10076
[872] return
[875] call remove
[876] call remove
[873] return
[877] call remove
[878] call remove
[879] call add(10097)
[874] return
[880] call add(10098)
[875] return 10082
[881] call add(10099)
[876] return 10088
[877] return 10092
[878] return 10087
[879] return
[882] call add(10100)
[883] call add(10101)
[880] return
[884] call remove
[885] call remove
[886] call add(10102)
[881] return
[887] call remove
[882] return
[888] call remove
[883] return
[884] return 10085
[885] return 10091
[886] return
[889] call add(10103)
[890] call remove
[887] return 10090
[891] call remove
[892] call remove
[893] call remove
[888] return 10086
[894] call add(10104)
[889] return
[895] call remove
[890] return 10084
[891] return 10083
[892] return 10089
[893] return 10098
[896] call remove
[897] call add(10105)
[894] return
[898] call remove
[899] call add(10106)
[900] call remove
[895] return 10094
[901] call remove
[896] return 10101
[902] call add(10107)
[897] return
[898] return 10093
[899] return
[900] return 10099
[903] call remove
[904] call remove
[901] return 10102
[905] call remove
[906] call add(10108)
[907] call remove
[902] return
[908] call remove
[903] return 10095
[909] call add(10109)
[904] return 10100
[905] return 10096
[906] return
[907] return 10097
[910] call add(10110)
[911] call remove
[908] return 10103
[912] call add(10111)
[913] call remove
[914] call add(10112)
[909] return
[915] call add(10113)
[910] return
[916] call remove
[911] return 10106
[912] return
[913] return 10105
[914] return
[917] call add(10114)
[918] call remove
[915] return
[919] call add(10115)
[920] call add(10116)
[921] call add(10117)
[916] return 10104
[922] call remove
[917] return
[923] call add(10118)
[918] return 10107
[919] return
[920] return
[921] return
[924] call add(10119)
[925] call remove
[922] return 10108
[926] call add(10120)
[927] call remove
[928] call add(10121)
[923] return
[929] call remove
[924] return
[930] call add(10122)
[925] return 10109
[926] return
[927] return 10113
[928] return
[931] call remove
[932] call remove
[929] return 10114
[933] call add(10123)
[934] call add(10124)
[935] call add(10125)
[930] return
[936] call add(10126)
[931] return 10112
[937] call add(10127)
[932] return 10116
[933] return
[934] return
[935] return
[938] call add(10128)
[939] call add(10129)
[936] return
[940] call add(10130)
[937] return
[938] return
[941] call remove
[942] call add(10131)
[943] call add(10132)
[944] call add(10133)
[945] call add(10134)
[939] return
[941] return 10115
[940] return
[946] call add(10135)
[942] return
[943] return
[944] return
[947] call remove
[945] return
[948] call remove
[949] call add(10136)
[950] call remove
[951] call remove
[952] call remove
[946] return
[947] return 10117
[948] return 10110
[953] call remove
[949] return
[950] return 10111
[951] return 10118
[954] call remove
[952] return 10122
[955] call add(10137)
[956] call add(10138)
[957] call add(10139)
[958] call remove
[959] call add(10140)
[953] return 10127
[954] return 10120
[955] return
[960] call add(10141)
[956] return
[957] return
[958] return 10119
[961] call add(10142)
[959] return
[962] call add(10143)
[963] call add(10144)
[964] call remove
[965] call add(10145)
[966] call remove
[960] return
[961] return
[962] return
[967] call add(10146)
[963] return
[964] return 10128
[965] return
[968] call add(10147)
[966] return 10123
[969] call remove
[970] call remove
[971] call add(10148)
[972] call add(10149)
[973] call remove
[967] return
[968] return
[969] return 10125
[974] call add(10150)
[970] return 10121
[971] return
[972] return
[975] call remove
[973] return 10124
[976] call add(10151)
[977] call remove
[978] call add(10152)
[979] call add(10153)
[980] call remove
[974] return
[975] return 10126
[976] return
[981] call add(10154)
[977] return 10138
[978] return
[979] return
[982] call add(10155)
[980] return 10135
[983] call add(10156)
[984] call add(10157)
[985] call add(10158)
[986] call add(10159)
[987] call remove
[981] return
[982] return
[983] return
[988] call remove
[984] return
[985] return
[986] return
[989] call add(10160)
[987] return 10136
[990] call remove
[991] call add(10161)
[992] call remove
[993] call remove
[994] call remove
[988] return 10129
[989] return
[990] return 10131
[995] call add(10162)
[991] return
[992] return 10137
[993] return 10132
[996] call add(10163)
[994] return 10134
[997] call add(10164)
[998] call remove
[999] call remove
[1000] call remove
[1001] call remove
[995] return
[996] return
[997] return
[1002] call add(10165)
[998] return 10130
[999] return 10133
[1000] return 10141
[1003] call add(10166)
[1001] return 10148
[1004] call remove
[1005] call add(10167)
[1006] call add(10168)
[1007] call add(10169)
[1008] call add(10170)
[1002] return
[1003] return
[1004] return 10147
[1009] call remove
[1005] return
[1006] return
[1007] return
[1010] call add(10171)
[1008] return
[1011] call add(10172)
[1012] call add(10173)
[1013] call add(10174)
[1014] call remove
[1015] call add(10175)
[1009] return 10143
[1010] return
[1011] return
[1016] call add(10176)
[1012] return
[1013] return
[1014] return 10144
[1017] call remove
[1015] return
[1018] call add(10177)
[1019] call add(10178)
[1020] call remove
[1021] call remove
[1022] call remove
[1016] return
[1020] return 10139
[1018] return
[1023] call add(10179)
[1019] return
[1017] return 10146
[1021] return 10142
[1024] call add(10180)
[1022] return 10145
[1025] call add(10181)
[1026] call add(10182)
[1027] call remove
[1028] call add(10183)
[1029] call add(10184)
[1024] return
[1023] return
[1030] call add(10185)
[1031] call remove
[1025] return
[1026] return
[1027] return 10140
[1028] return
[1029] return
[1032] call remove
[1033] call remove
[1034] call remove
[1035] call add(10186)
[1036] call remove
[1030] return
[1031] return 10158
[1037] call remove
[1038] call add(10187)
[1032] return 10155
[1033] return 10151
[1034] return 10156
[1035] return
[1036] return 10150
[1039] call add(10188)
[1040] call remove
[1041] call add(10189)
[1042] call remove
[1043] call add(10190)
[1037] return 10152
[1038] return
[1044] call add(10191)
[1045] call remove
[1039] return
[1040] return 10149
[1041] return
[1042] return 10154
[1043] return
[1046] call add(10192)
[1047] call remove
[1048] call remove
[1049] call remove
[1050] call add(10193)
[1044] return
[1045] return 10157
[1051] call add(10194)
[1052] call remove
[1046] return
[1047] return 10153
[1048] return 10165
[1049] return 10160
[1053] call remove
[1054] call add(10195)
[1055] call remove
[1050] return
[1056] call add(10196)
[1051] return
[1052] return 10163
[1057] call add(10197)
[1053] return 10167
[1058] call remove
[1059] call remove
[1054] return
[1055] return 10159
[1056] return
[1060] call remove
[1061] call add(10198)
[1062] call add(10199)
[1057] return
[1063] call add(10200)
[1058] return 10164
[1059] return 10166
[1064] call add(10201)
[1060] return 10168
[1065] call remove
[1066] call add(10202)
[1061] return
[1062] return
[1063] return
[1067] call remove
[1068] call add(10203)
[1069] call add(10204)
[1064] return
[1070] call remove
[1065] return 10162
[1066] return
[1071] call remove
[1067] return 10161
[1072] call add(10205)
[1073] call add(10206)
[1068] return
[1069] return
[1070] return 10171
[1074] call remove
[1075] call add(10207)
[1076] call remove
[1071] return 10169
[1077] call remove
[1072] return
[1073] return
[1078] call add(10208)
[1074] return 10173
[1079] call remove
[1080] call add(10209)
[1075] return
[1076] return 10170
[1077] return 10174
[1081] call add(10210)
[1082] call add(10211)
[1083] call add(10212)
[1078] return
[1084] call add(10213)
[1079] return 10172
[1080] return
[1085] call remove
[1081] return
[1086] call remove
[1087] call add(10214)
[1082] return
[1083] return
[1084] return
[1088] call add(10215)
[1089] call add(10216)
[1090] call remove
[1085] return 10178
[1091] call add(10217)
[1086] return 10176
[1087] return
[1092] call add(10218)
[1088] return
[1093] call add(10219)
[1094] call remove
[1089] return
[1090] return 10175
[1091] return
[1095] call remove
[1096] call remove
[1097] call add(10220)
[1092] return
[1098] call add(10221)
[1093] return
[1094] return 10177
[1099] call add(10222)
[1095] return 10183
[1100] call remove
[1101] call add(10223)
[1096] return 10188
[1097] return
[1098] return
[1102] call add(10224)
[1103] call remove
[1104] call add(10225)
[1099] return
[1105] call add(10226)
[1100] return 10180
[1101] return
[1106] call remove
[1102] return
[1107] call add(10227)
[1108] call remove
[1103] return 10181
[1104] return
[1105] return
[1109] call add(10228)
[1110] call add(10229)
[1111] call add(10230)
[1106] return 10186
[1112] call add(10231)
[1107] return
[1108] return 10187
[1113] call remove
[1109] return
[1114] call remove
[1115] call remove
[1110] return
[1111] return
[1112] return
[1116] call remove
[1117] call remove
[1118] call add(10232)
[1113] return 10182
[1119] call remove
[1114] return 10179
[1115] return 10184
[1120] call remove
[1121] call remove
[1122] call remove
[1117] return 10197
[1118] return
[1116] return 10185
[1119] return 10195
[1120] return 10196
[1123] call add(10233)
[1124] call remove
[1125] call add(10234)
[1126] call remove
[1127] call add(10235)
[1121] return 10190
[1122] return 10189
[1128] call remove
[1129] call add(10236)
[1123] return
[1124] return 10193
[1125] return
[1126] return 10198
[1127] return
[1130] call add(10237)
[1131] call add(10238)
[1132] call remove
[1133] call add(10239)
[1134] call remove
[1128] return 10191
[1129] return
[1135] call remove
[1136] call add(10240)
[1130] return
[1131] return
[1132] return 10194
[1133] return
[1134] return 10192
[1137] call add(10241)
[1138] call remove
[1139] call remove
[1140] call remove
[1141] call remove
[1135] return 10206
[1136] return
[1142] call add(10242)
[1143] call add(10243)
[1137] return
[1138] return 10199
[1139] return 10203
[1140] return 10207
[1141] return 10204
[1144] call remove
[1145] call add(10244)
[1146] call remove
[1147] call remove
[1148] call remove
[1142] return
[1143] return
[1149] call remove
[1150] call remove
[1144] return 10202
[1145] return
[1146] return 10208
[1147] return 10205
[1148] return 10201
[1151] call remove
[1152] call remove
[1153] call remove
[1154] call remove
[1155] call remove
[1149] return 10200
[1150] return 10218
[1156] call remove
[1157] call remove
[1151] return 10216
[1152] return 10217
[1153] return 10214
[1154] return 10209
[1155] return 10215
[1158] call remove
[1159] call add(10245)
[1156] return 10211
[1160] call remove
[1157] return 10212
[1161] call remove
[1162] call add(10246)
[1163] call add(10247)
[1164] call remove
[1158] return 10210
[1161] return 10213
[1159] return
[1162] return
[1160] return 10221
[1165] call add(10248)
[1166] call add(10249)
[1163] return
[1167] call remove
[1164] return 10223
[1168] call remove
[1169] call remove
[1170] call remove
[1171] call add(10250)
[1165] return
[1166] return
[1167] return 10228
[1168] return 10222
[1169] return 10224
[1172] call add(10251)
[1170] return 10225
[1173] call remove
[1174] call add(10252)
[1171] return
[1175] call add(10253)
[1176] call add(10254)
[1177] call remove
[1178] call add(10255)
[1172] return
[1173] return 10219
[1174] return
[1175] return
[1176] return
[1179] call remove
[1177] return 10227
[1180] call remove
[1181] call add(10256)
[1178] return
[1182] call add(10257)
[1183] call add(10258)
[1184] call add(10259)
[1185] call remove
[1179] return 10226
[1180] return 10220
[1181] return
[1182] return
[1183] return
[1186] call add(10260)
[1184] return
[1187] call remove
[1188] call remove
[1185] return 10230
[1189] call remove
[1190] call remove
[1191] call add(10261)
[1192] call add(10262)
[1186] return
[1187] return 10229
[1188] return 10234
[1189] return 10232
[1190] return 10231
[1193] call add(10263)
[1191] return
[1194] call remove
[1195] call remove
[1192] return
[1196] call remove
[1197] call add(10264)
[1198] call add(10265)
[1199] call add(10266)
[1193] return
[1194] return 10236
[1195] return 10235
[1196] return 10233
[1197] return
[1200] call remove
[1198] return
[1201] call remove
[1202] call remove
[1199] return
[1203] call remove
[1204] call add(10267)
[1205] call remove
[1206] call remove
[1200] return 10238
[1201] return 10237
[1202] return 10248
[1203] return 10243
[1204] return
[1207] call add(10268)
[1205] return 10242
[1208] call remove
[1209] call add(10269)
[1206] return 10246
[1210] call add(10270)
[1211] call add(10271)
[1212] call add(10272)
[1213] call remove
[1207] return
[1208] return 10247
[1209] return
[1210] return
[1211] return
[1214] call add(10273)
[1212] return
[1215] call remove
[1216] call add(10274)
[1213] return 10239
[1217] call add(10275)
[1218] call add(10276)
[1219] call remove
[1220] call add(10277)
[1214] return
[1215] return 10240
[1216] return
[1217] return
[1218] return
[1221] call remove
[1219] return 10245
[1222] call remove
[1223] call add(10278)
[1220] return
[1224] call remove
[1225] call remove
[1226] call add(10279)
[1227] call remove
[1221] return 10241
[1222] return 10244
[1223] return
[1224] return 10255
[1225] return 10252
[1228] call add(10280)
[1226] return
[1229] call remove
[1230] call remove
[1227] return 10256
[1231] call remove
[1232] call add(10281)
[1233] call add(10282)
[1234] call add(10283)
[1228] return
[1229] return 10257
[1230] return 10254
[1231] return 10249
[1232] return
[1235] call remove
[1233] return
[1236] call remove
[1237] call remove
[1234] return
[1238] call remove
[1239] call add(10284)
[1240] call remove
[1241] call remove
[1235] return 10251
[1236] return 10253
[1237] return 10258
[1238] return 10250
[1239] return
[1242] call remove
[1240] return 10266
[1243] call remove
[1244] call remove
[1241] return 10264
[1245] call remove
[1246] call add(10285)
[1247] call add(10286)
[1248] call add(10287)
[1242] return 10268
[1243] return 10265
[1244] return 10260
[1245] return 10259
[1246] return
[1249] call remove
[1247] return
[1250] call remove
[1251] call remove
[1248] return
[1252] call add(10288)
[1253] call remove
[1254] call remove
[1255] call remove
[1249] return 10262
[1250] return 10267
[1251] return 10261
[1252] return
[1253] return 10263
[1256] call add(10289)
[1254] return 10276
[1257] call add(10290)
[1258] call add(10291)
[1255] return 10274
[1259] call remove
[1260] call remove
[1261] call remove
[1262] call remove
[1256] return
[1257] return
[1258] return
[1259] return 10269
[1260] return 10275
[1263] call remove
[1261] return 10278
[1264] call add(10292)
[1265] call remove
[1262] return 10277
[1266] call remove
[1267] call add(10293)
[1268] call remove
[1269] call remove
[1263] return 10273
[1264] return
[1265] return 10272
[1266] return 10270
[1267] return
[1270] call add(10294)
[1268] return 10271
[1271] call remove
[1272] call remove
[1269] return 10283
[1273] call add(10295)
[1274] call add(10296)
[1275] call add(10297)
[1276] call add(10298)
[1270] return
[1271] return 10287
[1272] return 10284
[1273] return
[1274] return
[1277] call add(10299)
[1275] return
[1278] call add(10300)
[1279] call add(10301)
[1276] return
[1280] call add(10302)
[1281] call add(10303)
[1282] call add(10304)
[1283] call remove
[1277] return
[1278] return
[1279] return
[1280] return
[1281] return
[1284] call add(10305)
[1282] return
[1285] call add(10306)
[1286] call remove
[1283] return 10285
[1287] call remove
[1288] call remove
[1289] call add(10307)
[1290] call remove
[1284] return
[1285] return
[1286] return 10279
[1287] return 10288
[1288] return 10286
[1291] call add(10308)
[1289] return
[1292] call remove
[1293] call remove
[1290] return 10281
[1294] call add(10309)
[1295] call add(10310)
[1296] call remove
[1297] call remove
[1291] return
[1292] return 10282
[1293] return 10280
[1294] return
[1295] return
[1298] call add(10311)
[1296] return 10290
[1299] call add(10312)
[1300] call add(10313)
[1297] return 10295
[1301] call remove
[1302] call remove
[1303] call add(10314)
[1304] call remove
[1298] return
[1299] return
[1300] return
[1301] return 10298
[1302] return 10292
[1305] call add(10315)
[1303] return
[1306] call add(10316)
[1307] call add(10317)
[1304] return 10297
[1308] call remove
[1309] call add(10318)
[1310] call add(10319)
[1311] call add(10320)
[1305] return
[1306] return
[1307] return
[1308] return 10294
[1309] return
[1312] call add(10321)
[1310] return
[1313] call add(10322)
[1314] call add(10323)
[1311] return
[1315] call remove
[1316] call add(10324)
[1317] call remove
[1318] call add(10325)
[1314] return
[1312] return
[1313] return
[1319] call remove
[1315] return 10293
[1320] call remove
[1316] return
[1321] call add(10326)
[1317] return 10289
[1318] return
[1322] call add(10327)
[1323] call add(10328)
[1324] call add(10329)
[1325] call add(10330)
[1319] return 10291
[1320] return 10296
[1321] return
[1326] call add(10331)
[1322] return
[1327] call remove
[1323] return
[1328] call remove
[1324] return
[1325] return
[1329] call remove
[1330] call add(10332)
[1331] call add(10333)
[1332] call remove
[1326] return
[1327] return 10300
[1328] return 10304
[1333] call remove
[1329] return 10305
[1334] call remove
[1330] return
[1335] call add(10334)
[1331] return
[1332] return 10308
[1336] call remove
[1337] call add(10335)
[1338] call add(10336)
[1339] call add(10337)
[1333] return 10306
[1334] return 10303
[1335] return
[1340] call remove
[1336] return 10307
[1341] call remove
[1337] return
[1342] call add(10338)
[1338] return
[1339] return
[1343] call remove
[1344] call remove
[1345] call add(10339)
[1346] call remove
[1340] return 10302
[1341] return 10301
[1342] return
[1347] call add(10340)
[1343] return 10299
[1348] call add(10341)
[1344] return 10317
[1349] call remove
[1345] return
[1346] return 10316
[1350] call remove
[1351] call add(10342)
[1352] call remove
[1353] call add(10343)
[1347] return
[1348] return
[1349] return 10312
[1354] call add(10344)
[1350] return 10313
[1355] call remove
[1351] return
[1356] call add(10345)
[1352] return 10314
[1353] return
[1357] call remove
[1358] call remove
[1359] call remove
[1360] call remove
[1354] return
[1355] return 10318
[1356] return
[1361] call remove
[1357] return 10315
[1362] call add(10346)
[1358] return 10310
[1363] call add(10347)
[1359] return 10309
[1360] return 10311
[1364] call add(10348)
[1365] call remove
[1366] call add(10349)
[1367] call remove
[1361] return 10325
[1362] return
[1363] return
[1368] call remove
[1364] return
[1369] call add(10350)
[1365] return 10322
[1370] call remove
[1366] return
[1367] return 10323
[1371] call remove
[1372] call remove
[1373] call add(10351)
[1374] call add(10352)
[1368] return 10321
[1369] return
[1371] return 10320
[1370] return 10319
[1373] return
[1375] call remove
[1374] return
[1372] return 10327
[1376] call remove
[1377] call add(10353)
[1378] call add(10354)
[1379] call remove
[1380] call remove
[1381] call remove
[1375] return 10324
[1379] return 10328
[1377] return
[1378] return
[1376] return 10326
[1382] call remove
[1380] return 10329
[1383] call add(10355)
[1381] return 10335
[1384] call add(10356)
[1385] call add(10357)
[1386] call add(10358)
[1387] call remove
[1388] call remove
[1382] return 10334
[1383] return
[1384] return
[1385] return
[1386] return
[1389] call add(10359)
[1387] return 10337
[1390] call remove
[1388] return 10338
[1391] call remove
[1392] call remove
[1393] call add(10360)
[1394] call add(10361)
[1395] call add(10362)
[1389] return
[1390] return 10336
[1391] return 10330
[1392] return 10332
[1393] return
[1396] call add(10363)
[1394] return
[1397] call add(10364)
[1395] return
[1398] call remove
[1399] call add(10365)
[1400] call add(10366)
[1401] call add(10367)
[1402] call remove
[1396] return
[1397] return
[1398] return 10331
[1399] return
[1400] return
[1403] call add(10368)
[1401] return
[1404] call remove
[1402] return 10333
[1405] call remove
[1406] call remove
[1407] call remove
[1408] call add(10369)
[1409] call add(10370)
[1403] return
[1404] return 10339
[1405] return 10347
[1406] return 10342
[1407] return 10345
[1410] call remove
[1408] return
[1411] call add(10371)
[1409] return
[1412] call add(10372)
[1413] call add(10373)
[1414] call add(10374)
[1415] call add(10375)
[1416] call add(10376)
[1410] return 10343
[1411] return
[1412] return
[1413] return
[1414] return
[1417] call add(10377)
[1415] return
[1418] call add(10378)
[1416] return
[1419] call add(10379)
[1420] call remove
[1421] call add(10380)
[1422] call add(10381)
[1423] call add(10382)
[1417] return
[1418] return
[1419] return
[1420] return 10346
[1421] return
[1424] call add(10383)
[1422] return
[1425] call remove
[1423] return
[1426] call add(10384)
[1427] call add(10385)
[1428] call remove
[1429] call add(10386)
[1430] call add(10387)
[1424] return
[1425] return 10340
[1426] return
[1427] return
[1428] return 10348
[1431] call remove
[1429] return
[1432] call add(10388)
[1430] return
[1433] call add(10389)
[1434] call add(10390)
[1435] call remove
[1436] call add(10391)
[1437] call add(10392)
[1431] return 10341
[1432] return
[1433] return
[1434] return
[1435] return 10344
[1438] call add(10393)
[1436] return
[1439] call remove
[1437] return
[1440] call remove
[1441] call add(10394)
[1442] call add(10395)
[1443] call remove
[1444] call add(10396)
[1438] return
[1439] return 10352
[1440] return 10354
[1441] return
[1442] return
[1445] call add(10397)
[1443] return 10351
[1446] call remove
[1444] return
[1447] call remove
[1448] call add(10398)
[1449] call remove
[1450] call remove
[1451] call remove
[1445] return
[1446] return 10350
[1447] return 10349
[1448] return
[1449] return 10356
[1452] call remove
[1450] return 10355
[1453] call add(10399)
[1451] return 10357
[1454] call add(10400)
[1455] call add(10401)
[1456] call remove
[1457] call remove
[1458] call remove
[1452] return 10353
[1453] return
[1454] return
[1455] return
[1456] return 10358
[1459] call add(10402)
[1457] return 10361
[1460] call add(10403)
[1458] return 10363
[1461] call remove
[1462] call add(10404)
[1463] call add(10405)
[1464] call remove
[1465] call remove
[1459] return
[1460] return
[1461] return 10360
[1462] return
[1463] return
[1466] call remove
[1464] return 10359
[1467] call add(10406)
[1465] return 10366
[1468] call add(10407)
[1469] call remove
[1470] call remove
[1471] call remove
[1472] call add(10408)
[1466] return 10364
[1467] return
[1468] return
[1469] return 10365
[1470] return 10362
[1473] call add(10409)
[1471] return 10367
[1474] call remove
[1472] return
[1475] call remove
[1476] call remove
[1477] call add(10410)
[1478] call remove
[1479] call remove
[1473] return
[1474] return 10368
[1475] return 10372
[1476] return 10374
[1477] return
[1480] call add(10411)
[1478] return 10371
[1481] call add(10412)
[1479] return 10376
[1482] call add(10413)
[1483] call add(10414)
[1484] call add(10415)
[1485] call add(10416)
[1486] call remove
[1481] return
[1480] return
[1487] call remove
[1482] return
[1483] return
[1488] call remove
[1484] return
[1485] return
[1486] return 10370
[1489] call add(10417)
[1490] call add(10418)
[1491] call add(10419)
[1492] call remove
[1493] call add(10420)
[1487] return 10373
[1488] return 10378
[1494] call remove
[1489] return
[1490] return
[1495] call remove
[1491] return
[1492] return 10369
[1493] return
[1496] call add(10421)
[1497] call add(10422)
[1498] call add(10423)
[1499] call add(10424)
[1500] call remove
[1494] return 10375
[1495] return 10377
[1501] call remove
[1496] return
[1497] return
[1502] call remove
[1498] return
[1499] return
[1500] return 10388
[1503] call add(10425)
[1504] call remove
[1505] call add(10426)
[1506] call add(10427)
[1507] call remove
[1501] return 10383
[1502] return 10387
[1508] call remove
[1503] return
[1504] return 10379
[1509] call add(10428)
[1505] return
[1506] return
[1507] return 10382
[1510] call remove
[1511] call add(10429)
[1512] call remove
[1513] call remove
[1514] call add(10430)
[1508] return 10384
[1509] return
[1515] call remove
[1510] return 10380
[1511] return
[1516] call add(10431)
[1512] return 10381
[1513] return 10385
[1514] return
[1517] call remove
[1518] call remove
[1519] call remove
[1520] call add(10432)
[1521] call remove
[1515] return 10386
[1516] return
[1522] call remove
[1517] return 10396
[1518] return 10397
[1523] call add(10433)
[1519] return 10389
[1520] return
[1521] return 10390
[1524] call add(10434)
[1525] call remove
[1526] call remove
[1527] call remove
[1528] call remove
[1522] return 10392
[1523] return
[1529] call remove
[1524] return
[1525] return 10391
[1530] call remove
[1526] return 10393
[1527] return 10394
[1528] return 10398
[1531] call remove
[1532] call remove
[1533] call remove
[1534] call add(10435)
[1535] call add(10436)
[1529] return 10395
[1530] return 10403
[1536] call add(10437)
[1531] return 10402
[1532] return 10405
[1537] call add(10438)
[1533] return 10400
[1534] return
[1535] return
[1538] call add(10439)
[1539] call add(10440)
[1540] call add(10441)
[1541] call remove
[1542] call add(10442)
[1536] return
[1537] return
[1543] call remove
[1538] return
[1539] return
[1544] call add(10443)
[1540] return
[1541] return 10406
[1542] return
[1545] call remove
[1546] call remove
[1547] call add(10444)
[1548] call add(10445)
[1549] call remove
[1543] return 10404
[1544] return
[1550] call remove
[1545] return 10407
[1546] return 10408
[1551] call add(10446)
[1547] return
[1548] return
[1549] return 10401
[1552] call add(10447)
[1553] call add(10448)
[1554] call add(10449)
[1555] call remove
[1556] call add(10450)
[1550] return 10399
[1551] return
[1557] call remove
[1552] return
[1553] return
[1558] call remove
[1554] return
[1555] return 10417
[1556] return
[1559] call remove
[1560] call add(10451)
[1561] call remove
[1562] call remove
[1563] call remove
[1557] return 10416
[1558] return 10415
[1564] call remove
[1559] return 10409
[1560] return
[1565] call remove
[1561] return 10414
[1562] return 10418
[1563] return 10411
[1566] call add(10452)
[1567] call add(10453)
[1568] call add(10454)
[1569] call remove
[1570] call add(10455)
[1564] return 10413
[1565] return 10412
[1571] call remove
[1566] return
[1567] return
[1572] call remove
[1568] return
[1569] return 10410
[1570] return
[1573] call remove
[1574] call add(10456)
[1575] call remove
[1576] call remove
[1577] call add(10457)
[1571] return 10427
[1572] return 10425
[1578] call add(10458)
[1573] return 10419
[1574] return
[1579] call remove
[1575] return 10424
[1576] return 10420
[1577] return
[1580] call add(10459)
[1581] call remove
[1582] call remove
[1583] call remove
[1584] call remove
[1578] return
[1579] return 10428
[1585] call remove
[1580] return
[1581] return 10423
[1586] call add(10460)
[1582] return 10421
[1583] return 10422
[1584] return 10426
[1587] call remove
[1588] call remove
[1589] call remove
[1590] call remove
[1591] call add(10461)
[1586] return
[1588] return 10431
[1585] return 10438
[1587] return 10430
[1592] call remove
[1593] call add(10462)
[1590] return 10437
[1589] return 10432
[1594] call add(10463)
[1595] call add(10464)
[1596] call remove
[1597] call remove
[1591] return
[1592] return 10434
[1593] return
[1598] call add(10465)
[1594] return
[1595] return
[1599] call remove
[1596] return 10433
[1597] return 10436
[1600] call add(10466)
[1598] return
[1601] call add(10467)
[1602] call remove
[1603] call add(10468)
[1604] call add(10469)
[1602] return 10429
[1605] call add(10470)
[1600] return
[1599] return 10435
[1601] return
[1606] call add(10471)
[1604] return
[1607] call add(10472)
[1603] return
[1608] call remove
[1609] call add(10473)
[1605] return
[1610] call remove
[1611] call remove
[1606] return
[1612] call remove
[1607] return
[1608] return 10440
[1609] return
[1613] call add(10474)
[1610] return 10439
[1614] call remove
[1611] return 10443
[1615] call remove
[1616] call add(10475)
[1612] return 10441
[1617] call add(10476)
[1618] call add(10477)
[1615] return 10445
[1619] call add(10478)
[1614] return 10444
[1613] return
[1620] call add(10479)
[1616] return
[1617] return
[1621] call remove
[1618] return
[1622] call remove
[1619] return
[1623] call remove
[1624] call add(10480)
[1625] call remove
[1620] return
[1626] call add(10481)
[1621] return 10446
[1622] return 10447
[1627] call remove
[1623] return 10442
[1624] return
[1628] call remove
[1625] return 10448
[1629] call add(10482)
[1626] return
[1627] return 10458
[1630] call add(10483)
[1631] call remove
[1632] call add(10484)
[1633] call remove
[1634] call add(10485)
[1628] return 10457
[1629] return
[1630] return
[1635] call remove
[1631] return 10456
[1636] call add(10486)
[1632] return
[1633] return 10450
[1634] return
[1637] call remove
[1638] call remove
[1639] call add(10487)
[1640] call remove
[1641] call remove
[1635] return 10452
[1636] return
[1637] return 10449
[1642] call remove
[1638] return 10451
[1643] call add(10488)
[1639] return
[1640] return 10453
[1641] return 10454
[1644] call add(10489)
[1645] call remove
[1646] call add(10490)
[1647] call remove
[1648] call add(10491)
[1642] return 10455
[1643] return
[1644] return
[1649] call add(10492)
[1645] return 10462
[1650] call remove
[1651] call remove
[1647] return 10461
[1648] return
[1652] call remove
[1646] return
[1653] call add(10493)
[1654] call remove
[1649] return
[1655] call add(10494)
[1650] return 10460
[1651] return 10465
[1653] return
[1656] call remove
[1657] call remove
[1658] call add(10495)
[1652] return 10467
[1654] return 10466
[1659] call remove
[1655] return
[1660] call add(10496)
[1661] call remove
[1656] return 10463
[1662] call add(10497)
[1663] call add(10498)
[1658] return
[1659] return 10459
[1657] return 10464
[1664] call add(10499)
[1660] return
[1661] return 10469
[1665] call add(10500)
[1666] call add(10501)
[1662] return
[1663] return
[1667] call add(10502)
[1668] call remove
[1669] call add(10503)
[1664] return
[1670] call add(10504)
[1665] return
[1666] return
[1671] call remove
[1667] return
[1668] return 10474
[1672] call add(10505)
[1673] call remove
[1669] return
[1670] return
[1674] call add(10506)
[1675] call add(10507)
[1676] call remove
[1671] return 10471
[1677] call add(10508)
[1672] return
[1673] return 10475
[1678] call add(10509)
[1674] return
[1675] return
[1679] call remove
[1680] call add(10510)
[1676] return 10470
[1677] return
[1681] call remove
[1682] call add(10511)
[1678] return
[1679] return 10472
[1683] call add(10512)
[1684] call remove
[1680] return
[1683] return
[1685] call add(10513)
[1686] call add(10514)
[1687] call remove
[1682] return
[1688] call add(10515)
[1681] return 10468
[1684] return 10477
[1689] call remove
[1685] return
[1690] call add(10516)
[1686] return
[1687] return 10478
[1688] return
[1691] call add(10517)
[1692] call add(10518)
[1693] call add(10519)
[1690] return
[1694] call remove
[1689] return 10473
[1695] call remove
[1696] call remove
[1691] return
[1692] return
[1693] return
[1697] call add(10520)
[1694] return 10476
[1696] return 10483
[1695] return 10484
[1698] call remove
[1699] call remove
[1700] call add(10521)
[1701] call remove
[1702] call add(10522)
[1703] call remove
[1697] return
[1698] return 10479
[1699] return 10480
[1700] return
[1704] call remove
[1701] return 10481
[1702] return
[1703] return 10486
[1705] call remove
[1706] call remove
[1707] call add(10523)
[1708] call add(10524)
[1709] call remove
[1710] call remove
[1704] return 10485
[1708] return
[1705] return 10488
[1706] return 10487
[1707] return
[1711] call remove
[1709] return 10482
[1712] call add(10525)
[1713] call remove
[1714] call remove
[1715] call add(10526)
[1710] return 10492
[1716] call add(10527)
[1711] return 10497
[1717] call add(10528)
[1712] return
[1713] return 10494
[1714] return 10493
[1715] return
[1718] call remove
[1716] return
[1719] call remove
[1720] call remove
[1721] call add(10529)
[1722] call remove
[1717] return
[1723] call add(10530)
[1718] return 10496
[1724] call remove
[1719] return 10489
[1720] return 10498
[1721] return
[1722] return 10490
[1725] call remove
[1723] return
[1726] call add(10531)
[1727] call remove
[1728] call remove
[1729] call add(10532)
[1724] return 10495
[1730] call add(10533)
[1725] return 10491
[1731] call remove
[1726] return
[1727] return 10499
[1728] return 10501
[1729] return
[1732] call add(10534)
[1730] return
[1733] call remove
[1734] call add(10535)
[1735] call remove
[1736] call remove
[1731] return 10502
[1737] call remove
[1732] return
[1738] call add(10536)
[1733] return 10504
[1734] return
[1735] return 10505
[1736] return 10508
[1739] call remove
[1737] return 10500
[1740] call remove
[1741] call add(10537)
[1742] call add(10538)
[1743] call add(10539)
[1738] return
[1744] call add(10540)
[1739] return 10507
[1745] call add(10541)
[1740] return 10506
[1741] return
[1742] return
[1743] return
[1746] call remove
[1744] return
[1747] call add(10542)
[1748] call remove
[1749] call remove
[1750] call remove
[1745] return
[1751] call remove
[1746] return 10503
[1752] call add(10543)
[1747] return
[1748] return 10518
[1749] return 10509
[1750] return 10515
[1753] call add(10544)
[1751] return 10510
[1754] call remove
[1755] call add(10545)
[1756] call remove
[1757] call remove
[1752] return
[1758] call remove
[1753] return
[1759] call remove
[1754] return 10512
[1755] return
[1756] return 10511
[1757] return 10516
[1760] call remove
[1758] return 10514
[1761] call add(10546)
[1762] call remove
[1763] call add(10547)
[1764] call add(10548)
[1759] return 10517
[1765] call remove
[1760] return 10513
[1766] call remove
[1761] return
[1762] return 10525
[1763] return
[1764] return
[1767] call remove
[1765] return 10520
[1768] call remove
[1769] call remove
[1770] call remove
[1771] call add(10549)
[1766] return 10526
[1772] call remove
[1767] return 10527
[1773] call remove
[1768] return 10522
[1769] return 10528
[1770] return 10524
[1771] return
[1774] call add(10550)
[1772] return 10523
[1775] call add(10551)
[1776] call remove
[1777] call remove
[1778] call add(10552)
[1773] return 10519
[1779] call remove
[1774] return
[1780] call remove
[1775] return
[1776] return 10521
[1777] return 10530
[1778] return
[1781] call remove
[1779] return 10531
[1782] call add(10553)
[1783] call add(10554)
[1784] call add(10555)
[1785] call remove
[1780] return 10535
[1786] call remove
[1781] return 10533
[1787] call remove
[1782] return
[1783] return
[1784] return
[1785] return 10532
[1788] call add(10556)
[1786] return 10538
[1789] call add(10557)
[1790] call remove
[1791] call add(10558)
[1792] call remove
[1787] return 10537
[1793] call add(10559)
[1788] return
[1794] call remove
[1789] return
[1790] return 10529
[1791] return
[1792] return 10534
[1795] call add(10560)
[1793] return
[1796] call remove
[1797] call add(10561)
[1798] call remove
[1799] call remove
[1794] return 10536
[1800] call remove
[1795] return
[1801] call add(10562)
[1796] return 10546
[1800] return 10540
[1798] return 10544
[1799] return 10543
[1802] call remove
[1797] return
[1803] call add(10563)
[1804] call remove
[1805] call remove
[1806] call add(10564)
[1801] return
[1807] call remove
[1802] return 10545
[1804] return 10548
[1808] call remove
[1803] return
[1809] call add(10565)
[1806] return
[1805] return 10542
[1810] call remove
[1807] return 10539
[1811] call remove
[1812] call add(10566)
[1813] call remove
[1808] return 10541
[1814] call remove
[1809] return
[1810] return 10547
[1815] call remove
[1811] return 10552
[1816] call remove
[1812] return
[1813] return 10553
[1817] call add(10567)
[1814] return 10558
[1818] call add(10568)
[1819] call add(10569)
[1820] call remove
[1815] return 10550
[1821] call remove
[1816] return 10555
[1817] return
[1822] call remove
[1818] return
[1823] call add(10570)
[1819] return
[1820] return 10556
[1824] call remove
[1821] return 10557
[1825] call add(10571)
[1826] call add(10572)
[1827] call add(10573)
[1822] return 10551
[1828] call add(10574)
[1823] return
[1824] return 10554
[1829] call add(10575)
[1825] return
[1830] call remove
[1826] return
[1827] return
[1831] call add(10576)
[1828] return
[1832] call add(10577)
[1833] call remove
[1834] call remove
[1829] return
[1835] call add(10578)
[1830] return 10549
[1831] return
[1836] call add(10579)
[1832] return
[1837] call remove
[1833] return 10559
[1834] return 10567
[1838] call remove
[1835] return
[1839] call remove
[1840] call remove
[1841] call add(10580)
[1836] return
[1842] call add(10581)
[1837] return 10568
[1838] return 10561
[1843] call remove
[1839] return 10560
[1844] call remove
[1840] return 10564
[1841] return
[1845] call add(10582)
[1842] return
[1846] call add(10583)
[1847] call add(10584)
[1848] call add(10585)
[1843] return 10562
[1849] call add(10586)
[1844] return 10563
[1845] return
[1850] call add(10587)
[1846] return
[1851] call add(10588)
[1847] return
[1848] return
[1852] call remove
[1849] return
[1853] call remove
[1854] call remove
[1855] call remove
[1850] return
[1851] return
[1852] return 10566
[1853] return 10565
[1854] return 10578
[1855] return 10575
