# @object atomic-stack
[1] call pop
[2] call push(1)
[3] call push(2)
[4] call pop
[1] return empty
[4] return empty
[5] call push(3)
[6] call push(4)
[7] call pop
[3] return
[7] return 2
[8] call push(5)
[9] call pop
[9] return 3
[10] call pop
[11] call push(6)
[5] return
[10] return 6
[8] return
[12] call pop
[11] return
[12] return 4
[13] call push(7)
[14] call pop
[15] call pop
[15] return 5
[6] return
[14] return 1
[16] call pop
[16] return 7
[17] call pop
[18] call pop
[19] call pop
[18] return empty
[20] call push(8)
[17] return empty
[19] return empty
[21] call pop
[2] return
[21] return empty
[22] call push(9)
[23] call push(10)
[13] return
[24] call pop
[25] call push(11)
[24] return 10
[26] call pop
[20] return
[26] return 8
[27] call push(12)
[23] return
[28] call push(13)
[29] call push(14)
[30] call pop
[22] return
[30] return 12
[31] call pop
[27] return
[32] call pop
[31] return 9
[33] call push(15)
[32] return 13
[28] return
[34] call pop
[35] call pop
[34] return 11
[35] return empty
[25] return
[36] call push(16)
[37] call push(17)
[38] call push(18)
[29] return
[39] call pop
[33] return
[40] call push(19)
[39] return 15
[41] call push(20)
[42] call pop
[43] call pop
[43] return 16
[42] return 17
[37] return
[40] return
[36] return
[44] call push(21)
[45] call push(22)
[46] call push(23)
[47] call push(24)
[41] return
[38] return
[48] call push(25)
[47] return
[46] return
[49] call pop
[50] call pop
[49] return 22
[51] call push(26)
[50] return 21
[52] call push(27)
[44] return
[53] call pop
[54] call pop
[55] call pop
[53] return 24
[54] return 18
[55] return 23
[45] return
[56] call pop
[57] call push(28)
[56] return 27
[58] call pop
[58] return 28
[52] return
[59] call push(29)
[48] return
[60] call push(30)
[61] call push(31)
[57] return
[62] call push(32)
[63] call push(33)
[51] return
[64] call push(34)
[59] return
[60] return
[65] call push(35)
[63] return
[66] call pop
[67] call pop
[66] return 34
[67] return 32
[61] return
[62] return
[68] call push(36)
[69] call push(37)
[70] call push(38)
[71] call pop
[71] return 36
[64] return
[72] call pop
[73] call pop
[74] call pop
[72] return 31
[73] return 33
[68] return
[75] call push(39)
[76] call pop
[74] return 30
[77] call push(40)
[76] return 35
[69] return
[78] call pop
[65] return
[75] return
[78] return 38
[79] call push(41)
[80] call pop
[80] return 37
[81] call pop
[82] call push(42)
[81] return 39
[79] return
[70] return
[83] call pop
[84] call pop
[83] return 41
[85] call push(43)
[86] call push(44)
[87] call push(45)
[84] return 29
[77] return
[88] call push(46)
[89] call pop
[86] return
[89] return 43
[90] call pop
[85] return
[87] return
[90] return 46
[91] call pop
[92] call pop
[93] call push(47)
[92] return 45
[91] return 42
[94] call push(48)
[95] call push(49)
[88] return
[96] call pop
[82] return
[96] return 47
[97] call push(50)
[98] call push(51)
[95] return
[93] return
[99] call pop
[99] return 50
[100] call push(52)
[101] call pop
[102] call push(53)
[101] return 52
[94] return
[97] return
[103] call push(54)
[100] return
[104] call pop
[105] call push(55)
[104] return 51
[106] call pop
[106] return 49
[107] call pop
[98] return
[107] return 54
[108] call push(56)
[109] call pop
[110] call pop
[109] return 55
[110] return 48
[105] return
[111] call pop
[103] return
[111] return 44
[112] call pop
[108] return
[112] return 56
[113] call pop
[114] call push(57)
[113] return 53
[115] call pop
[115] return 40
[116] call pop
[117] call push(58)
[116] return 58
[102] return
[117] return
[118] call pop
[119] call push(59)
[120] call pop
[118] return 26
[121] call pop
[120] return 25
[122] call push(60)
[121] return 20
[123] call push(61)
[124] call pop
[125] call push(62)
[124] return 19
[126] call pop
[126] return 57
[119] return
[114] return
[127] call push(63)
[128] call push(64)
[129] call pop
[125] return
[129] return 62
[130] call push(65)
[122] return
[127] return
[131] call pop
[131] return 61
[132] call push(66)
[123] return
[130] return
[133] call pop
[134] call pop
[133] return 65
[134] return 63
[132] return
[135] call pop
[136] call push(67)
[137] call push(68)
[138] call pop
[135] return 66
[139] call push(69)
[140] call push(70)
[138] return 60
[141] call pop
[142] call pop
[141] return 59
[143] call pop
[142] return 14
[143] return 64
[128] return
[144] call pop
[144] return 68
[145] call pop
[146] call pop
[140] return
[137] return
[146] return 67
[145] return 70
[147] call pop
[148] call push(71)
[149] call push(72)
[150] call push(73)
[147] return 71
[136] return
[151] call pop
[151] return 72
[152] call push(74)
[139] return
[149] return
[153] call pop
[153] return 73
[148] return
[154] call pop
[150] return
[155] call push(75)
[154] return 69
[156] call push(76)
[157] call pop
[158] call push(77)
[157] return 74
[159] call pop
[159] return empty
[160] call pop
[161] call push(78)
[160] return empty
[152] return
[162] call push(79)
[163] call pop
[163] return 76
[158] return
[164] call push(80)
[155] return
[165] call push(81)
[166] call push(82)
[156] return
[167] call pop
[167] return 82
[164] return
[168] call pop
[168] return 79
[169] call push(83)
[162] return
[170] call pop
[170] return 78
[171] call push(84)
[166] return
[172] call push(85)
[161] return
[173] call push(86)
[174] call pop
[174] return 81
[169] return
[175] call pop
[173] return
[176] call pop
[175] return 86
[176] return 83
[165] return
[177] call pop
[178] call pop
[177] return 85
[178] return 84
[179] call push(87)
[172] return
[180] call pop
[181] call pop
[182] call push(88)
[183] call pop
[181] return 80
[180] return 75
[171] return
[183] return 77
[184] call pop
[185] call pop
[184] return empty
[186] call push(89)
[185] return empty
[187] call push(90)
[188] call pop
[188] return empty
[189] call pop
[190] call pop
[189] return 90
[190] return empty
[179] return
[191] call push(91)
[192] call pop
[192] return 88
[193] call pop
[194] call pop
[193] return 87
[195] call pop
[194] return empty
[196] call pop
[195] return empty
[196] return empty
[187] return
[197] call pop
[198] call push(92)
[199] call pop
[200] call push(93)
[199] return empty
[197] return empty
[182] return
[201] call pop
[202] call push(94)
[201] return 91
[191] return
[203] call push(95)
[204] call push(96)
[186] return
[198] return
[205] call push(97)
[205] return
[206] call push(98)
[207] call pop
[208] call push(99)
[200] return
[207] return 98
[204] return
[202] return
[209] call pop
[210] call pop
[211] call push(100)
[212] call push(101)
[210] return 95
[206] return
[209] return 94
[213] call pop
[213] return 97
[203] return
[214] call pop
[214] return 96
[215] call pop
[216] call pop
[215] return 100
[216] return 93
[211] return
[217] call pop
[218] call pop
[219] call push(102)
[218] return 101
[217] return 99
[220] call push(103)
[221] call pop
[212] return
[221] return 103
[222] call pop
[220] return
[222] return 92
[223] call push(104)
[224] call pop
[224] return 89
[225] call push(105)
[208] return
[226] call push(106)
[227] call push(107)
[219] return
[228] call pop
[228] return 105
[229] call pop
[229] return 102
[230] call pop
[225] return
[226] return
[230] return 106
[231] call push(108)
[232] call push(109)
[233] call pop
[234] call pop
[234] return 104
[233] return 107
[235] call pop
[235] return empty
[227] return
[236] call pop
[237] call push(110)
[223] return
[238] call push(111)
[236] return 109
[232] return
[239] call pop
[239] return 108
[240] call push(112)
[241] call push(113)
[231] return
[242] call push(114)
[243] call pop
[243] return empty
[238] return
[244] call push(115)
[245] call push(116)
[240] return
[241] return
[246] call pop
[247] call pop
[246] return 114
[237] return
[247] return 112
[248] call pop
[249] call push(117)
[242] return
[248] return 113
[244] return
[250] call push(118)
[251] call pop
[252] call push(119)
[253] call pop
[251] return 115
[253] return 116
[245] return
[254] call push(120)
[255] call push(121)
[252] return
[256] call push(122)
[257] call push(123)
[249] return
[254] return
[258] call push(124)
[250] return
[259] call push(125)
[260] call push(126)
[257] return
[261] call pop
[262] call push(127)
[259] return
[261] return 122
[256] return
[255] return
[260] return
[258] return
[263] call pop
[264] call pop
[265] call pop
[266] call pop
[263] return 124
[264] return 126
[265] return 127
[267] call pop
[268] call pop
[266] return 121
[262] return
[268] return 125
[267] return 123
[269] call push(129)
[270] call pop
[271] call push(130)
[272] call push(128)
[273] call pop
[270] return 118
[274] call push(131)
[273] return 120
[275] call push(132)
[276] call pop
[277] call pop
[272] return
[276] return 128
[277] return 119
[278] call pop
[278] return 131
[279] call push(133)
[271] return
[280] call push(134)
[275] return
[281] call push(135)
[282] call push(136)
[282] return
[279] return
[274] return
[269] return
[281] return
[283] call pop
[284] call pop
[283] return 133
[285] call push(137)
[286] call pop
[284] return 136
[287] call push(138)
[286] return 134
[288] call pop
[288] return 135
[289] call push(139)
[290] call push(140)
[280] return
[291] call push(141)
[292] call pop
[287] return
[293] call pop
[292] return 138
[293] return 132
[294] call push(142)
[289] return
[295] call push(143)
[296] call pop
[297] call push(144)
[290] return
[296] return 143
[285] return
[291] return
[298] call pop
[298] return 140
[295] return
[299] call push(145)
[300] call pop
[301] call pop
[301] return 145
[302] call pop
[300] return 142
[302] return 137
[294] return
[303] call pop
[299] return
[303] return 141
[304] call push(146)
[305] call pop
[306] call push(147)
[307] call pop
[307] return 144
[305] return 139
[308] call pop
[309] call pop
[308] return 129
[309] return 130
[310] call pop
[310] return 117
[311] call pop
[297] return
[311] return 110
[312] call pop
[313] call pop
[314] call push(148)
[312] return 111
[313] return 146
[304] return
[315] call pop
[315] return empty
[316] call push(149)
[317] call push(150)
[318] call pop
[319] call pop
[318] return empty
[319] return empty
[320] call push(151)
[316] return
[306] return
[321] call pop
[322] call pop
[323] call pop
[314] return
[321] return 151
[323] return 150
[322] return 148
[324] call push(152)
[320] return
[325] call push(153)
[317] return
[326] call pop
[327] call push(154)
[328] call pop
[326] return 149
[328] return 147
[329] call pop
[330] call push(155)
[329] return empty
[327] return
[331] call push(156)
[324] return
[332] call pop
[332] return 152
[333] call push(157)
[334] call pop
[335] call push(158)
[331] return
[336] call push(159)
[334] return 153
[330] return
[325] return
[337] call pop
[338] call push(160)
[337] return 159
[333] return
[339] call pop
[339] return 158
[340] call push(161)
[341] call pop
[335] return
[342] call pop
[341] return 157
[336] return
[343] call pop
[342] return 155
[343] return 156
[344] call pop
[344] return 154
[345] call push(162)
[346] call push(163)
[347] call push(164)
[348] call pop
[348] return 161
[340] return
[349] call push(165)
[350] call pop
[338] return
[350] return 165
[351] call pop
[349] return
[351] return 163
[345] return
[352] call push(166)
[346] return
[353] call pop
[354] call push(167)
[352] return
[355] call pop
[356] call push(168)
[357] call push(169)
[358] call push(170)
[353] return 164
[355] return 166
[347] return
[359] call pop
[360] call push(171)
[356] return
[359] return 168
[361] call pop
[361] return 167
[354] return
[362] call pop
[362] return 170
[363] call pop
[363] return 171
[364] call push(172)
[360] return
[365] call push(173)
[366] call push(174)
[358] return
[357] return
[367] call push(175)
[368] call pop
[369] call push(176)
[368] return 169
[370] call push(177)
[371] call pop
[365] return
[371] return 173
[372] call push(178)
[373] call pop
[373] return 177
[364] return
[372] return
[370] return
[374] call push(179)
[367] return
[375] call pop
[375] return 175
[376] call pop
[377] call push(180)
[378] call pop
[376] return 176
[379] call push(181)
[369] return
[366] return
[380] call pop
[378] return 174
[380] return 172
[381] call pop
[381] return 178
[382] call pop
[382] return 181
[383] call push(182)
[384] call pop
[384] return 162
[385] call push(183)
[386] call pop
[379] return
[387] call push(184)
[388] call push(185)
[386] return 180
[389] call push(186)
[377] return
[387] return
[374] return
[390] call push(187)
[391] call push(188)
[392] call pop
[392] return 182
[383] return
[385] return
[389] return
[388] return
[390] return
[393] call pop
[394] call pop
[395] call push(189)
[394] return 185
[393] return 186
[396] call push(190)
[397] call push(191)
[391] return
[398] call push(192)
[399] call push(193)
[400] call pop
[401] call pop
[400] return 192
[401] return 183
[398] return
[402] call push(194)
[403] call push(195)
[397] return
[395] return
[399] return
[396] return
[404] call push(196)
[405] call push(197)
[406] call push(198)
[407] call push(199)
[408] call pop
[408] return 196
[409] call push(200)
[402] return
[409] return
[404] return
[410] call pop
[410] return 195
[411] call push(201)
[412] call pop
[412] return 199
[407] return
[406] return
[403] return
[413] call push(202)
[414] call pop
[415] call pop
[414] return 197
[415] return 198
[416] call pop
[405] return
[416] return 200
[417] call push(203)
[418] call pop
[418] return 194
[419] call push(204)
[420] call push(205)
[421] call pop
[421] return 201
[411] return
[422] call push(206)
[423] call push(207)
[413] return
[424] call push(208)
[419] return
[420] return
[425] call push(209)
[426] call pop
[423] return
[427] call pop
[422] return
[426] return 206
[417] return
[427] return 203
[428] call pop
[429] call pop
[430] call push(210)
[428] return 208
[431] call pop
[425] return
[432] call push(211)
[429] return 209
[431] return 207
[433] call push(212)
[424] return
[434] call push(213)
[435] call pop
[435] return 205
[436] call push(214)
[437] call pop
[438] call push(215)
[437] return 204
[436] return
[433] return
[439] call push(216)
[440] call push(217)
[441] call push(218)
[430] return
[442] call push(219)
[434] return
[432] return
[438] return
[442] return
[443] call pop
[443] return 218
[444] call push(220)
[445] call pop
[446] call pop
[447] call pop
[447] return 220
[441] return
[445] return 216
[446] return 219
[444] return
[448] call push(221)
[449] call push(222)
[450] call pop
[450] return 217
[451] call push(223)
[439] return
[452] call pop
[452] return 213
[453] call push(224)
[440] return
[454] call push(225)
[455] call push(226)
[456] call push(227)
[448] return
[457] call pop
[457] return 225
[454] return
[451] return
[453] return
[449] return
[458] call pop
[456] return
[459] call push(228)
[460] call pop
[461] call pop
[462] call pop
[458] return 227
[459] return
[460] return 228
[461] return 222
[462] return 224
[463] call push(229)
[464] call pop
[465] call pop
[465] return 223
[464] return 221
[466] call pop
[467] call push(230)
[468] call push(231)
[469] call pop
[466] return 226
[470] call pop
[471] call push(232)
[469] return 229
[470] return 210
[472] call push(233)
[455] return
[473] call pop
[463] return
[474] call pop
[473] return 212
[474] return 215
[475] call push(234)
[476] call pop
[476] return 211
[477] call push(235)
[471] return
[478] call pop
[479] call pop
[478] return 235
[479] return 231
[480] call pop
[477] return
[468] return
[480] return 234
[472] return
[481] call pop
[482] call pop
[467] return
[481] return 230
[482] return 233
[483] call pop
[484] call pop
[485] call push(236)
[483] return 214
[484] return 232
[475] return
[486] call push(237)
[487] call pop
[488] call pop
[489] call pop
[490] call pop
[487] return 202
[488] return 189
[490] return 193
[491] call push(238)
[489] return 236
[492] call push(239)
[493] call push(240)
[485] return
[494] call pop
[495] call push(241)
[494] return 240
[491] return
[486] return
[496] call push(242)
[497] call push(243)
[498] call push(244)
[493] return
[499] call pop
[500] call pop
[492] return
[499] return 243
[500] return 239
[495] return
[501] call push(245)
[502] call push(246)
[497] return
[503] call pop
[503] return 242
[504] call push(247)
[505] call pop
[496] return
[506] call push(248)
[505] return 246
[502] return
[498] return
[507] call pop
[507] return 245
[508] call pop
[509] call pop
[508] return 244
[509] return 241
[510] call pop
[510] return 247
[511] call pop
[504] return
[501] return
[511] return 237
[512] call pop
[512] return 248
[513] call pop
[514] call pop
[515] call pop
[506] return
[513] return 238
[516] call push(249)
[517] call push(250)
[518] call push(251)
[514] return 191
[515] return 190
[519] call push(252)
[520] call push(253)
[521] call pop
[522] call pop
[522] return 249
[521] return 251
[516] return
[518] return
[523] call push(254)
[524] call pop
[525] call push(255)
[524] return 253
[520] return
[526] call pop
[527] call push(256)
[526] return 250
[519] return
[525] return
[528] call push(257)
[517] return
[528] return
[527] return
[523] return
