# @object atomic-stack
[1] call push(1)
[2] call pop
[2] return empty
[3] call pop
[4] call push(2)
[3] return empty
[5] call push(3)
[6] call push(4)
[7] call pop
[8] call pop
[9] call push(5)
[8] return empty
[7] return empty
[10] call push(6)
[1] return
[11] call pop
[6] return
[12] call pop
[11] return 2
[13] call pop
[12] return 4
[13] return 3
[14] call pop
[4] return
[15] call pop
[16] call pop
[15] return 1
[17] call push(7)
[16] return empty
[14] return 5
[5] return
[18] call pop
[18] return 6
[10] return
[19] call pop
[9] return
[20] call push(8)
[19] return 7
[21] call pop
[22] call pop
[17] return
[22] return empty
[21] return 8
[23] call push(9)
[24] call pop
[25] call pop
[25] return empty
[24] return empty
[26] call pop
[27] call push(10)
[26] return empty
[20] return
[28] call pop
[28] return empty
[29] call pop
[30] call pop
[30] return 10
[29] return empty
[31] call pop
[32] call push(11)
[27] return
[31] return empty
[33] call pop
[33] return 9
[23] return
[34] call push(12)
[35] call pop
[36] call push(13)
[37] call push(14)
[38] call push(15)
[35] return 13
[39] call pop
[34] return
[39] return 12
[36] return
[40] call pop
[40] return 11
[32] return
[41] call pop
[42] call pop
[43] call pop
[41] return empty
[42] return empty
[43] return empty
[44] call push(16)
[45] call pop
[46] call push(17)
[47] call push(18)
[45] return empty
[38] return
[48] call push(19)
[49] call pop
[49] return 15
[46] return
[37] return
[44] return
[50] call pop
[51] call push(20)
[50] return 16
[52] call push(21)
[53] call push(22)
[54] call pop
[48] return
[54] return 19
[55] call push(23)
[47] return
[56] call push(24)
[57] call pop
[57] return 21
[55] return
[58] call push(25)
[51] return
[56] return
[59] call push(26)
[60] call pop
[52] return
[61] call push(27)
[53] return
[62] call pop
[60] return 25
[63] call push(28)
[58] return
[62] return 27
[64] call push(29)
[65] call push(30)
[66] call pop
[67] call pop
[66] return 28
[67] return 20
[68] call pop
[68] return 26
[61] return
[69] call pop
[63] return
[69] return 29
[70] call push(31)
[71] call push(32)
[59] return
[72] call push(33)
[73] call push(34)
[64] return
[74] call pop
[75] call pop
[75] return 30
[74] return 22
[76] call pop
[76] return 23
[65] return
[77] call pop
[77] return 34
[78] call pop
[79] call push(35)
[78] return 31
[70] return
[80] call pop
[80] return 33
[73] return
[72] return
[81] call pop
[82] call push(36)
[79] return
[81] return 35
[83] call pop
[84] call pop
[85] call pop
[71] return
[86] call push(37)
[85] return 32
[87] call pop
[83] return 24
[88] call pop
[84] return 17
[88] return 14
[87] return 18
[89] call push(38)
[90] call pop
[90] return empty
[91] call pop
[92] call push(39)
[91] return 38
[93] call push(40)
[94] call push(41)
[89] return
[95] call push(42)
[96] call push(43)
[82] return
[95] return
[97] call push(44)
[86] return
[98] call push(45)
[99] call pop
[93] return
[94] return
[99] return 39
[100] call push(46)
[92] return
[101] call push(47)
[98] return
[102] call push(48)
[97] return
[103] call pop
[103] return 43
[104] call pop
[96] return
[105] call push(49)
[100] return
[104] return 46
[106] call push(50)
[107] call pop
[108] call push(51)
[107] return 47
[101] return
[109] call pop
[110] call pop
[109] return 45
[110] return 44
[111] call push(52)
[112] call push(53)
[113] call push(54)
[108] return
[105] return
[114] call pop
[102] return
[115] call pop
[114] return 50
[115] return 51
[111] return
[116] call push(55)
[112] return
[117] call pop
[106] return
[117] return 53
[113] return
[118] call pop
[119] call push(56)
[118] return 54
[120] call push(57)
[116] return
[121] call pop
[122] call pop
[123] call pop
[123] return 55
[124] call push(58)
[121] return 52
[122] return 48
[125] call pop
[126] call pop
[125] return 58
[126] return 49
[127] call push(59)
[128] call pop
[129] call push(60)
[128] return 57
[130] call push(61)
[120] return
[124] return
[131] call pop
[131] return 56
[132] call push(62)
[127] return
[133] call pop
[130] return
[133] return 60
[134] call push(63)
[135] call pop
[136] call push(64)
[132] return
[119] return
[135] return 62
[137] call pop
[138] call pop
[129] return
[139] call pop
[139] return 61
[138] return 59
[137] return 40
[140] call push(65)
[141] call push(66)
[142] call push(67)
[143] call push(68)
[134] return
[144] call pop
[145] call pop
[144] return 63
[145] return 41
[142] return
[146] call pop
[146] return 68
[136] return
[147] call push(69)
[148] call push(70)
[143] return
[141] return
[149] call push(71)
[140] return
[150] call push(72)
[151] call pop
[152] call push(73)
[151] return 70
[150] return
[153] call pop
[148] return
[153] return 73
[154] call push(74)
[155] call pop
[155] return 72
[152] return
[156] call pop
[156] return 69
[147] return
[157] call pop
[158] call pop
[159] call pop
[157] return 65
[160] call push(75)
[158] return 74
[161] call pop
[159] return 71
[154] return
[161] return 67
[162] call pop
[149] return
[163] call push(76)
[162] return 66
[164] call push(77)
[165] call push(78)
[166] call pop
[167] call push(79)
[168] call push(80)
[166] return 76
[160] return
[163] return
[169] call pop
[169] return 78
[168] return
[170] call pop
[170] return 77
[164] return
[171] call pop
[165] return
[171] return 80
[172] call pop
[173] call pop
[172] return 79
[174] call pop
[174] return 64
[173] return 75
[175] call pop
[176] call pop
[175] return 42
[176] return 37
[177] call push(81)
[178] call push(82)
[179] call pop
[180] call pop
[181] call push(83)
[179] return 36
[180] return 81
[167] return
[182] call push(84)
[183] call push(85)
[184] call pop
[184] return empty
[185] call pop
[177] return
[185] return empty
[186] call push(86)
[187] call push(87)
[188] call push(88)
[178] return
[182] return
[183] return
[189] call push(89)
[190] call pop
[190] return 87
[188] return
[181] return
[191] call pop
[191] return 88
[187] return
[192] call pop
[193] call pop
[193] return 86
[192] return 83
[194] call push(90)
[195] call pop
[186] return
[195] return 90
[196] call push(91)
[197] call push(92)
[198] call push(93)
[199] call push(94)
[194] return
[189] return
[200] call pop
[201] call push(95)
[202] call push(96)
[200] return 91
[196] return
[203] call push(97)
[201] return
[204] call push(98)
[199] return
[197] return
[202] return
[205] call pop
[205] return 96
[198] return
[206] call push(99)
[207] call push(100)
[208] call push(101)
[209] call push(102)
[210] call push(103)
[207] return
[203] return
[204] return
[206] return
[209] return
[211] call push(104)
[212] call push(105)
[213] call push(106)
[214] call push(107)
[215] call pop
[210] return
[215] return 105
[208] return
[216] call pop
[217] call push(108)
[212] return
[211] return
[216] return 101
[218] call pop
[219] call pop
[220] call pop
[218] return 107
[219] return 104
[221] call pop
[222] call pop
[222] return 103
[221] return 98
[220] return 102
[223] call push(109)
[224] call pop
[214] return
[224] return 99
[213] return
[225] call push(110)
[226] call push(111)
[227] call push(113)
[228] call push(112)
[229] call push(114)
[217] return
[230] call push(115)
[225] return
[231] call pop
[231] return 110
[227] return
[232] call push(116)
[229] return
[223] return
[233] call push(117)
[230] return
[234] call push(118)
[226] return
[228] return
[235] call pop
[236] call pop
[235] return 111
[232] return
[237] call pop
[238] call push(119)
[236] return 116
[239] call push(120)
[237] return 118
[234] return
[240] call pop
[240] return 117
[241] call pop
[241] return 112
[242] call pop
[242] return 120
[233] return
[243] call push(121)
[244] call pop
[239] return
[245] call pop
[244] return 115
[245] return 109
[246] call push(122)
[247] call pop
[247] return 119
[248] call push(123)
[249] call push(124)
[250] call push(125)
[251] call pop
[246] return
[251] return 121
[238] return
[252] call pop
[252] return 122
[243] return
[250] return
[249] return
[253] call pop
[254] call pop
[255] call push(126)
[256] call pop
[257] call pop
[248] return
[258] call pop
[256] return 124
[253] return 113
[257] return 114
[259] call pop
[258] return 123
[254] return 125
[260] call push(127)
[259] return 126
[261] call push(128)
[255] return
[262] call push(129)
[263] call pop
[264] call push(130)
[263] return 128
[265] call pop
[265] return 108
[266] call pop
[267] call push(131)
[266] return 106
[268] call push(132)
[269] call pop
[269] return 130
[261] return
[264] return
[270] call push(133)
[260] return
[271] call push(134)
[267] return
[272] call pop
[268] return
[272] return 129
[273] call pop
[262] return
[271] return
[274] call push(135)
[273] return 133
[275] call push(136)
[276] call push(137)
[277] call push(138)
[270] return
[278] call pop
[279] call pop
[280] call push(139)
[279] return 137
[278] return 134
[281] call pop
[276] return
[282] call push(140)
[281] return 132
[283] call pop
[283] return 135
[284] call push(141)
[285] call pop
[285] return 136
[286] call pop
[280] return
[282] return
[287] call push(142)
[286] return 140
[274] return
[275] return
[288] call pop
[289] call pop
[288] return 138
[289] return 139
[290] call pop
[290] return 131
[277] return
[291] call push(143)
[292] call pop
[292] return 127
[293] call push(144)
[294] call push(145)
[295] call pop
[296] call pop
[284] return
[295] return 141
[296] return 143
[297] call pop
[297] return 142
[287] return
[298] call push(146)
[299] call pop
[291] return
[299] return 144
[300] call push(147)
[301] call push(148)
[302] call push(149)
[293] return
[303] call pop
[303] return 147
[294] return
[304] call pop
[304] return 145
[305] call pop
[300] return
[305] return 146
[306] call pop
[307] call pop
[308] call pop
[306] return 148
[307] return 97
[308] return 100
[298] return
[309] call pop
[310] call push(150)
[311] call pop
[311] return 93
[309] return 92
[312] call push(151)
[313] call push(152)
[301] return
[313] return
[314] call pop
[315] call pop
[302] return
[314] return 152
[316] call pop
[316] return 95
[315] return 149
[317] call push(153)
[318] call pop
[319] call push(154)
[318] return 151
[310] return
[312] return
[320] call push(155)
[321] call pop
[322] call pop
[321] return 150
[322] return 94
[323] call pop
[323] return 155
[320] return
[317] return
[324] call push(156)
[325] call push(157)
[326] call pop
[327] call push(158)
[319] return
[328] call pop
[326] return 156
[329] call pop
[330] call pop
[331] call pop
[328] return 153
[329] return 154
[330] return 89
[331] return 85
[332] call push(159)
[333] call pop
[333] return 84
[334] call pop
[324] return
[335] call pop
[334] return 82
[336] call pop
[335] return empty
[336] return 157
[337] call pop
[338] call pop
[337] return 159
[339] call pop
[339] return empty
[338] return 158
[340] call push(160)
[327] return
[325] return
[341] call pop
[342] call pop
[332] return
[343] call push(161)
[344] call push(162)
[342] return empty
[345] call push(163)
[341] return empty
[346] call pop
[346] return empty
[347] call pop
[347] return 161
[344] return
[348] call push(164)
[349] call pop
[345] return
[350] call pop
[350] return 160
[351] call push(165)
[349] return 163
[340] return
[343] return
[352] call push(166)
[353] call pop
[353] return 162
[354] call push(167)
[355] call pop
[355] return empty
[356] call push(168)
[357] call push(169)
[358] call pop
[358] return 166
[359] call push(170)
[351] return
[352] return
[360] call push(171)
[348] return
[361] call push(172)
[362] call push(173)
[354] return
[363] call pop
[363] return 169
[362] return
[357] return
[364] call push(174)
[356] return
[360] return
[359] return
[361] return
[365] call push(175)
[366] call push(176)
[367] call pop
[368] call push(177)
[369] call pop
[369] return 174
[367] return 176
[370] call push(178)
[366] return
[371] call pop
[371] return 172
[364] return
[372] call push(179)
[373] call pop
[370] return
[373] return 178
[374] call pop
[375] call pop
[374] return 175
[376] call pop
[376] return 170
[375] return 171
[377] call pop
[365] return
[378] call pop
[379] call pop
[377] return 179
[380] call pop
[378] return 177
[380] return 173
[381] call push(180)
[382] call push(181)
[379] return 168
[383] call pop
[368] return
[383] return 180
[384] call pop
[385] call push(182)
[381] return
[386] call push(183)
[387] call pop
[384] return 167
[387] return 164
[372] return
[388] call pop
[389] call pop
[389] return 183
[390] call pop
[390] return 165
[388] return empty
[391] call pop
[392] call push(184)
[393] call push(185)
[391] return empty
[386] return
[394] call pop
[394] return 184
[395] call push(186)
[382] return
[396] call pop
[385] return
[396] return 185
[392] return
[397] call push(187)
[398] call pop
[399] call pop
[400] call push(188)
[399] return 181
[398] return 182
[393] return
[401] call pop
[402] call push(189)
[401] return 187
[403] call push(190)
[404] call push(191)
[395] return
[397] return
[405] call pop
[402] return
[406] call pop
[404] return
[407] call push(192)
[405] return 191
[406] return 188
[400] return
[408] call push(193)
[409] call pop
[410] call push(194)
[409] return 189
[411] call push(195)
[412] call pop
[413] call push(196)
[412] return 186
[414] call pop
[414] return 196
[403] return
[410] return
[407] return
[413] return
[415] call push(197)
[416] call pop
[416] return 193
[411] return
[417] call pop
[417] return 195
[418] call push(198)
[408] return
[419] call pop
[420] call push(199)
[421] call pop
[419] return 192
[422] call pop
[421] return 194
[423] call pop
[424] call pop
[422] return 190
[424] return empty
[423] return empty
[425] call push(200)
[426] call pop
[427] call pop
[426] return 197
[427] return 198
[428] call pop
[415] return
[428] return empty
[429] call push(201)
[418] return
[430] call push(202)
[431] call push(203)
[432] call pop
[431] return
[432] return 199
[420] return
[433] call push(204)
[434] call push(205)
[429] return
[435] call pop
[425] return
[436] call pop
[435] return 201
[437] call push(206)
[436] return 200
[438] call push(207)
[439] call push(208)
[433] return
[440] call pop
[440] return 204
[430] return
[441] call pop
[441] return 206
[442] call pop
[439] return
[442] return 207
[434] return
[443] call pop
[438] return
[444] call push(209)
[437] return
[445] call push(210)
[443] return 208
[446] call pop
[446] return 205
[447] call pop
[448] call push(211)
[449] call push(212)
[447] return 202
[450] call push(213)
[449] return
[451] call pop
[452] call push(214)
[451] return 212
[453] call push(215)
[448] return
[454] call push(216)
[445] return
[455] call push(217)
[454] return
[444] return
[450] return
[456] call push(218)
[457] call pop
[457] return 213
[452] return
[458] call push(219)
[459] call push(220)
[460] call push(221)
[461] call push(222)
[455] return
[460] return
[453] return
[462] call pop
[463] call pop
[464] call push(223)
[462] return 215
[458] return
[465] call push(224)
[463] return 220
[459] return
[465] return
[456] return
[466] call push(225)
[467] call push(226)
[468] call pop
[469] call push(227)
[468] return 222
[470] call push(228)
[461] return
[471] call pop
[471] return 226
[466] return
[470] return
[467] return
[469] return
[472] call push(229)
[464] return
[473] call push(230)
[474] call push(231)
[475] call push(232)
[476] call push(233)
[477] call push(234)
[478] call pop
[478] return 223
[479] call push(235)
[473] return
[474] return
[475] return
[477] return
[476] return
[480] call pop
[481] call push(236)
[472] return
[482] call pop
[483] call push(237)
[482] return 235
[480] return 233
[484] call pop
[484] return 229
[485] call push(238)
[479] return
[486] call pop
[487] call pop
[488] call pop
[489] call pop
[489] return 232
[486] return 236
[488] return 238
[485] return
[487] return 230
[481] return
[490] call pop
[491] call push(239)
[492] call push(240)
[490] return 234
[493] call push(241)
[494] call pop
[483] return
[495] call push(242)
[494] return 237
[496] call push(243)
[497] call push(244)
[493] return
[498] call push(245)
[492] return
[491] return
[499] call push(246)
[495] return
[497] return
[500] call push(247)
[496] return
[501] call pop
[502] call push(248)
[503] call pop
[501] return 243
[503] return 244
[504] call push(249)
[500] return
[502] return
[499] return
[505] call push(250)
[498] return
[506] call pop
[507] call pop
[504] return
[508] call pop
[508] return 246
[507] return 249
[506] return 248
[509] call push(251)
[505] return
[510] call push(252)
[511] call pop
[511] return 251
[512] call push(253)
[513] call push(254)
[514] call push(255)
[515] call pop
[509] return
[516] call push(256)
[515] return 253
[510] return
[512] return
[513] return
[514] return
[516] return
