# @object atomic-queue
[1] call add(4809)
[2] call add(4810)
[3] call remove
[4] call remove
[5] call add(4811)
[6] call remove
[7] call add(4812)
[1] return
[2] return
[3] return 4809
[4] return 4810
[5] return
[8] call remove
[9] call add(4813)
[10] call remove
[11] call remove
[12] call remove
[6] return 4811
[7] return
[13] call add(4814)
[14] call remove
[8] return 4812
[9] return
[10] return 4813
[11] return empty
[12] return empty
[15] call remove
[16] call remove
[17] call add(4815)
[18] call add(4816)
[19] call remove
[13] return
[14] return 4814
[20] call add(4817)
[21] call add(4818)
[15] return empty
[16] return empty
[17] return
[18] return
[19] return 4815
[22] call add(4819)
[23] call remove
[24] call remove
[25] call remove
[26] call remove
[20] return
[21] return
[27] call remove
[28] call remove
[22] return
[23] return 4816
[24] return 4817
[26] return 4819
[28] return empty
[25] return 4818
[29] call add(4820)
[30] call remove
[31] call add(4821)
[32] call remove
[27] return empty
[33] call remove
[34] call add(4822)
[35] call remove
[29] return
[30] return 4820
[31] return
[32] return 4821
[33] return empty
[34] return
[36] call add(4823)
[37] call add(4824)
[38] call remove
[39] call add(4825)
[35] return 4822
[40] call remove
[41] call add(4826)
[42] call remove
[36] return
[37] return
[38] return 4823
[39] return
[40] return 4824
[41] return
[43] call remove
[44] call remove
[45] call add(4827)
[46] call remove
[42] return 4825
[47] call add(4828)
[48] call add(4829)
[49] call add(4830)
[43] return 4826
[44] return empty
[45] return
[46] return 4827
[47] return
[48] return
[50] call remove
[51] call add(4831)
[52] call remove
[53] call remove
[49] return
[54] call remove
[55] call add(4832)
[56] call remove
[50] return 4828
[51] return
[52] return 4829
[53] return 4830
[54] return 4831
[55] return
[57] call add(4833)
[58] call remove
[59] call add(4834)
[60] call remove
[56] return 4832
[61] call add(4835)
[62] call remove
[63] call remove
[57] return
[58] return 4833
[59] return
[60] return 4834
[61] return
[62] return 4835
[64] call add(4836)
[65] call add(4837)
[66] call remove
[67] call remove
[63] return empty
[68] call remove
[69] call add(4838)
[70] call add(4839)
[64] return
[65] return
[66] return 4836
[67] return 4837
[68] return empty
[69] return
[71] call remove
[72] call add(4840)
[73] call add(4841)
[74] call add(4842)
[70] return
[75] call remove
[76] call remove
[77] call remove
[71] return 4838
[72] return
[73] return
[74] return
[75] return 4839
[76] return 4840
[78] call remove
[79] call remove
[80] call remove
[81] call add(4843)
[77] return 4841
[82] call remove
[83] call remove
[84] call remove
[78] return 4842
[79] return empty
[80] return empty
[81] return
[82] return 4843
[83] return empty
[85] call add(4844)
[86] call add(4845)
[87] call add(4846)
[88] call remove
[84] return empty
[89] call add(4847)
[90] call add(4848)
[91] call remove
[85] return
[86] return
[87] return
[88] return 4844
[89] return
[90] return
[92] call remove
[93] call remove
[94] call add(4849)
[95] call remove
[91] return 4845
[96] call remove
[97] call remove
[98] call remove
[92] return 4846
[93] return 4847
[94] return
[95] return 4848
[96] return 4849
[97] return empty
[99] call remove
[100] call remove
[101] call add(4850)
[102] call remove
[98] return empty
[103] call remove
[104] call remove
[105] call add(4851)
[99] return empty
[100] return empty
[101] return
[102] return 4850
[103] return empty
[104] return empty
[106] call remove
[107] call add(4852)
[108] call remove
[109] call add(4853)
[105] return
[110] call remove
[111] call add(4854)
[112] call add(4855)
[106] return 4851
[107] return
[108] return 4852
[109] return
[110] return 4853
[111] return
[113] call remove
[114] call remove
[115] call add(4856)
[116] call remove
[112] return
[117] call add(4857)
[118] call remove
[119] call add(4858)
[113] return 4854
[114] return 4855
[115] return
[116] return 4856
[117] return
[118] return 4857
[120] call remove
[121] call remove
[122] call remove
[123] call add(4859)
[119] return
[124] call add(4860)
[125] call add(4861)
[126] call remove
[120] return 4858
[121] return empty
[122] return empty
[123] return
[124] return
[125] return
[127] call remove
[128] call add(4862)
[129] call add(4863)
[130] call remove
[126] return 4859
[131] call remove
[132] call remove
[133] call add(4864)
[127] return 4860
[128] return
[129] return
[130] return 4861
[131] return 4862
[132] return 4863
[134] call remove
[135] call add(4865)
[136] call remove
[137] call add(4866)
[133] return
[138] call remove
[139] call remove
[140] call remove
[134] return 4864
[135] return
[136] return 4865
[137] return
[138] return 4866
[139] return empty
[141] call add(4867)
[142] call remove
[143] call add(4868)
[144] call remove
[140] return empty
[145] call remove
[146] call remove
[147] call remove
[141] return
[143] return
[144] return 4868
[147] return empty
[142] return 4867
[146] return empty
[148] call remove
[149] call remove
[145] return empty
[150] call remove
[151] call add(4869)
[152] call remove
[153] call remove
[154] call remove
[148] return empty
[149] return empty
[150] return empty
[154] return empty
[151] return
[155] call add(4870)
[156] call add(4871)
[153] return empty
[157] call add(4872)
[158] call remove
[159] call remove
[152] return 4869
[160] call remove
[156] return
[158] return 4871
[161] call remove
[162] call remove
[157] return
[155] return
[159] return 4870
[163] call remove
[160] return 4872
[164] call add(4873)
[165] call add(4874)
[166] call add(4875)
[161] return empty
[167] call add(4876)
[162] return empty
[163] return empty
[168] call remove
[169] call remove
[164] return
[165] return
[166] return
[170] call remove
[167] return
[171] call remove
[172] call remove
[173] call remove
[168] return 4873
[174] call remove
[169] return 4874
[170] return 4875
[175] call add(4877)
[176] call add(4878)
[171] return 4876
[172] return empty
[173] return empty
[177] call remove
[174] return empty
[178] call remove
[179] call add(4879)
[180] call remove
[175] return
[181] call remove
[176] return
[177] return 4877
[180] return 4879
[182] call add(4880)
[178] return 4878
[183] call add(4881)
[184] call add(4882)
[181] return empty
[185] call remove
[179] return
[186] call remove
[182] return
[187] call remove
[188] call remove
[189] call add(4883)
[183] return
[184] return
[185] return 4880
[186] return 4881
[190] call add(4884)
[191] call add(4885)
[187] return 4882
[192] call remove
[188] return empty
[193] call add(4886)
[189] return
[194] call add(4887)
[195] call add(4888)
[196] call add(4889)
[190] return
[191] return
[192] return 4883
[193] return
[197] call add(4890)
[198] call add(4891)
[194] return
[199] call remove
[195] return
[200] call remove
[196] return
[201] call add(4892)
[202] call add(4893)
[203] call add(4894)
[197] return
[198] return
[199] return 4884
[200] return 4885
[204] call remove
[205] call add(4895)
[201] return
[206] call add(4896)
[202] return
[207] call remove
[203] return
[208] call remove
[209] call add(4897)
[210] call remove
[204] return 4886
[205] return
[206] return
[207] return 4887
[211] call add(4898)
[212] call add(4899)
[208] return 4888
[213] call add(4900)
[209] return
[214] call remove
[210] return 4889
[215] call remove
[216] call remove
[217] call add(4901)
[211] return
[212] return
[213] return
[218] call add(4902)
[214] return 4890
[219] call add(4903)
[220] call add(4904)
[215] return 4891
[221] call add(4905)
[216] return 4892
[222] call add(4906)
[217] return
[218] return
[223] call add(4907)
[219] return
[220] return
[224] call add(4908)
[225] call remove
[221] return
[226] call add(4909)
[227] call add(4910)
[222] return
[228] call add(4911)
[223] return
[229] call remove
[224] return
[225] return 4893
[230] call remove
[226] return
[227] return
[231] call add(4912)
[232] call add(4913)
[228] return
[233] call add(4914)
[234] call remove
[229] return 4894
[235] call add(4915)
[230] return 4895
[236] call add(4916)
[231] return
[232] return
[237] call remove
[233] return
[234] return 4896
[238] call remove
[239] call add(4917)
[235] return
[240] call remove
[241] call remove
[236] return
[242] call remove
[238] return 4898
[240] return 4899
[239] return
[237] return 4897
[243] call remove
[244] call remove
[245] call remove
[246] call remove
[247] call remove
[241] return 4900
[242] return 4901
[248] call add(4918)
[243] return 4902
[244] return 4903
[245] return 4904
[246] return 4905
[247] return 4906
[249] call add(4919)
[250] call add(4920)
[251] call add(4921)
[252] call remove
[253] call remove
[254] call add(4922)
[248] return
[249] return
[255] call add(4923)
[250] return
[251] return
[252] return 4907
[253] return 4908
[254] return
[256] call remove
[257] call remove
[258] call remove
[259] call add(4924)
[260] call add(4925)
[261] call remove
[255] return
[256] return 4909
[262] call add(4926)
[257] return 4910
[258] return 4911
[259] return
[260] return
[261] return 4912
[263] call remove
[264] call add(4927)
[265] call add(4928)
[266] call remove
[267] call remove
[268] call add(4929)
[262] return
[263] return 4913
[269] call remove
[264] return
[265] return
[266] return 4914
[267] return 4915
[268] return
[270] call add(4930)
[271] call remove
[272] call add(4931)
[273] call remove
[274] call remove
[275] call remove
[269] return 4916
[270] return
[276] call add(4932)
[271] return 4917
[272] return
[273] return 4918
[274] return 4919
[275] return 4920
[277] call add(4933)
[278] call add(4934)
[279] call remove
[280] call remove
[281] call remove
[282] call add(4935)
[276] return
[277] return
[283] call add(4936)
[278] return
[279] return 4921
[280] return 4922
[281] return 4923
[282] return
[284] call add(4937)
[285] call add(4938)
[286] call remove
[287] call remove
[288] call add(4939)
[289] call remove
[283] return
[284] return
[290] call remove
[285] return
[286] return 4924
[287] return 4925
[288] return
[289] return 4926
[291] call remove
[292] call add(4940)
[293] call remove
[294] call add(4941)
[295] call remove
[296] call remove
[290] return 4927
[291] return 4928
[297] call remove
[292] return
[293] return 4929
[294] return
[295] return 4930
[296] return 4931
[298] call remove
[299] call remove
[300] call add(4942)
[301] call add(4943)
[302] call add(4944)
[303] call add(4945)
[297] return 4932
[298] return 4933
[304] call add(4946)
[299] return 4934
[300] return
[301] return
[302] return
[303] return
[305] call add(4947)
[306] call remove
[307] call remove
[308] call add(4948)
[309] call add(4949)
[310] call add(4950)
[304] return
[305] return
[311] call add(4951)
[306] return 4935
[307] return 4936
[308] return
[309] return
[310] return
[312] call remove
[313] call add(4952)
[314] call add(4953)
[315] call remove
[316] call remove
[317] call add(4954)
[311] return
[312] return 4937
[318] call remove
[313] return
[314] return
[315] return 4938
[316] return 4939
[317] return
[319] call add(4955)
[320] call remove
[321] call add(4956)
[322] call add(4957)
[323] call add(4958)
[324] call remove
[318] return 4940
[319] return
[325] call remove
[320] return 4941
[321] return
[322] return
[323] return
[324] return 4942
[326] call add(4959)
[327] call add(4960)
[328] call remove
[329] call add(4961)
[330] call add(4962)
[331] call remove
[325] return 4943
[326] return
[332] call add(4963)
[327] return
[328] return 4944
[329] return
[330] return
[331] return 4945
[333] call add(4964)
[334] call add(4965)
[335] call remove
[336] call remove
[337] call remove
[338] call remove
[332] return
[333] return
[339] call add(4966)
[334] return
[335] return 4946
[336] return 4947
[337] return 4948
[338] return 4949
[340] call remove
[341] call add(4967)
[342] call add(4968)
[343] call add(4969)
[344] call add(4970)
[345] call add(4971)
[339] return
[340] return 4950
[346] call remove
[341] return
[342] return
[343] return
[344] return
[345] return
[347] call remove
[348] call remove
[349] call remove
[350] call remove
[351] call add(4972)
[352] call add(4973)
[346] return 4951
[347] return 4952
[353] call remove
[348] return 4953
[349] return 4954
[350] return 4955
[351] return
[352] return
[354] call add(4974)
[355] call add(4975)
[356] call remove
[357] call add(4976)
[358] call remove
[359] call remove
[353] return 4956
[354] return
[360] call remove
[355] return
[356] return 4957
[357] return
[358] return 4958
[359] return 4959
[361] call add(4977)
[362] call add(4978)
[363] call add(4979)
[364] call remove
[365] call add(4980)
[366] call add(4981)
[360] return 4960
[361] return
[367] call add(4982)
[362] return
[363] return
[364] return 4961
[365] return
[366] return
[368] call add(4983)
[369] call remove
[370] call add(4984)
[371] call remove
[372] call add(4985)
[373] call remove
[367] return
[368] return
[374] call remove
[369] return 4962
[370] return
[371] return 4963
[372] return
[373] return 4964
[375] call add(4986)
[376] call add(4987)
[377] call remove
[378] call add(4988)
[379] call remove
[380] call remove
[374] return 4965
[375] return
[381] call add(4989)
[376] return
[377] return 4966
[378] return
[379] return 4967
[380] return 4968
[382] call remove
[383] call add(4990)
[384] call add(4991)
[385] call add(4992)
[386] call add(4993)
[387] call remove
[381] return
[382] return 4969
[388] call remove
[383] return
[384] return
[385] return
[386] return
[387] return 4970
[389] call add(4994)
[390] call remove
[391] call add(4995)
[392] call add(4996)
[393] call add(4997)
[394] call remove
[388] return 4971
[389] return
[395] call add(4998)
[390] return 4972
[391] return
[396] call add(4999)
[393] return
[394] return 4973
[392] return
[397] call remove
[398] call add(5000)
[396] return
[399] call remove
[400] call add(5001)
[395] return
[401] call remove
[402] call add(5002)
[403] call add(5003)
[397] return 4974
[398] return
[399] return 4975
[400] return
[401] return 4976
[404] call add(5004)
[405] call remove
[402] return
[406] call remove
[407] call add(5005)
[403] return
[408] call add(5006)
[409] call add(5007)
[410] call remove
[404] return
[405] return 4977
[406] return 4978
[407] return
[408] return
[411] call remove
[412] call add(5008)
[409] return
[413] call remove
[414] call remove
[410] return 4979
[415] call add(5009)
[416] call remove
[417] call add(5010)
[411] return 4980
[412] return
[413] return 4981
[414] return 4982
[415] return
[418] call add(5011)
[419] call add(5012)
[416] return 4983
[420] call remove
[421] call add(5013)
[417] return
[422] call remove
[423] call add(5014)
[424] call add(5015)
[418] return
[419] return
[420] return 4984
[421] return
[422] return 4985
[425] call remove
[426] call remove
[423] return
[427] call add(5016)
[428] call remove
[424] return
[429] call add(5017)
[430] call add(5018)
[431] call add(5019)
[425] return 4986
[426] return 4987
[427] return
[428] return 4988
[432] call remove
[433] call add(5020)
[434] call remove
[430] return
[435] call add(5021)
[429] return
[431] return
[436] call remove
[437] call remove
[438] call remove
[432] return 4989
[433] return
[434] return 4990
[435] return
[439] call add(5022)
[440] call add(5023)
[441] call remove
[436] return 4991
[442] call add(5024)
[437] return 4992
[438] return 4993
[443] call add(5025)
[444] call add(5026)
[445] call add(5027)
[439] return
[440] return
[441] return 4994
[442] return
[446] call add(5028)
[447] call add(5029)
[448] call add(5030)
[443] return
[449] call add(5031)
[444] return
[445] return
[450] call remove
[451] call remove
[452] call remove
[446] return
[447] return
[448] return
[449] return
[453] call remove
[454] call remove
[455] call remove
[450] return 4995
[456] call add(5032)
[451] return 4996
[452] return 4997
[457] call remove
[458] call remove
[459] call add(5033)
[453] return 4999
[454] return 4998
[455] return 5000
[456] return
[460] call remove
[461] call add(5034)
[462] call remove
[457] return 5001
[463] call add(5035)
[458] return 5002
[459] return
[464] call remove
[465] call add(5036)
[466] call add(5037)
[460] return 5003
[461] return
[462] return 5004
[463] return
[467] call add(5038)
[468] call add(5039)
[469] call remove
[464] return 5005
[470] call remove
[465] return
[466] return
[471] call remove
[472] call remove
[473] call remove
[467] return
[468] return
[469] return 5006
[470] return 5007
[474] call add(5040)
[475] call remove
[476] call add(5041)
[471] return 5008
[477] call remove
[472] return 5009
[473] return 5010
[474] return
[478] call add(5042)
[479] call add(5043)
[480] call remove
[481] call add(5044)
[475] return 5011
[476] return
[477] return 5012
[482] call add(5045)
[478] return
[483] call remove
[484] call remove
[479] return
[480] return 5013
[481] return
[485] call add(5046)
[486] call remove
[487] call add(5047)
[488] call add(5048)
[482] return
[483] return 5014
[484] return 5015
[489] call remove
[485] return
[490] call add(5049)
[491] call add(5050)
[486] return 5016
[487] return
[488] return
[492] call add(5051)
[493] call add(5052)
[494] call remove
[495] call add(5053)
[489] return 5017
[490] return
[491] return
[496] call add(5054)
[492] return
[497] call remove
[498] call add(5055)
[493] return
[494] return 5018
[495] return
[499] call add(5056)
[500] call add(5057)
[501] call add(5058)
[502] call remove
[496] return
[497] return 5019
[498] return
[503] call remove
[499] return
[504] call remove
[505] call remove
[500] return
[501] return
[502] return 5020
[506] call add(5059)
[507] call add(5060)
[508] call remove
[509] call add(5061)
[503] return 5021
[504] return 5022
[505] return 5023
[510] call remove
[506] return
[511] call add(5062)
[512] call add(5063)
[507] return
[508] return 5024
[509] return
[513] call remove
[514] call add(5064)
[515] call add(5065)
[516] call remove
[510] return 5025
[511] return
[512] return
[517] call remove
[513] return 5026
[518] call add(5066)
[519] call remove
[514] return
[515] return
[516] return 5027
[520] call add(5067)
[521] call add(5068)
[522] call add(5069)
[523] call add(5070)
[517] return 5028
[518] return
[519] return 5029
[524] call add(5071)
[520] return
[525] call remove
[526] call add(5072)
[521] return
[522] return
[523] return
[527] call remove
[528] call add(5073)
[529] call add(5074)
[530] call remove
[524] return
[525] return 5030
[526] return
[531] call remove
[527] return 5031
[532] call add(5075)
[533] call remove
[528] return
[529] return
[530] return 5032
[534] call add(5076)
[535] call remove
[536] call remove
[537] call add(5077)
[531] return 5033
[532] return
[533] return 5034
[538] call add(5078)
[534] return
[539] call remove
[540] call remove
[535] return 5035
[536] return 5036
[537] return
[541] call remove
[542] call remove
[543] call add(5079)
[544] call add(5080)
[538] return
[539] return 5037
[540] return 5038
[545] call remove
[541] return 5039
[546] call remove
[547] call remove
[542] return 5040
[543] return
[544] return
[548] call add(5081)
[549] call add(5082)
[550] call remove
[551] call remove
[545] return 5041
[546] return 5042
[547] return 5043
[552] call remove
[548] return
[553] call remove
[554] call add(5083)
[549] return
[550] return 5044
[551] return 5045
[555] call remove
[556] call remove
[557] call add(5084)
[558] call remove
[552] return 5046
[553] return 5047
[554] return
[559] call remove
[555] return 5048
[560] call remove
[561] call remove
[556] return 5049
[557] return
[558] return 5050
[562] call add(5085)
[563] call remove
[564] call add(5086)
[565] call remove
[559] return 5051
[560] return 5052
[561] return 5053
[566] call add(5087)
[562] return
[567] call remove
[568] call remove
[563] return 5054
[564] return
[565] return 5055
[569] call remove
[570] call add(5088)
[571] call add(5089)
[572] call add(5090)
[566] return
[567] return 5056
[568] return 5057
[573] call add(5091)
[569] return 5058
[574] call remove
[575] call remove
[570] return
[571] return
[572] return
[576] call add(5092)
[577] call add(5093)
[578] call remove
[579] call add(5094)
[573] return
[574] return 5059
[575] return 5060
[580] call add(5095)
[576] return
[581] call remove
[582] call add(5096)
[577] return
[578] return 5061
[579] return
[583] call add(5097)
[584] call add(5098)
[585] call remove
[586] call remove
[580] return
[581] return 5062
[582] return
[587] call remove
[583] return
[588] call remove
[589] call remove
[584] return
[585] return 5063
[586] return 5064
[590] call remove
[591] call add(5099)
[592] call remove
[593] call add(5100)
[587] return 5065
[588] return 5066
[589] return 5067
[594] call remove
[590] return 5068
[595] call remove
[596] call remove
[591] return
[592] return 5069
[593] return
[597] call remove
[598] call add(5101)
[599] call add(5102)
[600] call remove
[594] return 5070
[595] return 5071
[596] return 5072
[601] call add(5103)
[597] return 5073
[602] call add(5104)
[603] call add(5105)
[598] return
[599] return
[600] return 5074
[604] call remove
[605] call add(5106)
[606] call remove
[607] call remove
[601] return
[602] return
[603] return
[608] call add(5107)
[609] call remove
[604] return 5075
[608] return
[607] return 5077
[605] return
[610] call remove
[606] return 5076
[611] call add(5108)
[612] call add(5109)
[609] return 5078
[613] call remove
[614] call remove
[615] call remove
[616] call remove
[610] return 5079
[611] return
[612] return
[617] call add(5110)
[613] return 5080
[614] return 5081
[615] return 5082
[618] call add(5111)
[619] call remove
[616] return 5083
[620] call remove
[621] call add(5112)
[622] call remove
[623] call add(5113)
[617] return
[618] return
[619] return 5084
[624] call add(5114)
[620] return 5085
[621] return
[622] return 5086
[625] call remove
[626] call remove
[623] return
[627] call add(5115)
[628] call remove
[629] call add(5116)
[630] call remove
[624] return
[625] return 5087
[626] return 5088
[631] call remove
[627] return
[628] return 5089
[629] return
[632] call remove
[633] call add(5117)
[630] return 5090
[634] call remove
[635] call remove
[636] call remove
[637] call remove
[631] return 5091
[632] return 5092
[633] return
[638] call add(5118)
[634] return 5093
[635] return 5094
[636] return 5095
[639] call add(5119)
[640] call remove
[637] return 5096
[641] call add(5120)
[642] call remove
[643] call add(5121)
[644] call remove
[638] return
[639] return
[640] return 5097
[645] call add(5122)
[641] return
[642] return 5098
[643] return
[646] call remove
[647] call add(5123)
[644] return 5099
[648] call remove
[649] call add(5124)
[650] call remove
[651] call add(5125)
[645] return
[646] return 5100
[647] return
[652] call add(5126)
[648] return 5101
[649] return
[650] return 5102
[653] call add(5127)
[654] call remove
[651] return
[655] call remove
[656] call add(5128)
[657] call remove
[658] call add(5129)
[652] return
[653] return
[654] return 5103
[659] call remove
[655] return 5104
[656] return
[657] return 5105
[660] call remove
[661] call remove
[658] return
[662] call remove
[663] call add(5130)
[664] call add(5131)
[665] call add(5132)
[659] return 5106
[660] return 5107
[661] return 5108
[666] call remove
[662] return 5109
[663] return
[664] return
[667] call remove
[668] call remove
[665] return
[669] call add(5133)
[670] call remove
[671] call add(5134)
[672] call remove
[666] return 5110
[667] return 5111
[668] return 5112
[673] call remove
[669] return
[670] return 5113
[671] return
[674] call remove
[675] call add(5135)
[672] return 5114
[676] call add(5136)
[677] call remove
[678] call remove
[679] call remove
[673] return 5115
[674] return 5116
[675] return
[680] call add(5137)
[676] return
[677] return 5117
[678] return 5118
[681] call add(5138)
[682] call remove
[679] return 5119
[683] call add(5139)
[684] call add(5140)
[685] call remove
[686] call remove
[680] return
[681] return
[682] return 5120
[687] call remove
[683] return
[684] return
[685] return 5121
[688] call add(5141)
[689] call add(5142)
[686] return 5122
[690] call remove
[691] call remove
[692] call remove
[693] call add(5143)
[687] return 5123
[688] return
[689] return
[694] call add(5144)
[690] return 5124
[691] return 5125
[692] return 5126
[695] call add(5145)
[696] call add(5146)
[693] return
[697] call add(5147)
[698] call add(5148)
[699] call remove
[700] call add(5149)
[694] return
[695] return
[696] return
[701] call remove
[697] return
[698] return
[699] return 5127
[702] call add(5150)
[703] call remove
[700] return
[704] call remove
[705] call add(5151)
[706] call add(5152)
[707] call add(5153)
[701] return 5128
[702] return
[703] return 5129
[708] call remove
[704] return 5130
[705] return
[706] return
[709] call add(5154)
[710] call add(5155)
[707] return
[711] call remove
[708] return 5131
[712] call remove
[713] call add(5156)
[714] call remove
[715] call remove
[712] return 5132
[710] return
[709] return
[711] return 5133
[713] return
[716] call remove
[714] return 5134
[717] call remove
[718] call remove
[719] call add(5157)
[715] return 5135
[720] call remove
[721] call remove
[722] call remove
[716] return 5136
[717] return 5137
[718] return 5138
[719] return
[720] return 5139
[723] call remove
[721] return 5140
[724] call remove
[725] call remove
[726] call remove
[722] return 5141
[727] call add(5158)
[728] call remove
[729] call remove
[723] return 5142
[724] return 5143
[725] return 5144
[726] return 5145
[727] return
[730] call add(5159)
[728] return 5146
[731] call add(5160)
[732] call add(5161)
[733] call add(5162)
[729] return 5147
[734] call add(5163)
[735] call add(5164)
[736] call remove
[730] return
[731] return
[732] return
[733] return
[734] return
[737] call add(5165)
[735] return
[738] call remove
[739] call remove
[740] call add(5166)
[736] return 5148
[741] call remove
[742] call remove
[743] call add(5167)
[737] return
[738] return 5149
[739] return 5150
[740] return
[741] return 5151
[744] call add(5168)
[742] return 5152
[745] call add(5169)
[746] call add(5170)
[747] call add(5171)
[743] return
[748] call remove
[749] call remove
[750] call remove
[747] return
[744] return
[745] return
[746] return
[751] call add(5172)
[752] call remove
[748] return 5153
[753] call remove
[754] call add(5173)
[749] return 5155
[750] return 5154
[755] call remove
[756] call remove
[757] call add(5174)
[751] return
[752] return 5156
[753] return 5157
[754] return
[758] call add(5175)
[759] call remove
[755] return 5158
[760] call add(5176)
[761] call add(5177)
[756] return 5159
[757] return
[762] call remove
[763] call add(5178)
[764] call remove
[758] return
[759] return 5160
[760] return
[761] return
[765] call add(5179)
[766] call remove
[762] return 5161
[767] call remove
[768] call remove
[763] return
[764] return 5162
[769] call remove
[770] call remove
[771] call remove
[765] return
[766] return 5163
[767] return 5164
[768] return 5165
[772] call add(5180)
[773] call add(5181)
[769] return 5166
[774] call add(5182)
[775] call add(5183)
[770] return 5167
[771] return 5171
[776] call add(5184)
[777] call add(5185)
[778] call remove
[772] return
[773] return
[774] return
[775] return
[779] call add(5186)
[780] call add(5187)
[776] return
[781] call add(5188)
[782] call add(5189)
[777] return
[778] return 5168
[783] call add(5190)
[784] call add(5191)
[785] call remove
[779] return
[780] return
[781] return
[782] return
[786] call remove
[787] call add(5192)
[783] return
[788] call remove
[789] call add(5193)
[784] return
[785] return 5169
[790] call remove
[791] call add(5194)
[792] call add(5195)
[786] return 5170
[787] return
[788] return 5172
[789] return
[793] call remove
[794] call add(5196)
[790] return 5173
[795] call add(5197)
[796] call add(5198)
[791] return
[792] return
[797] call remove
[798] call add(5199)
[799] call add(5200)
[793] return 5174
[794] return
[795] return
[796] return
[800] call add(5201)
[801] call add(5202)
[797] return 5175
[802] call remove
[803] call add(5203)
[798] return
[799] return
[804] call add(5204)
[805] call remove
[806] call add(5205)
[800] return
[801] return
[802] return 5176
[803] return
[807] call remove
[808] call add(5206)
[804] return
[809] call add(5207)
[810] call remove
[805] return 5177
[806] return
[811] call remove
[812] call remove
[813] call add(5208)
[807] return 5178
[808] return
[809] return
[810] return 5179
[814] call remove
[815] call remove
[811] return 5180
[816] call add(5209)
[817] call remove
[812] return 5181
[813] return
[818] call remove
[819] call add(5210)
[820] call add(5211)
[814] return 5182
[815] return 5183
[816] return
[817] return 5184
[821] call remove
[822] call remove
[818] return 5185
[823] call add(5212)
[824] call remove
[819] return
[820] return
[825] call remove
[826] call remove
[827] call remove
[821] return 5186
[822] return 5187
[823] return
[824] return 5188
[828] call remove
[829] call remove
[825] return 5189
[830] call remove
[831] call add(5213)
[826] return 5190
[827] return 5191
[832] call remove
[833] call remove
[834] call remove
[828] return 5192
[829] return 5193
[830] return 5194
[831] return
[835] call remove
[836] call remove
[832] return 5195
[837] call remove
[838] call add(5214)
[833] return 5196
[834] return 5197
[839] call remove
[840] call remove
[841] call add(5215)
[835] return 5198
[836] return 5199
[842] call remove
[837] return 5200
[838] return
[839] return 5201
[843] call remove
[844] call add(5216)
[840] return 5202
[841] return
[842] return 5203
[845] call add(5217)
[846] call remove
[847] call remove
[848] call add(5218)
[849] call remove
[843] return 5204
[844] return
[845] return
[846] return 5205
[850] call remove
[851] call add(5219)
[847] return 5206
[848] return
[849] return 5207
[852] call add(5220)
[853] call remove
[854] call remove
[855] call add(5221)
[856] call add(5222)
[850] return 5208
[851] return
[852] return
[853] return 5209
[857] call add(5223)
[858] call add(5224)
[854] return 5210
[855] return
[856] return
[859] call remove
[860] call add(5225)
[861] call add(5226)
[862] call add(5227)
[863] call add(5228)
[857] return
[858] return
[859] return 5211
[860] return
[864] call add(5229)
[865] call remove
[861] return
[862] return
[863] return
[866] call add(5230)
[867] call remove
[868] call add(5231)
[869] call remove
[870] call add(5232)
[864] return
[865] return 5212
[866] return
[867] return 5213
[871] call remove
[872] call remove
[868] return
[869] return 5214
[870] return
[873] call add(5233)
[874] call remove
[875] call remove
[876] call remove
[877] call add(5234)
[871] return 5215
[872] return 5216
[873] return
[874] return 5217
[878] call add(5235)
[879] call add(5236)
[875] return 5218
[876] return 5219
[877] return
[880] call remove
[881] call add(5237)
[882] call add(5238)
[883] call remove
[884] call add(5239)
[878] return
[879] return
[880] return 5220
[881] return
[885] call add(5240)
[886] call remove
[882] return
[883] return 5221
[884] return
[887] call add(5241)
[888] call add(5242)
[889] call add(5243)
[890] call add(5244)
[891] call remove
[885] return
[886] return 5222
[887] return
[888] return
[892] call remove
[893] call add(5245)
[889] return
[890] return
[891] return 5223
[894] call remove
[895] call remove
[896] call add(5246)
[897] call remove
[898] call add(5247)
[892] return 5224
[893] return
[894] return 5225
[895] return 5226
[899] call add(5248)
[900] call remove
[896] return
[897] return 5227
[898] return
[901] call add(5249)
[902] call add(5250)
[903] call add(5251)
[904] call add(5252)
[905] call remove
[899] return
[900] return 5228
[901] return
[902] return
[906] call remove
[907] call remove
[903] return
[904] return
[905] return 5229
[908] call add(5253)
[909] call remove
[910] call add(5254)
[911] call remove
[912] call add(5255)
[906] return 5230
[907] return 5231
[908] return
[909] return 5232
[913] call add(5256)
[914] call remove
[910] return
[911] return 5233
[912] return
[915] call remove
[916] call add(5257)
[917] call add(5258)
[918] call add(5259)
[919] call remove
[913] return
[914] return 5234
[915] return 5235
[916] return
[920] call remove
[921] call add(5260)
[917] return
[918] return
[919] return 5236
[922] call remove
[923] call add(5261)
[924] call add(5262)
[925] call add(5263)
[926] call remove
[920] return 5237
[921] return
[922] return 5238
[923] return
[927] call add(5264)
[928] call add(5265)
[924] return
[925] return
[926] return 5239
[929] call remove
[930] call add(5266)
[931] call remove
[932] call add(5267)
[933] call add(5268)
[927] return
[928] return
[929] return 5240
[930] return
[934] call remove
[935] call add(5269)
[931] return 5241
[932] return
[933] return
[936] call remove
[937] call add(5270)
[938] call add(5271)
[939] call remove
[940] call add(5272)
[934] return 5242
[935] return
[936] return 5243
[937] return
[941] call remove
[942] call remove
[938] return
[939] return 5244
[940] return
[943] call add(5273)
[944] call add(5274)
[945] call remove
[946] call add(5275)
[941] return 5245
[947] call add(5276)
[942] return 5246
[948] call add(5277)
[949] call remove
[943] return
[944] return
[946] return
[945] return 5247
[950] call add(5278)
[947] return
[948] return
[951] call add(5279)
[952] call remove
[953] call remove
[949] return 5248
[954] call remove
[955] call remove
[956] call add(5280)
[953] return 5250
[951] return
[952] return 5249
[950] return
[957] call add(5281)
[954] return 5251
[955] return 5252
[958] call add(5282)
[959] call add(5283)
[960] call remove
[956] return
[961] call add(5284)
[962] call add(5285)
[957] return
[963] call remove
[958] return
[959] return
[960] return 5253
[964] call add(5286)
[961] return
[962] return
[965] call remove
[966] call add(5287)
[967] call remove
[963] return 5254
[968] call remove
[969] call remove
[964] return
[970] call add(5288)
[965] return 5255
[966] return
[967] return 5256
[971] call remove
[968] return 5257
[969] return 5258
[972] call add(5289)
[973] call add(5290)
[974] call add(5291)
[970] return
[975] call remove
[976] call add(5292)
[971] return 5259
[977] call remove
[972] return
[973] return
[974] return
[978] call add(5293)
[975] return 5260
[976] return
[979] call add(5294)
[980] call remove
[981] call add(5295)
[977] return 5261
[982] call remove
[983] call remove
[978] return
[984] call add(5296)
[979] return
[980] return 5262
[981] return
[985] call add(5297)
[982] return 5263
[983] return 5264
[986] call remove
[987] call add(5298)
[988] call remove
[984] return
[989] call remove
[990] call remove
[985] return
[991] call add(5299)
[986] return 5265
[987] return
[988] return 5266
[992] call remove
[989] return 5267
[990] return 5268
[993] call remove
[994] call add(5300)
[995] call add(5301)
[991] return
[996] call remove
[997] call add(5302)
[992] return 5269
[998] call remove
[993] return 5270
[994] return
[995] return
[999] call remove
[996] return 5271
[997] return
[1000] call remove
[1001] call add(5303)
[1002] call add(5304)
[998] return 5272
[1003] call add(5305)
[1004] call add(5306)
[999] return 5273
[1005] call remove
[1000] return 5274
[1001] return
[1002] return
[1006] call remove
[1003] return
[1004] return
[1007] call add(5307)
[1008] call remove
[1009] call add(5308)
[1005] return 5275
[1010] call add(5309)
[1011] call remove
[1006] return 5276
[1012] call remove
[1007] return
[1008] return 5277
[1009] return
[1013] call remove
[1010] return
[1011] return 5278
[1014] call add(5310)
[1015] call add(5311)
[1016] call add(5312)
[1012] return 5279
[1017] call add(5313)
[1018] call remove
[1013] return 5280
[1019] call remove
[1014] return
[1015] return
[1016] return
[1020] call remove
[1017] return
[1018] return 5281
[1021] call add(5314)
[1022] call add(5315)
[1023] call remove
[1019] return 5282
[1024] call remove
[1025] call add(5316)
[1020] return 5283
[1026] call remove
[1021] return
[1022] return
[1023] return 5284
[1027] call add(5317)
[1024] return 5285
[1025] return
[1028] call add(5318)
[1029] call add(5319)
[1030] call remove
[1026] return 5286
[1031] call remove
[1032] call add(5320)
[1027] return
[1033] call remove
[1028] return
[1029] return
[1030] return 5287
[1034] call add(5321)
[1031] return 5288
[1032] return
[1035] call add(5322)
[1036] call remove
[1037] call remove
[1033] return 5289
[1038] call remove
[1039] call add(5323)
[1036] return 5290
[1040] call remove
[1035] return
[1034] return
[1037] return 5291
[1041] call remove
[1038] return 5292
[1039] return
[1042] call add(5324)
[1043] call add(5325)
[1044] call add(5326)
[1040] return 5293
[1045] call add(5327)
[1046] call remove
[1041] return 5294
[1047] call add(5328)
[1042] return
[1043] return
[1044] return
[1048] call remove
[1045] return
[1046] return 5295
[1049] call remove
[1050] call remove
[1051] call remove
[1047] return
[1052] call remove
[1053] call remove
[1048] return 5296
[1054] call add(5329)
[1049] return 5297
[1050] return 5298
[1051] return 5299
[1055] call remove
[1052] return 5300
[1053] return 5301
[1056] call add(5330)
[1057] call remove
[1058] call remove
[1054] return
[1059] call add(5331)
[1060] call remove
[1055] return 5302
[1061] call remove
[1056] return
[1057] return 5303
[1058] return 5304
[1062] call add(5332)
[1059] return
[1060] return 5305
[1063] call add(5333)
[1064] call add(5334)
[1065] call remove
[1061] return 5306
[1066] call remove
[1067] call add(5335)
[1062] return
[1068] call remove
[1063] return
[1064] return
[1065] return 5307
[1069] call add(5336)
[1066] return 5308
[1067] return
[1070] call add(5337)
[1071] call remove
[1072] call add(5338)
[1068] return 5309
[1073] call add(5339)
[1074] call add(5340)
[1069] return
[1075] call add(5341)
[1070] return
[1071] return 5310
[1072] return
[1076] call add(5342)
[1073] return
[1074] return
[1077] call remove
[1078] call remove
[1079] call remove
[1075] return
[1080] call add(5343)
[1081] call add(5344)
[1076] return
[1082] call add(5345)
[1077] return 5311
[1078] return 5312
[1079] return 5313
[1083] call remove
[1080] return
[1081] return
[1084] call remove
[1085] call remove
[1086] call add(5346)
[1082] return
[1087] call add(5347)
[1088] call remove
[1083] return 5314
[1089] call remove
[1084] return 5315
[1085] return 5316
[1086] return
[1090] call remove
[1087] return
[1088] return 5317
[1091] call remove
[1092] call add(5348)
[1089] return 5318
[1093] call add(5349)
[1094] call remove
[1095] call add(5350)
[1091] return 5319
[1090] return 5320
[1096] call remove
[1092] return
[1097] call remove
[1098] call add(5351)
[1093] return
[1094] return 5321
[1095] return
[1099] call remove
[1096] return 5322
[1100] call remove
[1101] call remove
[1102] call add(5352)
[1097] return 5323
[1098] return
[1103] call add(5353)
[1099] return 5324
[1104] call add(5354)
[1105] call add(5355)
[1100] return 5325
[1101] return 5326
[1102] return
[1106] call add(5356)
[1103] return
[1107] call add(5357)
[1108] call remove
[1109] call add(5358)
[1104] return
[1105] return
[1110] call remove
[1106] return
[1111] call remove
[1112] call remove
[1107] return
[1108] return 5327
[1109] return
[1113] call add(5359)
[1110] return 5328
[1114] call add(5360)
[1115] call remove
[1116] call remove
[1111] return 5329
[1112] return 5330
[1117] call remove
[1113] return
[1118] call remove
[1119] call remove
[1114] return
[1115] return 5331
[1116] return 5332
[1120] call remove
[1117] return 5333
[1121] call remove
[1122] call remove
[1123] call remove
[1118] return 5334
[1119] return 5335
[1124] call remove
[1120] return 5336
[1125] call remove
[1126] call add(5361)
[1121] return 5337
[1122] return 5338
[1123] return 5339
[1127] call add(5362)
[1124] return 5340
[1128] call add(5363)
[1129] call remove
[1130] call remove
[1125] return 5341
[1126] return
[1131] call add(5364)
[1127] return
[1132] call add(5365)
[1133] call remove
[1128] return
[1129] return 5342
[1130] return 5343
[1134] call add(5366)
[1131] return
[1135] call add(5367)
[1136] call remove
[1137] call add(5368)
[1132] return
[1133] return 5344
[1138] call remove
[1134] return
[1139] call remove
[1140] call add(5369)
[1135] return
[1136] return 5345
[1137] return
[1141] call remove
[1138] return 5346
[1142] call add(5370)
[1143] call add(5371)
[1144] call remove
[1139] return 5347
[1140] return
[1145] call remove
[1141] return 5348
[1146] call remove
[1147] call remove
[1142] return
[1143] return
[1144] return 5349
[1148] call add(5372)
[1145] return 5350
[1149] call add(5373)
[1150] call add(5374)
[1151] call remove
[1146] return 5351
[1147] return 5352
[1152] call add(5375)
[1148] return
[1153] call add(5376)
[1154] call remove
[1149] return
[1150] return
[1151] return 5353
[1155] call remove
[1152] return
[1156] call add(5377)
[1157] call remove
[1158] call remove
[1153] return
[1154] return 5354
[1159] call remove
[1155] return 5355
[1160] call add(5378)
[1161] call remove
[1156] return
[1157] return 5356
[1158] return 5357
[1162] call add(5379)
[1159] return 5358
[1163] call add(5380)
[1164] call add(5381)
[1165] call add(5382)
[1160] return
[1161] return 5359
[1166] call add(5383)
[1162] return
[1167] call add(5384)
[1168] call remove
[1163] return
[1166] return
[1164] return
[1165] return
[1169] call add(5385)
[1167] return
[1170] call add(5386)
[1171] call remove
[1172] call remove
[1168] return 5360
[1173] call remove
[1174] call remove
[1175] call remove
[1173] return 5361
[1170] return
[1171] return 5362
[1172] return 5363
[1169] return
[1174] return 5364
[1176] call add(5387)
[1177] call add(5388)
[1178] call remove
[1179] call add(5389)
[1175] return 5365
[1180] call remove
[1181] call remove
[1182] call remove
[1176] return
[1177] return
[1178] return 5366
[1179] return
[1180] return 5367
[1181] return 5368
[1183] call remove
[1184] call add(5390)
[1185] call remove
[1186] call add(5391)
[1182] return 5369
[1184] return
[1187] call add(5392)
[1188] call remove
[1189] call add(5393)
[1190] call remove
[1183] return 5370
[1187] return
[1186] return
[1185] return 5371
[1188] return 5372
[1191] call add(5394)
[1189] return
[1192] call add(5395)
[1193] call remove
[1194] call remove
[1190] return 5373
[1195] call add(5396)
[1196] call add(5397)
[1197] call remove
[1191] return
[1192] return
[1193] return 5374
[1196] return
[1195] return
[1198] call add(5398)
[1194] return 5375
[1199] call remove
[1200] call add(5399)
[1201] call remove
[1197] return 5376
[1202] call add(5400)
[1203] call add(5401)
[1204] call add(5402)
[1198] return
[1199] return 5377
[1200] return
[1201] return 5378
[1202] return
[1205] call remove
[1203] return
[1206] call remove
[1207] call remove
[1208] call add(5403)
[1204] return
[1209] call add(5404)
[1210] call remove
[1211] call add(5405)
[1205] return 5379
[1206] return 5380
[1207] return 5381
[1208] return
[1209] return
[1212] call add(5406)
[1210] return 5382
[1213] call remove
[1214] call remove
[1215] call add(5407)
[1211] return
[1216] call remove
[1217] call add(5408)
[1218] call remove
[1212] return
[1213] return 5383
[1214] return 5384
[1215] return
[1216] return 5386
[1219] call add(5409)
[1217] return
[1220] call remove
[1221] call remove
[1222] call add(5410)
[1218] return 5385
[1223] call add(5411)
[1224] call add(5412)
[1225] call remove
[1219] return
[1220] return 5387
[1221] return 5388
[1222] return
[1223] return
[1226] call remove
[1224] return
[1227] call add(5413)
[1228] call add(5414)
[1229] call remove
[1225] return 5389
[1230] call remove
[1231] call add(5415)
[1232] call remove
[1226] return 5390
[1227] return
[1228] return
[1229] return 5392
[1230] return 5391
[1233] call remove
[1231] return
[1234] call remove
[1235] call remove
[1236] call remove
[1232] return 5393
[1237] call remove
[1238] call add(5416)
[1239] call add(5417)
[1233] return 5394
[1234] return 5395
[1235] return 5396
[1236] return 5397
[1237] return 5398
[1240] call add(5418)
[1238] return
[1241] call remove
[1242] call add(5419)
[1243] call add(5420)
[1239] return
[1244] call add(5421)
[1245] call add(5422)
[1246] call add(5423)
[1240] return
[1241] return 5399
[1242] return
[1243] return
[1244] return
[1247] call add(5424)
[1245] return
[1248] call remove
[1249] call add(5425)
[1250] call remove
[1246] return
[1251] call add(5426)
[1252] call add(5427)
[1253] call add(5428)
[1247] return
[1248] return 5400
[1249] return
[1250] return 5401
[1251] return
[1254] call remove
[1252] return
[1255] call remove
[1256] call add(5429)
[1257] call add(5430)
[1253] return
[1258] call add(5431)
[1259] call remove
[1260] call add(5432)
[1254] return 5402
[1255] return 5403
[1256] return
[1257] return
[1258] return
[1261] call add(5433)
[1259] return 5404
[1262] call add(5434)
[1263] call remove
[1264] call remove
[1260] return
[1265] call remove
[1266] call remove
[1267] call add(5435)
[1261] return
[1262] return
[1263] return 5405
[1264] return 5406
[1265] return 5407
[1268] call add(5436)
[1266] return 5408
[1269] call add(5437)
[1270] call add(5438)
[1271] call add(5439)
[1267] return
[1272] call remove
[1273] call remove
[1274] call add(5440)
[1268] return
[1269] return
[1270] return
[1271] return
[1272] return 5409
[1275] call remove
[1273] return 5410
[1276] call add(5441)
[1277] call remove
[1278] call remove
[1274] return
[1279] call add(5442)
[1280] call add(5443)
[1281] call remove
[1275] return 5411
[1276] return
[1277] return 5412
[1278] return 5413
[1279] return
[1282] call remove
[1280] return
[1283] call remove
[1284] call remove
[1285] call add(5444)
[1281] return 5414
[1286] call remove
[1287] call remove
[1288] call remove
[1282] return 5415
[1283] return 5416
[1284] return 5417
[1285] return
[1286] return 5418
[1289] call add(5445)
[1287] return 5419
[1290] call add(5446)
[1291] call remove
[1292] call add(5447)
[1288] return 5420
[1293] call remove
[1294] call add(5448)
[1295] call add(5449)
[1289] return
[1290] return
[1291] return 5421
[1292] return
[1293] return 5422
[1296] call remove
[1294] return
[1297] call remove
[1298] call remove
[1299] call add(5450)
[1295] return
[1300] call remove
[1301] call add(5451)
[1302] call remove
[1296] return 5423
[1297] return 5424
[1298] return 5425
[1299] return
[1300] return 5426
[1303] call add(5452)
[1304] call add(5453)
[1305] call remove
[1302] return 5427
[1306] call remove
[1307] call remove
[1301] return
[1303] return
[1308] call remove
[1309] call add(5454)
[1310] call remove
[1304] return
[1305] return 5428
[1306] return 5429
[1307] return 5430
[1311] call remove
[1312] call add(5455)
[1308] return 5431
[1313] call add(5456)
[1314] call add(5457)
[1309] return
[1310] return 5432
[1315] call add(5458)
[1316] call add(5459)
[1317] call add(5460)
[1311] return 5433
[1312] return
[1313] return
[1314] return
[1318] call add(5461)
[1319] call add(5462)
[1315] return
[1320] call remove
[1321] call add(5463)
[1316] return
[1317] return
[1322] call remove
[1323] call remove
[1324] call remove
[1318] return
[1319] return
[1320] return 5434
[1321] return
[1325] call add(5464)
[1326] call add(5465)
[1322] return 5435
[1327] call add(5466)
[1328] call remove
[1323] return 5436
[1324] return 5437
[1329] call remove
[1330] call remove
[1331] call remove
[1325] return
[1326] return
[1332] call remove
[1327] return
[1328] return 5438
[1333] call add(5467)
[1334] call add(5468)
[1335] call add(5469)
[1330] return 5439
[1331] return 5440
[1329] return 5441
[1332] return 5442
[1336] call remove
[1337] call add(5470)
[1338] call remove
[1333] return
[1339] call remove
[1334] return
[1335] return
[1340] call add(5471)
[1341] call remove
[1342] call add(5472)
[1336] return 5443
[1337] return
[1338] return 5444
[1339] return 5445
[1343] call remove
[1344] call remove
[1345] call remove
[1340] return
[1346] call add(5473)
[1341] return 5446
[1342] return
[1347] call remove
[1348] call remove
[1349] call add(5474)
[1343] return 5447
[1344] return 5448
[1345] return 5449
[1346] return
[1350] call remove
[1351] call add(5475)
[1352] call remove
[1347] return 5450
[1353] call remove
[1348] return 5451
[1349] return
[1350] return 5452
[1351] return
[1352] return 5453
[1353] return 5454
