# @object atomic-queue
[1] call remove
[2] call add(6142)
[3] call add(6143)
[4] call remove
[5] call add(6144)
[2] return
[4] return 6142
[3] return
[5] return
[1] return 6143
[6] call add(6145)
[7] call remove
[8] call add(6146)
[9] call remove
[10] call remove
[11] call add(6147)
[12] call remove
[6] return
[7] return 6144
[8] return
[9] return 6145
[10] return 6146
[11] return
[12] return 6147
[13] call remove
[14] call add(6148)
[15] call add(6149)
[16] call add(6150)
[17] call remove
[18] call remove
[19] call add(6151)
[13] return empty
[14] return
[15] return
[16] return
[17] return 6148
[18] return 6149
[19] return
[20] call remove
[21] call remove
[22] call add(6152)
[23] call add(6153)
[24] call remove
[25] call remove
[26] call add(6154)
[20] return 6150
[21] return 6151
[22] return
[23] return
[24] return 6152
[25] return 6153
[26] return
[27] call remove
[28] call remove
[29] call remove
[30] call add(6155)
[31] call remove
[32] call add(6156)
[33] call add(6157)
[27] return 6154
[28] return empty
[29] return empty
[30] return
[31] return 6155
[32] return
[33] return
[34] call remove
[35] call add(6158)
[36] call remove
[37] call remove
[38] call remove
[39] call add(6159)
[40] call add(6160)
[34] return 6156
[35] return
[36] return 6157
[37] return 6158
[38] return empty
[39] return
[40] return
[41] call add(6161)
[42] call add(6162)
[43] call remove
[44] call remove
[45] call remove
[46] call add(6163)
[47] call add(6164)
[41] return
[42] return
[43] return 6159
[44] return 6160
[45] return 6161
[46] return
[47] return
[48] call remove
[49] call add(6165)
[50] call remove
[51] call remove
[52] call remove
[53] call add(6166)
[54] call remove
[48] return 6162
[54] return 6166
[50] return 6163
[51] return 6164
[52] return 6165
[53] return
[49] return
[55] call add(6167)
[56] call add(6168)
[57] call add(6169)
[58] call remove
[59] call add(6170)
[60] call remove
[61] call add(6171)
[55] return
[56] return
[57] return
[58] return 6167
[59] return
[60] return 6168
[61] return
[62] call add(6172)
[63] call add(6173)
[64] call add(6174)
[65] call remove
[66] call remove
[67] call remove
[68] call remove
[62] return
[63] return
[64] return
[65] return 6169
[66] return 6170
[67] return 6171
[68] return 6172
[69] call remove
[70] call add(6175)
[71] call remove
[72] call add(6176)
[73] call add(6177)
[74] call add(6178)
[75] call add(6179)
[69] return 6173
[70] return
[71] return 6174
[72] return
[73] return
[74] return
[75] return
[76] call add(6180)
[77] call remove
[78] call remove
[79] call remove
[80] call add(6181)
[81] call remove
[82] call add(6182)
[76] return
[77] return 6175
[78] return 6176
[79] return 6177
[80] return
[81] return 6178
[82] return
[83] call remove
[84] call remove
[85] call remove
[86] call add(6183)
[87] call add(6184)
[88] call add(6185)
[89] call remove
[83] return 6179
[84] return 6180
[85] return 6181
[86] return
[90] call add(6186)
[88] return
[89] return 6182
[91] call add(6187)
[92] call remove
[87] return
[93] call add(6188)
[94] call remove
[95] call add(6189)
[96] call remove
[90] return
[91] return
[92] return 6183
[93] return
[97] call remove
[94] return 6184
[95] return
[98] call add(6190)
[99] call add(6191)
[96] return 6185
[100] call add(6192)
[101] call add(6193)
[102] call add(6194)
[103] call add(6195)
[97] return 6186
[98] return
[99] return
[100] return
[104] call remove
[101] return
[102] return
[105] call add(6196)
[106] call remove
[103] return
[107] call remove
[108] call remove
[109] call add(6197)
[110] call add(6198)
[104] return 6187
[105] return
[106] return 6188
[107] return 6189
[111] call add(6199)
[108] return 6190
[109] return
[112] call add(6200)
[113] call add(6201)
[110] return
[114] call remove
[115] call remove
[116] call remove
[117] call remove
[111] return
[112] return
[113] return
[114] return 6191
[118] call remove
[115] return 6192
[116] return 6193
[119] call add(6202)
[120] call add(6203)
[117] return 6194
[121] call add(6204)
[122] call add(6205)
[123] call add(6206)
[124] call remove
[118] return 6195
[119] return
[120] return
[121] return
[125] call remove
[122] return
[123] return
[126] call add(6207)
[127] call remove
[124] return 6196
[128] call remove
[129] call add(6208)
[130] call remove
[131] call add(6209)
[125] return 6197
[126] return
[127] return 6198
[128] return 6199
[132] call add(6210)
[129] return
[130] return 6200
[133] call remove
[134] call add(6211)
[131] return
[135] call remove
[136] call remove
[137] call add(6212)
[138] call add(6213)
[132] return
[133] return 6201
[134] return
[135] return 6202
[139] call remove
[136] return 6203
[137] return
[140] call remove
[141] call remove
[138] return
[142] call remove
[143] call remove
[144] call add(6214)
[145] call remove
[139] return 6204
[140] return 6205
[141] return 6206
[142] return 6207
[146] call remove
[143] return 6208
[144] return
[147] call remove
[148] call remove
[145] return 6209
[149] call add(6215)
[150] call remove
[151] call remove
[152] call add(6216)
[146] return 6210
[147] return 6211
[148] return 6212
[149] return
[153] call remove
[150] return 6213
[151] return 6214
[154] call remove
[155] call add(6217)
[152] return
[156] call remove
[157] call remove
[158] call add(6218)
[159] call remove
[153] return 6215
[154] return 6216
[155] return
[156] return 6217
[160] call add(6219)
[157] return empty
[158] return
[161] call add(6220)
[162] call add(6221)
[159] return 6218
[163] call add(6222)
[164] call add(6223)
[165] call remove
[166] call add(6224)
[160] return
[161] return
[162] return
[163] return
[167] call remove
[164] return
[165] return 6219
[168] call add(6225)
[169] call add(6226)
[166] return
[170] call remove
[171] call remove
[172] call remove
[173] call add(6227)
[167] return 6220
[168] return
[169] return
[170] return 6221
[174] call add(6228)
[171] return 6222
[172] return 6223
[175] call add(6229)
[176] call remove
[173] return
[177] call add(6230)
[178] call remove
[179] call remove
[180] call add(6231)
[174] return
[175] return
[176] return 6224
[177] return
[181] call add(6232)
[178] return 6225
[179] return 6226
[182] call add(6233)
[183] call add(6234)
[180] return
[184] call add(6235)
[185] call add(6236)
[186] call remove
[187] call remove
[181] return
[182] return
[183] return
[184] return
[188] call add(6237)
[185] return
[186] return 6227
[189] call add(6238)
[190] call add(6239)
[187] return 6228
[191] call remove
[192] call remove
[193] call add(6240)
[194] call add(6241)
[188] return
[189] return
[190] return
[191] return 6229
[195] call remove
[192] return 6230
[193] return
[196] call add(6242)
[197] call remove
[194] return
[198] call add(6243)
[199] call add(6244)
[200] call add(6245)
[201] call add(6246)
[195] return 6231
[196] return
[197] return 6232
[198] return
[202] call remove
[199] return
[200] return
[203] call add(6247)
[204] call add(6248)
[201] return
[205] call remove
[206] call add(6249)
[207] call remove
[208] call remove
[202] return 6233
[203] return
[204] return
[205] return 6234
[209] call remove
[206] return
[210] call remove
[207] return 6235
[211] call add(6250)
[208] return 6236
[212] call add(6251)
[213] call remove
[214] call remove
[215] call remove
[209] return 6237
[210] return 6238
[211] return
[212] return
[216] call remove
[213] return 6239
[217] call add(6252)
[214] return 6240
[218] call remove
[215] return 6241
[219] call add(6253)
[220] call remove
[221] call remove
[222] call remove
[216] return 6242
[217] return
[218] return 6243
[219] return
[223] call remove
[220] return 6244
[224] call add(6254)
[221] return 6245
[225] call remove
[222] return 6246
[226] call add(6255)
[227] call remove
[228] call remove
[229] call remove
[223] return 6247
[224] return
[225] return 6248
[226] return
[230] call add(6256)
[227] return 6249
[231] call add(6257)
[228] return 6250
[232] call remove
[229] return 6251
[233] call add(6258)
[234] call add(6259)
[235] call remove
[236] call add(6260)
[230] return
[231] return
[232] return 6252
[233] return
[237] call remove
[234] return
[238] call add(6261)
[235] return 6253
[239] call add(6262)
[236] return
[240] call add(6263)
[241] call add(6264)
[242] call add(6265)
[243] call remove
[237] return 6254
[240] return
[238] return
[239] return
[244] call add(6266)
[245] call add(6267)
[241] return
[246] call remove
[242] return
[247] call remove
[243] return 6255
[248] call remove
[249] call add(6268)
[244] return
[245] return
[250] call remove
[246] return 6256
[247] return 6257
[251] call add(6269)
[252] call remove
[248] return 6258
[253] call add(6270)
[249] return
[254] call remove
[250] return 6259
[255] call remove
[256] call remove
[251] return
[252] return 6260
[257] call add(6271)
[253] return
[254] return 6261
[258] call remove
[259] call remove
[255] return 6262
[260] call remove
[256] return 6263
[261] call remove
[257] return
[262] call remove
[263] call remove
[258] return 6264
[259] return 6265
[264] call add(6272)
[260] return 6266
[261] return 6267
[265] call add(6273)
[266] call add(6274)
[262] return 6268
[267] call add(6275)
[263] return 6269
[268] call add(6276)
[264] return
[269] call add(6277)
[270] call add(6278)
[265] return
[266] return
[271] call remove
[267] return
[268] return
[272] call add(6279)
[273] call remove
[269] return
[274] call add(6280)
[270] return
[275] call remove
[271] return 6270
[276] call add(6281)
[277] call remove
[272] return
[273] return 6271
[278] call remove
[274] return
[275] return 6272
[279] call add(6282)
[280] call remove
[276] return
[281] call add(6283)
[277] return 6273
[282] call add(6284)
[278] return 6274
[283] call remove
[284] call remove
[279] return
[280] return 6275
[285] call remove
[281] return
[282] return
[286] call remove
[287] call remove
[283] return 6276
[288] call add(6285)
[289] call add(6286)
[290] call remove
[285] return 6278
[284] return 6277
[286] return 6279
[287] return 6280
[291] call remove
[292] call add(6287)
[288] return
[289] return
[290] return 6281
[293] call add(6288)
[294] call remove
[295] call add(6289)
[296] call remove
[297] call remove
[291] return 6282
[292] return
[293] return
[294] return 6283
[298] call add(6290)
[299] call add(6291)
[295] return
[296] return 6284
[297] return 6285
[300] call add(6292)
[301] call remove
[302] call add(6293)
[303] call remove
[304] call add(6294)
[298] return
[299] return
[300] return
[301] return 6286
[305] call remove
[306] call add(6295)
[302] return
[303] return 6287
[304] return
[307] call add(6296)
[308] call add(6297)
[309] call add(6298)
[310] call add(6299)
[311] call add(6300)
[305] return 6288
[306] return
[307] return
[308] return
[312] call add(6301)
[313] call add(6302)
[309] return
[310] return
[311] return
[314] call remove
[315] call add(6303)
[316] call remove
[317] call add(6304)
[318] call add(6305)
[312] return
[313] return
[314] return 6289
[315] return
[319] call remove
[320] call remove
[316] return 6290
[317] return
[318] return
[321] call add(6306)
[322] call add(6307)
[323] call remove
[324] call add(6308)
[325] call add(6309)
[319] return 6291
[320] return 6292
[321] return
[322] return
[326] call add(6310)
[327] call remove
[323] return 6293
[324] return
[325] return
[328] call remove
[329] call remove
[330] call add(6311)
[331] call add(6312)
[332] call remove
[326] return
[327] return 6294
[328] return 6295
[329] return 6296
[333] call add(6313)
[334] call add(6314)
[330] return
[331] return
[332] return 6297
[335] call add(6315)
[336] call add(6316)
[337] call add(6317)
[338] call remove
[339] call remove
[333] return
[334] return
[335] return
[336] return
[340] call add(6318)
[341] call remove
[337] return
[338] return 6298
[339] return 6299
[342] call remove
[343] call remove
[344] call remove
[345] call add(6319)
[346] call add(6320)
[340] return
[341] return 6300
[342] return 6301
[343] return 6302
[347] call add(6321)
[348] call add(6322)
[344] return 6303
[345] return
[346] return
[349] call add(6323)
[350] call remove
[351] call remove
[352] call add(6324)
[353] call remove
[347] return
[348] return
[349] return
[350] return 6304
[354] call add(6325)
[355] call add(6326)
[351] return 6305
[352] return
[353] return 6306
[356] call remove
[357] call remove
[358] call add(6327)
[359] call add(6328)
[360] call remove
[354] return
[355] return
[356] return 6307
[357] return 6308
[361] call add(6329)
[362] call remove
[358] return
[359] return
[360] return 6309
[363] call remove
[364] call add(6330)
[365] call add(6331)
[366] call remove
[367] call add(6332)
[361] return
[362] return 6310
[363] return 6311
[364] return
[368] call remove
[369] call add(6333)
[365] return
[366] return 6312
[367] return
[370] call remove
[371] call add(6334)
[372] call add(6335)
[373] call add(6336)
[374] call remove
[368] return 6313
[369] return
[370] return 6314
[371] return
[375] call remove
[376] call remove
[372] return
[374] return 6315
[377] call remove
[378] call remove
[373] return
[379] call remove
[376] return 6316
[380] call add(6337)
[375] return 6317
[381] call add(6338)
[382] call remove
[377] return 6318
[378] return 6319
[383] call add(6339)
[379] return 6320
[380] return
[382] return 6321
[384] call remove
[381] return
[383] return
[385] call add(6340)
[386] call remove
[387] call add(6341)
[388] call remove
[389] call add(6342)
[390] call remove
[384] return 6322
[385] return
[386] return 6323
[387] return
[391] call add(6343)
[388] return 6324
[389] return
[390] return 6325
[392] call add(6344)
[393] call add(6345)
[394] call remove
[395] call remove
[396] call remove
[397] call add(6346)
[391] return
[392] return
[393] return
[394] return 6326
[398] call remove
[395] return 6327
[396] return 6328
[397] return
[399] call add(6347)
[400] call remove
[401] call add(6348)
[402] call add(6349)
[403] call remove
[404] call add(6350)
[398] return 6329
[399] return
[400] return 6330
[401] return
[405] call add(6351)
[402] return
[403] return 6331
[404] return
[406] call add(6352)
[407] call remove
[408] call add(6353)
[409] call add(6354)
[410] call remove
[411] call remove
[405] return
[409] return
[406] return
[407] return 6332
[408] return
[412] call remove
[410] return 6333
[413] call add(6355)
[414] call remove
[415] call remove
[416] call remove
[411] return 6334
[417] call remove
[412] return 6335
[418] call add(6356)
[413] return
[414] return 6336
[415] return 6337
[416] return 6338
[419] call add(6357)
[417] return 6339
[420] call remove
[421] call add(6358)
[422] call add(6359)
[423] call remove
[418] return
[424] call add(6360)
[419] return
[425] call remove
[420] return 6340
[421] return
[422] return
[423] return 6341
[426] call add(6361)
[424] return
[427] call add(6362)
[428] call add(6363)
[429] call add(6364)
[430] call add(6365)
[425] return 6342
[431] call add(6366)
[426] return
[432] call add(6367)
[427] return
[428] return
[429] return
[430] return
[433] call add(6368)
[431] return
[434] call remove
[435] call remove
[436] call remove
[437] call add(6369)
[432] return
[438] call add(6370)
[435] return 6344
[433] return
[439] call remove
[434] return 6343
[436] return 6345
[440] call remove
[441] call remove
[438] return
[442] call remove
[437] return
[443] call add(6371)
[439] return 6346
[444] call remove
[445] call remove
[440] return 6347
[441] return 6348
[446] call remove
[442] return 6349
[443] return
[447] call remove
[448] call add(6372)
[444] return 6350
[449] call remove
[445] return 6351
[450] call add(6373)
[446] return 6352
[451] call add(6374)
[452] call remove
[447] return 6353
[448] return
[453] call add(6375)
[449] return 6354
[450] return
[454] call remove
[455] call remove
[451] return
[456] call remove
[452] return 6355
[457] call add(6376)
[453] return
[458] call add(6377)
[459] call remove
[454] return 6356
[455] return 6357
[460] call remove
[456] return 6358
[457] return
[461] call remove
[462] call add(6378)
[458] return
[463] call remove
[459] return 6359
[464] call remove
[460] return 6360
[465] call remove
[466] call add(6379)
[461] return 6361
[462] return
[467] call add(6380)
[463] return 6362
[464] return 6363
[468] call remove
[469] call remove
[465] return 6364
[470] call remove
[466] return
[471] call remove
[467] return
[472] call remove
[473] call remove
[468] return 6365
[469] return 6366
[474] call remove
[470] return 6367
[471] return 6368
[475] call remove
[476] call remove
[472] return 6370
[477] call remove
[473] return 6369
[478] call remove
[474] return 6371
[476] return 6372
[479] call remove
[480] call add(6381)
[475] return 6373
[481] call add(6382)
[482] call add(6383)
[483] call add(6384)
[477] return 6374
[478] return 6375
[479] return 6376
[480] return
[484] call remove
[485] call remove
[481] return
[482] return
[486] call add(6385)
[487] call add(6386)
[483] return
[488] call remove
[489] call add(6387)
[490] call add(6388)
[484] return 6377
[485] return 6378
[486] return
[487] return
[491] call add(6389)
[492] call remove
[488] return 6379
[489] return
[493] call add(6390)
[494] call add(6391)
[490] return
[495] call add(6392)
[496] call remove
[497] call add(6393)
[491] return
[492] return 6380
[493] return
[494] return
[498] call remove
[499] call remove
[495] return
[496] return 6381
[500] call remove
[501] call add(6394)
[497] return
[502] call remove
[503] call add(6395)
[504] call add(6396)
[498] return 6382
[499] return 6383
[500] return 6384
[501] return
[505] call add(6397)
[506] call add(6398)
[502] return 6385
[503] return
[507] call remove
[508] call add(6399)
[504] return
[509] call add(6400)
[510] call add(6401)
[511] call add(6402)
[505] return
[506] return
[507] return 6386
[508] return
[512] call remove
[513] call remove
[509] return
[510] return
[514] call add(6403)
[515] call add(6404)
[511] return
[516] call remove
[517] call remove
[518] call add(6405)
[512] return 6387
[513] return 6388
[514] return
[515] return
[519] call add(6406)
[520] call add(6407)
[516] return 6389
[517] return 6390
[521] call add(6408)
[522] call remove
[518] return
[523] call add(6409)
[520] return
[524] call remove
[519] return
[525] call remove
[526] call remove
[521] return
[527] call remove
[523] return
[522] return 6391
[528] call add(6410)
[526] return 6392
[524] return 6393
[525] return 6394
[529] call remove
[530] call remove
[531] call add(6411)
[532] call add(6412)
[527] return 6395
[533] call add(6413)
[528] return
[534] call add(6414)
[529] return 6396
[530] return 6397
[535] call remove
[531] return
[532] return
[533] return
[536] call add(6415)
[537] call add(6416)
[538] call add(6417)
[539] call add(6418)
[534] return
[540] call remove
[535] return 6398
[541] call add(6419)
[536] return
[537] return
[542] call remove
[538] return
[539] return
[540] return 6399
[543] call add(6420)
[544] call add(6421)
[545] call add(6422)
[546] call add(6423)
[541] return
[547] call add(6424)
[542] return 6400
[548] call add(6425)
[543] return
[544] return
[549] call remove
[545] return
[546] return
[547] return
[550] call remove
[551] call remove
[552] call remove
[553] call add(6426)
[548] return
[554] call add(6427)
[549] return 6401
[555] call add(6428)
[550] return 6402
[551] return 6403
[556] call remove
[552] return 6404
[553] return
[554] return
[557] call add(6429)
[558] call add(6430)
[559] call remove
[560] call remove
[555] return
[561] call remove
[556] return 6405
[562] call remove
[557] return
[558] return
[563] call add(6431)
[559] return 6406
[560] return 6407
[561] return 6408
[564] call add(6432)
[565] call remove
[566] call add(6433)
[567] call add(6434)
[562] return 6409
[568] call remove
[563] return
[569] call remove
[564] return
[565] return 6410
[570] call add(6435)
[566] return
[567] return
[568] return 6411
[571] call remove
[572] call add(6436)
[573] call add(6437)
[574] call remove
[569] return 6412
[575] call remove
[570] return
[576] call remove
[571] return 6413
[572] return
[577] call remove
[573] return
[574] return 6414
[575] return 6415
[578] call remove
[579] call add(6438)
[580] call add(6439)
[581] call remove
[576] return 6416
[582] call remove
[577] return 6417
[583] call add(6440)
[578] return 6418
[579] return
[584] call remove
[580] return
[581] return 6419
[582] return 6420
[585] call add(6441)
[586] call add(6442)
[587] call add(6443)
[588] call remove
[583] return
[589] call remove
[584] return 6421
[590] call add(6444)
[585] return
[586] return
[591] call add(6445)
[587] return
[588] return 6422
[589] return 6423
[592] call remove
[593] call add(6446)
[594] call add(6447)
[595] call remove
[590] return
[596] call remove
[591] return
[597] call remove
[592] return 6424
[593] return
[598] call add(6448)
[594] return
[595] return 6425
[596] return 6426
[599] call remove
[600] call add(6449)
[601] call remove
[602] call remove
[597] return 6427
[603] call add(6450)
[598] return
[604] call remove
[599] return 6428
[600] return
[605] call remove
[601] return 6429
[602] return 6430
[603] return
[606] call add(6451)
[607] call add(6452)
[608] call remove
[609] call remove
[604] return 6431
[610] call add(6453)
[605] return 6432
[611] call remove
[606] return
[607] return
[612] call remove
[608] return 6433
[609] return 6434
[610] return
[613] call add(6454)
[614] call remove
[615] call add(6455)
[616] call add(6456)
[611] return 6435
[617] call remove
[612] return 6436
[618] call add(6457)
[613] return
[614] return 6437
[619] call add(6458)
[615] return
[616] return
[617] return 6438
[620] call remove
[621] call remove
[622] call add(6459)
[623] call remove
[618] return
[624] call add(6460)
[619] return
[625] call remove
[620] return 6439
[621] return 6440
[626] call add(6461)
[622] return
[623] return 6441
[624] return
[627] call remove
[628] call add(6462)
[629] call remove
[630] call add(6463)
[625] return 6442
[631] call add(6464)
[626] return
[632] call add(6465)
[627] return 6443
[628] return
[633] call remove
[629] return 6444
[630] return
[631] return
[634] call remove
[635] call remove
[636] call remove
[637] call add(6466)
[632] return
[638] call add(6467)
[633] return 6445
[639] call remove
[634] return 6446
[635] return 6447
[640] call remove
[636] return 6448
[637] return
[638] return
[641] call add(6468)
[642] call add(6469)
[643] call remove
[644] call remove
[639] return 6449
[645] call remove
[640] return 6450
[646] call remove
[641] return
[642] return
[647] call add(6470)
[643] return 6451
[644] return 6452
[645] return 6453
[648] call remove
[649] call remove
[650] call add(6471)
[651] call add(6472)
[646] return 6454
[652] call remove
[647] return
[653] call add(6473)
[648] return 6455
[649] return 6456
[654] call add(6474)
[650] return
[651] return
[652] return 6457
[655] call remove
[656] call remove
[657] call remove
[658] call remove
[653] return
[659] call remove
[654] return
[660] call remove
[655] return 6458
[656] return 6459
[661] call remove
[657] return 6460
[658] return 6461
[659] return 6462
[662] call add(6475)
[663] call add(6476)
[664] call add(6477)
[665] call remove
[660] return 6463
[666] call add(6478)
[661] return 6464
[667] call remove
[662] return
[663] return
[668] call add(6479)
[664] return
[665] return 6465
[666] return
[669] call remove
[670] call add(6480)
[671] call remove
[672] call remove
[667] return 6466
[673] call add(6481)
[668] return
[674] call remove
[669] return 6467
[670] return
[675] call add(6482)
[671] return 6468
[672] return 6469
[673] return
[676] call remove
[677] call add(6483)
[678] call add(6484)
[679] call add(6485)
[674] return 6470
[680] call add(6486)
[675] return
[681] call add(6487)
[676] return 6471
[677] return
[682] call remove
[678] return
[679] return
[680] return
[683] call add(6488)
[684] call remove
[685] call add(6489)
[686] call remove
[681] return
[687] call remove
[682] return 6472
[688] call add(6490)
[683] return
[684] return 6473
[689] call add(6491)
[685] return
[686] return 6474
[690] call remove
[691] call remove
[692] call add(6492)
[693] call remove
[687] return 6475
[688] return
[691] return 6477
[694] call remove
[695] call remove
[690] return 6476
[689] return
[692] return
[696] call remove
[693] return 6478
[697] call remove
[698] call add(6493)
[699] call add(6494)
[700] call add(6495)
[694] return 6479
[695] return 6480
[696] return 6481
[701] call remove
[702] call remove
[697] return 6482
[698] return
[699] return
[703] call remove
[700] return
[704] call remove
[705] call remove
[706] call remove
[707] call remove
[701] return 6483
[702] return 6484
[703] return 6485
[708] call remove
[709] call add(6496)
[704] return 6486
[705] return 6487
[706] return 6488
[710] call remove
[707] return 6489
[711] call add(6497)
[712] call add(6498)
[708] return 6490
[713] call add(6499)
[709] return
[714] call add(6500)
[715] call add(6501)
[710] return 6491
[716] call add(6502)
[712] return
[717] call add(6503)
[711] return
[713] return
[714] return
[715] return
[718] call add(6504)
[716] return
[719] call remove
[720] call add(6505)
[721] call add(6506)
[722] call add(6507)
[717] return
[723] call remove
[718] return
[724] call add(6508)
[719] return 6492
[720] return
[721] return
[722] return
[725] call remove
[723] return 6493
[726] call add(6509)
[727] call remove
[728] call add(6510)
[729] call add(6511)
[724] return
[730] call add(6512)
[725] return 6494
[731] call add(6513)
[726] return
[727] return 6495
[728] return
[729] return
[732] call remove
[730] return
[733] call add(6514)
[734] call remove
[735] call add(6515)
[736] call remove
[731] return
[737] call add(6516)
[737] return
[732] return 6496
[738] call remove
[739] call add(6517)
[736] return 6497
[740] call add(6518)
[734] return 6498
[733] return
[735] return
[741] call add(6519)
[742] call add(6520)
[738] return 6499
[743] call remove
[739] return
[744] call remove
[740] return
[745] call add(6521)
[746] call add(6522)
[741] return
[747] call remove
[748] call remove
[743] return 6500
[744] return 6501
[742] return
[749] call add(6523)
[745] return
[750] call remove
[746] return
[751] call add(6524)
[748] return 6502
[752] call add(6525)
[753] call remove
[747] return 6503
[749] return
[754] call remove
[750] return 6504
[755] call add(6526)
[751] return
[756] call remove
[752] return
[754] return 6506
[753] return 6505
[757] call remove
[758] call add(6527)
[759] call add(6528)
[760] call remove
[761] call remove
[755] return
[756] return 6507
[761] return 6508
[762] call add(6529)
[763] call remove
[764] call remove
[759] return
[760] return 6509
[757] return 6510
[758] return
[765] call remove
[766] call add(6530)
[767] call add(6531)
[762] return
[763] return 6511
[768] call add(6532)
[764] return 6512
[769] call remove
[770] call remove
[771] call add(6533)
[765] return 6513
[766] return
[767] return
[768] return
[772] call add(6534)
[773] call add(6535)
[774] call remove
[769] return 6514
[770] return 6516
[775] call remove
[771] return
[776] call add(6536)
[777] call add(6537)
[778] call remove
[772] return
[773] return
[774] return 6515
[775] return 6517
[779] call add(6538)
[780] call add(6539)
[781] call add(6540)
[776] return
[777] return
[782] call remove
[778] return 6518
[783] call remove
[784] call add(6541)
[785] call remove
[779] return
[780] return
[781] return
[782] return 6519
[786] call add(6542)
[787] call add(6543)
[788] call remove
[783] return 6520
[784] return
[789] call add(6544)
[785] return 6521
[790] call add(6545)
[791] call add(6546)
[792] call remove
[786] return
[787] return
[788] return 6522
[789] return
[793] call remove
[794] call add(6547)
[795] call add(6548)
[790] return
[791] return
[796] call remove
[792] return 6523
[797] call remove
[798] call remove
[799] call add(6549)
[793] return 6524
[794] return
[795] return
[796] return 6525
[800] call add(6550)
[801] call add(6551)
[802] call add(6552)
[797] return 6526
[798] return 6528
[803] call remove
[799] return
[804] call remove
[805] call remove
[806] call remove
[800] return
[801] return
[802] return
[803] return 6527
[807] call add(6553)
[808] call remove
[809] call add(6554)
[804] return 6529
[805] return 6530
[810] call add(6555)
[806] return 6531
[811] call add(6556)
[812] call add(6557)
[813] call remove
[807] return
[808] return 6532
[809] return
[810] return
[814] call remove
[815] call add(6558)
[816] call add(6559)
[811] return
[812] return
[817] call remove
[813] return 6533
[818] call add(6560)
[819] call add(6561)
[820] call remove
[814] return 6534
[815] return
[816] return
[817] return 6535
[821] call add(6562)
[822] call remove
[823] call remove
[818] return
[819] return
[824] call remove
[820] return 6536
[825] call remove
[826] call add(6563)
[827] call add(6564)
[821] return
[822] return 6537
[823] return 6538
[824] return 6539
[828] call add(6565)
[829] call add(6566)
[830] call remove
[825] return 6540
[826] return
[831] call remove
[827] return
[832] call add(6567)
[833] call remove
[834] call add(6568)
[828] return
[829] return
[830] return 6541
[831] return 6542
[835] call add(6569)
[836] call remove
[837] call remove
[832] return
[833] return 6543
[838] call add(6570)
[839] call add(6571)
[840] call add(6572)
[834] return
[835] return
[836] return 6544
[837] return 6545
[841] call add(6573)
[838] return
[839] return
[842] call add(6574)
[843] call add(6575)
[844] call add(6576)
[840] return
[845] call remove
[846] call add(6577)
[847] call remove
[841] return
[842] return
[843] return
[844] return
[848] call add(6578)
[845] return 6546
[846] return
[849] call add(6579)
[850] call add(6580)
[851] call remove
[847] return 6547
[852] call remove
[853] call add(6581)
[854] call add(6582)
[848] return
[849] return
[850] return
[851] return 6548
[855] call remove
[852] return 6549
[853] return
[856] call add(6583)
[857] call add(6584)
[858] call add(6585)
[854] return
[859] call add(6586)
[860] call add(6587)
[861] call remove
[855] return 6550
[856] return
[857] return
[858] return
[862] call add(6588)
[859] return
[860] return
[863] call remove
[864] call add(6589)
[865] call remove
[861] return 6551
[866] call remove
[867] call add(6590)
[868] call remove
[862] return
[863] return 6552
[864] return
[865] return 6553
[869] call add(6591)
[866] return 6554
[867] return
[870] call add(6592)
[871] call remove
[872] call add(6593)
[868] return 6555
[873] call remove
[874] call add(6594)
[875] call add(6595)
[869] return
[870] return
[871] return 6556
[872] return
[876] call add(6596)
[873] return 6557
[874] return
[877] call remove
[878] call remove
[879] call remove
[875] return
[880] call remove
[881] call add(6597)
[882] call add(6598)
[876] return
[877] return 6558
[878] return 6559
[879] return 6560
[883] call remove
[880] return 6561
[881] return
[884] call add(6599)
[885] call remove
[886] call add(6600)
[882] return
[887] call remove
[888] call add(6601)
[889] call remove
[883] return 6562
[884] return
[885] return 6563
[886] return
[890] call add(6602)
[887] return 6564
[888] return
[891] call remove
[892] call add(6603)
[893] call add(6604)
[889] return 6565
[894] call add(6605)
[895] call add(6606)
[896] call add(6607)
[890] return
[891] return 6566
[892] return
[893] return
[897] call add(6608)
[894] return
[895] return
[898] call add(6609)
[899] call remove
[900] call remove
[901] call remove
[902] call add(6610)
[896] return
[899] return 6567
[897] return
[898] return
[903] call add(6611)
[900] return 6568
[904] call remove
[905] call add(6612)
[901] return 6569
[902] return
[906] call add(6613)
[907] call remove
[908] call remove
[909] call add(6614)
[903] return
[904] return 6570
[905] return
[906] return
[910] call add(6615)
[907] return 6571
[911] call add(6616)
[912] call add(6617)
[908] return 6572
[909] return
[913] call add(6618)
[914] call add(6619)
[915] call add(6620)
[916] call remove
[910] return
[911] return
[912] return
[913] return
[917] call remove
[914] return
[918] call remove
[919] call remove
[915] return
[916] return 6573
[920] call add(6621)
[921] call remove
[922] call add(6622)
[923] call remove
[917] return 6574
[918] return 6575
[919] return 6576
[920] return
[924] call add(6623)
[921] return 6577
[925] call add(6624)
[926] call remove
[922] return
[923] return 6578
[927] call remove
[928] call add(6625)
[929] call remove
[930] call remove
[924] return
[925] return
[926] return 6579
[927] return 6580
[931] call remove
[932] call remove
[933] call remove
[934] call add(6626)
[929] return 6581
[930] return 6582
[928] return
[935] call remove
[936] call remove
[937] call remove
[931] return 6583
[932] return 6584
[933] return 6585
[934] return
[938] call remove
[939] call add(6627)
[940] call add(6628)
[941] call remove
[935] return 6586
[936] return 6587
[937] return 6588
[942] call remove
[943] call add(6629)
[944] call add(6630)
[938] return 6589
[939] return
[940] return
[941] return 6590
[945] call add(6631)
[946] call add(6632)
[947] call remove
[948] call remove
[942] return 6591
[943] return
[944] return
[945] return
[949] call remove
[950] call remove
[951] call remove
[946] return
[948] return 6592
[952] call remove
[947] return 6593
[953] call add(6633)
[954] call remove
[949] return 6594
[955] call add(6634)
[950] return 6595
[951] return 6596
[952] return 6597
[956] call add(6635)
[957] call add(6636)
[958] call remove
[953] return
[954] return 6598
[959] call add(6637)
[955] return
[960] call remove
[961] call remove
[956] return
[962] call remove
[957] return
[958] return 6599
[959] return
[963] call remove
[964] call add(6638)
[965] call remove
[960] return 6600
[961] return 6601
[966] call remove
[962] return 6602
[967] call remove
[968] call remove
[963] return 6603
[969] call add(6639)
[964] return
[965] return 6604
[966] return 6605
[970] call remove
[971] call remove
[972] call remove
[967] return 6606
[968] return 6607
[973] call add(6640)
[969] return
[974] call remove
[975] call add(6641)
[970] return 6608
[976] call remove
[971] return 6609
[972] return 6610
[973] return
[977] call remove
[978] call remove
[979] call remove
[974] return 6611
[975] return
[980] call add(6642)
[976] return 6612
[981] call remove
[982] call add(6643)
[977] return 6613
[983] call remove
[978] return 6614
[979] return 6615
[980] return
[984] call add(6644)
[985] call add(6645)
[986] call remove
[981] return 6616
[982] return
[987] call add(6646)
[983] return 6617
[988] call remove
[989] call remove
[984] return
[990] call add(6647)
[985] return
[986] return 6618
[987] return
[991] call add(6648)
[992] call remove
[993] call remove
[988] return 6619
[989] return 6620
[994] call add(6649)
[990] return
[995] call add(6650)
[996] call add(6651)
[991] return
[997] call remove
[992] return 6621
[993] return 6622
[998] call add(6652)
[994] return
[999] call add(6653)
[1000] call remove
[996] return
[1001] call add(6654)
[997] return 6623
[995] return
[998] return
[1002] call remove
[999] return
[1003] call remove
[1004] call remove
[1000] return 6624
[1005] call remove
[1001] return
[1006] call remove
[1007] call remove
[1002] return 6625
[1008] call add(6655)
[1003] return 6626
[1004] return 6627
[1005] return 6628
[1009] call remove
[1006] return 6629
[1010] call add(6656)
[1011] call add(6657)
[1007] return 6630
[1012] call remove
[1008] return
[1013] call add(6658)
[1014] call add(6659)
[1009] return 6631
[1015] call add(6660)
[1010] return
[1011] return
[1012] return 6632
[1016] call add(6661)
[1013] return
[1017] call add(6662)
[1018] call remove
[1014] return
[1015] return
[1019] call add(6663)
[1020] call add(6664)
[1021] call remove
[1018] return 6633
[1016] return
[1022] call add(6665)
[1017] return
[1023] call add(6666)
[1024] call remove
[1019] return
[1025] call remove
[1020] return
[1021] return 6634
[1022] return
[1026] call remove
[1027] call remove
[1028] call add(6667)
[1023] return
[1024] return 6635
[1029] call add(6668)
[1025] return 6636
[1030] call add(6669)
[1031] call remove
[1026] return 6637
[1032] call remove
[1027] return 6638
[1028] return
[1029] return
[1033] call remove
[1034] call add(6670)
[1035] call add(6671)
[1030] return
[1031] return 6639
[1036] call add(6672)
[1032] return 6640
[1037] call remove
[1038] call remove
[1033] return 6641
[1039] call add(6673)
[1034] return
[1035] return
[1036] return
[1040] call remove
[1041] call remove
[1042] call add(6674)
[1037] return 6642
[1038] return 6643
[1043] call add(6675)
[1039] return
[1044] call remove
[1045] call add(6676)
[1040] return 6644
[1046] call add(6677)
[1041] return 6645
[1042] return
[1043] return
[1047] call remove
[1048] call remove
[1049] call remove
[1044] return 6646
[1045] return
[1050] call add(6678)
[1046] return
[1051] call remove
[1052] call remove
[1047] return 6647
[1053] call remove
[1048] return 6648
[1049] return 6649
[1050] return
[1054] call add(6679)
[1055] call add(6680)
[1056] call add(6681)
[1051] return 6651
[1052] return 6650
[1057] call add(6682)
[1053] return 6652
[1058] call add(6683)
[1059] call remove
[1054] return
[1060] call add(6684)
[1055] return
[1056] return
[1058] return
[1061] call add(6685)
[1062] call add(6686)
[1063] call add(6687)
[1057] return
[1059] return 6653
[1064] call remove
[1060] return
[1065] call remove
[1066] call remove
[1061] return
[1067] call add(6688)
[1062] return
[1063] return
[1064] return 6654
[1068] call remove
[1069] call remove
[1070] call remove
[1065] return 6655
[1066] return 6656
[1071] call remove
[1067] return
[1072] call remove
[1073] call add(6689)
[1068] return 6657
[1074] call add(6690)
[1069] return 6658
[1070] return 6659
[1071] return 6660
[1075] call add(6691)
[1076] call add(6692)
[1077] call add(6693)
[1072] return 6661
[1073] return
[1078] call add(6694)
[1074] return
[1079] call add(6695)
[1080] call add(6696)
[1075] return
[1081] call add(6697)
[1076] return
[1077] return
[1078] return
[1082] call add(6698)
[1083] call add(6699)
[1084] call remove
[1079] return
[1080] return
[1085] call add(6700)
[1081] return
[1086] call remove
[1087] call add(6701)
[1082] return
[1088] call add(6702)
[1083] return
[1084] return 6662
[1085] return
[1089] call add(6703)
[1090] call add(6704)
[1091] call add(6705)
[1086] return 6663
[1087] return
[1092] call add(6706)
[1088] return
[1093] call remove
[1094] call add(6707)
[1089] return
[1095] call add(6708)
[1090] return
[1091] return
[1092] return
[1096] call remove
[1097] call remove
[1098] call add(6709)
[1093] return 6664
[1094] return
[1099] call add(6710)
[1095] return
[1100] call remove
[1101] call remove
[1096] return 6665
[1102] call add(6711)
[1097] return 6666
[1098] return
[1099] return
[1103] call add(6712)
[1104] call remove
[1105] call remove
[1100] return 6667
[1101] return 6668
[1106] call remove
[1102] return
[1107] call add(6713)
[1108] call remove
[1103] return
[1109] call remove
[1104] return 6669
[1105] return 6670
[1106] return 6671
[1110] call remove
[1111] call remove
[1112] call add(6714)
[1107] return
[1108] return 6672
[1113] call add(6715)
[1109] return 6673
[1114] call remove
[1115] call add(6716)
[1110] return 6674
[1116] call add(6717)
[1111] return 6675
[1112] return
[1113] return
[1117] call add(6718)
[1118] call remove
[1119] call add(6719)
[1114] return 6676
[1115] return
[1120] call remove
[1116] return
[1121] call remove
[1122] call remove
[1117] return
[1123] call remove
[1118] return 6677
[1119] return
[1120] return 6678
[1124] call remove
[1125] call remove
[1126] call remove
[1121] return 6679
[1122] return 6680
[1127] call add(6720)
[1123] return 6681
[1128] call add(6721)
[1129] call remove
[1124] return 6683
[1130] call remove
[1125] return 6682
[1126] return 6684
[1127] return
[1131] call remove
[1132] call add(6722)
[1133] call remove
[1128] return
[1129] return 6685
[1134] call add(6723)
[1130] return 6686
[1135] call remove
[1136] call remove
[1131] return 6687
[1137] call add(6724)
[1132] return
[1133] return 6688
[1134] return
[1138] call add(6725)
[1139] call remove
[1140] call remove
[1135] return 6689
[1136] return 6690
[1141] call remove
[1137] return
[1142] call remove
[1143] call add(6726)
[1138] return
[1144] call remove
[1139] return 6691
[1140] return 6692
[1141] return 6693
[1145] call remove
[1146] call add(6727)
[1147] call remove
[1142] return 6694
[1143] return
[1148] call remove
[1144] return 6695
[1149] call remove
[1150] call remove
[1145] return 6696
[1151] call remove
[1146] return
[1147] return 6697
[1148] return 6698
[1152] call add(6728)
[1153] call add(6729)
[1154] call add(6730)
[1149] return 6699
[1150] return 6700
[1155] call remove
[1151] return 6701
[1156] call add(6731)
[1157] call add(6732)
[1152] return
[1158] call remove
[1153] return
[1154] return
[1155] return 6702
[1159] call remove
[1160] call add(6733)
[1161] call remove
[1156] return
[1157] return
[1162] call add(6734)
[1158] return 6703
[1163] call add(6735)
[1164] call add(6736)
[1159] return 6704
[1165] call add(6737)
[1160] return
[1161] return 6705
[1162] return
[1166] call remove
[1167] call add(6738)
[1168] call add(6739)
[1163] return
[1164] return
[1169] call add(6740)
[1165] return
[1170] call add(6741)
[1171] call add(6742)
[1166] return 6706
[1167] return
[1168] return
[1169] return
[1172] call add(6743)
[1170] return
[1173] call remove
[1174] call add(6744)
[1175] call remove
[1171] return
[1176] call add(6745)
[1177] call add(6746)
[1172] return
[1178] call remove
[1173] return 6707
[1179] call remove
[1174] return
[1175] return 6708
[1176] return
[1180] call add(6747)
[1177] return
[1181] call add(6748)
[1182] call add(6749)
[1178] return 6709
[1183] call remove
[1179] return 6710
[1182] return
[1184] call remove
[1185] call add(6750)
[1180] return
[1186] call add(6751)
[1181] return
[1187] call add(6752)
[1183] return 6711
[1188] call add(6753)
[1189] call add(6754)
[1184] return 6712
[1190] call add(6755)
[1185] return
[1186] return
[1187] return
[1191] call remove
[1192] call remove
[1188] return
[1193] call add(6756)
[1189] return
[1194] call add(6757)
[1190] return
[1195] call remove
[1196] call remove
[1191] return 6713
[1197] call add(6758)
[1192] return 6714
[1193] return
[1194] return
[1198] call add(6759)
[1199] call add(6760)
[1195] return 6715
[1200] call add(6761)
[1196] return 6716
[1201] call add(6762)
[1197] return
[1202] call remove
[1203] call add(6763)
[1198] return
[1204] call add(6764)
[1199] return
[1200] return
[1201] return
[1205] call add(6765)
[1206] call add(6766)
[1202] return 6717
[1207] call remove
[1203] return
[1208] call remove
[1204] return
[1209] call remove
[1210] call remove
[1205] return
[1211] call remove
[1206] return
[1207] return 6718
[1208] return 6719
[1212] call remove
[1213] call remove
[1209] return 6720
[1214] call remove
[1210] return 6721
[1215] call add(6767)
[1211] return 6722
[1216] call remove
[1217] call add(6768)
[1212] return 6723
[1218] call remove
[1213] return 6724
[1214] return 6725
[1215] return
[1219] call add(6769)
[1220] call add(6770)
[1216] return 6726
[1221] call remove
[1217] return
[1222] call add(6771)
[1218] return 6727
[1223] call add(6772)
[1224] call add(6773)
[1219] return
[1225] call add(6774)
[1220] return
[1221] return 6728
[1222] return
[1226] call remove
[1227] call add(6775)
[1223] return
[1228] call remove
[1224] return
[1229] call remove
[1225] return
[1230] call remove
[1231] call add(6776)
[1226] return 6729
[1232] call add(6777)
[1227] return
[1228] return 6730
[1229] return 6731
[1233] call add(6778)
[1234] call add(6779)
[1230] return 6732
[1235] call add(6780)
[1231] return
[1236] call add(6781)
[1232] return
[1237] call add(6782)
[1238] call remove
[1233] return
[1239] call remove
[1234] return
[1235] return
[1236] return
[1240] call remove
[1241] call remove
[1237] return
[1242] call remove
[1238] return 6733
[1243] call remove
[1239] return 6734
[1244] call remove
[1245] call add(6783)
[1240] return 6735
[1246] call add(6784)
[1241] return 6736
[1242] return 6737
[1243] return 6738
[1247] call remove
[1248] call add(6785)
[1244] return 6739
[1249] call remove
[1245] return
[1250] call remove
[1246] return
[1251] call add(6786)
[1252] call remove
[1247] return 6740
[1253] call remove
[1248] return
[1249] return 6741
[1250] return 6742
[1254] call add(6787)
[1255] call remove
[1251] return
[1256] call add(6788)
[1252] return 6743
[1257] call remove
[1253] return 6744
[1258] call add(6789)
[1259] call remove
[1254] return
[1260] call remove
[1255] return 6745
[1256] return
[1257] return 6746
[1261] call remove
[1262] call remove
[1258] return
[1263] call remove
[1259] return 6749
[1264] call add(6790)
[1260] return 6747
[1265] call add(6791)
[1266] call add(6792)
[1261] return 6748
[1267] call remove
[1262] return 6750
[1263] return 6751
[1264] return
[1268] call remove
[1269] call add(6793)
[1265] return
[1270] call remove
[1266] return
[1271] call remove
[1267] return 6752
[1272] call remove
[1273] call add(6794)
[1268] return 6753
[1274] call add(6795)
[1269] return
[1270] return 6754
[1271] return 6755
[1275] call remove
[1276] call remove
[1272] return 6756
[1277] call add(6796)
[1273] return
[1278] call remove
[1274] return
[1279] call remove
[1280] call add(6797)
[1275] return 6757
[1281] call remove
[1276] return 6758
[1277] return
[1278] return 6759
[1282] call remove
[1283] call remove
[1279] return 6760
[1284] call remove
[1280] return
[1285] call add(6798)
[1281] return 6761
[1286] call add(6799)
[1287] call remove
[1282] return 6762
[1288] call remove
[1283] return 6763
[1284] return 6764
[1285] return
[1289] call remove
[1290] call add(6800)
[1286] return
[1291] call add(6801)
[1287] return 6765
[1292] call remove
[1288] return 6766
[1293] call remove
[1294] call remove
[1289] return 6767
[1295] call add(6802)
[1290] return
[1291] return
[1292] return 6768
[1296] call add(6803)
[1297] call remove
[1293] return 6769
[1298] call add(6804)
[1294] return 6770
[1299] call remove
[1295] return
[1300] call remove
[1301] call remove
[1296] return
[1302] call remove
[1297] return 6771
[1298] return
[1299] return 6772
[1303] call add(6805)
[1304] call remove
[1300] return 6773
[1305] call add(6806)
[1301] return 6774
[1306] call remove
[1302] return 6775
[1307] call add(6807)
[1308] call remove
[1303] return
[1309] call remove
[1304] return 6776
[1305] return
[1306] return 6777
[1310] call remove
[1311] call add(6808)
[1307] return
[1312] call add(6809)
[1308] return 6778
[1313] call remove
[1309] return 6779
[1314] call remove
[1315] call remove
[1310] return 6780
[1316] call remove
[1311] return
[1312] return
[1313] return 6781
[1317] call remove
[1318] call add(6810)
[1314] return 6782
[1319] call remove
[1315] return 6783
[1320] call remove
[1316] return 6784
[1321] call remove
[1322] call remove
[1317] return 6785
[1323] call add(6811)
[1318] return
[1319] return 6786
[1320] return 6787
[1324] call add(6812)
[1325] call remove
[1321] return 6788
[1326] call remove
[1322] return 6789
[1327] call add(6813)
[1323] return
[1328] call add(6814)
[1329] call add(6815)
[1324] return
[1330] call remove
[1325] return 6790
[1326] return 6791
[1327] return
[1331] call add(6816)
[1332] call add(6817)
[1328] return
[1333] call add(6818)
[1329] return
[1334] call remove
[1330] return 6792
[1335] call add(6819)
[1336] call add(6820)
[1331] return
[1337] call remove
[1332] return
[1333] return
[1334] return 6793
[1338] call add(6821)
[1339] call add(6822)
[1335] return
[1340] call remove
[1336] return
[1341] call remove
[1337] return 6794
[1342] call remove
[1343] call remove
[1338] return
[1344] call remove
[1339] return
[1340] return 6795
[1341] return 6796
[1345] call add(6823)
[1343] return 6798
[1346] call add(6824)
[1342] return 6797
[1347] call remove
[1348] call add(6825)
[1349] call remove
[1350] call remove
[1344] return 6799
[1345] return
[1346] return
[1347] return 6800
[1351] call remove
[1352] call remove
[1348] return
[1349] return 6801
[1353] call add(6826)
[1350] return 6802
[1354] call add(6827)
[1355] call add(6828)
[1356] call add(6829)
[1357] call remove
[1351] return 6803
[1352] return 6804
[1353] return
[1354] return
[1358] call remove
[1359] call add(6830)
[1355] return
[1356] return
[1360] call remove
[1357] return 6805
[1361] call remove
[1362] call remove
[1363] call add(6831)
[1364] call remove
[1358] return 6806
[1359] return
[1360] return 6807
[1361] return 6808
[1365] call remove
[1366] call remove
[1362] return 6809
[1363] return
[1367] call add(6832)
[1364] return 6810
[1368] call remove
[1369] call remove
[1370] call add(6833)
[1371] call add(6834)
[1365] return 6811
[1366] return 6812
[1367] return
[1368] return 6813
[1372] call remove
[1373] call remove
[1369] return 6814
[1370] return
[1374] call add(6835)
[1371] return
[1375] call remove
[1376] call remove
[1377] call add(6836)
[1378] call remove
[1372] return 6815
[1373] return 6816
[1374] return
[1375] return 6817
[1379] call add(6837)
[1380] call add(6838)
[1376] return 6818
[1377] return
[1381] call add(6839)
[1378] return 6819
[1382] call add(6840)
[1383] call remove
[1384] call add(6841)
[1385] call remove
[1379] return
[1380] return
[1381] return
[1382] return
[1386] call remove
[1387] call remove
[1383] return 6820
[1384] return
[1388] call add(6842)
[1385] return 6821
[1389] call remove
[1390] call remove
[1391] call add(6843)
[1392] call remove
[1386] return 6822
[1387] return 6823
[1388] return
[1391] return
[1390] return 6825
[1392] return 6826
[1389] return 6824
[1393] call remove
[1394] call add(6844)
[1395] call add(6845)
[1396] call add(6846)
[1397] call remove
[1398] call remove
[1399] call remove
[1393] return 6827
[1394] return
[1395] return
[1400] call remove
[1396] return
[1401] call remove
[1397] return 6828
[1398] return 6829
[1399] return 6830
[1402] call add(6847)
[1403] call add(6848)
[1404] call add(6849)
[1405] call add(6850)
[1406] call remove
[1400] return 6831
[1401] return 6832
[1402] return
[1407] call remove
[1403] return
[1408] call remove
[1404] return
[1405] return
[1406] return 6833
[1409] call remove
[1410] call remove
[1411] call remove
[1412] call add(6851)
[1413] call add(6852)
[1407] return 6834
[1408] return 6835
[1409] return 6836
[1414] call remove
[1410] return 6837
[1415] call add(6853)
[1411] return 6838
[1412] return
[1413] return
[1416] call remove
[1417] call remove
[1418] call add(6854)
[1419] call remove
[1420] call remove
[1414] return 6839
[1415] return
[1416] return 6840
[1421] call remove
[1417] return 6841
[1422] call add(6855)
[1418] return
[1419] return 6842
[1420] return 6843
[1423] call add(6856)
[1424] call add(6857)
[1425] call remove
[1426] call remove
[1427] call remove
[1421] return 6844
[1422] return
[1423] return
[1428] call add(6858)
[1424] return
[1429] call add(6859)
[1425] return 6845
[1426] return 6846
[1427] return 6847
[1430] call add(6860)
[1431] call remove
[1432] call remove
[1433] call add(6861)
[1434] call remove
[1428] return
[1429] return
[1430] return
[1435] call add(6862)
[1431] return 6848
[1436] call remove
[1432] return 6849
[1433] return
[1434] return 6850
[1437] call remove
[1438] call add(6863)
[1439] call remove
[1440] call add(6864)
[1441] call remove
[1435] return
[1436] return 6851
[1437] return 6852
[1442] call add(6865)
[1438] return
[1443] call remove
[1439] return 6853
[1440] return
[1441] return 6854
[1444] call add(6866)
[1445] call remove
[1446] call remove
[1447] call add(6867)
[1448] call add(6868)
[1442] return
[1443] return 6855
[1444] return
[1449] call remove
[1445] return 6856
[1450] call add(6869)
[1446] return 6857
[1447] return
[1448] return
[1451] call add(6870)
[1452] call add(6871)
[1453] call add(6872)
[1454] call add(6873)
[1455] call add(6874)
[1449] return 6858
[1450] return
[1451] return
[1456] call remove
[1452] return
[1457] call remove
[1453] return
[1454] return
[1455] return
[1458] call remove
[1459] call remove
[1460] call add(6875)
[1461] call remove
[1462] call add(6876)
[1456] return 6859
[1457] return 6860
[1458] return 6861
[1463] call remove
[1459] return 6862
[1464] call add(6877)
[1460] return
[1461] return 6863
[1462] return
[1465] call add(6878)
[1466] call add(6879)
[1467] call remove
[1468] call add(6880)
[1469] call remove
[1463] return 6864
[1464] return
[1465] return
[1470] call remove
[1466] return
[1471] call remove
[1467] return 6865
[1468] return
[1469] return 6866
[1472] call add(6881)
[1473] call remove
[1474] call remove
[1475] call add(6882)
[1476] call add(6883)
[1470] return 6867
[1471] return 6868
[1472] return
[1477] call add(6884)
[1473] return 6869
[1478] call add(6885)
[1474] return 6870
[1475] return
[1476] return
[1479] call add(6886)
[1480] call remove
[1481] call add(6887)
[1482] call remove
[1483] call add(6888)
[1477] return
[1478] return
[1479] return
[1484] call add(6889)
[1480] return 6871
[1485] call remove
[1481] return
[1482] return 6872
[1483] return
[1486] call remove
[1487] call remove
[1488] call remove
[1489] call add(6890)
[1490] call add(6891)
[1484] return
[1485] return 6873
[1486] return 6874
[1491] call remove
[1487] return 6875
[1492] call add(6892)
[1488] return 6876
[1489] return
[1490] return
[1493] call remove
[1494] call add(6893)
[1495] call remove
[1496] call remove
[1497] call add(6894)
[1491] return 6877
[1492] return
[1493] return 6878
[1498] call remove
[1494] return
[1499] call remove
[1495] return 6879
[1496] return 6880
[1497] return
[1500] call add(6895)
[1501] call remove
[1502] call add(6896)
[1503] call remove
[1504] call add(6897)
[1498] return 6881
[1499] return 6882
[1500] return
[1505] call remove
[1501] return 6883
[1506] call add(6898)
[1502] return
[1503] return 6884
[1504] return
[1507] call remove
[1508] call remove
[1509] call add(6899)
[1510] call remove
[1511] call add(6900)
[1505] return 6885
[1511] return
[1506] return
[1512] call add(6901)
[1508] return 6887
[1509] return
[1510] return 6888
[1513] call add(6902)
[1514] call remove
[1507] return 6886
[1515] call remove
[1512] return
[1516] call remove
[1517] call remove
[1518] call add(6903)
[1519] call remove
[1513] return
[1514] return 6889
[1515] return 6890
[1516] return 6891
[1517] return 6892
[1520] call remove
[1521] call add(6904)
[1518] return
[1522] call add(6905)
[1519] return 6893
[1523] call remove
[1524] call remove
[1525] call remove
[1521] return
[1526] call add(6906)
[1520] return 6894
[1527] call remove
[1523] return 6895
[1524] return 6896
[1528] call add(6907)
[1522] return
[1525] return 6897
[1526] return
[1529] call remove
[1530] call add(6908)
[1531] call remove
[1527] return 6898
[1532] call remove
[1533] call remove
[1528] return
[1530] return
[1534] call remove
[1529] return 6900
[1535] call remove
[1536] call add(6909)
[1532] return 6899
[1533] return 6901
[1537] call remove
[1531] return 6902
[1534] return 6903
[1538] call remove
[1539] call add(6910)
[1540] call remove
[1535] return 6904
[1536] return
[1541] call remove
[1537] return 6905
[1542] call add(6911)
[1543] call add(6912)
[1538] return 6906
[1539] return
[1544] call remove
[1540] return 6907
[1541] return 6908
[1545] call remove
[1546] call add(6913)
[1547] call add(6914)
[1542] return
[1543] return
[1548] call remove
[1544] return 6909
[1549] call remove
[1550] call remove
[1545] return 6910
[1546] return
[1551] call remove
[1547] return
[1548] return 6911
[1552] call remove
[1553] call add(6915)
[1554] call remove
[1549] return 6912
[1550] return 6913
[1555] call add(6916)
[1551] return 6914
[1556] call remove
[1557] call remove
[1552] return empty
[1553] return
[1558] call add(6917)
[1554] return 6915
[1555] return
[1559] call remove
[1560] call remove
[1561] call add(6918)
[1556] return 6916
[1557] return empty
[1562] call remove
[1558] return
[1563] call remove
[1564] call add(6919)
[1559] return 6917
[1560] return empty
[1565] call add(6920)
[1561] return
[1562] return 6918
[1566] call remove
[1567] call add(6921)
[1568] call remove
[1563] return empty
[1564] return
[1569] call remove
[1565] return
[1570] call remove
[1571] call add(6922)
[1566] return 6919
[1567] return
[1572] call add(6923)
[1568] return 6920
[1569] return 6921
[1573] call remove
[1574] call add(6924)
[1575] call remove
[1570] return empty
[1571] return
[1576] call remove
[1572] return
[1577] call add(6925)
[1578] call add(6926)
[1573] return 6922
[1574] return
[1579] call add(6927)
[1575] return 6923
[1576] return 6924
[1580] call remove
[1581] call remove
[1582] call remove
[1577] return
[1578] return
[1583] call add(6928)
[1579] return
[1584] call remove
[1585] call remove
[1580] return 6925
[1581] return 6926
[1586] call remove
[1582] return 6927
[1583] return
[1587] call remove
[1588] call remove
[1589] call add(6929)
[1584] return 6928
[1585] return empty
[1590] call remove
[1586] return empty
[1591] call remove
[1592] call add(6930)
[1587] return empty
[1588] return empty
[1593] call remove
[1589] return
[1590] return 6929
[1594] call remove
[1595] call add(6931)
[1596] call add(6932)
[1591] return empty
[1592] return
[1597] call add(6933)
[1593] return 6930
[1598] call remove
[1599] call remove
[1594] return empty
[1595] return
[1600] call add(6934)
[1596] return
[1597] return
[1601] call remove
[1602] call remove
[1603] call remove
[1598] return 6931
[1599] return 6932
[1604] call add(6935)
[1600] return
[1605] call remove
[1606] call add(6936)
[1601] return 6933
[1602] return 6934
[1607] call remove
[1603] return empty
[1604] return
[1608] call remove
[1609] call remove
[1610] call remove
[1605] return 6935
[1606] return
[1611] call remove
[1607] return 6936
[1612] call remove
[1613] call remove
[1608] return empty
[1611] return empty
[1614] call remove
[1610] return empty
[1609] return empty
[1612] return empty
[1615] call remove
[1616] call add(6937)
[1617] call remove
[1618] call remove
[1619] call remove
[1613] return empty
[1614] return empty
[1620] call remove
[1621] call remove
[1615] return empty
[1616] return
[1617] return 6937
[1618] return empty
[1619] return empty
[1622] call add(6938)
[1623] call remove
[1624] call remove
[1625] call remove
[1626] call remove
[1620] return empty
[1621] return empty
[1627] call remove
[1628] call add(6939)
[1622] return
[1623] return 6938
[1624] return empty
[1625] return empty
[1626] return empty
[1629] call add(6940)
[1630] call remove
[1631] call add(6941)
[1632] call remove
[1633] call remove
[1627] return empty
[1628] return
[1634] call remove
[1635] call remove
[1629] return
[1630] return 6939
[1631] return
[1632] return 6940
[1633] return 6941
[1636] call add(6942)
[1637] call remove
[1638] call remove
[1639] call add(6943)
[1640] call add(6944)
[1634] return empty
[1635] return empty
[1641] call add(6945)
[1642] call remove
[1636] return
[1637] return 6942
[1638] return empty
[1639] return
[1640] return
[1643] call remove
[1644] call remove
[1645] call remove
[1646] call remove
[1647] call remove
[1641] return
[1642] return 6943
[1648] call remove
[1649] call add(6946)
[1643] return 6944
[1644] return 6945
[1645] return empty
[1646] return empty
[1647] return empty
[1650] call add(6947)
[1651] call remove
[1652] call add(6948)
[1653] call remove
[1654] call add(6949)
[1648] return empty
[1649] return
[1655] call add(6950)
[1656] call remove
[1650] return
[1651] return 6946
[1652] return
[1653] return 6947
[1654] return
[1657] call remove
[1658] call remove
[1659] call add(6951)
[1660] call remove
[1661] call remove
[1655] return
[1656] return 6948
[1662] call remove
[1663] call remove
[1657] return 6949
[1658] return 6950
[1659] return
[1660] return 6951
[1661] return empty
[1664] call add(6952)
[1665] call remove
[1666] call add(6953)
[1667] call add(6954)
[1668] call remove
[1662] return empty
[1663] return empty
[1669] call add(6955)
[1670] call add(6956)
[1664] return
[1665] return 6952
[1666] return
[1667] return
[1668] return 6953
[1671] call remove
[1672] call remove
[1673] call add(6957)
[1674] call remove
[1675] call add(6958)
[1669] return
[1670] return
[1676] call add(6959)
[1677] call remove
[1671] return 6954
[1672] return 6955
[1673] return
[1674] return 6956
[1675] return
[1678] call add(6960)
[1679] call add(6961)
[1680] call remove
[1681] call add(6962)
[1682] call add(6963)
[1676] return
[1677] return 6957
[1683] call remove
[1684] call remove
[1678] return
[1679] return
[1680] return 6958
[1681] return
[1682] return
[1685] call add(6964)
[1686] call add(6965)
[1687] call add(6966)
[1688] call remove
[1689] call remove
[1683] return 6959
[1684] return 6960
[1690] call add(6967)
[1691] call remove
[1685] return
[1686] return
[1687] return
[1688] return 6961
[1689] return 6962
[1692] call remove
[1693] call add(6968)
[1694] call add(6969)
[1695] call add(6970)
[1696] call add(6971)
[1690] return
[1691] return 6963
[1697] call add(6972)
[1698] call add(6973)
[1692] return 6964
[1693] return
[1694] return
[1695] return
[1696] return
[1699] call add(6974)
[1700] call remove
[1701] call remove
[1702] call remove
[1703] call remove
[1697] return
[1698] return
[1704] call remove
[1705] call add(6975)
[1699] return
[1700] return 6965
[1701] return 6966
[1702] return 6967
[1703] return 6968
[1706] call add(6976)
[1707] call add(6977)
[1708] call remove
[1709] call remove
[1710] call add(6978)
[1704] return 6969
[1705] return
[1711] call add(6979)
[1712] call remove
[1707] return
[1708] return 6970
[1709] return 6971
[1710] return
[1706] return
[1711] return
[1713] call add(6980)
[1714] call remove
[1715] call remove
[1716] call add(6981)
[1717] call add(6982)
[1712] return 6972
[1718] call remove
[1719] call remove
[1713] return
[1714] return 6973
[1715] return 6974
[1716] return
[1717] return
[1718] return 6975
[1720] call add(6983)
[1721] call remove
[1722] call add(6984)
[1723] call add(6985)
[1724] call remove
[1719] return 6976
[1725] call remove
[1726] call remove
[1720] return
[1721] return 6977
[1722] return
[1723] return
[1724] return 6978
[1725] return 6979
[1727] call add(6986)
[1728] call add(6987)
[1729] call remove
[1730] call add(6988)
[1731] call add(6989)
[1726] return 6980
[1732] call remove
[1733] call add(6990)
[1727] return
[1728] return
[1729] return 6981
[1730] return
[1731] return
[1732] return 6982
[1734] call remove
[1735] call add(6991)
[1736] call remove
[1737] call add(6992)
[1738] call add(6993)
[1733] return
[1739] call remove
[1740] call remove
[1734] return 6983
[1735] return
[1736] return 6984
[1737] return
[1738] return
[1739] return 6985
[1741] call add(6994)
[1742] call add(6995)
[1743] call add(6996)
[1744] call remove
[1745] call add(6997)
[1740] return 6986
[1746] call remove
[1747] call remove
[1741] return
[1742] return
[1743] return
[1744] return 6987
[1745] return
[1746] return 6988
[1748] call remove
[1749] call remove
[1750] call remove
[1751] call remove
[1752] call add(6998)
[1747] return 6989
[1753] call add(6999)
[1754] call add(7000)
[1748] return 6990
[1749] return 6991
[1750] return 6992
[1751] return 6993
[1752] return
[1753] return
[1755] call add(7001)
[1756] call add(7002)
[1757] call remove
[1758] call add(7003)
[1759] call remove
[1754] return
[1760] call add(7004)
[1761] call add(7005)
[1755] return
[1756] return
[1757] return 6994
[1758] return
[1759] return 6995
[1760] return
[1762] call add(7006)
[1763] call remove
[1764] call remove
[1765] call add(7007)
[1766] call add(7008)
[1761] return
[1767] call remove
[1768] call remove
[1762] return
[1763] return 6996
[1764] return 6997
[1765] return
[1766] return
[1767] return 6998
[1769] call add(7009)
[1770] call add(7010)
[1771] call add(7011)
[1772] call remove
[1773] call remove
[1768] return 6999
[1774] call add(7012)
[1775] call remove
[1769] return
[1770] return
[1771] return
[1772] return 7000
[1773] return 7001
[1774] return
[1776] call remove
[1777] call add(7013)
[1778] call remove
[1779] call add(7014)
[1780] call remove
[1775] return 7002
[1781] call remove
[1782] call remove
[1776] return 7003
[1777] return
[1778] return 7004
[1779] return
[1780] return 7005
[1781] return 7006
[1783] call remove
[1784] call add(7015)
[1785] call add(7016)
[1786] call add(7017)
[1787] call remove
[1782] return 7007
[1788] call add(7018)
[1789] call remove
[1783] return 7008
[1784] return
[1785] return
[1786] return
[1787] return 7009
[1788] return
[1790] call add(7019)
[1791] call remove
[1792] call add(7020)
[1793] call add(7021)
[1794] call remove
[1789] return 7010
[1795] call remove
[1796] call remove
[1790] return
[1791] return 7011
[1792] return
[1793] return
[1794] return 7012
[1795] return 7013
[1797] call remove
[1798] call remove
[1799] call remove
[1800] call remove
[1801] call add(7022)
[1796] return 7014
[1802] call add(7023)
[1803] call add(7024)
[1797] return 7015
[1798] return 7016
[1799] return 7017
[1800] return 7018
[1801] return
[1802] return
[1804] call add(7025)
[1805] call add(7026)
[1806] call remove
[1807] call remove
[1808] call remove
[1803] return
[1809] call remove
[1810] call add(7027)
[1805] return
[1806] return 7019
[1807] return 7020
[1808] return 7021
[1804] return
[1809] return 7022
[1810] return
[1811] call remove
[1812] call remove
[1813] call remove
[1814] call remove
[1815] call add(7028)
[1816] call remove
[1817] call remove
[1811] return 7023
[1812] return 7024
[1813] return 7026
[1814] return 7025
[1815] return
[1816] return 7027
[1817] return 7028
[1818] call remove
[1819] call add(7029)
[1820] call add(7030)
[1821] call add(7031)
[1822] call add(7032)
[1823] call add(7033)
[1824] call remove
[1818] return empty
[1819] return
[1820] return
[1821] return
[1822] return
[1823] return
[1824] return 7029
[1825] call remove
[1826] call remove
[1827] call add(7034)
[1828] call remove
[1829] call remove
[1830] call add(7035)
[1831] call remove
[1830] return
[1826] return 7030
[1827] return
[1828] return 7031
[1829] return 7032
[1825] return 7033
[1831] return 7035
[1832] call remove
[1833] call remove
[1834] call remove
[1835] call add(7036)
[1836] call add(7037)
[1837] call remove
[1838] call add(7038)
[1832] return 7034
[1833] return empty
[1839] call remove
[1835] return
[1836] return
[1837] return 7036
[1840] call add(7039)
[1834] return 7037
[1838] return
[1841] call remove
[1842] call add(7040)
[1843] call remove
[1844] call remove
[1845] call remove
[1839] return 7038
[1840] return
[1846] call add(7041)
[1841] return 7039
[1842] return
[1843] return 7040
[1847] call remove
[1844] return empty
[1845] return empty
[1848] call add(7042)
[1849] call remove
[1850] call add(7043)
[1851] call add(7044)
[1852] call add(7045)
[1846] return
[1847] return 7041
[1853] call add(7046)
[1848] return
[1849] return 7042
[1850] return
[1854] call add(7047)
[1851] return
[1852] return
[1855] call remove
[1856] call add(7048)
[1857] call add(7049)
[1858] call remove
[1859] call remove
[1853] return
[1854] return
[1860] call add(7050)
[1855] return 7043
[1856] return
[1857] return
[1861] call add(7051)
[1858] return 7044
[1859] return 7045
[1862] call add(7052)
[1863] call add(7053)
[1864] call remove
[1865] call remove
[1860] return
[1866] call remove
[1861] return
[1867] call remove
[1862] return
[1863] return
[1868] call remove
[1864] return 7046
[1865] return 7047
[1869] call add(7054)
[1866] return 7048
[1870] call remove
[1871] call remove
[1872] call remove
[1867] return 7049
[1873] call add(7055)
[1868] return 7050
[1874] call remove
[1869] return
[1870] return 7051
[1875] call remove
[1871] return 7052
[1872] return 7053
[1876] call add(7056)
[1873] return
[1877] call add(7057)
[1878] call remove
[1879] call add(7058)
[1874] return 7054
[1880] call add(7059)
[1875] return 7055
[1881] call remove
[1876] return
[1877] return
[1882] call add(7060)
[1878] return 7056
[1879] return
[1883] call add(7061)
[1880] return
[1884] call remove
[1885] call add(7062)
[1886] call add(7063)
[1881] return 7057
[1887] call remove
[1882] return
[1888] call add(7064)
[1883] return
[1884] return 7058
[1889] call add(7065)
[1885] return
[1886] return
[1890] call remove
[1887] return 7059
[1891] call remove
[1892] call add(7066)
[1893] call remove
[1888] return
[1894] call remove
[1889] return
[1895] call remove
[1890] return 7060
[1891] return 7061
[1896] call remove
[1892] return
[1893] return 7062
[1897] call add(7067)
[1894] return 7063
[1898] call add(7068)
[1899] call remove
[1900] call add(7069)
[1895] return 7064
[1901] call remove
[1896] return 7065
[1902] call add(7070)
[1897] return
[1898] return
[1903] call remove
[1899] return 7066
[1900] return
[1904] call remove
[1901] return 7067
[1905] call remove
[1906] call add(7071)
[1907] call remove
[1902] return
[1908] call remove
[1903] return 7068
[1909] call remove
[1904] return 7069
[1905] return 7070
[1910] call remove
[1906] return
[1907] return 7071
[1911] call add(7072)
[1908] return empty
[1912] call add(7073)
[1913] call add(7074)
[1914] call remove
[1909] return empty
[1915] call remove
[1910] return empty
[1916] call remove
[1911] return
[1912] return
[1917] call add(7075)
[1913] return
[1914] return 7072
[1918] call remove
[1915] return 7073
[1919] call remove
[1920] call remove
[1921] call add(7076)
[1916] return 7074
[1922] call remove
[1917] return
[1923] call remove
[1918] return 7075
[1919] return empty
[1924] call remove
[1920] return empty
[1921] return
[1925] call add(7077)
[1922] return 7076
[1926] call remove
[1927] call add(7078)
[1928] call add(7079)
[1923] return empty
[1929] call add(7080)
[1924] return empty
[1930] call remove
[1925] return
[1926] return 7077
[1931] call remove
[1927] return
[1928] return
[1932] call add(7081)
[1929] return
[1933] call add(7082)
[1934] call remove
[1935] call add(7083)
[1930] return 7078
[1936] call add(7084)
[1931] return 7079
[1937] call remove
[1932] return
[1933] return
[1938] call remove
[1934] return 7080
[1935] return
[1939] call remove
[1936] return
[1940] call add(7085)
[1941] call add(7086)
[1942] call add(7087)
[1937] return 7081
[1943] call add(7088)
[1938] return 7082
[1944] call add(7089)
[1939] return 7083
[1940] return
[1945] call add(7090)
[1941] return
[1942] return
[1946] call add(7091)
[1943] return
[1947] call add(7092)
[1948] call remove
[1949] call remove
[1944] return
[1950] call remove
[1945] return
[1951] call add(7093)
[1946] return
[1947] return
[1952] call remove
[1948] return 7084
[1949] return 7085
[1953] call add(7094)
[1950] return 7086
[1954] call remove
[1955] call add(7095)
[1956] call remove
[1951] return
[1957] call remove
[1952] return 7087
[1958] call remove
[1953] return
[1954] return 7088
[1959] call remove
[1955] return
[1956] return 7089
[1960] call add(7096)
[1957] return 7090
[1961] call add(7097)
[1962] call add(7098)
[1963] call remove
[1958] return 7091
[1964] call add(7099)
[1959] return 7092
[1965] call add(7100)
[1960] return
[1961] return
[1966] call remove
[1962] return
[1963] return 7093
[1967] call add(7101)
[1964] return
[1968] call add(7102)
[1969] call add(7103)
[1970] call add(7104)
[1965] return
[1971] call remove
[1972] call add(7105)
[1967] return
[1966] return 7094
[1968] return
[1971] return 7095
[1969] return
[1970] return
[1973] call add(7106)
[1974] call remove
[1975] call remove
[1976] call add(7107)
[1977] call remove
[1978] call add(7108)
[1972] return
[1979] call add(7109)
[1973] return
[1974] return 7096
[1975] return 7097
[1976] return
[1977] return 7098
[1978] return
[1980] call remove
[1981] call add(7110)
[1982] call add(7111)
[1983] call remove
[1984] call add(7112)
[1985] call remove
[1979] return
[1980] return 7099
[1981] return
[1982] return
[1983] return 7100
[1984] return
[1985] return 7101
