# @object atomic-queue
[1] call add(7804)
[2] call remove
[3] call remove
[4] call remove
[5] call remove
[1] return
[2] return 7804
[3] return empty
[4] return empty
[6] call add(7805)
[7] call remove
[8] call remove
[9] call add(7806)
[10] call remove
[11] call add(7807)
[5] return empty
[12] call remove
[6] return
[7] return 7805
[8] return empty
[9] return
[10] return 7806
[11] return
[13] call add(7808)
[14] call add(7809)
[15] call remove
[16] call add(7810)
[17] call remove
[18] call add(7811)
[12] return 7807
[19] call remove
[13] return
[14] return
[15] return 7808
[16] return
[17] return 7809
[18] return
[20] call remove
[21] call add(7812)
[22] call add(7813)
[23] call add(7814)
[24] call add(7815)
[25] call add(7816)
[19] return 7810
[26] call remove
[20] return 7811
[21] return
[22] return
[23] return
[24] return
[25] return
[27] call add(7817)
[28] call add(7818)
[29] call remove
[30] call add(7819)
[31] call add(7820)
[32] call add(7821)
[26] return 7812
[33] call remove
[27] return
[28] return
[29] return 7813
[30] return
[31] return
[32] return
[34] call add(7822)
[35] call add(7823)
[36] call remove
[37] call remove
[38] call add(7824)
[39] call remove
[33] return 7814
[40] call add(7825)
[34] return
[35] return
[36] return 7815
[37] return 7816
[38] return
[39] return 7817
[41] call add(7826)
[42] call add(7827)
[43] call remove
[44] call remove
[45] call remove
[46] call remove
[40] return
[47] call remove
[41] return
[42] return
[43] return 7818
[44] return 7819
[45] return 7820
[46] return 7821
[48] call add(7828)
[49] call add(7829)
[50] call add(7830)
[51] call remove
[52] call add(7831)
[53] call add(7832)
[47] return 7822
[54] call remove
[48] return
[49] return
[50] return
[51] return 7823
[52] return
[53] return
[55] call add(7833)
[56] call remove
[57] call remove
[58] call remove
[59] call remove
[60] call add(7834)
[54] return 7824
[61] call remove
[55] return
[56] return 7825
[57] return 7826
[58] return 7827
[59] return 7828
[60] return
[62] call remove
[63] call add(7835)
[64] call remove
[65] call remove
[66] call add(7836)
[67] call add(7837)
[61] return 7829
[68] call add(7838)
[62] return 7830
[63] return
[64] return 7831
[65] return 7832
[66] return
[67] return
[69] call add(7839)
[70] call add(7840)
[71] call add(7841)
[72] call remove
[73] call remove
[74] call add(7842)
[68] return
[75] call add(7843)
[69] return
[70] return
[71] return
[72] return 7833
[73] return 7834
[74] return
[76] call remove
[77] call remove
[78] call add(7844)
[79] call remove
[80] call remove
[81] call add(7845)
[75] return
[82] call add(7846)
[76] return 7835
[77] return 7836
[78] return
[79] return 7837
[80] return 7838
[81] return
[83] call remove
[84] call remove
[85] call remove
[86] call remove
[87] call add(7847)
[88] call add(7848)
[82] return
[89] call remove
[83] return 7839
[84] return 7840
[85] return 7841
[86] return 7842
[87] return
[88] return
[90] call add(7849)
[91] call remove
[92] call remove
[93] call add(7850)
[94] call remove
[95] call remove
[89] return 7843
[96] call add(7851)
[90] return
[91] return 7844
[92] return 7845
[93] return
[94] return 7846
[95] return 7847
[97] call add(7852)
[98] call remove
[99] call add(7853)
[100] call add(7854)
[101] call remove
[102] call add(7855)
[96] return
[103] call remove
[97] return
[98] return 7848
[99] return
[100] return
[101] return 7849
[102] return
[104] call remove
[105] call remove
[106] call remove
[107] call add(7856)
[108] call add(7857)
[109] call remove
[103] return 7850
[110] call add(7858)
[104] return 7851
[105] return 7852
[106] return 7853
[107] return
[108] return
[109] return 7854
[111] call add(7859)
[112] call add(7860)
[113] call remove
[114] call remove
[115] call add(7861)
[116] call add(7862)
[110] return
[117] call remove
[111] return
[112] return
[113] return 7855
[114] return 7856
[115] return
[116] return
[118] call add(7863)
[119] call remove
[120] call add(7864)
[121] call remove
[122] call remove
[123] call remove
[117] return 7857
[124] call add(7865)
[118] return
[119] return 7858
[120] return
[121] return 7859
[122] return 7860
[123] return 7861
[125] call add(7866)
[126] call add(7867)
[127] call add(7868)
[128] call add(7869)
[129] call add(7870)
[130] call remove
[124] return
[131] call remove
[125] return
[126] return
[127] return
[128] return
[129] return
[130] return 7862
[132] call add(7871)
[133] call remove
[134] call remove
[135] call add(7872)
[136] call add(7873)
[137] call add(7874)
[131] return 7863
[138] call remove
[132] return
[133] return 7864
[134] return 7865
[135] return
[136] return
[137] return
[139] call remove
[140] call add(7875)
[141] call remove
[142] call add(7876)
[143] call remove
[144] call remove
[138] return 7866
[145] call remove
[139] return 7867
[140] return
[141] return 7868
[142] return
[143] return 7869
[144] return 7870
[146] call remove
[147] call remove
[148] call add(7877)
[149] call add(7878)
[150] call add(7879)
[151] call remove
[145] return 7871
[152] call remove
[146] return 7872
[147] return 7873
[148] return
[149] return
[150] return
[151] return 7874
[153] call remove
[154] call remove
[155] call remove
[156] call add(7880)
[157] call add(7881)
[158] call remove
[152] return 7875
[159] call remove
[153] return 7876
[154] return 7877
[155] return 7878
[156] return
[157] return
[158] return 7879
[160] call add(7882)
[161] call add(7883)
[162] call add(7884)
[163] call remove
[164] call remove
[165] call add(7885)
[159] return 7880
[162] return
[166] call add(7886)
[160] return
[161] return
[163] return 7881
[167] call remove
[165] return
[168] call remove
[169] call remove
[170] call remove
[164] return 7882
[171] call remove
[166] return
[172] call remove
[167] return 7883
[173] call remove
[168] return 7884
[169] return 7885
[170] return 7886
[174] call add(7887)
[171] return empty
[175] call add(7888)
[176] call remove
[177] call remove
[172] return empty
[178] call add(7889)
[173] return empty
[179] call remove
[174] return
[180] call add(7890)
[175] return
[176] return 7887
[177] return 7888
[181] call add(7891)
[178] return
[182] call remove
[183] call remove
[184] call add(7892)
[179] return 7889
[185] call add(7893)
[180] return
[186] call add(7894)
[181] return
[187] call add(7895)
[182] return 7890
[183] return 7891
[184] return
[188] call remove
[185] return
[189] call remove
[190] call add(7896)
[191] call add(7897)
[186] return
[192] call add(7898)
[187] return
[193] call add(7899)
[188] return 7892
[194] call remove
[189] return 7893
[190] return
[191] return
[195] call add(7900)
[192] return
[196] call remove
[197] call add(7901)
[198] call add(7902)
[193] return
[199] call remove
[195] return
[200] call add(7903)
[194] return 7894
[201] call remove
[196] return 7895
[197] return
[198] return
[202] call remove
[203] call add(7904)
[199] return 7896
[204] call add(7905)
[205] call add(7906)
[206] call add(7907)
[201] return 7897
[200] return
[202] return 7898
[203] return
[207] call add(7908)
[204] return
[208] call add(7909)
[205] return
[209] call add(7910)
[210] call add(7911)
[206] return
[211] call remove
[212] call add(7912)
[213] call remove
[207] return
[208] return
[209] return
[210] return
[214] call add(7913)
[211] return 7899
[215] call remove
[212] return
[216] call remove
[217] call add(7914)
[213] return 7900
[218] call remove
[219] call remove
[220] call add(7915)
[214] return
[215] return 7901
[216] return 7902
[217] return
[221] call add(7916)
[218] return 7903
[222] call remove
[219] return 7904
[223] call add(7917)
[224] call add(7918)
[220] return
[225] call remove
[226] call remove
[227] call add(7919)
[221] return
[222] return 7905
[223] return
[224] return
[228] call add(7920)
[225] return 7906
[229] call add(7921)
[226] return 7907
[230] call remove
[231] call add(7922)
[227] return
[232] call add(7923)
[233] call add(7924)
[234] call remove
[228] return
[229] return
[230] return 7908
[231] return
[235] call add(7925)
[232] return
[236] call add(7926)
[233] return
[237] call add(7927)
[238] call add(7928)
[234] return 7909
[239] call add(7929)
[240] call add(7930)
[241] call remove
[235] return
[236] return
[237] return
[238] return
[242] call remove
[239] return
[241] return 7910
[243] call remove
[240] return
[244] call remove
[245] call add(7931)
[246] call remove
[247] call remove
[248] call add(7932)
[242] return 7911
[243] return 7912
[244] return 7913
[245] return
[246] return 7914
[249] call remove
[247] return 7915
[250] call remove
[248] return
[251] call remove
[252] call add(7933)
[253] call remove
[254] call remove
[255] call remove
[249] return 7916
[250] return 7917
[251] return 7918
[252] return
[253] return 7919
[256] call add(7934)
[254] return 7920
[257] call remove
[255] return 7921
[258] call add(7935)
[259] call add(7936)
[260] call add(7937)
[261] call add(7938)
[262] call add(7939)
[256] return
[257] return 7922
[258] return
[259] return
[260] return
[263] call remove
[261] return
[264] call remove
[262] return
[265] call add(7940)
[266] call remove
[267] call add(7941)
[268] call add(7942)
[269] call add(7943)
[263] return 7923
[264] return 7924
[265] return
[266] return 7925
[267] return
[270] call remove
[268] return
[271] call add(7944)
[269] return
[272] call add(7945)
[273] call remove
[274] call remove
[275] call add(7946)
[276] call remove
[270] return 7926
[271] return
[272] return
[273] return 7927
[274] return 7928
[277] call remove
[275] return
[278] call remove
[276] return 7929
[279] call add(7947)
[280] call add(7948)
[281] call add(7949)
[282] call remove
[283] call remove
[277] return 7930
[278] return 7931
[279] return
[280] return
[281] return
[284] call remove
[282] return 7932
[285] call remove
[283] return 7933
[286] call remove
[287] call remove
[288] call add(7950)
[289] call add(7951)
[290] call remove
[284] return 7934
[285] return 7935
[286] return 7936
[287] return 7937
[288] return
[291] call add(7952)
[289] return
[292] call add(7953)
[290] return 7938
[293] call remove
[294] call add(7954)
[295] call add(7955)
[296] call add(7956)
[297] call add(7957)
[291] return
[292] return
[293] return 7939
[294] return
[295] return
[298] call add(7958)
[296] return
[297] return
[299] call add(7959)
[300] call remove
[301] call remove
[302] call add(7960)
[303] call add(7961)
[298] return
[304] call remove
[305] call remove
[299] return
[300] return 7940
[301] return 7941
[302] return
[303] return
[304] return 7942
[306] call remove
[307] call add(7962)
[308] call add(7963)
[309] call add(7964)
[310] call remove
[305] return 7943
[311] call remove
[312] call add(7965)
[306] return 7944
[307] return
[308] return
[309] return
[310] return 7945
[311] return 7946
[313] call remove
[314] call remove
[315] call add(7966)
[316] call add(7967)
[317] call add(7968)
[312] return
[318] call remove
[319] call remove
[313] return 7947
[314] return 7948
[315] return
[316] return
[317] return
[318] return 7949
[320] call add(7969)
[321] call add(7970)
[322] call add(7971)
[323] call add(7972)
[324] call remove
[319] return 7950
[325] call remove
[326] call add(7973)
[320] return
[321] return
[322] return
[323] return
[324] return 7951
[325] return 7952
[327] call add(7974)
[328] call add(7975)
[329] call add(7976)
[330] call remove
[331] call add(7977)
[326] return
[332] call remove
[333] call remove
[327] return
[328] return
[329] return
[330] return 7953
[331] return
[332] return 7954
[334] call add(7978)
[335] call remove
[336] call remove
[337] call remove
[338] call remove
[333] return 7955
[339] call add(7979)
[340] call remove
[334] return
[335] return 7956
[336] return 7957
[337] return 7958
[338] return 7959
[339] return
[341] call add(7980)
[342] call remove
[343] call remove
[344] call add(7981)
[345] call add(7982)
[340] return 7960
[346] call remove
[347] call add(7983)
[341] return
[342] return 7961
[343] return 7962
[344] return
[345] return
[346] return 7963
[348] call add(7984)
[349] call add(7985)
[350] call add(7986)
[351] call remove
[352] call remove
[347] return
[353] call remove
[354] call remove
[348] return
[349] return
[350] return
[351] return 7964
[352] return 7965
[353] return 7966
[355] call add(7987)
[356] call add(7988)
[357] call add(7989)
[358] call add(7990)
[359] call add(7991)
[354] return 7967
[360] call remove
[361] call remove
[355] return
[356] return
[357] return
[358] return
[359] return
[360] return 7968
[362] call remove
[363] call remove
[364] call remove
[365] call add(7992)
[366] call add(7993)
[361] return 7969
[367] call add(7994)
[368] call add(7995)
[362] return 7970
[363] return 7971
[364] return 7972
[365] return
[366] return
[367] return
[369] call add(7996)
[370] call add(7997)
[371] call add(7998)
[372] call add(7999)
[373] call remove
[368] return
[374] call add(8000)
[375] call remove
[369] return
[370] return
[371] return
[372] return
[373] return 7973
[374] return
[376] call remove
[377] call remove
[378] call add(8001)
[379] call remove
[380] call add(8002)
[375] return 7974
[381] call add(8003)
[382] call remove
[376] return 7975
[377] return 7976
[378] return
[379] return 7977
[380] return
[381] return
[383] call remove
[384] call remove
[385] call add(8004)
[386] call add(8005)
[387] call remove
[382] return 7978
[388] call add(8006)
[389] call add(8007)
[383] return 7979
[384] return 7980
[385] return
[386] return
[387] return 7981
[388] return
[390] call remove
[391] call add(8008)
[392] call remove
[393] call add(8009)
[394] call add(8010)
[389] return
[395] call remove
[396] call remove
[390] return 7982
[391] return
[392] return 7983
[393] return
[394] return
[395] return 7984
[397] call remove
[398] call remove
[399] call add(8011)
[400] call remove
[401] call add(8012)
[396] return 7985
[402] call add(8013)
[403] call add(8014)
[397] return 7986
[398] return 7987
[399] return
[400] return 7988
[401] return
[402] return
[404] call add(8015)
[405] call remove
[406] call remove
[407] call remove
[408] call add(8016)
[403] return
[409] call add(8017)
[410] call remove
[404] return
[405] return 7989
[406] return 7990
[407] return 7991
[408] return
[409] return
[411] call remove
[412] call remove
[413] call add(8018)
[414] call remove
[415] call remove
[410] return 7992
[416] call remove
[417] call remove
[411] return 7993
[412] return 7994
[413] return
[414] return 7995
[415] return 7996
[416] return 7997
[418] call add(8019)
[419] call remove
[420] call add(8020)
[421] call add(8021)
[422] call remove
[417] return 7998
[423] call add(8022)
[424] call remove
[418] return
[419] return 7999
[420] return
[421] return
[422] return 8000
[423] return
[425] call add(8023)
[426] call add(8024)
[427] call add(8025)
[428] call add(8026)
[429] call add(8027)
[424] return 8001
[430] call add(8028)
[431] call remove
[425] return
[426] return
[427] return
[428] return
[429] return
[430] return
[432] call add(8029)
[433] call remove
[434] call remove
[435] call add(8030)
[436] call remove
[431] return 8002
[437] call remove
[438] call add(8031)
[432] return
[433] return 8003
[434] return 8004
[435] return
[436] return 8005
[437] return 8006
[439] call remove
[440] call remove
[441] call remove
[442] call add(8032)
[443] call add(8033)
[438] return
[444] call add(8034)
[445] call remove
[439] return 8007
[440] return 8008
[441] return 8009
[442] return
[443] return
[444] return
[446] call remove
[447] call remove
[448] call add(8035)
[449] call add(8036)
[450] call add(8037)
[445] return 8010
[451] call add(8038)
[452] call remove
[446] return 8011
[447] return 8012
[448] return
[449] return
[450] return
[451] return
[453] call add(8039)
[454] call add(8040)
[455] call remove
[456] call remove
[457] call remove
[452] return 8013
[458] call remove
[459] call add(8041)
[453] return
[454] return
[455] return 8014
[456] return 8015
[457] return 8016
[458] return 8017
[460] call add(8042)
[461] call remove
[462] call add(8043)
[463] call remove
[464] call remove
[459] return
[465] call remove
[466] call remove
[460] return
[461] return 8018
[462] return
[463] return 8019
[464] return 8020
[465] return 8021
[467] call add(8044)
[468] call remove
[469] call remove
[470] call add(8045)
[471] call add(8046)
[466] return 8022
[472] call remove
[473] call remove
[467] return
[468] return 8023
[469] return 8024
[470] return
[471] return
[472] return 8025
[474] call add(8047)
[475] call add(8048)
[476] call remove
[477] call remove
[478] call add(8049)
[473] return 8026
[479] call add(8050)
[475] return
[474] return
[480] call add(8051)
[476] return 8027
[481] call remove
[482] call add(8052)
[477] return 8028
[478] return
[483] call remove
[479] return
[484] call remove
[485] call remove
[480] return
[481] return 8029
[486] call add(8053)
[482] return
[487] call remove
[483] return 8030
[488] call add(8054)
[489] call add(8055)
[484] return 8031
[485] return 8032
[490] call add(8056)
[486] return
[491] call add(8057)
[492] call remove
[487] return 8033
[488] return
[493] call remove
[489] return
[494] call remove
[490] return
[495] call remove
[491] return
[496] call add(8058)
[492] return 8034
[497] call remove
[493] return 8035
[498] call add(8059)
[499] call add(8060)
[494] return 8036
[495] return 8037
[500] call add(8061)
[496] return
[501] call add(8062)
[497] return 8038
[502] call add(8063)
[498] return
[503] call add(8064)
[499] return
[504] call add(8065)
[500] return
[505] call add(8066)
[506] call remove
[501] return
[502] return
[507] call remove
[503] return
[508] call remove
[504] return
[509] call add(8067)
[505] return
[510] call add(8068)
[506] return 8039
[511] call remove
[507] return 8040
[512] call add(8069)
[513] call add(8070)
[508] return 8041
[509] return
[514] call add(8071)
[510] return
[515] call remove
[511] return 8042
[516] call remove
[512] return
[517] call remove
[513] return
[518] call add(8072)
[514] return
[519] call add(8073)
[520] call add(8074)
[515] return 8043
[516] return 8044
[521] call remove
[517] return 8045
[522] call add(8075)
[518] return
[523] call add(8076)
[519] return
[524] call remove
[520] return
[525] call add(8077)
[521] return 8046
[526] call add(8078)
[527] call add(8079)
[522] return
[523] return
[528] call add(8080)
[524] return 8047
[529] call add(8081)
[525] return
[530] call remove
[526] return
[531] call add(8082)
[527] return
[532] call add(8083)
[529] return
[528] return
[533] call add(8084)
[534] call add(8085)
[535] call remove
[531] return
[530] return 8048
[536] call add(8086)
[537] call remove
[538] call add(8087)
[534] return
[532] return
[533] return
[535] return 8049
[539] call add(8088)
[540] call add(8089)
[541] call add(8090)
[536] return
[542] call remove
[537] return 8050
[538] return
[543] call add(8091)
[544] call add(8092)
[539] return
[545] call add(8093)
[540] return
[541] return
[542] return 8051
[546] call add(8094)
[547] call remove
[548] call add(8095)
[543] return
[549] call add(8096)
[544] return
[545] return
[550] call add(8097)
[551] call remove
[546] return
[552] call add(8098)
[548] return
[547] return 8052
[549] return
[553] call remove
[554] call add(8099)
[555] call add(8100)
[550] return
[556] call add(8101)
[551] return 8053
[552] return
[557] call remove
[558] call remove
[553] return 8054
[559] call add(8102)
[554] return
[555] return
[556] return
[560] call add(8103)
[561] call remove
[562] call add(8104)
[557] return 8055
[563] call remove
[558] return 8056
[559] return
[564] call remove
[565] call add(8105)
[560] return
[566] call remove
[561] return 8057
[562] return
[563] return 8058
[567] call add(8106)
[568] call remove
[569] call add(8107)
[564] return 8059
[570] call remove
[565] return
[566] return 8060
[571] call remove
[572] call remove
[567] return
[573] call remove
[568] return 8061
[569] return
[570] return 8062
[574] call remove
[575] call add(8108)
[576] call add(8109)
[571] return 8063
[577] call add(8110)
[572] return 8064
[573] return 8065
[575] return
[578] call add(8111)
[574] return 8066
[579] call add(8112)
[580] call add(8113)
[576] return
[581] call remove
[577] return
[582] call add(8114)
[583] call remove
[584] call remove
[578] return
[579] return
[580] return
[581] return 8067
[585] call remove
[582] return
[586] call remove
[587] call add(8115)
[583] return 8068
[588] call remove
[584] return 8069
[589] call add(8116)
[590] call add(8117)
[591] call remove
[585] return 8070
[586] return 8071
[587] return
[588] return 8072
[592] call remove
[589] return
[593] call add(8118)
[594] call add(8119)
[590] return
[595] call remove
[591] return 8073
[596] call remove
[597] call add(8120)
[598] call add(8121)
[592] return 8074
[593] return
[594] return
[595] return 8075
[599] call add(8122)
[596] return 8076
[600] call add(8123)
[601] call remove
[597] return
[602] call remove
[598] return
[603] call remove
[604] call remove
[605] call add(8124)
[599] return
[600] return
[601] return 8077
[602] return 8078
[606] call add(8125)
[603] return 8079
[607] call remove
[608] call add(8126)
[604] return 8080
[609] call add(8127)
[605] return
[610] call remove
[611] call add(8128)
[612] call remove
[606] return
[607] return 8081
[608] return
[609] return
[613] call add(8129)
[610] return 8082
[614] call remove
[615] call remove
[611] return
[616] call remove
[612] return 8084
[617] call remove
[618] call remove
[619] call remove
[613] return
[614] return 8085
[617] return 8087
[616] return 8086
[620] call add(8130)
[615] return 8083
[621] call remove
[622] call add(8131)
[618] return 8088
[623] call add(8132)
[619] return 8089
[624] call add(8133)
[625] call add(8134)
[626] call remove
[620] return
[621] return 8090
[622] return
[623] return
[627] call remove
[624] return
[628] call remove
[629] call remove
[625] return
[630] call remove
[626] return 8091
[631] call add(8135)
[632] call remove
[633] call remove
[627] return 8092
[628] return 8093
[629] return 8094
[630] return 8095
[634] call remove
[631] return
[635] call add(8136)
[636] call add(8137)
[632] return 8096
[637] call remove
[633] return 8097
[638] call add(8138)
[639] call remove
[640] call remove
[634] return 8098
[635] return
[636] return
[637] return 8099
[641] call remove
[638] return
[642] call add(8139)
[643] call add(8140)
[639] return 8100
[644] call add(8141)
[640] return 8101
[645] call add(8142)
[646] call add(8143)
[647] call add(8144)
[641] return 8102
[642] return
[643] return
[644] return
[648] call remove
[645] return
[649] call remove
[650] call add(8145)
[646] return
[651] call add(8146)
[647] return
[652] call add(8147)
[653] call add(8148)
[654] call add(8149)
[648] return 8103
[649] return 8104
[650] return
[651] return
[655] call add(8150)
[652] return
[656] call add(8151)
[657] call add(8152)
[653] return
[658] call add(8153)
[654] return
[659] call remove
[660] call add(8154)
[661] call add(8155)
[655] return
[656] return
[657] return
[658] return
[662] call add(8156)
[659] return 8105
[663] call add(8157)
[664] call remove
[660] return
[665] call add(8158)
[661] return
[666] call add(8159)
[667] call add(8160)
[668] call add(8161)
[662] return
[663] return
[664] return 8106
[665] return
[669] call add(8162)
[666] return
[670] call remove
[671] call add(8163)
[667] return
[672] call remove
[668] return
[673] call add(8164)
[674] call remove
[675] call remove
[669] return
[670] return 8107
[671] return
[672] return 8108
[676] call remove
[673] return
[677] call remove
[678] call add(8165)
[674] return 8109
[679] call add(8166)
[675] return 8110
[680] call remove
[681] call remove
[682] call add(8167)
[676] return 8111
[677] return 8112
[678] return
[679] return
[683] call remove
[680] return 8113
[684] call add(8168)
[685] call remove
[681] return 8114
[686] call add(8169)
[682] return
[687] call add(8170)
[688] call remove
[689] call remove
[683] return 8115
[684] return
[685] return 8116
[686] return
[690] call remove
[687] return
[691] call add(8171)
[692] call add(8172)
[688] return 8117
[693] call add(8173)
[689] return 8118
[694] call add(8174)
[695] call remove
[696] call add(8175)
[690] return 8119
[691] return
[692] return
[693] return
[697] call add(8176)
[694] return
[698] call add(8177)
[699] call add(8178)
[695] return 8120
[700] call add(8179)
[696] return
[701] call remove
[702] call add(8180)
[703] call remove
[697] return
[698] return
[699] return
[700] return
[704] call remove
[701] return 8121
[705] call remove
[706] call add(8181)
[702] return
[707] call remove
[703] return 8122
[708] call remove
[709] call remove
[710] call remove
[704] return 8123
[705] return 8124
[706] return
[707] return 8125
[711] call remove
[708] return 8126
[712] call add(8182)
[713] call add(8183)
[709] return 8127
[714] call add(8184)
[710] return 8128
[711] return 8129
[715] call add(8185)
[716] call remove
[717] call add(8186)
[712] return
[715] return
[718] call add(8187)
[713] return
[719] call remove
[714] return
[720] call remove
[721] call remove
[716] return 8130
[717] return
[722] call remove
[718] return
[723] call remove
[724] call add(8188)
[719] return 8131
[720] return 8132
[725] call remove
[721] return 8133
[726] call add(8189)
[722] return 8134
[727] call add(8190)
[728] call add(8191)
[723] return 8135
[724] return
[729] call remove
[725] return 8136
[730] call remove
[731] call add(8192)
[726] return
[727] return
[732] call add(8193)
[728] return
[733] call remove
[729] return 8137
[734] call remove
[735] call add(8194)
[730] return 8138
[731] return
[736] call remove
[732] return
[737] call add(8195)
[738] call add(8196)
[733] return 8139
[734] return 8140
[739] call remove
[735] return
[740] call add(8197)
[736] return 8141
[741] call add(8198)
[742] call remove
[737] return
[738] return
[743] call remove
[739] return 8142
[744] call remove
[745] call add(8199)
[740] return
[741] return
[746] call remove
[742] return 8143
[747] call remove
[743] return 8144
[748] call remove
[749] call add(8200)
[744] return 8145
[745] return
[750] call remove
[746] return 8146
[751] call remove
[752] call remove
[747] return 8147
[748] return 8148
[753] call add(8201)
[749] return
[754] call remove
[750] return 8149
[755] call add(8202)
[756] call remove
[751] return 8150
[752] return 8151
[757] call remove
[753] return
[758] call add(8203)
[759] call remove
[754] return 8152
[755] return
[760] call add(8204)
[756] return 8153
[761] call add(8205)
[757] return 8154
[762] call add(8206)
[763] call remove
[758] return
[759] return 8155
[764] call remove
[760] return
[765] call add(8207)
[766] call remove
[761] return
[762] return
[767] call remove
[763] return 8156
[768] call add(8208)
[764] return 8157
[769] call add(8209)
[770] call add(8210)
[765] return
[766] return 8158
[771] call add(8211)
[767] return 8159
[772] call remove
[773] call remove
[768] return
[769] return
[774] call remove
[770] return
[775] call add(8212)
[771] return
[776] call add(8213)
[777] call remove
[772] return 8160
[773] return 8161
[778] call add(8214)
[774] return 8162
[779] call add(8215)
[780] call add(8216)
[775] return
[776] return
[781] call remove
[777] return 8163
[782] call remove
[778] return
[783] call remove
[784] call remove
[779] return
[780] return
[785] call remove
[781] return 8164
[786] call add(8217)
[787] call remove
[782] return 8165
[783] return 8166
[788] call add(8218)
[784] return 8167
[789] call remove
[785] return 8168
[790] call remove
[791] call remove
[786] return
[787] return 8169
[792] call add(8219)
[788] return
[793] call remove
[794] call add(8220)
[789] return 8170
[790] return 8171
[795] call remove
[791] return 8172
[796] call add(8221)
[792] return
[797] call add(8222)
[798] call remove
[793] return 8173
[794] return
[799] call remove
[795] return 8174
[800] call remove
[801] call remove
[796] return
[797] return
[802] call remove
[798] return 8175
[803] call add(8223)
[799] return 8176
[804] call add(8224)
[805] call remove
[800] return 8177
[801] return 8178
[806] call remove
[802] return 8179
[807] call add(8225)
[808] call remove
[803] return
[804] return
[809] call remove
[805] return 8180
[810] call add(8226)
[806] return 8181
[811] call add(8227)
[812] call remove
[807] return
[808] return 8182
[813] call remove
[809] return 8185
[814] call add(8228)
[815] call remove
[810] return
[811] return
[816] call add(8229)
[812] return 8183
[817] call add(8230)
[813] return 8184
[818] call remove
[819] call add(8231)
[814] return
[815] return 8186
[820] call add(8232)
[816] return
[821] call remove
[822] call add(8233)
[817] return
[818] return 8187
[823] call add(8234)
[819] return
[824] call add(8235)
[820] return
[825] call add(8236)
[826] call add(8237)
[821] return 8188
[822] return
[827] call remove
[823] return
[828] call remove
[829] call remove
[824] return
[825] return
[830] call add(8238)
[826] return
[831] call add(8239)
[827] return 8189
[832] call remove
[833] call remove
[828] return 8190
[829] return 8191
[834] call add(8240)
[830] return
[835] call remove
[836] call remove
[831] return
[832] return 8192
[837] call remove
[833] return 8193
[838] call add(8241)
[834] return
[839] call remove
[840] call add(8242)
[835] return 8194
[836] return 8195
[841] call add(8243)
[837] return 8196
[842] call add(8244)
[843] call add(8245)
[838] return
[839] return 8197
[844] call remove
[840] return
[845] call remove
[841] return
[846] call add(8246)
[847] call remove
[842] return
[843] return
[848] call remove
[844] return 8198
[849] call add(8247)
[850] call add(8248)
[845] return 8199
[846] return
[851] call remove
[847] return 8200
[852] call add(8249)
[848] return 8201
[853] call remove
[854] call add(8250)
[849] return
[850] return
[855] call remove
[851] return 8202
[856] call add(8251)
[857] call remove
[852] return
[853] return 8203
[858] call add(8252)
[854] return
[859] call add(8253)
[855] return 8204
[860] call remove
[856] return
[857] return 8205
[861] call remove
[862] call add(8254)
[858] return
[860] return 8206
[863] call add(8255)
[864] call add(8256)
[859] return
[865] call add(8257)
[866] call remove
[867] call add(8258)
[861] return 8207
[862] return
[863] return
[864] return
[868] call remove
[869] call add(8259)
[865] return
[866] return 8208
[870] call remove
[871] call add(8260)
[867] return
[872] call remove
[873] call add(8261)
[874] call remove
[868] return 8209
[869] return
[870] return 8210
[871] return
[875] call add(8262)
[876] call remove
[872] return 8211
[873] return
[877] call add(8263)
[878] call add(8264)
[874] return 8212
[879] call add(8265)
[880] call add(8266)
[881] call remove
[875] return
[876] return 8213
[877] return
[878] return
[882] call add(8267)
[883] call add(8268)
[879] return
[880] return
[884] call remove
[885] call add(8269)
[881] return 8214
[886] call add(8270)
[887] call add(8271)
[888] call remove
[882] return
[883] return
[884] return 8215
[885] return
[889] call remove
[890] call add(8272)
[886] return
[887] return
[891] call remove
[892] call add(8273)
[888] return 8216
[893] call add(8274)
[894] call remove
[895] call remove
[889] return 8217
[890] return
[891] return 8218
[892] return
[896] call add(8275)
[897] call remove
[893] return
[894] return 8219
[898] call add(8276)
[899] call remove
[895] return 8220
[900] call add(8277)
[901] call remove
[902] call add(8278)
[896] return
[897] return 8221
[898] return
[899] return 8222
[903] call add(8279)
[904] call remove
[900] return
[901] return 8223
[905] call add(8280)
[906] call remove
[907] call add(8281)
[908] call remove
[902] return
[903] return
[904] return 8224
[909] call add(8282)
[906] return 8225
[905] return
[907] return
[910] call remove
[911] call remove
[908] return 8226
[912] call add(8283)
[913] call add(8284)
[914] call remove
[915] call remove
[909] return
[910] return 8227
[911] return 8228
[916] call add(8285)
[912] return
[913] return
[914] return 8229
[917] call add(8286)
[918] call add(8287)
[915] return 8230
[919] call add(8288)
[920] call add(8289)
[921] call add(8290)
[922] call remove
[916] return
[917] return
[918] return
[923] call add(8291)
[919] return
[920] return
[921] return
[924] call remove
[925] call remove
[922] return 8231
[926] call remove
[927] call remove
[928] call remove
[929] call add(8292)
[923] return
[924] return 8232
[925] return 8233
[930] call add(8293)
[926] return 8234
[927] return 8235
[928] return 8236
[931] call add(8294)
[932] call remove
[929] return
[933] call add(8295)
[934] call add(8296)
[935] call add(8297)
[936] call remove
[930] return
[931] return
[932] return 8237
[937] call add(8298)
[933] return
[934] return
[935] return
[938] call add(8299)
[939] call add(8300)
[936] return 8238
[940] call remove
[941] call remove
[942] call add(8301)
[943] call remove
[937] return
[938] return
[939] return
[944] call remove
[940] return 8239
[941] return 8240
[942] return
[945] call remove
[946] call add(8302)
[943] return 8241
[947] call remove
[948] call add(8303)
[944] return 8242
[945] return 8243
[949] call remove
[950] call remove
[951] call remove
[952] call add(8304)
[946] return
[948] return
[949] return 8244
[947] return 8245
[953] call remove
[954] call remove
[950] return 8246
[951] return 8247
[955] call remove
[956] call remove
[952] return
[957] call add(8305)
[958] call add(8306)
[959] call remove
[953] return 8248
[954] return 8249
[955] return 8250
[956] return 8251
[960] call add(8307)
[961] call remove
[957] return
[958] return
[962] call add(8308)
[963] call remove
[959] return 8252
[964] call remove
[965] call remove
[966] call add(8309)
[960] return
[961] return 8253
[962] return
[963] return 8254
[967] call add(8310)
[968] call remove
[964] return 8255
[965] return 8256
[969] call add(8311)
[970] call add(8312)
[966] return
[971] call add(8313)
[972] call add(8314)
[973] call remove
[967] return
[968] return 8257
[969] return
[970] return
[974] call remove
[975] call add(8315)
[971] return
[972] return
[976] call remove
[977] call add(8316)
[973] return 8258
[978] call add(8317)
[979] call remove
[980] call add(8318)
[974] return 8259
[975] return
[976] return 8260
[977] return
[981] call remove
[982] call remove
[978] return
[979] return 8261
[983] call add(8319)
[984] call remove
[980] return
[985] call add(8320)
[986] call remove
[987] call remove
[981] return 8262
[982] return 8263
[983] return
[984] return 8264
[988] call remove
[989] call add(8321)
[985] return
[986] return 8265
[990] call add(8322)
[991] call add(8323)
[987] return 8266
[992] call remove
[993] call add(8324)
[994] call add(8325)
[988] return 8267
[989] return
[990] return
[991] return
[995] call add(8326)
[996] call add(8327)
[992] return 8268
[993] return
[997] call add(8328)
[998] call remove
[994] return
[999] call add(8329)
[1000] call remove
[1001] call add(8330)
[995] return
[996] return
[997] return
[998] return 8269
[1002] call remove
[1003] call remove
[999] return
[1000] return 8270
[1004] call add(8331)
[1005] call add(8332)
[1001] return
[1006] call add(8333)
[1007] call remove
[1008] call add(8334)
[1002] return 8271
[1003] return 8272
[1004] return
[1005] return
[1009] call add(8335)
[1010] call add(8336)
[1006] return
[1007] return 8273
[1011] call remove
[1012] call add(8337)
[1008] return
[1013] call remove
[1014] call add(8338)
[1015] call add(8339)
[1012] return
[1010] return
[1011] return 8274
[1009] return
[1016] call add(8340)
[1017] call remove
[1013] return 8275
[1014] return
[1018] call remove
[1019] call remove
[1015] return
[1020] call remove
[1021] call add(8341)
[1022] call remove
[1016] return
[1017] return 8276
[1018] return 8277
[1019] return 8278
[1023] call remove
[1024] call add(8342)
[1020] return 8279
[1021] return
[1025] call remove
[1026] call add(8343)
[1022] return 8280
[1027] call add(8344)
[1028] call add(8345)
[1029] call add(8346)
[1023] return 8281
[1024] return
[1025] return 8282
[1026] return
[1030] call remove
[1031] call remove
[1027] return
[1028] return
[1032] call remove
[1033] call add(8347)
[1029] return
[1034] call remove
[1035] call add(8348)
[1036] call add(8349)
[1030] return 8283
[1031] return 8284
[1032] return 8285
[1033] return
[1037] call remove
[1038] call remove
[1034] return 8286
[1035] return
[1039] call remove
[1040] call add(8350)
[1036] return
[1041] call add(8351)
[1042] call remove
[1043] call remove
[1037] return 8287
[1038] return 8288
[1039] return 8289
[1040] return
[1044] call add(8352)
[1045] call add(8353)
[1041] return
[1042] return 8290
[1046] call add(8354)
[1047] call add(8355)
[1043] return 8291
[1048] call remove
[1049] call remove
[1050] call remove
[1044] return
[1045] return
[1046] return
[1047] return
[1051] call add(8356)
[1052] call remove
[1048] return 8292
[1049] return 8293
[1053] call remove
[1054] call add(8357)
[1050] return 8294
[1055] call add(8358)
[1056] call add(8359)
[1057] call add(8360)
[1051] return
[1052] return 8295
[1053] return 8296
[1054] return
[1058] call remove
[1059] call remove
[1055] return
[1056] return
[1060] call add(8361)
[1061] call add(8362)
[1057] return
[1062] call remove
[1063] call remove
[1064] call add(8363)
[1058] return 8297
[1059] return 8298
[1060] return
[1061] return
[1065] call remove
[1066] call add(8364)
[1062] return 8299
[1063] return 8300
[1067] call remove
[1068] call add(8365)
[1064] return
[1069] call add(8366)
[1070] call add(8367)
[1071] call remove
[1065] return 8301
[1066] return
[1067] return 8302
[1068] return
[1072] call remove
[1073] call add(8368)
[1069] return
[1070] return
[1074] call remove
[1075] call remove
[1071] return 8303
[1076] call remove
[1077] call add(8369)
[1078] call remove
[1072] return 8304
[1073] return
[1074] return 8305
[1075] return 8306
[1079] call add(8370)
[1080] call add(8371)
[1076] return 8307
[1077] return
[1081] call add(8372)
[1082] call remove
[1078] return 8308
[1083] call add(8373)
[1084] call add(8374)
[1085] call remove
[1079] return
[1080] return
[1081] return
[1082] return 8309
[1086] call remove
[1087] call remove
[1083] return
[1084] return
[1088] call add(8375)
[1089] call remove
[1085] return 8310
[1090] call remove
[1091] call remove
[1092] call remove
[1086] return 8311
[1087] return 8312
[1088] return
[1089] return 8313
[1093] call remove
[1094] call remove
[1090] return 8314
[1091] return 8315
[1095] call add(8376)
[1096] call add(8377)
[1092] return 8316
[1097] call remove
[1098] call add(8378)
[1099] call add(8379)
[1093] return 8317
[1094] return 8318
[1095] return
[1096] return
[1100] call remove
[1097] return 8319
[1101] call remove
[1098] return
[1102] call remove
[1103] call add(8380)
[1099] return
[1104] call remove
[1100] return 8320
[1105] call remove
[1106] call add(8381)
[1107] call remove
[1102] return 8321
[1103] return
[1101] return 8322
[1104] return 8323
[1105] return 8324
[1108] call add(8382)
[1109] call add(8383)
[1106] return
[1110] call remove
[1111] call remove
[1107] return 8325
[1112] call add(8384)
[1113] call remove
[1109] return
[1114] call add(8385)
[1108] return
[1115] call remove
[1116] call remove
[1111] return 8326
[1112] return
[1110] return 8327
[1117] call remove
[1114] return
[1118] call remove
[1113] return 8328
[1119] call add(8386)
[1115] return 8329
[1116] return 8330
[1120] call add(8387)
[1121] call remove
[1122] call remove
[1123] call add(8388)
[1117] return 8331
[1118] return 8332
[1119] return
[1124] call add(8389)
[1120] return
[1125] call add(8390)
[1121] return 8333
[1126] call add(8391)
[1127] call add(8392)
[1123] return
[1128] call add(8393)
[1122] return 8334
[1129] call add(8394)
[1124] return
[1125] return
[1130] call remove
[1126] return
[1127] return
[1131] call remove
[1128] return
[1132] call remove
[1133] call add(8395)
[1134] call remove
[1129] return
[1135] call add(8396)
[1130] return 8335
[1136] call remove
[1131] return 8336
[1132] return 8337
[1137] call remove
[1133] return
[1134] return 8338
[1138] call add(8397)
[1135] return
[1139] call remove
[1140] call remove
[1141] call add(8398)
[1136] return 8339
[1142] call remove
[1137] return 8340
[1143] call remove
[1138] return
[1139] return 8341
[1144] call remove
[1140] return 8342
[1141] return
[1145] call remove
[1142] return 8343
[1146] call add(8399)
[1147] call remove
[1148] call remove
[1143] return 8344
[1149] call add(8400)
[1144] return 8345
[1150] call remove
[1145] return 8346
[1146] return
[1151] call remove
[1147] return 8347
[1148] return 8348
[1152] call remove
[1149] return
[1153] call remove
[1154] call add(8401)
[1155] call add(8402)
[1150] return 8349
[1156] call remove
[1151] return 8350
[1157] call add(8403)
[1152] return 8351
[1153] return 8352
[1158] call add(8404)
[1154] return
[1155] return
[1159] call add(8405)
[1160] call remove
[1156] return 8353
[1161] call add(8406)
[1162] call add(8407)
[1157] return
[1163] call add(8408)
[1158] return
[1164] call add(8409)
[1159] return
[1160] return 8354
[1165] call add(8410)
[1161] return
[1162] return
[1166] call remove
[1167] call remove
[1163] return
[1168] call remove
[1169] call remove
[1164] return
[1170] call remove
[1165] return
[1171] call remove
[1166] return 8355
[1167] return 8356
[1172] call add(8411)
[1168] return 8357
[1169] return 8358
[1170] return 8359
[1173] call remove
[1174] call remove
[1171] return 8360
[1175] call remove
[1176] call add(8412)
[1177] call remove
[1172] return
[1178] call remove
[1173] return 8361
[1174] return 8362
[1179] call remove
[1175] return 8363
[1176] return
[1177] return 8364
[1180] call add(8413)
[1181] call add(8414)
[1178] return 8365
[1182] call remove
[1183] call remove
[1184] call remove
[1179] return 8366
[1185] call remove
[1180] return
[1181] return
[1186] call add(8415)
[1182] return 8367
[1183] return 8368
[1184] return 8369
[1187] call add(8416)
[1188] call remove
[1185] return 8370
[1189] call remove
[1190] call add(8417)
[1191] call remove
[1186] return
[1192] call add(8418)
[1187] return
[1188] return 8371
[1193] call remove
[1189] return 8372
[1190] return
[1191] return 8373
[1194] call add(8419)
[1195] call remove
[1192] return
[1196] call add(8420)
[1197] call add(8421)
[1198] call remove
[1193] return 8374
[1199] call add(8422)
[1194] return
[1195] return 8375
[1200] call remove
[1196] return
[1197] return
[1198] return 8376
[1201] call add(8423)
[1202] call remove
[1199] return
[1203] call remove
[1204] call add(8424)
[1205] call remove
[1200] return 8377
[1206] call remove
[1201] return
[1202] return 8378
[1207] call add(8425)
[1203] return 8379
[1204] return
[1205] return 8380
[1208] call add(8426)
[1209] call remove
[1206] return 8381
[1210] call add(8427)
[1211] call remove
[1212] call add(8428)
[1207] return
[1213] call add(8429)
[1208] return
[1209] return 8382
[1214] call add(8430)
[1210] return
[1211] return 8383
[1212] return
[1215] call remove
[1216] call remove
[1213] return
[1217] call add(8431)
[1218] call remove
[1219] call remove
[1214] return
[1220] call remove
[1215] return 8384
[1216] return 8385
[1221] call remove
[1217] return
[1218] return 8386
[1219] return 8387
[1222] call remove
[1223] call remove
[1220] return 8388
[1224] call remove
[1225] call add(8432)
[1226] call add(8433)
[1221] return 8389
[1227] call add(8434)
[1222] return 8390
[1223] return 8391
[1228] call add(8435)
[1224] return 8392
[1225] return
[1226] return
[1229] call remove
[1230] call add(8436)
[1227] return
[1231] call add(8437)
[1232] call add(8438)
[1233] call remove
[1228] return
[1234] call add(8439)
[1229] return 8393
[1230] return
[1235] call add(8440)
[1231] return
[1232] return
[1233] return 8394
[1236] call remove
[1237] call add(8441)
[1234] return
[1238] call remove
[1239] call remove
[1240] call remove
[1235] return
[1241] call remove
[1236] return 8395
[1237] return
[1242] call remove
[1238] return 8396
[1239] return 8397
[1240] return 8398
[1243] call remove
[1244] call add(8442)
[1241] return 8399
[1245] call remove
[1246] call add(8443)
[1247] call add(8444)
[1242] return 8400
[1248] call add(8445)
[1243] return 8401
[1244] return
[1249] call remove
[1245] return 8402
[1246] return
[1247] return
[1250] call remove
[1251] call add(8446)
[1248] return
[1252] call remove
[1253] call remove
[1254] call remove
[1249] return 8403
[1255] call remove
[1250] return 8404
[1251] return
[1256] call add(8447)
[1252] return 8405
[1253] return 8406
[1254] return 8407
[1257] call add(8448)
[1258] call remove
[1255] return 8408
[1259] call add(8449)
[1260] call add(8450)
[1261] call add(8451)
[1256] return
[1262] call add(8452)
[1257] return
[1258] return 8409
[1263] call remove
[1259] return
[1260] return
[1261] return
[1264] call remove
[1265] call remove
[1262] return
[1266] call add(8453)
[1267] call add(8454)
[1268] call remove
[1263] return 8410
[1269] call remove
[1264] return 8411
[1265] return 8412
[1270] call add(8455)
[1266] return
[1267] return
[1268] return 8413
[1271] call remove
[1272] call add(8456)
[1269] return 8414
[1273] call add(8457)
[1274] call add(8458)
[1275] call add(8459)
[1270] return
[1276] call add(8460)
[1271] return 8415
[1272] return
[1277] call remove
[1273] return
[1274] return
[1275] return
[1278] call add(8461)
[1279] call add(8462)
[1276] return
[1280] call remove
[1281] call add(8463)
[1282] call remove
[1277] return 8416
[1283] call remove
[1278] return
[1279] return
[1284] call remove
[1280] return 8417
[1281] return
[1282] return 8418
[1285] call add(8464)
[1286] call remove
[1283] return 8419
[1287] call remove
[1288] call remove
[1289] call remove
[1284] return 8420
[1290] call add(8465)
[1285] return
[1286] return 8421
[1291] call add(8466)
[1287] return 8422
[1288] return 8423
[1289] return 8424
[1292] call add(8467)
[1293] call add(8468)
[1290] return
[1294] call add(8469)
[1295] call remove
[1296] call remove
[1291] return
[1297] call add(8470)
[1292] return
[1293] return
[1298] call remove
[1294] return
[1295] return 8425
[1296] return 8426
[1299] call add(8471)
[1300] call add(8472)
[1297] return
[1301] call add(8473)
[1302] call add(8474)
[1303] call remove
[1298] return 8427
[1304] call remove
[1299] return
[1300] return
[1305] call add(8475)
[1301] return
[1302] return
[1303] return 8428
[1306] call remove
[1307] call add(8476)
[1304] return 8429
[1308] call remove
[1309] call add(8477)
[1310] call remove
[1305] return
[1311] call add(8478)
[1306] return 8430
[1307] return
[1312] call remove
[1308] return 8431
[1309] return
[1310] return 8432
[1313] call remove
[1314] call add(8479)
[1311] return
[1315] call add(8480)
[1316] call add(8481)
[1317] call add(8482)
[1312] return 8433
[1318] call remove
[1313] return 8434
[1314] return
[1319] call remove
[1315] return
[1316] return
[1317] return
[1320] call remove
[1321] call remove
[1318] return 8435
[1322] call remove
[1323] call add(8483)
[1324] call add(8484)
[1319] return 8436
[1325] call remove
[1320] return 8437
[1321] return 8438
[1326] call add(8485)
[1322] return 8439
[1323] return
[1324] return
[1327] call add(8486)
[1328] call add(8487)
[1325] return 8440
[1329] call remove
[1330] call remove
[1331] call add(8488)
[1326] return
[1332] call remove
[1327] return
[1328] return
[1333] call add(8489)
[1329] return 8441
[1330] return 8442
[1331] return
[1334] call add(8490)
[1335] call remove
[1332] return 8443
[1336] call add(8491)
[1337] call remove
[1338] call add(8492)
[1333] return
[1339] call remove
[1334] return
[1335] return 8444
[1340] call remove
[1336] return
[1337] return 8445
[1338] return
[1341] call add(8493)
[1342] call remove
[1339] return 8446
[1343] call add(8494)
[1344] call remove
[1345] call add(8495)
[1340] return 8447
[1346] call add(8496)
[1341] return
[1342] return 8448
[1347] call remove
[1343] return
[1344] return 8449
[1345] return
[1348] call add(8497)
[1349] call add(8498)
[1346] return
[1350] call remove
[1351] call remove
[1352] call add(8499)
[1347] return 8450
[1353] call remove
[1348] return
[1349] return
[1354] call remove
[1350] return 8451
[1351] return 8452
[1352] return
[1355] call add(8500)
[1356] call add(8501)
[1353] return 8453
[1357] call add(8502)
[1358] call add(8503)
[1359] call remove
[1354] return 8454
[1360] call add(8504)
[1355] return
[1356] return
[1361] call add(8505)
[1357] return
[1358] return
[1359] return 8455
[1362] call remove
[1363] call remove
[1360] return
[1364] call add(8506)
[1365] call remove
[1366] call remove
[1361] return
[1367] call add(8507)
[1362] return 8456
[1363] return 8457
[1368] call remove
[1364] return
[1365] return 8458
[1366] return 8459
[1369] call remove
[1370] call remove
[1367] return
[1371] call add(8508)
[1372] call remove
[1373] call add(8509)
[1368] return 8460
[1374] call add(8510)
[1369] return 8461
[1370] return 8462
[1375] call add(8511)
[1371] return
[1372] return 8463
[1373] return
[1376] call remove
[1377] call remove
[1374] return
[1378] call remove
[1379] call add(8512)
[1380] call add(8513)
[1375] return
[1381] call add(8514)
[1376] return 8464
[1377] return 8465
[1382] call remove
[1378] return 8466
[1379] return
[1380] return
[1383] call remove
[1384] call remove
[1381] return
[1385] call add(8515)
[1386] call remove
[1387] call add(8516)
[1382] return 8467
[1388] call remove
[1389] call remove
[1383] return 8468
[1384] return 8469
[1386] return 8470
[1387] return
[1390] call remove
[1391] call remove
[1385] return
[1388] return 8471
[1389] return 8472
[1392] call add(8517)
[1393] call add(8518)
[1394] call add(8519)
[1395] call remove
[1390] return 8473
[1391] return 8474
[1396] call add(8520)
[1397] call add(8521)
[1398] call add(8522)
[1395] return 8475
[1394] return
[1393] return
[1392] return
[1396] return
[1397] return
[1399] call add(8523)
[1400] call remove
[1401] call add(8524)
[1402] call add(8525)
[1398] return
[1403] call remove
[1404] call remove
[1405] call remove
[1399] return
[1400] return 8476
[1401] return
[1402] return
[1403] return 8477
[1404] return 8478
[1406] call remove
[1407] call remove
[1408] call add(8526)
[1409] call remove
[1405] return 8479
[1410] call remove
[1411] call remove
[1412] call add(8527)
[1406] return 8480
[1407] return 8481
[1408] return
[1409] return 8482
[1410] return 8483
[1411] return 8484
[1413] call add(8528)
[1414] call remove
[1415] call add(8529)
[1416] call add(8530)
[1412] return
[1417] call remove
[1418] call add(8531)
[1419] call add(8532)
[1413] return
[1414] return 8485
[1415] return
[1416] return
[1417] return 8486
[1418] return
[1420] call add(8533)
[1421] call remove
[1422] call remove
[1423] call add(8534)
[1419] return
[1424] call remove
[1425] call add(8535)
[1426] call remove
[1420] return
[1421] return 8487
[1422] return 8488
[1423] return
[1424] return 8489
[1425] return
[1427] call remove
[1428] call add(8536)
[1429] call add(8537)
[1430] call add(8538)
[1426] return 8490
[1431] call remove
[1432] call add(8539)
[1433] call add(8540)
[1427] return 8491
[1428] return
[1429] return
[1430] return
[1431] return 8492
[1432] return
[1434] call remove
[1435] call remove
[1436] call add(8541)
[1437] call remove
[1433] return
[1438] call remove
[1439] call remove
[1440] call add(8542)
[1434] return 8493
[1435] return 8494
[1436] return
[1437] return 8495
[1438] return 8496
[1439] return 8497
[1441] call add(8543)
[1442] call add(8544)
[1443] call remove
[1444] call add(8545)
[1440] return
[1445] call add(8546)
[1446] call remove
[1447] call add(8547)
[1441] return
[1442] return
[1443] return 8498
[1444] return
[1445] return
[1446] return 8499
[1448] call add(8548)
[1449] call add(8549)
[1450] call add(8550)
[1451] call remove
[1447] return
[1452] call add(8551)
[1453] call add(8552)
[1454] call add(8553)
[1448] return
[1449] return
[1450] return
[1451] return 8500
[1452] return
[1453] return
[1455] call remove
[1456] call add(8554)
[1457] call remove
[1458] call remove
[1454] return
[1459] call remove
[1460] call remove
[1461] call add(8555)
[1455] return 8501
[1456] return
[1457] return 8502
[1458] return 8503
[1459] return 8504
[1460] return 8505
[1462] call add(8556)
[1463] call add(8557)
[1464] call remove
[1465] call remove
[1461] return
[1466] call remove
[1467] call remove
[1468] call add(8558)
[1462] return
[1463] return
[1464] return 8506
[1465] return 8507
[1466] return 8508
[1467] return 8509
[1469] call add(8559)
[1470] call remove
[1471] call add(8560)
[1472] call add(8561)
[1468] return
[1473] call remove
[1474] call remove
[1475] call remove
[1469] return
[1470] return 8510
[1471] return
[1472] return
[1473] return 8511
[1474] return 8512
[1476] call remove
[1477] call add(8562)
[1478] call remove
[1479] call remove
[1475] return 8513
[1480] call remove
[1481] call add(8563)
[1482] call add(8564)
[1476] return 8514
[1477] return
[1478] return 8516
[1479] return 8515
[1480] return 8519
[1481] return
[1483] call add(8565)
[1484] call add(8566)
[1485] call remove
[1486] call add(8567)
[1482] return
[1487] call remove
[1488] call remove
[1489] call add(8568)
[1483] return
[1484] return
[1485] return 8518
[1486] return
[1487] return 8517
[1488] return 8520
[1490] call remove
[1491] call add(8569)
[1492] call add(8570)
[1493] call remove
[1489] return
[1494] call add(8571)
[1495] call remove
[1496] call add(8572)
[1490] return 8521
[1491] return
[1492] return
[1493] return 8522
[1494] return
[1495] return 8523
[1497] call remove
[1498] call remove
[1499] call remove
[1500] call remove
[1496] return
[1501] call add(8573)
[1502] call add(8574)
[1503] call remove
[1497] return 8524
[1498] return 8525
[1499] return 8526
[1500] return 8527
[1501] return
[1502] return
[1504] call remove
[1505] call add(8575)
[1506] call remove
[1507] call remove
[1503] return 8528
[1508] call add(8576)
[1509] call add(8577)
[1510] call remove
[1504] return 8529
[1505] return
[1506] return 8530
[1507] return 8531
[1508] return
[1509] return
[1511] call remove
[1512] call add(8578)
[1513] call add(8579)
[1514] call remove
[1510] return 8532
[1515] call remove
[1516] call add(8580)
[1517] call add(8581)
[1511] return 8533
[1512] return
[1513] return
[1514] return 8534
[1515] return 8535
[1516] return
[1518] call add(8582)
[1519] call add(8583)
[1520] call remove
[1521] call remove
[1517] return
[1522] call add(8584)
[1523] call add(8585)
[1524] call remove
[1518] return
[1519] return
[1520] return 8536
[1521] return 8537
[1522] return
[1523] return
[1525] call remove
[1526] call remove
[1527] call remove
[1528] call add(8586)
[1524] return 8538
[1529] call remove
[1530] call remove
[1531] call remove
[1525] return 8539
[1526] return 8540
[1527] return 8541
[1528] return
[1529] return 8542
[1530] return 8543
[1532] call add(8587)
[1533] call remove
[1534] call add(8588)
[1535] call remove
[1531] return 8544
[1536] call remove
[1537] call remove
[1538] call remove
[1532] return
[1533] return 8545
[1534] return
[1535] return 8546
[1536] return 8547
[1537] return 8548
[1539] call remove
[1540] call remove
[1541] call remove
[1542] call remove
[1538] return 8549
[1543] call add(8589)
[1544] call add(8590)
[1545] call add(8591)
[1539] return 8550
[1540] return 8551
[1541] return 8552
[1542] return 8553
[1543] return
[1544] return
[1546] call add(8592)
[1547] call add(8593)
[1548] call add(8594)
[1549] call remove
[1545] return
[1550] call add(8595)
[1551] call add(8596)
[1552] call add(8597)
[1546] return
[1547] return
[1548] return
[1549] return 8554
[1550] return
[1551] return
[1553] call add(8598)
[1554] call add(8599)
[1555] call add(8600)
[1556] call add(8601)
[1552] return
[1557] call remove
[1558] call add(8602)
[1559] call remove
[1553] return
[1554] return
[1555] return
[1556] return
[1557] return 8555
[1558] return
[1560] call remove
[1561] call remove
[1562] call remove
[1563] call remove
[1559] return 8556
[1564] call add(8603)
[1565] call add(8604)
[1566] call remove
[1560] return 8557
[1561] return 8558
[1562] return 8559
[1563] return 8560
[1564] return
[1565] return
[1567] call add(8605)
[1568] call add(8606)
[1569] call add(8607)
[1570] call add(8608)
[1566] return 8561
[1571] call remove
[1572] call add(8609)
[1573] call add(8610)
[1567] return
[1568] return
[1569] return
[1570] return
[1571] return 8562
[1572] return
[1574] call add(8611)
[1575] call remove
[1576] call remove
[1577] call remove
[1573] return
[1578] call remove
[1579] call remove
[1580] call remove
[1574] return
[1575] return 8563
[1576] return 8564
[1577] return 8565
[1578] return 8566
[1579] return 8567
[1581] call add(8612)
[1582] call remove
[1583] call remove
[1584] call add(8613)
[1580] return 8568
[1585] call add(8614)
[1586] call remove
[1587] call add(8615)
[1581] return
[1582] return 8569
[1583] return 8570
[1584] return
[1585] return
[1586] return 8571
[1588] call remove
[1589] call add(8616)
[1590] call add(8617)
[1591] call add(8618)
[1587] return
[1592] call add(8619)
[1593] call add(8620)
[1594] call add(8621)
[1588] return 8572
[1589] return
[1590] return
[1591] return
[1592] return
[1593] return
[1595] call add(8622)
[1596] call remove
[1597] call add(8623)
[1598] call add(8624)
[1594] return
[1599] call remove
[1600] call add(8625)
[1601] call remove
[1595] return
[1596] return 8573
[1597] return
[1598] return
[1599] return 8574
[1600] return
[1602] call add(8626)
[1603] call add(8627)
[1604] call remove
[1605] call remove
[1601] return 8575
[1606] call remove
[1607] call remove
[1608] call remove
[1602] return
[1603] return
[1604] return 8576
[1605] return 8577
[1606] return 8578
[1607] return 8579
[1609] call remove
[1610] call add(8628)
[1611] call add(8629)
[1612] call add(8630)
[1608] return 8580
[1613] call add(8631)
[1614] call add(8632)
[1615] call add(8633)
[1609] return 8581
[1613] return
[1610] return
[1611] return
[1612] return
[1616] call add(8634)
[1617] call add(8635)
[1618] call remove
[1619] call add(8636)
[1614] return
[1620] call remove
[1615] return
[1621] call add(8637)
[1622] call remove
[1616] return
[1617] return
[1618] return 8582
[1619] return
[1620] return 8583
[1623] call add(8638)
[1624] call remove
[1625] call remove
[1626] call add(8639)
[1621] return
[1627] call add(8640)
[1622] return 8584
[1628] call add(8641)
[1629] call remove
[1623] return
[1624] return 8585
[1625] return 8586
[1626] return
[1627] return
[1628] return
[1630] call remove
[1631] call remove
[1632] call remove
[1633] call add(8642)
[1634] call remove
[1635] call add(8643)
[1629] return 8587
[1630] return 8588
[1631] return 8589
[1632] return 8590
[1633] return
[1636] call add(8644)
[1634] return 8591
[1635] return
[1637] call remove
[1638] call remove
[1639] call remove
[1640] call add(8645)
[1641] call remove
[1642] call add(8646)
[1636] return
[1637] return 8592
[1638] return 8593
[1639] return 8594
[1640] return
[1643] call remove
[1641] return 8595
[1642] return
[1644] call remove
[1645] call remove
[1646] call add(8647)
[1647] call remove
[1648] call add(8648)
[1649] call add(8649)
[1643] return 8596
[1644] return 8597
[1645] return 8598
[1646] return
[1647] return 8599
[1650] call add(8650)
[1648] return
[1649] return
[1651] call add(8651)
[1652] call remove
[1653] call add(8652)
[1654] call add(8653)
[1655] call remove
[1656] call remove
[1650] return
[1651] return
[1652] return 8600
[1653] return
[1654] return
[1657] call add(8654)
[1655] return 8601
[1656] return 8602
[1658] call remove
[1659] call remove
[1660] call remove
[1661] call remove
[1662] call remove
[1663] call add(8655)
[1657] return
[1658] return 8603
[1659] return 8604
[1660] return 8605
[1661] return 8606
[1664] call remove
[1662] return 8607
[1663] return
[1665] call remove
[1666] call add(8656)
[1667] call add(8657)
[1668] call add(8658)
[1669] call add(8659)
[1670] call remove
[1664] return 8608
[1665] return 8609
[1666] return
[1667] return
[1668] return
[1671] call add(8660)
[1669] return
[1670] return 8610
[1672] call remove
[1673] call add(8661)
[1674] call remove
[1675] call remove
[1676] call add(8662)
[1677] call remove
[1671] return
[1672] return 8611
[1673] return
[1674] return 8612
[1675] return 8613
[1678] call add(8663)
[1676] return
[1677] return 8614
[1679] call remove
[1680] call add(8664)
[1681] call remove
[1682] call remove
[1683] call remove
[1684] call add(8665)
[1678] return
[1679] return 8615
[1680] return
[1681] return 8616
[1682] return 8617
[1685] call add(8666)
[1683] return 8618
[1684] return
[1686] call add(8667)
[1687] call add(8668)
[1688] call add(8669)
[1689] call add(8670)
[1690] call remove
[1691] call remove
[1685] return
[1686] return
[1687] return
[1688] return
[1689] return
[1692] call add(8671)
[1690] return 8619
[1691] return 8620
[1693] call add(8672)
[1694] call add(8673)
[1695] call add(8674)
[1696] call remove
[1697] call remove
[1698] call add(8675)
[1692] return
[1693] return
[1694] return
[1695] return
[1696] return 8621
[1699] call add(8676)
[1697] return 8622
[1698] return
[1700] call remove
[1701] call remove
[1702] call remove
[1703] call add(8677)
[1704] call add(8678)
[1705] call remove
[1699] return
[1700] return 8623
[1701] return 8624
[1702] return 8625
[1703] return
[1706] call add(8679)
[1704] return
[1705] return 8626
[1707] call add(8680)
[1708] call remove
[1709] call remove
[1710] call add(8681)
[1711] call remove
[1712] call add(8682)
[1706] return
[1707] return
[1708] return 8627
[1709] return 8628
[1710] return
[1713] call remove
[1711] return 8629
[1712] return
[1714] call remove
[1715] call add(8683)
[1716] call add(8684)
[1717] call remove
[1718] call remove
[1719] call remove
[1713] return 8630
[1714] return 8631
[1715] return
[1716] return
[1717] return 8632
[1720] call remove
[1718] return 8633
[1719] return 8634
[1721] call add(8685)
[1722] call add(8686)
[1723] call add(8687)
[1724] call remove
[1725] call remove
[1726] call remove
[1720] return 8635
[1721] return
[1722] return
[1723] return
[1724] return 8636
[1727] call remove
[1725] return 8637
[1726] return 8638
[1728] call add(8688)
[1729] call remove
[1730] call remove
[1731] call remove
[1732] call add(8689)
[1733] call remove
[1727] return 8639
[1728] return
[1729] return 8640
[1730] return 8641
[1731] return 8642
[1734] call add(8690)
[1732] return
[1733] return 8643
[1735] call add(8691)
[1736] call add(8692)
[1737] call add(8693)
[1738] call add(8694)
[1739] call add(8695)
[1740] call remove
[1734] return
[1735] return
[1736] return
[1737] return
[1738] return
[1741] call remove
[1739] return
[1740] return 8644
[1742] call remove
[1743] call remove
[1744] call add(8696)
[1745] call add(8697)
[1746] call add(8698)
[1747] call add(8699)
[1741] return 8645
[1742] return 8646
[1743] return 8647
[1744] return
[1745] return
[1748] call add(8700)
[1746] return
[1747] return
[1749] call add(8701)
[1750] call add(8702)
[1751] call add(8703)
[1752] call remove
[1753] call remove
[1754] call remove
[1748] return
[1749] return
[1750] return
[1751] return
[1752] return 8648
[1755] call add(8704)
[1753] return 8649
[1754] return 8650
[1756] call add(8705)
[1757] call add(8706)
[1758] call remove
[1759] call add(8707)
[1760] call add(8708)
[1761] call add(8709)
[1755] return
[1756] return
[1757] return
[1762] call remove
[1763] call add(8710)
[1760] return
[1761] return
[1764] call remove
[1759] return
[1758] return 8651
[1765] call add(8711)
[1766] call remove
[1767] call remove
[1768] call remove
[1762] return 8652
[1763] return
[1764] return 8653
[1769] call add(8712)
[1770] call remove
[1765] return
[1766] return 8654
[1771] call remove
[1767] return 8655
[1768] return 8656
[1772] call remove
[1773] call remove
[1774] call add(8713)
[1775] call add(8714)
[1769] return
[1770] return 8657
[1771] return 8658
[1776] call remove
[1777] call remove
[1772] return 8659
[1773] return 8660
[1778] call remove
[1774] return
[1775] return
[1779] call add(8715)
[1780] call add(8716)
[1781] call remove
[1782] call remove
[1776] return 8661
[1777] return 8662
[1778] return 8663
[1783] call add(8717)
[1784] call add(8718)
[1779] return
[1780] return
[1785] call add(8719)
[1781] return 8664
[1782] return 8665
[1786] call add(8720)
[1787] call remove
[1788] call remove
[1789] call add(8721)
[1783] return
[1784] return
[1785] return
[1790] call add(8722)
[1791] call add(8723)
[1786] return
[1787] return 8666
[1792] call add(8724)
[1788] return 8667
[1789] return
[1793] call remove
[1794] call remove
[1795] call add(8725)
[1796] call remove
[1790] return
[1791] return
[1792] return
[1797] call remove
[1798] call remove
[1793] return 8668
[1794] return 8669
[1799] call remove
[1795] return
[1796] return 8670
[1800] call add(8726)
[1801] call add(8727)
[1802] call add(8728)
[1803] call remove
[1797] return 8671
[1798] return 8672
[1799] return 8673
[1804] call remove
[1805] call add(8729)
[1800] return
[1801] return
[1806] call remove
[1802] return
[1803] return 8674
[1807] call add(8730)
[1808] call remove
[1809] call add(8731)
[1810] call add(8732)
[1804] return 8675
[1805] return
[1806] return 8676
[1811] call remove
[1812] call add(8733)
[1807] return
[1808] return 8677
[1813] call remove
[1809] return
[1810] return
[1814] call add(8734)
[1815] call remove
[1816] call add(8735)
[1817] call remove
[1811] return 8678
[1812] return
[1813] return 8679
[1818] call remove
[1819] call add(8736)
[1814] return
[1815] return 8680
[1820] call remove
[1816] return
[1817] return 8681
[1821] call remove
[1822] call add(8737)
[1823] call remove
[1824] call add(8738)
[1818] return 8682
[1819] return
[1820] return 8683
[1825] call add(8739)
[1826] call add(8740)
[1821] return 8684
[1822] return
[1827] call remove
[1823] return 8685
[1824] return
[1828] call remove
[1829] call add(8741)
[1830] call remove
[1831] call remove
[1825] return
[1826] return
[1827] return 8686
[1832] call remove
[1833] call remove
[1828] return 8687
[1829] return
[1834] call remove
[1830] return 8688
[1831] return 8689
[1835] call add(8742)
[1836] call remove
[1837] call add(8743)
[1838] call add(8744)
[1832] return 8690
[1833] return 8691
[1834] return 8692
[1835] return
[1839] call remove
[1840] call add(8745)
[1841] call add(8746)
[1836] return 8693
[1842] call remove
[1838] return
[1837] return
[1839] return 8694
[1840] return
[1841] return
[1842] return 8695
