# @object atomic-stack
[1] call pop
[2] call push(1)
[3] call push(2)
[1] return empty
[4] call push(3)
[5] call push(4)
[4] return
[6] call push(5)
[7] call pop
[2] return
[8] call push(6)
[7] return 1
[9] call pop
[9] return 2
[10] call push(7)
[3] return
[11] call pop
[12] call pop
[11] return 3
[12] return 4
[13] call pop
[5] return
[13] return empty
[6] return
[14] call pop
[8] return
[15] call pop
[14] return 5
[15] return 6
[16] call push(8)
[17] call pop
[18] call push(9)
[17] return empty
[19] call push(10)
[20] call pop
[20] return 9
[21] call pop
[22] call pop
[22] return 8
[23] call pop
[21] return 7
[18] return
[23] return empty
[10] return
[24] call pop
[16] return
[25] call push(11)
[24] return 10
[26] call pop
[27] call pop
[28] call pop
[29] call push(12)
[30] call pop
[26] return empty
[27] return 11
[19] return
[28] return empty
[30] return empty
[31] call push(13)
[32] call pop
[33] call push(14)
[34] call push(15)
[25] return
[32] return empty
[35] call pop
[35] return empty
[36] call push(16)
[31] return
[37] call pop
[38] call pop
[37] return 12
[34] return
[29] return
[38] return 13
[39] call push(17)
[40] call push(18)
[33] return
[41] call push(19)
[42] call pop
[40] return
[43] call pop
[44] call pop
[42] return 18
[43] return 16
[45] call pop
[36] return
[44] return 14
[45] return 15
[46] call pop
[47] call push(20)
[46] return empty
[48] call push(21)
[49] call push(22)
[50] call pop
[50] return 17
[51] call push(23)
[49] return
[47] return
[52] call pop
[52] return 19
[53] call push(24)
[39] return
[48] return
[51] return
[54] call pop
[55] call pop
[56] call pop
[54] return 21
[41] return
[57] call push(25)
[55] return 23
[58] call pop
[56] return 22
[58] return 20
[59] call push(26)
[53] return
[60] call pop
[60] return 24
[61] call pop
[62] call push(27)
[63] call push(28)
[64] call push(29)
[61] return empty
[59] return
[65] call push(30)
[66] call push(31)
[67] call pop
[67] return 27
[63] return
[57] return
[68] call pop
[62] return
[68] return 28
[64] return
[69] call push(32)
[66] return
[70] call pop
[71] call push(33)
[70] return 29
[72] call push(34)
[73] call pop
[65] return
[73] return 34
[74] call push(35)
[75] call push(36)
[76] call push(37)
[77] call push(38)
[72] return
[69] return
[71] return
[78] call pop
[79] call push(39)
[78] return 37
[80] call pop
[76] return
[80] return 33
[81] call push(40)
[82] call pop
[75] return
[82] return 36
[83] call push(41)
[84] call push(42)
[77] return
[85] call pop
[74] return
[83] return
[79] return
[85] return 40
[81] return
[86] call push(43)
[87] call pop
[87] return 41
[88] call pop
[89] call pop
[90] call push(44)
[91] call pop
[89] return 39
[88] return 42
[91] return 35
[92] call push(45)
[93] call push(46)
[94] call push(47)
[95] call pop
[95] return 43
[84] return
[96] call push(48)
[97] call pop
[97] return 38
[86] return
[94] return
[98] call push(49)
[93] return
[90] return
[99] call pop
[92] return
[99] return 44
[100] call push(50)
[101] call pop
[102] call push(51)
[101] return 48
[103] call pop
[104] call push(52)
[103] return 45
[105] call pop
[105] return 47
[96] return
[106] call pop
[107] call pop
[106] return 49
[107] return 52
[108] call push(53)
[109] call push(54)
[100] return
[102] return
[104] return
[110] call push(55)
[111] call push(56)
[98] return
[112] call push(57)
[113] call push(58)
[110] return
[112] return
[114] call pop
[114] return 54
[108] return
[109] return
[115] call pop
[115] return 57
[116] call push(59)
[117] call push(60)
[113] return
[118] call pop
[119] call push(61)
[120] call pop
[121] call pop
[120] return 58
[111] return
[118] return 56
[121] return 53
[122] call push(62)
[123] call push(63)
[116] return
[122] return
[124] call push(64)
[125] call push(65)
[126] call push(66)
[125] return
[127] call pop
[124] return
[127] return 64
[117] return
[128] call push(67)
[119] return
[126] return
[129] call push(68)
[123] return
[130] call push(69)
[131] call pop
[132] call pop
[133] call push(70)
[132] return 67
[131] return 63
[134] call pop
[128] return
[134] return 66
[135] call pop
[136] call pop
[135] return 68
[136] return 69
[137] call push(71)
[138] call pop
[129] return
[130] return
[138] return 70
[139] call pop
[140] call push(72)
[139] return 61
[141] call push(73)
[133] return
[142] call pop
[143] call push(74)
[144] call push(75)
[142] return 72
[145] call push(76)
[140] return
[146] call push(77)
[147] call pop
[141] return
[147] return 73
[144] return
[148] call pop
[148] return 71
[149] call pop
[149] return 75
[150] call pop
[151] call push(78)
[137] return
[150] return 60
[145] return
[152] call pop
[153] call pop
[152] return 74
[154] call push(79)
[153] return 76
[143] return
[155] call push(80)
[156] call pop
[146] return
[156] return 77
[157] call pop
[157] return 78
[158] call pop
[158] return 80
[159] call push(81)
[155] return
[151] return
[160] call push(82)
[161] call pop
[154] return
[162] call pop
[162] return 65
[161] return 79
[163] call push(83)
[164] call pop
[165] call pop
[164] return 81
[166] call pop
[165] return 59
[166] return 62
[159] return
[167] call push(84)
[168] call pop
[168] return 83
[169] call pop
[170] call push(85)
[171] call pop
[171] return 55
[169] return 50
[172] call push(86)
[163] return
[173] call pop
[173] return 51
[160] return
[174] call pop
[175] call push(87)
[174] return 82
[176] call push(88)
[177] call pop
[177] return 88
[176] return
[170] return
[178] call pop
[167] return
[178] return 86
[179] call pop
[172] return
[179] return 85
[180] call pop
[181] call push(89)
[182] call push(90)
[180] return 87
[183] call push(91)
[184] call pop
[185] call pop
[184] return 46
[185] return 84
[175] return
[186] call push(92)
[187] call pop
[188] call pop
[187] return 32
[183] return
[188] return 30
[189] call pop
[181] return
[189] return 90
[190] call pop
[191] call push(93)
[192] call push(94)
[190] return 89
[193] call push(95)
[192] return
[182] return
[194] call push(96)
[191] return
[195] call push(97)
[196] call push(98)
[186] return
[197] call pop
[198] call pop
[195] return
[197] return 97
[198] return 93
[199] call push(99)
[200] call pop
[200] return 94
[201] call pop
[201] return 95
[193] return
[202] call pop
[203] call push(100)
[204] call pop
[202] return 98
[205] call pop
[204] return 96
[205] return 92
[194] return
[206] call pop
[207] call push(101)
[208] call push(102)
[206] return 99
[196] return
[209] call pop
[210] call pop
[199] return
[211] call pop
[210] return 102
[209] return 101
[211] return 91
[212] call pop
[213] call pop
[208] return
[212] return 31
[213] return 25
[214] call pop
[215] call push(103)
[214] return 100
[207] return
[216] call pop
[216] return 26
[217] call pop
[218] call push(104)
[219] call pop
[220] call push(105)
[203] return
[217] return empty
[219] return empty
[221] call push(106)
[222] call push(107)
[222] return
[223] call pop
[224] call push(108)
[223] return 107
[225] call pop
[226] call push(109)
[218] return
[225] return 105
[227] call pop
[215] return
[227] return 109
[228] call pop
[221] return
[229] call pop
[229] return 106
[228] return 108
[230] call pop
[230] return 104
[220] return
[231] call pop
[226] return
[231] return 103
[224] return
[232] call push(110)
[233] call push(111)
[234] call push(112)
[235] call push(113)
[236] call push(114)
[237] call push(115)
[236] return
[238] call pop
[238] return 114
[234] return
[239] call pop
[239] return 115
[237] return
[240] call pop
[233] return
[240] return 111
[241] call push(116)
[242] call push(117)
[241] return
[243] call pop
[232] return
[244] call push(118)
[245] call push(119)
[243] return 113
[246] call pop
[246] return 116
[235] return
[247] call push(120)
[248] call pop
[248] return 117
[249] call push(121)
[250] call push(122)
[251] call pop
[251] return 118
[252] call pop
[242] return
[252] return 119
[244] return
[245] return
[253] call push(123)
[254] call pop
[250] return
[254] return 122
[255] call push(124)
[256] call pop
[257] call push(125)
[258] call push(126)
[256] return 121
[247] return
[259] call push(127)
[249] return
[260] call pop
[260] return 124
[257] return
[259] return
[261] call push(128)
[262] call pop
[253] return
[255] return
[263] call pop
[262] return 123
[258] return
[264] call pop
[263] return 126
[264] return 125
[265] call pop
[266] call push(129)
[267] call push(130)
[265] return 127
[268] call pop
[268] return 120
[269] call pop
[270] call push(131)
[271] call pop
[269] return 110
[271] return 112
[272] call push(132)
[273] call pop
[273] return empty
[274] call push(133)
[261] return
[266] return
[275] call pop
[276] call pop
[270] return
[276] return 131
[275] return 130
[267] return
[277] call pop
[277] return 132
[278] call pop
[279] call push(134)
[278] return 129
[280] call pop
[281] call pop
[282] call push(135)
[280] return 128
[281] return 133
[283] call pop
[272] return
[284] call push(136)
[282] return
[283] return 134
[274] return
[279] return
[285] call pop
[286] call pop
[287] call pop
[286] return empty
[288] call push(137)
[287] return empty
[285] return 135
[289] call push(138)
[290] call push(139)
[284] return
[291] call push(140)
[292] call push(141)
[293] call push(142)
[294] call pop
[294] return 136
[291] return
[295] call pop
[288] return
[295] return 138
[289] return
[296] call pop
[297] call pop
[290] return
[297] return 141
[298] call push(143)
[292] return
[296] return 139
[293] return
[298] return
[299] call pop
[300] call push(144)
[301] call pop
[302] call push(145)
[299] return 143
[303] call push(146)
[301] return 137
[304] call push(147)
[305] call pop
[306] call push(148)
[305] return 147
[300] return
[307] call pop
[304] return
[307] return 144
[308] call push(149)
[309] call push(150)
[310] call pop
[310] return 145
[311] call pop
[311] return 146
[302] return
[312] call push(151)
[313] call push(152)
[303] return
[306] return
[314] call push(153)
[315] call pop
[316] call push(154)
[315] return 148
[309] return
[317] call push(155)
[318] call push(156)
[313] return
[308] return
[312] return
[319] call push(157)
[314] return
[320] call pop
[320] return 155
[321] call pop
[321] return 154
[318] return
[316] return
[322] call pop
[323] call pop
[322] return 157
[323] return 156
[317] return
[324] call push(158)
[325] call push(159)
[326] call push(160)
[319] return
[327] call pop
[328] call pop
[327] return 159
[329] call push(161)
[328] return 151
[330] call push(162)
[331] call pop
[325] return
[331] return 153
[332] call pop
[332] return 158
[333] call pop
[334] call pop
[333] return 161
[334] return 160
[329] return
[335] call push(163)
[336] call push(164)
[337] call push(165)
[324] return
[326] return
[338] call push(166)
[339] call pop
[339] return 162
[340] call pop
[340] return 166
[341] call pop
[330] return
[335] return
[342] call push(167)
[341] return 164
[343] call push(168)
[336] return
[344] call pop
[338] return
[344] return 165
[345] call pop
[346] call push(169)
[345] return 163
[337] return
[347] call pop
[348] call pop
[348] return 168
[347] return 149
[349] call push(170)
[343] return
[350] call pop
[351] call push(171)
[350] return 152
[352] call push(172)
[353] call push(173)
[354] call pop
[352] return
[354] return 167
[355] call pop
[356] call push(174)
[342] return
[355] return 169
[357] call pop
[357] return 173
[358] call push(175)
[356] return
[351] return
[346] return
[359] call push(176)
[360] call push(177)
[361] call push(178)
[353] return
[349] return
[362] call pop
[358] return
[363] call pop
[362] return 175
[363] return 174
[359] return
[364] call push(179)
[365] call pop
[366] call push(180)
[367] call pop
[365] return 177
[367] return 176
[368] call pop
[361] return
[369] call push(181)
[368] return 178
[370] call pop
[360] return
[371] call pop
[371] return 170
[370] return 171
[372] call pop
[373] call pop
[373] return 172
[374] call pop
[375] call push(182)
[374] return 150
[372] return 140
[376] call pop
[377] call push(183)
[378] call push(184)
[376] return 182
[364] return
[379] call pop
[379] return 179
[366] return
[375] return
[380] call pop
[380] return 184
[381] call push(185)
[369] return
[382] call push(186)
[383] call push(187)
[378] return
[384] call push(188)
[377] return
[385] call pop
[386] call pop
[387] call pop
[386] return 185
[385] return 186
[387] return 183
[382] return
[388] call push(189)
[389] call push(190)
[383] return
[390] call push(191)
[391] call pop
[381] return
[391] return 189
[392] call push(192)
[388] return
[393] call pop
[394] call pop
[394] return 188
[393] return 191
[384] return
[395] call pop
[395] return 187
[396] call pop
[397] call pop
[397] return 190
[389] return
[396] return 181
[390] return
[398] call pop
[398] return 180
[399] call push(193)
[400] call pop
[401] call push(194)
[402] call push(195)
[400] return 142
[403] call push(196)
[402] return
[404] call pop
[405] call push(197)
[404] return 192
[406] call push(198)
[401] return
[407] call push(199)
[392] return
[403] return
[408] call push(200)
[409] call pop
[409] return 199
[407] return
[410] call push(201)
[399] return
[411] call pop
[411] return 197
[412] call pop
[412] return 200
[408] return
[405] return
[413] call pop
[413] return 198
[414] call push(202)
[406] return
[415] call push(203)
[416] call pop
[416] return 201
[417] call pop
[417] return 203
[418] call pop
[419] call pop
[419] return 196
[420] call push(204)
[410] return
[418] return 193
[415] return
[421] call push(205)
[422] call push(206)
[423] call pop
[423] return 194
[424] call push(207)
[425] call push(208)
[414] return
[426] call push(209)
[427] call push(210)
[421] return
[426] return
[420] return
[428] call pop
[422] return
[429] call push(211)
[428] return 204
[430] call push(212)
[424] return
[431] call push(213)
[425] return
[432] call pop
[432] return 210
[433] call pop
[434] call pop
[427] return
[433] return 212
[434] return 208
[430] return
[435] call pop
[435] return 211
[436] call push(214)
[437] call push(215)
[438] call push(216)
[439] call pop
[439] return 213
[429] return
[431] return
[440] call push(217)
[437] return
[441] call push(218)
[442] call pop
[442] return 217
[438] return
[443] call push(219)
[444] call pop
[444] return 214
[445] call pop
[445] return 216
[436] return
[446] call pop
[446] return 215
[447] call pop
[440] return
[448] call pop
[449] call push(220)
[447] return 218
[450] call push(221)
[451] call pop
[448] return 206
[451] return 219
[452] call push(222)
[441] return
[453] call push(223)
[443] return
[454] call push(224)
[455] call pop
[449] return
[455] return 220
[456] call pop
[456] return 223
[457] call push(225)
[452] return
[450] return
[458] call pop
[459] call push(226)
[460] call push(227)
[458] return 221
[453] return
[461] call pop
[462] call push(228)
[461] return 222
[463] call pop
[463] return 224
[464] call push(229)
[465] call push(230)
[460] return
[466] call pop
[466] return 229
[457] return
[467] call push(231)
[454] return
[464] return
[468] call pop
[469] call push(232)
[459] return
[468] return 231
[467] return
[462] return
[465] return
[470] call push(233)
[471] call pop
[472] call push(234)
[471] return 228
[473] call pop
[474] call push(235)
[475] call push(236)
[476] call push(237)
[473] return 233
[470] return
[469] return
[477] call push(238)
[476] return
[478] call push(239)
[474] return
[479] call pop
[480] call push(240)
[479] return 235
[481] call push(241)
[482] call pop
[472] return
[482] return 234
[475] return
[483] call pop
[483] return 239
[478] return
[484] call pop
[485] call pop
[484] return 236
[486] call push(242)
[487] call pop
[485] return 237
[488] call push(243)
[487] return 232
[489] call push(244)
[480] return
[488] return
[481] return
[490] call pop
[477] return
[490] return 241
[491] call push(245)
[492] call push(246)
[493] call push(247)
[494] call push(248)
[486] return
[489] return
[495] call pop
[496] call push(249)
[491] return
[495] return 247
[497] call pop
[498] call push(250)
[498] return
[497] return 250
[499] call pop
[499] return 246
[500] call pop
[496] return
[493] return
[500] return 249
[501] call push(251)
[502] call push(252)
[492] return
[494] return
[503] call pop
[504] call pop
[505] call push(253)
[503] return 248
[504] return 252
[506] call pop
[507] call push(254)
[506] return 244
[502] return
[501] return
[505] return
[507] return
