# @object stack
[1] call push(1)
[2] call push(2)
[3] call pop
[4] call pop
[5] call pop
[5] return empty
[1] return
[3] return 1
[4] return empty
[6] call pop
[7] call push(3)
[8] call pop
[6] return empty
[8] return empty
[9] call pop
[10] call push(4)
[11] call pop
[12] call push(5)
[9] return empty
[11] return 2
[13] call pop
[13] return 4
[14] call pop
[2] return
[14] return empty
[15] call pop
[15] return empty
[16] call pop
[17] call pop
[10] return
[17] return empty
[16] return empty
[18] call pop
[19] call push(6)
[18] return 3
[7] return
[20] call pop
[20] return 6
[21] call pop
[22] call pop
[12] return
[21] return 5
[22] return empty
[23] call push(7)
[24] call pop
[25] call pop
[26] call pop
[27] call pop
[27] return empty
[24] return empty
[28] call pop
[25] return empty
[28] return 7
[26] return empty
[29] call push(8)
[19] return
[30] call pop
[30] return empty
[23] return
[31] call push(9)
[32] call pop
[33] call pop
[33] return empty
[32] return empty
[34] call push(10)
[35] call push(11)
[36] call push(12)
[37] call push(13)
[38] call push(14)
[29] return
[31] return
[36] return
[35] return
[39] call push(15)
[40] call push(16)
[37] return
[41] call push(17)
[42] call pop
[42] return 10
[43] call pop
[43] return 16
[44] call push(18)
[45] call push(19)
[34] return
[38] return
[41] return
[40] return
[39] return
[46] call pop
[46] return 19
[47] call push(20)
[48] call pop
[44] return
[49] call pop
[49] return 20
[48] return 18
[50] call push(21)
[47] return
[51] call pop
[45] return
[51] return 17
[52] call push(22)
[53] call pop
[54] call push(23)
[53] return 14
[55] call push(24)
[56] call pop
[57] call push(25)
[56] return 15
[58] call pop
[54] return
[58] return 23
[59] call pop
[60] call pop
[59] return 9
[60] return 11
[61] call pop
[62] call push(26)
[63] call push(27)
[61] return 25
[64] call pop
[50] return
[65] call push(28)
[64] return 24
[57] return
[52] return
[66] call push(29)
[67] call pop
[55] return
[67] return 22
[68] call push(30)
[69] call push(31)
[65] return
[70] call pop
[70] return 27
[62] return
[71] call push(32)
[72] call push(33)
[68] return
[63] return
[66] return
[73] call push(34)
[74] call pop
[71] return
[74] return 32
[75] call pop
[72] return
[75] return 29
[76] call push(35)
[77] call pop
[78] call push(36)
[79] call pop
[77] return 31
[79] return 34
[80] call pop
[80] return 33
[73] return
[81] call push(37)
[82] call pop
[69] return
[83] call pop
[82] return 37
[84] call push(38)
[83] return 35
[76] return
[81] return
[85] call push(39)
[86] call pop
[87] call push(40)
[84] return
[86] return 38
[88] call push(41)
[89] call push(42)
[90] call pop
[90] return 36
[91] call push(43)
[78] return
[92] call pop
[92] return 30
[93] call pop
[93] return 43
[87] return
[94] call push(44)
[88] return
[95] call pop
[91] return
[96] call push(45)
[89] return
[95] return 42
[97] call push(46)
[96] return
[85] return
[98] call push(47)
[99] call pop
[99] return 45
[100] call push(48)
[101] call pop
[101] return 41
[102] call pop
[103] call pop
[102] return 39
[103] return 48
[100] return
[104] call push(49)
[94] return
[105] call pop
[106] call pop
[105] return 44
[107] call pop
[106] return 46
[98] return
[107] return 47
[97] return
[108] call pop
[109] call push(50)
[110] call pop
[108] return 49
[111] call pop
[112] call push(51)
[110] return 40
[104] return
[113] call pop
[111] return 28
[113] return 26
[114] call push(52)
[115] call pop
[115] return 50
[116] call pop
[116] return 51
[117] call pop
[117] return 21
[112] return
[118] call push(53)
[119] call pop
[119] return 52
[109] return
[120] call pop
[120] return 12
[121] call pop
[121] return 13
[122] call push(54)
[123] call push(55)
[124] call pop
[114] return
[125] call pop
[125] return 8
[126] call pop
[127] call push(56)
[124] return 55
[128] call pop
[123] return
[128] return empty
[126] return empty
[129] call push(57)
[130] call push(58)
[122] return
[118] return
[131] call pop
[131] return 56
[132] call push(59)
[133] call pop
[134] call pop
[133] return 58
[130] return
[134] return 57
[127] return
[129] return
[135] call push(60)
[136] call pop
[137] call push(61)
[136] return 60
[132] return
[138] call pop
[138] return 59
[139] call push(62)
[140] call pop
[135] return
[141] call push(63)
[140] return 54
[142] call pop
[142] return 53
[143] call push(64)
[144] call pop
[144] return empty
[145] call push(65)
[146] call push(66)
[139] return
[145] return
[147] call pop
[148] call pop
[137] return
[148] return 64
[143] return
[147] return 66
[141] return
[149] call pop
[150] call push(67)
[149] return 63
[151] call pop
[146] return
[152] call pop
[151] return 62
[153] call push(68)
[152] return 65
[154] call pop
[155] call pop
[155] return 61
[156] call pop
[154] return empty
[156] return empty
[157] call push(69)
[158] call push(70)
[159] call pop
[160] call push(71)
[159] return empty
[161] call push(72)
[153] return
[157] return
[162] call push(73)
[163] call pop
[163] return 67
[150] return
[164] call push(74)
[160] return
[165] call pop
[166] call push(75)
[162] return
[165] return 71
[167] call push(76)
[166] return
[158] return
[167] return
[161] return
[168] call push(77)
[169] call push(78)
[170] call push(79)
[171] call pop
[171] return 77
[172] call pop
[172] return 78
[173] call pop
[164] return
[174] call pop
[168] return
[175] call push(80)
[173] return 79
[174] return 74
[169] return
[170] return
[176] call push(81)
[177] call pop
[178] call push(82)
[179] call pop
[177] return 80
[180] call pop
[181] call push(83)
[179] return 82
[180] return 76
[182] call pop
[178] return
[183] call pop
[182] return 75
[184] call push(84)
[185] call pop
[183] return 70
[175] return
[185] return 81
[186] call pop
[187] call pop
[186] return 72
[187] return 83
[181] return
[188] call push(85)
[189] call pop
[176] return
[189] return 73
[190] call pop
[190] return 69
[191] call push(86)
[192] call push(87)
[193] call pop
[194] call pop
[188] return
[193] return 86
[195] call push(88)
[194] return 85
[196] call pop
[196] return 68
[197] call pop
[191] return
[197] return empty
[198] call pop
[198] return 87
[199] call push(89)
[200] call pop
[201] call pop
[200] return 88
[201] return 84
[202] call push(90)
[184] return
[195] return
[203] call pop
[203] return 89
[192] return
[204] call pop
[199] return
[204] return empty
[205] call push(91)
[206] call pop
[206] return 90
[207] call push(92)
[208] call pop
[209] call push(93)
[210] call pop
[211] call push(94)
[208] return empty
[212] call push(95)
[210] return empty
[213] call push(96)
[209] return
[202] return
[212] return
[214] call pop
[207] return
[215] call push(97)
[205] return
[214] return 94
[216] call pop
[216] return 91
[211] return
[217] call push(98)
[218] call push(99)
[213] return
[219] call pop
[220] call pop
[221] call push(100)
[219] return 97
[220] return 92
[222] call pop
[215] return
[223] call pop
[222] return 96
[224] call pop
[224] return 99
[223] return 100
[225] call push(101)
[217] return
[226] call push(102)
[227] call push(103)
[218] return
[228] call push(104)
[229] call push(105)
[221] return
[230] call pop
[230] return 98
[231] call pop
[231] return 95
[232] call pop
[233] call pop
[232] return 103
[233] return 105
[234] call pop
[234] return 101
[226] return
[227] return
[235] call push(106)
[229] return
[225] return
[236] call pop
[237] call pop
[237] return 104
[236] return 102
[238] call pop
[228] return
[239] call push(107)
[238] return 93
[240] call push(108)
[241] call push(109)
[242] call pop
[243] call push(110)
[244] call pop
[242] return 109
[244] return 107
[239] return
[241] return
[240] return
[245] call push(111)
[235] return
[246] call pop
[247] call pop
[248] call pop
[246] return 106
[249] call push(112)
[248] return 108
[247] return empty
[245] return
[250] call push(113)
[251] call push(114)
[252] call pop
[253] call push(115)
[254] call push(116)
[252] return 114
[255] call pop
[243] return
[255] return 116
[249] return
[253] return
[251] return
[256] call pop
[250] return
[254] return
[257] call pop
[258] call push(117)
[256] return 113
[259] call push(118)
[260] call push(119)
[261] call push(120)
[257] return 115
[262] call pop
[262] return 119
[263] call push(121)
[258] return
[264] call push(122)
[265] call pop
[265] return 120
[260] return
[266] call push(123)
[261] return
[259] return
[267] call pop
[267] return 118
[268] call push(124)
[269] call pop
[269] return 117
[270] call push(125)
[263] return
[271] call pop
[271] return 123
[272] call pop
[264] return
[272] return 122
[273] call pop
[266] return
[273] return 121
[274] call push(126)
[275] call push(127)
[276] call push(128)
[277] call pop
[278] call pop
[278] return 125
[277] return 124
[268] return
[279] call pop
[270] return
[279] return 127
[280] call push(129)
[281] call pop
[281] return 126
[274] return
[282] call pop
[283] call push(130)
[284] call push(131)
[282] return 128
[275] return
[285] call pop
[285] return 112
[276] return
[286] call push(132)
[287] call pop
[288] call pop
[287] return 131
[289] call push(133)
[284] return
[288] return 110
[280] return
[290] call push(134)
[291] call push(135)
[283] return
[292] call pop
[292] return 132
[293] call push(136)
[294] call push(137)
[286] return
[295] call push(138)
[290] return
[296] call pop
[291] return
[289] return
[296] return 135
[297] call pop
[298] call push(139)
[297] return 133
[294] return
[299] call pop
[299] return 136
[300] call push(140)
[298] return
[295] return
[301] call push(141)
[302] call push(142)
[303] call pop
[304] call pop
[303] return 139
[305] call pop
[293] return
[304] return 137
[305] return 138
[306] call push(143)
[307] call pop
[307] return 143
[308] call pop
[309] call pop
[308] return 141
[302] return
[309] return 140
[310] call push(144)
[300] return
[311] call push(145)
[306] return
[301] return
[312] call push(146)
[313] call push(147)
[314] call push(148)
[315] call pop
[310] return
[315] return 144
[311] return
[316] call pop
[316] return 145
[317] call pop
[318] call push(149)
[317] return 146
[319] call pop
[319] return 142
[312] return
[320] call pop
[320] return 134
[321] call pop
[321] return 130
[322] call pop
[322] return 129
[323] call pop
[313] return
[324] call pop
[323] return 148
[325] call pop
[324] return 147
[326] call pop
[325] return 149
[326] return 111
[327] call push(150)
[314] return
[328] call pop
[329] call pop
[330] call push(151)
[328] return empty
[331] call push(152)
[329] return 151
[332] call push(153)
[330] return
[333] call pop
[318] return
[333] return empty
[334] call pop
[334] return empty
[335] call pop
[336] call pop
[335] return 153
[336] return empty
[337] call pop
[338] call pop
[332] return
[338] return empty
[337] return empty
[339] call pop
[339] return empty
[340] call pop
[341] call push(154)
[340] return empty
[327] return
[342] call push(155)
[343] call push(156)
[344] call push(157)
[345] call push(158)
[331] return
[346] call pop
[346] return 156
[347] call pop
[347] return 154
[348] call push(159)
[342] return
[349] call pop
[350] call push(160)
[349] return 158
[343] return
[341] return
[351] call push(161)
[352] call pop
[344] return
[353] call push(162)
[345] return
[352] return 160
[354] call push(163)
[355] call push(164)
[348] return
[356] call push(165)
[351] return
[350] return
[357] call push(166)
[358] call pop
[358] return 161
[354] return
[359] call pop
[359] return 165
[360] call pop
[361] call push(167)
[360] return 162
[355] return
[362] call pop
[362] return 164
[363] call pop
[364] call push(168)
[356] return
[353] return
[363] return 168
[364] return
[365] call pop
[366] call pop
[366] return 167
[367] call push(169)
[368] call pop
[365] return 163
[368] return 166
[369] call push(170)
[370] call push(171)
[361] return
[371] call push(172)
[357] return
[372] call pop
[367] return
[373] call push(173)
[372] return 169
[374] call pop
[374] return 159
[375] call push(174)
[376] call push(175)
[370] return
[377] call pop
[377] return 170
[373] return
[369] return
[371] return
[378] call push(176)
[376] return
[379] call push(177)
[380] call push(178)
[381] call pop
[382] call push(179)
[381] return 176
[378] return
[383] call push(180)
[384] call push(181)
[385] call pop
[375] return
[379] return
[385] return 177
[380] return
[386] call pop
[384] return
[387] call pop
[386] return 178
[387] return 181
[388] call pop
[388] return 180
[389] call push(182)
[390] call pop
[391] call push(183)
[392] call pop
[393] call pop
[390] return 182
[392] return 179
[393] return 174
[382] return
[394] call pop
[383] return
[394] return 172
[389] return
[395] call push(184)
[396] call push(185)
[397] call push(186)
[398] call pop
[399] call push(187)
[398] return 175
[400] call pop
[400] return 186
[401] call push(188)
[397] return
[402] call pop
[403] call pop
[402] return 183
[403] return 171
[404] call push(189)
[391] return
[405] call pop
[405] return 185
[401] return
[406] call push(190)
[396] return
[395] return
[407] call push(191)
[399] return
[408] call push(192)
[409] call push(193)
[406] return
[410] call push(194)
[411] call pop
[412] call pop
[407] return
[411] return 192
[412] return 194
[404] return
[413] call push(195)
[408] return
[410] return
[414] call push(196)
[415] call pop
[416] call push(197)
[417] call push(198)
[415] return 191
[418] call pop
[418] return 189
[417] return
[419] call push(199)
[409] return
[420] call push(200)
[421] call push(201)
[414] return
[416] return
[422] call push(202)
[413] return
[423] call push(203)
[424] call push(204)
[425] call pop
[425] return 199
[422] return
[419] return
[426] call push(205)
[421] return
[427] call push(206)
[428] call pop
[420] return
[428] return 203
[424] return
[429] call push(207)
[430] call pop
[431] call push(208)
[430] return 206
[427] return
[423] return
[432] call push(209)
[433] call pop
[433] return 204
[434] call push(210)
[435] call pop
[435] return 210
[436] call pop
[431] return
[436] return 208
[437] call push(211)
[426] return
[438] call pop
[439] call push(212)
[434] return
[438] return 207
[429] return
[440] call pop
[441] call pop
[442] call push(213)
[440] return 212
[441] return 209
[432] return
[437] return
[443] call push(214)
[439] return
[444] call push(215)
[442] return
[445] call push(216)
[446] call pop
[446] return 213
[445] return
[447] call push(217)
[448] call pop
[449] call pop
[449] return 215
[448] return 216
[444] return
[450] call push(218)
[451] call push(219)
[452] call pop
[452] return 211
[453] call pop
[443] return
[453] return 214
[454] call pop
[454] return 205
[455] call push(220)
[456] call push(221)
[457] call pop
[457] return 221
[447] return
[458] call pop
[451] return
[456] return
[458] return 219
[459] call pop
[459] return 220
[460] call pop
[450] return
[461] call push(222)
[462] call push(223)
[460] return 218
[463] call pop
[464] call push(224)
[463] return 217
[465] call push(225)
[455] return
[466] call pop
[462] return
[467] call push(226)
[466] return 223
[468] call pop
[468] return 226
[464] return
[469] call push(227)
[470] call pop
[471] call pop
[467] return
[471] return 222
[461] return
[470] return 227
[472] call push(228)
[473] call pop
[473] return 224
[474] call pop
[475] call pop
[475] return 225
[476] call push(229)
[474] return 200
[469] return
[477] call pop
[465] return
[478] call push(230)
[479] call pop
[480] call push(231)
[477] return 228
[479] return 202
[472] return
[481] call pop
[482] call push(232)
[481] return 201
[483] call pop
[484] call pop
[484] return 197
[483] return 195
[485] call pop
[485] return 230
[486] call push(233)
[478] return
[476] return
[487] call pop
[487] return 229
[488] call pop
[489] call push(234)
[488] return 196
[486] return
[490] call push(235)
[491] call push(236)
[492] call push(237)
[480] return
[493] call push(238)
[482] return
[494] call push(239)
[495] call pop
[491] return
[495] return 238
[493] return
[496] call pop
[489] return
[496] return 239
[497] call push(240)
[498] call pop
[498] return 235
[499] call push(241)
[494] return
[500] call push(242)
[501] call push(243)
[490] return
[502] call push(244)
[492] return
[503] call push(245)
[499] return
[503] return
[504] call pop
[505] call pop
[504] return 240
[497] return
[505] return 243
[506] call push(246)
[501] return
[507] call pop
[500] return
[506] return
[508] call pop
[509] call pop
[508] return 246
[507] return 244
[510] call push(247)
[511] call pop
[509] return 242
[512] call push(248)
[511] return 245
[513] call pop
[514] call push(249)
[513] return 241
[515] call push(250)
[516] call push(251)
[517] call push(252)
[502] return
[518] call pop
[515] return
[518] return 249
[514] return
[516] return
[519] call pop
[520] call push(253)
[519] return 252
[521] call pop
[522] call push(254)
[517] return
[521] return 247
[510] return
[512] return
[520] return
[522] return
