# @object atomic-stack
[1] call push(1)
[2] call push(2)
[3] call push(3)
[4] call pop
[5] call pop
[6] call push(4)
[4] return empty
[5] return empty
[7] call pop
[7] return 4
[8] call push(5)
[9] call push(6)
[10] call push(7)
[6] return
[11] call pop
[1] return
[11] return 2
[2] return
[3] return
[8] return
[10] return
[12] call push(8)
[13] call push(9)
[14] call pop
[14] return 6
[15] call pop
[15] return 5
[16] call pop
[12] return
[9] return
[16] return 8
[17] call push(10)
[18] call pop
[19] call pop
[18] return 9
[20] call pop
[19] return 1
[21] call pop
[22] call push(11)
[20] return 10
[23] call push(12)
[21] return 3
[24] call push(13)
[25] call pop
[13] return
[25] return 7
[26] call pop
[17] return
[26] return 13
[27] call push(14)
[24] return
[28] call pop
[28] return empty
[29] call push(15)
[30] call push(16)
[31] call push(17)
[30] return
[32] call push(18)
[22] return
[29] return
[23] return
[31] return
[33] call pop
[34] call push(19)
[33] return 14
[35] call push(20)
[36] call pop
[37] call pop
[36] return 17
[27] return
[37] return 15
[38] call pop
[38] return 11
[39] call pop
[40] call push(21)
[39] return 12
[41] call pop
[32] return
[41] return 19
[42] call push(22)
[43] call push(23)
[40] return
[44] call pop
[34] return
[44] return 21
[45] call push(24)
[46] call push(26)
[47] call push(25)
[48] call push(27)
[43] return
[35] return
[49] call push(28)
[50] call pop
[50] return 22
[42] return
[48] return
[51] call pop
[52] call push(29)
[53] call push(30)
[51] return 26
[45] return
[47] return
[54] call push(31)
[46] return
[55] call pop
[55] return 28
[56] call pop
[57] call push(32)
[56] return 24
[58] call pop
[49] return
[58] return 25
[59] call pop
[59] return 29
[60] call push(33)
[61] call push(34)
[62] call push(35)
[54] return
[53] return
[57] return
[52] return
[62] return
[63] call pop
[61] return
[64] call pop
[65] call pop
[64] return 35
[63] return 34
[66] call push(36)
[67] call pop
[67] return 30
[65] return 32
[68] call push(37)
[60] return
[69] call pop
[70] call push(38)
[71] call pop
[69] return 33
[71] return 31
[72] call push(39)
[73] call pop
[74] call push(40)
[73] return 38
[75] call pop
[75] return 27
[70] return
[76] call push(41)
[77] call pop
[78] call pop
[66] return
[77] return 37
[78] return 36
[68] return
[79] call push(42)
[80] call push(43)
[81] call push(44)
[72] return
[74] return
[82] call push(45)
[83] call pop
[84] call pop
[80] return
[83] return 43
[84] return 42
[76] return
[85] call pop
[79] return
[85] return 45
[81] return
[86] call pop
[87] call pop
[88] call push(46)
[86] return 46
[89] call push(47)
[87] return 44
[90] call pop
[91] call pop
[90] return 41
[82] return
[92] call push(48)
[91] return 47
[88] return
[89] return
[93] call push(49)
[94] call pop
[94] return 40
[95] call pop
[96] call push(50)
[97] call pop
[95] return 39
[98] call pop
[98] return 20
[99] call pop
[100] call pop
[97] return 23
[99] return 18
[100] return 16
[101] call pop
[102] call pop
[102] return 49
[101] return empty
[103] call push(51)
[104] call push(52)
[105] call pop
[106] call pop
[93] return
[106] return 48
[105] return empty
[96] return
[107] call push(53)
[108] call push(54)
[109] call push(55)
[92] return
[110] call push(56)
[104] return
[111] call push(57)
[103] return
[112] call push(58)
[113] call push(59)
[109] return
[114] call pop
[107] return
[114] return 54
[115] call push(60)
[116] call push(61)
[108] return
[112] return
[117] call pop
[117] return 56
[118] call pop
[118] return 57
[110] return
[119] call pop
[120] call pop
[119] return 60
[111] return
[120] return 59
[121] call push(62)
[115] return
[122] call push(63)
[113] return
[123] call push(64)
[124] call push(65)
[125] call pop
[126] call pop
[125] return 64
[123] return
[121] return
[126] return 62
[127] call push(66)
[116] return
[128] call push(67)
[129] call pop
[130] call pop
[124] return
[129] return 65
[130] return 63
[131] call pop
[132] call pop
[133] call push(68)
[132] return 61
[131] return 58
[134] call pop
[134] return 55
[122] return
[135] call push(69)
[136] call push(70)
[137] call pop
[138] call push(71)
[136] return
[133] return
[137] return 67
[139] call push(72)
[140] call push(73)
[127] return
[128] return
[141] call push(74)
[142] call pop
[142] return 72
[143] call push(75)
[139] return
[144] call pop
[144] return 66
[135] return
[145] call push(76)
[145] return
[146] call pop
[147] call pop
[148] call push(77)
[146] return 71
[138] return
[147] return 77
[140] return
[149] call push(78)
[150] call pop
[151] call pop
[148] return
[150] return 74
[152] call push(79)
[151] return 75
[141] return
[143] return
[153] call push(80)
[154] call pop
[155] call pop
[155] return 76
[156] call pop
[154] return 73
[157] call pop
[149] return
[156] return 78
[157] return 69
[158] call pop
[159] call pop
[160] call push(81)
[161] call push(82)
[158] return 79
[152] return
[159] return 70
[162] call pop
[163] call pop
[160] return
[162] return 81
[163] return 68
[164] call pop
[165] call pop
[164] return 80
[166] call pop
[166] return 51
[165] return 53
[167] call push(83)
[168] call pop
[153] return
[168] return 82
[169] call pop
[170] call push(84)
[171] call push(85)
[161] return
[169] return 52
[172] call push(86)
[173] call push(87)
[174] call pop
[174] return 86
[172] return
[175] call push(88)
[176] call push(89)
[171] return
[170] return
[177] call push(90)
[178] call pop
[178] return 87
[173] return
[167] return
[179] call push(91)
[180] call pop
[180] return 85
[181] call pop
[176] return
[182] call pop
[175] return
[182] return 90
[181] return 91
[183] call push(92)
[177] return
[184] call push(93)
[179] return
[185] call push(94)
[186] call pop
[186] return 88
[187] call push(95)
[188] call push(96)
[189] call push(97)
[190] call push(98)
[183] return
[187] return
[190] return
[191] call push(99)
[184] return
[192] call pop
[188] return
[189] return
[193] call pop
[192] return 96
[193] return 94
[194] call pop
[185] return
[195] call pop
[196] call push(100)
[197] call pop
[194] return 95
[195] return 100
[198] call push(101)
[197] return 97
[196] return
[199] call push(102)
[191] return
[200] call push(103)
[201] call pop
[201] return 99
[202] call pop
[202] return 93
[203] call push(104)
[204] call pop
[205] call pop
[204] return 102
[206] call pop
[199] return
[205] return 98
[206] return 101
[207] call push(105)
[203] return
[208] call push(106)
[209] call pop
[208] return
[198] return
[209] return 106
[210] call pop
[211] call pop
[200] return
[211] return 105
[210] return 103
[207] return
[212] call push(107)
[213] call pop
[214] call push(108)
[213] return 104
[215] call push(109)
[216] call push(110)
[217] call push(111)
[218] call push(112)
[219] call pop
[219] return 92
[220] call push(113)
[216] return
[212] return
[221] call pop
[217] return
[221] return 111
[215] return
[222] call push(114)
[223] call pop
[224] call pop
[214] return
[225] call pop
[224] return 113
[226] call push(115)
[223] return 112
[225] return 109
[218] return
[227] call push(116)
[220] return
[228] call push(117)
[229] call push(118)
[230] call pop
[230] return 117
[231] call push(119)
[232] call push(120)
[226] return
[228] return
[222] return
[233] call push(121)
[234] call pop
[234] return 121
[232] return
[235] call pop
[235] return 119
[236] call pop
[237] call pop
[236] return 116
[227] return
[237] return 120
[238] call pop
[238] return 118
[239] call pop
[239] return 114
[231] return
[233] return
[240] call pop
[241] call pop
[229] return
[240] return 115
[241] return 108
[242] call push(122)
[243] call pop
[243] return 107
[244] call push(123)
[245] call pop
[246] call pop
[247] call push(124)
[248] call push(125)
[246] return 122
[245] return 110
[249] call pop
[249] return 89
[250] call pop
[251] call pop
[250] return 124
[242] return
[251] return 83
[252] call push(126)
[247] return
[253] call push(127)
[248] return
[254] call pop
[255] call push(128)
[256] call push(129)
[254] return 123
[257] call pop
[257] return 128
[253] return
[258] call pop
[258] return 127
[244] return
[259] call pop
[252] return
[259] return 125
[255] return
[260] call push(130)
[261] call push(131)
[262] call push(132)
[263] call push(133)
[264] call push(134)
[265] call pop
[265] return 132
[260] return
[266] call pop
[266] return 129
[262] return
[256] return
[267] call pop
[264] return
[267] return 133
[268] call push(135)
[269] call push(136)
[270] call pop
[263] return
[271] call pop
[272] call pop
[270] return 136
[271] return 131
[269] return
[273] call pop
[261] return
[272] return 134
[273] return 130
[274] call push(137)
[275] call push(138)
[276] call push(139)
[277] call push(140)
[278] call pop
[278] return 135
[279] call push(141)
[268] return
[280] call push(142)
[277] return
[281] call push(143)
[282] call pop
[282] return 141
[281] return
[276] return
[279] return
[274] return
[275] return
[283] call pop
[284] call pop
[284] return 143
[283] return 142
[280] return
[285] call pop
[286] call push(144)
[287] call push(145)
[285] return 138
[288] call push(146)
[289] call pop
[290] call push(147)
[291] call pop
[289] return 139
[291] return 137
[292] call push(148)
[293] call pop
[287] return
[293] return 145
[294] call pop
[294] return 147
[286] return
[295] call push(149)
[296] call push(150)
[297] call push(151)
[297] return
[290] return
[298] call pop
[288] return
[292] return
[299] call pop
[298] return 148
[295] return
[299] return 146
[300] call push(152)
[301] call pop
[301] return 149
[302] call pop
[303] call push(153)
[304] call pop
[304] return 151
[305] call pop
[302] return 144
[305] return 140
[306] call pop
[296] return
[307] call push(154)
[306] return 152
[300] return
[308] call pop
[309] call pop
[310] call push(155)
[311] call push(156)
[308] return 153
[309] return 150
[303] return
[312] call pop
[312] return 155
[313] call push(157)
[314] call push(158)
[307] return
[315] call pop
[316] call pop
[310] return
[317] call pop
[316] return 157
[315] return 154
[318] call push(159)
[319] call pop
[311] return
[317] return 156
[319] return 158
[320] call pop
[321] call push(160)
[320] return 126
[313] return
[322] call push(161)
[323] call push(162)
[324] call push(163)
[314] return
[318] return
[325] call push(164)
[326] call push(165)
[321] return
[327] call push(166)
[322] return
[323] return
[328] call pop
[325] return
[329] call push(167)
[330] call pop
[328] return 162
[330] return 163
[331] call pop
[324] return
[331] return 165
[326] return
[332] call pop
[332] return 166
[333] call pop
[334] call pop
[335] call push(168)
[333] return 167
[329] return
[334] return 164
[336] call push(169)
[337] call pop
[327] return
[338] call push(170)
[339] call push(171)
[337] return 161
[340] call push(172)
[341] call push(173)
[342] call pop
[342] return 171
[339] return
[343] call pop
[344] call pop
[343] return 169
[344] return 160
[336] return
[338] return
[345] call pop
[346] call push(174)
[347] call push(175)
[348] call pop
[345] return 172
[335] return
[341] return
[340] return
[348] return 173
[349] call pop
[349] return 174
[350] call pop
[351] call push(176)
[350] return 170
[346] return
[352] call pop
[353] call push(177)
[354] call pop
[352] return 175
[347] return
[354] return 168
[355] call push(178)
[356] call pop
[356] return 159
[357] call push(179)
[358] call pop
[359] call pop
[358] return 84
[353] return
[359] return 177
[360] call pop
[357] return
[361] call push(180)
[360] return 176
[351] return
[362] call push(181)
[363] call push(182)
[364] call pop
[364] return 181
[365] call pop
[365] return 178
[366] call pop
[366] return 179
[362] return
[367] call push(183)
[368] call pop
[355] return
[369] call pop
[368] return 182
[363] return
[370] call pop
[369] return 180
[370] return 183
[371] call pop
[372] call pop
[361] return
[373] call push(184)
[371] return 50
[367] return
[374] call push(185)
[372] return empty
[375] call pop
[376] call push(186)
[375] return empty
[377] call pop
[378] call push(187)
[379] call pop
[379] return 185
[377] return empty
[380] call push(188)
[374] return
[381] call pop
[373] return
[381] return 184
[382] call pop
[382] return empty
[383] call push(189)
[384] call pop
[384] return 187
[385] call pop
[386] call pop
[385] return 188
[386] return 186
[387] call pop
[387] return empty
[388] call push(190)
[389] call pop
[380] return
[389] return empty
[378] return
[390] call pop
[390] return empty
[376] return
[391] call pop
[392] call pop
[391] return empty
[393] call push(191)
[392] return 189
[394] call pop
[395] call pop
[395] return 190
[396] call push(192)
[383] return
[394] return empty
[388] return
[397] call push(193)
[398] call push(194)
[399] call pop
[400] call push(195)
[401] call pop
[399] return empty
[401] return empty
[402] call push(196)
[403] call pop
[403] return empty
[404] call push(197)
[400] return
[405] call pop
[393] return
[405] return 192
[398] return
[402] return
[406] call pop
[396] return
[406] return 193
[407] call pop
[408] call pop
[407] return 194
[397] return
[409] call push(198)
[410] call push(199)
[408] return 195
[411] call pop
[412] call pop
[413] call push(200)
[411] return 196
[412] return 191
[414] call pop
[409] return
[414] return 198
[404] return
[415] call pop
[416] call push(201)
[415] return 197
[417] call pop
[418] call push(202)
[413] return
[419] call push(203)
[417] return 200
[420] call pop
[421] call pop
[421] return 199
[410] return
[420] return empty
[422] call pop
[423] call push(204)
[424] call push(205)
[422] return empty
[425] call pop
[425] return 201
[419] return
[416] return
[426] call pop
[426] return 204
[427] call pop
[428] call pop
[427] return 203
[428] return 202
[429] call push(206)
[430] call pop
[423] return
[431] call push(207)
[432] call push(208)
[430] return empty
[433] call pop
[434] call push(209)
[433] return 207
[435] call push(210)
[418] return
[436] call pop
[436] return 205
[431] return
[437] call pop
[424] return
[437] return 208
[432] return
[438] call pop
[438] return 206
[434] return
[439] call pop
[440] call pop
[439] return 209
[441] call push(211)
[440] return empty
[442] call pop
[443] call push(212)
[442] return empty
[435] return
[444] call pop
[445] call push(213)
[446] call pop
[444] return 210
[429] return
[447] call pop
[448] call push(214)
[446] return empty
[447] return empty
[449] call push(215)
[450] call push(216)
[445] return
[451] call push(217)
[449] return
[443] return
[450] return
[441] return
[452] call pop
[453] call pop
[452] return 217
[453] return 216
[454] call pop
[448] return
[455] call push(218)
[454] return 214
[456] call push(219)
[451] return
[457] call pop
[458] call push(220)
[459] call push(221)
[460] call push(222)
[461] call push(223)
[457] return 218
[462] call pop
[455] return
[462] return 221
[463] call push(224)
[456] return
[459] return
[464] call pop
[465] call pop
[460] return
[458] return
[463] return
[464] return 222
[461] return
[466] call pop
[465] return 220
[467] call push(225)
[466] return 224
[468] call push(226)
[469] call pop
[470] call push(227)
[469] return 223
[471] call push(228)
[472] call pop
[473] call pop
[472] return 219
[474] call push(229)
[473] return 211
[475] call pop
[475] return 225
[476] call push(230)
[477] call push(231)
[467] return
[470] return
[476] return
[468] return
[471] return
[478] call pop
[479] call pop
[478] return 228
[479] return 229
[480] call pop
[480] return 230
[481] call push(232)
[474] return
[482] call pop
[482] return 226
[477] return
[483] call pop
[484] call push(233)
[485] call pop
[486] call pop
[483] return 231
[487] call push(234)
[486] return 233
[488] call pop
[485] return 215
[488] return 227
[489] call push(235)
[484] return
[490] call pop
[490] return 232
[491] call pop
[491] return 213
[492] call pop
[492] return 235
[493] call push(236)
[481] return
[494] call push(237)
[495] call push(238)
[489] return
[496] call pop
[496] return 237
[497] call push(239)
[498] call push(240)
[498] return
[499] call pop
[487] return
[494] return
[499] return 240
[500] call pop
[501] call pop
[502] call pop
[502] return 234
[503] call pop
[501] return 239
[500] return 212
[503] return empty
[497] return
[493] return
[504] call push(241)
[505] call push(242)
[495] return
[506] call push(243)
[507] call push(244)
[508] call pop
[509] call pop
[510] call pop
[510] return 236
[509] return 238
[508] return empty
[511] call push(245)
[506] return
[505] return
[512] call pop
[512] return 245
[513] call pop
[513] return 244
[514] call push(246)
[515] call pop
[507] return
[515] return 241
[511] return
[516] call pop
[517] call pop
[516] return 243
[504] return
[517] return 242
[514] return
