# @object stack
[1] call pop
[1] return empty
[2] call push(1)
[3] call push(2)
[4] call push(3)
[5] call push(4)
[6] call pop
[7] call push(5)
[2] return
[6] return 1
[8] call push(6)
[9] call push(7)
[8] return
[5] return
[10] call pop
[3] return
[11] call push(8)
[4] return
[10] return 4
[12] call push(9)
[13] call push(10)
[7] return
[14] call push(11)
[15] call push(12)
[12] return
[16] call pop
[16] return 7
[9] return
[11] return
[17] call pop
[18] call pop
[17] return 12
[18] return 8
[19] call push(13)
[13] return
[20] call push(14)
[15] return
[21] call push(15)
[22] call pop
[23] call pop
[22] return 11
[23] return 10
[24] call pop
[25] call pop
[24] return 9
[25] return 14
[26] call push(16)
[14] return
[27] call push(17)
[26] return
[28] call pop
[20] return
[29] call push(18)
[28] return 13
[30] call pop
[19] return
[30] return 16
[31] call push(19)
[32] call pop
[21] return
[33] call pop
[32] return 15
[33] return 17
[34] call pop
[34] return 18
[29] return
[27] return
[35] call push(20)
[36] call pop
[37] call push(21)
[38] call pop
[39] call push(22)
[38] return 20
[36] return 19
[31] return
[35] return
[40] call push(23)
[41] call push(24)
[42] call pop
[43] call push(25)
[42] return 22
[39] return
[44] call pop
[44] return 24
[45] call push(26)
[40] return
[41] return
[46] call push(27)
[47] call push(29)
[37] return
[48] call push(28)
[49] call pop
[45] return
[49] return 27
[50] call push(30)
[51] call pop
[51] return 25
[43] return
[52] call pop
[46] return
[53] call pop
[47] return
[53] return 26
[52] return 29
[54] call pop
[54] return 28
[55] call push(31)
[56] call pop
[57] call push(32)
[48] return
[56] return 21
[58] call pop
[59] call push(33)
[60] call push(34)
[58] return 30
[61] call pop
[62] call pop
[62] return 23
[61] return 5
[50] return
[55] return
[63] call push(35)
[64] call push(36)
[65] call pop
[65] return 32
[66] call pop
[66] return 34
[67] call pop
[64] return
[57] return
[60] return
[67] return 33
[68] call push(37)
[69] call push(38)
[59] return
[70] call push(39)
[71] call pop
[72] call pop
[71] return 36
[72] return 35
[63] return
[73] call push(40)
[74] call pop
[75] call push(41)
[74] return 31
[76] call push(42)
[69] return
[77] call push(43)
[68] return
[75] return
[76] return
[78] call push(44)
[73] return
[79] call push(45)
[70] return
[78] return
[80] call pop
[81] call push(46)
[82] call push(47)
[80] return 44
[83] call pop
[84] call pop
[83] return 41
[84] return 42
[85] call push(48)
[86] call pop
[87] call push(49)
[86] return 43
[88] call push(50)
[85] return
[89] call push(51)
[77] return
[87] return
[79] return
[90] call push(52)
[91] call push(53)
[81] return
[92] call pop
[82] return
[92] return 52
[93] call pop
[90] return
[93] return 50
[88] return
[89] return
[94] call pop
[95] call push(54)
[96] call pop
[97] call push(55)
[94] return 51
[98] call push(56)
[96] return 47
[99] call pop
[100] call push(57)
[101] call pop
[99] return 53
[101] return 46
[102] call pop
[91] return
[103] call pop
[102] return 54
[95] return
[103] return 49
[104] call pop
[104] return 48
[105] call pop
[105] return 45
[106] call pop
[107] call pop
[106] return 56
[108] call pop
[107] return 57
[108] return 38
[100] return
[109] call pop
[110] call push(58)
[109] return 55
[111] call push(59)
[97] return
[98] return
[112] call pop
[113] call pop
[112] return 59
[113] return 39
[114] call pop
[115] call pop
[114] return 40
[115] return 37
[111] return
[116] call pop
[117] call push(60)
[118] call push(61)
[119] call pop
[116] return 3
[110] return
[119] return 58
[120] call push(62)
[121] call push(63)
[122] call pop
[123] call push(64)
[117] return
[122] return 61
[124] call pop
[125] call pop
[124] return 60
[125] return 2
[120] return
[126] call pop
[118] return
[126] return 63
[127] call pop
[121] return
[127] return 62
[128] call pop
[129] call pop
[128] return 6
[129] return empty
[130] call pop
[131] call push(65)
[130] return empty
[132] call pop
[133] call push(66)
[134] call push(67)
[132] return empty
[135] call push(68)
[136] call push(69)
[137] call push(70)
[123] return
[131] return
[133] return
[137] return
[138] call push(71)
[139] call pop
[139] return 67
[140] call pop
[135] return
[141] call push(72)
[136] return
[142] call pop
[140] return 69
[142] return 71
[143] call pop
[143] return 70
[144] call push(73)
[134] return
[145] call pop
[145] return 68
[146] call pop
[138] return
[146] return 65
[147] call push(74)
[148] call push(75)
[149] call push(76)
[150] call pop
[151] call pop
[151] return 72
[150] return 73
[147] return
[152] call push(77)
[153] call push(78)
[149] return
[141] return
[144] return
[154] call push(79)
[155] call push(80)
[156] call pop
[156] return 76
[157] call pop
[157] return 74
[158] call push(81)
[154] return
[152] return
[148] return
[159] call pop
[160] call push(82)
[159] return 79
[161] call pop
[162] call push(83)
[161] return 78
[153] return
[163] call pop
[155] return
[163] return 80
[164] call pop
[164] return 81
[162] return
[165] call push(84)
[166] call pop
[167] call push(85)
[158] return
[166] return 83
[168] call push(86)
[169] call push(87)
[170] call push(88)
[171] call pop
[165] return
[160] return
[171] return 82
[172] call pop
[172] return 86
[173] call push(89)
[174] call push(90)
[175] call push(91)
[170] return
[169] return
[174] return
[167] return
[168] return
[176] call push(92)
[177] call pop
[177] return 89
[178] call pop
[178] return 90
[179] call push(93)
[180] call push(94)
[175] return
[173] return
[181] call pop
[182] call pop
[183] call pop
[182] return 94
[179] return
[183] return 93
[184] call pop
[184] return 91
[181] return 87
[180] return
[185] call pop
[186] call push(95)
[185] return 85
[187] call push(96)
[188] call push(97)
[189] call push(98)
[190] call pop
[191] call pop
[191] return 88
[190] return 92
[192] call pop
[192] return 84
[176] return
[193] call pop
[193] return 95
[194] call pop
[195] call pop
[186] return
[196] call pop
[194] return 96
[195] return 98
[189] return
[197] call pop
[196] return 77
[197] return 75
[198] call pop
[187] return
[188] return
[198] return 97
[199] call pop
[199] return 66
[200] call pop
[200] return 64
[201] call push(99)
[202] call push(100)
[203] call pop
[204] call pop
[205] call push(101)
[206] call push(102)
[204] return empty
[207] call push(103)
[203] return empty
[207] return
[208] call pop
[201] return
[209] call pop
[206] return
[209] return 100
[208] return 101
[202] return
[210] call pop
[211] call pop
[210] return 99
[211] return 102
[212] call push(104)
[213] call pop
[205] return
[214] call pop
[213] return 103
[215] call pop
[216] call pop
[216] return empty
[214] return empty
[217] call push(105)
[218] call pop
[219] call pop
[220] call push(106)
[219] return empty
[215] return empty
[218] return empty
[221] call push(107)
[222] call pop
[222] return 107
[220] return
[221] return
[223] call push(108)
[224] call pop
[225] call push(109)
[226] call push(110)
[224] return 104
[227] call push(111)
[212] return
[228] call pop
[217] return
[228] return 111
[229] call push(112)
[225] return
[230] call pop
[230] return 108
[231] call pop
[231] return 109
[227] return
[232] call push(113)
[233] call push(114)
[223] return
[234] call push(115)
[235] call pop
[229] return
[235] return 110
[236] call push(116)
[226] return
[237] call push(117)
[238] call push(118)
[239] call push(119)
[232] return
[236] return
[233] return
[240] call push(120)
[237] return
[241] call pop
[241] return 120
[242] call pop
[239] return
[238] return
[234] return
[243] call push(121)
[244] call pop
[242] return 119
[244] return 117
[240] return
[245] call push(122)
[246] call pop
[247] call pop
[247] return 118
[246] return 115
[248] call pop
[248] return 116
[249] call push(123)
[250] call push(124)
[251] call pop
[252] call pop
[252] return 122
[251] return 121
[245] return
[253] call push(125)
[254] call pop
[255] call pop
[243] return
[249] return
[255] return 123
[254] return 125
[256] call push(126)
[257] call push(127)
[258] call push(128)
[253] return
[259] call push(129)
[260] call push(130)
[261] call pop
[261] return 124
[256] return
[262] call pop
[257] return
[263] call pop
[262] return 127
[263] return 126
[250] return
[264] call push(131)
[265] call pop
[266] call push(132)
[265] return 132
[267] call push(133)
[266] return
[259] return
[268] call pop
[269] call pop
[268] return 133
[258] return
[269] return 128
[270] call push(134)
[260] return
[267] return
[264] return
[271] call push(135)
[272] call pop
[272] return 131
[273] call pop
[273] return 134
[274] call push(136)
[275] call push(137)
[276] call push(138)
[271] return
[270] return
[277] call pop
[277] return 135
[278] call pop
[279] call push(139)
[278] return 138
[280] call push(140)
[281] call push(141)
[282] call push(142)
[280] return
[276] return
[283] call pop
[279] return
[275] return
[284] call push(143)
[274] return
[285] call push(144)
[283] return 136
[282] return
[286] call push(145)
[287] call push(146)
[288] call push(147)
[285] return
[289] call pop
[289] return 141
[290] call push(148)
[287] return
[281] return
[291] call push(149)
[286] return
[292] call push(150)
[293] call pop
[294] call pop
[293] return 143
[294] return 147
[295] call pop
[288] return
[284] return
[295] return 145
[296] call pop
[297] call pop
[292] return
[298] call pop
[296] return 150
[298] return 149
[297] return 146
[299] call pop
[300] call pop
[291] return
[299] return 148
[300] return 144
[301] call push(151)
[302] call pop
[303] call pop
[304] call pop
[303] return 137
[302] return 142
[305] call push(152)
[306] call push(153)
[304] return 139
[290] return
[307] call pop
[308] call push(154)
[307] return 153
[309] call push(155)
[305] return
[310] call pop
[311] call pop
[310] return 151
[306] return
[312] call pop
[309] return
[311] return 155
[301] return
[312] return 152
[313] call push(156)
[314] call push(157)
[315] call push(159)
[316] call push(158)
[317] call push(160)
[318] call push(161)
[315] return
[316] return
[319] call push(162)
[320] call pop
[317] return
[320] return 160
[308] return
[321] call pop
[321] return 156
[322] call push(163)
[323] call push(164)
[313] return
[319] return
[324] call pop
[324] return 162
[314] return
[318] return
[325] call push(165)
[322] return
[326] call push(166)
[327] call push(167)
[328] call push(168)
[329] call pop
[329] return 164
[323] return
[330] call push(169)
[331] call push(170)
[332] call push(171)
[326] return
[333] call push(172)
[327] return
[325] return
[330] return
[328] return
[331] return
[334] call pop
[335] call pop
[336] call pop
[333] return
[337] call pop
[334] return 170
[338] call push(173)
[335] return 172
[339] call push(174)
[337] return 171
[336] return 169
[340] call pop
[340] return 168
[341] call pop
[341] return 173
[332] return
[342] call pop
[343] call push(175)
[344] call push(176)
[342] return 174
[338] return
[345] call pop
[345] return 165
[339] return
[346] call push(177)
[347] call pop
[348] call pop
[347] return 175
[349] call pop
[348] return 167
[349] return 166
[343] return
[350] call pop
[350] return 161
[351] call pop
[352] call pop
[352] return 177
[353] call push(178)
[351] return 163
[344] return
[354] call push(179)
[346] return
[355] call push(180)
[356] call pop
[357] call pop
[358] call pop
[357] return 178
[356] return 176
[359] call push(181)
[358] return 180
[360] call pop
[353] return
[361] call push(182)
[360] return 157
[362] call push(183)
[363] call push(184)
[355] return
[364] call push(185)
[362] return
[365] call pop
[366] call push(186)
[359] return
[367] call pop
[365] return 181
[367] return 182
[354] return
[368] call pop
[368] return 179
[369] call push(187)
[361] return
[370] call push(188)
[371] call push(189)
[372] call push(190)
[364] return
[363] return
[366] return
[373] call pop
[370] return
[374] call push(191)
[371] return
[375] call push(192)
[373] return 189
[376] call pop
[377] call pop
[376] return 187
[369] return
[378] call pop
[377] return 184
[378] return 190
[379] call pop
[379] return 188
[380] call pop
[381] call pop
[372] return
[380] return 186
[382] call push(193)
[381] return 185
[383] call push(194)
[384] call push(195)
[375] return
[385] call pop
[374] return
[385] return 192
[386] call push(196)
[387] call pop
[387] return 191
[383] return
[388] call push(197)
[389] call pop
[389] return 194
[390] call push(198)
[391] call pop
[386] return
[391] return 195
[392] call push(199)
[393] call pop
[390] return
[393] return 198
[394] call pop
[384] return
[395] call pop
[394] return 193
[395] return 196
[396] call push(200)
[382] return
[397] call pop
[397] return 183
[398] call push(201)
[399] call push(202)
[400] call pop
[400] return 199
[401] call pop
[396] return
[401] return 202
[392] return
[402] call pop
[402] return 200
[388] return
[403] call pop
[403] return 197
[399] return
[404] call push(203)
[398] return
[405] call push(204)
[406] call push(205)
[407] call push(206)
[408] call push(207)
[409] call pop
[410] call pop
[409] return 204
[410] return 201
[405] return
[411] call pop
[411] return 203
[404] return
[412] call push(208)
[413] call pop
[414] call push(209)
[407] return
[413] return 209
[406] return
[415] call pop
[416] call push(210)
[408] return
[417] call push(211)
[415] return 206
[412] return
[414] return
[418] call push(212)
[419] call pop
[419] return 208
[420] call push(213)
[421] call pop
[422] call pop
[421] return 207
[423] call push(214)
[422] return 205
[424] call pop
[424] return 210
[425] call push(215)
[426] call pop
[416] return
[417] return
[426] return 212
[423] return
[418] return
[427] call push(216)
[428] call pop
[429] call push(217)
[428] return 214
[430] call pop
[431] call push(218)
[430] return 213
[432] call push(219)
[433] call pop
[429] return
[420] return
[433] return 217
[427] return
[434] call pop
[434] return 215
[435] call pop
[425] return
[436] call pop
[437] call pop
[438] call push(220)
[439] call pop
[435] return 211
[437] return 219
[436] return 216
[431] return
[439] return 218
[440] call push(221)
[440] return
[441] call pop
[432] return
[441] return 221
[442] call pop
[443] call pop
[444] call pop
[445] call push(222)
[442] return 220
[443] return 154
[446] call pop
[447] call pop
[446] return 159
[444] return 158
[438] return
[447] return 140
[448] call push(223)
[449] call push(224)
[450] call pop
[450] return 222
[451] call push(225)
[452] call push(226)
[453] call push(227)
[445] return
[454] call push(228)
[448] return
[449] return
[452] return
[455] call push(229)
[451] return
[456] call pop
[457] call push(230)
[453] return
[458] call pop
[456] return 225
[458] return 227
[454] return
[459] call push(231)
[460] call push(232)
[461] call push(233)
[455] return
[462] call pop
[462] return 229
[457] return
[463] call pop
[464] call pop
[463] return 230
[464] return 228
[465] call push(234)
[466] call pop
[467] call pop
[467] return 223
[466] return 226
[468] call pop
[469] call pop
[470] call push(235)
[468] return 232
[469] return 231
[471] call pop
[459] return
[471] return 233
[460] return
[461] return
[472] call pop
[472] return 234
[473] call pop
[465] return
[470] return
[474] call pop
[475] call push(236)
[473] return 235
[476] call pop
[474] return 224
[475] return
[477] call push(237)
[476] return 236
[478] call pop
[479] call push(238)
[480] call pop
[478] return 129
[480] return 130
[481] call push(239)
[482] call push(240)
[483] call pop
[484] call push(241)
[483] return 114
[485] call push(242)
[486] call push(243)
[481] return
[484] return
[485] return
[479] return
[487] call pop
[477] return
[488] call push(244)
[487] return 240
[482] return
[489] call push(245)
[490] call push(246)
[491] call pop
[486] return
[492] call pop
[491] return 244
[493] call pop
[493] return 243
[492] return 237
[494] call pop
[495] call pop
[496] call pop
[494] return 238
[495] return 239
[496] return 246
[488] return
[497] call pop
[498] call push(247)
[497] return 242
[490] return
[499] call push(248)
[500] call push(249)
[501] call pop
[501] return 247
[502] call pop
[498] return
[502] return 245
[503] call push(250)
[504] call pop
[505] call pop
[505] return 250
[503] return
[489] return
[504] return 249
[506] call pop
[506] return 241
[507] call pop
[508] call push(251)
[509] call push(252)
[507] return 113
[510] call pop
[500] return
[510] return 248
[511] call push(253)
[508] return
[509] return
[499] return
[512] call pop
[513] call pop
[513] return 252
[512] return 251
[514] call pop
[515] call pop
[516] call pop
[517] call push(254)
[516] return 105
[515] return 112
[514] return 106
[518] call push(255)
[519] call pop
[519] return 253
[511] return
[518] return
[517] return
