# @object stack
[1] call pop
[2] call pop
[3] call pop
[4] call pop
[2] return empty
[4] return empty
[3] return empty
[1] return empty
[5] call pop
[6] call push(1)
[7] call pop
[8] call pop
[9] call pop
[5] return empty
[9] return empty
[7] return empty
[10] call pop
[8] return empty
[11] call pop
[10] return empty
[12] call push(2)
[13] call pop
[11] return empty
[13] return empty
[14] call push(3)
[15] call pop
[16] call push(4)
[15] return 3
[17] call pop
[14] return
[17] return 4
[18] call push(5)
[19] call push(6)
[16] return
[20] call push(7)
[21] call push(8)
[22] call push(9)
[12] return
[23] call pop
[23] return 7
[6] return
[20] return
[21] return
[24] call pop
[24] return 5
[25] call push(10)
[18] return
[19] return
[26] call pop
[27] call push(11)
[28] call pop
[26] return 6
[28] return 8
[29] call pop
[25] return
[29] return 10
[30] call push(12)
[31] call push(13)
[32] call pop
[33] call push(14)
[34] call push(15)
[32] return 14
[33] return
[35] call push(16)
[22] return
[36] call pop
[36] return 13
[31] return
[37] call pop
[37] return 11
[27] return
[38] call pop
[38] return 15
[39] call push(17)
[40] call push(18)
[34] return
[30] return
[41] call push(19)
[35] return
[42] call push(20)
[43] call push(21)
[44] call push(22)
[45] call push(23)
[40] return
[46] call push(24)
[41] return
[39] return
[47] call pop
[48] call push(25)
[47] return 23
[44] return
[49] call pop
[49] return 24
[45] return
[50] call push(26)
[42] return
[43] return
[46] return
[51] call push(27)
[52] call pop
[52] return 25
[48] return
[53] call pop
[54] call pop
[55] call pop
[53] return 26
[55] return 21
[54] return 20
[50] return
[56] call push(28)
[57] call pop
[58] call push(29)
[59] call pop
[60] call pop
[57] return 22
[59] return 19
[60] return 17
[61] call pop
[61] return 29
[62] call pop
[62] return 18
[58] return
[63] call push(30)
[64] call pop
[65] call push(31)
[64] return 28
[66] call pop
[67] call push(32)
[66] return 27
[51] return
[68] call push(33)
[69] call pop
[70] call pop
[56] return
[70] return 31
[69] return 16
[71] call pop
[65] return
[72] call pop
[72] return 30
[73] call push(34)
[74] call pop
[71] return 33
[63] return
[74] return 12
[75] call pop
[68] return
[75] return 32
[76] call pop
[76] return 34
[67] return
[77] call push(35)
[78] call push(36)
[79] call pop
[80] call push(37)
[81] call pop
[79] return 9
[81] return 2
[73] return
[82] call pop
[82] return 35
[83] call pop
[83] return 1
[84] call push(38)
[85] call pop
[86] call push(39)
[77] return
[85] return 37
[87] call pop
[80] return
[87] return 36
[88] call push(40)
[89] call push(41)
[78] return
[90] call push(42)
[91] call pop
[91] return empty
[92] call pop
[92] return 38
[93] call pop
[93] return 41
[88] return
[94] call pop
[94] return 39
[89] return
[86] return
[84] return
[95] call push(43)
[95] return
[96] call push(44)
[97] call pop
[97] return 42
[98] call pop
[99] call push(45)
[98] return 43
[90] return
[100] call push(46)
[101] call push(47)
[102] call push(48)
[103] call pop
[103] return 46
[104] call pop
[100] return
[104] return 40
[105] call push(49)
[96] return
[106] call pop
[106] return 44
[107] call push(50)
[99] return
[108] call pop
[101] return
[109] call pop
[109] return 47
[110] call pop
[108] return 49
[110] return 48
[111] call pop
[111] return 45
[102] return
[112] call pop
[112] return 50
[105] return
[113] call pop
[114] call pop
[107] return
[115] call pop
[113] return empty
[116] call pop
[117] call push(51)
[115] return empty
[114] return empty
[118] call push(52)
[116] return 51
[119] call pop
[120] call pop
[121] call pop
[119] return empty
[121] return empty
[120] return empty
[122] call pop
[117] return
[122] return empty
[123] call push(53)
[124] call push(54)
[125] call push(55)
[126] call push(56)
[127] call pop
[128] call push(57)
[118] return
[127] return 52
[129] call pop
[129] return empty
[130] call push(58)
[125] return
[131] call push(59)
[124] return
[132] call pop
[123] return
[132] return 54
[133] call push(60)
[131] return
[126] return
[134] call pop
[135] call push(61)
[134] return 56
[136] call pop
[136] return 57
[128] return
[137] call pop
[137] return 60
[138] call pop
[138] return 58
[139] call pop
[140] call push(62)
[139] return 59
[141] call push(63)
[133] return
[135] return
[130] return
[142] call pop
[142] return 62
[143] call push(64)
[144] call push(65)
[145] call pop
[145] return 61
[146] call pop
[147] call pop
[146] return 53
[147] return 63
[148] call push(66)
[140] return
[141] return
[149] call push(67)
[150] call pop
[150] return 67
[151] call push(68)
[152] call pop
[152] return 55
[153] call pop
[149] return
[153] return 64
[148] return
[154] call pop
[155] call pop
[143] return
[156] call push(69)
[154] return 65
[155] return 66
[157] call push(70)
[158] call pop
[158] return empty
[159] call pop
[159] return empty
[144] return
[160] call pop
[160] return empty
[161] call pop
[156] return
[161] return 70
[162] call pop
[162] return 68
[163] call push(71)
[164] call push(72)
[165] call push(73)
[151] return
[166] call push(74)
[157] return
[164] return
[167] call pop
[168] call push(75)
[165] return
[167] return 73
[169] call pop
[169] return 72
[170] call push(76)
[171] call pop
[172] call push(77)
[163] return
[171] return 71
[173] call pop
[174] call push(78)
[173] return 75
[175] call push(79)
[170] return
[176] call push(80)
[168] return
[177] call push(81)
[178] call pop
[166] return
[178] return 77
[174] return
[176] return
[172] return
[179] call push(82)
[177] return
[180] call push(83)
[181] call pop
[182] call pop
[182] return 79
[181] return 82
[183] call push(84)
[184] call pop
[184] return 81
[175] return
[185] call pop
[179] return
[186] call push(85)
[185] return 80
[187] call push(86)
[188] call push(87)
[189] call push(88)
[180] return
[190] call push(89)
[183] return
[191] call pop
[186] return
[192] call push(90)
[191] return 88
[193] call push(91)
[189] return
[194] call pop
[188] return
[194] return 87
[195] call pop
[196] call push(92)
[197] call pop
[197] return 89
[195] return 86
[187] return
[198] call push(93)
[199] call pop
[199] return 90
[190] return
[200] call pop
[192] return
[201] call push(94)
[200] return 92
[202] call push(95)
[193] return
[196] return
[203] call pop
[204] call pop
[201] return
[203] return 93
[205] call pop
[206] call pop
[205] return 94
[204] return 91
[206] return 83
[207] call pop
[208] call pop
[207] return 84
[198] return
[209] call push(96)
[208] return 85
[202] return
[210] call push(97)
[211] call pop
[212] call pop
[211] return 95
[212] return 78
[213] call pop
[213] return 74
[214] call push(98)
[215] call push(99)
[216] call pop
[216] return 76
[217] call push(100)
[218] call pop
[218] return 100
[219] call push(101)
[220] call push(102)
[209] return
[217] return
[214] return
[210] return
[221] call push(103)
[222] call push(104)
[223] call pop
[224] call push(105)
[215] return
[223] return 99
[225] call pop
[226] call pop
[220] return
[225] return 105
[226] return 102
[224] return
[227] call push(106)
[219] return
[228] call push(107)
[229] call push(108)
[230] call pop
[231] call push(109)
[230] return 103
[222] return
[229] return
[221] return
[232] call pop
[232] return 108
[233] call pop
[228] return
[233] return 107
[234] call push(110)
[235] call push(111)
[236] call push(112)
[237] call pop
[231] return
[237] return 109
[238] call push(113)
[239] call push(114)
[239] return
[227] return
[240] call pop
[241] call pop
[240] return 110
[241] return 111
[235] return
[238] return
[234] return
[242] call push(115)
[236] return
[243] call push(116)
[244] call pop
[244] return 112
[245] call pop
[246] call push(117)
[245] return 114
[247] call push(118)
[248] call pop
[248] return 113
[249] call pop
[249] return 115
[250] call pop
[250] return 106
[242] return
[251] call push(119)
[252] call push(120)
[253] call push(121)
[254] call push(122)
[246] return
[243] return
[252] return
[251] return
[255] call push(123)
[256] call pop
[254] return
[257] call pop
[257] return 121
[247] return
[256] return 122
[258] call pop
[259] call push(124)
[260] call push(125)
[253] return
[258] return 119
[261] call push(126)
[260] return
[262] call pop
[262] return 125
[263] call pop
[264] call pop
[264] return 118
[263] return 120
[265] call push(127)
[266] call push(128)
[267] call pop
[255] return
[267] return 123
[268] call pop
[259] return
[269] call push(129)
[268] return 128
[270] call push(130)
[271] call pop
[261] return
[272] call push(131)
[266] return
[271] return 127
[273] call pop
[273] return 126
[274] call push(132)
[265] return
[275] call pop
[270] return
[275] return 132
[274] return
[276] call push(133)
[277] call push(134)
[278] call push(135)
[272] return
[279] call push(136)
[280] call push(137)
[281] call pop
[281] return 137
[269] return
[280] return
[282] call push(138)
[277] return
[283] call push(139)
[284] call push(140)
[276] return
[282] return
[285] call push(141)
[286] call pop
[278] return
[286] return 136
[279] return
[283] return
[287] call pop
[288] call push(142)
[289] call pop
[287] return 140
[284] return
[290] call push(143)
[289] return 141
[291] call pop
[292] call pop
[292] return 135
[291] return 139
[293] call pop
[285] return
[293] return 138
[294] call pop
[294] return 133
[295] call pop
[295] return 143
[296] call pop
[297] call push(144)
[298] call push(145)
[299] call pop
[296] return 134
[299] return 129
[300] call pop
[300] return 131
[301] call push(146)
[290] return
[302] call push(147)
[288] return
[303] call push(148)
[301] return
[304] call pop
[305] call push(149)
[304] return 148
[302] return
[298] return
[297] return
[306] call pop
[307] call push(150)
[306] return 147
[305] return
[308] call push(151)
[303] return
[309] call push(152)
[310] call push(153)
[311] call pop
[312] call pop
[312] return 150
[311] return 149
[313] call pop
[314] call pop
[314] return 145
[313] return 146
[307] return
[315] call push(154)
[309] return
[316] call push(155)
[317] call push(156)
[318] call push(157)
[319] call pop
[310] return
[319] return 151
[308] return
[320] call pop
[320] return 153
[321] call push(158)
[316] return
[315] return
[322] call push(159)
[323] call pop
[323] return 158
[324] call push(160)
[325] call pop
[321] return
[318] return
[325] return 156
[317] return
[326] call pop
[327] call push(161)
[328] call pop
[328] return 157
[326] return 160
[329] call pop
[329] return 159
[330] call pop
[331] call push(162)
[324] return
[332] call pop
[330] return 161
[332] return 154
[322] return
[333] call push(163)
[334] call pop
[327] return
[334] return 155
[335] call pop
[336] call pop
[337] call pop
[338] call pop
[338] return 142
[335] return 152
[336] return 144
[337] return 130
[339] call pop
[340] call push(164)
[341] call push(165)
[339] return 162
[331] return
[342] call push(166)
[343] call push(167)
[344] call pop
[345] call push(168)
[344] return 163
[341] return
[333] return
[346] call push(169)
[347] call pop
[348] call push(170)
[347] return 164
[346] return
[340] return
[349] call pop
[349] return 168
[345] return
[343] return
[350] call push(171)
[351] call pop
[352] call pop
[353] call pop
[351] return 166
[352] return 169
[353] return 170
[354] call pop
[348] return
[342] return
[354] return 167
[355] call pop
[356] call push(172)
[355] return 165
[357] call pop
[358] call pop
[359] call pop
[359] return 124
[357] return 116
[358] return 117
[360] call push(173)
[361] call pop
[362] call push(174)
[361] return 104
[363] call push(175)
[364] call pop
[364] return 171
[356] return
[350] return
[363] return
[362] return
[365] call pop
[366] call push(176)
[367] call push(177)
[368] call push(178)
[365] return 173
[369] call push(179)
[370] call push(180)
[360] return
[371] call pop
[371] return 179
[372] call pop
[372] return 174
[373] call pop
[373] return 177
[374] call pop
[369] return
[374] return 178
[375] call pop
[376] call pop
[375] return 176
[368] return
[377] call pop
[370] return
[367] return
[376] return 180
[377] return 172
[378] call push(181)
[379] call pop
[380] call push(182)
[379] return 175
[381] call pop
[366] return
[382] call pop
[381] return 181
[383] call pop
[382] return 101
[383] return 97
[384] call push(183)
[385] call pop
[378] return
[386] call push(184)
[385] return 96
[387] call push(185)
[388] call push(186)
[389] call pop
[389] return 183
[390] call push(187)
[391] call push(188)
[384] return
[386] return
[390] return
[380] return
[391] return
[392] call pop
[392] return 186
[393] call push(189)
[394] call pop
[395] call push(190)
[396] call pop
[388] return
[394] return 187
[387] return
[397] call pop
[396] return 185
[397] return 184
[398] call push(191)
[399] call push(192)
[400] call pop
[401] call pop
[400] return 188
[401] return 182
[402] call pop
[402] return 98
[403] call push(193)
[404] call push(194)
[405] call pop
[405] return 189
[399] return
[406] call pop
[398] return
[407] call pop
[406] return 190
[393] return
[407] return 192
[408] call pop
[408] return 193
[409] call push(195)
[410] call pop
[395] return
[404] return
[410] return 194
[411] call pop
[412] call pop
[403] return
[411] return 191
[413] call pop
[412] return 69
[413] return empty
[414] call pop
[414] return empty
[415] call push(196)
[416] call push(197)
[417] call pop
[418] call pop
[417] return 197
[418] return empty
[419] call pop
[415] return
[419] return 196
[420] call pop
[421] call pop
[420] return empty
[416] return
[421] return empty
[422] call push(198)
[423] call pop
[423] return 195
[424] call push(199)
[425] call push(200)
[426] call push(201)
[427] call push(202)
[428] call pop
[409] return
[429] call push(203)
[428] return 202
[424] return
[430] call pop
[430] return 199
[427] return
[431] call push(204)
[422] return
[432] call push(205)
[433] call push(206)
[434] call push(207)
[426] return
[433] return
[435] call pop
[425] return
[434] return
[435] return 203
[429] return
[436] call push(208)
[437] call push(209)
[438] call pop
[439] call push(210)
[438] return 204
[431] return
[440] call pop
[440] return 207
[441] call push(211)
[442] call pop
[432] return
[442] return 210
[439] return
[436] return
[443] call pop
[444] call pop
[443] return 205
[445] call pop
[446] call pop
[445] return 208
[446] return 206
[444] return 201
[447] call pop
[448] call push(212)
[449] call push(213)
[450] call pop
[441] return
[437] return
[447] return 209
[451] call push(214)
[450] return 211
[452] call pop
[452] return 200
[451] return
[449] return
[453] call push(215)
[454] call pop
[455] call push(216)
[456] call push(217)
[457] call push(218)
[454] return 212
[458] call push(219)
[459] call push(220)
[453] return
[448] return
[460] call pop
[460] return 218
[461] call pop
[457] return
[462] call push(221)
[463] call push(222)
[456] return
[461] return 216
[455] return
[464] call pop
[464] return 217
[458] return
[459] return
[465] call push(223)
[466] call push(224)
[463] return
[467] call pop
[468] call pop
[467] return 222
[468] return 221
[465] return
[462] return
[469] call pop
[470] call push(225)
[471] call push(226)
[472] call push(227)
[469] return 223
[473] call push(228)
[474] call pop
[475] call push(229)
[474] return 224
[466] return
[476] call push(230)
[473] return
[475] return
[477] call pop
[478] call pop
[477] return 226
[478] return 225
[470] return
[479] call pop
[476] return
[479] return 227
[472] return
[480] call pop
[471] return
[480] return 230
[481] call push(231)
[482] call pop
[483] call push(232)
[484] call push(233)
[482] return 228
[485] call pop
[486] call push(234)
[487] call pop
[485] return 229
[487] return 231
[488] call push(235)
[489] call push(236)
[490] call push(237)
[488] return
[483] return
[491] call push(238)
[481] return
[492] call pop
[493] call pop
[492] return 234
[493] return 233
[494] call pop
[486] return
[494] return 236
[495] call push(239)
[496] call pop
[491] return
[489] return
[497] call push(240)
[496] return 238
[484] return
[498] call push(241)
[499] call push(242)
[500] call pop
[500] return 242
[501] call pop
[501] return 241
[502] call push(243)
[490] return
[497] return
[495] return
[498] return
[503] call push(244)
[499] return
[504] call push(245)
[505] call push(246)
[506] call push(247)
[507] call pop
[507] return 246
[505] return
[508] call pop
[506] return
[509] call push(248)
[508] return 247
[510] call push(249)
[511] call pop
[511] return 244
[512] call pop
[512] return 239
[509] return
[513] call pop
[502] return
[513] return 243
[514] call push(250)
[503] return
[504] return
[515] call push(251)
[514] return
[510] return
[515] return
