# @object atomic-queue
[1] call add(2)
[2] call add(3)
[3] call add(4)
[4] call add(5)
[5] call add(6)
[6] call add(7)
[7] call add(8)
[8] call add(9)
[8] return
[9] call add(10)
[10] call add(11)
[11] call add(12)
[12] call add(13)
[13] call add(14)
[14] call add(15)
[15] call add(16)
[16] call add(17)
[17] call add(18)
[18] call add(19)
[19] call add(20)
[20] call rm
[21] call rm
[22] call rm
[23] call rm
[24] call rm
[25] call rm
[26] call rm
[27] call rm
[28] call rm
[29] call rm
[29] return 9
[31] call rm
[32] call rm
[32] return empty
[33] call rm
[34] call rm
[35] call rm
[36] call rm
[37] call rm
[38] call rm
[38] return empty
[40] call rm
[41] call rm
[42] call rm
[43] call rm
[44] call rm
[45] call rm
[46] call rm
[47] call rm
[48] call rm
[48] return empty
[0] call add(1)
[30] call rm
[36] return empty
[39] call rm
[40] return empty
[43] return empty
[49] call rm
[0] return
[25] return 1
[31] return empty
[34] return empty
[33] return empty
[42] return empty
[45] return empty
[47] return empty
[5] return
[7] return
[21] return 6
[27] return empty
[30] return empty
[37] return empty
[41] return empty
[46] return empty
[23] return 8
[28] return empty
[35] return empty
[39] return empty
[15] return
[44] return empty
[1] return
[20] return 16
[24] return 2
[6] return
[10] return
[16] return
[22] return 7
[17] return
[26] return 11
[13] return
[2] return
[49] return 17
[9] return
[12] return
[11] return
[14] return
[19] return
[18] return
[3] return
[4] return
