# @object atomic-queue
[0] call add(1)
[0] return
[1] call add(2)
[1] return
[2] call add(3)
[2] return
[3] call add(4)
[3] return
[4] call add(5)
[4] return
[6] call add(7)
[6] return
[7] call add(8)
[7] return
[8] call add(9)
[8] return
[9] call add(10)
[9] return
[10] call rm
[10] return 2
[11] call rm
[11] return 1
[12] call rm
[12] return 3
[13] call rm
[13] return 4
[14] call rm
[14] return empty
[15] call rm
[15] return empty
[16] call rm
[16] return empty
[17] call rm
[17] return empty
[18] call rm
[18] return empty
[19] call rm
[19] return empty
[5] call add(6)
[5] return
