# @object atomic-queue
[1] call add(1003)
[2] call add(1004)
[3] call add(1005)
[4] call add(1006)
[5] call remove
[3] return
[1] return
[2] return
[6] call add(1007)
[4] return
[7] call remove
[5] return 1003
[8] call remove
[9] call add(1008)
[10] call remove
[11] call remove
[12] call add(1009)
[6] return
[7] return 1004
[8] return 1005
[9] return
[10] return 1006
[13] call add(1010)
[11] return 1007
[14] call remove
[12] return
[15] call remove
[16] call add(1011)
[17] call add(1012)
[18] call add(1013)
[19] call add(1014)
[13] return
[14] return 1008
[15] return 1009
[16] return
[17] return
[20] call add(1015)
[18] return
[21] call add(1016)
[19] return
[22] call add(1017)
[23] call remove
[24] call add(1018)
[25] call remove
[26] call remove
[20] return
[21] return
[22] return
[23] return 1010
[24] return
[27] call remove
[25] return 1011
[28] call add(1019)
[26] return 1012
[29] call add(1020)
[30] call add(1021)
[31] call remove
[32] call add(1022)
[33] call remove
[27] return 1013
[28] return
[29] return
[30] return
[31] return 1014
[34] call add(1023)
[32] return
[35] call add(1024)
[33] return 1015
[36] call remove
[37] call add(1025)
[38] call add(1026)
[39] call remove
[40] call add(1027)
[34] return
[35] return
[36] return 1016
[37] return
[38] return
[41] call add(1028)
[39] return 1017
[42] call remove
[40] return
[43] call add(1029)
[44] call remove
[45] call remove
[46] call remove
[47] call remove
[41] return
[42] return 1018
[43] return
[44] return 1019
[45] return 1020
[48] call remove
[46] return 1021
[49] call remove
[47] return 1022
[50] call remove
[51] call add(1030)
[52] call add(1031)
[53] call remove
[54] call add(1032)
[48] return 1023
[49] return 1024
[50] return 1025
[51] return
[52] return
[55] call remove
[53] return 1026
[56] call add(1033)
[54] return
[57] call add(1034)
[58] call add(1035)
[59] call remove
[60] call remove
[61] call remove
[55] return 1027
[56] return
[57] return
[58] return
[59] return 1028
[62] call add(1036)
[60] return 1029
[63] call remove
[61] return 1030
[64] call add(1037)
[65] call add(1038)
[66] call add(1039)
[67] call remove
[68] call remove
[62] return
[63] return 1031
[64] return
[65] return
[66] return
[69] call remove
[67] return 1032
[70] call add(1040)
[68] return 1033
[71] call add(1041)
[72] call add(1042)
[73] call remove
[74] call remove
[75] call add(1043)
[69] return 1034
[70] return
[71] return
[72] return
[73] return 1035
[76] call remove
[74] return 1036
[77] call add(1044)
[75] return
[78] call add(1045)
[79] call add(1046)
[80] call remove
[81] call add(1047)
[82] call remove
[76] return 1037
[77] return
[78] return
[79] return
[80] return 1038
[83] call remove
[81] return
[84] call add(1048)
[82] return 1039
[85] call add(1049)
[86] call remove
[87] call remove
[88] call add(1050)
[89] call add(1051)
[83] return 1040
[84] return
[85] return
[86] return 1041
[87] return 1042
[90] call remove
[88] return
[91] call remove
[89] return
[92] call remove
[93] call add(1052)
[94] call add(1053)
[95] call add(1054)
[96] call remove
[90] return 1043
[91] return 1044
[92] return 1045
[93] return
[94] return
[97] call remove
[95] return
[98] call remove
[96] return 1046
[99] call add(1055)
[100] call remove
[101] call add(1056)
[102] call remove
[103] call add(1057)
[97] return 1047
[98] return 1048
[99] return
[100] return 1049
[101] return
[104] call add(1058)
[102] return 1050
[105] call remove
[103] return
[106] call remove
[107] call remove
[108] call remove
[109] call add(1059)
[110] call remove
[104] return
[105] return 1051
[106] return 1052
[107] return 1053
[108] return 1054
[111] call add(1060)
[109] return
[112] call add(1061)
[110] return 1055
[113] call remove
[114] call add(1062)
[115] call remove
[116] call add(1063)
[117] call add(1064)
[111] return
[112] return
[113] return 1056
[114] return
[115] return 1057
[118] call add(1065)
[116] return
[119] call remove
[118] return
[120] call add(1066)
[121] call add(1067)
[117] return
[122] call remove
[123] call add(1068)
[124] call remove
[125] call remove
[119] return 1058
[120] return
[121] return
[122] return 1059
[123] return
[126] call add(1069)
[124] return 1060
[127] call remove
[128] call add(1070)
[125] return 1061
[129] call remove
[130] call add(1071)
[131] call remove
[132] call remove
[126] return
[127] return 1062
[128] return
[129] return 1063
[130] return
[133] call remove
[131] return 1064
[134] call remove
[135] call add(1072)
[132] return 1065
[136] call add(1073)
[137] call add(1074)
[138] call add(1075)
[139] call add(1076)
[133] return 1066
[134] return 1067
[135] return
[140] call remove
[136] return
[137] return
[141] call add(1077)
[138] return
[142] call remove
[143] call add(1078)
[144] call remove
[145] call add(1079)
[139] return
[140] return 1068
[141] return
[146] call remove
[142] return 1069
[147] call add(1080)
[143] return
[144] return 1070
[148] call remove
[145] return
[149] call remove
[150] call add(1081)
[151] call add(1082)
[152] call add(1083)
[146] return 1071
[147] return
[148] return 1072
[153] call remove
[149] return 1073
[154] call add(1084)
[150] return
[151] return
[155] call add(1085)
[152] return
[156] call remove
[157] call remove
[158] call add(1086)
[159] call add(1087)
[153] return 1074
[154] return
[155] return
[160] call add(1088)
[156] return 1075
[161] call add(1089)
[157] return 1076
[158] return
[162] call remove
[159] return
[163] call add(1090)
[164] call add(1091)
[165] call remove
[166] call add(1092)
[160] return
[161] return
[164] return
[167] call remove
[163] return
[168] call add(1093)
[162] return 1077
[165] return 1078
[169] call add(1094)
[166] return
[170] call add(1095)
[171] call remove
[172] call add(1096)
[173] call remove
[167] return 1079
[168] return
[169] return
[174] call add(1097)
[170] return
[175] call remove
[171] return 1080
[172] return
[176] call add(1098)
[173] return 1081
[177] call remove
[178] call add(1099)
[179] call add(1100)
[180] call remove
[174] return
[175] return 1082
[176] return
[181] call add(1101)
[177] return 1083
[182] call remove
[178] return
[179] return
[183] call remove
[180] return 1084
[184] call remove
[185] call add(1102)
[186] call remove
[187] call remove
[181] return
[182] return 1085
[183] return 1086
[188] call remove
[184] return 1087
[189] call remove
[185] return
[186] return 1088
[190] call add(1103)
[187] return 1089
[191] call remove
[192] call remove
[193] call remove
[194] call remove
[188] return 1090
[189] return 1091
[190] return
[195] call add(1104)
[191] return 1092
[196] call remove
[192] return 1093
[193] return 1094
[197] call add(1105)
[194] return 1095
[198] call remove
[199] call add(1106)
[200] call add(1107)
[201] call remove
[195] return
[200] return
[196] return 1096
[197] return
[198] return 1097
[202] call add(1108)
[203] call remove
[199] return
[204] call remove
[201] return 1098
[205] call remove
[206] call add(1109)
[207] call remove
[208] call add(1110)
[203] return 1099
[204] return 1100
[202] return
[205] return 1101
[209] call add(1111)
[210] call add(1112)
[206] return
[211] call add(1113)
[207] return 1102
[212] call add(1114)
[208] return
[213] call remove
[214] call add(1115)
[215] call add(1116)
[209] return
[210] return
[211] return
[212] return
[216] call remove
[217] call remove
[213] return 1103
[218] call add(1117)
[214] return
[219] call remove
[215] return
[220] call add(1118)
[221] call add(1119)
[222] call add(1120)
[216] return 1104
[217] return 1105
[218] return
[219] return 1107
[223] call add(1121)
[224] call add(1122)
[220] return
[225] call add(1123)
[221] return
[226] call remove
[222] return
[227] call remove
[228] call remove
[229] call add(1124)
[223] return
[224] return
[225] return
[226] return 1106
[230] call remove
[231] call remove
[227] return 1108
[232] call add(1125)
[228] return 1109
[233] call remove
[229] return
[234] call add(1126)
[235] call add(1127)
[236] call add(1128)
[230] return 1110
[231] return 1111
[232] return
[233] return 1112
[237] call add(1129)
[238] call add(1130)
[234] return
[235] return
[239] call add(1131)
[236] return
[240] call remove
[241] call remove
[238] return
[242] call add(1132)
[243] call remove
[240] return 1113
[244] call add(1133)
[239] return
[242] return
[237] return
[245] call remove
[246] call add(1134)
[243] return 1114
[241] return 1115
[247] call add(1135)
[248] call remove
[244] return
[249] call add(1136)
[250] call add(1137)
[245] return 1116
[251] call add(1138)
[246] return
[247] return
[248] return 1117
[252] call remove
[253] call remove
[249] return
[250] return
[254] call add(1139)
[255] call add(1140)
[251] return
[256] call add(1141)
[257] call remove
[252] return 1118
[258] call add(1142)
[253] return 1119
[254] return
[255] return
[259] call add(1143)
[260] call add(1144)
[256] return
[257] return 1120
[261] call add(1145)
[262] call remove
[258] return
[263] call remove
[264] call add(1146)
[259] return
[265] call add(1147)
[260] return
[261] return
[262] return 1121
[266] call add(1148)
[267] call remove
[263] return 1122
[264] return
[268] call add(1149)
[269] call add(1150)
[265] return
[270] call add(1151)
[271] call add(1152)
[266] return
[272] call add(1153)
[267] return 1123
[268] return
[269] return
[273] call add(1154)
[274] call add(1155)
[270] return
[271] return
[275] call add(1156)
[276] call add(1157)
[272] return
[277] call remove
[278] call add(1158)
[273] return
[279] call remove
[274] return
[275] return
[276] return
[280] call add(1159)
[281] call add(1160)
[277] return 1124
[278] return
[282] call remove
[283] call add(1161)
[279] return 1125
[284] call remove
[285] call remove
[280] return
[286] call remove
[281] return
[282] return 1126
[283] return
[287] call add(1162)
[288] call remove
[284] return 1127
[285] return 1128
[289] call add(1163)
[290] call add(1164)
[286] return 1130
[291] call remove
[292] call remove
[287] return
[293] call remove
[288] return 1129
[289] return
[290] return
[294] call add(1165)
[295] call remove
[291] return 1131
[292] return 1132
[296] call remove
[297] call add(1166)
[293] return 1133
[298] call add(1167)
[299] call add(1168)
[294] return
[300] call remove
[295] return 1134
[296] return 1135
[297] return
[301] call add(1169)
[302] call remove
[298] return
[299] return
[303] call remove
[304] call add(1170)
[300] return 1136
[305] call remove
[306] call remove
[301] return
[307] call add(1171)
[302] return 1137
[303] return 1138
[304] return
[308] call add(1172)
[309] call add(1173)
[305] return 1139
[306] return 1140
[310] call add(1174)
[311] call add(1175)
[307] return
[312] call remove
[313] call add(1176)
[308] return
[314] call remove
[309] return
[310] return
[311] return
[315] call remove
[316] call remove
[312] return 1141
[313] return
[317] call remove
[318] call add(1177)
[314] return 1142
[319] call add(1178)
[320] call remove
[315] return 1143
[321] call remove
[316] return 1144
[317] return 1145
[318] return
[322] call add(1179)
[323] call remove
[319] return
[320] return 1146
[324] call add(1180)
[325] call add(1181)
[321] return 1147
[326] call add(1182)
[327] call remove
[322] return
[328] call add(1183)
[323] return 1148
[324] return
[325] return
[329] call add(1184)
[330] call add(1185)
[326] return
[327] return 1149
[331] call add(1186)
[332] call add(1187)
[328] return
[333] call remove
[334] call remove
[329] return
[335] call add(1188)
[330] return
[331] return
[332] return
[336] call add(1189)
[337] call add(1190)
[333] return 1150
[334] return 1151
[338] call add(1191)
[339] call add(1192)
[335] return
[340] call add(1193)
[341] call add(1194)
[336] return
[342] call add(1195)
[337] return
[338] return
[339] return
[343] call add(1196)
[344] call add(1197)
[340] return
[341] return
[345] call add(1198)
[346] call remove
[342] return
[347] call add(1199)
[348] call add(1200)
[343] return
[349] call add(1201)
[344] return
[345] return
[346] return 1152
[350] call add(1202)
[351] call add(1203)
[347] return
[348] return
[352] call remove
[353] call remove
[349] return
[354] call add(1204)
[355] call add(1205)
[350] return
[356] call remove
[351] return
[352] return 1153
[353] return 1154
[357] call add(1206)
[358] call add(1207)
[354] return
[355] return
[359] call remove
[360] call remove
[356] return 1155
[361] call add(1208)
[362] call remove
[357] return
[363] call remove
[358] return
[359] return 1156
[360] return 1157
[364] call remove
[365] call add(1209)
[361] return
[362] return 1158
[366] call add(1210)
[367] call remove
[363] return 1159
[368] call add(1211)
[369] call add(1212)
[364] return 1160
[370] call remove
[365] return
[366] return
[367] return 1161
[371] call remove
[372] call remove
[368] return
[369] return
[373] call add(1213)
[374] call remove
[370] return 1162
[375] call add(1214)
[376] call add(1215)
[371] return 1163
[377] call add(1216)
[372] return 1164
[373] return
[374] return 1165
[378] call add(1217)
[379] call add(1218)
[375] return
[376] return
[380] call remove
[381] call remove
[377] return
[382] call remove
[383] call add(1219)
[378] return
[384] call add(1220)
[379] return
[380] return 1166
[381] return 1167
[385] call add(1221)
[386] call remove
[382] return 1168
[383] return
[387] call remove
[388] call add(1222)
[384] return
[389] call add(1223)
[390] call remove
[385] return
[391] call remove
[386] return 1169
[387] return 1170
[388] return
[392] call remove
[393] call remove
[389] return
[390] return 1171
[394] call add(1224)
[395] call remove
[391] return 1172
[396] call remove
[397] call remove
[392] return 1173
[398] call remove
[393] return 1174
[394] return
[395] return 1175
[399] call remove
[400] call add(1225)
[401] call add(1226)
[396] return 1176
[397] return 1177
[402] call add(1227)
[403] call remove
[404] call remove
[398] return 1178
[399] return 1179
[400] return
[401] return
[402] return
[405] call add(1228)
[406] call remove
[407] call add(1229)
[408] call add(1230)
[403] return 1180
[404] return 1181
[409] call remove
[410] call add(1231)
[411] call add(1232)
[405] return
[406] return 1182
[407] return
[408] return
[409] return 1183
[412] call remove
[413] call remove
[414] call remove
[415] call add(1233)
[410] return
[411] return
[416] call remove
[417] call remove
[418] call remove
[412] return 1184
[413] return 1185
[414] return 1186
[415] return
[416] return 1187
[419] call remove
[420] call add(1234)
[421] call add(1235)
[422] call add(1236)
[417] return 1188
[418] return 1189
[423] call remove
[424] call remove
[425] call add(1237)
[419] return 1190
[420] return
[421] return
[422] return
[423] return 1191
[426] call add(1238)
[427] call add(1239)
[428] call add(1240)
[429] call remove
[424] return 1192
[425] return
[430] call add(1241)
[431] call remove
[432] call add(1242)
[426] return
[427] return
[428] return
[429] return 1193
[430] return
[433] call add(1243)
[434] call add(1244)
[435] call add(1245)
[436] call add(1246)
[431] return 1194
[432] return
[437] call remove
[438] call add(1247)
[439] call add(1248)
[433] return
[434] return
[435] return
[436] return
[437] return 1195
[440] call add(1249)
[441] call remove
[442] call remove
[443] call remove
[438] return
[439] return
[444] call remove
[445] call add(1250)
[446] call add(1251)
[440] return
[441] return 1196
[442] return 1197
[443] return 1198
[444] return 1199
[447] call remove
[448] call remove
[449] call remove
[450] call add(1252)
[445] return
[446] return
[451] call add(1253)
[452] call remove
[453] call add(1254)
[447] return 1200
[448] return 1201
[449] return 1202
[450] return
[451] return
[454] call add(1255)
[455] call add(1256)
[456] call add(1257)
[457] call remove
[452] return 1203
[453] return
[458] call remove
[459] call remove
[460] call add(1258)
[454] return
[455] return
[456] return
[457] return 1204
[458] return 1205
[461] call add(1259)
[462] call add(1260)
[463] call add(1261)
[464] call add(1262)
[459] return 1206
[460] return
[465] call add(1263)
[466] call remove
[467] call remove
[461] return
[462] return
[463] return
[464] return
[465] return
[468] call add(1264)
[469] call remove
[470] call add(1265)
[471] call remove
[466] return 1207
[467] return 1208
[472] call add(1266)
[473] call add(1267)
[474] call add(1268)
[468] return
[469] return 1209
[470] return
[471] return 1210
[472] return
[475] call remove
[476] call remove
[477] call remove
[478] call add(1269)
[473] return
[474] return
[479] call add(1270)
[475] return 1211
[478] return
[476] return 1212
[477] return 1213
[480] call remove
[481] call remove
[479] return
[482] call add(1271)
[483] call remove
[484] call remove
[485] call remove
[481] return 1214
[486] call add(1272)
[487] call add(1273)
[480] return 1215
[482] return
[483] return 1216
[485] return 1217
[484] return 1218
[488] call add(1274)
[486] return
[489] call add(1275)
[490] call add(1276)
[491] call add(1277)
[492] call remove
[487] return
[493] call remove
[494] call add(1278)
[488] return
[489] return
[490] return
[491] return
[492] return 1219
[495] call add(1279)
[493] return 1220
[496] call remove
[497] call add(1280)
[498] call remove
[499] call add(1281)
[494] return
[500] call remove
[501] call add(1282)
[495] return
[496] return 1221
[497] return
[498] return 1222
[499] return
[502] call remove
[500] return 1223
[503] call remove
[504] call add(1283)
[505] call remove
[506] call remove
[501] return
[507] call remove
[508] call remove
[502] return 1224
[503] return 1225
[504] return
[505] return 1226
[506] return 1227
[509] call add(1284)
[507] return 1228
[510] call remove
[511] call remove
[512] call remove
[513] call add(1285)
[508] return 1229
[514] call add(1286)
[515] call add(1287)
[509] return
[510] return 1230
[511] return 1231
[512] return 1232
[513] return
[516] call add(1288)
[514] return
[517] call remove
[518] call remove
[519] call add(1289)
[520] call add(1290)
[515] return
[521] call add(1291)
[522] call add(1292)
[516] return
[517] return 1233
[518] return 1234
[519] return
[520] return
[523] call remove
[521] return
[524] call remove
[525] call remove
[526] call remove
[527] call remove
[522] return
[528] call add(1293)
[529] call add(1294)
[523] return 1235
[524] return 1236
[525] return 1237
[526] return 1238
[527] return 1239
[530] call remove
[528] return
[531] call remove
[532] call add(1295)
[533] call add(1296)
[534] call remove
[529] return
[535] call add(1297)
[536] call remove
[530] return 1240
[531] return 1241
[532] return
[533] return
[534] return 1242
[537] call add(1298)
[535] return
[538] call remove
[539] call remove
[540] call remove
[541] call remove
[536] return 1243
[542] call add(1299)
[543] call add(1300)
[537] return
[538] return 1244
[539] return 1245
[540] return 1246
[541] return 1247
[544] call remove
[542] return
[545] call add(1301)
[546] call add(1302)
[547] call remove
[548] call remove
[543] return
[549] call add(1303)
[550] call remove
[544] return 1248
[545] return
[546] return
[547] return 1249
[548] return 1250
[551] call remove
[549] return
[552] call remove
[553] call add(1304)
[554] call add(1305)
[555] call remove
[550] return 1251
[556] call add(1306)
[557] call add(1307)
[551] return 1252
[552] return 1253
[553] return
[558] call remove
[555] return 1254
[559] call remove
[556] return
[554] return
[560] call add(1308)
[561] call remove
[557] return
[562] call add(1309)
[563] call add(1310)
[558] return 1255
[564] call add(1311)
[559] return 1256
[565] call remove
[560] return
[561] return 1257
[566] call add(1312)
[562] return
[563] return
[567] call remove
[568] call remove
[564] return
[569] call remove
[570] call add(1313)
[565] return 1258
[571] call add(1314)
[566] return
[572] call remove
[567] return 1259
[568] return 1260
[573] call add(1315)
[569] return 1261
[570] return
[574] call add(1316)
[575] call remove
[571] return
[576] call remove
[577] call remove
[572] return 1262
[578] call add(1317)
[573] return
[579] call add(1318)
[574] return
[575] return 1263
[580] call add(1319)
[576] return 1264
[577] return 1265
[581] call remove
[582] call remove
[578] return
[583] call add(1320)
[584] call remove
[579] return
[585] call remove
[580] return
[586] call add(1321)
[581] return 1266
[582] return 1267
[587] call add(1322)
[583] return
[584] return 1268
[588] call add(1323)
[589] call remove
[585] return 1269
[590] call add(1324)
[591] call add(1325)
[586] return
[592] call add(1326)
[587] return
[593] call remove
[588] return
[589] return 1270
[594] call add(1327)
[590] return
[591] return
[595] call remove
[596] call add(1328)
[592] return
[597] call add(1329)
[598] call remove
[593] return 1271
[599] call remove
[594] return
[600] call remove
[595] return 1272
[596] return
[601] call add(1330)
[597] return
[598] return 1273
[602] call remove
[603] call remove
[599] return 1274
[604] call add(1331)
[605] call remove
[600] return 1275
[606] call remove
[601] return
[607] call remove
[602] return 1276
[603] return 1277
[608] call remove
[604] return
[605] return 1278
[609] call add(1332)
[610] call add(1333)
[606] return 1279
[611] call add(1334)
[612] call add(1335)
[607] return 1280
[613] call remove
[608] return 1281
[614] call add(1336)
[609] return
[610] return
[615] call add(1337)
[611] return
[612] return
[616] call add(1338)
[617] call add(1339)
[613] return 1282
[618] call add(1340)
[619] call add(1341)
[614] return
[620] call add(1342)
[615] return
[621] call remove
[616] return
[617] return
[622] call add(1343)
[618] return
[619] return
[623] call add(1344)
[624] call add(1345)
[620] return
[625] call remove
[626] call remove
[621] return 1283
[627] call add(1346)
[622] return
[628] call remove
[623] return
[624] return
[629] call add(1347)
[625] return 1284
[626] return 1285
[630] call add(1348)
[631] call add(1349)
[627] return
[632] call remove
[633] call remove
[628] return 1286
[634] call remove
[629] return
[635] call remove
[630] return
[631] return
[636] call add(1350)
[632] return 1287
[633] return 1288
[637] call add(1351)
[638] call add(1352)
[634] return 1289
[639] call add(1353)
[640] call add(1354)
[635] return 1290
[641] call remove
[636] return
[642] call add(1355)
[637] return
[638] return
[643] call add(1356)
[639] return
[640] return
[644] call remove
[645] call add(1357)
[641] return 1291
[646] call remove
[647] call remove
[642] return
[648] call remove
[643] return
[649] call remove
[644] return 1292
[645] return
[650] call remove
[646] return 1293
[647] return 1294
[651] call add(1358)
[652] call remove
[648] return 1295
[653] call add(1359)
[654] call remove
[649] return 1296
[655] call remove
[650] return 1297
[656] call remove
[651] return
[652] return 1298
[657] call remove
[653] return
[654] return 1299
[658] call remove
[659] call remove
[655] return 1300
[660] call add(1360)
[661] call add(1361)
[656] return 1301
[662] call add(1362)
[657] return 1302
[663] call remove
[658] return 1303
[659] return 1304
[664] call remove
[660] return
[661] return
[665] call remove
[666] call remove
[662] return
[667] call add(1363)
[668] call remove
[663] return 1305
[669] call remove
[664] return 1306
[670] call remove
[665] return 1307
[666] return 1308
[671] call add(1364)
[667] return
[668] return 1309
[672] call add(1365)
[673] call remove
[669] return 1310
[674] call remove
[675] call add(1366)
[670] return 1311
[676] call remove
[671] return
[677] call remove
[672] return
[673] return 1312
[678] call remove
[674] return 1313
[675] return
[679] call add(1367)
[680] call add(1368)
[676] return 1314
[681] call add(1369)
[682] call remove
[677] return 1315
[683] call add(1370)
[678] return 1316
[684] call remove
[679] return
[680] return
[685] call add(1371)
[681] return
[682] return 1317
[686] call remove
[687] call remove
[683] return
[688] call remove
[689] call remove
[684] return 1318
[690] call add(1372)
[685] return
[691] call add(1373)
[686] return 1319
[687] return 1320
[692] call add(1374)
[688] return 1321
[689] return 1322
[693] call remove
[694] call remove
[690] return
[695] call add(1375)
[696] call remove
[691] return
[697] call add(1376)
[692] return
[698] call add(1377)
[693] return 1323
[694] return 1324
[699] call add(1378)
[695] return
[696] return 1325
[700] call remove
[701] call add(1379)
[697] return
[702] call add(1380)
[703] call remove
[698] return
[704] call add(1381)
[699] return
[705] call add(1382)
[700] return 1326
[701] return
[706] call add(1383)
[702] return
[703] return 1327
[707] call add(1384)
[708] call add(1385)
[704] return
[709] call remove
[710] call remove
[705] return
[711] call remove
[706] return
[712] call add(1386)
[707] return
[708] return
[713] call remove
[709] return 1328
[710] return 1329
[714] call remove
[711] return 1330
[712] return
[715] call add(1387)
[716] call add(1388)
[717] call add(1389)
[718] call remove
[719] call add(1390)
[713] return 1331
[715] return
[714] return 1332
[716] return
[717] return
[720] call remove
[718] return 1333
[719] return
[721] call remove
[722] call remove
[723] call remove
[724] call remove
[725] call add(1391)
[726] call add(1392)
[720] return 1334
[721] return 1335
[722] return 1336
[723] return 1337
[724] return 1338
[727] call remove
[725] return
[726] return
[728] call add(1393)
[729] call remove
[730] call remove
[731] call add(1394)
[732] call add(1395)
[733] call add(1396)
[727] return 1339
[728] return
[729] return 1340
[730] return 1341
[731] return
[734] call add(1397)
[732] return
[733] return
[735] call add(1398)
[736] call remove
[737] call remove
[738] call remove
[739] call remove
[740] call add(1399)
[734] return
[735] return
[736] return 1342
[737] return 1343
[738] return 1344
[741] call add(1400)
[739] return 1345
[740] return
[742] call add(1401)
[743] call remove
[744] call add(1402)
[745] call remove
[746] call add(1403)
[747] call remove
[741] return
[742] return
[743] return 1346
[744] return
[745] return 1347
[748] call remove
[746] return
[747] return 1348
[749] call remove
[750] call add(1404)
[751] call add(1405)
[752] call add(1406)
[753] call remove
[754] call remove
[748] return 1349
[749] return 1350
[750] return
[751] return
[752] return
[755] call remove
[753] return 1351
[754] return 1352
[756] call add(1407)
[757] call remove
[758] call add(1408)
[759] call remove
[760] call add(1409)
[761] call remove
[755] return 1353
[756] return
[757] return 1354
[758] return
[759] return 1355
[762] call add(1410)
[760] return
[761] return 1356
[763] call add(1411)
[764] call add(1412)
[765] call add(1413)
[766] call remove
[767] call remove
[768] call remove
[762] return
[763] return
[764] return
[765] return
[766] return 1357
[769] call add(1414)
[767] return 1358
[768] return 1359
[770] call add(1415)
[771] call remove
[772] call add(1416)
[773] call add(1417)
[774] call remove
[775] call add(1418)
[769] return
[770] return
[771] return 1360
[772] return
[773] return
[776] call add(1419)
[774] return 1361
[775] return
[777] call add(1420)
[778] call add(1421)
[779] call remove
[780] call remove
[781] call add(1422)
[782] call add(1423)
[776] return
[777] return
[778] return
[779] return 1362
[780] return 1363
[783] call remove
[781] return
[782] return
[784] call add(1424)
[785] call remove
[786] call add(1425)
[787] call remove
[788] call remove
[789] call add(1426)
[783] return 1364
[784] return
[785] return 1365
[786] return
[787] return 1366
[790] call remove
[788] return 1367
[789] return
[791] call remove
[792] call remove
[793] call remove
[794] call remove
[795] call remove
[796] call remove
[790] return 1368
[791] return 1369
[792] return 1370
[793] return 1371
[794] return 1372
[797] call add(1427)
[795] return 1373
[796] return 1374
[798] call add(1428)
[799] call add(1429)
[800] call add(1430)
[801] call add(1431)
[802] call add(1432)
[803] call remove
[797] return
[798] return
[799] return
[800] return
[801] return
[804] call add(1433)
[802] return
[803] return 1375
[805] call add(1434)
[806] call remove
[807] call add(1435)
[808] call remove
[809] call add(1436)
[810] call add(1437)
[804] return
[805] return
[806] return 1376
[807] return
[808] return 1377
[811] call remove
[809] return
[810] return
[812] call remove
[813] call remove
[814] call remove
[815] call add(1438)
[816] call add(1439)
[817] call remove
[811] return 1378
[812] return 1379
[813] return 1380
[814] return 1381
[815] return
[818] call add(1440)
[816] return
[817] return 1382
[819] call add(1441)
[820] call remove
[821] call add(1442)
[822] call remove
[823] call add(1443)
[824] call add(1444)
[818] return
[819] return
[820] return 1383
[821] return
[822] return 1384
[825] call add(1445)
[823] return
[824] return
[826] call add(1446)
[827] call add(1447)
[828] call add(1448)
[829] call add(1449)
[830] call remove
[831] call add(1450)
[825] return
[826] return
[827] return
[828] return
[829] return
[832] call remove
[830] return 1385
[831] return
[833] call remove
[834] call remove
[835] call add(1451)
[836] call remove
[837] call add(1452)
[838] call remove
[832] return 1386
[833] return 1387
[834] return 1388
[835] return
[836] return 1389
[839] call add(1453)
[837] return
[838] return 1390
[840] call add(1454)
[841] call remove
[842] call remove
[843] call remove
[844] call remove
[845] call remove
[839] return
[840] return
[841] return 1391
[842] return 1392
[843] return 1393
[846] call add(1455)
[844] return 1394
[845] return 1395
[847] call remove
[848] call remove
[849] call remove
[850] call remove
[851] call remove
[852] call remove
[846] return
[847] return 1396
[848] return 1397
[849] return 1398
[850] return 1399
[853] call add(1456)
[851] return 1400
[852] return 1401
[854] call add(1457)
[855] call remove
[856] call add(1458)
[857] call add(1459)
[858] call remove
[859] call add(1460)
[853] return
[854] return
[855] return 1402
[856] return
[857] return
[860] call remove
[858] return 1403
[859] return
[861] call add(1461)
[862] call add(1462)
[863] call add(1463)
[864] call remove
[865] call remove
[866] call remove
[860] return 1404
[861] return
[862] return
[863] return
[864] return 1405
[867] call add(1464)
[865] return 1406
[866] return 1407
[868] call add(1465)
[869] call add(1466)
[870] call add(1467)
[871] call add(1468)
[872] call remove
[873] call add(1469)
[867] return
[868] return
[869] return
[870] return
[871] return
[874] call remove
[872] return 1408
[873] return
[875] call add(1470)
[876] call add(1471)
[877] call remove
[878] call add(1472)
[879] call remove
[880] call add(1473)
[874] return 1409
[875] return
[876] return
[877] return 1410
[878] return
[881] call add(1474)
[879] return 1411
[880] return
[882] call remove
[883] call add(1475)
[884] call add(1476)
[885] call remove
[886] call remove
[887] call remove
[881] return
[882] return 1412
[883] return
[884] return
[885] return 1413
[888] call remove
[886] return 1414
[887] return 1415
[889] call add(1477)
[890] call remove
[891] call add(1478)
[892] call remove
[893] call add(1479)
[894] call add(1480)
[888] return 1416
[889] return
[890] return 1417
[891] return
[892] return 1418
[895] call remove
[893] return
[894] return
[896] call remove
[897] call add(1481)
[898] call remove
[899] call add(1482)
[900] call add(1483)
[901] call remove
[895] return 1419
[896] return 1420
[897] return
[898] return 1421
[899] return
[902] call remove
[900] return
[901] return 1422
[903] call add(1484)
[904] call remove
[905] call add(1485)
[906] call remove
[907] call remove
[908] call add(1486)
[902] return 1423
[903] return
[904] return 1424
[905] return
[906] return 1425
[909] call remove
[907] return 1426
[908] return
[910] call remove
[911] call add(1487)
[912] call remove
[913] call add(1488)
[914] call add(1489)
[915] call add(1490)
[909] return 1427
[910] return 1428
[911] return
[912] return 1429
[916] call add(1491)
[917] call remove
[914] return
[915] return
[913] return
[918] call remove
[919] call remove
[920] call add(1492)
[921] call remove
[922] call remove
[916] return
[917] return 1430
[918] return 1431
[919] return 1432
[923] call add(1493)
[924] call remove
[920] return
[921] return 1433
[922] return 1434
[925] call add(1494)
[926] call add(1495)
[927] call remove
[928] call remove
[929] call add(1496)
[923] return
[924] return 1435
[925] return
[926] return
[930] call remove
[931] call add(1497)
[927] return 1436
[928] return 1437
[929] return
[932] call remove
[933] call add(1498)
[934] call add(1499)
[935] call remove
[936] call add(1500)
[930] return 1438
[931] return
[932] return 1439
[933] return
[937] call add(1501)
[938] call add(1502)
[934] return
[935] return 1440
[936] return
[939] call add(1503)
[940] call add(1504)
[941] call add(1505)
[942] call remove
[943] call add(1506)
[937] return
[938] return
[939] return
[943] return
[944] call remove
[945] call remove
[941] return
[942] return 1441
[940] return
[946] call remove
[947] call add(1507)
[948] call add(1508)
[949] call remove
[950] call remove
[944] return 1442
[945] return 1443
[951] call remove
[947] return
[946] return 1444
[948] return
[952] call add(1509)
[949] return 1445
[950] return 1446
[953] call remove
[954] call remove
[955] call remove
[956] call remove
[957] call remove
[951] return 1447
[952] return
[958] call remove
[953] return 1448
[954] return 1449
[955] return 1450
[959] call remove
[956] return 1451
[957] return 1452
[960] call remove
[961] call add(1510)
[962] call add(1511)
[963] call add(1512)
[964] call remove
[958] return 1453
[959] return 1454
[965] call remove
[960] return 1455
[961] return
[962] return
[966] call remove
[963] return
[964] return 1456
[967] call remove
[968] call remove
[969] call add(1513)
[970] call add(1514)
[971] call add(1515)
[965] return 1457
[966] return 1458
[972] call remove
[967] return 1459
[968] return 1460
[969] return
[973] call add(1516)
[970] return
[971] return
[974] call remove
[975] call add(1517)
[976] call remove
[977] call remove
[978] call add(1518)
[972] return 1461
[973] return
[979] call remove
[974] return 1462
[975] return
[976] return 1463
[980] call add(1519)
[977] return 1464
[978] return
[981] call add(1520)
[982] call add(1521)
[983] call add(1522)
[984] call remove
[985] call add(1523)
[979] return 1465
[980] return
[986] call add(1524)
[981] return
[982] return
[983] return
[987] call remove
[984] return 1466
[985] return
[988] call remove
[989] call add(1525)
[990] call remove
[991] call remove
[992] call add(1526)
[986] return
[987] return 1467
[993] call add(1527)
[988] return 1468
[989] return
[990] return 1469
[994] call add(1528)
[991] return 1470
[992] return
[995] call add(1529)
[996] call remove
[997] call remove
[998] call remove
[999] call add(1530)
[993] return
[994] return
[1000] call add(1531)
[995] return
[996] return 1471
[997] return 1472
[1001] call remove
[998] return 1473
[999] return
[1002] call remove
[1003] call add(1532)
[1004] call remove
[1005] call remove
[1000] return
[1006] call add(1533)
[1002] return 1474
[1001] return 1475
[1007] call add(1534)
[1003] return
[1008] call add(1535)
[1009] call add(1536)
[1004] return 1476
[1005] return 1477
[1006] return
[1010] call add(1537)
[1011] call remove
[1012] call add(1538)
[1007] return
[1013] call remove
[1008] return
[1009] return
[1014] call remove
[1010] return
[1015] call add(1539)
[1016] call remove
[1011] return 1478
[1012] return
[1013] return 1479
[1017] call add(1540)
[1018] call remove
[1019] call remove
[1014] return 1480
[1020] call remove
[1015] return
[1016] return 1481
[1021] call add(1541)
[1017] return
[1022] call remove
[1023] call add(1542)
[1018] return 1482
[1019] return 1483
[1020] return 1484
[1024] call add(1543)
[1025] call add(1544)
[1026] call remove
[1021] return
[1027] call add(1545)
[1022] return 1485
[1023] return
[1028] call add(1546)
[1024] return
[1029] call remove
[1030] call remove
[1025] return
[1026] return 1486
[1027] return
[1031] call add(1547)
[1032] call remove
[1033] call remove
[1028] return
[1034] call remove
[1029] return 1487
[1030] return 1488
[1035] call add(1548)
[1031] return
[1036] call remove
[1037] call add(1549)
[1032] return 1489
[1033] return 1490
[1034] return 1491
[1038] call remove
[1039] call remove
[1040] call add(1550)
[1035] return
[1041] call add(1551)
[1036] return 1492
[1037] return
[1042] call remove
[1038] return 1493
[1043] call add(1552)
[1044] call add(1553)
[1039] return 1494
[1040] return
[1041] return
[1045] call remove
[1046] call remove
[1047] call add(1554)
[1042] return 1495
[1048] call add(1555)
[1043] return
[1044] return
[1049] call remove
[1045] return 1496
[1050] call add(1556)
[1051] call remove
[1046] return 1497
[1047] return
[1048] return
[1052] call add(1557)
[1053] call add(1558)
[1054] call add(1559)
[1049] return 1498
[1055] call remove
[1050] return
[1051] return 1499
[1056] call remove
[1052] return
[1057] call remove
[1058] call add(1560)
[1053] return
[1054] return
[1055] return 1500
[1059] call remove
[1060] call add(1561)
[1061] call remove
[1056] return 1501
[1062] call add(1562)
[1057] return 1502
[1058] return
[1063] call remove
[1064] call remove
[1059] return 1503
[1065] call remove
[1060] return
[1062] return
[1066] call add(1563)
[1061] return 1504
[1067] call add(1564)
[1063] return 1505
[1064] return 1506
[1068] call remove
[1065] return 1507
[1069] call remove
[1070] call add(1565)
[1071] call add(1566)
[1066] return
[1072] call remove
[1067] return
[1068] return 1508
[1073] call remove
[1069] return 1509
[1074] call remove
[1070] return
[1071] return
[1075] call add(1567)
[1072] return 1510
[1076] call add(1568)
[1077] call add(1569)
[1078] call add(1570)
[1073] return 1511
[1079] call remove
[1074] return 1512
[1075] return
[1080] call remove
[1076] return
[1081] call remove
[1077] return
[1078] return
[1082] call add(1571)
[1079] return 1513
[1083] call remove
[1084] call add(1572)
[1085] call add(1573)
[1080] return 1514
[1086] call remove
[1081] return 1515
[1082] return
[1087] call remove
[1083] return 1516
[1088] call remove
[1084] return
[1085] return
[1089] call add(1574)
[1086] return 1517
[1090] call add(1575)
[1091] call add(1576)
[1092] call remove
[1087] return 1518
[1093] call add(1577)
[1088] return 1519
[1089] return
[1094] call add(1578)
[1090] return
[1095] call remove
[1091] return
[1092] return 1520
[1096] call add(1579)
[1093] return
[1097] call remove
[1098] call remove
[1099] call add(1580)
[1094] return
[1100] call add(1581)
[1095] return 1521
[1096] return
[1101] call add(1582)
[1097] return 1522
[1102] call add(1583)
[1098] return 1523
[1099] return
[1103] call remove
[1100] return
[1104] call remove
[1105] call remove
[1106] call remove
[1101] return
[1107] call remove
[1102] return
[1103] return 1524
[1108] call add(1584)
[1104] return 1525
[1109] call add(1585)
[1105] return 1526
[1106] return 1527
[1110] call add(1586)
[1107] return 1528
[1111] call add(1587)
[1112] call remove
[1113] call remove
[1108] return
[1114] call remove
[1109] return
[1110] return
[1115] call add(1588)
[1111] return
[1116] call add(1589)
[1112] return 1529
[1113] return 1530
[1117] call add(1590)
[1114] return 1531
[1118] call remove
[1119] call add(1591)
[1120] call remove
[1115] return
[1121] call add(1592)
[1116] return
[1117] return
[1122] call add(1593)
[1118] return 1532
[1123] call add(1594)
[1119] return
[1120] return 1533
[1124] call remove
[1121] return
[1125] call add(1595)
[1126] call remove
[1127] call remove
[1122] return
[1128] call add(1596)
[1123] return
[1124] return 1534
[1129] call remove
[1125] return
[1130] call add(1597)
[1126] return 1535
[1127] return 1536
[1131] call remove
[1128] return
[1132] call remove
[1133] call remove
[1134] call add(1598)
[1129] return 1537
[1135] call remove
[1130] return
[1131] return 1538
[1136] call remove
[1132] return 1539
[1137] call add(1599)
[1133] return 1540
[1134] return
[1138] call add(1600)
[1135] return 1541
[1139] call remove
[1140] call remove
[1141] call remove
[1136] return 1542
[1142] call remove
[1137] return
[1138] return
[1143] call remove
[1139] return 1543
[1144] call remove
[1140] return 1544
[1141] return 1545
[1145] call add(1601)
[1142] return 1546
[1146] call remove
[1147] call add(1602)
[1148] call add(1603)
[1143] return 1547
[1149] call add(1604)
[1144] return 1548
[1145] return
[1150] call remove
[1146] return 1549
[1151] call add(1605)
[1147] return
[1148] return
[1152] call add(1606)
[1149] return
[1153] call add(1607)
[1154] call add(1608)
[1155] call add(1609)
[1150] return 1550
[1156] call remove
[1151] return
[1152] return
[1157] call remove
[1153] return
[1158] call add(1610)
[1154] return
[1155] return
[1159] call add(1611)
[1156] return 1551
[1160] call remove
[1161] call add(1612)
[1158] return
[1157] return 1552
[1162] call add(1613)
[1163] call add(1614)
[1164] call remove
[1159] return
[1165] call add(1615)
[1160] return 1553
[1161] return
[1166] call remove
[1162] return
[1167] call add(1616)
[1163] return
[1168] call remove
[1164] return 1554
[1165] return
[1169] call remove
[1170] call remove
[1171] call add(1617)
[1166] return 1555
[1172] call add(1618)
[1167] return
[1169] return 1557
[1168] return 1556
[1171] return
[1173] call remove
[1174] call remove
[1175] call add(1619)
[1170] return 1558
[1176] call remove
[1177] call add(1620)
[1172] return
[1178] call remove
[1173] return 1559
[1179] call add(1621)
[1174] return 1560
[1175] return
[1176] return 1561
[1177] return
[1180] call remove
[1181] call add(1622)
[1182] call add(1623)
[1178] return 1562
[1183] call add(1624)
[1184] call add(1625)
[1179] return
[1185] call add(1626)
[1180] return 1563
[1186] call remove
[1181] return
[1182] return
[1183] return
[1184] return
[1187] call remove
[1188] call add(1627)
[1189] call add(1628)
[1185] return
[1190] call remove
[1191] call remove
[1186] return 1564
[1192] call add(1629)
[1187] return 1565
[1193] call remove
[1188] return
[1189] return
[1190] return 1566
[1191] return 1567
[1194] call remove
[1195] call add(1630)
[1196] call add(1631)
[1192] return
[1197] call add(1632)
[1198] call remove
[1193] return 1568
[1199] call remove
[1194] return 1569
[1200] call add(1633)
[1195] return
[1196] return
[1197] return
[1198] return 1570
[1201] call add(1634)
[1202] call add(1635)
[1203] call remove
[1199] return 1571
[1204] call add(1636)
[1205] call add(1637)
[1200] return
[1206] call remove
[1201] return
[1207] call add(1638)
[1202] return
[1203] return 1572
[1204] return
[1205] return
[1208] call add(1639)
[1209] call remove
[1210] call add(1640)
[1206] return 1573
[1211] call remove
[1212] call add(1641)
[1207] return
[1213] call add(1642)
[1208] return
[1214] call remove
[1209] return 1574
[1210] return
[1211] return 1575
[1212] return
[1215] call add(1643)
[1216] call add(1644)
[1217] call remove
[1213] return
[1218] call add(1645)
[1219] call remove
[1214] return 1576
[1220] call add(1646)
[1215] return
[1221] call add(1647)
[1216] return
[1217] return 1577
[1218] return
[1219] return 1578
[1222] call add(1648)
[1223] call add(1649)
[1224] call remove
[1220] return
[1225] call add(1650)
[1226] call remove
[1221] return
[1227] call remove
[1222] return
[1228] call remove
[1223] return
[1224] return 1579
[1225] return
[1226] return 1580
[1229] call add(1651)
[1230] call remove
[1231] call remove
[1227] return 1581
[1232] call add(1652)
[1233] call remove
[1228] return 1582
[1234] call add(1653)
[1229] return
[1235] call add(1654)
[1230] return 1583
[1231] return 1584
[1232] return
[1233] return 1585
[1236] call add(1655)
[1237] call remove
[1238] call add(1656)
[1234] return
[1239] call remove
[1240] call remove
[1235] return
[1241] call add(1657)
[1236] return
[1242] call add(1658)
[1237] return 1586
[1238] return
[1239] return 1587
[1240] return 1588
[1243] call remove
[1244] call remove
[1245] call remove
[1241] return
[1246] call add(1659)
[1247] call add(1660)
[1242] return
[1248] call remove
[1243] return 1589
[1249] call remove
[1244] return 1590
[1245] return 1591
[1246] return
[1247] return
[1250] call add(1661)
[1251] call remove
[1252] call remove
[1248] return 1592
[1253] call add(1662)
[1254] call remove
[1249] return 1593
[1255] call add(1663)
[1250] return
[1256] call remove
[1251] return 1594
[1252] return 1595
[1253] return
[1254] return 1596
[1257] call remove
[1258] call add(1664)
[1259] call add(1665)
[1255] return
[1260] call remove
[1261] call remove
[1256] return 1597
[1262] call add(1666)
[1257] return 1598
[1263] call remove
[1258] return
[1259] return
[1260] return 1599
[1261] return 1600
[1264] call add(1667)
[1265] call add(1668)
[1266] call add(1669)
[1262] return
[1267] call remove
[1268] call add(1670)
[1263] return 1601
[1269] call add(1671)
[1264] return
[1270] call remove
[1265] return
[1266] return
[1267] return 1602
[1268] return
[1271] call remove
[1272] call add(1672)
[1273] call remove
[1269] return
[1274] call add(1673)
[1275] call remove
[1270] return 1603
[1276] call add(1674)
[1271] return 1604
[1277] call remove
[1272] return
[1273] return 1605
[1274] return
[1275] return 1606
[1278] call remove
[1279] call remove
[1280] call add(1675)
[1276] return
[1281] call add(1676)
[1282] call add(1677)
[1277] return 1607
[1278] return 1608
[1283] call add(1678)
[1284] call add(1679)
[1285] call add(1680)
[1280] return
[1281] return
[1282] return
[1279] return 1609
[1286] call remove
[1283] return
[1287] call add(1681)
[1288] call add(1682)
[1289] call add(1683)
[1284] return
[1285] return
[1290] call add(1684)
[1291] call add(1685)
[1292] call remove
[1286] return 1610
[1287] return
[1288] return
[1289] return
[1293] call remove
[1290] return
[1294] call add(1686)
[1295] call remove
[1296] call add(1687)
[1291] return
[1292] return 1611
[1297] call remove
[1298] call remove
[1299] call add(1688)
[1293] return 1612
[1294] return
[1295] return 1613
[1296] return
[1300] call add(1689)
[1297] return 1614
[1301] call remove
[1302] call remove
[1303] call remove
[1298] return 1615
[1299] return
[1304] call add(1690)
[1305] call remove
[1306] call add(1691)
[1300] return
[1301] return 1616
[1302] return 1617
[1303] return 1618
[1307] call add(1692)
[1304] return
[1308] call remove
[1309] call remove
[1310] call remove
[1305] return 1619
[1306] return
[1311] call add(1693)
[1312] call remove
[1313] call add(1694)
[1307] return
[1308] return 1620
[1309] return 1621
[1310] return 1622
[1314] call remove
[1311] return
[1315] call add(1695)
[1316] call remove
[1317] call remove
[1312] return 1623
[1313] return
[1318] call remove
[1319] call add(1696)
[1320] call add(1697)
[1314] return 1624
[1315] return
[1316] return 1625
[1317] return 1626
[1321] call add(1698)
[1318] return 1627
[1322] call remove
[1323] call remove
[1324] call add(1699)
[1319] return
[1320] return
[1325] call add(1700)
[1326] call add(1701)
[1327] call add(1702)
[1321] return
[1322] return 1628
[1323] return 1629
[1324] return
[1328] call remove
[1325] return
[1329] call remove
[1330] call add(1703)
[1331] call remove
[1326] return
[1327] return
[1332] call remove
[1333] call remove
[1334] call add(1704)
[1328] return 1630
[1329] return 1631
[1330] return
[1331] return 1632
[1335] call remove
[1332] return 1633
[1336] call remove
[1337] call remove
[1338] call remove
[1333] return 1634
[1334] return
[1339] call remove
[1340] call add(1705)
[1341] call add(1706)
[1335] return 1635
[1336] return 1636
[1337] return 1637
[1338] return 1638
[1342] call remove
[1339] return 1639
[1343] call remove
[1344] call add(1707)
[1345] call add(1708)
[1340] return
[1341] return
[1346] call add(1709)
[1347] call add(1710)
[1348] call add(1711)
[1342] return 1640
[1343] return 1641
[1344] return
[1345] return
[1349] call remove
[1346] return
[1350] call add(1712)
[1351] call remove
[1352] call add(1713)
[1347] return
[1348] return
[1353] call add(1714)
[1354] call add(1715)
[1355] call remove
[1349] return 1642
[1350] return
[1351] return 1643
[1352] return
[1356] call add(1716)
[1353] return
[1357] call add(1717)
[1358] call remove
[1359] call add(1718)
[1354] return
[1355] return 1644
[1360] call add(1719)
[1361] call remove
[1362] call remove
[1356] return
[1357] return
[1358] return 1645
[1359] return
[1363] call remove
[1360] return
[1364] call remove
[1365] call remove
[1366] call remove
[1361] return 1646
[1362] return 1647
[1367] call remove
[1368] call add(1720)
[1369] call remove
[1363] return 1648
[1364] return 1649
[1365] return 1650
[1366] return 1651
[1370] call remove
[1367] return 1652
[1371] call add(1721)
[1372] call remove
[1373] call add(1722)
[1368] return
[1369] return 1653
[1374] call remove
[1375] call add(1723)
[1376] call remove
[1370] return 1654
[1371] return
[1372] return 1655
[1373] return
[1377] call remove
[1374] return 1656
[1378] call add(1724)
[1379] call add(1725)
[1380] call add(1726)
[1375] return
[1376] return 1657
[1381] call remove
[1382] call add(1727)
[1383] call remove
[1377] return 1658
[1378] return
[1379] return
[1380] return
[1384] call remove
[1381] return 1659
[1385] call remove
[1386] call remove
[1387] call add(1728)
[1382] return
[1383] return 1660
[1388] call add(1729)
[1389] call add(1730)
[1390] call remove
[1384] return 1661
[1385] return 1662
[1386] return 1663
[1387] return
[1391] call remove
[1388] return
[1392] call remove
[1393] call remove
[1394] call add(1731)
[1389] return
[1390] return 1664
[1395] call add(1732)
[1391] return 1665
[1392] return 1666
[1396] call add(1733)
[1397] call add(1734)
[1398] call add(1735)
[1399] call add(1736)
[1393] return 1667
[1394] return
[1395] return
[1400] call add(1737)
[1396] return
[1401] call remove
[1397] return
[1398] return
[1399] return
[1402] call add(1738)
[1403] call remove
[1404] call add(1739)
[1405] call remove
[1406] call add(1740)
[1400] return
[1401] return 1668
[1402] return
[1407] call add(1741)
[1403] return 1669
[1408] call remove
[1404] return
[1405] return 1670
[1406] return
[1409] call remove
[1410] call add(1742)
[1411] call add(1743)
[1412] call add(1744)
[1413] call remove
[1407] return
[1408] return 1671
[1409] return 1672
[1414] call add(1745)
[1410] return
[1415] call remove
[1411] return
[1412] return
[1413] return 1673
[1416] call add(1746)
[1417] call add(1747)
[1418] call add(1748)
[1419] call add(1749)
[1420] call remove
[1414] return
[1415] return 1674
[1416] return
[1421] call remove
[1417] return
[1422] call remove
[1418] return
[1419] return
[1420] return 1675
[1423] call remove
[1424] call add(1750)
[1425] call remove
[1426] call remove
[1427] call add(1751)
[1421] return 1676
[1422] return 1677
[1423] return 1678
[1428] call add(1752)
[1424] return
[1429] call add(1753)
[1425] return 1679
[1426] return 1680
[1427] return
[1430] call remove
[1431] call remove
[1432] call add(1754)
[1433] call remove
[1434] call remove
[1428] return
[1429] return
[1430] return 1681
[1435] call remove
[1431] return 1682
[1436] call remove
[1432] return
[1433] return 1683
[1434] return 1684
[1437] call remove
[1438] call add(1755)
[1439] call remove
[1440] call remove
[1441] call remove
[1435] return 1685
[1436] return 1686
[1437] return 1687
[1442] call add(1756)
[1438] return
[1443] call remove
[1439] return 1688
[1440] return 1689
[1441] return 1690
[1444] call add(1757)
[1445] call add(1758)
[1446] call add(1759)
[1447] call remove
[1448] call remove
[1442] return
[1443] return 1691
[1444] return
[1449] call remove
[1445] return
[1450] call add(1760)
[1446] return
[1447] return 1692
[1448] return 1693
[1451] call add(1761)
[1452] call remove
[1453] call remove
[1454] call remove
[1455] call add(1762)
[1449] return 1694
[1450] return
[1451] return
[1456] call remove
[1452] return 1695
[1457] call remove
[1453] return 1696
[1454] return 1697
[1455] return
[1458] call remove
[1459] call remove
[1460] call remove
[1461] call add(1763)
[1462] call add(1764)
[1456] return 1698
[1457] return 1699
[1458] return 1700
[1463] call add(1765)
[1459] return 1701
[1464] call add(1766)
[1460] return 1702
[1461] return
[1462] return
[1465] call add(1767)
[1466] call remove
[1467] call add(1768)
[1468] call remove
[1469] call add(1769)
[1463] return
[1464] return
[1465] return
[1470] call remove
[1466] return 1703
[1471] call add(1770)
[1467] return
[1468] return 1704
[1469] return
[1472] call remove
[1473] call add(1771)
[1474] call add(1772)
[1475] call remove
[1476] call add(1773)
[1470] return 1705
[1471] return
[1472] return 1706
[1477] call remove
[1473] return
[1478] call remove
[1474] return
[1475] return 1707
[1476] return
[1479] call remove
[1480] call remove
[1481] call remove
[1482] call add(1774)
[1483] call add(1775)
[1477] return 1708
[1478] return 1709
[1479] return 1710
[1484] call remove
[1480] return 1711
[1485] call add(1776)
[1481] return 1712
[1482] return
[1483] return
[1486] call remove
[1487] call add(1777)
[1488] call remove
[1489] call add(1778)
[1490] call remove
[1484] return 1713
[1485] return
[1486] return 1714
[1491] call add(1779)
[1487] return
[1492] call remove
[1488] return 1715
[1489] return
[1490] return 1716
[1493] call remove
[1494] call add(1780)
[1495] call add(1781)
[1496] call add(1782)
[1497] call add(1783)
[1491] return
[1492] return 1717
[1493] return 1718
[1498] call add(1784)
[1494] return
[1499] call add(1785)
[1495] return
[1496] return
[1497] return
[1500] call add(1786)
[1501] call remove
[1502] call add(1787)
[1503] call remove
[1504] call add(1788)
[1498] return
[1499] return
[1500] return
[1505] call remove
[1501] return 1719
[1506] call add(1789)
[1502] return
[1503] return 1720
[1504] return
[1507] call add(1790)
[1508] call add(1791)
[1509] call add(1792)
[1510] call add(1793)
[1511] call remove
[1505] return 1721
[1506] return
[1507] return
[1512] call remove
[1508] return
[1513] call add(1794)
[1509] return
[1510] return
[1511] return 1722
[1514] call add(1795)
[1515] call add(1796)
[1516] call add(1797)
[1517] call remove
[1518] call add(1798)
[1512] return 1723
[1513] return
[1514] return
[1519] call remove
[1515] return
[1520] call add(1799)
[1516] return
[1517] return 1724
[1518] return
[1521] call remove
[1522] call add(1800)
[1523] call add(1801)
[1524] call add(1802)
[1525] call add(1803)
[1519] return 1725
[1520] return
[1521] return 1726
[1526] call add(1804)
[1522] return
[1527] call remove
[1523] return
[1524] return
[1525] return
[1528] call add(1805)
[1529] call add(1806)
[1530] call remove
[1531] call remove
[1532] call remove
[1526] return
[1527] return 1727
[1528] return
[1533] call remove
[1529] return
[1534] call remove
[1530] return 1728
[1531] return 1729
[1532] return 1730
[1535] call add(1807)
[1536] call remove
[1537] call add(1808)
[1538] call remove
[1539] call remove
[1533] return 1731
[1534] return 1732
[1535] return
[1540] call add(1809)
[1536] return 1733
[1541] call remove
[1537] return
[1538] return 1734
[1539] return 1735
[1542] call add(1810)
[1543] call add(1811)
[1544] call remove
[1545] call add(1812)
[1546] call remove
[1540] return
[1541] return 1736
[1542] return
[1547] call add(1813)
[1543] return
[1548] call remove
[1544] return 1737
[1545] return
[1546] return 1738
[1549] call remove
[1550] call remove
[1551] call add(1814)
[1552] call remove
[1553] call remove
[1547] return
[1549] return 1740
[1548] return 1739
[1554] call add(1815)
[1555] call add(1816)
[1556] call add(1817)
[1551] return
[1552] return 1741
[1553] return 1742
[1550] return 1743
[1557] call remove
[1558] call add(1818)
[1559] call add(1819)
[1560] call remove
[1554] return
[1555] return
[1556] return
[1561] call add(1820)
[1562] call add(1821)
[1563] call add(1822)
[1557] return 1744
[1558] return
[1559] return
[1560] return 1745
[1564] call add(1823)
[1565] call remove
[1566] call add(1824)
[1567] call add(1825)
[1561] return
[1562] return
[1563] return
[1568] call remove
[1569] call remove
[1570] call add(1826)
[1564] return
[1565] return 1746
[1566] return
[1567] return
[1571] call remove
[1572] call remove
[1573] call remove
[1574] call remove
[1568] return 1747
[1569] return 1748
[1570] return
[1575] call remove
[1576] call remove
[1577] call add(1827)
[1571] return 1749
[1572] return 1750
[1573] return 1751
[1574] return 1752
[1578] call remove
[1579] call add(1828)
[1580] call add(1829)
[1581] call add(1830)
[1575] return 1753
[1576] return 1754
[1577] return
[1582] call add(1831)
[1583] call remove
[1584] call remove
[1578] return 1755
[1579] return
[1580] return
[1581] return
[1585] call remove
[1586] call add(1832)
[1587] call add(1833)
[1588] call remove
[1582] return
[1583] return 1756
[1584] return 1757
[1589] call remove
[1590] call remove
[1591] call remove
[1585] return 1758
[1586] return
[1587] return
[1588] return 1759
[1592] call add(1834)
[1593] call remove
[1594] call remove
[1595] call remove
[1589] return 1760
[1590] return 1761
[1591] return 1762
[1596] call remove
[1597] call add(1835)
[1598] call add(1836)
[1592] return
[1593] return 1763
[1594] return 1764
[1595] return 1765
[1599] call remove
[1600] call add(1837)
[1601] call add(1838)
[1602] call remove
[1596] return 1766
[1597] return
[1598] return
[1603] call remove
[1604] call remove
[1605] call remove
[1599] return 1767
[1600] return
[1601] return
[1602] return 1768
[1606] call add(1839)
[1607] call remove
[1608] call remove
[1609] call remove
[1603] return 1769
[1604] return 1770
[1605] return 1771
[1610] call add(1840)
[1611] call add(1841)
[1612] call add(1842)
[1606] return
[1607] return 1772
[1608] return 1773
[1609] return 1774
[1613] call remove
[1614] call add(1843)
[1615] call remove
[1616] call add(1844)
[1610] return
[1611] return
[1612] return
[1614] return
[1613] return 1775
[1615] return 1776
[1617] call remove
[1618] call remove
[1619] call remove
[1616] return
[1620] call add(1845)
[1621] call add(1846)
[1622] call remove
[1623] call add(1847)
[1617] return 1777
[1618] return 1778
[1619] return 1779
[1620] return
[1621] return
[1622] return 1780
[1624] call add(1848)
[1625] call remove
[1626] call add(1849)
[1623] return
[1627] call add(1850)
[1628] call remove
[1629] call remove
[1630] call add(1851)
[1624] return
[1625] return 1781
[1626] return
[1627] return
[1628] return 1782
[1629] return 1783
[1631] call remove
[1632] call remove
[1633] call add(1852)
[1630] return
[1634] call add(1853)
[1635] call remove
[1636] call remove
[1637] call add(1854)
[1631] return 1784
[1632] return 1785
[1633] return
[1634] return
[1635] return 1786
[1636] return 1787
[1638] call remove
[1639] call remove
[1640] call add(1855)
[1637] return
[1641] call add(1856)
[1642] call remove
[1643] call add(1857)
[1644] call remove
[1638] return 1788
[1639] return 1789
[1640] return
[1641] return
[1642] return 1790
[1643] return
[1645] call add(1858)
[1646] call remove
[1647] call add(1859)
[1644] return 1791
[1648] call add(1860)
[1649] call add(1861)
[1650] call remove
[1651] call add(1862)
[1645] return
[1646] return 1792
[1647] return
[1648] return
[1649] return
[1650] return 1793
[1652] call add(1863)
[1653] call add(1864)
[1654] call add(1865)
[1651] return
[1655] call add(1866)
[1656] call remove
[1657] call add(1867)
[1658] call add(1868)
[1652] return
[1653] return
[1654] return
[1655] return
[1656] return 1794
[1657] return
[1659] call remove
[1660] call remove
[1661] call remove
[1658] return
[1662] call remove
[1663] call remove
[1664] call add(1869)
[1665] call remove
[1659] return 1795
[1660] return 1796
[1661] return 1797
[1662] return 1798
[1663] return 1799
[1664] return
[1666] call remove
[1667] call remove
[1668] call remove
[1665] return 1800
[1669] call add(1870)
[1670] call remove
[1671] call add(1871)
[1672] call add(1872)
[1666] return 1801
[1667] return 1802
[1668] return 1803
[1669] return
[1670] return 1804
[1671] return
[1673] call remove
[1674] call add(1873)
[1675] call remove
[1672] return
[1676] call add(1874)
[1677] call remove
[1678] call add(1875)
[1679] call remove
[1673] return 1805
[1674] return
[1675] return 1806
[1676] return
[1677] return 1807
[1678] return
[1680] call add(1876)
[1681] call remove
[1682] call remove
[1679] return 1808
[1683] call remove
[1684] call remove
[1685] call remove
[1686] call remove
[1680] return
[1681] return 1809
[1682] return 1810
[1683] return 1811
[1684] return 1812
[1685] return 1813
[1687] call remove
[1688] call add(1877)
[1689] call remove
[1686] return 1814
[1690] call add(1878)
[1691] call remove
[1692] call add(1879)
[1693] call remove
[1687] return 1815
[1688] return
[1689] return 1816
[1690] return
[1691] return 1817
[1692] return
[1694] call remove
[1695] call add(1880)
[1696] call add(1881)
[1693] return 1818
[1697] call remove
[1698] call remove
[1699] call remove
[1700] call add(1882)
[1694] return 1819
[1695] return
[1696] return
[1697] return 1820
[1698] return 1821
[1699] return 1822
[1701] call remove
[1702] call remove
[1703] call remove
[1700] return
[1704] call add(1883)
[1705] call remove
[1706] call add(1884)
[1707] call add(1885)
[1701] return 1823
[1702] return 1824
[1703] return 1825
[1704] return
[1705] return 1826
[1706] return
[1708] call remove
[1709] call add(1886)
[1710] call remove
[1707] return
[1711] call remove
[1712] call add(1887)
[1713] call add(1888)
[1714] call remove
[1710] return 1827
[1708] return 1828
[1709] return
[1715] call add(1889)
[1711] return 1829
[1712] return
[1716] call add(1890)
[1717] call add(1891)
[1713] return
[1714] return 1830
[1718] call remove
[1719] call remove
[1720] call add(1892)
[1721] call remove
[1715] return
[1716] return
[1717] return
[1722] call remove
[1718] return 1831
[1719] return 1832
[1723] call remove
[1724] call add(1893)
[1720] return
[1721] return 1833
[1725] call add(1894)
[1726] call remove
[1727] call add(1895)
[1728] call remove
[1722] return 1834
[1723] return 1835
[1724] return
[1729] call add(1896)
[1725] return
[1726] return 1836
[1730] call remove
[1731] call add(1897)
[1727] return
[1728] return 1837
[1732] call add(1898)
[1733] call add(1899)
[1734] call add(1900)
[1735] call remove
[1729] return
[1730] return 1838
[1731] return
[1736] call remove
[1732] return
[1733] return
[1737] call remove
[1738] call remove
[1734] return
[1735] return 1839
[1739] call add(1901)
[1740] call add(1902)
[1741] call add(1903)
[1742] call add(1904)
[1736] return 1840
[1737] return 1841
[1738] return 1842
[1743] call remove
[1739] return
[1740] return
[1744] call remove
[1745] call add(1905)
[1741] return
[1742] return
[1746] call add(1906)
[1747] call add(1907)
[1748] call add(1908)
[1749] call add(1909)
[1743] return 1843
[1744] return 1844
[1745] return
[1750] call add(1910)
[1746] return
[1747] return
[1751] call remove
[1752] call add(1911)
[1748] return
[1749] return
[1753] call add(1912)
[1754] call remove
[1755] call add(1913)
[1756] call remove
[1750] return
[1751] return 1845
[1752] return
[1757] call add(1914)
[1753] return
[1754] return 1846
[1758] call add(1915)
[1759] call add(1916)
[1755] return
[1756] return 1847
[1760] call add(1917)
[1761] call add(1918)
[1762] call add(1919)
[1763] call remove
[1757] return
[1758] return
[1759] return
[1764] call remove
[1760] return
[1761] return
[1765] call add(1920)
[1766] call remove
[1762] return
[1763] return 1848
[1767] call remove
[1768] call add(1921)
[1769] call add(1922)
[1770] call remove
[1764] return 1849
[1765] return
[1766] return 1850
[1771] call add(1923)
[1767] return 1851
[1768] return
[1772] call add(1924)
[1773] call remove
[1769] return
[1770] return 1852
[1774] call remove
[1775] call add(1925)
[1776] call add(1926)
[1777] call remove
[1771] return
[1772] return
[1773] return 1853
[1778] call remove
[1774] return 1854
[1775] return
[1779] call add(1927)
[1780] call remove
[1776] return
[1777] return 1855
[1781] call remove
[1782] call add(1928)
[1783] call remove
[1784] call remove
[1778] return 1856
[1779] return
[1780] return 1857
[1785] call add(1929)
[1781] return 1858
[1782] return
[1786] call add(1930)
[1787] call remove
[1783] return 1859
[1784] return 1860
[1788] call add(1931)
[1789] call remove
[1790] call remove
[1791] call add(1932)
[1785] return
[1786] return
[1787] return 1861
[1792] call remove
[1788] return
[1789] return 1862
[1793] call add(1933)
[1794] call add(1934)
[1790] return 1863
[1791] return
[1795] call remove
[1796] call remove
[1797] call add(1935)
[1798] call remove
[1792] return 1864
[1793] return
[1794] return
[1799] call remove
[1795] return 1865
[1796] return 1866
[1800] call remove
[1801] call remove
[1797] return
[1798] return 1867
[1802] call add(1936)
[1803] call remove
[1804] call remove
[1805] call add(1937)
[1799] return 1868
[1800] return 1869
[1801] return 1870
[1806] call remove
[1802] return
[1803] return 1871
[1807] call remove
[1808] call add(1938)
[1804] return 1872
[1805] return
[1809] call remove
[1810] call add(1939)
[1811] call add(1940)
[1812] call add(1941)
[1806] return 1873
[1807] return 1874
[1808] return
[1813] call add(1942)
[1809] return 1875
[1810] return
[1814] call add(1943)
[1815] call add(1944)
[1811] return
[1812] return
[1816] call add(1945)
[1817] call add(1946)
[1818] call remove
[1819] call add(1947)
[1814] return
[1815] return
[1813] return
[1818] return 1876
[1816] return
[1817] return
[1820] call add(1948)
[1821] call add(1949)
[1822] call add(1950)
[1819] return
[1823] call remove
[1824] call remove
[1825] call add(1951)
[1826] call remove
[1820] return
[1821] return
[1822] return
[1823] return 1877
[1824] return 1878
[1825] return
[1827] call remove
[1828] call add(1952)
[1829] call add(1953)
[1826] return 1879
[1830] call add(1954)
[1831] call remove
[1832] call remove
[1833] call remove
[1827] return 1880
[1828] return
[1829] return
[1830] return
[1831] return 1881
[1832] return 1882
[1834] call remove
[1835] call add(1955)
[1836] call add(1956)
[1833] return 1883
[1837] call add(1957)
[1838] call remove
[1839] call add(1958)
[1835] return
[1834] return 1884
[1840] call remove
[1836] return
[1841] call add(1959)
[1842] call remove
[1839] return
[1843] call add(1960)
[1838] return 1885
[1837] return
[1840] return 1886
[1844] call remove
[1841] return
[1845] call remove
[1846] call add(1961)
[1842] return 1887
[1847] call add(1962)
[1843] return
[1848] call add(1963)
[1849] call add(1964)
[1844] return 1888
[1850] call add(1965)
[1845] return 1889
[1846] return
[1847] return
[1851] call add(1966)
[1848] return
[1852] call add(1967)
[1853] call add(1968)
[1849] return
[1854] call remove
[1850] return
[1855] call remove
[1856] call remove
[1851] return
[1857] call add(1969)
[1852] return
[1853] return
[1854] return 1890
[1858] call remove
[1855] return 1891
[1859] call add(1970)
[1860] call remove
[1856] return 1892
[1861] call remove
[1857] return
[1862] call add(1971)
[1863] call add(1972)
[1858] return 1893
[1864] call add(1973)
[1859] return
[1860] return 1894
[1861] return 1895
[1865] call remove
[1862] return
[1866] call add(1974)
[1867] call remove
[1863] return
[1868] call remove
[1864] return
[1869] call remove
[1870] call remove
[1865] return 1896
[1871] call add(1975)
[1866] return
[1869] return 1899
[1868] return 1898
[1870] return 1900
[1867] return 1897
[1871] return
[1872] call add(1976)
[1873] call add(1977)
[1874] call add(1978)
[1875] call add(1979)
[1876] call add(1980)
[1877] call remove
[1878] call add(1981)
[1872] return
[1879] call add(1982)
[1873] return
[1875] return
[1877] return 1901
[1878] return
[1876] return
[1874] return
[1880] call remove
[1879] return
[1881] call remove
[1882] call add(1983)
[1883] call add(1984)
[1884] call add(1985)
[1885] call remove
[1886] call remove
[1880] return 1902
[1881] return 1903
[1882] return
[1883] return
[1884] return
[1885] return 1904
[1887] call add(1986)
[1886] return 1905
[1888] call add(1987)
[1889] call remove
[1890] call add(1988)
[1891] call remove
[1892] call remove
[1893] call remove
[1887] return
[1888] return
[1889] return 1906
[1890] return
[1891] return 1907
[1892] return 1908
[1894] call add(1989)
[1893] return 1909
[1895] call remove
[1896] call remove
[1897] call add(1990)
[1898] call add(1991)
[1899] call add(1992)
[1900] call add(1993)
[1894] return
[1895] return 1910
[1896] return 1911
[1897] return
[1898] return
[1899] return
[1901] call add(1994)
[1900] return
[1902] call remove
[1903] call add(1995)
[1904] call remove
[1905] call remove
[1906] call remove
[1907] call add(1996)
[1901] return
[1902] return 1912
[1903] return
[1904] return 1913
[1905] return 1914
[1906] return 1915
[1908] call remove
[1907] return
[1909] call remove
[1910] call remove
[1911] call add(1997)
[1912] call remove
[1913] call remove
[1914] call add(1998)
[1908] return 1916
[1909] return 1917
[1910] return 1918
[1911] return
[1912] return 1919
[1913] return 1920
[1915] call remove
[1914] return
[1916] call add(1999)
[1917] call add(2000)
[1918] call remove
[1919] call remove
[1920] call add(2001)
[1921] call add(2002)
[1915] return 1921
[1916] return
[1917] return
[1918] return 1922
[1919] return 1923
[1920] return
[1922] call add(2003)
[1921] return
[1923] call remove
[1924] call remove
[1925] call remove
[1926] call remove
[1927] call add(2004)
[1928] call add(2005)
[1922] return
[1923] return 1924
[1924] return 1925
[1925] return 1926
[1926] return 1927
[1927] return
[1929] call remove
[1928] return
[1930] call add(2006)
[1931] call add(2007)
[1932] call remove
[1933] call remove
[1934] call add(2008)
[1935] call remove
[1929] return 1928
[1930] return
[1931] return
[1932] return 1929
[1933] return 1930
[1934] return
[1936] call remove
[1935] return 1931
[1937] call add(2009)
[1938] call add(2010)
[1939] call remove
[1940] call add(2011)
[1941] call remove
[1942] call remove
[1936] return 1932
[1937] return
[1938] return
[1939] return 1933
[1940] return
[1941] return 1934
[1943] call remove
[1942] return 1935
[1944] call remove
[1945] call remove
[1946] call remove
[1947] call remove
[1948] call add(2012)
[1949] call add(2013)
[1943] return 1936
[1944] return 1937
[1945] return 1938
[1946] return 1939
[1947] return 1940
[1948] return
[1950] call add(2014)
[1949] return
[1951] call remove
[1952] call remove
[1953] call add(2015)
[1954] call remove
[1955] call remove
[1956] call remove
[1950] return
[1957] call remove
[1951] return 1941
[1952] return 1942
[1953] return
[1954] return 1943
[1955] return 1944
[1956] return 1945
[1958] call remove
[1959] call remove
[1960] call add(2016)
[1961] call add(2017)
[1962] call add(2018)
[1963] call remove
[1957] return 1946
[1964] call remove
[1958] return 1947
[1959] return 1948
[1960] return
[1961] return
[1962] return
[1963] return 1949
[1965] call add(2019)
[1964] return 1950
[1966] call add(2020)
[1967] call add(2021)
[1968] call add(2022)
[1969] call add(2023)
[1970] call remove
[1971] call add(2024)
[1965] return
[1966] return
[1967] return
[1968] return
[1969] return
[1970] return 1951
[1972] call remove
[1971] return
[1973] call add(2025)
[1974] call add(2026)
[1975] call add(2027)
[1976] call remove
[1977] call remove
[1978] call remove
[1972] return 1952
[1973] return
[1974] return
[1975] return
[1976] return 1953
[1977] return 1954
[1979] call remove
[1978] return 1955
[1980] call add(2028)
[1981] call add(2029)
[1982] call add(2030)
[1983] call remove
[1984] call remove
[1985] call add(2031)
[1979] return 1956
[1980] return
[1981] return
[1982] return
[1983] return 1958
[1984] return 1957
[1986] call add(2032)
[1985] return
[1987] call add(2033)
[1988] call add(2034)
[1989] call remove
[1990] call remove
[1991] call remove
[1992] call add(2035)
[1986] return
[1987] return
[1988] return
[1989] return 1959
[1990] return 1960
[1991] return 1961
[1993] call remove
[1992] return
[1994] call add(2036)
[1995] call remove
[1996] call remove
[1997] call add(2037)
[1998] call remove
[1999] call add(2038)
[1993] return 1962
[1994] return
[1995] return 1963
[1996] return 1964
[1997] return
[1998] return 1965
[2000] call remove
[1999] return
[2001] call remove
[2002] call add(2039)
[2003] call add(2040)
[2004] call remove
[2005] call add(2041)
[2006] call add(2042)
[2000] return 1966
[2001] return 1967
[2002] return
[2003] return
[2004] return 1968
[2005] return
[2007] call add(2043)
[2006] return
[2008] call remove
[2009] call remove
[2010] call remove
[2011] call remove
[2012] call add(2044)
[2013] call remove
[2007] return
[2008] return 1969
[2009] return 1970
[2010] return 1971
[2011] return 1972
[2012] return
[2014] call add(2045)
[2013] return 1973
[2015] call remove
[2016] call remove
[2017] call remove
[2018] call add(2046)
[2019] call add(2047)
[2020] call remove
[2014] return
[2015] return 1974
[2016] return 1975
[2017] return 1976
[2018] return
[2019] return
[2021] call add(2048)
[2020] return 1977
[2022] call add(2049)
[2023] call remove
[2024] call add(2050)
[2025] call remove
[2026] call add(2051)
[2027] call remove
[2021] return
[2022] return
[2027] return 1980
[2024] return
[2025] return 1981
[2026] return
[2028] call add(2052)
[2023] return 1979
[2029] call add(2053)
[2030] call add(2054)
[2031] call add(2055)
[2032] call add(2056)
[2033] call remove
[2028] return
[2029] return
[2030] return
[2031] return
[2032] return
[2033] return 1978
