# @object atomic-queue
[1] call add(3989)
[2] call add(3990)
[3] call add(3991)
[1] return
[4] call add(3992)
[5] call add(3993)
[3] return
[6] call add(3994)
[7] call add(3995)
[2] return
[8] call remove
[4] return
[7] return
[9] call remove
[5] return
[10] call add(3996)
[11] call add(3997)
[6] return
[12] call remove
[13] call add(3998)
[8] return 3989
[14] call remove
[10] return
[15] call add(3999)
[16] call add(4000)
[9] return 3990
[12] return 3991
[13] return
[17] call add(4001)
[18] call remove
[16] return
[11] return
[19] call remove
[15] return
[14] return 3992
[20] call remove
[21] call add(4002)
[17] return
[19] return 3995
[22] call add(4003)
[18] return 3993
[23] call add(4004)
[24] call add(4005)
[25] call remove
[26] call remove
[20] return 3994
[21] return
[22] return
[27] call add(4006)
[28] call add(4007)
[23] return
[24] return
[25] return 3996
[29] call add(4008)
[26] return 3997
[27] return
[30] call add(4009)
[31] call add(4010)
[32] call remove
[33] call remove
[28] return
[34] call remove
[29] return
[32] return 3998
[35] call add(4011)
[30] return
[31] return
[36] call remove
[33] return 4000
[37] call add(4012)
[38] call add(4013)
[39] call add(4014)
[34] return 3999
[36] return 4001
[40] call add(4015)
[35] return
[41] call remove
[42] call remove
[43] call add(4016)
[37] return
[38] return
[39] return
[40] return
[44] call remove
[45] call remove
[46] call add(4017)
[41] return 4002
[42] return 4003
[47] call remove
[43] return
[48] call add(4018)
[49] call remove
[50] call add(4019)
[44] return 4004
[45] return 4005
[46] return
[47] return 4006
[51] call remove
[52] call remove
[53] call add(4020)
[48] return
[49] return 4007
[54] call remove
[50] return
[55] call add(4021)
[56] call remove
[57] call add(4022)
[51] return 4008
[52] return 4009
[53] return
[54] return 4010
[58] call remove
[59] call add(4023)
[55] return
[60] call remove
[56] return 4011
[61] call add(4024)
[57] return
[62] call remove
[63] call remove
[64] call add(4025)
[58] return 4012
[59] return
[60] return 4013
[61] return
[65] call remove
[66] call remove
[62] return 4014
[67] call remove
[63] return 4015
[68] call add(4026)
[64] return
[69] call remove
[70] call remove
[71] call remove
[65] return 4016
[66] return 4017
[67] return 4018
[68] return
[72] call remove
[73] call add(4027)
[69] return 4019
[74] call remove
[70] return 4020
[75] call remove
[71] return 4021
[76] call add(4028)
[77] call add(4029)
[78] call remove
[72] return 4022
[73] return
[74] return 4023
[75] return 4024
[79] call remove
[80] call add(4030)
[76] return
[81] call add(4031)
[77] return
[82] call remove
[78] return 4025
[83] call remove
[84] call add(4032)
[85] call add(4033)
[79] return 4026
[80] return
[84] return
[86] call remove
[81] return
[83] return 4027
[87] call add(4034)
[88] call remove
[82] return 4028
[89] call add(4035)
[86] return 4029
[90] call remove
[85] return
[91] call add(4036)
[92] call add(4037)
[93] call remove
[87] return
[88] return 4030
[89] return
[91] return
[90] return 4031
[94] call remove
[95] call add(4038)
[96] call remove
[97] call add(4039)
[98] call remove
[92] return
[96] return 4034
[93] return 4032
[99] call add(4040)
[94] return 4033
[100] call add(4041)
[101] call add(4042)
[95] return
[102] call add(4043)
[99] return
[97] return
[98] return 4035
[103] call remove
[104] call remove
[105] call add(4044)
[100] return
[106] call remove
[101] return
[102] return
[107] call remove
[108] call add(4045)
[103] return 4036
[109] call add(4046)
[104] return 4037
[105] return
[106] return 4038
[107] return 4040
[110] call add(4047)
[111] call add(4048)
[112] call remove
[113] call add(4049)
[114] call add(4050)
[109] return
[115] call add(4051)
[108] return
[110] return
[114] return
[111] return
[116] call add(4052)
[115] return
[117] call add(4053)
[118] call add(4054)
[119] call remove
[113] return
[120] call add(4055)
[112] return 4039
[121] call remove
[116] return
[121] return 4042
[117] return
[122] call remove
[119] return 4041
[123] call add(4056)
[124] call remove
[118] return
[125] call add(4057)
[126] call add(4058)
[120] return
[127] call add(4059)
[122] return 4043
[128] call remove
[123] return
[124] return 4044
[125] return
[129] call add(4060)
[126] return
[130] call remove
[128] return 4046
[127] return
[131] call add(4061)
[132] call add(4062)
[133] call remove
[134] call remove
[135] call add(4063)
[131] return
[130] return 4045
[129] return
[134] return 4047
[135] return
[136] call add(4064)
[137] call remove
[138] call add(4065)
[139] call add(4066)
[132] return
[140] call add(4067)
[133] return 4048
[141] call add(4068)
[139] return
[136] return
[137] return 4051
[138] return
[142] call remove
[143] call remove
[140] return
[144] call remove
[145] call remove
[141] return
[146] call add(4069)
[147] call remove
[144] return 4050
[142] return 4049
[148] call remove
[143] return 4052
[146] return
[147] return 4053
[149] call remove
[150] call add(4070)
[151] call remove
[145] return 4054
[152] call remove
[151] return 4056
[148] return 4055
[153] call remove
[150] return
[149] return 4057
[154] call add(4071)
[155] call add(4072)
[156] call add(4073)
[157] call remove
[152] return 4058
[158] call add(4074)
[153] return 4059
[155] return
[159] call remove
[154] return
[160] call add(4075)
[161] call add(4076)
[157] return 4060
[158] return
[162] call remove
[156] return
[160] return
[159] return 4061
[163] call add(4077)
[164] call add(4078)
[165] call add(4079)
[166] call add(4080)
[161] return
[167] call remove
[168] call remove
[162] return 4062
[163] return
[164] return
[165] return
[169] call remove
[167] return 4063
[170] call add(4081)
[171] call remove
[172] call remove
[173] call remove
[168] return 4066
[166] return
[170] return
[169] return 4064
[174] call add(4082)
[175] call remove
[171] return 4065
[176] call add(4083)
[172] return 4067
[177] call add(4084)
[173] return 4068
[178] call add(4085)
[175] return 4069
[179] call remove
[174] return
[180] call remove
[181] call remove
[176] return
[177] return
[182] call add(4086)
[178] return
[183] call add(4087)
[184] call add(4088)
[179] return 4070
[180] return 4071
[181] return 4072
[185] call remove
[186] call add(4089)
[182] return
[187] call add(4090)
[188] call add(4091)
[183] return
[184] return
[189] call remove
[185] return 4074
[190] call remove
[191] call remove
[186] return
[187] return
[188] return
[192] call remove
[193] call add(4092)
[189] return 4073
[194] call remove
[195] call add(4093)
[190] return 4075
[192] return 4077
[196] call remove
[191] return 4076
[197] call remove
[198] call add(4094)
[193] return
[194] return 4078
[195] return
[199] call add(4095)
[200] call add(4096)
[196] return 4079
[201] call remove
[202] call add(4097)
[197] return 4080
[198] return
[203] call remove
[199] return
[204] call remove
[205] call add(4098)
[200] return
[201] return 4081
[203] return 4082
[202] return
[206] call remove
[207] call add(4099)
[208] call remove
[209] call add(4100)
[210] call add(4101)
[204] return 4083
[205] return
[211] call add(4102)
[212] call remove
[206] return 4084
[207] return
[208] return 4085
[209] return
[210] return
[213] call remove
[214] call remove
[215] call remove
[216] call add(4103)
[211] return
[212] return 4086
[217] call remove
[213] return 4087
[218] call remove
[219] call remove
[214] return 4088
[220] call add(4104)
[215] return 4089
[216] return
[218] return 4091
[221] call remove
[222] call add(4105)
[223] call remove
[217] return 4090
[219] return 4092
[224] call remove
[220] return
[225] call add(4106)
[226] call add(4107)
[221] return 4093
[227] call remove
[222] return
[223] return 4094
[225] return
[228] call remove
[229] call remove
[230] call remove
[224] return 4095
[226] return
[231] call add(4108)
[227] return 4096
[232] call add(4109)
[233] call remove
[234] call remove
[228] return 4097
[230] return 4098
[233] return 4100
[229] return 4099
[235] call add(4110)
[232] return
[231] return
[235] return
[234] return 4101
[236] call remove
[237] call add(4111)
[238] call add(4112)
[239] call add(4113)
[240] call add(4114)
[241] call add(4115)
[242] call add(4116)
[240] return
[236] return 4102
[237] return
[238] return
[239] return
[241] return
[242] return
[243] call add(4117)
[244] call add(4118)
[245] call remove
[246] call remove
[247] call add(4119)
[248] call add(4120)
[249] call remove
[244] return
[243] return
[247] return
[250] call remove
[245] return 4103
[246] return 4104
[251] call remove
[249] return 4105
[248] return
[252] call remove
[253] call add(4121)
[254] call add(4122)
[250] return 4106
[251] return 4107
[255] call remove
[256] call add(4123)
[257] call add(4124)
[258] call remove
[252] return 4108
[253] return
[254] return
[255] return 4109
[256] return
[259] call add(4125)
[260] call remove
[261] call add(4126)
[257] return
[258] return 4110
[262] call add(4127)
[263] call remove
[260] return 4111
[264] call add(4128)
[259] return
[265] call add(4129)
[261] return
[266] call remove
[262] return
[263] return 4112
[267] call add(4130)
[268] call add(4131)
[264] return
[269] call add(4132)
[270] call add(4133)
[265] return
[269] return
[266] return 4113
[271] call add(4134)
[268] return
[267] return
[272] call add(4135)
[273] call remove
[274] call remove
[275] call add(4136)
[276] call add(4137)
[270] return
[271] return
[272] return
[277] call add(4138)
[273] return 4114
[274] return 4115
[278] call remove
[275] return
[276] return
[279] call add(4139)
[280] call remove
[281] call add(4140)
[282] call remove
[283] call remove
[277] return
[278] return 4116
[279] return
[284] call remove
[280] return 4117
[281] return
[285] call add(4141)
[282] return 4118
[283] return 4119
[286] call remove
[287] call add(4142)
[288] call add(4143)
[289] call remove
[290] call add(4144)
[284] return 4120
[285] return
[286] return 4121
[291] call remove
[287] return
[288] return
[292] call add(4145)
[289] return 4122
[290] return
[293] call remove
[294] call add(4146)
[295] call remove
[296] call add(4147)
[297] call remove
[291] return 4123
[292] return
[293] return 4124
[298] call add(4148)
[294] return
[295] return 4125
[299] call remove
[296] return
[297] return 4126
[300] call remove
[301] call add(4149)
[302] call remove
[303] call add(4150)
[304] call add(4151)
[298] return
[301] return
[299] return 4127
[305] call add(4152)
[300] return 4128
[306] call remove
[304] return
[302] return 4129
[305] return
[306] return 4132
[307] call remove
[308] call remove
[303] return
[309] call remove
[310] call add(4153)
[311] call remove
[312] call remove
[313] call add(4154)
[307] return 4130
[308] return 4131
[309] return 4133
[310] return
[311] return 4134
[312] return 4135
[314] call add(4155)
[315] call add(4156)
[313] return
[316] call remove
[317] call add(4157)
[318] call remove
[319] call remove
[320] call add(4158)
[314] return
[315] return
[316] return 4136
[317] return
[318] return 4137
[319] return 4138
[321] call remove
[322] call add(4159)
[320] return
[323] call remove
[324] call remove
[325] call remove
[326] call remove
[327] call add(4160)
[321] return 4139
[322] return
[323] return 4140
[324] return 4141
[325] return 4142
[326] return 4143
[328] call add(4161)
[329] call remove
[327] return
[330] call remove
[331] call add(4162)
[332] call remove
[333] call add(4163)
[334] call remove
[328] return
[329] return 4144
[330] return 4145
[331] return
[332] return 4146
[333] return
[335] call add(4164)
[336] call add(4165)
[334] return 4147
[337] call add(4166)
[338] call remove
[339] call add(4167)
[340] call remove
[341] call remove
[335] return
[336] return
[337] return
[338] return 4148
[339] return
[340] return 4149
[342] call remove
[343] call add(4168)
[341] return 4150
[344] call add(4169)
[345] call remove
[346] call remove
[347] call add(4170)
[348] call remove
[342] return 4151
[343] return
[344] return
[345] return 4152
[346] return 4153
[347] return
[349] call remove
[350] call add(4171)
[348] return 4154
[351] call add(4172)
[352] call remove
[353] call remove
[354] call add(4173)
[355] call add(4174)
[349] return 4155
[350] return
[351] return
[352] return 4156
[353] return 4157
[354] return
[356] call remove
[357] call remove
[355] return
[358] call remove
[359] call add(4175)
[360] call add(4176)
[361] call remove
[362] call add(4177)
[356] return 4158
[357] return 4159
[358] return 4160
[359] return
[360] return
[361] return 4161
[363] call remove
[364] call remove
[362] return
[365] call remove
[366] call remove
[367] call add(4178)
[368] call remove
[369] call add(4179)
[363] return 4162
[364] return 4163
[365] return 4164
[366] return 4165
[367] return
[368] return 4166
[370] call remove
[371] call remove
[369] return
[372] call add(4180)
[373] call add(4181)
[374] call add(4182)
[375] call add(4183)
[376] call remove
[370] return 4167
[371] return 4168
[372] return
[373] return
[374] return
[375] return
[377] call add(4184)
[378] call add(4185)
[376] return 4169
[379] call add(4186)
[380] call add(4187)
[381] call remove
[382] call remove
[383] call remove
[377] return
[378] return
[379] return
[380] return
[381] return 4170
[382] return 4171
[384] call add(4188)
[385] call add(4189)
[383] return 4172
[386] call add(4190)
[387] call add(4191)
[388] call remove
[389] call add(4192)
[390] call remove
[384] return
[385] return
[386] return
[387] return
[388] return 4173
[389] return
[391] call add(4193)
[392] call remove
[390] return 4174
[393] call remove
[394] call add(4194)
[395] call add(4195)
[396] call remove
[397] call add(4196)
[391] return
[392] return 4175
[393] return 4176
[394] return
[395] return
[396] return 4177
[398] call add(4197)
[399] call remove
[397] return
[400] call remove
[401] call remove
[402] call add(4198)
[403] call remove
[404] call remove
[398] return
[399] return 4178
[400] return 4179
[401] return 4180
[402] return
[403] return 4181
[405] call add(4199)
[406] call add(4200)
[404] return 4182
[407] call remove
[408] call add(4201)
[409] call remove
[410] call remove
[411] call remove
[405] return
[406] return
[407] return 4183
[408] return
[409] return 4184
[410] return 4185
[412] call add(4202)
[413] call add(4203)
[411] return 4186
[414] call add(4204)
[415] call add(4205)
[416] call add(4206)
[417] call remove
[418] call remove
[412] return
[413] return
[414] return
[415] return
[416] return
[417] return 4187
[419] call remove
[420] call add(4207)
[418] return 4188
[421] call remove
[422] call remove
[423] call remove
[424] call remove
[425] call remove
[419] return 4189
[420] return
[421] return 4190
[422] return 4191
[423] return 4192
[424] return 4193
[426] call add(4208)
[427] call remove
[425] return 4194
[428] call remove
[429] call add(4209)
[430] call remove
[431] call remove
[432] call remove
[426] return
[427] return 4195
[428] return 4196
[429] return
[430] return 4197
[431] return 4198
[433] call remove
[434] call remove
[432] return 4199
[435] call remove
[436] call remove
[437] call add(4210)
[438] call remove
[439] call remove
[433] return 4200
[434] return 4201
[439] return 4203
[437] return
[438] return 4204
[435] return 4202
[440] call add(4211)
[441] call add(4212)
[436] return 4205
[442] call add(4213)
[443] call remove
[444] call add(4214)
[445] call remove
[446] call remove
[440] return
[441] return
[442] return
[443] return 4206
[444] return
[445] return 4207
[447] call add(4215)
[448] call remove
[446] return 4208
[449] call remove
[450] call add(4216)
[451] call remove
[452] call remove
[453] call remove
[447] return
[448] return 4209
[449] return 4210
[450] return
[451] return 4211
[452] return 4212
[454] call add(4217)
[455] call add(4218)
[453] return 4213
[456] call add(4219)
[457] call add(4220)
[458] call add(4221)
[459] call add(4222)
[460] call add(4223)
[454] return
[455] return
[456] return
[457] return
[458] return
[459] return
[461] call remove
[462] call remove
[460] return
[463] call add(4224)
[464] call add(4225)
[465] call add(4226)
[466] call add(4227)
[467] call remove
[461] return 4214
[462] return 4215
[463] return
[464] return
[465] return
[466] return
[468] call remove
[469] call add(4228)
[467] return 4216
[470] call remove
[471] call add(4229)
[472] call add(4230)
[473] call add(4231)
[474] call add(4232)
[468] return 4217
[469] return
[475] call remove
[471] return
[472] return
[473] return
[476] call add(4233)
[474] return
[470] return 4218
[477] call remove
[478] call remove
[479] call remove
[475] return 4219
[480] call remove
[476] return
[481] call remove
[482] call remove
[483] call remove
[477] return 4220
[479] return 4221
[480] return 4222
[481] return 4223
[484] call remove
[478] return 4224
[485] call add(4234)
[482] return 4225
[486] call remove
[483] return 4226
[487] call add(4235)
[488] call remove
[489] call remove
[490] call remove
[484] return 4227
[485] return
[486] return 4228
[487] return
[491] call remove
[488] return 4229
[492] call add(4236)
[489] return 4230
[493] call add(4237)
[490] return 4231
[494] call add(4238)
[495] call add(4239)
[496] call remove
[497] call remove
[491] return 4232
[492] return
[493] return
[494] return
[498] call add(4240)
[495] return
[499] call remove
[496] return 4233
[500] call add(4241)
[497] return 4234
[501] call add(4242)
[502] call add(4243)
[503] call add(4244)
[504] call add(4245)
[498] return
[499] return 4235
[500] return
[501] return
[505] call remove
[502] return
[506] call remove
[503] return
[507] call add(4246)
[504] return
[508] call remove
[509] call add(4247)
[510] call add(4248)
[511] call remove
[505] return 4236
[506] return 4237
[507] return
[508] return 4238
[512] call remove
[509] return
[513] call add(4249)
[510] return
[514] call add(4250)
[511] return 4239
[515] call remove
[516] call add(4251)
[517] call remove
[518] call add(4252)
[512] return 4240
[513] return
[514] return
[515] return 4241
[519] call add(4253)
[516] return
[520] call remove
[517] return 4242
[521] call remove
[518] return
[522] call add(4254)
[523] call remove
[524] call remove
[525] call remove
[519] return
[520] return 4243
[521] return 4244
[522] return
[526] call remove
[523] return 4245
[527] call add(4255)
[524] return 4246
[528] call remove
[525] return 4247
[529] call remove
[530] call add(4256)
[531] call add(4257)
[532] call remove
[526] return 4248
[527] return
[528] return 4249
[529] return 4250
[533] call remove
[530] return
[534] call remove
[531] return
[535] call add(4258)
[532] return 4251
[536] call add(4259)
[537] call remove
[538] call remove
[539] call add(4260)
[533] return 4252
[534] return 4253
[535] return
[536] return
[540] call add(4261)
[537] return 4254
[541] call remove
[538] return 4255
[542] call add(4262)
[539] return
[543] call add(4263)
[544] call add(4264)
[545] call add(4265)
[546] call remove
[540] return
[541] return 4256
[542] return
[543] return
[547] call remove
[544] return
[548] call add(4266)
[545] return
[549] call remove
[546] return 4257
[550] call add(4267)
[551] call remove
[552] call add(4268)
[553] call remove
[547] return 4258
[548] return
[549] return 4259
[550] return
[554] call remove
[551] return 4260
[555] call add(4269)
[552] return
[556] call remove
[553] return 4261
[557] call remove
[558] call add(4270)
[559] call remove
[560] call add(4271)
[554] return 4262
[561] call remove
[556] return 4263
[557] return 4264
[555] return
[558] return
[559] return 4265
[562] call add(4272)
[560] return
[563] call add(4273)
[564] call add(4274)
[565] call remove
[561] return 4266
[566] call add(4275)
[567] call remove
[568] call remove
[562] return
[566] return
[563] return
[564] return
[565] return 4267
[569] call remove
[570] call remove
[571] call remove
[572] call add(4276)
[573] call add(4277)
[568] return 4268
[567] return 4269
[574] call add(4278)
[575] call remove
[569] return 4270
[570] return 4271
[571] return 4272
[572] return
[573] return
[576] call remove
[577] call remove
[578] call remove
[579] call remove
[580] call add(4279)
[574] return
[575] return 4273
[581] call add(4280)
[582] call add(4281)
[576] return 4274
[577] return 4275
[578] return 4276
[579] return 4277
[580] return
[583] call remove
[584] call add(4282)
[585] call remove
[586] call remove
[587] call remove
[581] return
[582] return
[588] call add(4283)
[589] call add(4284)
[583] return 4278
[584] return
[585] return 4279
[586] return 4280
[587] return 4281
[590] call add(4285)
[591] call remove
[592] call remove
[593] call remove
[594] call remove
[588] return
[589] return
[595] call add(4286)
[596] call remove
[590] return
[591] return 4282
[592] return 4283
[593] return 4284
[594] return 4285
[597] call add(4287)
[598] call remove
[599] call remove
[600] call add(4288)
[601] call remove
[595] return
[596] return 4286
[602] call add(4289)
[603] call remove
[597] return
[598] return 4287
[599] return empty
[600] return
[601] return 4288
[604] call remove
[605] call remove
[606] call remove
[607] call remove
[608] call add(4290)
[602] return
[603] return 4289
[609] call remove
[610] call add(4291)
[604] return empty
[605] return empty
[606] return empty
[607] return empty
[608] return
[611] call remove
[612] call remove
[613] call remove
[614] call add(4292)
[615] call remove
[609] return 4290
[610] return
[616] call add(4293)
[617] call add(4294)
[611] return 4291
[612] return empty
[613] return empty
[614] return
[615] return 4292
[618] call add(4295)
[619] call add(4296)
[620] call add(4297)
[621] call add(4298)
[622] call add(4299)
[616] return
[617] return
[623] call remove
[624] call add(4300)
[619] return
[620] return
[621] return
[622] return
[618] return
[623] return 4293
[625] call remove
[626] call remove
[627] call add(4301)
[628] call add(4302)
[629] call add(4303)
[624] return
[630] call add(4304)
[631] call remove
[625] return 4294
[626] return 4296
[627] return
[628] return
[629] return
[630] return
[632] call add(4305)
[633] call add(4306)
[634] call add(4307)
[635] call add(4308)
[636] call remove
[631] return 4297
[637] call add(4309)
[638] call remove
[632] return
[633] return
[634] return
[635] return
[636] return 4298
[637] return
[639] call remove
[640] call add(4310)
[641] call remove
[642] call add(4311)
[643] call remove
[638] return 4299
[644] call remove
[645] call add(4312)
[639] return 4295
[640] return
[641] return 4300
[642] return
[643] return 4301
[644] return 4302
[646] call add(4313)
[647] call remove
[648] call add(4314)
[649] call remove
[650] call add(4315)
[645] return
[651] call add(4316)
[652] call remove
[646] return
[647] return 4303
[648] return
[649] return 4304
[650] return
[651] return
[653] call add(4317)
[654] call add(4318)
[655] call remove
[656] call add(4319)
[657] call remove
[652] return 4305
[658] call remove
[659] call add(4320)
[653] return
[654] return
[655] return 4306
[656] return
[657] return 4307
[658] return 4308
[660] call add(4321)
[661] call remove
[662] call add(4322)
[663] call add(4323)
[664] call add(4324)
[659] return
[665] call remove
[666] call remove
[660] return
[661] return 4309
[662] return
[663] return
[664] return
[665] return 4310
[667] call add(4325)
[668] call remove
[669] call add(4326)
[670] call add(4327)
[671] call add(4328)
[666] return 4311
[672] call remove
[673] call add(4329)
[667] return
[668] return 4312
[669] return
[670] return
[671] return
[672] return 4313
[674] call remove
[675] call add(4330)
[676] call add(4331)
[677] call add(4332)
[678] call remove
[673] return
[679] call remove
[680] call remove
[674] return 4314
[675] return
[676] return
[677] return
[678] return 4315
[679] return 4316
[681] call remove
[682] call remove
[683] call add(4333)
[684] call add(4334)
[685] call add(4335)
[680] return 4317
[686] call add(4336)
[687] call add(4337)
[681] return 4318
[682] return 4319
[683] return
[684] return
[685] return
[686] return
[688] call remove
[689] call remove
[690] call remove
[691] call remove
[692] call remove
[687] return
[693] call add(4338)
[694] call add(4339)
[688] return 4320
[689] return 4321
[690] return 4322
[691] return 4323
[692] return 4324
[693] return
[695] call remove
[696] call remove
[697] call add(4340)
[698] call remove
[699] call add(4341)
[694] return
[700] call add(4342)
[701] call add(4343)
[695] return 4325
[696] return 4326
[697] return
[698] return 4327
[699] return
[700] return
[702] call remove
[703] call add(4344)
[704] call remove
[705] call remove
[706] call add(4345)
[701] return
[707] call add(4346)
[704] return 4329
[708] call remove
[702] return 4328
[703] return
[705] return 4330
[709] call add(4347)
[707] return
[710] call remove
[711] call remove
[706] return
[712] call add(4348)
[708] return 4331
[709] return
[713] call add(4349)
[710] return 4332
[714] call remove
[715] call add(4350)
[716] call add(4351)
[711] return 4333
[717] call remove
[712] return
[718] call add(4352)
[714] return 4334
[719] call remove
[713] return
[715] return
[716] return
[717] return 4335
[720] call add(4353)
[721] call remove
[722] call add(4354)
[723] call remove
[718] return
[724] call add(4355)
[719] return 4336
[725] call add(4356)
[720] return
[726] call remove
[721] return 4337
[722] return
[723] return 4338
[724] return
[727] call remove
[728] call remove
[729] call add(4357)
[730] call add(4358)
[725] return
[731] call remove
[726] return 4339
[732] call add(4359)
[727] return 4340
[733] call add(4360)
[728] return 4341
[729] return
[730] return
[731] return 4342
[734] call remove
[735] call remove
[736] call remove
[737] call remove
[732] return
[738] call remove
[733] return
[739] call add(4361)
[734] return 4343
[740] call remove
[735] return 4344
[736] return 4346
[737] return 4345
[741] call remove
[742] call add(4362)
[743] call remove
[744] call add(4363)
[738] return 4347
[739] return
[740] return 4348
[745] call remove
[746] call add(4364)
[741] return 4349
[742] return
[747] call remove
[743] return 4350
[744] return
[748] call remove
[749] call remove
[750] call add(4365)
[751] call remove
[745] return 4351
[746] return
[747] return 4352
[752] call add(4366)
[753] call remove
[748] return 4353
[749] return 4354
[754] call add(4367)
[750] return
[751] return 4355
[755] call remove
[756] call add(4368)
[757] call add(4369)
[758] call remove
[752] return
[753] return 4356
[754] return
[759] call remove
[760] call add(4370)
[755] return 4357
[756] return
[761] call add(4371)
[757] return
[758] return 4358
[762] call remove
[763] call remove
[764] call remove
[765] call remove
[759] return 4359
[760] return
[761] return
[766] call remove
[767] call add(4372)
[762] return 4360
[763] return 4361
[768] call remove
[764] return 4362
[765] return 4363
[769] call add(4373)
[770] call add(4374)
[771] call remove
[772] call remove
[766] return 4364
[767] return
[768] return 4365
[773] call add(4375)
[774] call add(4376)
[769] return
[770] return
[775] call add(4377)
[771] return 4366
[772] return 4367
[776] call remove
[777] call remove
[778] call remove
[779] call remove
[773] return
[774] return
[775] return
[780] call remove
[781] call remove
[776] return 4368
[777] return 4369
[782] call add(4378)
[778] return 4370
[779] return 4371
[783] call add(4379)
[784] call remove
[785] call add(4380)
[786] call remove
[780] return 4372
[781] return 4373
[782] return
[787] call remove
[788] call add(4381)
[783] return
[784] return 4374
[789] call add(4382)
[785] return
[786] return 4375
[790] call add(4383)
[791] call remove
[792] call add(4384)
[793] call add(4385)
[787] return 4376
[788] return
[789] return
[794] call remove
[795] call add(4386)
[790] return
[791] return 4377
[796] call add(4387)
[792] return
[793] return
[797] call add(4388)
[798] call remove
[799] call add(4389)
[800] call add(4390)
[794] return 4378
[795] return
[796] return
[801] call remove
[802] call add(4391)
[797] return
[798] return 4379
[803] call remove
[799] return
[800] return
[804] call add(4392)
[805] call remove
[806] call add(4393)
[807] call remove
[801] return 4380
[802] return
[803] return 4381
[808] call remove
[809] call add(4394)
[804] return
[805] return 4382
[810] call remove
[806] return
[807] return 4383
[811] call remove
[812] call remove
[813] call add(4395)
[814] call remove
[808] return 4384
[809] return
[810] return 4385
[815] call add(4396)
[816] call add(4397)
[811] return 4386
[812] return 4387
[817] call add(4398)
[813] return
[814] return 4388
[818] call add(4399)
[819] call add(4400)
[820] call add(4401)
[821] call remove
[815] return
[816] return
[817] return
[822] call remove
[823] call remove
[818] return
[819] return
[824] call remove
[820] return
[821] return 4389
[825] call add(4402)
[826] call remove
[827] call add(4403)
[828] call add(4404)
[822] return 4390
[823] return 4391
[824] return 4392
[829] call add(4405)
[830] call remove
[825] return
[826] return 4393
[831] call remove
[827] return
[828] return
[832] call remove
[833] call remove
[834] call remove
[835] call remove
[829] return
[830] return 4394
[831] return 4395
[836] call add(4406)
[837] call remove
[832] return 4396
[833] return 4397
[838] call remove
[834] return 4398
[835] return 4399
[839] call remove
[840] call remove
[841] call add(4407)
[842] call add(4408)
[836] return
[837] return 4400
[838] return 4401
[843] call add(4409)
[844] call add(4410)
[839] return 4402
[840] return 4403
[845] call add(4411)
[841] return
[842] return
[846] call add(4412)
[847] call remove
[848] call remove
[849] call remove
[843] return
[844] return
[845] return
[850] call add(4413)
[851] call remove
[846] return
[847] return 4404
[852] call add(4414)
[848] return 4405
[849] return 4406
[853] call add(4415)
[854] call add(4416)
[855] call remove
[856] call remove
[850] return
[851] return 4407
[852] return
[857] call add(4417)
[858] call add(4418)
[853] return
[854] return
[859] call add(4419)
[855] return 4408
[856] return 4409
[860] call add(4420)
[861] call remove
[862] call remove
[863] call remove
[857] return
[858] return
[859] return
[864] call remove
[865] call add(4421)
[860] return
[861] return 4410
[866] call remove
[862] return 4411
[863] return 4412
[867] call add(4422)
[868] call remove
[869] call add(4423)
[870] call add(4424)
[864] return 4413
[865] return
[866] return 4414
[871] call remove
[872] call remove
[867] return
[868] return 4415
[873] call add(4425)
[874] call add(4426)
[870] return
[875] call remove
[869] return
[876] call remove
[871] return 4416
[872] return 4417
[877] call remove
[873] return
[874] return
[878] call remove
[879] call add(4427)
[875] return 4418
[880] call add(4428)
[881] call remove
[876] return 4419
[882] call add(4429)
[877] return 4420
[883] call remove
[878] return 4421
[879] return
[884] call remove
[880] return
[881] return 4422
[885] call add(4430)
[886] call add(4431)
[882] return
[887] call remove
[888] call remove
[883] return 4423
[889] call remove
[884] return 4424
[890] call remove
[885] return
[886] return
[891] call add(4432)
[887] return 4425
[888] return 4426
[892] call add(4433)
[893] call remove
[889] return 4427
[894] call add(4434)
[895] call add(4435)
[890] return 4428
[896] call remove
[891] return
[897] call remove
[892] return
[898] call add(4436)
[894] return
[895] return
[893] return 4429
[899] call add(4437)
[897] return 4430
[896] return 4431
[900] call add(4438)
[901] call remove
[902] call add(4439)
[903] call remove
[904] call add(4440)
[898] return
[899] return
[905] call add(4441)
[900] return
[901] return 4432
[902] return
[906] call remove
[903] return 4433
[904] return
[907] call remove
[908] call remove
[909] call add(4442)
[910] call remove
[911] call remove
[905] return
[906] return 4434
[912] call remove
[907] return 4435
[908] return 4436
[909] return
[913] call remove
[910] return 4437
[911] return 4438
[914] call remove
[915] call remove
[916] call remove
[917] call add(4443)
[918] call add(4444)
[912] return 4439
[913] return 4440
[919] call add(4445)
[914] return 4441
[915] return 4442
[916] return empty
[920] call remove
[917] return
[918] return
[921] call remove
[922] call add(4446)
[923] call remove
[924] call add(4447)
[925] call remove
[919] return
[920] return 4443
[926] call remove
[921] return 4444
[922] return
[923] return 4445
[927] call remove
[924] return
[925] return 4446
[928] call remove
[929] call add(4448)
[930] call remove
[931] call remove
[932] call add(4449)
[926] return 4447
[927] return empty
[933] call add(4450)
[928] return empty
[929] return
[930] return 4448
[934] call remove
[931] return empty
[932] return
[935] call add(4451)
[936] call remove
[937] call remove
[938] call remove
[939] call add(4452)
[933] return
[934] return 4449
[940] call add(4453)
[935] return
[936] return 4450
[937] return 4451
[941] call remove
[938] return empty
[939] return
[942] call remove
[943] call add(4454)
[944] call remove
[945] call add(4455)
[946] call add(4456)
[940] return
[941] return 4452
[943] return
[942] return 4453
[947] call remove
[944] return 4454
[948] call remove
[945] return
[949] call add(4457)
[950] call add(4458)
[946] return
[951] call remove
[952] call add(4459)
[947] return 4455
[953] call remove
[948] return 4456
[949] return
[954] call remove
[950] return
[951] return 4457
[955] call add(4460)
[952] return
[956] call remove
[957] call add(4461)
[953] return 4458
[958] call remove
[959] call remove
[954] return 4459
[960] call add(4462)
[955] return
[956] return 4460
[961] call add(4463)
[957] return
[958] return 4461
[962] call remove
[959] return empty
[963] call remove
[964] call remove
[960] return
[965] call add(4464)
[966] call add(4465)
[961] return
[967] call remove
[962] return 4462
[963] return 4463
[968] call add(4466)
[964] return empty
[965] return
[969] call remove
[966] return
[970] call remove
[971] call remove
[967] return 4464
[972] call remove
[973] call remove
[968] return
[974] call remove
[969] return 4465
[970] return 4466
[975] call remove
[971] return empty
[972] return empty
[976] call add(4467)
[973] return empty
[977] call add(4468)
[978] call remove
[974] return empty
[979] call add(4469)
[980] call add(4470)
[975] return empty
[981] call add(4471)
[976] return
[977] return
[982] call remove
[978] return 4467
[979] return
[983] call add(4472)
[980] return
[984] call remove
[985] call remove
[981] return
[986] call add(4473)
[987] call remove
[982] return 4468
[988] call remove
[983] return
[984] return 4469
[989] call add(4474)
[985] return 4470
[986] return
[990] call remove
[987] return 4471
[991] call remove
[992] call remove
[988] return 4472
[993] call add(4475)
[994] call add(4476)
[989] return
[995] call add(4477)
[990] return 4473
[991] return 4474
[996] call add(4478)
[992] return empty
[993] return
[997] call remove
[994] return
[998] call add(4479)
[999] call remove
[995] return
[1000] call remove
[1001] call remove
[996] return
[1002] call remove
[997] return 4475
[998] return
[1003] call add(4480)
[999] return 4476
[1000] return 4477
[1004] call remove
[1001] return 4478
[1005] call add(4481)
[1006] call add(4482)
[1002] return 4479
[1007] call add(4483)
[1008] call remove
[1003] return
[1009] call remove
[1004] return 4480
[1005] return
[1010] call remove
[1006] return
[1007] return
[1011] call add(4484)
[1008] return 4481
[1012] call add(4485)
[1013] call remove
[1009] return 4482
[1014] call remove
[1015] call remove
[1010] return 4483
[1016] call add(4486)
[1011] return
[1012] return
[1017] call add(4487)
[1013] return 4484
[1014] return 4485
[1018] call add(4488)
[1015] return empty
[1019] call add(4489)
[1020] call add(4490)
[1016] return
[1021] call remove
[1022] call remove
[1017] return
[1023] call add(4491)
[1018] return
[1019] return
[1024] call add(4492)
[1020] return
[1021] return 4486
[1025] call add(4493)
[1022] return 4487
[1026] call add(4494)
[1027] call add(4495)
[1023] return
[1028] call add(4496)
[1029] call remove
[1024] return
[1030] call add(4497)
[1025] return
[1026] return
[1031] call remove
[1027] return
[1028] return
[1032] call remove
[1029] return 4488
[1033] call add(4498)
[1034] call remove
[1030] return
[1035] call remove
[1036] call add(4499)
[1031] return 4489
[1037] call remove
[1032] return 4490
[1033] return
[1038] call add(4500)
[1034] return 4491
[1035] return 4492
[1039] call remove
[1036] return
[1040] call remove
[1041] call add(4501)
[1037] return 4493
[1042] call remove
[1043] call remove
[1038] return
[1044] call add(4502)
[1039] return 4494
[1040] return 4495
[1045] call remove
[1041] return
[1042] return 4496
[1046] call add(4503)
[1043] return 4497
[1047] call remove
[1048] call remove
[1044] return
[1049] call remove
[1050] call add(4504)
[1045] return 4498
[1051] call remove
[1046] return
[1047] return 4499
[1052] call remove
[1048] return 4500
[1049] return 4501
[1053] call remove
[1050] return
[1054] call remove
[1055] call remove
[1051] return 4502
[1056] call remove
[1057] call remove
[1052] return 4503
[1058] call remove
[1053] return 4504
[1054] return empty
[1059] call add(4505)
[1055] return empty
[1056] return empty
[1060] call remove
[1057] return empty
[1061] call remove
[1062] call remove
[1058] return empty
[1063] call remove
[1064] call remove
[1059] return
[1065] call add(4506)
[1060] return 4505
[1061] return empty
[1066] call add(4507)
[1062] return empty
[1063] return empty
[1067] call add(4508)
[1064] return empty
[1068] call remove
[1069] call add(4509)
[1065] return
[1070] call remove
[1071] call remove
[1066] return
[1072] call add(4510)
[1067] return
[1068] return 4506
[1073] call remove
[1069] return
[1070] return 4507
[1074] call add(4511)
[1071] return 4508
[1075] call add(4512)
[1076] call remove
[1072] return
[1077] call remove
[1078] call remove
[1073] return 4509
[1079] call add(4513)
[1074] return
[1075] return
[1080] call remove
[1076] return 4510
[1077] return 4511
[1081] call add(4514)
[1078] return 4512
[1082] call remove
[1083] call remove
[1079] return
[1084] call add(4515)
[1085] call add(4516)
[1080] return 4513
[1086] call remove
[1081] return
[1082] return 4514
[1087] call add(4517)
[1083] return empty
[1084] return
[1088] call add(4518)
[1085] return
[1089] call remove
[1090] call add(4519)
[1086] return 4515
[1091] call remove
[1092] call add(4520)
[1087] return
[1093] call add(4521)
[1088] return
[1089] return 4516
[1094] call add(4522)
[1090] return
[1091] return 4517
[1095] call remove
[1092] return
[1096] call add(4523)
[1097] call add(4524)
[1093] return
[1098] call add(4525)
[1099] call add(4526)
[1094] return
[1100] call remove
[1095] return 4518
[1096] return
[1101] call add(4527)
[1097] return
[1098] return
[1102] call remove
[1099] return
[1103] call add(4528)
[1104] call add(4529)
[1100] return 4519
[1105] call remove
[1106] call remove
[1101] return
[1107] call add(4530)
[1102] return 4520
[1103] return
[1108] call add(4531)
[1104] return
[1105] return 4521
[1109] call remove
[1106] return 4522
[1110] call add(4532)
[1111] call add(4533)
[1107] return
[1112] call remove
[1113] call remove
[1108] return
[1114] call add(4534)
[1109] return 4523
[1110] return
[1115] call add(4535)
[1111] return
[1112] return 4524
[1116] call remove
[1113] return 4525
[1117] call remove
[1118] call remove
[1114] return
[1119] call add(4536)
[1120] call remove
[1115] return
[1121] call remove
[1116] return 4526
[1117] return 4527
[1122] call add(4537)
[1118] return 4528
[1119] return
[1123] call remove
[1120] return 4529
[1124] call remove
[1125] call add(4538)
[1121] return 4530
[1126] call add(4539)
[1127] call add(4540)
[1122] return
[1128] call remove
[1123] return 4531
[1124] return 4532
[1129] call add(4541)
[1125] return
[1126] return
[1130] call remove
[1127] return
[1131] call add(4542)
[1132] call add(4543)
[1128] return 4533
[1133] call remove
[1134] call remove
[1129] return
[1135] call add(4544)
[1130] return 4534
[1131] return
[1136] call add(4545)
[1132] return
[1133] return 4535
[1137] call add(4546)
[1134] return 4536
[1138] call remove
[1139] call add(4547)
[1135] return
[1140] call remove
[1141] call add(4548)
[1136] return
[1142] call remove
[1137] return
[1138] return 4537
[1143] call remove
[1139] return
[1140] return 4538
[1144] call remove
[1141] return
[1145] call add(4549)
[1146] call add(4550)
[1142] return 4539
[1147] call add(4551)
[1148] call remove
[1143] return 4540
[1149] call remove
[1144] return 4541
[1145] return
[1150] call add(4552)
[1146] return
[1147] return
[1151] call remove
[1148] return 4542
[1152] call remove
[1153] call remove
[1149] return 4543
[1154] call remove
[1155] call add(4553)
[1150] return
[1156] call remove
[1151] return 4544
[1152] return 4545
[1157] call add(4554)
[1153] return 4546
[1154] return 4547
[1158] call add(4555)
[1155] return
[1159] call remove
[1160] call add(4556)
[1156] return 4548
[1161] call add(4557)
[1162] call remove
[1157] return
[1163] call remove
[1158] return
[1159] return 4549
[1164] call remove
[1160] return
[1161] return
[1165] call remove
[1162] return 4550
[1166] call remove
[1167] call remove
[1163] return 4551
[1168] call remove
[1169] call add(4558)
[1165] return 4553
[1164] return 4552
[1170] call remove
[1167] return 4554
[1166] return 4555
[1168] return 4556
[1171] call remove
[1172] call remove
[1169] return
[1173] call remove
[1174] call add(4559)
[1175] call add(4560)
[1176] call add(4561)
[1170] return 4557
[1171] return 4558
[1172] return empty
[1177] call add(4562)
[1173] return empty
[1174] return
[1178] call add(4563)
[1175] return
[1179] call remove
[1176] return
[1180] call add(4564)
[1181] call add(4565)
[1182] call remove
[1183] call add(4566)
[1177] return
[1178] return
[1179] return 4559
[1184] call remove
[1180] return
[1181] return
[1185] call remove
[1182] return 4560
[1186] call remove
[1183] return
[1187] call remove
[1188] call add(4567)
[1189] call remove
[1190] call remove
[1184] return 4561
[1185] return 4562
[1188] return
[1186] return 4563
[1191] call remove
[1187] return 4564
[1192] call add(4568)
[1193] call remove
[1194] call remove
[1190] return 4565
[1195] call add(4569)
[1189] return 4566
[1196] call add(4570)
[1191] return 4567
[1197] call add(4571)
[1192] return
[1193] return 4568
[1194] return empty
[1198] call add(4572)
[1195] return
[1199] call add(4573)
[1200] call remove
[1201] call remove
[1196] return
[1202] call add(4574)
[1197] return
[1203] call add(4575)
[1198] return
[1204] call remove
[1199] return
[1200] return 4569
[1201] return 4570
[1205] call remove
[1202] return
[1206] call add(4576)
[1207] call add(4577)
[1208] call remove
[1203] return
[1209] call remove
[1204] return 4571
[1210] call remove
[1205] return 4572
[1211] call add(4578)
[1206] return
[1207] return
[1208] return 4573
[1212] call add(4579)
[1209] return 4574
[1213] call add(4580)
[1214] call remove
[1215] call add(4581)
[1210] return 4575
[1216] call remove
[1211] return
[1217] call add(4582)
[1212] return
[1218] call remove
[1213] return
[1214] return 4576
[1215] return
[1219] call add(4583)
[1216] return 4577
[1220] call add(4584)
[1221] call remove
[1222] call remove
[1217] return
[1223] call add(4585)
[1218] return 4578
[1224] call add(4586)
[1219] return
[1225] call add(4587)
[1220] return
[1221] return 4579
[1222] return 4580
[1226] call remove
[1223] return
[1227] call add(4588)
[1228] call remove
[1229] call add(4589)
[1224] return
[1230] call remove
[1225] return
[1228] return 4582
[1226] return 4581
[1231] call add(4590)
[1227] return
[1232] call remove
[1229] return
[1233] call remove
[1234] call remove
[1230] return 4583
[1235] call remove
[1236] call remove
[1237] call add(4591)
[1231] return
[1232] return 4584
[1233] return 4585
[1234] return 4586
[1238] call remove
[1235] return 4587
[1239] call remove
[1236] return 4588
[1240] call add(4592)
[1241] call add(4593)
[1237] return
[1242] call add(4594)
[1243] call add(4595)
[1244] call add(4596)
[1238] return 4589
[1239] return 4590
[1240] return
[1241] return
[1245] call add(4597)
[1242] return
[1246] call remove
[1243] return
[1247] call add(4598)
[1248] call remove
[1244] return
[1249] call remove
[1250] call add(4599)
[1251] call remove
[1245] return
[1246] return 4591
[1247] return
[1248] return 4592
[1252] call remove
[1249] return 4593
[1253] call add(4600)
[1250] return
[1254] call add(4601)
[1255] call add(4602)
[1251] return 4594
[1256] call remove
[1257] call remove
[1258] call remove
[1252] return 4595
[1253] return
[1254] return
[1255] return
[1259] call add(4603)
[1256] return 4596
[1260] call remove
[1257] return 4597
[1261] call add(4604)
[1262] call add(4605)
[1258] return 4598
[1263] call add(4606)
[1264] call add(4607)
[1265] call add(4608)
[1259] return
[1260] return 4599
[1261] return
[1262] return
[1266] call add(4609)
[1263] return
[1267] call remove
[1264] return
[1268] call remove
[1269] call remove
[1265] return
[1270] call add(4610)
[1271] call add(4611)
[1272] call add(4612)
[1266] return
[1267] return 4600
[1268] return 4601
[1269] return 4602
[1273] call remove
[1270] return
[1274] call add(4613)
[1271] return
[1275] call remove
[1274] return
[1276] call remove
[1277] call remove
[1278] call add(4614)
[1272] return
[1279] call add(4615)
[1273] return 4603
[1280] call add(4616)
[1275] return 4604
[1281] call add(4617)
[1276] return 4605
[1277] return 4606
[1278] return
[1282] call remove
[1279] return
[1283] call add(4618)
[1284] call add(4619)
[1285] call add(4620)
[1280] return
[1286] call remove
[1281] return
[1287] call add(4621)
[1282] return 4607
[1288] call add(4622)
[1283] return
[1284] return
[1285] return
[1289] call add(4623)
[1286] return 4608
[1290] call add(4624)
[1291] call remove
[1292] call add(4625)
[1287] return
[1293] call remove
[1288] return
[1294] call remove
[1289] return
[1295] call add(4626)
[1290] return
[1291] return 4609
[1292] return
[1296] call remove
[1293] return 4610
[1297] call remove
[1298] call add(4627)
[1299] call remove
[1294] return 4611
[1300] call add(4628)
[1295] return
[1301] call add(4629)
[1296] return 4612
[1302] call remove
[1297] return 4613
[1298] return
[1299] return 4614
[1303] call remove
[1300] return
[1304] call remove
[1305] call add(4630)
[1306] call add(4631)
[1301] return
[1307] call add(4632)
[1302] return 4615
[1308] call add(4633)
[1303] return 4616
[1309] call add(4634)
[1304] return 4617
[1305] return
[1306] return
[1310] call remove
[1307] return
[1311] call remove
[1312] call remove
[1313] call remove
[1308] return
[1314] call add(4635)
[1309] return
[1315] call remove
[1310] return 4618
[1316] call remove
[1311] return 4619
[1312] return 4620
[1313] return 4621
[1317] call add(4636)
[1314] return
[1318] call remove
[1319] call add(4637)
[1320] call add(4638)
[1315] return 4622
[1321] call add(4639)
[1316] return 4623
[1322] call add(4640)
[1317] return
[1323] call remove
[1318] return 4624
[1319] return
[1320] return
[1324] call remove
[1321] return
[1325] call remove
[1326] call remove
[1327] call add(4641)
[1322] return
[1328] call add(4642)
[1323] return 4625
[1329] call remove
[1324] return 4626
[1330] call add(4643)
[1325] return 4627
[1326] return 4628
[1327] return
[1331] call add(4644)
[1328] return
[1332] call add(4645)
[1333] call remove
[1334] call add(4646)
[1329] return 4629
[1335] call add(4647)
[1330] return
[1336] call remove
[1331] return
[1337] call remove
[1332] return
[1333] return 4630
[1334] return
[1338] call remove
[1335] return
[1339] call remove
[1340] call remove
[1341] call remove
[1336] return 4631
[1342] call remove
[1337] return 4632
[1343] call remove
[1338] return 4633
[1344] call remove
[1339] return 4634
[1340] return 4635
[1341] return 4636
[1345] call add(4648)
[1342] return 4637
[1346] call add(4649)
[1347] call add(4650)
[1348] call add(4651)
[1343] return 4638
[1349] call add(4652)
[1344] return 4639
[1350] call remove
[1345] return
[1351] call add(4653)
[1346] return
[1347] return
[1348] return
[1352] call remove
[1349] return
[1353] call add(4654)
[1354] call remove
[1355] call remove
[1350] return 4640
[1356] call remove
[1351] return
[1357] call add(4655)
[1352] return 4641
[1358] call remove
[1353] return
[1354] return 4642
[1355] return 4643
[1359] call remove
[1356] return 4644
[1360] call add(4656)
[1361] call remove
[1362] call remove
[1357] return
[1363] call add(4657)
[1358] return 4645
[1364] call remove
[1359] return 4646
[1365] call add(4658)
[1360] return
[1361] return 4647
[1362] return 4648
[1366] call add(4659)
[1363] return
[1367] call remove
[1368] call remove
[1369] call remove
[1364] return 4649
[1370] call remove
[1365] return
[1371] call add(4660)
[1366] return
[1372] call add(4661)
[1367] return 4650
[1368] return 4651
[1369] return 4652
[1373] call remove
[1370] return 4653
[1374] call add(4662)
[1375] call remove
[1376] call remove
[1371] return
[1377] call remove
[1372] return
[1378] call add(4663)
[1373] return 4654
[1379] call remove
[1374] return
[1375] return 4655
[1376] return 4656
[1380] call remove
[1377] return 4657
[1381] call add(4664)
[1382] call add(4665)
[1383] call add(4666)
[1378] return
[1384] call remove
[1379] return 4658
[1385] call add(4667)
[1380] return 4659
[1386] call add(4668)
[1381] return
[1382] return
[1383] return
[1387] call remove
[1384] return 4660
[1388] call add(4669)
[1389] call remove
[1390] call add(4670)
[1385] return
[1386] return
[1387] return 4661
[1391] call add(4671)
[1392] call remove
[1393] call add(4672)
[1388] return
[1394] call remove
[1389] return 4662
[1390] return
[1395] call remove
[1396] call add(4673)
[1391] return
[1397] call add(4674)
[1392] return 4663
[1393] return
[1394] return 4664
[1398] call remove
[1399] call add(4675)
[1400] call add(4676)
[1395] return 4665
[1401] call remove
[1396] return
[1397] return
[1402] call remove
[1403] call remove
[1398] return 4666
[1404] call remove
[1399] return
[1400] return
[1401] return 4667
[1405] call add(4677)
[1406] call remove
[1407] call remove
[1402] return 4668
[1408] call remove
[1403] return 4669
[1404] return 4670
[1409] call remove
[1410] call remove
[1405] return
[1411] call remove
[1406] return 4671
[1407] return 4672
[1408] return 4673
[1412] call add(4678)
[1413] call add(4679)
[1414] call remove
[1409] return 4674
[1415] call remove
[1410] return 4675
[1411] return 4676
[1416] call add(4680)
[1417] call remove
[1412] return
[1418] call add(4681)
[1413] return
[1414] return 4677
[1415] return 4678
[1419] call add(4682)
[1420] call remove
[1421] call remove
[1416] return
[1422] call remove
[1417] return 4679
[1418] return
[1423] call add(4683)
[1424] call remove
[1419] return
[1425] call add(4684)
[1420] return 4680
[1421] return 4681
[1422] return 4682
[1426] call add(4685)
[1427] call remove
[1428] call add(4686)
[1423] return
[1429] call add(4687)
[1424] return 4683
[1425] return
[1430] call remove
[1431] call remove
[1426] return
[1432] call add(4688)
[1427] return 4684
[1428] return
[1429] return
[1433] call remove
[1434] call add(4689)
[1435] call add(4690)
[1430] return 4685
[1436] call add(4691)
[1431] return 4686
[1432] return
[1437] call remove
[1438] call add(4692)
[1433] return 4687
[1439] call add(4693)
[1434] return
[1435] return
[1436] return
[1440] call remove
[1441] call add(4694)
[1442] call remove
[1437] return 4688
[1443] call remove
[1438] return
[1439] return
[1444] call remove
[1445] call add(4695)
[1440] return 4689
[1446] call add(4696)
[1441] return
[1442] return 4690
[1443] return 4691
[1447] call add(4697)
[1448] call add(4698)
[1449] call add(4699)
[1444] return 4692
[1450] call add(4700)
[1445] return
[1446] return
[1451] call remove
[1452] call remove
[1447] return
[1453] call remove
[1448] return
[1449] return
[1450] return
[1454] call remove
[1455] call remove
[1456] call add(4701)
[1451] return 4693
[1457] call remove
[1452] return 4694
[1453] return 4695
[1458] call remove
[1459] call remove
[1454] return 4696
[1460] call remove
[1455] return 4697
[1456] return
[1457] return 4698
[1461] call remove
[1462] call add(4702)
[1463] call remove
[1458] return 4699
[1464] call add(4703)
[1459] return 4700
[1460] return 4701
[1465] call remove
[1466] call remove
[1461] return empty
[1467] call add(4704)
[1462] return
[1463] return 4702
[1464] return
[1468] call add(4705)
[1469] call add(4706)
[1470] call add(4707)
[1465] return 4703
[1471] call remove
[1466] return empty
[1467] return
[1472] call remove
[1473] call add(4708)
[1468] return
[1474] call remove
[1469] return
[1470] return
[1471] return 4704
[1475] call add(4709)
[1476] call add(4710)
[1477] call add(4711)
[1472] return 4705
[1478] call add(4712)
[1473] return
[1474] return 4706
[1479] call remove
[1480] call remove
[1475] return
[1481] call remove
[1476] return
[1477] return
[1478] return
[1482] call remove
[1483] call remove
[1484] call add(4713)
[1479] return 4707
[1485] call remove
[1480] return 4708
[1481] return 4709
[1486] call add(4714)
[1487] call add(4715)
[1482] return 4710
[1488] call add(4716)
[1483] return 4711
[1484] return
[1485] return 4712
[1489] call add(4717)
[1490] call add(4718)
[1491] call add(4719)
[1486] return
[1492] call add(4720)
[1487] return
[1488] return
[1493] call add(4721)
[1494] call add(4722)
[1489] return
[1495] call remove
[1490] return
[1491] return
[1492] return
[1496] call add(4723)
[1497] call remove
[1498] call remove
[1493] return
[1499] call add(4724)
[1494] return
[1495] return 4713
[1500] call remove
[1501] call remove
[1496] return
[1502] call remove
[1497] return 4714
[1498] return 4715
[1499] return
[1503] call add(4725)
[1504] call remove
[1505] call add(4726)
[1500] return 4716
[1506] call remove
[1501] return 4717
[1502] return 4718
[1507] call add(4727)
[1508] call remove
[1503] return
[1509] call add(4728)
[1504] return 4719
[1505] return
[1506] return 4720
[1510] call add(4729)
[1511] call remove
[1512] call remove
[1507] return
[1513] call remove
[1508] return 4721
[1509] return
[1514] call remove
[1515] call add(4730)
[1510] return
[1516] call remove
[1511] return 4722
[1512] return 4723
[1513] return 4724
[1517] call remove
[1518] call remove
[1519] call remove
[1514] return 4725
[1520] call remove
[1515] return
[1516] return 4726
[1521] call add(4731)
[1522] call add(4732)
[1517] return 4727
[1523] call remove
[1518] return 4728
[1519] return 4729
[1520] return 4730
[1524] call remove
[1525] call remove
[1526] call add(4733)
[1521] return
[1527] call remove
[1522] return
[1523] return 4731
[1528] call remove
[1529] call add(4734)
[1524] return 4732
[1530] call remove
[1525] return empty
[1526] return
[1527] return 4733
[1531] call remove
[1532] call remove
[1533] call add(4735)
[1528] return empty
[1534] call add(4736)
[1529] return
[1530] return 4734
[1535] call remove
[1536] call remove
[1537] call add(4737)
[1531] return empty
[1532] return empty
[1534] return
[1538] call remove
[1533] return
[1539] call add(4738)
[1535] return 4736
[1536] return 4735
[1540] call remove
[1537] return
[1541] call remove
[1542] call remove
[1543] call remove
[1544] call remove
[1538] return 4737
[1539] return
[1540] return 4738
[1545] call remove
[1541] return empty
[1546] call add(4739)
[1542] return empty
[1543] return empty
[1547] call add(4740)
[1544] return empty
[1548] call remove
[1549] call add(4741)
[1550] call remove
[1551] call remove
[1545] return empty
[1546] return
[1547] return
[1552] call add(4742)
[1548] return 4739
[1553] call remove
[1549] return
[1550] return 4740
[1554] call add(4743)
[1551] return 4741
[1555] call remove
[1556] call add(4744)
[1557] call add(4745)
[1558] call add(4746)
[1552] return
[1553] return 4742
[1554] return
[1559] call add(4747)
[1555] return 4743
[1560] call add(4748)
[1556] return
[1557] return
[1561] call add(4749)
[1558] return
[1562] call remove
[1563] call remove
[1564] call add(4750)
[1559] return
[1565] call add(4751)
[1560] return
[1562] return 4744
[1561] return
[1566] call remove
[1567] call remove
[1568] call add(4752)
[1563] return 4745
[1569] call remove
[1564] return
[1565] return
[1570] call remove
[1571] call remove
[1566] return 4746
[1572] call remove
[1567] return 4747
[1568] return
[1569] return 4748
[1573] call remove
[1574] call add(4753)
[1575] call remove
[1570] return 4749
[1576] call add(4754)
[1571] return 4750
[1572] return 4751
[1577] call remove
[1578] call add(4755)
[1573] return 4752
[1579] call remove
[1574] return
[1575] return 4753
[1576] return
[1580] call add(4756)
[1581] call remove
[1582] call remove
[1577] return 4754
[1583] call remove
[1578] return
[1579] return 4755
[1584] call remove
[1585] call remove
[1580] return
[1586] call remove
[1581] return 4756
[1582] return empty
[1583] return empty
[1587] call remove
[1588] call remove
[1589] call add(4757)
[1584] return empty
[1590] call remove
[1585] return empty
[1586] return empty
[1591] call add(4758)
[1592] call add(4759)
[1587] return empty
[1593] call remove
[1588] return empty
[1589] return
[1590] return 4757
[1594] call remove
[1595] call remove
[1596] call remove
[1591] return
[1597] call remove
[1592] return
[1593] return 4758
[1598] call remove
[1599] call remove
[1594] return 4759
[1600] call add(4760)
[1595] return empty
[1596] return empty
[1597] return empty
[1601] call add(4761)
[1602] call remove
[1603] call remove
[1598] return empty
[1604] call add(4762)
[1599] return empty
[1600] return
[1605] call remove
[1606] call add(4763)
[1601] return
[1607] call remove
[1602] return 4760
[1603] return 4761
[1604] return
[1608] call remove
[1609] call remove
[1610] call remove
[1605] return 4762
[1611] call add(4764)
[1606] return
[1607] return 4763
[1608] return empty
[1609] return empty
[1612] call remove
[1613] call add(4765)
[1614] call remove
[1615] call add(4766)
[1610] return empty
[1611] return
[1616] call add(4767)
[1617] call add(4768)
[1618] call add(4769)
[1612] return 4764
[1613] return
[1614] return 4765
[1615] return
[1616] return
[1619] call add(4770)
[1620] call add(4771)
[1621] call add(4772)
[1622] call add(4773)
[1617] return
[1618] return
[1623] call add(4774)
[1620] return
[1624] call remove
[1625] call add(4775)
[1619] return
[1626] call add(4776)
[1623] return
[1627] call add(4777)
[1622] return
[1621] return
[1624] return 4766
[1625] return
[1628] call add(4778)
[1629] call remove
[1630] call remove
[1626] return
[1631] call remove
[1632] call add(4779)
[1627] return
[1633] call remove
[1628] return
[1634] call add(4780)
[1629] return 4767
[1630] return 4768
[1631] return 4769
[1632] return
[1635] call add(4781)
[1636] call add(4782)
[1637] call remove
[1633] return 4770
[1638] call add(4783)
[1639] call add(4784)
[1634] return
[1640] call remove
[1635] return
[1641] call remove
[1636] return
[1637] return 4771
[1638] return
[1639] return
[1642] call add(4785)
[1643] call add(4786)
[1644] call remove
[1640] return 4774
[1645] call remove
[1646] call add(4787)
[1641] return 4773
[1647] call remove
[1642] return
[1648] call remove
[1643] return
[1644] return 4772
[1645] return 4775
[1646] return
[1649] call remove
[1650] call add(4788)
[1651] call remove
[1647] return 4776
[1652] call remove
[1653] call remove
[1648] return 4777
[1654] call remove
[1649] return 4778
[1655] call remove
[1650] return
[1651] return 4779
[1652] return 4780
[1653] return 4781
[1656] call add(4789)
[1657] call remove
[1658] call add(4790)
[1654] return 4782
[1659] call add(4791)
[1660] call remove
[1655] return 4783
[1661] call remove
[1656] return
[1662] call add(4792)
[1657] return 4784
[1658] return
[1659] return
[1660] return 4785
[1663] call remove
[1664] call remove
[1665] call remove
[1661] return 4786
[1666] call remove
[1667] call remove
[1662] return
[1668] call add(4793)
[1663] return 4787
[1669] call add(4794)
[1664] return 4788
[1665] return 4789
[1666] return 4790
[1667] return 4791
[1670] call remove
[1671] call remove
[1672] call add(4795)
[1668] return
[1673] call add(4796)
[1674] call remove
[1669] return
[1675] call remove
[1670] return 4792
[1676] call add(4797)
[1671] return 4793
[1672] return
[1673] return
[1674] return 4794
[1677] call remove
[1678] call remove
[1679] call add(4798)
[1675] return 4795
[1680] call remove
[1681] call add(4799)
[1676] return
[1682] call remove
[1677] return 4796
[1683] call remove
[1678] return 4797
[1679] return
[1680] return 4798
[1681] return
[1684] call add(4800)
[1685] call remove
[1686] call remove
[1682] return 4799
[1687] call add(4801)
[1688] call remove
[1683] return empty
[1689] call remove
[1684] return
[1690] call add(4802)
[1685] return 4800
[1686] return empty
[1687] return
[1688] return 4801
[1691] call remove
[1692] call remove
[1693] call remove
[1689] return empty
[1694] call add(4803)
[1695] call add(4804)
[1690] return
[1696] call add(4805)
[1691] return 4802
[1697] call remove
[1692] return empty
[1693] return empty
[1694] return
[1696] return
[1698] call add(4806)
[1699] call remove
[1700] call remove
[1695] return
[1701] call add(4807)
[1702] call remove
[1697] return 4803
[1703] call remove
[1698] return
[1704] call add(4808)
[1700] return 4804
[1701] return
[1702] return 4805
[1699] return 4806
[1703] return 4807
[1704] return
