# @object atomic-queue
[1] call remove
[2] call add(2057)
[3] call add(2058)
[4] call add(2059)
[1] return empty
[3] return
[4] return
[5] call add(2060)
[2] return
[6] call remove
[7] call add(2061)
[8] call remove
[9] call add(2062)
[10] call add(2063)
[5] return
[11] call remove
[6] return 2057
[7] return
[8] return 2058
[9] return
[12] call add(2064)
[10] return
[13] call remove
[14] call add(2065)
[15] call remove
[16] call add(2066)
[17] call add(2067)
[11] return 2059
[12] return
[18] call remove
[13] return 2060
[14] return
[15] return 2061
[16] return
[19] call add(2068)
[17] return
[20] call add(2069)
[21] call remove
[22] call add(2070)
[23] call remove
[24] call add(2071)
[18] return 2062
[19] return
[25] call remove
[20] return
[21] return 2063
[22] return
[23] return 2064
[26] call add(2072)
[24] return
[27] call add(2073)
[28] call add(2074)
[29] call remove
[30] call remove
[31] call remove
[25] return 2065
[26] return
[32] call add(2075)
[27] return
[28] return
[29] return 2066
[30] return 2067
[33] call remove
[31] return 2068
[34] call add(2076)
[35] call remove
[36] call add(2077)
[37] call add(2078)
[38] call add(2079)
[32] return
[33] return 2069
[39] call remove
[34] return
[35] return 2070
[36] return
[37] return
[40] call remove
[38] return
[41] call remove
[42] call remove
[43] call add(2080)
[44] call remove
[45] call add(2081)
[39] return 2071
[40] return 2072
[46] call add(2082)
[41] return 2073
[42] return 2074
[43] return
[44] return 2075
[47] call remove
[45] return
[48] call remove
[49] call remove
[50] call add(2083)
[51] call remove
[52] call remove
[46] return
[47] return 2076
[53] call add(2084)
[48] return 2077
[49] return 2078
[50] return
[51] return 2079
[54] call remove
[52] return 2080
[55] call remove
[56] call add(2085)
[57] call add(2086)
[58] call add(2087)
[59] call add(2088)
[53] return
[54] return 2081
[60] call remove
[55] return 2082
[56] return
[57] return
[58] return
[61] call add(2089)
[59] return
[62] call add(2090)
[63] call add(2091)
[64] call remove
[65] call add(2092)
[66] call remove
[60] return 2083
[61] return
[67] call remove
[62] return
[63] return
[64] return 2084
[65] return
[68] call add(2093)
[66] return 2085
[69] call add(2094)
[70] call add(2095)
[71] call remove
[72] call add(2096)
[73] call add(2097)
[67] return 2086
[68] return
[74] call remove
[69] return
[70] return
[71] return 2087
[72] return
[75] call add(2098)
[73] return
[76] call add(2099)
[77] call remove
[78] call remove
[79] call remove
[80] call add(2100)
[74] return 2088
[75] return
[81] call remove
[76] return
[77] return 2089
[78] return 2090
[79] return 2091
[82] call add(2101)
[80] return
[83] call add(2102)
[84] call add(2103)
[85] call add(2104)
[86] call remove
[87] call remove
[81] return 2092
[82] return
[88] call remove
[83] return
[84] return
[85] return
[86] return 2093
[89] call add(2105)
[87] return 2094
[90] call add(2106)
[91] call add(2107)
[92] call remove
[93] call remove
[94] call add(2108)
[88] return 2095
[89] return
[95] call add(2109)
[90] return
[91] return
[92] return 2096
[93] return 2097
[96] call remove
[94] return
[97] call remove
[98] call remove
[99] call add(2110)
[100] call remove
[101] call add(2111)
[95] return
[96] return 2098
[102] call remove
[97] return 2099
[98] return 2100
[99] return
[100] return 2101
[103] call remove
[101] return
[104] call add(2112)
[105] call add(2113)
[106] call add(2114)
[107] call add(2115)
[108] call remove
[102] return 2102
[103] return 2103
[109] call remove
[104] return
[105] return
[106] return
[107] return
[110] call remove
[108] return 2104
[111] call add(2116)
[112] call add(2117)
[113] call remove
[114] call remove
[115] call add(2118)
[109] return 2105
[110] return 2106
[116] call remove
[111] return
[112] return
[113] return 2107
[114] return 2108
[117] call add(2119)
[115] return
[118] call remove
[119] call remove
[120] call add(2120)
[121] call add(2121)
[122] call add(2122)
[116] return 2109
[117] return
[123] call add(2123)
[118] return 2110
[119] return 2111
[120] return
[121] return
[124] call remove
[122] return
[125] call remove
[126] call remove
[127] call remove
[128] call remove
[129] call remove
[123] return
[124] return 2112
[130] call remove
[125] return 2113
[126] return 2114
[127] return 2115
[128] return 2116
[131] call add(2124)
[129] return 2117
[132] call remove
[133] call add(2125)
[134] call remove
[135] call add(2126)
[136] call add(2127)
[130] return 2118
[131] return
[137] call add(2128)
[132] return 2119
[133] return
[134] return 2120
[135] return
[138] call add(2129)
[136] return
[139] call remove
[140] call remove
[141] call remove
[142] call add(2130)
[143] call remove
[137] return
[138] return
[144] call add(2131)
[139] return 2121
[140] return 2122
[141] return 2123
[142] return
[145] call add(2132)
[143] return 2124
[146] call remove
[147] call remove
[148] call remove
[149] call add(2133)
[150] call add(2134)
[144] return
[145] return
[151] call remove
[146] return 2125
[147] return 2126
[148] return 2127
[149] return
[152] call add(2135)
[150] return
[153] call add(2136)
[154] call remove
[155] call remove
[156] call remove
[157] call add(2137)
[151] return 2128
[152] return
[158] call remove
[153] return
[154] return 2129
[155] return 2130
[156] return 2131
[159] call remove
[157] return
[160] call remove
[161] call add(2138)
[162] call remove
[163] call remove
[164] call add(2139)
[158] return 2132
[159] return 2133
[165] call remove
[160] return 2134
[161] return
[162] return 2135
[163] return 2136
[166] call add(2140)
[164] return
[167] call remove
[168] call remove
[169] call remove
[170] call remove
[171] call add(2141)
[165] return 2137
[166] return
[170] return empty
[172] call add(2142)
[167] return 2138
[168] return 2139
[169] return 2140
[173] call add(2143)
[174] call add(2144)
[175] call add(2145)
[176] call add(2146)
[177] call add(2147)
[171] return
[172] return
[178] call remove
[173] return
[174] return
[179] call add(2148)
[175] return
[176] return
[177] return
[180] call remove
[181] call remove
[182] call remove
[183] call remove
[184] call remove
[178] return 2141
[179] return
[185] call add(2149)
[180] return 2142
[181] return 2143
[186] call add(2150)
[182] return 2144
[183] return 2145
[184] return 2146
[187] call remove
[188] call remove
[189] call add(2151)
[190] call remove
[191] call add(2152)
[185] return
[186] return
[192] call add(2153)
[187] return 2147
[188] return 2148
[193] call remove
[189] return
[190] return 2149
[191] return
[194] call remove
[195] call add(2154)
[196] call remove
[197] call add(2155)
[198] call remove
[192] return
[193] return 2150
[199] call add(2156)
[194] return 2151
[195] return
[200] call remove
[196] return 2152
[197] return
[198] return 2153
[201] call add(2157)
[202] call add(2158)
[203] call remove
[204] call add(2159)
[205] call remove
[199] return
[200] return 2154
[206] call add(2160)
[201] return
[202] return
[207] call remove
[203] return 2155
[204] return
[205] return 2156
[208] call remove
[209] call add(2161)
[210] call remove
[211] call add(2162)
[206] return
[212] call add(2163)
[207] return 2157
[209] return
[213] call remove
[208] return 2158
[214] call add(2164)
[215] call remove
[210] return 2159
[211] return
[216] call add(2165)
[212] return
[217] call add(2166)
[218] call remove
[213] return 2160
[219] call add(2167)
[214] return
[215] return 2161
[220] call add(2168)
[216] return
[221] call add(2169)
[222] call add(2170)
[217] return
[218] return 2162
[223] call remove
[219] return
[224] call add(2171)
[225] call add(2172)
[220] return
[226] call add(2173)
[221] return
[222] return
[227] call remove
[223] return 2163
[228] call add(2174)
[229] call add(2175)
[224] return
[225] return
[230] call add(2176)
[226] return
[231] call remove
[232] call remove
[227] return 2164
[233] call add(2177)
[228] return
[229] return
[234] call add(2178)
[230] return
[235] call add(2179)
[236] call remove
[231] return 2165
[232] return 2166
[237] call remove
[233] return
[238] call remove
[239] call remove
[234] return
[240] call remove
[235] return
[236] return 2167
[241] call remove
[237] return 2168
[242] call remove
[243] call add(2180)
[238] return 2169
[239] return 2170
[244] call add(2181)
[240] return 2171
[242] return 2173
[241] return 2172
[245] call remove
[246] call add(2182)
[247] call add(2183)
[243] return
[248] call remove
[249] call add(2184)
[250] call add(2185)
[244] return
[245] return 2174
[246] return
[247] return
[248] return 2175
[251] call add(2186)
[252] call add(2187)
[249] return
[253] call remove
[254] call add(2188)
[250] return
[255] call remove
[256] call remove
[257] call remove
[251] return
[252] return
[253] return 2176
[254] return
[255] return 2177
[258] call add(2189)
[259] call add(2190)
[256] return 2178
[260] call remove
[261] call remove
[257] return 2179
[262] call remove
[263] call add(2191)
[264] call remove
[258] return
[259] return
[260] return 2180
[261] return 2181
[262] return 2182
[265] call add(2192)
[266] call remove
[263] return
[267] call add(2193)
[268] call add(2194)
[264] return 2183
[269] call remove
[270] call remove
[271] call remove
[265] return
[266] return 2184
[267] return
[268] return
[269] return 2185
[272] call remove
[273] call remove
[270] return 2186
[274] call add(2195)
[275] call add(2196)
[271] return 2187
[276] call remove
[277] call add(2197)
[278] call add(2198)
[272] return 2188
[273] return 2189
[274] return
[275] return
[276] return 2190
[279] call remove
[280] call remove
[277] return
[281] call remove
[282] call remove
[278] return
[283] call remove
[284] call remove
[285] call remove
[279] return 2191
[280] return 2192
[281] return 2193
[282] return 2194
[283] return 2195
[286] call remove
[287] call add(2199)
[284] return 2196
[288] call remove
[289] call add(2200)
[285] return 2197
[290] call remove
[291] call add(2201)
[292] call remove
[286] return 2198
[287] return
[288] return 2199
[289] return
[290] return 2200
[293] call remove
[294] call add(2202)
[291] return
[295] call remove
[296] call remove
[292] return 2201
[297] call add(2203)
[298] call add(2204)
[299] call add(2205)
[293] return empty
[294] return
[295] return 2202
[296] return empty
[297] return
[300] call add(2206)
[301] call add(2207)
[298] return
[302] call remove
[303] call remove
[299] return
[304] call remove
[305] call remove
[306] call add(2208)
[300] return
[301] return
[302] return 2203
[303] return 2204
[304] return 2205
[307] call remove
[308] call add(2209)
[305] return 2206
[309] call remove
[310] call remove
[306] return
[311] call remove
[312] call remove
[313] call add(2210)
[307] return 2207
[308] return
[309] return 2208
[310] return 2209
[311] return empty
[314] call remove
[315] call remove
[312] return empty
[316] call remove
[317] call remove
[313] return
[318] call add(2211)
[319] call remove
[320] call remove
[314] return 2210
[315] return empty
[316] return empty
[317] return empty
[318] return
[321] call remove
[322] call remove
[319] return 2211
[323] call remove
[324] call add(2212)
[320] return empty
[325] call remove
[326] call add(2213)
[327] call remove
[321] return empty
[322] return empty
[323] return empty
[324] return
[325] return 2212
[328] call remove
[329] call remove
[326] return
[330] call remove
[331] call remove
[327] return 2213
[332] call add(2214)
[333] call remove
[334] call add(2215)
[328] return empty
[329] return empty
[330] return empty
[331] return empty
[332] return
[335] call remove
[336] call remove
[333] return 2214
[337] call remove
[338] call add(2216)
[334] return
[339] call remove
[340] call add(2217)
[341] call add(2218)
[335] return 2215
[336] return empty
[337] return empty
[338] return
[339] return 2216
[342] call remove
[343] call remove
[340] return
[344] call add(2219)
[345] call add(2220)
[341] return
[346] call add(2221)
[347] call add(2222)
[348] call remove
[342] return 2217
[343] return 2218
[344] return
[345] return
[346] return
[349] call add(2223)
[350] call remove
[347] return
[351] call remove
[352] call add(2224)
[348] return 2219
[353] call add(2225)
[354] call add(2226)
[355] call remove
[349] return
[350] return 2220
[351] return 2221
[352] return
[353] return
[356] call add(2227)
[357] call add(2228)
[354] return
[358] call add(2229)
[359] call remove
[355] return 2222
[360] call remove
[361] call add(2230)
[362] call remove
[356] return
[357] return
[358] return
[359] return 2223
[360] return 2224
[363] call add(2231)
[364] call add(2232)
[361] return
[365] call add(2233)
[366] call add(2234)
[362] return 2225
[367] call remove
[368] call add(2235)
[369] call add(2236)
[363] return
[364] return
[365] return
[366] return
[367] return 2226
[370] call add(2237)
[371] call remove
[368] return
[372] call remove
[373] call add(2238)
[369] return
[374] call remove
[375] call remove
[376] call remove
[370] return
[371] return 2227
[372] return 2228
[373] return
[374] return 2229
[377] call add(2239)
[378] call remove
[375] return 2230
[379] call remove
[380] call remove
[376] return 2231
[381] call remove
[382] call add(2240)
[383] call add(2241)
[377] return
[378] return 2232
[379] return 2233
[380] return 2234
[381] return 2235
[384] call remove
[385] call remove
[382] return
[386] call remove
[387] call add(2242)
[383] return
[388] call add(2243)
[389] call add(2244)
[390] call add(2245)
[384] return 2236
[385] return 2237
[386] return 2238
[387] return
[388] return
[391] call remove
[392] call add(2246)
[389] return
[393] call remove
[394] call remove
[390] return
[395] call remove
[396] call remove
[397] call remove
[391] return 2239
[392] return
[393] return 2240
[394] return 2241
[395] return 2242
[398] call add(2247)
[399] call add(2248)
[396] return 2243
[400] call remove
[401] call add(2249)
[397] return 2244
[402] call add(2250)
[403] call remove
[404] call add(2251)
[398] return
[399] return
[400] return 2245
[401] return
[402] return
[405] call add(2252)
[406] call remove
[403] return 2246
[407] call remove
[408] call remove
[404] return
[409] call add(2253)
[410] call add(2254)
[411] call add(2255)
[405] return
[406] return 2247
[407] return 2248
[408] return 2249
[409] return
[412] call add(2256)
[413] call remove
[410] return
[414] call add(2257)
[415] call remove
[411] return
[416] call add(2258)
[417] call add(2259)
[418] call remove
[412] return
[413] return 2250
[414] return
[415] return 2251
[416] return
[419] call remove
[420] call remove
[417] return
[421] call add(2260)
[422] call add(2261)
[418] return 2252
[423] call add(2262)
[424] call remove
[425] call remove
[419] return 2253
[420] return 2254
[421] return
[422] return
[423] return
[426] call remove
[427] call add(2263)
[424] return 2255
[428] call remove
[429] call remove
[425] return 2256
[430] call remove
[431] call add(2264)
[432] call add(2265)
[426] return 2257
[427] return
[428] return 2258
[429] return 2259
[430] return 2260
[433] call remove
[434] call remove
[431] return
[435] call remove
[436] call add(2266)
[432] return
[437] call remove
[438] call remove
[439] call add(2267)
[433] return 2261
[434] return 2262
[435] return 2263
[436] return
[437] return 2264
[440] call add(2268)
[441] call add(2269)
[438] return 2265
[442] call add(2270)
[443] call add(2271)
[439] return
[444] call remove
[445] call remove
[446] call add(2272)
[440] return
[441] return
[442] return
[443] return
[444] return 2266
[447] call remove
[448] call add(2273)
[445] return 2267
[449] call remove
[450] call remove
[446] return
[451] call add(2274)
[452] call add(2275)
[453] call remove
[447] return 2268
[448] return
[449] return 2269
[450] return 2270
[451] return
[454] call remove
[455] call remove
[452] return
[456] call add(2276)
[457] call add(2277)
[453] return 2271
[458] call add(2278)
[459] call add(2279)
[460] call remove
[454] return 2272
[455] return 2273
[456] return
[457] return
[458] return
[461] call remove
[462] call remove
[459] return
[463] call add(2280)
[464] call remove
[460] return 2274
[465] call add(2281)
[466] call remove
[467] call add(2282)
[461] return 2275
[462] return 2276
[463] return
[464] return 2277
[465] return
[468] call add(2283)
[469] call remove
[466] return 2278
[470] call remove
[471] call remove
[467] return
[472] call add(2284)
[473] call add(2285)
[474] call add(2286)
[468] return
[469] return 2279
[470] return 2280
[471] return 2281
[472] return
[475] call add(2287)
[476] call remove
[473] return
[477] call remove
[478] call add(2288)
[474] return
[479] call remove
[480] call remove
[481] call remove
[476] return 2282
[475] return
[479] return 2283
[477] return 2284
[478] return
[480] return 2285
[482] call remove
[481] return 2286
[483] call remove
[484] call add(2289)
[485] call remove
[486] call remove
[487] call remove
[488] call add(2290)
[485] return 2287
[482] return 2288
[483] return empty
[484] return
[486] return 2289
[489] call add(2291)
[490] call remove
[487] return empty
[491] call add(2292)
[492] call add(2293)
[488] return
[493] call add(2294)
[494] call remove
[495] call add(2295)
[489] return
[490] return 2290
[491] return
[492] return
[493] return
[496] call remove
[497] call add(2296)
[494] return 2291
[498] call add(2297)
[499] call add(2298)
[495] return
[500] call add(2299)
[501] call remove
[502] call add(2300)
[496] return 2292
[497] return
[498] return
[499] return
[500] return
[503] call add(2301)
[504] call remove
[501] return 2293
[505] call remove
[506] call add(2302)
[502] return
[507] call remove
[508] call add(2303)
[509] call add(2304)
[504] return 2294
[503] return
[505] return 2295
[506] return
[507] return 2296
[510] call add(2305)
[511] call remove
[508] return
[512] call remove
[513] call remove
[509] return
[514] call remove
[515] call remove
[516] call remove
[510] return
[511] return 2297
[512] return 2298
[513] return 2299
[514] return 2300
[517] call remove
[518] call remove
[515] return 2301
[519] call remove
[520] call add(2306)
[516] return 2302
[521] call add(2307)
[522] call remove
[523] call remove
[517] return 2303
[518] return 2304
[519] return 2305
[520] return
[521] return
[524] call add(2308)
[525] call remove
[522] return 2306
[526] call remove
[527] call add(2309)
[523] return 2307
[528] call remove
[529] call remove
[530] call remove
[524] return
[525] return 2308
[526] return empty
[527] return
[528] return 2309
[531] call add(2310)
[532] call add(2311)
[529] return empty
[533] call remove
[534] call remove
[530] return empty
[535] call add(2312)
[536] call remove
[537] call add(2313)
[531] return
[532] return
[533] return 2310
[534] return 2311
[535] return
[538] call add(2314)
[539] call remove
[536] return 2312
[540] call remove
[541] call add(2315)
[537] return
[542] call add(2316)
[543] call add(2317)
[544] call remove
[538] return
[539] return 2313
[540] return 2314
[541] return
[542] return
[545] call add(2318)
[546] call remove
[543] return
[547] call remove
[548] call add(2319)
[544] return 2315
[549] call add(2320)
[550] call remove
[551] call add(2321)
[545] return
[546] return 2316
[547] return 2317
[548] return
[549] return
[552] call add(2322)
[553] call remove
[550] return 2318
[554] call add(2323)
[555] call remove
[551] return
[556] call remove
[557] call add(2324)
[558] call add(2325)
[552] return
[553] return 2319
[554] return
[555] return 2320
[556] return 2321
[559] call add(2326)
[560] call add(2327)
[557] return
[561] call add(2328)
[562] call remove
[558] return
[563] call add(2329)
[564] call remove
[565] call add(2330)
[559] return
[560] return
[561] return
[562] return 2322
[563] return
[566] call remove
[567] call remove
[564] return 2323
[568] call add(2331)
[569] call remove
[565] return
[570] call add(2332)
[571] call add(2333)
[572] call remove
[566] return 2324
[567] return 2325
[568] return
[569] return 2326
[570] return
[573] call remove
[574] call remove
[571] return
[575] call add(2334)
[576] call remove
[572] return 2327
[577] call remove
[578] call remove
[579] call add(2335)
[573] return 2328
[574] return 2329
[575] return
[576] return 2330
[577] return 2331
[580] call remove
[581] call add(2336)
[578] return 2332
[582] call add(2337)
[583] call add(2338)
[579] return
[584] call add(2339)
[585] call add(2340)
[586] call add(2341)
[580] return 2333
[581] return
[582] return
[583] return
[584] return
[587] call remove
[588] call remove
[585] return
[589] call add(2342)
[590] call add(2343)
[586] return
[591] call add(2344)
[592] call remove
[593] call add(2345)
[587] return 2334
[588] return 2335
[589] return
[590] return
[591] return
[594] call remove
[595] call add(2346)
[592] return 2336
[596] call remove
[597] call remove
[593] return
[598] call remove
[599] call add(2347)
[600] call remove
[594] return 2337
[595] return
[596] return 2338
[597] return 2339
[598] return 2340
[601] call add(2348)
[602] call remove
[599] return
[603] call add(2349)
[604] call add(2350)
[600] return 2341
[605] call add(2351)
[606] call add(2352)
[607] call remove
[601] return
[602] return 2342
[603] return
[604] return
[605] return
[608] call add(2353)
[609] call add(2354)
[606] return
[610] call add(2355)
[611] call add(2356)
[607] return 2343
[612] call add(2357)
[613] call remove
[614] call add(2358)
[608] return
[609] return
[610] return
[611] return
[612] return
[615] call remove
[616] call add(2359)
[613] return 2344
[617] call remove
[618] call remove
[614] return
[619] call remove
[620] call remove
[621] call remove
[615] return 2345
[616] return
[617] return 2346
[618] return 2347
[619] return 2348
[622] call remove
[623] call add(2360)
[620] return 2349
[624] call add(2361)
[625] call add(2362)
[621] return 2350
[626] call remove
[627] call remove
[628] call add(2363)
[622] return 2351
[623] return
[624] return
[625] return
[626] return 2352
[629] call remove
[630] call remove
[627] return 2353
[631] call add(2364)
[632] call remove
[628] return
[633] call remove
[634] call remove
[635] call remove
[629] return 2354
[630] return 2355
[631] return
[632] return 2356
[633] return 2357
[636] call add(2365)
[637] call add(2366)
[634] return 2358
[638] call remove
[639] call remove
[635] return 2359
[640] call add(2367)
[641] call remove
[642] call remove
[636] return
[637] return
[638] return 2360
[639] return 2361
[640] return
[643] call remove
[644] call remove
[641] return 2362
[645] call remove
[646] call remove
[642] return 2363
[647] call remove
[648] call add(2368)
[649] call remove
[643] return 2364
[644] return 2365
[645] return 2366
[646] return 2367
[647] return empty
[650] call remove
[651] call remove
[648] return
[652] call remove
[653] call remove
[649] return 2368
[654] call remove
[655] call add(2369)
[656] call remove
[650] return empty
[651] return empty
[652] return empty
[653] return empty
[654] return empty
[657] call remove
[658] call add(2370)
[655] return
[659] call remove
[660] call remove
[656] return 2369
[661] call add(2371)
[662] call add(2372)
[663] call add(2373)
[657] return empty
[658] return
[659] return 2370
[660] return empty
[661] return
[664] call add(2374)
[665] call remove
[662] return
[666] call add(2375)
[667] call add(2376)
[663] return
[668] call remove
[669] call add(2377)
[670] call remove
[664] return
[665] return 2371
[666] return
[667] return
[668] return 2372
[671] call remove
[672] call add(2378)
[669] return
[673] call add(2379)
[674] call remove
[670] return 2373
[675] call remove
[676] call add(2380)
[677] call add(2381)
[671] return 2374
[672] return
[673] return
[674] return 2375
[675] return 2376
[678] call remove
[679] call remove
[676] return
[680] call remove
[681] call remove
[677] return
[682] call add(2382)
[683] call add(2383)
[684] call add(2384)
[678] return 2377
[679] return 2378
[680] return 2379
[681] return 2380
[682] return
[685] call add(2385)
[686] call add(2386)
[683] return
[687] call remove
[688] call add(2387)
[684] return
[689] call add(2388)
[690] call remove
[691] call remove
[685] return
[686] return
[687] return 2381
[688] return
[689] return
[692] call remove
[693] call remove
[690] return 2382
[694] call add(2389)
[695] call add(2390)
[691] return 2383
[696] call add(2391)
[697] call remove
[698] call remove
[692] return 2384
[693] return 2385
[694] return
[695] return
[696] return
[699] call remove
[700] call remove
[697] return 2386
[701] call add(2392)
[702] call remove
[698] return 2387
[703] call add(2393)
[704] call add(2394)
[705] call remove
[699] return 2388
[700] return 2389
[701] return
[702] return 2390
[703] return
[706] call add(2395)
[707] call remove
[704] return
[708] call remove
[709] call add(2396)
[705] return 2391
[710] call remove
[711] call add(2397)
[706] return
[707] return 2392
[708] return 2393
[712] call add(2398)
[713] call add(2399)
[714] call add(2400)
[715] call add(2401)
[709] return
[711] return
[710] return 2394
[716] call remove
[712] return
[717] call add(2402)
[718] call add(2403)
[713] return
[714] return
[715] return
[719] call remove
[720] call remove
[721] call add(2404)
[722] call remove
[716] return 2395
[717] return
[718] return
[723] call remove
[719] return 2396
[724] call remove
[725] call remove
[720] return 2397
[721] return
[722] return 2398
[726] call add(2405)
[727] call remove
[728] call remove
[729] call remove
[723] return 2399
[724] return 2400
[725] return 2401
[730] call add(2406)
[726] return
[731] call remove
[732] call add(2407)
[727] return 2402
[728] return 2403
[729] return 2404
[733] call remove
[734] call remove
[735] call remove
[736] call remove
[730] return
[731] return 2405
[732] return
[737] call add(2408)
[733] return 2406
[738] call remove
[739] call remove
[734] return 2407
[735] return empty
[736] return empty
[740] call remove
[741] call remove
[742] call add(2409)
[743] call add(2410)
[737] return
[738] return 2408
[739] return empty
[744] call add(2411)
[740] return empty
[745] call add(2412)
[746] call remove
[741] return empty
[742] return
[743] return
[747] call remove
[748] call add(2413)
[749] call add(2414)
[750] call add(2415)
[744] return
[745] return
[746] return 2409
[751] call remove
[747] return 2410
[752] call add(2416)
[753] call remove
[748] return
[749] return
[754] call remove
[755] call add(2417)
[750] return
[756] call remove
[751] return 2411
[752] return
[753] return 2412
[757] call add(2418)
[754] return 2413
[758] call add(2419)
[755] return
[759] call remove
[760] call add(2420)
[756] return 2414
[761] call remove
[762] call remove
[757] return
[763] call add(2421)
[758] return
[759] return 2415
[760] return
[764] call remove
[761] return 2416
[765] call remove
[762] return 2417
[766] call add(2422)
[767] call remove
[763] return
[768] call add(2423)
[769] call remove
[764] return 2418
[770] call remove
[765] return 2419
[766] return
[767] return 2420
[771] call add(2424)
[768] return
[772] call remove
[769] return 2421
[773] call remove
[774] call add(2425)
[770] return 2422
[775] call add(2426)
[776] call remove
[771] return
[777] call remove
[772] return 2423
[773] return 2424
[774] return
[778] call remove
[775] return
[779] call remove
[776] return 2425
[780] call remove
[781] call remove
[777] return 2426
[782] call remove
[783] call add(2427)
[778] return empty
[784] call remove
[779] return empty
[780] return empty
[781] return empty
[785] call remove
[782] return empty
[786] call remove
[783] return
[787] call remove
[788] call add(2428)
[784] return 2427
[789] call remove
[790] call add(2429)
[785] return empty
[791] call add(2430)
[786] return empty
[787] return empty
[788] return
[792] call add(2431)
[789] return 2428
[793] call add(2432)
[790] return
[794] call add(2433)
[795] call add(2434)
[791] return
[796] call add(2435)
[797] call remove
[792] return
[798] call remove
[793] return
[794] return
[795] return
[799] call add(2436)
[796] return
[800] call add(2437)
[797] return 2429
[801] call add(2438)
[802] call add(2439)
[798] return 2430
[803] call remove
[804] call add(2440)
[799] return
[805] call remove
[800] return
[801] return
[802] return
[806] call remove
[803] return 2431
[807] call add(2441)
[804] return
[808] call remove
[809] call add(2442)
[805] return 2432
[810] call remove
[811] call remove
[806] return 2433
[812] call add(2443)
[807] return
[808] return 2434
[809] return
[813] call add(2444)
[810] return 2435
[814] call add(2445)
[811] return 2436
[815] call remove
[816] call add(2446)
[812] return
[817] call add(2447)
[818] call remove
[813] return
[819] call add(2448)
[814] return
[815] return 2437
[816] return
[820] call remove
[817] return
[821] call remove
[818] return 2438
[822] call remove
[823] call add(2449)
[819] return
[824] call remove
[825] call add(2450)
[820] return 2439
[826] call remove
[821] return 2440
[822] return 2441
[823] return
[827] call remove
[824] return 2442
[828] call remove
[825] return
[829] call add(2451)
[830] call add(2452)
[826] return 2443
[831] call add(2453)
[832] call add(2454)
[827] return 2444
[833] call add(2455)
[828] return 2445
[829] return
[830] return
[834] call add(2456)
[831] return
[835] call remove
[832] return
[836] call add(2457)
[833] return
[837] call add(2458)
[838] call add(2459)
[839] call add(2460)
[835] return 2446
[834] return
[840] call add(2461)
[841] call remove
[836] return
[842] call add(2462)
[837] return
[838] return
[839] return
[843] call remove
[840] return
[844] call remove
[845] call add(2463)
[846] call remove
[841] return 2447
[842] return
[847] call remove
[848] call add(2464)
[843] return 2448
[849] call add(2465)
[844] return 2449
[845] return
[846] return 2450
[850] call remove
[847] return 2451
[851] call remove
[852] call add(2466)
[853] call add(2467)
[848] return
[849] return
[854] call add(2468)
[855] call add(2469)
[850] return 2452
[856] call remove
[851] return 2453
[852] return
[853] return
[857] call remove
[854] return
[858] call remove
[859] call remove
[860] call add(2470)
[855] return
[856] return 2454
[861] call add(2471)
[862] call remove
[857] return 2455
[863] call remove
[858] return 2456
[859] return 2457
[860] return
[864] call add(2472)
[861] return
[865] call remove
[866] call add(2473)
[867] call remove
[862] return 2458
[863] return 2459
[868] call remove
[869] call remove
[864] return
[870] call add(2474)
[865] return 2460
[866] return
[867] return 2461
[871] call remove
[868] return 2462
[872] call add(2475)
[873] call add(2476)
[874] call remove
[869] return 2463
[870] return
[875] call remove
[876] call remove
[871] return 2464
[877] call remove
[872] return
[873] return
[874] return 2465
[878] call remove
[875] return 2466
[879] call remove
[880] call add(2477)
[881] call add(2478)
[876] return 2467
[877] return 2468
[882] call add(2479)
[883] call remove
[878] return 2469
[884] call remove
[879] return 2470
[880] return
[881] return
[885] call remove
[882] return
[886] call add(2480)
[887] call remove
[888] call remove
[883] return 2471
[884] return 2472
[889] call remove
[890] call add(2481)
[885] return 2473
[891] call remove
[886] return
[887] return 2474
[888] return 2475
[892] call add(2482)
[889] return 2476
[893] call remove
[894] call add(2483)
[895] call remove
[890] return
[891] return 2477
[896] call add(2484)
[897] call add(2485)
[895] return 2479
[898] call add(2486)
[893] return 2478
[894] return
[892] return
[899] call add(2487)
[896] return
[900] call add(2488)
[901] call add(2489)
[902] call add(2490)
[897] return
[898] return
[903] call remove
[904] call remove
[899] return
[905] call add(2491)
[900] return
[901] return
[902] return
[906] call remove
[903] return 2480
[907] call add(2492)
[908] call remove
[909] call remove
[904] return 2481
[905] return
[909] return 2482
[910] call remove
[911] call remove
[912] call add(2493)
[913] call remove
[908] return 2483
[906] return 2484
[914] call remove
[907] return
[912] return
[915] call add(2494)
[911] return 2485
[916] call add(2495)
[913] return 2486
[917] call remove
[910] return 2487
[914] return 2488
[918] call remove
[919] call add(2496)
[920] call add(2497)
[915] return
[921] call add(2498)
[916] return
[917] return 2489
[922] call add(2499)
[923] call remove
[919] return
[924] call remove
[920] return
[918] return 2490
[921] return
[922] return
[925] call add(2500)
[926] call add(2501)
[927] call add(2502)
[928] call remove
[929] call add(2503)
[923] return 2491
[924] return 2492
[930] call remove
[925] return
[931] call remove
[926] return
[927] return
[928] return 2493
[929] return
[932] call remove
[933] call remove
[934] call remove
[935] call add(2504)
[936] call remove
[930] return 2494
[931] return 2495
[937] call add(2505)
[932] return 2496
[938] call add(2506)
[933] return 2497
[934] return 2498
[935] return
[936] return 2499
[939] call remove
[940] call add(2507)
[941] call add(2508)
[942] call add(2509)
[943] call remove
[937] return
[938] return
[939] return 2500
[940] return
[942] return
[943] return 2501
[941] return
[944] call add(2510)
[945] call remove
[946] call remove
[947] call add(2511)
[948] call remove
[949] call add(2512)
[950] call add(2513)
[944] return
[951] call remove
[945] return 2502
[947] return
[950] return
[946] return 2503
[948] return 2504
[952] call remove
[949] return
[951] return 2505
[953] call remove
[954] call add(2514)
[955] call add(2515)
[956] call add(2516)
[957] call remove
[958] call add(2517)
[952] return 2506
[953] return 2508
[954] return
[955] return
[956] return
[959] call remove
[957] return 2509
[958] return
[960] call remove
[961] call add(2518)
[962] call add(2519)
[963] call add(2520)
[964] call add(2521)
[965] call add(2522)
[959] return 2507
[960] return 2510
[961] return
[962] return
[963] return
[966] call add(2523)
[964] return
[965] return
[967] call add(2524)
[968] call remove
[969] call remove
[970] call add(2525)
[971] call remove
[972] call remove
[966] return
[967] return
[968] return 2511
[969] return 2513
[970] return
[973] call remove
[971] return 2512
[972] return 2514
[974] call remove
[975] call add(2526)
[976] call add(2527)
[977] call remove
[978] call add(2528)
[979] call add(2529)
[973] return 2515
[974] return 2516
[975] return
[976] return
[977] return 2517
[980] call remove
[978] return
[979] return
[981] call remove
[982] call add(2530)
[983] call remove
[984] call remove
[985] call add(2531)
[986] call remove
[980] return 2518
[981] return 2519
[982] return
[983] return 2520
[984] return 2521
[987] call remove
[985] return
[986] return 2522
[988] call remove
[989] call remove
[990] call add(2532)
[991] call remove
[992] call add(2533)
[993] call add(2534)
[987] return 2523
[988] return 2524
[989] return 2525
[990] return
[991] return 2526
[994] call add(2535)
[992] return
[993] return
[995] call remove
[996] call add(2536)
[997] call remove
[998] call add(2537)
[999] call add(2538)
[1000] call add(2539)
[994] return
[995] return 2527
[996] return
[997] return 2528
[998] return
[1001] call add(2540)
[999] return
[1000] return
[1002] call remove
[1003] call remove
[1004] call remove
[1005] call remove
[1006] call add(2541)
[1007] call remove
[1001] return
[1002] return 2529
[1003] return 2530
[1004] return 2531
[1005] return 2532
[1008] call remove
[1006] return
[1007] return 2533
[1009] call remove
[1010] call add(2542)
[1011] call remove
[1012] call add(2543)
[1013] call remove
[1014] call add(2544)
[1008] return 2534
[1009] return 2535
[1010] return
[1011] return 2536
[1012] return
[1015] call add(2545)
[1013] return 2537
[1014] return
[1016] call add(2546)
[1017] call add(2547)
[1018] call add(2548)
[1019] call remove
[1020] call remove
[1021] call add(2549)
[1015] return
[1016] return
[1017] return
[1018] return
[1019] return 2538
[1022] call add(2550)
[1020] return 2539
[1021] return
[1023] call add(2551)
[1024] call add(2552)
[1025] call add(2553)
[1026] call remove
[1027] call add(2554)
[1028] call add(2555)
[1022] return
[1023] return
[1024] return
[1025] return
[1026] return 2540
[1029] call remove
[1027] return
[1028] return
[1030] call add(2556)
[1031] call remove
[1032] call add(2557)
[1033] call remove
[1034] call add(2558)
[1035] call add(2559)
[1029] return 2541
[1030] return
[1031] return 2542
[1032] return
[1033] return 2543
[1036] call remove
[1034] return
[1035] return
[1037] call add(2560)
[1038] call add(2561)
[1039] call add(2562)
[1040] call remove
[1041] call add(2563)
[1042] call remove
[1036] return 2544
[1037] return
[1038] return
[1039] return
[1040] return 2545
[1043] call remove
[1041] return
[1042] return 2546
[1044] call remove
[1045] call add(2564)
[1046] call remove
[1047] call add(2565)
[1048] call add(2566)
[1049] call add(2567)
[1043] return 2547
[1044] return 2548
[1045] return
[1046] return 2549
[1047] return
[1050] call remove
[1048] return
[1049] return
[1051] call add(2568)
[1052] call remove
[1053] call remove
[1054] call add(2569)
[1055] call add(2570)
[1056] call add(2571)
[1050] return 2550
[1051] return
[1052] return 2551
[1053] return 2552
[1054] return
[1057] call add(2572)
[1055] return
[1056] return
[1058] call remove
[1059] call add(2573)
[1060] call add(2574)
[1061] call remove
[1062] call remove
[1063] call add(2575)
[1057] return
[1058] return 2553
[1059] return
[1060] return
[1061] return 2554
[1064] call remove
[1062] return 2555
[1063] return
[1065] call remove
[1066] call add(2576)
[1067] call add(2577)
[1068] call add(2578)
[1069] call add(2579)
[1070] call remove
[1064] return 2556
[1065] return 2557
[1066] return
[1067] return
[1068] return
[1071] call add(2580)
[1069] return
[1070] return 2558
[1072] call add(2581)
[1073] call add(2582)
[1074] call add(2583)
[1075] call remove
[1076] call remove
[1077] call remove
[1071] return
[1072] return
[1073] return
[1074] return
[1075] return 2559
[1078] call remove
[1076] return 2560
[1077] return 2561
[1079] call remove
[1080] call add(2584)
[1081] call add(2585)
[1082] call add(2586)
[1083] call remove
[1084] call remove
[1081] return
[1079] return 2563
[1080] return
[1078] return 2562
[1082] return
[1085] call add(2587)
[1083] return 2564
[1084] return 2565
[1086] call remove
[1087] call remove
[1088] call remove
[1089] call remove
[1090] call add(2588)
[1091] call add(2589)
[1085] return
[1086] return 2566
[1087] return 2567
[1088] return 2568
[1089] return 2569
[1092] call remove
[1090] return
[1091] return
[1093] call remove
[1094] call add(2590)
[1095] call remove
[1096] call remove
[1097] call remove
[1098] call remove
[1092] return 2570
[1093] return 2571
[1094] return
[1095] return 2572
[1096] return 2573
[1099] call add(2591)
[1097] return 2574
[1098] return 2575
[1100] call add(2592)
[1101] call add(2593)
[1102] call remove
[1103] call add(2594)
[1104] call add(2595)
[1105] call add(2596)
[1099] return
[1104] return
[1101] return
[1102] return 2576
[1103] return
[1106] call add(2597)
[1100] return
[1105] return
[1107] call remove
[1108] call remove
[1109] call remove
[1110] call remove
[1111] call remove
[1112] call add(2598)
[1106] return
[1107] return 2577
[1108] return 2578
[1109] return 2579
[1110] return 2580
[1113] call remove
[1111] return 2581
[1112] return
[1114] call add(2599)
[1115] call add(2600)
[1116] call add(2601)
[1117] call add(2602)
[1118] call remove
[1119] call add(2603)
[1113] return 2582
[1114] return
[1115] return
[1116] return
[1117] return
[1120] call remove
[1118] return 2583
[1119] return
[1121] call remove
[1122] call remove
[1123] call remove
[1124] call remove
[1125] call add(2604)
[1126] call add(2605)
[1123] return 2587
[1121] return 2585
[1122] return 2586
[1120] return 2584
[1124] return 2588
[1127] call remove
[1125] return
[1126] return
[1128] call remove
[1129] call remove
[1130] call remove
[1131] call add(2606)
[1132] call remove
[1133] call remove
[1127] return 2589
[1128] return 2590
[1129] return 2591
[1130] return 2595
[1131] return
[1134] call remove
[1132] return 2593
[1133] return 2594
[1135] call remove
[1136] call add(2607)
[1137] call remove
[1138] call remove
[1139] call remove
[1140] call remove
[1134] return 2592
[1135] return 2596
[1136] return
[1137] return 2597
[1138] return 2598
[1141] call remove
[1139] return 2599
[1140] return 2600
[1142] call remove
[1143] call remove
[1144] call add(2608)
[1145] call add(2609)
[1146] call add(2610)
[1147] call add(2611)
[1141] return 2601
[1142] return 2602
[1143] return 2603
[1144] return
[1145] return
[1148] call add(2612)
[1146] return
[1147] return
[1149] call remove
[1150] call remove
[1151] call add(2613)
[1152] call remove
[1153] call add(2614)
[1154] call add(2615)
[1148] return
[1149] return 2604
[1150] return 2605
[1151] return
[1152] return 2606
[1155] call remove
[1153] return
[1154] return
[1156] call add(2616)
[1157] call remove
[1158] call remove
[1159] call add(2617)
[1160] call add(2618)
[1161] call remove
[1155] return 2607
[1156] return
[1157] return 2608
[1158] return 2609
[1159] return
[1162] call add(2619)
[1160] return
[1161] return 2610
[1163] call add(2620)
[1164] call add(2621)
[1165] call add(2622)
[1166] call remove
[1167] call remove
[1168] call add(2623)
[1162] return
[1163] return
[1164] return
[1165] return
[1166] return 2611
[1167] return 2612
[1168] return
[1169] call remove
[1170] call add(2624)
[1171] call remove
[1172] call add(2625)
[1173] call remove
[1174] call remove
[1175] call add(2626)
[1169] return 2613
[1176] call add(2627)
[1170] return
[1173] return 2614
[1174] return 2615
[1171] return 2616
[1172] return
[1175] return
[1177] call remove
[1176] return
[1178] call add(2628)
[1179] call remove
[1180] call add(2629)
[1181] call remove
[1182] call remove
[1183] call add(2630)
[1177] return 2617
[1178] return
[1179] return 2618
[1180] return
[1181] return 2619
[1182] return 2620
[1184] call add(2631)
[1183] return
[1185] call remove
[1186] call add(2632)
[1187] call add(2633)
[1188] call remove
[1189] call remove
[1190] call add(2634)
[1184] return
[1185] return 2621
[1186] return
[1187] return
[1188] return 2622
[1189] return 2623
[1191] call add(2635)
[1190] return
[1192] call remove
[1193] call remove
[1194] call add(2636)
[1195] call remove
[1196] call add(2637)
[1197] call add(2638)
[1191] return
[1192] return 2624
[1193] return 2625
[1194] return
[1195] return 2626
[1196] return
[1198] call remove
[1197] return
[1199] call add(2639)
[1200] call add(2640)
[1201] call add(2641)
[1202] call add(2642)
[1203] call remove
[1204] call add(2643)
[1198] return 2627
[1199] return
[1200] return
[1201] return
[1202] return
[1203] return 2628
[1205] call add(2644)
[1204] return
[1206] call remove
[1207] call add(2645)
[1208] call add(2646)
[1209] call add(2647)
[1210] call remove
[1211] call add(2648)
[1205] return
[1206] return 2629
[1207] return
[1208] return
[1209] return
[1210] return 2630
[1212] call add(2649)
[1211] return
[1213] call add(2650)
[1214] call remove
[1215] call add(2651)
[1216] call add(2652)
[1217] call remove
[1218] call remove
[1212] return
[1213] return
[1214] return 2631
[1215] return
[1216] return
[1217] return 2632
[1219] call add(2653)
[1218] return 2633
[1220] call remove
[1221] call remove
[1222] call remove
[1223] call remove
[1224] call add(2654)
[1225] call add(2655)
[1219] return
[1220] return 2634
[1221] return 2635
[1222] return 2636
[1223] return 2637
[1224] return
[1226] call add(2656)
[1225] return
[1227] call remove
[1228] call remove
[1229] call add(2657)
[1230] call remove
[1231] call remove
[1232] call add(2658)
[1226] return
[1227] return 2638
[1228] return 2639
[1229] return
[1230] return 2640
[1231] return 2641
[1233] call add(2659)
[1232] return
[1234] call add(2660)
[1235] call remove
[1236] call remove
[1237] call add(2661)
[1238] call add(2662)
[1239] call add(2663)
[1233] return
[1234] return
[1235] return 2642
[1236] return 2643
[1237] return
[1238] return
[1240] call add(2664)
[1239] return
[1241] call remove
[1242] call add(2665)
[1243] call remove
[1244] call add(2666)
[1245] call add(2667)
[1246] call add(2668)
[1240] return
[1241] return 2644
[1242] return
[1243] return 2645
[1244] return
[1245] return
[1247] call add(2669)
[1246] return
[1248] call remove
[1249] call remove
[1250] call add(2670)
[1251] call remove
[1252] call add(2671)
[1253] call add(2672)
[1247] return
[1248] return 2646
[1249] return 2647
[1250] return
[1251] return 2648
[1252] return
[1254] call remove
[1253] return
[1255] call add(2673)
[1256] call add(2674)
[1257] call add(2675)
[1258] call remove
[1259] call add(2676)
[1260] call remove
[1254] return 2649
[1255] return
[1256] return
[1257] return
[1258] return 2650
[1259] return
[1261] call remove
[1260] return 2651
[1262] call remove
[1263] call remove
[1264] call add(2677)
[1265] call remove
[1266] call add(2678)
[1267] call add(2679)
[1261] return 2652
[1262] return 2653
[1263] return 2654
[1264] return
[1265] return 2655
[1266] return
[1268] call remove
[1267] return
[1269] call add(2680)
[1270] call add(2681)
[1271] call remove
[1272] call add(2682)
[1273] call add(2683)
[1274] call remove
[1268] return 2656
[1269] return
[1270] return
[1271] return 2657
[1272] return
[1273] return
[1275] call remove
[1274] return 2658
[1276] call remove
[1277] call remove
[1278] call remove
[1279] call remove
[1280] call add(2684)
[1281] call add(2685)
[1275] return 2659
[1276] return 2660
[1277] return 2661
[1278] return 2662
[1279] return 2663
[1280] return
[1282] call add(2686)
[1281] return
[1283] call add(2687)
[1284] call remove
[1285] call remove
[1286] call remove
[1287] call remove
[1288] call add(2688)
[1282] return
[1283] return
[1284] return 2664
[1285] return 2665
[1286] return 2666
[1287] return 2667
[1289] call remove
[1288] return
[1290] call add(2689)
[1291] call remove
[1292] call remove
[1293] call add(2690)
[1294] call remove
[1295] call remove
[1289] return 2668
[1290] return
[1291] return 2669
[1292] return 2670
[1293] return
[1294] return 2671
[1296] call add(2691)
[1295] return 2672
[1297] call remove
[1298] call add(2692)
[1299] call remove
[1300] call remove
[1301] call add(2693)
[1302] call add(2694)
[1296] return
[1297] return 2673
[1298] return
[1299] return 2674
[1300] return 2675
[1301] return
[1303] call remove
[1302] return
[1304] call remove
[1305] call remove
[1306] call remove
[1307] call add(2695)
[1308] call add(2696)
[1309] call add(2697)
[1303] return 2676
[1304] return 2677
[1305] return 2678
[1306] return 2679
[1307] return
[1308] return
[1310] call remove
[1309] return
[1311] call add(2698)
[1312] call add(2699)
[1313] call remove
[1314] call add(2700)
[1315] call add(2701)
[1316] call remove
[1310] return 2680
[1311] return
[1312] return
[1313] return 2681
[1314] return
[1315] return
[1317] call add(2702)
[1316] return 2682
[1318] call add(2703)
[1319] call add(2704)
[1320] call remove
[1321] call remove
[1322] call add(2705)
[1323] call add(2706)
[1317] return
[1318] return
[1319] return
[1320] return 2683
[1321] return 2684
[1322] return
[1324] call add(2707)
[1323] return
[1325] call add(2708)
[1326] call remove
[1327] call add(2709)
[1328] call add(2710)
[1329] call remove
[1330] call add(2711)
[1324] return
[1325] return
[1326] return 2685
[1327] return
[1328] return
[1329] return 2686
[1331] call add(2712)
[1330] return
[1332] call remove
[1333] call remove
[1334] call remove
[1335] call remove
[1336] call remove
[1337] call remove
[1331] return
[1332] return 2687
[1333] return 2688
[1334] return 2689
[1335] return 2690
[1336] return 2691
[1338] call remove
[1337] return 2692
[1339] call remove
[1340] call add(2713)
[1341] call add(2714)
[1342] call remove
[1343] call remove
[1344] call add(2715)
[1338] return 2693
[1339] return 2694
[1340] return
[1341] return
[1342] return 2695
[1343] return 2696
[1345] call remove
[1344] return
[1346] call add(2716)
[1347] call add(2717)
[1348] call remove
[1349] call remove
[1350] call remove
[1351] call remove
[1345] return 2697
[1346] return
[1347] return
[1348] return 2698
[1349] return 2699
[1350] return 2700
[1352] call remove
[1351] return 2701
[1353] call remove
[1354] call remove
[1355] call remove
[1356] call remove
[1357] call remove
[1358] call remove
[1352] return 2702
[1353] return 2703
[1354] return 2704
[1355] return 2705
[1356] return 2706
[1357] return 2707
[1359] call remove
[1358] return 2708
[1360] call remove
[1361] call add(2718)
[1362] call remove
[1363] call remove
[1364] call remove
[1365] call remove
[1359] return 2709
[1360] return 2710
[1361] return
[1362] return 2711
[1363] return 2712
[1364] return 2713
[1366] call remove
[1365] return 2714
[1367] call add(2719)
[1368] call remove
[1369] call add(2720)
[1370] call remove
[1371] call add(2721)
[1372] call remove
[1366] return 2715
[1367] return
[1368] return 2716
[1369] return
[1370] return 2717
[1371] return
[1373] call add(2722)
[1372] return 2718
[1374] call add(2723)
[1375] call add(2724)
[1376] call add(2725)
[1377] call add(2726)
[1378] call remove
[1379] call remove
[1373] return
[1374] return
[1375] return
[1376] return
[1377] return
[1378] return 2719
[1380] call remove
[1379] return 2720
[1381] call remove
[1382] call add(2727)
[1383] call remove
[1384] call remove
[1385] call add(2728)
[1386] call remove
[1380] return 2721
[1381] return 2722
[1382] return
[1383] return 2723
[1384] return 2724
[1385] return
[1387] call add(2729)
[1386] return 2725
[1388] call remove
[1389] call add(2730)
[1390] call add(2731)
[1391] call remove
[1392] call add(2732)
[1393] call add(2733)
[1387] return
[1388] return 2726
[1394] call add(2734)
[1389] return
[1395] call remove
[1392] return
[1390] return
[1393] return
[1391] return 2727
[1396] call add(2735)
[1394] return
[1397] call remove
[1398] call add(2736)
[1399] call remove
[1400] call add(2737)
[1395] return 2728
[1401] call remove
[1396] return
[1402] call add(2738)
[1397] return 2729
[1401] return 2730
[1399] return 2732
[1400] return
[1403] call add(2739)
[1398] return
[1404] call remove
[1405] call remove
[1406] call remove
[1407] call add(2740)
[1402] return
[1408] call add(2741)
[1403] return
[1409] call add(2742)
[1404] return 2731
[1405] return 2733
[1406] return 2734
[1407] return
[1410] call add(2743)
[1408] return
[1411] call add(2744)
[1412] call remove
[1413] call remove
[1414] call remove
[1409] return
[1415] call add(2745)
[1410] return
[1416] call add(2746)
[1411] return
[1412] return 2735
[1413] return 2737
[1414] return 2736
[1417] call remove
[1415] return
[1418] call remove
[1419] call remove
[1420] call add(2747)
[1421] call add(2748)
[1416] return
[1422] call remove
[1417] return 2738
[1423] call add(2749)
[1418] return 2739
[1419] return 2740
[1420] return
[1421] return
[1424] call remove
[1422] return 2741
[1425] call add(2750)
[1426] call remove
[1427] call add(2751)
[1428] call add(2752)
[1423] return
[1428] return
[1429] call remove
[1430] call remove
[1424] return 2742
[1431] call add(2753)
[1426] return 2743
[1432] call add(2754)
[1427] return
[1425] return
[1429] return 2744
[1430] return 2745
[1433] call remove
[1434] call remove
[1435] call add(2755)
[1436] call add(2756)
[1431] return
[1437] call remove
[1433] return 2746
[1432] return
[1438] call add(2757)
[1434] return 2747
[1439] call remove
[1440] call add(2758)
[1435] return
[1436] return
[1437] return 2748
[1441] call add(2759)
[1442] call remove
[1443] call remove
[1438] return
[1444] call remove
[1439] return 2749
[1440] return
[1445] call add(2760)
[1441] return
[1446] call add(2761)
[1447] call remove
[1442] return 2752
[1443] return 2750
[1444] return 2751
[1448] call remove
[1449] call remove
[1450] call add(2762)
[1445] return
[1451] call remove
[1446] return
[1447] return 2753
[1452] call remove
[1448] return 2754
[1453] call add(2763)
[1454] call remove
[1449] return 2755
[1450] return
[1451] return 2756
[1455] call remove
[1456] call add(2764)
[1457] call remove
[1452] return 2757
[1458] call add(2765)
[1453] return
[1454] return 2758
[1459] call add(2766)
[1455] return 2759
[1460] call remove
[1461] call add(2767)
[1456] return
[1457] return 2760
[1458] return
[1462] call remove
[1463] call remove
[1464] call remove
[1459] return
[1465] call add(2768)
[1460] return 2761
[1461] return
[1466] call remove
[1462] return 2762
[1467] call add(2769)
[1468] call remove
[1463] return 2763
[1464] return 2764
[1465] return
[1469] call remove
[1470] call remove
[1471] call remove
[1466] return 2765
[1472] call add(2770)
[1467] return
[1468] return 2766
[1473] call add(2771)
[1469] return 2767
[1474] call add(2772)
[1475] call remove
[1470] return 2768
[1471] return 2769
[1472] return
[1476] call add(2773)
[1477] call add(2774)
[1478] call add(2775)
[1473] return
[1479] call remove
[1474] return
[1475] return 2770
[1480] call remove
[1476] return
[1481] call add(2776)
[1482] call add(2777)
[1477] return
[1478] return
[1479] return 2771
[1483] call add(2778)
[1484] call add(2779)
[1485] call add(2780)
[1480] return 2772
[1486] call add(2781)
[1481] return
[1482] return
[1487] call remove
[1483] return
[1488] call remove
[1489] call add(2782)
[1484] return
[1485] return
[1486] return
[1490] call add(2783)
[1491] call remove
[1492] call add(2784)
[1487] return 2773
[1493] call add(2785)
[1488] return 2774
[1489] return
[1494] call add(2786)
[1490] return
[1495] call remove
[1496] call add(2787)
[1491] return 2775
[1492] return
[1493] return
[1497] call add(2788)
[1498] call remove
[1499] call add(2789)
[1494] return
[1500] call remove
[1495] return 2776
[1496] return
[1501] call remove
[1497] return
[1502] call remove
[1503] call remove
[1498] return 2777
[1499] return
[1500] return 2778
[1504] call add(2790)
[1505] call add(2791)
[1506] call remove
[1501] return 2779
[1507] call add(2792)
[1502] return 2780
[1503] return 2781
[1508] call remove
[1504] return
[1509] call add(2793)
[1510] call add(2794)
[1505] return
[1506] return 2782
[1507] return
[1511] call add(2795)
[1512] call add(2796)
[1513] call remove
[1508] return 2783
[1514] call remove
[1509] return
[1510] return
[1515] call add(2797)
[1511] return
[1516] call remove
[1517] call add(2798)
[1512] return
[1513] return 2784
[1514] return 2785
[1518] call remove
[1519] call add(2799)
[1520] call remove
[1515] return
[1521] call add(2800)
[1516] return 2786
[1517] return
[1522] call add(2801)
[1518] return 2787
[1523] call add(2802)
[1524] call add(2803)
[1519] return
[1520] return 2788
[1521] return
[1525] call remove
[1526] call add(2804)
[1527] call add(2805)
[1522] return
[1528] call remove
[1523] return
[1524] return
[1529] call add(2806)
[1525] return 2789
[1530] call remove
[1531] call add(2807)
[1526] return
[1527] return
[1528] return 2790
[1532] call remove
[1533] call add(2808)
[1534] call add(2809)
[1529] return
[1535] call add(2810)
[1530] return 2791
[1531] return
[1536] call remove
[1532] return 2792
[1537] call remove
[1538] call add(2811)
[1533] return
[1534] return
[1535] return
[1539] call remove
[1540] call remove
[1541] call remove
[1536] return 2793
[1542] call remove
[1537] return 2794
[1538] return
[1543] call add(2812)
[1539] return 2795
[1544] call add(2813)
[1545] call add(2814)
[1540] return 2796
[1541] return 2797
[1542] return 2798
[1546] call remove
[1547] call remove
[1548] call remove
[1543] return
[1549] call remove
[1544] return
[1545] return
[1550] call add(2815)
[1546] return 2799
[1551] call remove
[1552] call remove
[1547] return 2800
[1548] return 2801
[1549] return 2802
[1553] call remove
[1554] call add(2816)
[1555] call remove
[1550] return
[1556] call add(2817)
[1551] return 2803
[1552] return 2804
[1557] call remove
[1555] return 2806
[1553] return 2805
[1558] call remove
[1559] call add(2818)
[1554] return
[1560] call remove
[1561] call add(2819)
[1562] call add(2820)
[1556] return
[1557] return 2807
[1558] return 2808
[1559] return
[1563] call add(2821)
[1564] call remove
[1560] return 2809
[1561] return
[1565] call remove
[1566] call add(2822)
[1562] return
[1567] call add(2823)
[1568] call remove
[1569] call remove
[1563] return
[1564] return 2810
[1565] return 2811
[1566] return
[1570] call remove
[1571] call remove
[1567] return
[1568] return 2812
[1572] call remove
[1573] call remove
[1569] return 2813
[1574] call remove
[1575] call remove
[1576] call add(2824)
[1570] return 2814
[1571] return 2815
[1572] return 2816
[1573] return 2817
[1577] call remove
[1578] call remove
[1574] return 2818
[1575] return 2819
[1579] call remove
[1580] call remove
[1576] return
[1581] call remove
[1582] call remove
[1583] call add(2825)
[1577] return 2820
[1578] return 2821
[1579] return 2822
[1580] return 2823
[1584] call remove
[1585] call add(2826)
[1581] return 2824
[1582] return empty
[1586] call remove
[1587] call add(2827)
[1583] return
[1588] call remove
[1589] call remove
[1590] call remove
[1584] return 2825
[1585] return
[1586] return 2826
[1587] return
[1591] call add(2828)
[1592] call add(2829)
[1588] return 2827
[1589] return empty
[1593] call add(2830)
[1594] call remove
[1590] return empty
[1595] call add(2831)
[1596] call add(2832)
[1597] call remove
[1591] return
[1592] return
[1593] return
[1594] return 2828
[1598] call remove
[1599] call remove
[1595] return
[1596] return
[1600] call remove
[1601] call remove
[1597] return 2829
[1602] call add(2833)
[1603] call add(2834)
[1604] call add(2835)
[1598] return 2830
[1599] return 2831
[1600] return 2832
[1601] return empty
[1605] call add(2836)
[1606] call remove
[1602] return
[1603] return
[1607] call remove
[1608] call add(2837)
[1604] return
[1609] call remove
[1610] call add(2838)
[1611] call add(2839)
[1605] return
[1606] return 2833
[1607] return 2834
[1608] return
[1609] return 2835
[1611] return
[1610] return
[1612] call remove
[1613] call add(2840)
[1614] call remove
[1615] call remove
[1616] call add(2841)
[1617] call add(2842)
[1618] call add(2843)
[1612] return 2836
[1613] return
[1614] return 2837
[1619] call add(2844)
[1615] return 2838
[1616] return
[1617] return
[1618] return
[1620] call remove
[1621] call add(2845)
[1622] call remove
[1623] call add(2846)
[1624] call add(2847)
[1625] call remove
[1619] return
[1620] return 2839
[1621] return
[1626] call remove
[1622] return 2840
[1623] return
[1624] return
[1625] return 2841
[1627] call remove
[1628] call remove
[1629] call remove
[1630] call add(2848)
[1631] call remove
[1632] call remove
[1626] return 2842
[1627] return 2843
[1628] return 2844
[1633] call add(2849)
[1629] return 2845
[1630] return
[1631] return 2846
[1632] return 2847
[1634] call remove
[1635] call add(2850)
[1636] call add(2851)
[1637] call add(2852)
[1638] call add(2853)
[1639] call remove
[1633] return
[1634] return 2848
[1635] return
[1640] call add(2854)
[1636] return
[1637] return
[1638] return
[1639] return 2849
[1641] call add(2855)
[1642] call remove
[1643] call add(2856)
[1644] call remove
[1645] call add(2857)
[1646] call add(2858)
[1640] return
[1641] return
[1642] return 2850
[1647] call remove
[1643] return
[1644] return 2851
[1645] return
[1646] return
[1648] call add(2859)
[1649] call add(2860)
[1650] call add(2861)
[1651] call remove
[1652] call add(2862)
[1653] call add(2863)
[1647] return 2852
[1648] return
[1649] return
[1654] call add(2864)
[1650] return
[1651] return 2853
[1652] return
[1653] return
[1655] call add(2865)
[1656] call remove
[1657] call remove
[1658] call remove
[1659] call add(2866)
[1660] call remove
[1654] return
[1655] return
[1656] return 2854
[1661] call remove
[1657] return 2855
[1658] return 2856
[1659] return
[1660] return 2857
[1662] call add(2867)
[1663] call add(2868)
[1664] call add(2869)
[1665] call add(2870)
[1666] call add(2871)
[1667] call add(2872)
[1661] return 2858
[1662] return
[1663] return
[1668] call add(2873)
[1664] return
[1665] return
[1666] return
[1667] return
[1669] call remove
[1670] call add(2874)
[1671] call add(2875)
[1672] call add(2876)
[1673] call remove
[1674] call remove
[1668] return
[1669] return 2859
[1670] return
[1675] call add(2877)
[1671] return
[1672] return
[1673] return 2860
[1674] return 2861
[1676] call remove
[1677] call remove
[1678] call remove
[1679] call add(2878)
[1680] call remove
[1681] call remove
[1675] return
[1676] return 2862
[1677] return 2863
[1682] call add(2879)
[1678] return 2864
[1679] return
[1680] return 2865
[1681] return 2866
[1683] call remove
[1684] call add(2880)
[1685] call remove
[1686] call remove
[1687] call add(2881)
[1688] call add(2882)
[1682] return
[1683] return 2867
[1684] return
[1689] call remove
[1685] return 2868
[1686] return 2869
[1687] return
[1688] return
[1690] call remove
[1691] call add(2883)
[1692] call add(2884)
[1693] call remove
[1694] call add(2885)
[1695] call add(2886)
[1689] return 2870
[1690] return 2871
[1691] return
[1696] call add(2887)
[1692] return
[1693] return 2872
[1694] return
[1695] return
[1697] call add(2888)
[1698] call add(2889)
[1699] call add(2890)
[1700] call remove
[1701] call remove
[1702] call add(2891)
[1696] return
[1697] return
[1698] return
[1703] call remove
[1699] return
[1700] return 2873
[1701] return 2874
[1702] return
[1704] call remove
[1705] call remove
[1706] call add(2892)
[1707] call add(2893)
[1708] call remove
[1709] call add(2894)
[1703] return 2875
[1704] return 2876
[1705] return 2877
[1710] call remove
[1706] return
[1707] return
[1708] return 2878
[1709] return
[1711] call remove
[1712] call remove
[1713] call remove
[1714] call add(2895)
[1715] call remove
[1716] call remove
[1710] return 2879
[1711] return 2880
[1712] return 2881
[1717] call add(2896)
[1713] return 2882
[1714] return
[1715] return 2883
[1716] return 2884
[1718] call remove
[1719] call remove
[1720] call remove
[1721] call remove
[1722] call remove
[1723] call remove
[1717] return
[1718] return 2885
[1719] return 2886
[1724] call remove
[1720] return 2887
[1721] return 2888
[1722] return 2889
[1723] return 2890
[1725] call remove
[1726] call add(2897)
[1727] call add(2898)
[1728] call add(2899)
[1729] call remove
[1730] call add(2900)
[1724] return 2891
[1725] return 2892
[1726] return
[1731] call remove
[1727] return
[1728] return
[1729] return 2893
[1730] return
[1732] call add(2901)
[1733] call add(2902)
[1734] call add(2903)
[1735] call add(2904)
[1736] call add(2905)
[1737] call remove
[1731] return 2894
[1732] return
[1733] return
[1738] call remove
[1734] return
[1735] return
[1736] return
[1737] return 2895
[1739] call add(2906)
[1740] call add(2907)
[1741] call add(2908)
[1742] call remove
[1743] call add(2909)
[1744] call add(2910)
[1738] return 2896
[1739] return
[1740] return
[1745] call add(2911)
[1741] return
[1742] return 2897
[1743] return
[1744] return
[1746] call remove
[1747] call add(2912)
[1748] call remove
[1749] call remove
[1750] call remove
[1751] call remove
[1745] return
[1746] return 2898
[1747] return
[1752] call remove
[1748] return 2899
[1749] return 2900
[1750] return 2901
[1751] return 2902
[1753] call add(2913)
[1754] call remove
[1755] call remove
[1756] call remove
[1757] call remove
[1758] call remove
[1752] return 2903
[1753] return
[1754] return 2904
[1759] call add(2914)
[1755] return 2905
[1756] return 2906
[1757] return 2907
[1758] return 2908
[1760] call add(2915)
[1761] call add(2916)
[1762] call remove
[1763] call add(2917)
[1764] call remove
[1765] call add(2918)
[1759] return
[1760] return
[1761] return
[1766] call add(2919)
[1762] return 2909
[1763] return
[1764] return 2910
[1765] return
[1767] call add(2920)
[1768] call remove
[1769] call remove
[1770] call add(2921)
[1771] call add(2922)
[1772] call remove
[1766] return
[1767] return
[1772] return 2913
[1773] call remove
[1769] return 2912
[1770] return
[1771] return
[1774] call remove
[1768] return 2911
[1775] call add(2923)
[1776] call add(2924)
[1777] call add(2925)
[1778] call add(2926)
[1779] call add(2927)
[1773] return 2914
[1774] return 2915
[1775] return
[1780] call remove
[1776] return
[1777] return
[1778] return
[1781] call remove
[1779] return
[1782] call add(2928)
[1783] call add(2929)
[1784] call add(2930)
[1785] call remove
[1786] call remove
[1780] return 2916
[1781] return 2917
[1782] return
[1787] call add(2931)
[1783] return
[1784] return
[1785] return 2918
[1788] call remove
[1786] return 2919
[1789] call remove
[1790] call remove
[1791] call remove
[1792] call remove
[1793] call remove
[1787] return
[1788] return 2920
[1789] return 2921
[1794] call add(2932)
[1790] return 2922
[1791] return 2923
[1792] return 2924
[1795] call add(2933)
[1793] return 2925
[1796] call add(2934)
[1797] call remove
[1798] call remove
[1799] call add(2935)
[1800] call add(2936)
[1794] return
[1795] return
[1796] return
[1801] call remove
[1797] return 2926
[1798] return 2927
[1799] return
[1802] call remove
[1800] return
[1803] call add(2937)
[1804] call remove
[1805] call remove
[1806] call remove
[1807] call remove
[1802] return 2929
[1801] return 2928
[1808] call add(2938)
[1809] call remove
[1804] return 2930
[1805] return 2931
[1806] return 2932
[1803] return
[1807] return 2933
[1810] call remove
[1811] call remove
[1812] call remove
[1813] call add(2939)
[1814] call add(2940)
[1808] return
[1809] return 2934
[1815] call add(2941)
[1816] call add(2942)
[1810] return 2935
[1811] return 2936
[1812] return 2937
[1813] return
[1814] return
[1817] call remove
[1818] call remove
[1819] call add(2943)
[1820] call add(2944)
[1821] call remove
[1815] return
[1816] return
[1817] return 2938
[1822] call add(2945)
[1823] call remove
[1818] return 2939
[1824] call remove
[1820] return
[1821] return 2940
[1819] return
[1825] call remove
[1826] call remove
[1824] return 2942
[1822] return
[1823] return 2941
[1827] call remove
[1828] call remove
[1829] call add(2946)
[1830] call remove
[1831] call remove
[1825] return 2944
[1826] return 2943
[1827] return 2945
[1832] call remove
[1828] return empty
[1833] call add(2947)
[1829] return
[1830] return 2946
[1834] call remove
[1831] return empty
[1832] return empty
[1835] call add(2948)
[1836] call remove
[1837] call add(2949)
[1838] call add(2950)
[1839] call remove
[1833] return
[1834] return 2947
[1835] return
[1836] return 2948
[1840] call add(2951)
[1841] call remove
[1837] return
[1838] return
[1839] return 2949
[1842] call remove
[1843] call remove
[1844] call remove
[1845] call remove
[1846] call add(2952)
[1840] return
[1841] return 2950
[1842] return 2951
[1843] return empty
[1847] call remove
[1848] call remove
[1844] return empty
[1845] return empty
[1846] return
[1849] call add(2953)
[1850] call remove
[1851] call add(2954)
[1852] call remove
[1853] call add(2955)
[1847] return 2952
[1848] return empty
[1849] return
[1850] return 2953
[1854] call add(2956)
[1855] call add(2957)
[1851] return
[1852] return 2954
[1853] return
[1856] call remove
[1857] call remove
[1858] call add(2958)
[1859] call remove
[1860] call add(2959)
[1854] return
[1855] return
[1856] return 2955
[1857] return 2956
[1861] call remove
[1862] call add(2960)
[1858] return
[1859] return 2957
[1860] return
[1863] call add(2961)
[1864] call add(2962)
[1865] call remove
[1866] call remove
[1867] call remove
[1861] return 2958
[1862] return
[1863] return
[1864] return
[1868] call add(2963)
[1869] call add(2964)
[1865] return 2959
[1866] return 2960
[1867] return 2961
[1870] call add(2965)
[1871] call add(2966)
[1872] call remove
[1873] call remove
[1874] call add(2967)
[1868] return
[1869] return
[1870] return
[1871] return
[1875] call add(2968)
[1876] call add(2969)
[1872] return 2962
[1873] return 2963
[1874] return
[1877] call add(2970)
[1878] call add(2971)
[1879] call add(2972)
[1880] call add(2973)
[1881] call remove
[1875] return
[1876] return
[1877] return
[1878] return
[1882] call remove
[1883] call add(2974)
[1879] return
[1880] return
[1881] return 2964
[1884] call remove
[1884] return 2965
[1885] call add(2975)
[1886] call add(2976)
[1887] call remove
[1888] call remove
[1889] call remove
[1883] return
[1882] return 2966
[1890] call remove
[1885] return
[1886] return
[1891] call add(2977)
[1887] return 2967
[1888] return 2968
[1889] return 2969
[1892] call remove
[1893] call remove
[1894] call remove
[1895] call add(2978)
[1896] call remove
[1890] return 2970
[1891] return
[1897] call remove
[1892] return 2971
[1893] return 2972
[1898] call remove
[1894] return 2973
[1895] return
[1896] return 2974
[1899] call remove
[1900] call add(2979)
[1901] call add(2980)
[1902] call add(2981)
[1903] call add(2982)
[1897] return 2975
[1898] return 2976
[1904] call add(2983)
[1899] return 2977
[1900] return
[1905] call remove
[1901] return
[1902] return
[1903] return
[1906] call remove
[1907] call add(2984)
[1908] call remove
[1909] call remove
[1910] call add(2985)
[1904] return
[1905] return 2978
[1911] call remove
[1906] return 2979
[1907] return
[1912] call add(2986)
[1908] return 2980
[1909] return 2981
[1910] return
[1913] call add(2987)
[1914] call add(2988)
[1915] call remove
[1916] call add(2989)
[1917] call remove
[1911] return 2982
[1912] return
[1918] call remove
[1913] return
[1914] return
[1919] call remove
[1915] return 2983
[1916] return
[1917] return 2984
[1920] call remove
[1921] call remove
[1922] call remove
[1923] call remove
[1924] call remove
[1918] return 2985
[1919] return 2986
[1925] call remove
[1920] return 2987
[1921] return 2988
[1926] call add(2990)
[1922] return 2989
[1923] return empty
[1924] return empty
[1927] call add(2991)
[1928] call add(2992)
[1929] call remove
[1930] call add(2993)
[1931] call add(2994)
[1925] return empty
[1926] return
[1932] call add(2995)
[1927] return
[1928] return
[1933] call remove
[1929] return 2990
[1930] return
[1931] return
[1934] call add(2996)
[1935] call add(2997)
[1936] call remove
[1937] call add(2998)
[1938] call remove
[1932] return
[1933] return 2991
[1939] call remove
[1934] return
[1935] return
[1940] call remove
[1936] return 2992
[1937] return
[1938] return 2993
[1941] call add(2999)
[1942] call add(3000)
[1943] call add(3001)
[1944] call remove
[1945] call remove
[1939] return 2994
[1940] return 2995
[1946] call remove
[1941] return
[1942] return
[1947] call add(3002)
[1943] return
[1944] return 2996
[1945] return 2997
[1948] call remove
[1949] call add(3003)
[1950] call add(3004)
[1951] call remove
[1952] call add(3005)
[1946] return 2998
[1947] return
[1953] call remove
[1948] return 2999
[1949] return
[1954] call add(3006)
[1950] return
[1951] return 3000
[1952] return
[1955] call add(3007)
[1956] call remove
[1957] call remove
[1958] call remove
[1959] call remove
[1953] return 3001
[1954] return
[1960] call remove
[1955] return
[1956] return 3002
[1961] call remove
[1957] return 3003
[1958] return 3004
[1959] return 3005
[1962] call remove
[1963] call add(3008)
[1964] call add(3009)
[1965] call add(3010)
[1966] call add(3011)
[1960] return 3006
[1961] return 3007
[1967] call remove
[1962] return empty
[1963] return
[1968] call add(3012)
[1964] return
[1965] return
[1966] return
[1969] call remove
[1970] call remove
[1971] call remove
[1972] call add(3013)
[1973] call add(3014)
[1967] return 3008
[1968] return
[1974] call add(3015)
[1969] return 3009
[1970] return 3010
[1975] call add(3016)
[1971] return 3011
[1972] return
[1973] return
[1976] call add(3017)
[1977] call add(3018)
[1978] call add(3019)
[1979] call remove
[1980] call remove
[1974] return
[1975] return
[1981] call add(3020)
[1976] return
[1977] return
[1982] call add(3021)
[1978] return
[1979] return 3012
[1980] return 3013
[1983] call remove
[1984] call add(3022)
[1985] call remove
[1986] call remove
[1987] call add(3023)
[1981] return
[1982] return
[1988] call add(3024)
[1983] return 3014
[1984] return
[1989] call add(3025)
[1985] return 3015
[1986] return 3016
[1987] return
[1990] call add(3026)
[1991] call remove
[1992] call remove
[1993] call remove
[1994] call add(3027)
[1988] return
[1989] return
[1995] call add(3028)
[1990] return
[1991] return 3017
[1996] call remove
[1992] return 3018
[1993] return 3019
[1994] return
[1997] call add(3029)
[1998] call add(3030)
[1999] call add(3031)
[2000] call remove
[2001] call add(3032)
[1995] return
[1996] return 3020
[2002] call remove
[1997] return
[1998] return
[2003] call add(3033)
[1999] return
[2000] return 3021
[2001] return
[2004] call remove
[2005] call add(3034)
[2006] call remove
[2007] call remove
[2008] call add(3035)
[2002] return 3022
[2003] return
[2009] call remove
[2004] return 3023
[2005] return
[2010] call remove
[2006] return 3024
[2007] return 3025
[2008] return
[2011] call remove
[2012] call add(3036)
[2013] call remove
[2014] call add(3037)
[2015] call remove
[2009] return 3026
[2010] return 3027
[2016] call add(3038)
[2011] return 3028
[2012] return
[2017] call add(3039)
[2013] return 3029
[2014] return
[2015] return 3030
[2018] call remove
[2019] call remove
[2020] call add(3040)
[2021] call remove
[2022] call remove
[2016] return
[2017] return
[2023] call add(3041)
[2018] return 3031
[2019] return 3032
[2024] call add(3042)
[2020] return
[2021] return 3033
[2022] return 3034
[2025] call remove
[2026] call add(3043)
[2027] call add(3044)
[2028] call remove
[2029] call remove
[2023] return
[2024] return
[2030] call remove
[2025] return 3035
[2026] return
[2031] call add(3045)
[2027] return
[2028] return 3036
[2029] return 3037
[2032] call remove
[2033] call add(3046)
[2034] call add(3047)
[2035] call add(3048)
[2036] call add(3049)
[2030] return 3038
[2031] return
[2037] call add(3050)
[2032] return 3039
[2033] return
[2038] call add(3051)
[2034] return
[2035] return
[2036] return
[2037] return
[2038] return
