# @object atomic-queue
[1] call remove
[2] call remove
[3] call remove
[4] call add(3052)
[1] return empty
[5] call remove
[6] call add(3053)
[4] return
[3] return 3052
[7] call remove
[2] return empty
[5] return empty
[8] call remove
[9] call add(3054)
[10] call remove
[6] return
[11] call remove
[12] call remove
[7] return 3053
[13] call remove
[8] return empty
[9] return
[10] return 3054
[14] call add(3055)
[11] return empty
[12] return empty
[15] call add(3056)
[16] call add(3057)
[17] call remove
[13] return empty
[18] call add(3058)
[19] call remove
[14] return
[20] call add(3059)
[15] return
[16] return
[17] return 3055
[21] call remove
[18] return
[20] return
[22] call add(3060)
[23] call add(3061)
[24] call remove
[19] return 3056
[25] call remove
[26] call add(3062)
[21] return 3057
[27] call add(3063)
[22] return
[23] return
[24] return 3058
[28] call add(3064)
[25] return 3059
[26] return
[29] call add(3065)
[30] call add(3066)
[31] call remove
[27] return
[32] call remove
[33] call add(3067)
[28] return
[34] call remove
[29] return
[30] return
[31] return 3060
[35] call add(3068)
[32] return 3061
[33] return
[36] call remove
[37] call add(3069)
[38] call remove
[34] return 3062
[39] call remove
[40] call add(3070)
[35] return
[41] call add(3071)
[36] return 3063
[37] return
[38] return 3064
[42] call remove
[39] return 3065
[40] return
[43] call remove
[44] call add(3072)
[45] call remove
[41] return
[46] call remove
[47] call remove
[42] return 3066
[48] call remove
[43] return 3067
[44] return
[45] return 3068
[49] call remove
[46] return 3069
[47] return 3070
[50] call remove
[51] call remove
[52] call remove
[48] return 3071
[53] call add(3073)
[54] call remove
[49] return 3072
[55] call add(3074)
[50] return empty
[51] return empty
[52] return empty
[56] call remove
[53] return
[54] return 3073
[57] call add(3075)
[58] call add(3076)
[59] call remove
[55] return
[60] call add(3077)
[61] call add(3078)
[56] return 3074
[62] call add(3079)
[57] return
[58] return
[59] return 3075
[63] call remove
[60] return
[61] return
[64] call remove
[65] call remove
[66] call remove
[62] return
[67] call remove
[68] call add(3080)
[63] return 3076
[69] call remove
[64] return 3077
[65] return 3078
[66] return 3079
[70] call add(3081)
[67] return empty
[68] return
[71] call remove
[72] call add(3082)
[73] call add(3083)
[69] return 3080
[74] call add(3084)
[75] call add(3085)
[70] return
[76] call add(3086)
[71] return 3081
[72] return
[73] return
[77] call remove
[74] return
[75] return
[78] call remove
[79] call add(3087)
[80] call add(3088)
[76] return
[81] call remove
[82] call remove
[77] return 3082
[83] call add(3089)
[78] return 3083
[79] return
[80] return
[84] call remove
[81] return 3084
[82] return 3085
[85] call add(3090)
[86] call remove
[87] call add(3091)
[83] return
[88] call add(3092)
[89] call remove
[84] return 3086
[90] call add(3093)
[85] return
[86] return 3087
[87] return
[91] call remove
[88] return
[89] return 3088
[92] call remove
[93] call remove
[94] call remove
[90] return
[95] call remove
[96] call remove
[91] return 3089
[97] call remove
[92] return 3090
[93] return 3091
[94] return 3092
[98] call remove
[95] return 3093
[96] return empty
[99] call add(3094)
[100] call remove
[101] call add(3095)
[97] return empty
[102] call add(3096)
[103] call remove
[98] return empty
[104] call remove
[99] return
[100] return 3094
[101] return
[105] call add(3097)
[102] return
[103] return 3095
[106] call remove
[107] call remove
[108] call remove
[104] return 3096
[109] call remove
[110] call remove
[105] return
[111] call add(3098)
[106] return 3097
[107] return empty
[108] return empty
[112] call remove
[109] return empty
[110] return empty
[113] call add(3099)
[114] call add(3100)
[115] call remove
[111] return
[116] call add(3101)
[117] call remove
[112] return 3098
[118] call remove
[113] return
[114] return
[115] return 3099
[119] call add(3102)
[116] return
[120] call add(3103)
[117] return 3100
[121] call remove
[122] call add(3104)
[118] return 3101
[123] call remove
[124] call remove
[119] return
[125] call remove
[120] return
[121] return 3102
[122] return
[126] call remove
[123] return 3103
[127] call add(3105)
[124] return 3104
[128] call add(3106)
[129] call add(3107)
[125] return empty
[130] call remove
[131] call add(3108)
[126] return empty
[132] call remove
[127] return
[128] return
[129] return
[133] call add(3109)
[130] return 3105
[134] call add(3110)
[131] return
[135] call remove
[136] call add(3111)
[132] return 3106
[137] call add(3112)
[138] call add(3113)
[133] return
[139] call add(3114)
[134] return
[135] return 3107
[136] return
[140] call add(3115)
[137] return
[139] return
[138] return
[141] call remove
[142] call add(3116)
[143] call remove
[144] call remove
[145] call add(3117)
[146] call remove
[140] return
[141] return 3108
[142] return
[147] call remove
[143] return 3109
[144] return 3110
[145] return
[146] return 3111
[148] call add(3118)
[149] call remove
[150] call remove
[151] call remove
[152] call remove
[153] call add(3119)
[147] return 3112
[148] return
[149] return 3113
[154] call add(3120)
[150] return 3114
[151] return 3115
[152] return 3116
[153] return
[155] call remove
[156] call remove
[157] call remove
[158] call add(3121)
[159] call add(3122)
[160] call add(3123)
[154] return
[155] return 3117
[156] return 3118
[161] call add(3124)
[157] return 3119
[158] return
[159] return
[160] return
[162] call remove
[163] call remove
[164] call add(3125)
[165] call add(3126)
[166] call add(3127)
[167] call remove
[161] return
[162] return 3120
[163] return 3121
[168] call add(3128)
[164] return
[165] return
[166] return
[167] return 3122
[169] call add(3129)
[170] call add(3130)
[171] call remove
[172] call remove
[173] call remove
[174] call add(3131)
[168] return
[169] return
[170] return
[175] call add(3132)
[171] return 3123
[172] return 3124
[173] return 3125
[174] return
[176] call add(3133)
[177] call add(3134)
[178] call add(3135)
[179] call remove
[180] call remove
[181] call add(3136)
[175] return
[176] return
[177] return
[182] call add(3137)
[178] return
[179] return 3126
[180] return 3127
[181] return
[183] call remove
[184] call add(3138)
[185] call remove
[186] call add(3139)
[187] call add(3140)
[188] call remove
[182] return
[183] return 3128
[184] return
[189] call remove
[185] return 3129
[186] return
[187] return
[188] return 3130
[190] call remove
[191] call remove
[192] call add(3141)
[193] call remove
[194] call add(3142)
[195] call add(3143)
[189] return 3131
[190] return 3132
[191] return 3133
[196] call remove
[192] return
[193] return 3134
[194] return
[195] return
[197] call remove
[198] call add(3144)
[199] call remove
[200] call remove
[201] call remove
[202] call remove
[196] return 3135
[197] return 3136
[198] return
[203] call remove
[199] return 3137
[200] return 3138
[201] return 3139
[202] return 3140
[204] call remove
[205] call add(3145)
[206] call remove
[207] call add(3146)
[208] call remove
[209] call remove
[203] return 3141
[205] return
[204] return 3142
[210] call remove
[211] call add(3147)
[207] return
[208] return 3143
[209] return 3144
[212] call add(3148)
[206] return 3145
[213] call remove
[214] call add(3149)
[215] call add(3150)
[216] call add(3151)
[210] return 3146
[211] return
[212] return
[215] return
[217] call add(3152)
[218] call remove
[219] call remove
[213] return 3147
[214] return
[220] call remove
[221] call remove
[222] call add(3153)
[216] return
[218] return 3148
[219] return 3149
[217] return
[223] call add(3154)
[224] call add(3155)
[225] call add(3156)
[226] call remove
[221] return 3150
[222] return
[220] return 3151
[223] return
[227] call add(3157)
[228] call add(3158)
[224] return
[225] return
[229] call remove
[226] return 3152
[230] call remove
[231] call remove
[232] call add(3159)
[233] call remove
[228] return
[233] return 3154
[231] return 3155
[229] return 3153
[230] return 3156
[234] call add(3160)
[232] return
[227] return
[235] call add(3161)
[236] call remove
[237] call remove
[238] call remove
[239] call add(3162)
[240] call remove
[234] return
[235] return
[236] return 3158
[237] return 3159
[238] return 3157
[241] call remove
[239] return
[240] return 3160
[242] call add(3163)
[243] call remove
[244] call remove
[245] call add(3164)
[246] call add(3165)
[241] return 3161
[247] call add(3166)
[242] return
[244] return 3162
[243] return 3163
[248] call add(3167)
[245] return
[249] call add(3168)
[246] return
[250] call remove
[247] return
[251] call add(3169)
[252] call add(3170)
[253] call add(3171)
[254] call remove
[248] return
[250] return 3164
[249] return
[251] return
[255] call remove
[252] return
[256] call add(3172)
[257] call remove
[253] return
[254] return 3165
[258] call add(3173)
[259] call add(3174)
[260] call remove
[261] call remove
[255] return 3166
[256] return
[257] return 3167
[258] return
[262] call remove
[259] return
[263] call remove
[264] call add(3175)
[260] return 3168
[265] call add(3176)
[266] call remove
[267] call remove
[264] return
[262] return 3170
[261] return 3169
[263] return 3171
[266] return 3172
[268] call remove
[267] return 3173
[269] call remove
[270] call add(3177)
[271] call add(3178)
[272] call remove
[265] return
[273] call remove
[274] call remove
[268] return 3174
[269] return 3175
[270] return
[275] call add(3179)
[272] return 3176
[276] call remove
[273] return 3177
[271] return
[277] call remove
[278] call add(3180)
[274] return 3178
[279] call remove
[280] call remove
[275] return
[281] call add(3181)
[276] return 3179
[277] return empty
[282] call remove
[278] return
[283] call add(3182)
[279] return 3180
[280] return empty
[284] call add(3183)
[285] call add(3184)
[282] return empty
[286] call remove
[287] call add(3185)
[281] return
[284] return
[288] call add(3186)
[283] return
[289] call remove
[290] call add(3187)
[291] call remove
[286] return 3181
[287] return
[292] call add(3188)
[288] return
[285] return
[293] call remove
[289] return 3182
[290] return
[294] call add(3189)
[291] return 3183
[295] call add(3190)
[292] return
[296] call add(3191)
[297] call remove
[298] call add(3192)
[293] return 3185
[299] call add(3193)
[294] return
[295] return
[300] call add(3194)
[296] return
[297] return 3184
[301] call add(3195)
[298] return
[302] call remove
[299] return
[303] call add(3196)
[304] call remove
[305] call remove
[300] return
[306] call add(3197)
[301] return
[302] return 3186
[307] call remove
[303] return
[304] return 3187
[308] call add(3198)
[305] return 3188
[309] call remove
[306] return
[310] call add(3199)
[311] call remove
[312] call add(3200)
[307] return 3189
[313] call remove
[308] return
[309] return 3190
[314] call remove
[310] return
[311] return 3191
[315] call add(3201)
[312] return
[316] call remove
[313] return 3192
[317] call remove
[318] call remove
[319] call remove
[314] return 3193
[320] call add(3202)
[317] return 3195
[316] return 3194
[321] call add(3203)
[315] return
[318] return 3196
[322] call add(3204)
[319] return 3197
[323] call add(3205)
[320] return
[324] call remove
[325] call remove
[326] call remove
[321] return
[327] call add(3206)
[322] return
[323] return
[328] call remove
[324] return 3198
[325] return 3199
[329] call remove
[326] return 3200
[330] call add(3207)
[327] return
[331] call add(3208)
[332] call remove
[333] call remove
[328] return 3201
[334] call add(3209)
[329] return 3202
[330] return
[335] call add(3210)
[331] return
[332] return 3203
[336] call remove
[333] return 3204
[337] call add(3211)
[334] return
[338] call remove
[339] call remove
[340] call add(3212)
[335] return
[341] call add(3213)
[336] return 3205
[337] return
[342] call remove
[338] return 3206
[339] return 3207
[343] call add(3214)
[340] return
[344] call add(3215)
[341] return
[345] call add(3216)
[346] call remove
[347] call add(3217)
[342] return 3208
[348] call remove
[343] return
[344] return
[349] call add(3218)
[345] return
[346] return 3209
[350] call remove
[347] return
[351] call remove
[348] return 3210
[352] call remove
[353] call add(3219)
[354] call add(3220)
[349] return
[355] call remove
[350] return 3211
[351] return 3212
[356] call add(3221)
[352] return 3213
[353] return
[357] call remove
[354] return
[358] call remove
[355] return 3214
[359] call remove
[360] call add(3222)
[361] call remove
[356] return
[362] call remove
[357] return 3215
[358] return 3216
[363] call remove
[359] return 3217
[360] return
[364] call remove
[361] return 3218
[365] call add(3223)
[362] return 3219
[366] call add(3224)
[367] call add(3225)
[368] call remove
[363] return 3220
[369] call add(3226)
[364] return 3221
[365] return
[370] call add(3227)
[366] return
[367] return
[371] call add(3228)
[368] return 3222
[372] call remove
[369] return
[373] call add(3229)
[374] call remove
[375] call remove
[370] return
[376] call add(3230)
[371] return
[372] return 3223
[377] call add(3231)
[373] return
[374] return 3224
[378] call add(3232)
[379] call add(3233)
[380] call remove
[376] return
[381] call add(3234)
[375] return 3225
[377] return
[382] call add(3235)
[383] call remove
[378] return
[379] return
[380] return 3226
[384] call remove
[381] return
[385] call remove
[386] call add(3236)
[387] call add(3237)
[382] return
[388] call remove
[383] return 3227
[384] return 3228
[389] call add(3238)
[390] call add(3239)
[385] return 3229
[386] return
[387] return
[391] call remove
[388] return 3230
[392] call add(3240)
[393] call add(3241)
[394] call remove
[389] return
[395] call add(3242)
[390] return
[391] return 3231
[396] call remove
[397] call add(3243)
[392] return
[393] return
[394] return 3232
[398] call remove
[399] call add(3244)
[395] return
[400] call add(3245)
[401] call add(3246)
[402] call add(3247)
[397] return
[396] return 3233
[398] return 3234
[399] return
[403] call add(3248)
[400] return
[401] return
[404] call add(3249)
[405] call add(3250)
[406] call remove
[402] return
[407] call add(3251)
[408] call add(3252)
[409] call add(3253)
[403] return
[404] return
[405] return
[406] return 3235
[410] call add(3254)
[407] return
[408] return
[411] call remove
[412] call add(3255)
[413] call add(3256)
[409] return
[414] call remove
[415] call remove
[416] call remove
[410] return
[411] return 3236
[412] return
[413] return
[417] call add(3257)
[414] return 3237
[415] return 3238
[418] call remove
[419] call add(3258)
[420] call add(3259)
[416] return 3239
[421] call add(3260)
[422] call add(3261)
[423] call add(3262)
[417] return
[418] return 3240
[419] return
[420] return
[424] call remove
[421] return
[422] return
[425] call add(3263)
[426] call add(3264)
[427] call add(3265)
[423] return
[428] call remove
[429] call add(3266)
[430] call remove
[424] return 3241
[425] return
[426] return
[427] return
[431] call remove
[428] return 3242
[429] return
[432] call remove
[433] call add(3267)
[434] call add(3268)
[430] return 3243
[435] call remove
[436] call add(3269)
[437] call add(3270)
[431] return 3244
[432] return 3245
[433] return
[434] return
[438] call remove
[435] return 3246
[436] return
[439] call add(3271)
[440] call add(3272)
[441] call add(3273)
[437] return
[442] call add(3274)
[443] call add(3275)
[444] call add(3276)
[438] return 3247
[439] return
[440] return
[445] call add(3277)
[446] call add(3278)
[442] return
[443] return
[441] return
[447] call remove
[444] return
[448] call remove
[449] call remove
[450] call remove
[445] return
[451] call add(3279)
[446] return
[447] return 3248
[452] call remove
[453] call remove
[448] return 3249
[449] return 3250
[450] return 3251
[454] call remove
[451] return
[455] call remove
[456] call add(3280)
[457] call add(3281)
[452] return 3252
[458] call remove
[453] return 3253
[454] return 3254
[459] call add(3282)
[460] call remove
[455] return 3255
[456] return
[457] return
[461] call add(3283)
[458] return 3256
[462] call add(3284)
[463] call add(3285)
[464] call add(3286)
[459] return
[465] call add(3287)
[460] return 3257
[461] return
[466] call remove
[467] call remove
[462] return
[463] return
[464] return
[468] call remove
[465] return
[469] call remove
[470] call remove
[471] call remove
[466] return 3258
[472] call add(3288)
[467] return 3259
[468] return 3260
[473] call add(3289)
[474] call remove
[469] return 3261
[470] return 3262
[471] return 3263
[475] call remove
[472] return
[473] return
[476] call add(3290)
[477] call remove
[478] call add(3291)
[474] return 3264
[479] call add(3292)
[475] return 3265
[480] call remove
[481] call add(3293)
[482] call remove
[476] return
[477] return 3266
[478] return
[479] return
[480] return 3267
[483] call add(3294)
[484] call remove
[485] call add(3295)
[481] return
[486] call remove
[482] return 3268
[487] call add(3296)
[488] call add(3297)
[489] call add(3298)
[483] return
[484] return 3269
[485] return
[486] return 3270
[487] return
[490] call add(3299)
[491] call remove
[492] call remove
[488] return
[493] call add(3300)
[489] return
[494] call remove
[495] call remove
[496] call remove
[490] return
[491] return 3271
[492] return 3272
[493] return
[494] return 3273
[497] call add(3301)
[498] call remove
[499] call add(3302)
[495] return 3274
[500] call add(3303)
[496] return 3275
[501] call remove
[502] call remove
[503] call remove
[497] return
[498] return 3276
[499] return
[500] return
[501] return 3277
[504] call remove
[505] call remove
[506] call remove
[502] return 3278
[507] call remove
[503] return 3279
[508] call remove
[509] call add(3304)
[510] call add(3305)
[504] return 3280
[505] return 3281
[506] return 3282
[507] return 3283
[508] return 3284
[511] call add(3306)
[512] call remove
[513] call remove
[509] return
[514] call remove
[510] return
[515] call remove
[516] call remove
[517] call add(3307)
[511] return
[512] return 3285
[513] return 3286
[514] return 3287
[515] return 3288
[518] call add(3308)
[519] call add(3309)
[520] call remove
[516] return 3289
[521] call remove
[517] return
[522] call add(3310)
[523] call add(3311)
[524] call add(3312)
[518] return
[519] return
[520] return 3290
[521] return 3291
[522] return
[525] call add(3313)
[526] call add(3314)
[527] call remove
[523] return
[528] call add(3315)
[524] return
[529] call add(3316)
[530] call remove
[531] call add(3317)
[525] return
[526] return
[527] return 3292
[528] return
[529] return
[532] call remove
[533] call remove
[534] call remove
[530] return 3293
[535] call remove
[531] return
[536] call add(3318)
[537] call remove
[534] return 3296
[538] call remove
[532] return 3294
[533] return 3295
[539] call remove
[536] return
[540] call remove
[541] call add(3319)
[537] return 3298
[538] return 3299
[542] call add(3320)
[535] return 3297
[540] return 3300
[543] call add(3321)
[539] return 3301
[544] call add(3322)
[545] call remove
[541] return
[546] call remove
[547] call remove
[542] return
[548] call add(3323)
[543] return
[544] return
[549] call add(3324)
[545] return 3302
[546] return 3303
[550] call remove
[547] return 3304
[551] call add(3325)
[552] call add(3326)
[548] return
[553] call add(3327)
[554] call add(3328)
[549] return
[555] call add(3329)
[550] return 3305
[551] return
[556] call add(3330)
[552] return
[553] return
[557] call add(3331)
[554] return
[558] call add(3332)
[559] call add(3333)
[555] return
[560] call add(3334)
[561] call remove
[556] return
[562] call remove
[557] return
[558] return
[563] call add(3335)
[559] return
[560] return
[564] call remove
[561] return 3306
[565] call remove
[566] call remove
[562] return 3307
[567] call add(3336)
[568] call add(3337)
[563] return
[569] call add(3338)
[564] return 3308
[565] return 3309
[570] call add(3339)
[566] return 3310
[567] return
[571] call remove
[568] return
[572] call remove
[573] call add(3340)
[569] return
[574] call remove
[575] call add(3341)
[570] return
[576] call remove
[571] return 3311
[572] return 3312
[577] call add(3342)
[573] return
[574] return 3313
[578] call remove
[575] return
[579] call remove
[580] call add(3343)
[576] return 3314
[581] call add(3344)
[582] call remove
[577] return
[583] call add(3345)
[578] return 3315
[579] return 3316
[584] call remove
[580] return
[581] return
[585] call add(3346)
[582] return 3317
[586] call remove
[587] call add(3347)
[583] return
[588] call add(3348)
[589] call add(3349)
[584] return 3318
[590] call add(3350)
[585] return
[586] return 3319
[591] call add(3351)
[587] return
[588] return
[592] call add(3352)
[589] return
[593] call remove
[594] call remove
[590] return
[595] call add(3353)
[596] call add(3354)
[591] return
[597] call add(3355)
[592] return
[593] return 3320
[598] call remove
[594] return 3321
[595] return
[599] call add(3356)
[596] return
[600] call add(3357)
[601] call add(3358)
[597] return
[602] call remove
[603] call remove
[598] return 3322
[604] call remove
[599] return
[600] return
[605] call add(3359)
[601] return
[602] return 3323
[606] call remove
[603] return 3324
[607] call remove
[608] call remove
[604] return 3325
[609] call add(3360)
[610] call remove
[605] return
[611] call remove
[606] return 3326
[607] return 3327
[612] call remove
[608] return 3328
[609] return
[613] call add(3361)
[610] return 3329
[614] call add(3362)
[615] call add(3363)
[611] return 3330
[616] call remove
[617] call remove
[612] return 3331
[618] call add(3364)
[613] return
[614] return
[619] call remove
[615] return
[616] return 3332
[620] call add(3365)
[617] return 3333
[621] call remove
[622] call remove
[618] return
[623] call remove
[624] call add(3366)
[619] return 3334
[625] call add(3367)
[620] return
[621] return 3335
[626] call remove
[622] return 3336
[623] return 3337
[627] call add(3368)
[624] return
[628] call remove
[629] call remove
[625] return
[630] call remove
[631] call remove
[626] return 3338
[632] call add(3369)
[627] return
[628] return 3339
[633] call remove
[629] return 3340
[630] return 3341
[634] call add(3370)
[631] return 3342
[635] call add(3371)
[636] call remove
[632] return
[637] call add(3372)
[638] call add(3373)
[633] return 3343
[639] call remove
[634] return
[635] return
[640] call add(3374)
[636] return 3344
[637] return
[641] call remove
[638] return
[642] call add(3375)
[643] call add(3376)
[639] return 3345
[644] call add(3377)
[645] call add(3378)
[640] return
[646] call remove
[641] return 3346
[642] return
[647] call add(3379)
[643] return
[644] return
[648] call remove
[645] return
[649] call add(3380)
[650] call remove
[646] return 3347
[651] call add(3381)
[652] call add(3382)
[647] return
[653] call remove
[648] return 3348
[649] return
[654] call add(3383)
[650] return 3349
[651] return
[655] call add(3384)
[652] return
[656] call add(3385)
[657] call add(3386)
[653] return 3350
[658] call remove
[659] call remove
[654] return
[660] call remove
[655] return
[656] return
[661] call remove
[657] return
[658] return 3351
[662] call add(3387)
[659] return 3352
[663] call remove
[664] call add(3388)
[660] return 3353
[665] call remove
[666] call add(3389)
[661] return 3354
[667] call add(3390)
[662] return
[663] return 3355
[668] call remove
[664] return
[665] return 3356
[669] call add(3391)
[666] return
[670] call add(3392)
[671] call remove
[667] return
[672] call add(3393)
[673] call add(3394)
[668] return 3357
[674] call remove
[669] return
[670] return
[675] call remove
[671] return 3358
[672] return
[676] call add(3395)
[673] return
[677] call add(3396)
[678] call add(3397)
[674] return 3359
[679] call remove
[680] call remove
[675] return 3360
[681] call remove
[678] return
[676] return
[677] return
[682] call add(3398)
[683] call remove
[684] call remove
[680] return 3361
[685] call remove
[679] return 3362
[681] return 3363
[686] call remove
[682] return
[687] call remove
[688] call remove
[683] return 3364
[684] return 3365
[685] return 3366
[689] call add(3399)
[690] call add(3400)
[691] call add(3401)
[686] return 3367
[692] call add(3402)
[687] return 3368
[688] return 3369
[693] call remove
[689] return
[694] call add(3403)
[695] call add(3404)
[690] return
[691] return
[692] return
[696] call remove
[697] call add(3405)
[698] call remove
[693] return 3370
[699] call remove
[694] return
[695] return
[700] call remove
[696] return 3371
[701] call add(3406)
[702] call remove
[697] return
[698] return 3372
[699] return 3373
[703] call add(3407)
[704] call add(3408)
[705] call add(3409)
[700] return 3374
[706] call add(3410)
[701] return
[702] return 3375
[707] call add(3411)
[703] return
[708] call remove
[709] call remove
[704] return
[705] return
[706] return
[710] call add(3412)
[711] call remove
[712] call remove
[707] return
[708] return 3376
[709] return 3377
[713] call add(3413)
[710] return
[714] call add(3414)
[715] call remove
[716] call add(3415)
[717] call add(3416)
[711] return 3378
[718] call remove
[712] return 3379
[713] return
[714] return
[715] return 3380
[716] return
[717] return
[719] call remove
[720] call remove
[721] call remove
[722] call remove
[723] call remove
[724] call add(3417)
[718] return 3381
[725] call remove
[719] return 3382
[720] return 3383
[721] return 3384
[722] return 3385
[723] return 3386
[724] return
[726] call remove
[727] call remove
[728] call add(3418)
[729] call add(3419)
[730] call add(3420)
[731] call add(3421)
[725] return 3387
[730] return
[726] return 3388
[727] return 3389
[728] return
[729] return
[732] call remove
[731] return
[733] call remove
[734] call remove
[735] call remove
[736] call remove
[737] call remove
[738] call remove
[732] return 3390
[733] return 3391
[734] return 3392
[735] return 3393
[736] return 3394
[737] return 3395
[739] call add(3422)
[738] return 3396
[740] call remove
[741] call add(3423)
[742] call add(3424)
[743] call add(3425)
[744] call remove
[745] call remove
[739] return
[740] return 3397
[741] return
[742] return
[743] return
[744] return 3398
[746] call add(3426)
[745] return 3399
[747] call remove
[748] call remove
[749] call remove
[750] call remove
[751] call add(3427)
[752] call add(3428)
[746] return
[747] return 3400
[748] return 3401
[749] return 3402
[750] return 3403
[751] return
[753] call add(3429)
[752] return
[754] call remove
[755] call remove
[756] call remove
[757] call remove
[758] call add(3430)
[759] call add(3431)
[753] return
[754] return 3404
[755] return 3405
[756] return 3406
[757] return 3407
[758] return
[760] call remove
[759] return
[761] call remove
[762] call remove
[763] call add(3432)
[764] call add(3433)
[765] call add(3434)
[766] call add(3435)
[760] return 3408
[761] return 3409
[762] return 3410
[763] return
[764] return
[765] return
[767] call add(3436)
[766] return
[768] call add(3437)
[769] call remove
[770] call remove
[771] call remove
[772] call add(3438)
[773] call add(3439)
[767] return
[768] return
[769] return 3411
[770] return 3412
[771] return 3413
[772] return
[774] call add(3440)
[773] return
[775] call add(3441)
[776] call remove
[777] call remove
[778] call remove
[779] call remove
[780] call add(3442)
[774] return
[775] return
[776] return 3414
[777] return 3415
[778] return 3416
[779] return 3417
[781] call remove
[780] return
[782] call add(3443)
[783] call add(3444)
[784] call remove
[785] call remove
[786] call remove
[787] call remove
[781] return 3418
[782] return
[783] return
[784] return 3419
[785] return 3420
[786] return 3421
[788] call remove
[787] return 3422
[789] call remove
[790] call add(3445)
[791] call remove
[792] call remove
[793] call add(3446)
[794] call remove
[788] return 3423
[789] return 3424
[790] return
[791] return 3425
[792] return 3426
[793] return
[795] call add(3447)
[794] return 3427
[796] call add(3448)
[797] call add(3449)
[798] call remove
[799] call add(3450)
[800] call add(3451)
[801] call add(3452)
[795] return
[796] return
[797] return
[798] return 3428
[799] return
[800] return
[802] call add(3453)
[801] return
[803] call remove
[804] call remove
[805] call add(3454)
[806] call add(3455)
[807] call remove
[808] call add(3456)
[802] return
[803] return 3429
[804] return 3430
[805] return
[806] return
[807] return 3431
[809] call add(3457)
[808] return
[810] call remove
[811] call add(3458)
[812] call remove
[813] call add(3459)
[814] call add(3460)
[815] call remove
[810] return 3432
[809] return
[811] return
[816] call remove
[812] return 3433
[813] return
[814] return
[817] call add(3461)
[815] return 3434
[818] call add(3462)
[819] call add(3463)
[820] call remove
[821] call add(3464)
[822] call add(3465)
[816] return 3435
[817] return
[818] return
[823] call add(3466)
[819] return
[820] return 3436
[821] return
[824] call remove
[822] return
[825] call add(3467)
[826] call remove
[827] call remove
[828] call add(3468)
[829] call add(3469)
[823] return
[825] return
[824] return 3437
[830] call add(3470)
[826] return 3439
[827] return 3438
[828] return
[831] call remove
[829] return
[832] call remove
[833] call remove
[834] call add(3471)
[835] call add(3472)
[836] call remove
[830] return
[831] return 3440
[832] return 3441
[837] call remove
[833] return 3442
[834] return
[835] return
[838] call remove
[836] return 3443
[839] call remove
[840] call add(3473)
[841] call remove
[842] call remove
[843] call add(3474)
[837] return 3444
[838] return 3445
[839] return 3446
[844] call add(3475)
[840] return
[841] return 3447
[842] return 3448
[845] call add(3476)
[843] return
[846] call add(3477)
[847] call remove
[848] call remove
[849] call add(3478)
[850] call add(3479)
[844] return
[845] return
[846] return
[851] call remove
[847] return 3449
[849] return
[852] call add(3480)
[850] return
[853] call remove
[848] return 3450
[854] call remove
[851] return 3451
[855] call remove
[856] call remove
[857] call remove
[858] call add(3481)
[852] return
[853] return 3452
[854] return 3453
[855] return 3454
[859] call remove
[856] return 3455
[860] call add(3482)
[857] return 3456
[861] call remove
[858] return
[862] call add(3483)
[863] call add(3484)
[864] call add(3485)
[865] call add(3486)
[859] return 3457
[860] return
[861] return 3458
[862] return
[866] call remove
[863] return
[867] call add(3487)
[864] return
[868] call add(3488)
[865] return
[869] call remove
[870] call remove
[871] call add(3489)
[872] call add(3490)
[866] return 3459
[867] return
[868] return
[869] return 3460
[873] call add(3491)
[870] return 3461
[874] call add(3492)
[871] return
[875] call remove
[872] return
[876] call remove
[877] call add(3493)
[878] call remove
[879] call remove
[873] return
[874] return
[875] return 3462
[876] return 3463
[880] call remove
[877] return
[881] call add(3494)
[878] return 3464
[882] call remove
[879] return 3465
[883] call add(3495)
[884] call add(3496)
[885] call remove
[886] call add(3497)
[880] return 3466
[881] return
[882] return 3467
[883] return
[887] call add(3498)
[884] return
[888] call remove
[885] return 3468
[889] call add(3499)
[886] return
[890] call add(3500)
[891] call remove
[892] call add(3501)
[893] call add(3502)
[887] return
[888] return 3469
[889] return
[890] return
[894] call add(3503)
[891] return 3470
[895] call remove
[892] return
[893] return
[896] call remove
[897] call remove
[898] call remove
[899] call remove
[895] return 3471
[900] call remove
[894] return
[901] call remove
[902] call add(3504)
[896] return 3472
[897] return 3473
[899] return 3474
[900] return 3475
[903] call add(3505)
[898] return 3476
[904] call add(3506)
[901] return 3477
[905] call add(3507)
[902] return
[906] call remove
[907] call add(3508)
[908] call add(3509)
[909] call add(3510)
[903] return
[904] return
[905] return
[906] return 3478
[910] call remove
[907] return
[911] call add(3511)
[908] return
[912] call add(3512)
[909] return
[913] call remove
[914] call remove
[915] call remove
[916] call remove
[910] return 3479
[911] return
[912] return
[913] return 3480
[917] call remove
[914] return 3481
[918] call add(3513)
[915] return 3482
[919] call add(3514)
[916] return 3483
[920] call add(3515)
[921] call add(3516)
[922] call remove
[923] call add(3517)
[917] return 3484
[918] return
[919] return
[920] return
[924] call remove
[921] return
[925] call remove
[922] return 3485
[926] call add(3518)
[923] return
[927] call remove
[928] call add(3519)
[929] call remove
[930] call remove
[924] return 3486
[925] return 3487
[926] return
[927] return 3488
[931] call remove
[928] return
[932] call remove
[929] return 3489
[933] call remove
[930] return 3490
[934] call remove
[935] call remove
[936] call remove
[937] call remove
[931] return 3491
[932] return 3492
[933] return 3493
[934] return 3494
[938] call remove
[935] return 3495
[939] call add(3520)
[936] return 3496
[940] call add(3521)
[937] return 3497
[941] call remove
[942] call add(3522)
[943] call remove
[944] call remove
[938] return 3498
[939] return
[942] return
[940] return
[941] return 3499
[943] return 3501
[944] return 3500
[945] call add(3523)
[946] call add(3524)
[947] call add(3525)
[948] call remove
[949] call remove
[950] call remove
[951] call add(3526)
[945] return
[946] return
[947] return
[948] return 3502
[949] return 3503
[952] call add(3527)
[950] return 3504
[953] call add(3528)
[951] return
[954] call add(3529)
[955] call remove
[956] call add(3530)
[957] call remove
[958] call remove
[952] return
[953] return
[954] return
[955] return 3505
[956] return
[959] call remove
[957] return 3506
[960] call add(3531)
[958] return 3507
[961] call remove
[962] call add(3532)
[963] call remove
[964] call add(3533)
[965] call add(3534)
[959] return 3508
[960] return
[961] return 3509
[962] return
[963] return 3510
[966] call remove
[964] return
[967] call add(3535)
[965] return
[968] call add(3536)
[969] call remove
[970] call add(3537)
[971] call remove
[972] call remove
[966] return 3511
[967] return
[968] return
[969] return 3512
[970] return
[973] call add(3538)
[971] return 3513
[974] call add(3539)
[972] return 3514
[975] call add(3540)
[976] call remove
[977] call add(3541)
[978] call add(3542)
[979] call remove
[973] return
[974] return
[975] return
[976] return 3515
[977] return
[980] call remove
[978] return
[981] call remove
[979] return 3516
[982] call add(3543)
[983] call remove
[984] call add(3544)
[985] call add(3545)
[986] call add(3546)
[980] return 3517
[981] return 3518
[982] return
[983] return 3519
[984] return
[987] call add(3547)
[985] return
[986] return
[988] call remove
[989] call add(3548)
[990] call remove
[991] call add(3549)
[992] call add(3550)
[987] return
[993] call add(3551)
[994] call remove
[988] return 3520
[989] return
[990] return 3521
[991] return
[992] return
[993] return
[995] call add(3552)
[996] call add(3553)
[997] call remove
[998] call remove
[999] call remove
[994] return 3522
[1000] call remove
[1001] call add(3554)
[995] return
[996] return
[997] return 3523
[998] return 3524
[999] return 3525
[1000] return 3526
[1002] call add(3555)
[1003] call remove
[1004] call remove
[1005] call remove
[1006] call remove
[1001] return
[1007] call remove
[1008] call remove
[1002] return
[1003] return 3527
[1004] return 3528
[1005] return 3529
[1006] return 3530
[1007] return 3531
[1009] call add(3556)
[1010] call add(3557)
[1011] call remove
[1012] call add(3558)
[1013] call remove
[1008] return 3532
[1014] call remove
[1015] call remove
[1009] return
[1010] return
[1011] return 3533
[1012] return
[1013] return 3534
[1014] return 3535
[1016] call remove
[1017] call remove
[1018] call add(3559)
[1019] call add(3560)
[1020] call add(3561)
[1015] return 3536
[1021] call add(3562)
[1022] call remove
[1016] return 3537
[1017] return 3538
[1018] return
[1019] return
[1020] return
[1021] return
[1023] call add(3563)
[1024] call add(3564)
[1025] call add(3565)
[1026] call add(3566)
[1027] call remove
[1022] return 3539
[1028] call remove
[1029] call remove
[1023] return
[1024] return
[1025] return
[1026] return
[1027] return 3540
[1028] return 3541
[1030] call remove
[1031] call remove
[1032] call add(3567)
[1033] call remove
[1034] call add(3568)
[1029] return 3542
[1035] call add(3569)
[1036] call remove
[1030] return 3543
[1031] return 3544
[1032] return
[1033] return 3545
[1034] return
[1035] return
[1037] call remove
[1038] call add(3570)
[1039] call remove
[1040] call remove
[1041] call remove
[1036] return 3546
[1042] call add(3571)
[1043] call remove
[1037] return 3547
[1038] return
[1039] return 3548
[1040] return 3549
[1041] return 3550
[1042] return
[1044] call remove
[1045] call remove
[1046] call add(3572)
[1047] call remove
[1048] call remove
[1043] return 3551
[1049] call remove
[1050] call add(3573)
[1044] return 3552
[1045] return 3553
[1046] return
[1047] return 3554
[1048] return 3555
[1049] return 3556
[1051] call add(3574)
[1052] call remove
[1053] call add(3575)
[1054] call add(3576)
[1055] call remove
[1050] return
[1056] call remove
[1057] call add(3577)
[1052] return 3557
[1053] return
[1054] return
[1055] return 3558
[1051] return
[1056] return 3559
[1057] return
[1058] call remove
[1059] call remove
[1060] call remove
[1061] call remove
[1062] call remove
[1063] call add(3578)
[1064] call remove
[1058] return 3560
[1059] return 3561
[1060] return 3562
[1061] return 3563
[1062] return 3564
[1063] return
[1064] return 3565
[1065] call remove
[1066] call add(3579)
[1067] call add(3580)
[1068] call add(3581)
[1069] call remove
[1070] call remove
[1071] call remove
[1065] return 3566
[1066] return
[1067] return
[1068] return
[1069] return 3567
[1070] return 3568
[1071] return 3569
[1072] call remove
[1073] call remove
[1074] call add(3582)
[1075] call remove
[1076] call remove
[1077] call remove
[1078] call remove
[1073] return 3570
[1072] return 3571
[1074] return
[1079] call add(3583)
[1075] return 3572
[1076] return 3573
[1077] return 3574
[1080] call add(3584)
[1078] return 3575
[1081] call remove
[1082] call remove
[1083] call remove
[1084] call remove
[1085] call add(3585)
[1079] return
[1080] return
[1081] return 3576
[1086] call add(3586)
[1082] return 3577
[1083] return 3578
[1084] return 3579
[1087] call remove
[1085] return
[1088] call add(3587)
[1089] call add(3588)
[1090] call add(3589)
[1091] call remove
[1086] return
[1092] call add(3590)
[1089] return
[1087] return 3580
[1088] return
[1093] call add(3591)
[1090] return
[1094] call remove
[1095] call remove
[1091] return 3581
[1096] call add(3592)
[1092] return
[1097] call add(3593)
[1098] call add(3594)
[1093] return
[1099] call add(3595)
[1094] return 3582
[1095] return 3583
[1096] return
[1100] call remove
[1097] return
[1099] return
[1101] call remove
[1098] return
[1102] call add(3596)
[1103] call remove
[1104] call remove
[1105] call remove
[1106] call add(3597)
[1100] return 3584
[1101] return 3585
[1102] return
[1107] call add(3598)
[1103] return 3586
[1104] return 3588
[1105] return 3587
[1108] call remove
[1106] return
[1109] call remove
[1110] call remove
[1111] call add(3599)
[1112] call add(3600)
[1113] call remove
[1107] return
[1110] return 3591
[1108] return 3589
[1109] return 3590
[1114] call remove
[1111] return
[1115] call remove
[1116] call add(3601)
[1113] return 3592
[1117] call add(3602)
[1112] return
[1118] call add(3603)
[1119] call remove
[1114] return 3593
[1120] call add(3604)
[1115] return 3594
[1116] return
[1117] return
[1121] call add(3605)
[1118] return
[1122] call add(3606)
[1123] call remove
[1119] return 3595
[1124] call remove
[1120] return
[1125] call add(3607)
[1126] call remove
[1121] return
[1127] call remove
[1122] return
[1123] return 3596
[1124] return 3597
[1128] call remove
[1125] return
[1129] call add(3608)
[1130] call remove
[1126] return 3598
[1131] call add(3609)
[1132] call remove
[1133] call add(3610)
[1127] return 3599
[1128] return 3600
[1131] return
[1129] return
[1130] return 3601
[1134] call add(3611)
[1135] call remove
[1136] call add(3612)
[1132] return 3602
[1137] call remove
[1138] call add(3613)
[1133] return
[1139] call add(3614)
[1140] call remove
[1134] return
[1135] return 3603
[1136] return
[1137] return 3604
[1138] return
[1141] call remove
[1142] call add(3615)
[1143] call add(3616)
[1139] return
[1144] call add(3617)
[1145] call add(3618)
[1140] return 3605
[1146] call add(3619)
[1147] call remove
[1141] return 3606
[1142] return
[1143] return
[1144] return
[1145] return
[1148] call add(3620)
[1149] call add(3621)
[1150] call add(3622)
[1146] return
[1151] call remove
[1152] call add(3623)
[1147] return 3607
[1153] call remove
[1154] call remove
[1148] return
[1149] return
[1150] return
[1151] return 3609
[1152] return
[1155] call add(3624)
[1156] call remove
[1157] call remove
[1153] return 3608
[1158] call remove
[1159] call add(3625)
[1154] return 3610
[1160] call remove
[1161] call add(3626)
[1155] return
[1156] return 3611
[1157] return 3612
[1158] return 3613
[1159] return
[1162] call add(3627)
[1163] call add(3628)
[1164] call add(3629)
[1160] return 3614
[1165] call add(3630)
[1166] call remove
[1161] return
[1167] call add(3631)
[1168] call add(3632)
[1162] return
[1163] return
[1164] return
[1165] return
[1167] return
[1169] call remove
[1166] return 3615
[1168] return
[1170] call remove
[1171] call add(3633)
[1172] call remove
[1173] call add(3634)
[1174] call add(3635)
[1175] call add(3636)
[1169] return 3616
[1170] return 3617
[1171] return
[1176] call remove
[1172] return 3618
[1177] call add(3637)
[1173] return
[1174] return
[1175] return
[1178] call remove
[1179] call add(3638)
[1180] call add(3639)
[1181] call add(3640)
[1182] call remove
[1176] return 3619
[1177] return
[1178] return 3620
[1183] call add(3641)
[1179] return
[1184] call remove
[1180] return
[1181] return
[1182] return 3621
[1185] call add(3642)
[1186] call remove
[1187] call remove
[1188] call add(3643)
[1189] call remove
[1183] return
[1184] return 3622
[1185] return
[1190] call add(3644)
[1186] return 3623
[1191] call remove
[1187] return 3624
[1188] return
[1189] return 3625
[1192] call add(3645)
[1193] call remove
[1194] call add(3646)
[1195] call add(3647)
[1196] call remove
[1190] return
[1191] return 3626
[1192] return
[1197] call add(3648)
[1193] return 3627
[1198] call remove
[1194] return
[1195] return
[1196] return 3628
[1199] call remove
[1200] call add(3649)
[1201] call remove
[1202] call add(3650)
[1203] call add(3651)
[1197] return
[1198] return 3629
[1199] return 3630
[1204] call remove
[1200] return
[1205] call remove
[1201] return 3631
[1202] return
[1203] return
[1206] call add(3652)
[1207] call add(3653)
[1208] call add(3654)
[1209] call add(3655)
[1210] call add(3656)
[1204] return 3632
[1205] return 3633
[1206] return
[1211] call remove
[1207] return
[1212] call add(3657)
[1208] return
[1209] return
[1210] return
[1213] call remove
[1214] call add(3658)
[1215] call add(3659)
[1216] call add(3660)
[1217] call remove
[1211] return 3634
[1212] return
[1213] return 3635
[1218] call add(3661)
[1214] return
[1219] call add(3662)
[1215] return
[1216] return
[1217] return 3636
[1220] call add(3663)
[1221] call add(3664)
[1222] call remove
[1223] call remove
[1224] call add(3665)
[1218] return
[1219] return
[1220] return
[1225] call add(3666)
[1221] return
[1226] call remove
[1222] return 3637
[1223] return 3638
[1224] return
[1227] call add(3667)
[1228] call remove
[1229] call remove
[1230] call remove
[1231] call remove
[1225] return
[1226] return 3639
[1227] return
[1232] call remove
[1228] return 3640
[1233] call add(3668)
[1229] return 3641
[1230] return 3642
[1231] return 3643
[1234] call remove
[1235] call add(3669)
[1236] call remove
[1237] call add(3670)
[1238] call add(3671)
[1232] return 3644
[1233] return
[1234] return 3645
[1239] call remove
[1235] return
[1240] call add(3672)
[1236] return 3646
[1237] return
[1238] return
[1241] call remove
[1242] call remove
[1243] call add(3673)
[1244] call remove
[1245] call remove
[1239] return 3647
[1240] return
[1241] return 3648
[1246] call remove
[1242] return 3649
[1247] call add(3674)
[1243] return
[1244] return 3650
[1245] return 3651
[1248] call add(3675)
[1249] call remove
[1250] call add(3676)
[1251] call remove
[1252] call add(3677)
[1246] return 3652
[1247] return
[1248] return
[1253] call remove
[1249] return 3653
[1254] call remove
[1250] return
[1251] return 3654
[1252] return
[1255] call add(3678)
[1256] call add(3679)
[1257] call add(3680)
[1258] call add(3681)
[1259] call remove
[1253] return 3655
[1254] return 3656
[1255] return
[1260] call remove
[1256] return
[1261] call remove
[1257] return
[1258] return
[1259] return 3657
[1262] call add(3682)
[1263] call remove
[1264] call add(3683)
[1265] call remove
[1266] call add(3684)
[1260] return 3658
[1261] return 3659
[1262] return
[1267] call remove
[1263] return 3660
[1268] call remove
[1264] return
[1265] return 3661
[1266] return
[1269] call remove
[1270] call add(3685)
[1271] call add(3686)
[1272] call remove
[1273] call add(3687)
[1267] return 3662
[1268] return 3663
[1269] return 3664
[1274] call remove
[1270] return
[1275] call remove
[1271] return
[1272] return 3665
[1273] return
[1276] call add(3688)
[1277] call add(3689)
[1278] call add(3690)
[1279] call remove
[1280] call add(3691)
[1274] return 3666
[1275] return 3667
[1276] return
[1281] call add(3692)
[1277] return
[1282] call remove
[1278] return
[1279] return 3668
[1280] return
[1283] call add(3693)
[1284] call add(3694)
[1285] call remove
[1286] call remove
[1287] call remove
[1281] return
[1282] return 3669
[1283] return
[1288] call remove
[1284] return
[1289] call add(3695)
[1285] return 3670
[1286] return 3671
[1287] return 3672
[1290] call remove
[1291] call add(3696)
[1292] call remove
[1293] call remove
[1294] call add(3697)
[1288] return 3673
[1289] return
[1290] return 3674
[1295] call add(3698)
[1291] return
[1296] call add(3699)
[1292] return 3675
[1293] return 3676
[1294] return
[1297] call remove
[1298] call add(3700)
[1299] call remove
[1300] call remove
[1301] call add(3701)
[1295] return
[1296] return
[1297] return 3677
[1302] call add(3702)
[1298] return
[1303] call remove
[1299] return 3678
[1300] return 3679
[1301] return
[1304] call remove
[1305] call add(3703)
[1306] call remove
[1307] call add(3704)
[1308] call remove
[1302] return
[1303] return 3680
[1304] return 3681
[1309] call add(3705)
[1305] return
[1310] call add(3706)
[1306] return 3682
[1307] return
[1311] call remove
[1308] return 3683
[1312] call remove
[1313] call add(3707)
[1314] call remove
[1315] call add(3708)
[1309] return
[1310] return
[1311] return 3684
[1316] call add(3709)
[1312] return 3685
[1317] call remove
[1313] return
[1314] return 3686
[1318] call add(3710)
[1315] return
[1319] call add(3711)
[1320] call remove
[1321] call add(3712)
[1322] call remove
[1316] return
[1317] return 3687
[1318] return
[1323] call remove
[1319] return
[1324] call remove
[1320] return 3688
[1321] return
[1325] call add(3713)
[1322] return 3689
[1326] call add(3714)
[1327] call remove
[1328] call remove
[1329] call add(3715)
[1323] return 3690
[1324] return 3691
[1325] return
[1330] call remove
[1326] return
[1331] call remove
[1327] return 3692
[1328] return 3693
[1332] call remove
[1329] return
[1333] call add(3716)
[1334] call add(3717)
[1335] call remove
[1336] call add(3718)
[1330] return 3694
[1331] return 3695
[1332] return 3696
[1337] call remove
[1333] return
[1338] call remove
[1334] return
[1335] return 3697
[1339] call add(3719)
[1336] return
[1340] call add(3720)
[1341] call add(3721)
[1342] call remove
[1343] call add(3722)
[1337] return 3698
[1338] return 3699
[1339] return
[1344] call remove
[1340] return
[1345] call remove
[1341] return
[1342] return 3700
[1346] call add(3723)
[1343] return
[1347] call remove
[1348] call remove
[1349] call remove
[1350] call add(3724)
[1344] return 3701
[1345] return 3702
[1346] return
[1351] call add(3725)
[1347] return 3703
[1352] call remove
[1348] return 3704
[1349] return 3705
[1353] call remove
[1350] return
[1354] call add(3726)
[1355] call remove
[1356] call remove
[1357] call remove
[1351] return
[1352] return 3706
[1353] return 3707
[1358] call add(3727)
[1354] return
[1359] call remove
[1355] return 3708
[1356] return 3709
[1360] call remove
[1357] return 3710
[1361] call add(3728)
[1362] call remove
[1363] call add(3729)
[1364] call remove
[1358] return
[1359] return 3711
[1360] return 3712
[1365] call remove
[1361] return
[1366] call add(3730)
[1362] return 3713
[1363] return
[1367] call add(3731)
[1364] return 3714
[1368] call add(3732)
[1369] call add(3733)
[1370] call add(3734)
[1371] call remove
[1365] return 3715
[1366] return
[1367] return
[1372] call remove
[1368] return
[1373] call remove
[1369] return
[1370] return
[1374] call add(3735)
[1371] return 3716
[1375] call remove
[1376] call add(3736)
[1377] call remove
[1378] call add(3737)
[1372] return 3717
[1373] return 3718
[1374] return
[1379] call remove
[1375] return 3719
[1380] call add(3738)
[1376] return
[1377] return 3720
[1381] call add(3739)
[1378] return
[1382] call add(3740)
[1383] call remove
[1384] call remove
[1379] return 3721
[1385] call add(3741)
[1380] return
[1382] return
[1381] return
[1386] call remove
[1387] call add(3742)
[1388] call remove
[1383] return 3722
[1389] call add(3743)
[1384] return 3723
[1385] return
[1390] call remove
[1391] call remove
[1386] return 3724
[1392] call add(3744)
[1387] return
[1388] return 3725
[1389] return
[1390] return 3726
[1393] call remove
[1394] call remove
[1395] call add(3745)
[1396] call add(3746)
[1397] call add(3747)
[1391] return 3727
[1392] return
[1398] call remove
[1393] return 3728
[1399] call remove
[1394] return 3729
[1395] return
[1396] return
[1397] return
[1400] call add(3748)
[1401] call add(3749)
[1402] call add(3750)
[1403] call remove
[1404] call add(3751)
[1398] return 3730
[1399] return 3731
[1405] call remove
[1400] return
[1406] call add(3752)
[1401] return
[1402] return
[1403] return 3732
[1404] return
[1407] call add(3753)
[1408] call add(3754)
[1409] call remove
[1410] call add(3755)
[1411] call remove
[1405] return 3733
[1406] return
[1412] call add(3756)
[1407] return
[1413] call remove
[1408] return
[1409] return 3734
[1410] return
[1411] return 3735
[1414] call add(3757)
[1415] call remove
[1416] call add(3758)
[1417] call remove
[1418] call remove
[1412] return
[1413] return 3736
[1419] call remove
[1414] return
[1420] call add(3759)
[1415] return 3737
[1416] return
[1417] return 3738
[1418] return 3740
[1421] call add(3760)
[1422] call remove
[1423] call remove
[1424] call remove
[1425] call remove
[1419] return 3739
[1420] return
[1426] call add(3761)
[1421] return
[1427] call remove
[1422] return 3741
[1423] return 3742
[1424] return 3743
[1425] return 3744
[1428] call remove
[1429] call remove
[1430] call add(3762)
[1431] call remove
[1432] call remove
[1426] return
[1427] return 3745
[1433] call remove
[1428] return 3746
[1434] call remove
[1429] return 3747
[1430] return
[1435] call remove
[1432] return 3749
[1436] call remove
[1431] return 3748
[1437] call add(3763)
[1438] call remove
[1433] return 3750
[1434] return 3751
[1439] call add(3764)
[1435] return 3752
[1440] call remove
[1436] return 3753
[1441] call remove
[1437] return
[1442] call remove
[1438] return 3754
[1443] call add(3765)
[1439] return
[1444] call remove
[1445] call add(3766)
[1440] return 3755
[1441] return 3756
[1446] call remove
[1442] return 3757
[1447] call remove
[1443] return
[1448] call remove
[1444] return 3758
[1449] call remove
[1445] return
[1450] call remove
[1446] return 3759
[1451] call add(3767)
[1452] call add(3768)
[1447] return 3760
[1448] return 3761
[1453] call remove
[1449] return 3762
[1454] call add(3769)
[1450] return 3763
[1455] call add(3770)
[1451] return
[1456] call remove
[1452] return
[1457] call add(3771)
[1453] return 3764
[1458] call add(3772)
[1459] call add(3773)
[1454] return
[1455] return
[1460] call add(3774)
[1456] return 3765
[1461] call remove
[1457] return
[1462] call remove
[1458] return
[1463] call remove
[1459] return
[1464] call remove
[1460] return
[1465] call remove
[1466] call remove
[1461] return 3766
[1462] return 3767
[1467] call add(3775)
[1463] return 3768
[1468] call add(3776)
[1464] return 3769
[1469] call remove
[1465] return 3770
[1470] call add(3777)
[1466] return 3771
[1471] call remove
[1467] return
[1472] call add(3778)
[1473] call remove
[1468] return
[1469] return 3772
[1474] call remove
[1470] return
[1475] call remove
[1471] return 3773
[1476] call remove
[1472] return
[1477] call add(3779)
[1473] return 3774
[1478] call add(3780)
[1474] return 3775
[1479] call remove
[1480] call add(3781)
[1475] return 3776
[1476] return 3777
[1481] call remove
[1477] return
[1482] call remove
[1478] return
[1483] call add(3782)
[1479] return 3778
[1484] call remove
[1480] return
[1485] call remove
[1481] return 3779
[1486] call remove
[1487] call remove
[1482] return 3780
[1483] return
[1488] call remove
[1484] return 3781
[1489] call remove
[1485] return 3782
[1490] call add(3783)
[1486] return empty
[1491] call add(3784)
[1487] return empty
[1492] call add(3785)
[1488] return empty
[1493] call add(3786)
[1494] call remove
[1489] return empty
[1490] return
[1495] call add(3787)
[1491] return
[1496] call remove
[1492] return
[1497] call add(3788)
[1493] return
[1498] call remove
[1494] return 3783
[1499] call remove
[1495] return
[1500] call remove
[1501] call remove
[1496] return 3784
[1497] return
[1502] call remove
[1498] return 3785
[1503] call add(3789)
[1499] return 3786
[1504] call add(3790)
[1500] return 3787
[1505] call remove
[1501] return 3788
[1506] call add(3791)
[1502] return empty
[1507] call remove
[1508] call add(3792)
[1503] return
[1504] return
[1509] call add(3793)
[1505] return 3789
[1510] call add(3794)
[1506] return
[1511] call add(3795)
[1507] return 3790
[1512] call remove
[1508] return
[1513] call add(3796)
[1509] return
[1514] call add(3797)
[1515] call add(3798)
[1510] return
[1511] return
[1516] call add(3799)
[1512] return 3791
[1517] call remove
[1513] return
[1518] call remove
[1514] return
[1519] call remove
[1515] return
[1520] call remove
[1516] return
[1521] call remove
[1522] call remove
[1517] return 3792
[1518] return 3793
[1523] call remove
[1519] return 3794
[1524] call add(3800)
[1520] return 3795
[1525] call add(3801)
[1521] return 3796
[1526] call remove
[1522] return 3797
[1527] call add(3802)
[1523] return 3798
[1528] call add(3803)
[1529] call remove
[1524] return
[1525] return
[1530] call remove
[1526] return 3799
[1531] call remove
[1527] return
[1532] call remove
[1528] return
[1533] call remove
[1529] return 3800
[1534] call remove
[1530] return 3801
[1535] call remove
[1536] call remove
[1531] return 3802
[1532] return 3803
[1537] call add(3804)
[1533] return empty
[1538] call add(3805)
[1534] return empty
[1539] call remove
[1535] return empty
[1540] call remove
[1536] return empty
[1541] call remove
[1537] return
[1542] call add(3806)
[1543] call add(3807)
[1538] return
[1539] return 3804
[1544] call remove
[1540] return 3805
[1545] call remove
[1541] return empty
[1546] call remove
[1542] return
[1547] call remove
[1543] return
[1548] call remove
[1544] return 3806
[1549] call add(3808)
[1550] call add(3809)
[1545] return 3807
[1546] return empty
[1551] call remove
[1547] return empty
[1552] call add(3810)
[1548] return empty
[1553] call remove
[1549] return
[1554] call add(3811)
[1550] return
[1555] call add(3812)
[1551] return 3808
[1556] call add(3813)
[1557] call add(3814)
[1552] return
[1553] return 3809
[1558] call add(3815)
[1554] return
[1559] call add(3816)
[1555] return
[1560] call remove
[1556] return
[1561] call add(3817)
[1557] return
[1562] call add(3818)
[1558] return
[1563] call add(3819)
[1564] call add(3820)
[1559] return
[1560] return 3810
[1565] call add(3821)
[1561] return
[1566] call add(3822)
[1562] return
[1567] call remove
[1563] return
[1568] call remove
[1564] return
[1569] call remove
[1565] return
[1570] call add(3823)
[1571] call add(3824)
[1566] return
[1567] return 3811
[1572] call remove
[1568] return 3812
[1573] call remove
[1569] return 3813
[1574] call remove
[1570] return
[1575] call remove
[1571] return
[1576] call add(3825)
[1572] return 3814
[1577] call remove
[1578] call remove
[1573] return 3815
[1574] return 3816
[1579] call remove
[1575] return 3817
[1580] call add(3826)
[1576] return
[1581] call add(3827)
[1577] return 3818
[1582] call add(3828)
[1578] return 3819
[1583] call add(3829)
[1579] return 3820
[1584] call add(3830)
[1585] call remove
[1580] return
[1581] return
[1586] call add(3831)
[1582] return
[1587] call add(3832)
[1583] return
[1588] call remove
[1584] return
[1589] call remove
[1585] return 3821
[1590] call add(3833)
[1586] return
[1591] call remove
[1592] call remove
[1587] return
[1588] return 3822
[1593] call remove
[1589] return 3823
[1594] call add(3834)
[1590] return
[1595] call remove
[1591] return 3824
[1596] call add(3835)
[1592] return 3825
[1597] call add(3836)
[1593] return 3826
[1598] call add(3837)
[1599] call add(3838)
[1594] return
[1595] return 3827
[1600] call remove
[1596] return
[1601] call remove
[1597] return
[1602] call remove
[1598] return
[1603] call add(3839)
[1599] return
[1604] call remove
[1600] return 3828
[1605] call add(3840)
[1606] call remove
[1601] return 3829
[1602] return 3830
[1607] call remove
[1603] return
[1608] call remove
[1604] return 3831
[1609] call add(3841)
[1605] return
[1610] call add(3842)
[1606] return 3832
[1611] call add(3843)
[1607] return 3833
[1612] call remove
[1608] return 3834
[1610] return
[1609] return
[1613] call remove
[1611] return
[1614] call add(3844)
[1615] call remove
[1616] call add(3845)
[1617] call add(3846)
[1618] call add(3847)
[1612] return 3835
[1613] return 3836
[1614] return
[1615] return 3837
[1616] return
[1619] call add(3848)
[1617] return
[1620] call remove
[1618] return
[1621] call remove
[1622] call add(3849)
[1623] call remove
[1624] call add(3850)
[1625] call remove
[1619] return
[1620] return 3838
[1621] return 3839
[1622] return
[1623] return 3840
[1626] call remove
[1624] return
[1627] call remove
[1625] return 3841
[1628] call add(3851)
[1629] call add(3852)
[1630] call remove
[1631] call add(3853)
[1632] call remove
[1626] return 3842
[1627] return 3843
[1628] return
[1629] return
[1630] return 3844
[1633] call remove
[1631] return
[1634] call add(3854)
[1632] return 3845
[1635] call add(3855)
[1636] call remove
[1637] call add(3856)
[1638] call add(3857)
[1639] call remove
[1633] return 3846
[1634] return
[1635] return
[1636] return 3847
[1637] return
[1640] call add(3858)
[1638] return
[1641] call remove
[1639] return 3848
[1642] call remove
[1643] call add(3859)
[1644] call remove
[1645] call remove
[1646] call remove
[1640] return
[1641] return 3849
[1642] return 3850
[1643] return
[1644] return 3851
[1647] call remove
[1645] return 3852
[1648] call add(3860)
[1646] return 3853
[1649] call remove
[1650] call add(3861)
[1651] call remove
[1652] call add(3862)
[1653] call remove
[1647] return 3854
[1648] return
[1649] return 3855
[1650] return
[1651] return 3856
[1654] call add(3863)
[1652] return
[1655] call add(3864)
[1653] return 3857
[1656] call add(3865)
[1657] call remove
[1658] call add(3866)
[1659] call remove
[1660] call add(3867)
[1654] return
[1655] return
[1656] return
[1657] return 3858
[1658] return
[1661] call remove
[1659] return 3859
[1662] call remove
[1660] return
[1663] call add(3868)
[1664] call add(3869)
[1665] call remove
[1666] call add(3870)
[1667] call add(3871)
[1661] return 3860
[1662] return 3861
[1663] return
[1664] return
[1665] return 3862
[1668] call remove
[1666] return
[1669] call remove
[1667] return
[1670] call add(3872)
[1671] call remove
[1672] call add(3873)
[1673] call add(3874)
[1674] call add(3875)
[1668] return 3863
[1669] return 3864
[1670] return
[1671] return 3865
[1672] return
[1675] call remove
[1673] return
[1676] call remove
[1674] return
[1677] call add(3876)
[1678] call add(3877)
[1679] call add(3878)
[1680] call remove
[1681] call remove
[1675] return 3866
[1676] return 3867
[1677] return
[1678] return
[1679] return
[1682] call add(3879)
[1680] return 3868
[1683] call add(3880)
[1681] return 3869
[1684] call add(3881)
[1685] call add(3882)
[1686] call remove
[1687] call remove
[1688] call add(3883)
[1682] return
[1683] return
[1684] return
[1685] return
[1686] return 3870
[1689] call add(3884)
[1687] return 3871
[1690] call add(3885)
[1688] return
[1691] call remove
[1692] call remove
[1693] call add(3886)
[1694] call remove
[1695] call add(3887)
[1689] return
[1690] return
[1691] return 3872
[1692] return 3873
[1693] return
[1696] call remove
[1694] return 3874
[1697] call remove
[1695] return
[1698] call add(3888)
[1699] call remove
[1700] call remove
[1701] call add(3889)
[1702] call remove
[1696] return 3875
[1697] return 3876
[1698] return
[1699] return 3877
[1700] return 3878
[1703] call add(3890)
[1701] return
[1704] call add(3891)
[1702] return 3879
[1705] call add(3892)
[1706] call remove
[1707] call remove
[1708] call add(3893)
[1709] call remove
[1703] return
[1704] return
[1705] return
[1706] return 3880
[1707] return 3881
[1710] call add(3894)
[1708] return
[1711] call remove
[1709] return 3882
[1712] call remove
[1713] call remove
[1714] call remove
[1715] call remove
[1716] call remove
[1710] return
[1711] return 3883
[1712] return 3884
[1713] return 3885
[1714] return 3886
[1717] call remove
[1715] return 3887
[1718] call remove
[1716] return 3888
[1719] call remove
[1720] call add(3895)
[1721] call add(3896)
[1722] call add(3897)
[1723] call remove
[1717] return 3889
[1718] return 3890
[1719] return 3891
[1720] return
[1721] return
[1724] call remove
[1722] return
[1725] call add(3898)
[1723] return 3892
[1726] call add(3899)
[1727] call add(3900)
[1728] call add(3901)
[1729] call add(3902)
[1730] call remove
[1724] return 3893
[1725] return
[1726] return
[1727] return
[1728] return
[1731] call remove
[1729] return
[1732] call remove
[1730] return 3894
[1733] call add(3903)
[1734] call add(3904)
[1735] call remove
[1736] call add(3905)
[1737] call remove
[1731] return 3895
[1732] return 3896
[1733] return
[1734] return
[1735] return 3897
[1738] call remove
[1736] return
[1739] call add(3906)
[1737] return 3898
[1740] call add(3907)
[1741] call remove
[1742] call remove
[1743] call add(3908)
[1744] call add(3909)
[1738] return 3899
[1739] return
[1740] return
[1741] return 3900
[1742] return 3901
[1745] call add(3910)
[1743] return
[1746] call remove
[1744] return
[1747] call remove
[1748] call remove
[1749] call add(3911)
[1750] call add(3912)
[1751] call add(3913)
[1745] return
[1746] return 3902
[1747] return 3903
[1748] return 3904
[1749] return
[1752] call add(3914)
[1750] return
[1753] call add(3915)
[1751] return
[1754] call add(3916)
[1755] call remove
[1756] call remove
[1757] call remove
[1758] call add(3917)
[1752] return
[1753] return
[1754] return
[1755] return 3905
[1756] return 3906
[1759] call remove
[1757] return 3907
[1760] call add(3918)
[1758] return
[1761] call add(3919)
[1762] call add(3920)
[1763] call remove
[1764] call add(3921)
[1765] call remove
[1759] return 3908
[1760] return
[1761] return
[1762] return
[1763] return 3909
[1766] call remove
[1764] return
[1767] call add(3922)
[1765] return 3910
[1768] call add(3923)
[1769] call remove
[1770] call remove
[1771] call remove
[1772] call add(3924)
[1766] return 3911
[1767] return
[1768] return
[1769] return 3912
[1770] return 3913
[1773] call remove
[1771] return 3914
[1774] call add(3925)
[1772] return
[1775] call add(3926)
[1776] call remove
[1777] call remove
[1778] call add(3927)
[1779] call add(3928)
[1773] return 3915
[1774] return
[1775] return
[1776] return 3916
[1777] return 3917
[1780] call remove
[1778] return
[1781] call add(3929)
[1779] return
[1782] call remove
[1783] call add(3930)
[1784] call remove
[1785] call add(3931)
[1786] call remove
[1780] return 3918
[1781] return
[1782] return 3919
[1783] return
[1784] return 3920
[1787] call add(3932)
[1785] return
[1788] call add(3933)
[1786] return 3921
[1789] call remove
[1790] call remove
[1791] call remove
[1792] call remove
[1793] call add(3934)
[1787] return
[1788] return
[1789] return 3922
[1790] return 3923
[1791] return 3924
[1794] call add(3935)
[1792] return 3925
[1795] call remove
[1793] return
[1796] call remove
[1797] call remove
[1798] call add(3936)
[1799] call remove
[1800] call remove
[1794] return
[1795] return 3926
[1796] return 3927
[1797] return 3928
[1798] return
[1801] call add(3937)
[1799] return 3929
[1802] call remove
[1800] return 3930
[1803] call remove
[1804] call remove
[1805] call add(3938)
[1806] call remove
[1807] call remove
[1801] return
[1802] return 3931
[1803] return 3932
[1804] return 3933
[1805] return
[1808] call add(3939)
[1806] return 3934
[1809] call remove
[1807] return 3935
[1810] call add(3940)
[1811] call remove
[1812] call add(3941)
[1813] call remove
[1814] call add(3942)
[1808] return
[1809] return 3936
[1810] return
[1811] return 3937
[1812] return
[1815] call remove
[1813] return 3938
[1816] call add(3943)
[1814] return
[1817] call remove
[1818] call add(3944)
[1819] call add(3945)
[1820] call remove
[1821] call remove
[1815] return 3939
[1816] return
[1817] return 3940
[1818] return
[1819] return
[1822] call remove
[1820] return 3941
[1823] call add(3946)
[1821] return 3942
[1824] call add(3947)
[1825] call add(3948)
[1826] call remove
[1827] call add(3949)
[1828] call add(3950)
[1822] return 3943
[1823] return
[1824] return
[1825] return
[1829] call remove
[1826] return 3944
[1830] call remove
[1827] return
[1828] return
[1831] call add(3951)
[1832] call add(3952)
[1833] call add(3953)
[1834] call add(3954)
[1835] call remove
[1829] return 3945
[1830] return 3946
[1836] call remove
[1837] call remove
[1831] return
[1834] return
[1835] return 3947
[1832] return
[1833] return
[1838] call remove
[1839] call add(3955)
[1840] call remove
[1841] call add(3956)
[1842] call add(3957)
[1836] return 3948
[1837] return 3949
[1843] call remove
[1844] call remove
[1838] return 3950
[1839] return
[1840] return 3951
[1841] return
[1842] return
[1845] call add(3958)
[1846] call add(3959)
[1847] call remove
[1848] call add(3960)
[1849] call remove
[1843] return 3954
[1844] return 3952
[1850] call remove
[1851] call add(3961)
[1845] return
[1846] return
[1847] return 3953
[1848] return
[1849] return 3955
[1852] call remove
[1853] call remove
[1854] call remove
[1855] call remove
[1856] call add(3962)
[1850] return 3956
[1851] return
[1857] call add(3963)
[1858] call add(3964)
[1852] return 3957
[1853] return 3958
[1854] return 3959
[1855] return 3960
[1856] return
[1859] call add(3965)
[1860] call remove
[1861] call remove
[1862] call remove
[1863] call remove
[1857] return
[1858] return
[1864] call remove
[1865] call add(3966)
[1859] return
[1860] return 3961
[1861] return 3962
[1862] return 3963
[1863] return 3964
[1866] call remove
[1867] call remove
[1868] call remove
[1869] call add(3967)
[1870] call remove
[1864] return 3965
[1865] return
[1871] call add(3968)
[1872] call add(3969)
[1866] return 3966
[1867] return empty
[1868] return empty
[1869] return
[1870] return 3967
[1873] call add(3970)
[1874] call add(3971)
[1875] call remove
[1876] call remove
[1877] call add(3972)
[1871] return
[1872] return
[1878] call remove
[1879] call remove
[1873] return
[1874] return
[1875] return 3968
[1876] return 3969
[1877] return
[1880] call remove
[1881] call remove
[1882] call add(3973)
[1883] call remove
[1884] call add(3974)
[1878] return 3970
[1879] return 3971
[1885] call add(3975)
[1886] call remove
[1880] return 3972
[1881] return empty
[1882] return
[1883] return 3973
[1884] return
[1887] call remove
[1888] call remove
[1889] call remove
[1890] call add(3976)
[1891] call remove
[1885] return
[1886] return 3974
[1892] call remove
[1893] call remove
[1887] return 3975
[1888] return empty
[1889] return empty
[1890] return
[1891] return 3976
[1894] call remove
[1895] call remove
[1896] call remove
[1897] call remove
[1898] call add(3977)
[1892] return empty
[1893] return empty
[1899] call add(3978)
[1900] call remove
[1894] return empty
[1895] return empty
[1896] return empty
[1897] return empty
[1898] return
[1901] call add(3979)
[1902] call remove
[1903] call add(3980)
[1904] call add(3981)
[1905] call remove
[1899] return
[1900] return 3977
[1906] call remove
[1907] call remove
[1901] return
[1902] return 3978
[1903] return
[1904] return
[1905] return 3979
[1908] call add(3982)
[1909] call add(3983)
[1910] call add(3984)
[1911] call add(3985)
[1912] call remove
[1906] return 3980
[1907] return 3981
[1913] call remove
[1914] call remove
[1908] return
[1909] return
[1910] return
[1911] return
[1912] return 3982
[1915] call remove
[1916] call add(3986)
[1917] call remove
[1918] call add(3987)
[1919] call add(3988)
[1914] return 3983
[1913] return 3984
[1915] return 3985
[1916] return
[1917] return 3986
[1918] return
[1919] return
