# @object atomic-queue
[1] call add(1)
[2] call remove
[3] call add(2)
[4] call add(3)
[5] call remove
[2] return 2
[4] return
[1] return
[3] return
[6] call add(4)
[7] call add(5)
[8] call add(6)
[9] call add(7)
[10] call remove
[11] call remove
[5] return 3
[6] return
[7] return
[8] return
[9] return
[10] return 1
[12] call add(8)
[11] return 4
[13] call add(9)
[14] call remove
[15] call add(10)
[16] call remove
[17] call remove
[18] call remove
[12] return
[13] return
[14] return 5
[15] return
[16] return 6
[17] return 7
[19] call remove
[18] return 8
[20] call remove
[21] call remove
[22] call remove
[23] call add(11)
[24] call add(12)
[25] call add(13)
[19] return 9
[20] return 10
[21] return empty
[22] return empty
[23] return
[24] return
[26] call remove
[25] return
[27] call add(14)
[28] call remove
[29] call add(15)
[30] call add(16)
[31] call remove
[32] call remove
[26] return 11
[27] return
[28] return 12
[29] return
[30] return
[31] return 13
[33] call add(17)
[32] return 14
[34] call remove
[35] call remove
[36] call remove
[37] call remove
[38] call add(18)
[39] call add(19)
[33] return
[34] return 15
[35] return 16
[36] return 17
[37] return empty
[38] return
[40] call add(20)
[39] return
[41] call add(21)
[42] call add(22)
[43] call add(23)
[44] call remove
[45] call remove
[46] call add(24)
[40] return
[41] return
[42] return
[43] return
[44] return 18
[45] return 19
[47] call remove
[46] return
[48] call remove
[49] call add(25)
[50] call add(26)
[51] call remove
[52] call add(27)
[53] call add(28)
[47] return 20
[48] return 21
[49] return
[50] return
[51] return 22
[52] return
[54] call add(29)
[53] return
[55] call remove
[56] call remove
[57] call add(30)
[58] call remove
[59] call remove
[60] call add(31)
[54] return
[55] return 23
[56] return 24
[57] return
[58] return 25
[59] return 26
[61] call add(32)
[60] return
[62] call add(33)
[63] call remove
[64] call remove
[65] call add(34)
[66] call add(35)
[67] call add(36)
[61] return
[62] return
[63] return 27
[64] return 28
[65] return
[66] return
[68] call remove
[67] return
[69] call add(37)
[70] call add(38)
[71] call add(39)
[72] call add(40)
[73] call remove
[74] call add(41)
[68] return 29
[69] return
[70] return
[71] return
[72] return
[73] return 30
[75] call remove
[74] return
[76] call add(42)
[77] call remove
[78] call remove
[79] call add(43)
[80] call add(44)
[81] call add(45)
[75] return 31
[76] return
[77] return 32
[78] return 33
[79] return
[80] return
[82] call remove
[81] return
[83] call remove
[84] call remove
[85] call add(46)
[86] call add(47)
[87] call remove
[88] call add(48)
[82] return 34
[83] return 35
[84] return 36
[85] return
[86] return
[87] return 37
[89] call add(49)
[88] return
[90] call add(50)
[91] call remove
[92] call remove
[93] call add(51)
[94] call add(52)
[95] call add(53)
[89] return
[90] return
[91] return 38
[92] return 39
[93] return
[94] return
[96] call add(54)
[95] return
[97] call remove
[98] call add(55)
[99] call remove
[100] call remove
[101] call remove
[102] call add(56)
[96] return
[97] return 40
[98] return
[99] return 41
[100] return 42
[101] return 43
[103] call add(57)
[102] return
[104] call add(58)
[105] call remove
[106] call add(59)
[107] call add(60)
[108] call add(61)
[109] call remove
[104] return
[103] return
[105] return 44
[110] call add(62)
[106] return
[107] return
[111] call add(63)
[108] return
[109] return 45
[112] call remove
[113] call remove
[114] call remove
[115] call add(64)
[116] call add(65)
[110] return
[111] return
[112] return 46
[117] call add(66)
[113] return 47
[114] return 48
[118] call add(67)
[115] return
[116] return
[119] call add(68)
[120] call remove
[121] call add(69)
[122] call add(70)
[123] call remove
[117] return
[118] return
[119] return
[124] call add(71)
[120] return 49
[121] return
[125] call add(72)
[122] return
[123] return 50
[126] call remove
[127] call add(73)
[128] call remove
[129] call remove
[130] call add(74)
[124] return
[125] return
[126] return 51
[131] call add(75)
[127] return
[128] return 52
[132] call add(76)
[129] return 53
[130] return
[133] call remove
[134] call remove
[135] call remove
[136] call add(77)
[137] call add(78)
[131] return
[132] return
[133] return 54
[138] call add(79)
[134] return 55
[135] return 56
[139] call remove
[136] return
[137] return
[140] call add(80)
[141] call remove
[142] call remove
[143] call add(81)
[144] call add(82)
[138] return
[139] return 58
[140] return
[145] call add(83)
[141] return 57
[142] return 59
[146] call add(84)
[143] return
[147] call remove
[148] call remove
[149] call add(85)
[144] return
[150] call remove
[146] return
[145] return
[149] return
[151] call remove
[152] call remove
[153] call remove
[148] return 61
[154] call add(86)
[147] return 60
[150] return 62
[155] call add(87)
[156] call add(88)
[157] call add(89)
[151] return 63
[152] return 64
[153] return 65
[154] return
[158] call add(90)
[159] call add(91)
[160] call add(92)
[155] return
[161] call add(93)
[162] call add(94)
[157] return
[156] return
[163] call remove
[158] return
[159] return
[160] return
[164] call add(95)
[161] return
[162] return
[165] call remove
[166] call remove
[167] call add(96)
[168] call add(97)
[169] call add(98)
[163] return 66
[164] return
[167] return
[170] call remove
[165] return 67
[166] return 68
[171] call add(99)
[172] call remove
[169] return
[173] call remove
[174] call add(100)
[168] return
[175] call remove
[170] return 69
[176] call add(101)
[171] return
[172] return 70
[177] call add(102)
[173] return 71
[174] return
[178] call add(103)
[179] call remove
[175] return 72
[180] call remove
[181] call add(104)
[176] return
[182] call add(105)
[177] return
[183] call remove
[178] return
[179] return 73
[184] call remove
[180] return 74
[181] return
[185] call remove
[186] call remove
[182] return
[187] call remove
[188] call remove
[183] return 75
[185] return 77
[189] call add(106)
[190] call remove
[184] return 76
[186] return 78
[191] call add(107)
[187] return 79
[188] return 80
[192] call remove
[193] call add(108)
[189] return
[194] call remove
[195] call add(109)
[190] return 81
[191] return
[196] call add(110)
[197] call add(111)
[192] return 82
[193] return
[198] call remove
[194] return 84
[195] return
[199] call remove
[200] call remove
[196] return
[201] call add(112)
[202] call remove
[197] return
[198] return 83
[203] call add(113)
[204] call remove
[199] return 85
[200] return 86
[205] call add(114)
[201] return
[206] call remove
[202] return 87
[207] call add(115)
[203] return
[208] call add(116)
[204] return 88
[209] call add(117)
[205] return
[210] call add(118)
[211] call remove
[206] return 89
[212] call remove
[213] call remove
[208] return
[207] return
[209] return
[210] return
[213] return 92
[214] call remove
[215] call remove
[216] call add(119)
[212] return 91
[211] return 90
[217] call remove
[218] call add(120)
[219] call remove
[220] call add(121)
[214] return 93
[215] return 94
[216] return
[217] return 95
[221] call remove
[218] return
[222] call remove
[223] call remove
[219] return 96
[220] return
[224] call add(122)
[225] call add(123)
[226] call remove
[227] call add(124)
[221] return 98
[222] return 97
[223] return 99
[224] return
[228] call add(125)
[225] return
[229] call add(126)
[226] return 100
[227] return
[230] call remove
[231] call remove
[232] call remove
[233] call remove
[234] call add(127)
[228] return
[231] return 101
[229] return
[230] return 102
[235] call add(128)
[232] return 103
[236] call add(129)
[237] call remove
[233] return 104
[234] return
[238] call add(130)
[239] call add(131)
[240] call add(132)
[241] call remove
[235] return
[236] return
[237] return 105
[240] return
[242] call add(133)
[239] return
[243] call remove
[244] call remove
[238] return
[241] return 106
[245] call add(134)
[246] call add(135)
[247] call remove
[248] call remove
[242] return
[243] return 107
[244] return 108
[247] return 109
[249] call add(136)
[246] return
[250] call add(137)
[251] call add(138)
[245] return
[248] return 110
[252] call add(139)
[253] call add(140)
[254] call add(141)
[255] call remove
[249] return
[250] return
[251] return
[252] return
[256] call remove
[253] return
[257] call remove
[254] return
[255] return 111
[258] call remove
[259] call remove
[260] call remove
[258] return 112
[261] call add(142)
[262] call remove
[257] return 113
[259] return 114
[260] return 115
[263] call remove
[256] return 116
[264] call add(143)
[265] call remove
[266] call remove
[267] call remove
[261] return
[263] return 118
[262] return 117
[268] call remove
[267] return 119
[264] return
[265] return 120
[266] return 121
[269] call remove
[270] call add(144)
[271] call add(145)
[272] call remove
[273] call add(146)
[274] call remove
[268] return 122
[269] return 123
[270] return
[275] call remove
[271] return
[272] return 124
[273] return
[274] return 125
[276] call add(147)
[277] call remove
[278] call remove
[279] call add(148)
[280] call remove
[281] call add(149)
[275] return 126
[276] return
[277] return 127
[282] call remove
[278] return 128
[279] return
[280] return 129
[281] return
[283] call remove
[284] call remove
[285] call add(150)
[286] call add(151)
[287] call add(152)
[288] call remove
[282] return 132
[283] return 131
[284] return 130
[289] call add(153)
[285] return
[286] return
[287] return
[288] return 133
[290] call remove
[291] call add(154)
[292] call remove
[293] call add(155)
[294] call add(156)
[295] call add(157)
[289] return
[290] return 134
[291] return
[296] call add(158)
[292] return 135
[293] return
[294] return
[295] return
[297] call remove
[298] call add(159)
[299] call remove
[300] call remove
[301] call remove
[302] call remove
[296] return
[297] return 136
[298] return
[303] call add(160)
[299] return 137
[300] return 138
[301] return 139
[302] return 140
[304] call remove
[305] call add(161)
[306] call add(162)
[307] call add(163)
[308] call add(164)
[309] call remove
[303] return
[304] return 141
[305] return
[310] call remove
[306] return
[307] return
[308] return
[309] return 142
[311] call add(165)
[312] call add(166)
[313] call remove
[314] call remove
[315] call add(167)
[316] call add(168)
[310] return 143
[311] return
[312] return
[317] call add(169)
[313] return 144
[314] return 145
[315] return
[316] return
[318] call add(170)
[319] call add(171)
[320] call add(172)
[321] call add(173)
[322] call add(174)
[323] call remove
[317] return
[318] return
[319] return
[324] call add(175)
[320] return
[321] return
[322] return
[323] return 146
[325] call remove
[326] call remove
[327] call add(176)
[328] call add(177)
[329] call remove
[330] call remove
[324] return
[325] return 147
[326] return 148
[331] call add(178)
[327] return
[328] return
[329] return 149
[330] return 150
[332] call remove
[333] call add(179)
[334] call add(180)
[335] call add(181)
[336] call add(182)
[337] call add(183)
[331] return
[332] return 151
[333] return
[338] call remove
[334] return
[335] return
[336] return
[337] return
[339] call add(184)
[340] call remove
[341] call add(185)
[342] call add(186)
[343] call add(187)
[344] call remove
[338] return 152
[339] return
[340] return 153
[345] call add(188)
[341] return
[342] return
[343] return
[344] return 154
[346] call add(189)
[347] call remove
[348] call add(190)
[349] call remove
[350] call add(191)
[351] call add(192)
[345] return
[346] return
[347] return 155
[352] call remove
[348] return
[349] return 156
[350] return
[351] return
[353] call add(193)
[354] call add(194)
[355] call remove
[356] call remove
[357] call add(195)
[358] call add(196)
[352] return 157
[353] return
[354] return
[359] call add(197)
[355] return 158
[356] return 159
[357] return
[358] return
[360] call remove
[361] call remove
[362] call remove
[363] call add(198)
[364] call add(199)
[365] call add(200)
[359] return
[360] return 160
[361] return 161
[366] call add(201)
[362] return 162
[363] return
[364] return
[365] return
[367] call remove
[368] call add(202)
[369] call add(203)
[370] call remove
[371] call add(204)
[372] call remove
[366] return
[367] return 163
[368] return
[373] call add(205)
[369] return
[370] return 164
[371] return
[372] return 165
[374] call add(206)
[375] call remove
[376] call remove
[377] call add(207)
[378] call remove
[379] call remove
[373] return
[374] return
[375] return 166
[380] call add(208)
[376] return 167
[377] return
[378] return 168
[379] return 169
[381] call remove
[382] call remove
[383] call add(209)
[384] call add(210)
[385] call remove
[386] call add(211)
[380] return
[381] return 170
[382] return 171
[387] call remove
[383] return
[385] return 172
[384] return
[386] return
[388] call add(212)
[389] call remove
[390] call add(213)
[391] call add(214)
[392] call add(215)
[393] call add(216)
[387] return 173
[388] return
[389] return 174
[394] call remove
[390] return
[391] return
[392] return
[393] return
[395] call remove
[396] call add(217)
[397] call add(218)
[398] call add(219)
[399] call add(220)
[400] call add(221)
[394] return 175
[395] return 176
[396] return
[401] call remove
[397] return
[398] return
[399] return
[400] return
[402] call add(222)
[403] call remove
[404] call add(223)
[405] call add(224)
[406] call add(225)
[407] call add(226)
[401] return 177
[402] return
[403] return 178
[408] call remove
[404] return
[405] return
[406] return
[407] return
[409] call add(227)
[410] call remove
[411] call remove
[412] call remove
[413] call add(228)
[414] call add(229)
[408] return 179
[409] return
[410] return 180
[415] call add(230)
[411] return 181
[412] return 182
[413] return
[414] return
[416] call add(231)
[417] call remove
[418] call remove
[419] call add(232)
[420] call add(233)
[421] call add(234)
[415] return
[416] return
[417] return 183
[422] call add(235)
[418] return 184
[419] return
[420] return
[421] return
[423] call remove
[424] call add(236)
[425] call add(237)
[426] call remove
[427] call remove
[428] call add(238)
[422] return
[423] return 185
[424] return
[429] call add(239)
[425] return
[426] return 186
[427] return 187
[428] return
[430] call add(240)
[431] call remove
[432] call remove
[433] call remove
[434] call add(241)
[435] call remove
[429] return
[430] return
[431] return 188
[436] call remove
[432] return 189
[433] return 190
[434] return
[435] return 191
[437] call remove
[438] call add(242)
[439] call add(243)
[440] call add(244)
[441] call add(245)
[442] call remove
[436] return 192
[437] return 193
[438] return
[443] call remove
[439] return
[440] return
[441] return
[442] return 194
[444] call remove
[445] call remove
[446] call remove
[447] call add(246)
[448] call add(247)
[449] call remove
[443] return 195
[444] return 196
[445] return 197
[450] call add(248)
[446] return 198
[447] return
[448] return
[449] return 199
[451] call add(249)
[452] call add(250)
[453] call remove
[454] call add(251)
[455] call remove
[456] call add(252)
[450] return
[451] return
[452] return
[457] call add(253)
[453] return 200
[454] return
[455] return 201
[456] return
[458] call remove
[459] call remove
[460] call add(254)
[461] call add(255)
[462] call remove
[463] call remove
[457] return
[458] return 202
[459] return 203
[464] call add(256)
[460] return
[461] return
[462] return 204
[463] return 205
[465] call add(257)
[466] call add(258)
[467] call add(259)
[468] call remove
[469] call remove
[470] call add(260)
[464] return
[465] return
[466] return
[471] call remove
[467] return
[468] return 206
[469] return 207
[470] return
[472] call add(261)
[473] call remove
[474] call add(262)
[475] call remove
[476] call add(263)
[477] call remove
[471] return 208
[472] return
[473] return 209
[478] call remove
[474] return
[475] return 210
[476] return
[477] return 211
[479] call add(264)
[480] call remove
[481] call add(265)
[482] call add(266)
[483] call remove
[484] call remove
[478] return 212
[479] return
[480] return 213
[485] call add(267)
[481] return
[482] return
[483] return 214
[484] return 215
[486] call add(268)
[487] call add(269)
[488] call remove
[489] call remove
[490] call add(270)
[491] call add(271)
[485] return
[486] return
[487] return
[492] call add(272)
[488] return 216
[489] return 217
[490] return
[491] return
[493] call add(273)
[494] call add(274)
[495] call remove
[496] call remove
[497] call add(275)
[498] call add(276)
[492] return
[493] return
[498] return
[495] return 218
[496] return 219
[497] return
[494] return
[499] call remove
[500] call remove
[501] call add(277)
[502] call remove
[503] call remove
[504] call add(278)
[505] call remove
[499] return 220
[500] return 221
[501] return
[502] return 222
[503] return 223
[504] return
[505] return 224
[506] call add(279)
[507] call add(280)
[508] call add(281)
[509] call remove
[510] call remove
[511] call remove
[512] call remove
[506] return
[507] return
[508] return
[509] return 225
[510] return 226
[511] return 227
[512] return 228
[513] call add(282)
[514] call add(283)
[515] call remove
[516] call add(284)
[517] call remove
[518] call add(285)
[519] call remove
[513] return
[514] return
[515] return 229
[516] return
[517] return 230
[518] return
[519] return 231
[520] call remove
[521] call add(286)
[522] call add(287)
[523] call remove
[524] call add(288)
[525] call add(289)
[526] call add(290)
[520] return 232
[521] return
[522] return
[523] return 233
[524] return
[525] return
[526] return
[527] call add(291)
[528] call remove
[529] call add(292)
[530] call add(293)
[531] call add(294)
[532] call add(295)
[533] call remove
[527] return
[528] return 234
[529] return
[530] return
[531] return
[532] return
[533] return 235
[534] call add(296)
[535] call remove
[536] call add(297)
[537] call add(298)
[538] call remove
[539] call remove
[540] call add(299)
[534] return
[535] return 236
[536] return
[537] return
[538] return 237
[539] return 238
[540] return
[541] call remove
[542] call add(300)
[543] call add(301)
[544] call add(302)
[545] call remove
[546] call add(303)
[547] call add(304)
[541] return 239
[542] return
[543] return
[544] return
[545] return 240
[546] return
[547] return
[548] call add(305)
[549] call remove
[550] call remove
[551] call add(306)
[552] call add(307)
[553] call remove
[554] call remove
[548] return
[549] return 241
[550] return 242
[551] return
[552] return
[553] return 243
[554] return 244
[555] call remove
[556] call remove
[557] call remove
[558] call remove
[559] call add(308)
[560] call remove
[561] call remove
[555] return 245
[556] return 246
[557] return 247
[558] return 248
[559] return
[560] return 249
[561] return 250
[562] call add(309)
[563] call add(310)
[564] call add(311)
[565] call add(312)
[566] call remove
[567] call add(313)
[568] call remove
[562] return
[563] return
[564] return
[565] return
[566] return 251
[567] return
[568] return 252
[569] call add(314)
[570] call add(315)
[571] call add(316)
[572] call remove
[573] call remove
[574] call remove
[575] call add(317)
[569] return
[570] return
[571] return
[572] return 253
[573] return 254
[574] return 255
[575] return
[576] call add(318)
[577] call add(319)
[578] call remove
[579] call remove
[580] call remove
[581] call remove
[582] call add(320)
[576] return
[577] return
[578] return 256
[579] return 257
[580] return 258
[581] return 259
[582] return
[583] call add(321)
[584] call add(322)
[585] call remove
[586] call remove
[587] call remove
[588] call add(323)
[589] call remove
[583] return
[584] return
[585] return 260
[586] return 261
[587] return 262
[588] return
[589] return 263
[590] call remove
[591] call add(324)
[592] call remove
[593] call remove
[594] call remove
[595] call add(325)
[596] call add(326)
[590] return 264
[591] return
[592] return 265
[593] return 266
[594] return 267
[595] return
[596] return
[597] call remove
[598] call add(327)
[599] call add(328)
[600] call remove
[601] call remove
[602] call add(329)
[603] call add(330)
[597] return 268
[598] return
[599] return
[600] return 269
[601] return 270
[602] return
[603] return
[604] call remove
[605] call remove
[606] call remove
[607] call add(331)
[608] call remove
[609] call remove
[610] call remove
[604] return 271
[605] return 272
[606] return 273
[607] return
[608] return 274
[609] return 275
[610] return 276
[611] call remove
[612] call add(332)
[613] call remove
[614] call add(333)
[615] call add(334)
[616] call add(335)
[617] call remove
[611] return 277
[612] return
[613] return 278
[614] return
[615] return
[616] return
[617] return 279
[618] call remove
[619] call remove
[620] call remove
[621] call add(336)
[622] call remove
[623] call remove
[624] call remove
[618] return 280
[619] return 281
[620] return 282
[621] return
[622] return 283
[623] return 284
[624] return 285
[625] call remove
[626] call add(337)
[627] call add(338)
[628] call remove
[629] call remove
[630] call remove
[631] call remove
[631] return 287
[625] return 286
[627] return
[628] return 288
[629] return 289
[630] return 290
[626] return
[632] call add(339)
[633] call remove
[634] call add(340)
[635] call remove
[636] call remove
[637] call remove
[638] call remove
[632] return
[633] return 291
[634] return
[635] return 292
[636] return 293
[637] return 294
[639] call add(341)
[640] call remove
[641] call remove
[642] call remove
[643] call add(342)
[638] return 295
[644] call add(343)
[645] call add(344)
[639] return
[640] return 296
[641] return 297
[642] return 298
[643] return
[644] return
[646] call remove
[647] call remove
[648] call remove
[649] call add(345)
[650] call add(346)
[645] return
[651] call add(347)
[652] call remove
[650] return
[646] return 299
[647] return 300
[648] return 301
[649] return
[653] call remove
[654] call add(348)
[655] call add(349)
[656] call add(350)
[657] call remove
[651] return
[652] return 302
[656] return
[658] call remove
[653] return 303
[654] return
[659] call add(351)
[660] call remove
[657] return 304
[661] call add(352)
[655] return
[662] call remove
[663] call remove
[658] return 305
[664] call remove
[659] return
[660] return 306
[661] return
[665] call add(353)
[662] return 307
[666] call remove
[667] call remove
[663] return 308
[668] call remove
[664] return 309
[669] call remove
[670] call add(354)
[665] return
[671] call remove
[666] return 310
[669] return 313
[672] call add(355)
[673] call add(356)
[667] return 311
[674] call remove
[668] return 312
[670] return
[671] return 314
[675] call remove
[676] call add(357)
[677] call add(358)
[672] return
[673] return
[678] call remove
[674] return 315
[679] call remove
[677] return
[675] return 316
[680] call add(359)
[676] return
[681] call add(360)
[682] call add(361)
[678] return 317
[683] call add(362)
[684] call add(363)
[681] return
[685] call add(364)
[680] return
[679] return 318
[682] return
[686] call add(365)
[683] return
[687] call remove
[684] return
[688] call remove
[689] call remove
[685] return
[690] call add(366)
[691] call add(367)
[686] return
[692] call add(368)
[687] return 319
[688] return 320
[689] return 321
[693] call add(369)
[690] return
[694] call remove
[691] return
[695] call remove
[696] call remove
[692] return
[697] call remove
[698] call add(370)
[695] return 322
[699] call add(371)
[694] return 323
[693] return
[696] return 324
[700] call add(372)
[697] return 325
[701] call remove
[698] return
[702] call add(373)
[703] call remove
[699] return
[704] call remove
[705] call remove
[700] return
[703] return 327
[701] return 326
[702] return
[706] call remove
[707] call add(374)
[708] call remove
[704] return 328
[709] call add(375)
[705] return 329
[710] call add(376)
[711] call remove
[712] call remove
[706] return 330
[707] return
[708] return 331
[709] return
[710] return
[713] call remove
[714] call add(377)
[715] call add(378)
[711] return 332
[716] call remove
[712] return 333
[717] call remove
[718] call add(379)
[719] call remove
[713] return 334
[714] return
[715] return
[716] return 335
[717] return 336
[720] call remove
[721] call remove
[722] call add(380)
[718] return
[723] call remove
[719] return 338
[724] call remove
[725] call remove
[726] call add(381)
[720] return 337
[721] return 339
[722] return
[723] return 340
[724] return 341
[727] call add(382)
[728] call add(383)
[729] call remove
[725] return 342
[730] call remove
[726] return
[731] call add(384)
[732] call add(385)
[733] call add(386)
[727] return
[728] return
[729] return 343
[730] return 344
[731] return
[734] call add(387)
[735] call add(388)
[736] call add(389)
[732] return
[737] call add(390)
[733] return
[738] call add(391)
[734] return
[739] call add(392)
[735] return
[736] return
[737] return
[740] call remove
[741] call remove
[742] call remove
[743] call add(393)
[738] return
[744] call add(394)
[739] return
[745] call remove
[740] return 345
[741] return 346
[742] return 347
[746] call add(395)
[743] return
[744] return
[747] call add(396)
[748] call add(397)
[749] call add(398)
[750] call add(399)
[745] return 348
[751] call remove
[746] return
[752] call add(400)
[747] return
[748] return
[749] return
[753] call remove
[750] return
[751] return 349
[754] call add(401)
[755] call add(402)
[756] call add(403)
[757] call remove
[752] return
[758] call add(404)
[753] return 350
[759] call remove
[754] return
[755] return
[756] return
[760] call add(405)
[757] return 351
[758] return
[761] call remove
[762] call add(406)
[763] call remove
[764] call remove
[759] return 352
[765] call add(407)
[760] return
[766] call remove
[761] return 353
[762] return
[763] return 354
[767] call remove
[764] return 355
[765] return
[768] call remove
[769] call remove
[770] call add(408)
[771] call remove
[766] return 356
[772] call remove
[767] return 357
[773] call remove
[768] return 358
[769] return 359
[770] return
[774] call remove
[771] return 360
[772] return 361
[775] call remove
[776] call add(409)
[777] call add(410)
[778] call remove
[773] return 362
[779] call add(411)
[774] return 363
[780] call remove
[775] return 364
[776] return
[777] return
[781] call remove
[778] return 365
[779] return
[782] call remove
[783] call add(412)
[784] call add(413)
[785] call remove
[780] return 366
[786] call remove
[781] return 367
[787] call remove
[782] return 368
[783] return
[784] return
[788] call add(414)
[785] return 369
[786] return 370
[789] call add(415)
[790] call remove
[791] call remove
[792] call remove
[787] return 371
[793] call remove
[788] return
[794] call remove
[789] return
[790] return 372
[791] return 373
[795] call add(416)
[792] return 374
[793] return 375
[796] call add(417)
[797] call add(418)
[798] call add(419)
[799] call remove
[794] return 376
[800] call remove
[795] return
[801] call remove
[796] return
[797] return
[798] return
[802] call add(420)
[799] return 377
[800] return 378
[803] call add(421)
[804] call add(422)
[805] call add(423)
[806] call remove
[801] return 379
[807] call add(424)
[802] return
[808] call add(425)
[803] return
[804] return
[805] return
[809] call add(426)
[806] return 380
[807] return
[810] call add(427)
[811] call remove
[812] call add(428)
[813] call remove
[808] return
[814] call remove
[809] return
[815] call add(429)
[810] return
[811] return 381
[812] return
[816] call remove
[813] return 382
[814] return 383
[817] call remove
[818] call add(430)
[819] call remove
[820] call remove
[815] return
[821] call remove
[816] return 384
[822] call add(431)
[817] return 385
[818] return
[819] return 386
[823] call remove
[820] return 387
[821] return 388
[824] call add(432)
[825] call add(433)
[826] call remove
[827] call remove
[822] return
[828] call add(434)
[823] return 390
[829] call remove
[824] return
[825] return
[826] return 389
[830] call remove
[827] return 391
[828] return
[831] call add(435)
[832] call remove
[833] call add(436)
[834] call add(437)
[829] return 392
[835] call add(438)
[832] return 394
[836] call remove
[831] return
[830] return 393
[833] return
[837] call add(439)
[834] return
[835] return
[838] call remove
[839] call remove
[840] call remove
[841] call remove
[836] return 395
[842] call remove
[837] return
[843] call add(440)
[838] return 396
[839] return 397
[840] return 398
[844] call add(441)
[841] return 399
[842] return 400
[845] call add(442)
[846] call remove
[847] call remove
[848] call add(443)
[843] return
[849] call add(444)
[844] return
[850] call remove
[845] return
[846] return 401
[847] return 402
[851] call add(445)
[848] return
[849] return
[852] call remove
[853] call remove
[854] call remove
[855] call add(446)
[850] return 403
[856] call add(447)
[851] return
[857] call add(448)
[852] return 404
[853] return 405
[854] return 406
[858] call add(449)
[855] return
[856] return
[859] call remove
[860] call remove
[861] call add(450)
[862] call add(451)
[857] return
[863] call remove
[858] return
[864] call add(452)
[859] return 407
[860] return 408
[861] return
[865] call remove
[862] return
[863] return 409
[866] call remove
[867] call add(453)
[868] call remove
[869] call add(454)
[865] return 410
[870] call add(455)
[864] return
[871] call add(456)
[866] return 411
[867] return
[868] return 412
[872] call add(457)
[869] return
[870] return
[873] call add(458)
[874] call remove
[875] call remove
[871] return
[876] call remove
[877] call add(459)
[872] return
[878] call add(460)
[873] return
[874] return 413
[875] return 414
[879] call remove
[876] return 415
[877] return
[880] call remove
[881] call remove
[882] call remove
[878] return
[883] call remove
[884] call add(461)
[879] return 416
[885] call add(462)
[880] return 417
[881] return 418
[882] return 419
[886] call remove
[883] return 420
[884] return
[887] call add(463)
[888] call remove
[889] call add(464)
[885] return
[890] call add(465)
[891] call add(466)
[886] return 421
[892] call remove
[887] return
[888] return 422
[889] return
[893] call add(467)
[890] return
[891] return
[894] call remove
[895] call remove
[896] call remove
[892] return 423
[897] call remove
[898] call add(468)
[893] return
[899] call add(469)
[894] return 424
[895] return 425
[896] return 426
[900] call remove
[897] return 427
[898] return
[901] call add(470)
[902] call add(471)
[903] call remove
[899] return
[904] call add(472)
[905] call remove
[900] return 428
[906] call add(473)
[901] return
[902] return
[903] return 429
[907] call remove
[904] return
[905] return 430
[908] call remove
[909] call remove
[910] call remove
[906] return
[911] call remove
[912] call remove
[907] return 431
[913] call add(474)
[908] return 432
[909] return 433
[910] return 434
[914] call add(475)
[911] return 435
[912] return 436
[915] call add(476)
[916] call add(477)
[917] call add(478)
[913] return
[918] call remove
[919] call remove
[914] return
[920] call remove
[915] return
[916] return
[917] return
[921] call add(479)
[918] return 437
[919] return 438
[922] call add(480)
[923] call remove
[924] call remove
[920] return 439
[925] call add(481)
[926] call remove
[921] return
[927] call remove
[922] return
[923] return 440
[924] return 441
[928] call add(482)
[925] return
[926] return 442
[929] call add(483)
[930] call remove
[931] call remove
[927] return 443
[932] call remove
[933] call add(484)
[928] return
[934] call add(485)
[929] return
[930] return 444
[931] return 445
[935] call add(486)
[932] return 446
[933] return
[936] call add(487)
[937] call remove
[938] call remove
[934] return
[939] call add(488)
[940] call remove
[935] return
[941] call remove
[936] return
[937] return 447
[938] return 448
[942] call remove
[939] return
[940] return 449
[943] call add(489)
[944] call add(490)
[945] call remove
[941] return 450
[946] call add(491)
[947] call add(492)
[942] return 451
[948] call remove
[943] return
[944] return
[945] return 452
[949] call add(493)
[946] return
[947] return
[950] call remove
[951] call add(494)
[952] call remove
[948] return 453
[953] call add(495)
[954] call add(496)
[949] return
[955] call remove
[950] return 454
[951] return
[952] return 455
[956] call add(497)
[953] return
[954] return
[957] call add(498)
[958] call add(499)
[959] call add(500)
[955] return 456
[960] call remove
[961] call add(501)
[956] return
[962] call add(502)
[957] return
[958] return
[959] return
[963] call add(503)
[960] return 457
[961] return
[964] call add(504)
[965] call add(505)
[966] call add(506)
[962] return
[967] call add(507)
[968] call add(508)
[963] return
[969] call remove
[964] return
[965] return
[966] return
[970] call add(509)
[967] return
[968] return
[971] call add(510)
[972] call add(511)
[973] call add(512)
[969] return 458
[974] call remove
[975] call add(513)
[970] return
[976] call add(514)
[971] return
[972] return
[973] return
[977] call add(515)
[974] return 459
[975] return
[978] call add(516)
[979] call remove
[980] call add(517)
[976] return
[981] call add(518)
[977] return
[982] call add(519)
[978] return
[983] call add(520)
[984] call add(521)
[985] call remove
[979] return 460
[980] return
[981] return
[986] call remove
[982] return
[983] return
[987] call add(522)
[988] call add(523)
[984] return
[985] return 461
[989] call remove
[990] call remove
[991] call add(524)
[992] call add(525)
[986] return 462
[987] return
[988] return
[993] call add(526)
[989] return 463
[990] return 464
[994] call add(527)
[995] call remove
[991] return
[992] return
[996] call remove
[997] call remove
[998] call remove
[999] call add(528)
[993] return
[994] return
[995] return 465
[1000] call add(529)
[996] return 466
[997] return 467
[1001] call remove
[1002] call remove
[998] return 468
[999] return
[1003] call add(530)
[1004] call remove
[1005] call remove
[1006] call remove
[1000] return
[1001] return 469
[1002] return 470
[1007] call remove
[1003] return
[1004] return 471
[1008] call remove
[1009] call remove
[1005] return 472
[1006] return 473
[1010] call remove
[1011] call add(531)
[1012] call add(532)
[1013] call add(533)
[1007] return 474
[1008] return 475
[1009] return 476
[1014] call remove
[1010] return 477
[1011] return
[1015] call remove
[1016] call remove
[1012] return
[1013] return
[1017] call remove
[1018] call remove
[1019] call remove
[1020] call remove
[1014] return 478
[1015] return 479
[1016] return 480
[1021] call add(534)
[1017] return 481
[1018] return 482
[1022] call remove
[1023] call add(535)
[1019] return 483
[1020] return 484
[1024] call add(536)
[1025] call remove
[1026] call remove
[1027] call add(537)
[1021] return
[1022] return 485
[1023] return
[1028] call add(538)
[1024] return
[1025] return 486
[1029] call add(539)
[1030] call add(540)
[1026] return 487
[1027] return
[1031] call add(541)
[1032] call remove
[1033] call remove
[1034] call remove
[1028] return
[1029] return
[1030] return
[1035] call add(542)
[1031] return
[1032] return 488
[1036] call add(543)
[1037] call remove
[1033] return 489
[1034] return 490
[1038] call add(544)
[1039] call add(545)
[1040] call add(546)
[1041] call remove
[1035] return
[1036] return
[1037] return 491
[1042] call add(547)
[1038] return
[1039] return
[1043] call add(548)
[1044] call remove
[1040] return
[1041] return 492
[1045] call remove
[1046] call add(549)
[1047] call add(550)
[1048] call remove
[1042] return
[1043] return
[1044] return 493
[1049] call add(551)
[1045] return 494
[1046] return
[1050] call add(552)
[1051] call remove
[1047] return
[1048] return 495
[1052] call add(553)
[1053] call add(554)
[1054] call remove
[1055] call remove
[1049] return
[1050] return
[1051] return 496
[1056] call add(555)
[1052] return
[1053] return
[1057] call add(556)
[1058] call remove
[1054] return 497
[1055] return 498
[1059] call remove
[1060] call remove
[1061] call remove
[1062] call remove
[1056] return
[1057] return
[1058] return 499
[1063] call remove
[1064] call remove
[1059] return 500
[1060] return 501
[1065] call remove
[1062] return 502
[1066] call add(557)
[1067] call remove
[1061] return 503
[1063] return 504
[1068] call add(558)
[1064] return 505
[1069] call remove
[1065] return 506
[1070] call add(559)
[1071] call add(560)
[1066] return
[1067] return 507
[1072] call remove
[1068] return
[1073] call add(561)
[1074] call remove
[1069] return 508
[1070] return
[1075] call remove
[1071] return
[1076] call remove
[1072] return 509
[1077] call remove
[1078] call add(562)
[1073] return
[1074] return 510
[1079] call add(563)
[1075] return 511
[1080] call remove
[1081] call remove
[1076] return 512
[1077] return 513
[1082] call remove
[1078] return
[1083] call add(564)
[1079] return
[1084] call remove
[1085] call add(565)
[1080] return 514
[1081] return 515
[1086] call remove
[1082] return 516
[1087] call add(566)
[1088] call remove
[1083] return
[1084] return 517
[1089] call add(567)
[1085] return
[1090] call add(568)
[1086] return 518
[1091] call add(569)
[1092] call remove
[1087] return
[1088] return 519
[1093] call add(570)
[1089] return
[1094] call remove
[1095] call remove
[1090] return
[1091] return
[1096] call add(571)
[1092] return 520
[1097] call add(572)
[1093] return
[1098] call remove
[1099] call remove
[1094] return 521
[1095] return 522
[1100] call add(573)
[1096] return
[1101] call remove
[1102] call add(574)
[1097] return
[1098] return 523
[1103] call add(575)
[1099] return 524
[1104] call remove
[1100] return
[1105] call remove
[1106] call add(576)
[1101] return 525
[1102] return
[1107] call add(577)
[1103] return
[1108] call add(578)
[1109] call add(579)
[1104] return 526
[1105] return 527
[1110] call remove
[1106] return
[1111] call add(580)
[1107] return
[1112] call add(581)
[1113] call remove
[1108] return
[1109] return
[1114] call remove
[1110] return 528
[1115] call add(582)
[1116] call remove
[1111] return
[1112] return
[1117] call add(583)
[1113] return 529
[1118] call add(584)
[1114] return 530
[1119] call add(585)
[1120] call remove
[1115] return
[1116] return 531
[1121] call add(586)
[1117] return
[1122] call add(587)
[1123] call remove
[1118] return
[1119] return
[1124] call add(588)
[1120] return 532
[1125] call add(589)
[1121] return
[1126] call remove
[1127] call remove
[1122] return
[1123] return 533
[1128] call add(590)
[1124] return
[1129] call remove
[1130] call add(591)
[1125] return
[1126] return 534
[1131] call add(592)
[1127] return 535
[1132] call remove
[1128] return
[1133] call remove
[1134] call add(593)
[1129] return 536
[1130] return
[1135] call remove
[1131] return
[1136] call remove
[1137] call add(594)
[1132] return 537
[1133] return 538
[1138] call add(595)
[1134] return
[1139] call add(596)
[1135] return 539
[1140] call remove
[1141] call add(597)
[1136] return 540
[1137] return
[1142] call add(598)
[1138] return
[1143] call add(599)
[1144] call add(600)
[1139] return
[1140] return 541
[1145] call add(601)
[1141] return
[1146] call add(602)
[1142] return
[1147] call remove
[1148] call add(603)
[1143] return
[1144] return
[1149] call remove
[1145] return
[1150] call add(604)
[1148] return
[1146] return
[1147] return 542
[1151] call add(605)
[1152] call remove
[1153] call add(606)
[1154] call add(607)
[1149] return 543
[1155] call remove
[1150] return
[1156] call add(608)
[1151] return
[1152] return 544
[1157] call add(609)
[1153] return
[1154] return
[1155] return 545
[1158] call add(610)
[1159] call remove
[1160] call add(611)
[1161] call remove
[1156] return
[1162] call remove
[1157] return
[1163] call remove
[1158] return
[1159] return 546
[1164] call remove
[1160] return
[1161] return 547
[1162] return 548
[1165] call remove
[1166] call remove
[1167] call add(612)
[1168] call remove
[1163] return 549
[1169] call remove
[1164] return 550
[1170] call remove
[1165] return 551
[1166] return 552
[1171] call add(613)
[1167] return
[1168] return 553
[1169] return 554
[1172] call add(614)
[1173] call remove
[1174] call remove
[1175] call remove
[1170] return 555
[1176] call add(615)
[1171] return
[1177] call remove
[1172] return
[1173] return 556
[1178] call remove
[1174] return 557
[1175] return 558
[1176] return
[1179] call add(616)
[1180] call add(617)
[1181] call add(618)
[1182] call add(619)
[1177] return 559
[1183] call remove
[1178] return 560
[1184] call remove
[1179] return
[1180] return
[1185] call add(620)
[1181] return
[1182] return
[1183] return 561
[1186] call add(621)
[1187] call remove
[1188] call add(622)
[1189] call remove
[1184] return 562
[1190] call add(623)
[1185] return
[1191] call remove
[1186] return
[1187] return 563
[1192] call add(624)
[1188] return
[1189] return 564
[1190] return
[1193] call add(625)
[1194] call add(626)
[1195] call add(627)
[1196] call remove
[1191] return 565
[1197] call add(628)
[1192] return
[1198] call add(629)
[1193] return
[1194] return
[1199] call remove
[1195] return
[1196] return 566
[1197] return
[1200] call remove
[1201] call remove
[1202] call remove
[1203] call add(630)
[1198] return
[1204] call remove
[1199] return 567
[1205] call add(631)
[1200] return 568
[1201] return 569
[1206] call remove
[1202] return 570
[1203] return
[1204] return 571
[1207] call remove
[1208] call add(632)
[1209] call remove
[1206] return 572
[1210] call add(633)
[1211] call add(634)
[1205] return
[1207] return 573
[1212] call add(635)
[1213] call remove
[1214] call remove
[1208] return
[1211] return
[1215] call add(636)
[1210] return
[1209] return 574
[1212] return
[1216] call add(637)
[1213] return 575
[1214] return 576
[1217] call remove
[1218] call add(638)
[1219] call remove
[1220] call remove
[1221] call remove
[1215] return
[1216] return
[1222] call remove
[1217] return 577
[1218] return
[1219] return 578
[1223] call remove
[1220] return 579
[1221] return 580
[1224] call add(639)
[1225] call remove
[1226] call add(640)
[1227] call remove
[1228] call remove
[1222] return 581
[1223] return 582
[1229] call add(641)
[1224] return
[1225] return 583
[1226] return
[1230] call add(642)
[1227] return 584
[1228] return 585
[1231] call remove
[1232] call add(643)
[1233] call remove
[1234] call add(644)
[1235] call remove
[1229] return
[1230] return
[1236] call add(645)
[1231] return 586
[1232] return
[1233] return 587
[1237] call add(646)
[1234] return
[1235] return 588
[1238] call remove
[1239] call remove
[1240] call remove
[1241] call add(647)
[1242] call add(648)
[1236] return
[1237] return
[1243] call remove
[1238] return 589
[1239] return 590
[1240] return 591
[1244] call add(649)
[1241] return
[1242] return
[1245] call remove
[1246] call remove
[1247] call remove
[1248] call add(650)
[1249] call add(651)
[1243] return 592
[1244] return
[1250] call add(652)
[1245] return 593
[1246] return 594
[1247] return 595
[1251] call add(653)
[1248] return
[1249] return
[1252] call add(654)
[1253] call add(655)
[1254] call remove
[1255] call add(656)
[1256] call add(657)
[1250] return
[1251] return
[1257] call add(658)
[1252] return
[1253] return
[1254] return 596
[1258] call add(659)
[1255] return
[1256] return
[1259] call add(660)
[1260] call remove
[1261] call add(661)
[1262] call remove
[1263] call add(662)
[1257] return
[1258] return
[1264] call add(663)
[1259] return
[1260] return 597
[1261] return
[1265] call remove
[1262] return 598
[1263] return
[1266] call add(664)
[1267] call add(665)
[1268] call add(666)
[1269] call add(667)
[1270] call remove
[1264] return
[1265] return 599
[1271] call add(668)
[1266] return
[1267] return
[1268] return
[1272] call add(669)
[1269] return
[1270] return 600
[1273] call remove
[1274] call add(670)
[1275] call remove
[1276] call remove
[1277] call remove
[1271] return
[1274] return
[1278] call add(671)
[1273] return 601
[1272] return
[1275] return 602
[1279] call remove
[1276] return 603
[1277] return 604
[1280] call add(672)
[1281] call add(673)
[1282] call remove
[1283] call add(674)
[1284] call add(675)
[1278] return
[1279] return 605
[1285] call remove
[1280] return
[1281] return
[1282] return 606
[1286] call remove
[1283] return
[1284] return
[1287] call add(676)
[1288] call add(677)
[1289] call add(678)
[1290] call remove
[1291] call add(679)
[1286] return 607
[1285] return 608
[1287] return
[1288] return
[1292] call remove
[1290] return 609
[1293] call add(680)
[1294] call remove
[1291] return
[1289] return
[1295] call remove
[1296] call remove
[1297] call remove
[1298] call remove
[1292] return 610
[1295] return 611
[1293] return
[1294] return 612
[1299] call remove
[1300] call add(681)
[1301] call remove
[1302] call add(682)
[1296] return 613
[1297] return 614
[1298] return 615
[1303] call remove
[1304] call remove
[1305] call add(683)
[1299] return 616
[1300] return
[1301] return 617
[1302] return
[1306] call remove
[1307] call remove
[1308] call add(684)
[1309] call remove
[1303] return 618
[1304] return 619
[1305] return
[1310] call remove
[1311] call add(685)
[1312] call remove
[1306] return 620
[1307] return 621
[1308] return
[1309] return 622
[1313] call add(686)
[1314] call add(687)
[1315] call add(688)
[1316] call add(689)
[1310] return 623
[1311] return
[1312] return 624
[1317] call add(690)
[1318] call remove
[1319] call add(691)
[1313] return
[1314] return
[1315] return
[1316] return
[1320] call add(692)
[1321] call add(693)
[1322] call remove
[1323] call add(694)
[1317] return
[1318] return 625
[1319] return
[1324] call remove
[1325] call remove
[1326] call add(695)
[1320] return
[1321] return
[1322] return 626
[1323] return
[1327] call add(696)
[1328] call add(697)
[1329] call add(698)
[1330] call remove
[1324] return 627
[1325] return 628
[1326] return
[1331] call add(699)
[1332] call remove
[1333] call remove
[1327] return
[1328] return
[1329] return
[1330] return 629
[1334] call remove
[1335] call add(700)
[1336] call add(701)
[1337] call add(702)
[1331] return
[1332] return 630
[1333] return 631
[1338] call remove
[1339] call add(703)
[1340] call add(704)
[1334] return 632
[1335] return
[1336] return
[1337] return
[1341] call add(705)
[1342] call remove
[1343] call add(706)
[1344] call add(707)
[1338] return 634
[1339] return
[1340] return
[1345] call remove
[1346] call add(708)
[1347] call add(709)
[1341] return
[1342] return 633
[1343] return
[1344] return
[1348] call add(710)
[1349] call add(711)
[1350] call remove
[1351] call remove
[1345] return 635
[1346] return
[1347] return
[1352] call add(712)
[1353] call add(713)
[1354] call remove
[1348] return
[1349] return
[1350] return 636
[1351] return 637
[1355] call add(714)
[1356] call remove
[1357] call add(715)
[1358] call remove
[1352] return
[1353] return
[1354] return 638
[1359] call remove
[1360] call add(716)
[1361] call add(717)
[1355] return
[1356] return 639
[1357] return
[1358] return 640
[1362] call remove
[1363] call add(718)
[1364] call remove
[1365] call remove
[1359] return 641
[1360] return
[1361] return
[1366] call remove
[1367] call add(719)
[1368] call remove
[1362] return 642
[1363] return
[1364] return 643
[1365] return 644
[1369] call add(720)
[1370] call remove
[1371] call remove
[1372] call remove
[1366] return 645
[1367] return
[1368] return 646
[1373] call remove
[1374] call add(721)
[1375] call remove
[1369] return
[1370] return 647
[1371] return 648
[1372] return 649
[1376] call remove
[1377] call add(722)
[1378] call add(723)
[1379] call remove
[1373] return 650
[1374] return
[1375] return 651
[1380] call add(724)
[1381] call add(725)
[1382] call remove
[1376] return 652
[1377] return
[1378] return
[1379] return 653
[1383] call add(726)
[1384] call remove
[1385] call add(727)
[1386] call add(728)
[1380] return
[1381] return
[1382] return 654
[1387] call add(729)
[1388] call remove
[1389] call add(730)
[1383] return
[1384] return 655
[1385] return
[1386] return
[1390] call add(731)
[1391] call remove
[1392] call remove
[1393] call add(732)
[1387] return
[1388] return 656
[1389] return
[1394] call remove
[1395] call add(733)
[1396] call remove
[1390] return
[1391] return 657
[1392] return 658
[1393] return
[1397] call remove
[1398] call add(734)
[1399] call remove
[1400] call remove
[1394] return 659
[1395] return
[1396] return 660
[1401] call add(735)
[1402] call add(736)
[1403] call add(737)
[1397] return 661
[1398] return
[1399] return 662
[1400] return 663
[1404] call add(738)
[1405] call add(739)
[1406] call remove
[1407] call remove
[1401] return
[1402] return
[1403] return
[1408] call remove
[1409] call add(740)
[1410] call add(741)
[1404] return
[1405] return
[1406] return 664
[1407] return 665
[1411] call remove
[1412] call add(742)
[1413] call add(743)
[1414] call remove
[1408] return 666
[1409] return
[1410] return
[1415] call remove
[1416] call remove
[1417] call add(744)
[1411] return 667
[1412] return
[1413] return
[1414] return 668
[1418] call remove
[1419] call remove
[1420] call remove
[1421] call remove
[1415] return 670
[1416] return 669
[1417] return
[1422] call remove
[1423] call add(745)
[1424] call add(746)
[1418] return 671
[1419] return 672
[1420] return 673
[1421] return 674
[1425] call remove
[1426] call remove
[1427] call remove
[1428] call remove
[1422] return 675
[1423] return
[1424] return
[1429] call add(747)
[1430] call remove
[1431] call add(748)
[1425] return 676
[1426] return 677
[1427] return 678
[1428] return 679
[1432] call remove
[1433] call add(749)
[1434] call add(750)
[1435] call remove
[1429] return
[1430] return 680
[1431] return
[1436] call remove
[1437] call add(751)
[1438] call remove
[1432] return 681
[1433] return
[1434] return
[1435] return 682
[1436] return 683
[1439] call add(752)
[1440] call add(753)
[1441] call add(754)
[1442] call remove
[1437] return
[1443] call add(755)
[1438] return 684
[1444] call remove
[1445] call add(756)
[1439] return
[1440] return
[1441] return
[1442] return 685
[1443] return
[1446] call remove
[1447] call add(757)
[1448] call add(758)
[1449] call add(759)
[1444] return 686
[1450] call remove
[1445] return
[1451] call add(760)
[1452] call remove
[1446] return 687
[1447] return
[1448] return
[1449] return
[1450] return 688
[1453] call remove
[1454] call add(761)
[1455] call remove
[1456] call add(762)
[1451] return
[1457] call add(763)
[1452] return 689
[1458] call add(764)
[1459] call add(765)
[1453] return 690
[1454] return
[1455] return 691
[1456] return
[1457] return
[1460] call add(766)
[1461] call remove
[1462] call add(767)
[1463] call add(768)
[1458] return
[1464] call remove
[1459] return
[1465] call add(769)
[1466] call add(770)
[1460] return
[1461] return 692
[1462] return
[1463] return
[1464] return 693
[1467] call add(771)
[1468] call add(772)
[1469] call remove
[1470] call remove
[1465] return
[1471] call add(773)
[1466] return
[1472] call remove
[1473] call add(774)
[1467] return
[1468] return
[1469] return 694
[1470] return 695
[1471] return
[1474] call remove
[1475] call add(775)
[1476] call remove
[1477] call remove
[1472] return 696
[1478] call add(776)
[1473] return
[1479] call remove
[1480] call add(777)
[1474] return 697
[1475] return
[1476] return 698
[1477] return 699
[1478] return
[1481] call remove
[1482] call add(778)
[1483] call remove
[1484] call add(779)
[1479] return 700
[1485] call add(780)
[1480] return
[1486] call remove
[1487] call add(781)
[1481] return 701
[1482] return
[1483] return 702
[1484] return
[1485] return
[1488] call add(782)
[1489] call remove
[1490] call add(783)
[1491] call add(784)
[1486] return 703
[1492] call remove
[1487] return
[1493] call add(785)
[1494] call add(786)
[1488] return
[1489] return 704
[1490] return
[1491] return
[1492] return 705
[1495] call remove
[1496] call add(787)
[1497] call remove
[1498] call add(788)
[1493] return
[1499] call remove
[1494] return
[1500] call remove
[1501] call add(789)
[1495] return 706
[1496] return
[1497] return 707
[1498] return
[1499] return 708
[1502] call add(790)
[1503] call add(791)
[1504] call remove
[1505] call add(792)
[1500] return 709
[1506] call remove
[1501] return
[1507] call remove
[1508] call remove
[1502] return
[1503] return
[1504] return 710
[1505] return
[1506] return 711
[1509] call add(793)
[1510] call add(794)
[1511] call remove
[1512] call remove
[1507] return 712
[1513] call remove
[1508] return 713
[1514] call remove
[1515] call add(795)
[1509] return
[1510] return
[1511] return 714
[1512] return 715
[1513] return 716
[1516] call remove
[1517] call add(796)
[1518] call remove
[1519] call remove
[1514] return 717
[1520] call add(797)
[1515] return
[1521] call remove
[1522] call add(798)
[1516] return 718
[1517] return
[1518] return 719
[1519] return 720
[1520] return
[1523] call remove
[1524] call remove
[1525] call add(799)
[1526] call add(800)
[1521] return 721
[1527] call remove
[1522] return
[1528] call add(801)
[1529] call remove
[1523] return 722
[1524] return 723
[1525] return
[1526] return
[1527] return 724
[1530] call remove
[1531] call remove
[1532] call add(802)
[1533] call remove
[1528] return
[1534] call remove
[1529] return 725
[1535] call add(803)
[1536] call add(804)
[1530] return 726
[1531] return 727
[1532] return
[1533] return 728
[1534] return 729
[1537] call remove
[1538] call add(805)
[1539] call add(806)
[1540] call add(807)
[1535] return
[1541] call add(808)
[1536] return
[1542] call add(809)
[1543] call remove
[1537] return 730
[1538] return
[1539] return
[1540] return
[1541] return
[1544] call add(810)
[1545] call add(811)
[1546] call remove
[1547] call add(812)
[1542] return
[1548] call remove
[1543] return 731
[1549] call remove
[1550] call remove
[1544] return
[1545] return
[1546] return 732
[1547] return
[1548] return 733
[1551] call remove
[1552] call add(813)
[1553] call remove
[1554] call add(814)
[1549] return 734
[1555] call add(815)
[1550] return 735
[1556] call remove
[1557] call remove
[1551] return 736
[1552] return
[1553] return 737
[1554] return
[1555] return
[1558] call remove
[1559] call remove
[1560] call remove
[1561] call add(816)
[1556] return 738
[1562] call add(817)
[1557] return 739
[1563] call add(818)
[1564] call remove
[1558] return 740
[1559] return 741
[1560] return 742
[1561] return
[1562] return
[1565] call remove
[1566] call add(819)
[1567] call add(820)
[1568] call remove
[1563] return
[1569] call remove
[1564] return 743
[1570] call add(821)
[1571] call add(822)
[1565] return 744
[1566] return
[1567] return
[1568] return 745
[1569] return 746
[1572] call add(823)
[1573] call remove
[1574] call remove
[1575] call add(824)
[1570] return
[1576] call remove
[1571] return
[1577] call remove
[1578] call add(825)
[1572] return
[1573] return 747
[1574] return 748
[1575] return
[1576] return 749
[1579] call remove
[1580] call add(826)
[1581] call remove
[1582] call remove
[1577] return 750
[1583] call add(827)
[1578] return
[1584] call remove
[1585] call remove
[1579] return 751
[1580] return
[1581] return 752
[1582] return 753
[1583] return
[1586] call add(828)
[1587] call add(829)
[1588] call add(830)
[1589] call add(831)
[1584] return 754
[1590] call add(832)
[1585] return 755
[1591] call remove
[1592] call remove
[1586] return
[1587] return
[1588] return
[1589] return
[1590] return
[1593] call remove
[1594] call remove
[1595] call remove
[1596] call remove
[1591] return 756
[1597] call remove
[1592] return 757
[1598] call remove
[1599] call add(833)
[1593] return 758
[1594] return 759
[1595] return 760
[1596] return 761
[1597] return 762
[1600] call add(834)
[1601] call add(835)
[1602] call remove
[1603] call remove
[1598] return 763
[1604] call add(836)
[1599] return
[1605] call add(837)
[1606] call remove
[1600] return
[1601] return
[1602] return 764
[1603] return 765
[1604] return
[1607] call add(838)
[1608] call remove
[1609] call remove
[1610] call add(839)
[1605] return
[1611] call remove
[1606] return 766
[1612] call remove
[1613] call add(840)
[1607] return
[1608] return 767
[1609] return 768
[1610] return
[1611] return 769
[1614] call add(841)
[1615] call remove
[1616] call add(842)
[1617] call remove
[1612] return 770
[1618] call add(843)
[1613] return
[1619] call add(844)
[1620] call remove
[1614] return
[1615] return 771
[1616] return
[1617] return 772
[1618] return
[1621] call remove
[1622] call remove
[1623] call remove
[1624] call add(845)
[1619] return
[1625] call remove
[1620] return 773
[1626] call remove
[1627] call add(846)
[1621] return 774
[1622] return 775
[1623] return 776
[1624] return
[1625] return 777
[1628] call remove
[1629] call add(847)
[1630] call add(848)
[1631] call add(849)
[1626] return 778
[1632] call remove
[1627] return
[1633] call remove
[1634] call add(850)
[1628] return 779
[1629] return
[1630] return
[1631] return
[1632] return 780
[1635] call add(851)
[1636] call remove
[1637] call remove
[1638] call remove
[1633] return 781
[1639] call remove
[1634] return
[1640] call add(852)
[1641] call remove
[1635] return
[1636] return 782
[1637] return 783
[1638] return 784
[1639] return 785
[1642] call remove
[1643] call remove
[1644] call add(853)
[1645] call remove
[1640] return
[1646] call add(854)
[1641] return 786
[1647] call remove
[1648] call add(855)
[1642] return 787
[1643] return 788
[1644] return
[1645] return 789
[1646] return
[1649] call add(856)
[1650] call remove
[1651] call remove
[1652] call add(857)
[1647] return 790
[1653] call add(858)
[1648] return
[1654] call add(859)
[1655] call remove
[1649] return
[1650] return 791
[1651] return 792
[1652] return
[1653] return
[1656] call add(860)
[1657] call add(861)
[1658] call add(862)
[1659] call remove
[1654] return
[1660] call add(863)
[1655] return 793
[1661] call remove
[1662] call remove
[1656] return
[1657] return
[1658] return
[1659] return 794
[1660] return
[1663] call remove
[1664] call remove
[1665] call remove
[1666] call add(864)
[1661] return 795
[1667] call remove
[1662] return 796
[1663] return 797
[1664] return 798
[1668] call add(865)
[1669] call remove
[1670] call add(866)
[1671] call add(867)
[1665] return 799
[1667] return 800
[1672] call remove
[1666] return
[1673] call remove
[1668] return
[1669] return 801
[1674] call add(868)
[1672] return 802
[1675] call remove
[1676] call remove
[1670] return
[1677] call remove
[1673] return 803
[1671] return
[1678] call add(869)
[1676] return 804
[1674] return
[1679] call remove
[1675] return 805
[1680] call add(870)
[1681] call remove
[1682] call add(871)
[1677] return 806
[1683] call remove
[1678] return
[1684] call remove
[1679] return 807
[1680] return
[1685] call add(872)
[1681] return 808
[1682] return
[1686] call add(873)
[1683] return 809
[1687] call remove
[1688] call add(874)
[1689] call add(875)
[1684] return 810
[1690] call add(876)
[1685] return
[1691] call add(877)
[1686] return
[1687] return 811
[1692] call add(878)
[1688] return
[1689] return
[1693] call add(879)
[1694] call add(880)
[1690] return
[1695] call remove
[1696] call add(881)
[1697] call add(882)
[1692] return
[1691] return
[1693] return
[1694] return
[1695] return 812
[1698] call add(883)
[1699] call add(884)
[1696] return
[1700] call add(885)
[1701] call remove
[1697] return
[1702] call remove
[1703] call add(886)
[1704] call add(887)
[1698] return
[1699] return
[1700] return
[1701] return 813
[1702] return 814
[1705] call remove
[1706] call add(888)
[1703] return
[1707] call remove
[1708] call add(889)
[1704] return
[1709] call remove
[1710] call remove
[1711] call add(890)
[1705] return 815
[1706] return
[1707] return 816
[1708] return
[1709] return 817
[1712] call remove
[1713] call add(891)
[1710] return 818
[1714] call remove
[1715] call add(892)
[1711] return
[1716] call add(893)
[1717] call add(894)
[1718] call remove
[1712] return 819
[1713] return
[1714] return 820
[1715] return
[1716] return
[1719] call add(895)
[1720] call remove
[1717] return
[1721] call remove
[1722] call remove
[1718] return 821
[1723] call remove
[1724] call remove
[1725] call remove
[1719] return
[1720] return 822
[1721] return 823
[1722] return 824
[1723] return 825
[1726] call add(896)
[1727] call add(897)
[1724] return 826
[1728] call add(898)
[1729] call remove
[1725] return 827
[1730] call remove
[1731] call remove
[1732] call remove
[1726] return
[1727] return
[1728] return
[1729] return 828
[1730] return 829
[1733] call add(899)
[1734] call remove
[1731] return 830
[1735] call add(900)
[1736] call remove
[1732] return 831
[1737] call add(901)
[1738] call remove
[1739] call add(902)
[1733] return
[1734] return 832
[1735] return
[1736] return 833
[1737] return
[1740] call remove
[1741] call remove
[1738] return 834
[1742] call remove
[1743] call add(903)
[1739] return
[1744] call remove
[1745] call add(904)
[1746] call add(905)
[1740] return 835
[1741] return 836
[1742] return 837
[1743] return
[1744] return 838
[1747] call add(906)
[1748] call add(907)
[1745] return
[1749] call add(908)
[1750] call add(909)
[1746] return
[1751] call add(910)
[1752] call add(911)
[1753] call add(912)
[1747] return
[1748] return
[1749] return
[1750] return
[1751] return
[1754] call add(913)
[1755] call remove
[1752] return
[1756] call remove
[1757] call remove
[1753] return
[1758] call remove
[1759] call add(914)
[1760] call remove
[1754] return
[1755] return 839
[1756] return 840
[1757] return 841
[1758] return 842
[1761] call add(915)
[1762] call remove
[1759] return
[1763] call add(916)
[1764] call remove
[1760] return 843
[1765] call remove
[1766] call remove
[1767] call remove
[1761] return
[1762] return 844
[1763] return
[1764] return 845
[1765] return 846
[1768] call add(917)
[1769] call remove
[1766] return 847
[1770] call remove
[1771] call add(918)
[1767] return 848
[1772] call add(919)
[1773] call remove
[1774] call remove
[1768] return
[1769] return 849
[1770] return 850
[1771] return
[1772] return
[1775] call remove
[1776] call add(920)
[1773] return 851
[1777] call add(921)
[1778] call remove
[1774] return 852
[1779] call add(922)
[1780] call remove
[1781] call add(923)
[1775] return 853
[1776] return
[1777] return
[1778] return 854
[1779] return
[1782] call remove
[1783] call remove
[1780] return 855
[1784] call remove
[1785] call remove
[1781] return
[1786] call remove
[1787] call add(925)
[1782] return 856
[1783] return 857
[1788] call add(924)
[1784] return 858
[1785] return 859
[1786] return 860
[1789] call add(926)
[1790] call remove
[1791] call remove
[1792] call add(927)
[1787] return
[1793] call add(928)
[1788] return
[1794] call remove
[1789] return
[1790] return 861
[1795] call add(929)
[1791] return 862
[1792] return
[1793] return
[1796] call add(930)
[1797] call remove
[1798] call remove
[1799] call add(931)
[1794] return 863
[1800] call add(932)
[1795] return
[1801] call add(933)
[1796] return
[1797] return 864
[1802] call remove
[1798] return 865
[1799] return
[1800] return
[1803] call add(934)
[1804] call remove
[1805] call add(935)
[1806] call add(936)
[1801] return
[1807] call add(937)
[1802] return 866
[1808] call add(938)
[1803] return
[1804] return 867
[1809] call remove
[1805] return
[1806] return
[1807] return
[1810] call remove
[1811] call remove
[1812] call remove
[1813] call remove
[1808] return
[1814] call remove
[1809] return 868
[1815] call add(939)
[1810] return 869
[1811] return 870
[1816] call add(940)
[1812] return 871
[1813] return 872
[1814] return 873
[1817] call remove
[1818] call add(941)
[1819] call add(942)
[1820] call remove
[1815] return
[1821] call add(943)
[1816] return
[1822] call remove
[1817] return 874
[1818] return
[1823] call remove
[1819] return
[1820] return 875
[1821] return
[1824] call add(944)
[1825] call add(945)
[1826] call add(946)
[1827] call add(947)
[1822] return 876
[1828] call remove
[1823] return 878
[1829] call remove
[1824] return
[1825] return
[1830] call remove
[1826] return
[1827] return
[1828] return 877
[1831] call add(948)
[1832] call remove
[1833] call add(949)
[1834] call remove
[1829] return 879
[1835] call add(950)
[1830] return 880
[1836] call add(951)
[1831] return
[1832] return 881
[1837] call add(952)
[1833] return
[1834] return 882
[1835] return
[1838] call remove
[1839] call remove
[1840] call add(953)
[1841] call remove
[1836] return
[1842] call add(954)
[1837] return
[1843] call add(955)
[1838] return 883
[1839] return 884
[1844] call add(956)
[1840] return
[1841] return 885
[1842] return
[1845] call remove
[1846] call remove
[1847] call remove
[1848] call remove
[1843] return
[1849] call add(957)
[1844] return
[1850] call remove
[1845] return 886
[1846] return 887
[1851] call remove
[1847] return 888
[1848] return 889
[1849] return
[1852] call remove
[1853] call remove
[1854] call remove
[1855] call remove
[1850] return 890
[1856] call add(958)
[1851] return 891
[1857] call remove
[1852] return 892
[1853] return 893
[1858] call add(959)
[1854] return 894
[1855] return 895
[1856] return
[1859] call remove
[1860] call remove
[1861] call remove
[1862] call add(960)
[1857] return 896
[1863] call remove
[1858] return
[1864] call add(961)
[1859] return 897
[1860] return 898
[1865] call add(962)
[1861] return 899
[1862] return
[1863] return 900
[1866] call remove
[1867] call add(963)
[1868] call add(964)
[1869] call add(965)
[1864] return
[1870] call remove
[1865] return
[1871] call add(966)
[1866] return 901
[1867] return
[1872] call add(967)
[1868] return
[1869] return
[1870] return 902
[1873] call remove
[1874] call add(968)
[1875] call remove
[1876] call remove
[1871] return
[1877] call remove
[1872] return
[1878] call remove
[1873] return 903
[1874] return
[1879] call remove
[1875] return 904
[1876] return 905
[1877] return 906
[1880] call add(969)
[1881] call add(970)
[1882] call add(971)
[1883] call remove
[1878] return 907
[1884] call remove
[1879] return 908
[1885] call add(972)
[1880] return
[1881] return
[1886] call add(973)
[1882] return
[1883] return 909
[1884] return 910
[1887] call add(974)
[1888] call remove
[1889] call remove
[1890] call remove
[1885] return
[1891] call add(975)
[1886] return
[1892] call remove
[1887] return
[1888] return 911
[1893] call add(976)
[1889] return 912
[1890] return 913
[1891] return
[1892] return 914
[1894] call add(977)
[1895] call remove
[1896] call add(978)
[1897] call remove
[1898] call remove
[1899] call remove
[1893] return
[1900] call remove
[1894] return
[1899] return 915
[1896] return
[1897] return 916
[1901] call add(979)
[1898] return 917
[1900] return 918
[1895] return 919
[1902] call remove
[1903] call remove
[1904] call add(980)
[1905] call add(981)
[1906] call remove
[1907] call remove
[1901] return
[1902] return 920
[1903] return 921
[1904] return
[1908] call remove
[1905] return
[1906] return 922
[1907] return 923
[1909] call remove
[1910] call remove
[1911] call add(982)
[1912] call remove
[1913] call remove
[1914] call add(983)
[1908] return 925
[1909] return 924
[1910] return 926
[1911] return
[1915] call remove
[1912] return 927
[1913] return 928
[1914] return
[1916] call add(984)
[1917] call add(985)
[1918] call remove
[1919] call add(986)
[1920] call add(987)
[1921] call remove
[1915] return 929
[1916] return
[1917] return
[1918] return 930
[1922] call add(988)
[1919] return
[1920] return
[1921] return 931
[1923] call add(989)
[1924] call add(990)
[1925] call remove
[1926] call add(991)
[1927] call add(992)
[1928] call add(993)
[1922] return
[1923] return
[1924] return
[1925] return 932
[1929] call remove
[1926] return
[1927] return
[1928] return
[1930] call remove
[1931] call remove
[1932] call remove
[1933] call remove
[1934] call remove
[1935] call add(994)
[1929] return 933
[1930] return 934
[1931] return 935
[1932] return 936
[1936] call remove
[1933] return 937
[1934] return 938
[1935] return
[1937] call remove
[1938] call remove
[1939] call remove
[1940] call add(995)
[1941] call add(996)
[1942] call add(997)
[1936] return 939
[1937] return 940
[1938] return 941
[1939] return 942
[1943] call remove
[1940] return
[1941] return
[1942] return
[1944] call remove
[1945] call remove
[1946] call remove
[1947] call add(998)
[1948] call remove
[1949] call remove
[1943] return 943
[1944] return 944
[1945] return 945
[1946] return 946
[1950] call add(999)
[1947] return
[1948] return 947
[1949] return 948
[1951] call add(1000)
[1952] call remove
[1953] call remove
[1954] call add(1001)
[1955] call add(1002)
[1956] call remove
[1950] return
[1951] return
[1952] return 949
[1953] return 950
[1957] call remove
[1954] return
[1955] return
[1956] return 951
[1957] return 952
