# @object atomic-queue
[1] call add(5476)
[2] call remove
[3] call remove
[4] call remove
[1] return
[2] return 5476
[3] return empty
[5] call remove
[6] call remove
[7] call add(5477)
[4] return empty
[8] call remove
[8] return empty
[9] call add(5478)
[10] call add(5479)
[9] return
[6] return empty
[11] call add(5480)
[5] return empty
[7] return
[12] call add(5481)
[10] return
[13] call add(5482)
[12] return
[14] call add(5483)
[15] call add(5484)
[16] call remove
[17] call add(5485)
[18] call remove
[16] return 5477
[11] return
[19] call remove
[20] call add(5486)
[14] return
[13] return
[15] return
[17] return
[21] call add(5487)
[22] call remove
[23] call remove
[21] return
[18] return 5479
[19] return 5478
[24] call remove
[20] return
[25] call remove
[26] call remove
[27] call add(5488)
[22] return 5481
[23] return 5480
[28] call remove
[24] return 5482
[29] call add(5489)
[30] call remove
[25] return 5483
[26] return 5484
[31] call remove
[27] return
[32] call remove
[33] call add(5490)
[28] return 5485
[34] call remove
[29] return
[30] return 5486
[35] call remove
[31] return 5487
[36] call add(5491)
[37] call remove
[32] return 5488
[33] return
[38] call remove
[34] return 5489
[39] call add(5492)
[40] call remove
[35] return 5490
[41] call add(5493)
[36] return
[37] return 5491
[42] call remove
[38] return empty
[43] call remove
[44] call remove
[39] return
[40] return 5492
[45] call remove
[41] return
[46] call remove
[47] call remove
[42] return 5493
[48] call add(5494)
[43] return empty
[44] return empty
[49] call add(5495)
[45] return empty
[50] call add(5496)
[51] call remove
[46] return empty
[47] return empty
[52] call remove
[48] return
[53] call remove
[54] call remove
[49] return
[55] call remove
[50] return
[51] return 5494
[56] call add(5497)
[52] return 5495
[57] call remove
[58] call remove
[53] return 5496
[54] return empty
[59] call add(5498)
[55] return empty
[60] call add(5499)
[61] call add(5500)
[56] return
[62] call remove
[57] return 5497
[58] return empty
[63] call add(5501)
[59] return
[64] call add(5502)
[65] call add(5503)
[60] return
[61] return
[66] call add(5504)
[62] return 5498
[67] call remove
[68] call remove
[63] return
[69] call remove
[64] return
[65] return
[70] call add(5505)
[66] return
[71] call remove
[72] call add(5506)
[67] return 5499
[68] return 5500
[73] call remove
[69] return 5501
[74] call remove
[75] call remove
[70] return
[76] call remove
[71] return 5502
[72] return
[77] call add(5507)
[73] return 5503
[78] call add(5508)
[79] call add(5509)
[74] return 5504
[75] return 5505
[80] call remove
[76] return 5506
[81] call remove
[82] call remove
[77] return
[83] call remove
[78] return
[79] return
[84] call remove
[80] return 5507
[85] call remove
[86] call add(5510)
[81] return 5508
[82] return 5509
[87] call remove
[83] return empty
[88] call remove
[89] call add(5511)
[84] return empty
[90] call add(5512)
[85] return empty
[86] return
[91] call add(5513)
[87] return 5510
[92] call add(5514)
[93] call add(5515)
[88] return empty
[89] return
[94] call remove
[90] return
[95] call remove
[96] call remove
[91] return
[97] call remove
[92] return
[93] return
[98] call remove
[94] return 5511
[99] call add(5516)
[100] call remove
[95] return 5512
[96] return 5513
[101] call remove
[97] return 5514
[102] call add(5517)
[103] call remove
[98] return 5515
[104] call add(5518)
[99] return
[100] return 5516
[105] call remove
[101] return empty
[106] call add(5519)
[107] call add(5520)
[102] return
[103] return 5517
[108] call remove
[104] return
[109] call add(5521)
[110] call add(5522)
[105] return 5518
[111] call add(5523)
[106] return
[107] return
[112] call add(5524)
[108] return 5519
[113] call remove
[114] call remove
[109] return
[110] return
[115] call add(5525)
[111] return
[116] call remove
[117] call add(5526)
[112] return
[118] call add(5527)
[113] return 5520
[114] return 5521
[119] call add(5528)
[115] return
[120] call add(5529)
[121] call remove
[116] return 5522
[117] return
[122] call remove
[118] return
[123] call add(5530)
[124] call remove
[119] return
[125] call remove
[120] return
[121] return 5523
[126] call add(5531)
[122] return 5524
[127] call add(5532)
[128] call add(5533)
[123] return
[124] return 5525
[129] call remove
[125] return 5526
[130] call add(5534)
[131] call add(5535)
[126] return
[132] call add(5536)
[127] return
[128] return
[133] call remove
[129] return 5527
[134] call remove
[135] call add(5537)
[130] return
[136] call remove
[132] return
[131] return
[137] call add(5538)
[135] return
[133] return 5528
[138] call remove
[136] return 5530
[134] return 5529
[139] call add(5539)
[140] call remove
[141] call add(5540)
[142] call remove
[143] call remove
[140] return 5532
[137] return
[144] call remove
[138] return 5531
[139] return
[145] call remove
[142] return 5533
[141] return
[146] call add(5541)
[143] return 5534
[147] call add(5542)
[144] return 5535
[148] call remove
[149] call remove
[150] call add(5543)
[151] call remove
[145] return 5536
[146] return
[147] return
[152] call remove
[148] return 5537
[149] return 5538
[153] call add(5544)
[150] return
[154] call remove
[151] return 5539
[155] call add(5545)
[156] call add(5546)
[157] call remove
[152] return 5540
[158] call add(5547)
[153] return
[156] return
[154] return 5541
[159] call remove
[155] return
[160] call add(5548)
[161] call remove
[162] call add(5549)
[157] return 5542
[161] return 5543
[158] return
[160] return
[163] call remove
[164] call remove
[165] call add(5550)
[166] call add(5551)
[159] return 5544
[167] call remove
[162] return
[168] call remove
[169] call remove
[163] return 5546
[164] return 5545
[165] return
[166] return
[167] return 5547
[170] call remove
[171] call remove
[172] call add(5552)
[173] call remove
[168] return 5548
[174] call remove
[169] return 5549
[175] call add(5553)
[176] call remove
[170] return 5550
[171] return 5551
[172] return
[173] return 5552
[174] return empty
[177] call add(5554)
[178] call add(5555)
[179] call remove
[180] call add(5556)
[175] return
[181] call remove
[176] return 5553
[179] return 5554
[182] call remove
[177] return
[178] return
[183] call add(5557)
[180] return
[184] call remove
[181] return 5555
[185] call remove
[186] call remove
[187] call remove
[188] call add(5558)
[182] return 5556
[183] return
[184] return 5557
[189] call remove
[185] return empty
[186] return empty
[190] call remove
[187] return empty
[191] call add(5559)
[188] return
[192] call remove
[193] call remove
[194] call add(5560)
[195] call add(5561)
[189] return 5558
[190] return empty
[191] return
[196] call remove
[192] return 5559
[193] return empty
[197] call add(5562)
[198] call add(5563)
[199] call remove
[195] return
[194] return
[200] call remove
[201] call remove
[196] return 5560
[202] call add(5564)
[197] return
[198] return
[199] return 5561
[203] call remove
[204] call add(5565)
[200] return 5562
[205] call add(5566)
[206] call remove
[201] return 5563
[202] return
[207] call remove
[208] call add(5567)
[203] return 5564
[209] call remove
[204] return
[205] return
[206] return 5565
[210] call add(5568)
[211] call add(5569)
[207] return 5566
[212] call remove
[213] call add(5570)
[208] return
[209] return 5567
[214] call add(5571)
[215] call remove
[210] return
[216] call remove
[211] return
[212] return 5568
[213] return
[217] call remove
[218] call remove
[214] return
[219] call remove
[220] call add(5572)
[215] return 5569
[216] return 5570
[221] call remove
[222] call add(5573)
[217] return 5571
[223] call add(5574)
[218] return empty
[219] return empty
[220] return
[224] call remove
[225] call add(5575)
[221] return 5572
[226] call add(5576)
[227] call add(5577)
[222] return
[223] return
[228] call add(5578)
[229] call remove
[224] return 5573
[230] call remove
[225] return
[226] return
[227] return
[231] call remove
[232] call remove
[228] return
[233] call add(5579)
[234] call remove
[229] return 5574
[230] return 5575
[235] call remove
[236] call remove
[231] return 5578
[237] call add(5580)
[232] return 5577
[233] return
[234] return 5576
[238] call remove
[239] call add(5581)
[235] return 5579
[240] call remove
[241] call remove
[236] return empty
[238] return 5580
[242] call add(5582)
[237] return
[240] return empty
[243] call remove
[239] return
[244] call remove
[245] call remove
[246] call remove
[241] return 5581
[247] call add(5583)
[242] return
[248] call remove
[243] return 5582
[244] return empty
[249] call add(5584)
[245] return empty
[246] return empty
[250] call add(5585)
[247] return
[251] call remove
[252] call remove
[253] call add(5586)
[248] return 5583
[254] call remove
[249] return
[255] call add(5587)
[250] return
[251] return 5584
[256] call remove
[252] return 5585
[253] return
[257] call add(5588)
[254] return 5586
[258] call add(5589)
[259] call add(5590)
[260] call add(5591)
[255] return
[261] call remove
[256] return 5587
[262] call remove
[257] return
[258] return
[263] call remove
[259] return
[260] return
[264] call add(5592)
[261] return 5588
[265] call remove
[266] call add(5593)
[267] call add(5594)
[262] return 5589
[268] call add(5595)
[263] return 5590
[269] call add(5596)
[264] return
[265] return 5591
[270] call remove
[266] return
[267] return
[271] call add(5597)
[268] return
[272] call add(5598)
[273] call add(5599)
[274] call add(5600)
[269] return
[275] call remove
[270] return 5592
[276] call remove
[271] return
[272] return
[277] call remove
[273] return
[274] return
[278] call add(5601)
[275] return 5593
[279] call remove
[280] call remove
[281] call add(5602)
[276] return 5594
[282] call remove
[277] return 5595
[280] return 5597
[281] return
[279] return 5596
[283] call add(5603)
[284] call add(5604)
[278] return
[285] call add(5605)
[286] call remove
[282] return 5598
[287] call remove
[288] call add(5606)
[289] call remove
[286] return 5599
[284] return
[285] return
[283] return
[290] call remove
[289] return 5600
[291] call add(5607)
[287] return 5602
[292] call add(5608)
[288] return
[293] call add(5609)
[294] call remove
[295] call remove
[296] call add(5610)
[290] return 5601
[291] return
[292] return
[293] return
[297] call add(5611)
[294] return 5603
[298] call remove
[295] return 5604
[299] call remove
[296] return
[300] call remove
[301] call add(5612)
[302] call add(5613)
[303] call remove
[297] return
[298] return 5605
[299] return 5606
[300] return 5607
[304] call add(5614)
[301] return
[305] call add(5615)
[302] return
[306] call add(5616)
[303] return 5608
[307] call add(5617)
[308] call remove
[309] call add(5618)
[310] call add(5619)
[304] return
[305] return
[306] return
[307] return
[311] call add(5620)
[308] return 5609
[312] call add(5621)
[309] return
[313] call add(5622)
[310] return
[314] call remove
[315] call add(5623)
[316] call remove
[317] call remove
[311] return
[312] return
[313] return
[314] return 5610
[318] call remove
[315] return
[319] call remove
[316] return 5611
[320] call add(5624)
[317] return 5612
[321] call remove
[322] call remove
[323] call remove
[324] call remove
[318] return 5613
[319] return 5614
[320] return
[321] return 5615
[325] call remove
[322] return 5616
[326] call remove
[323] return 5617
[327] call add(5625)
[324] return 5618
[328] call remove
[329] call add(5626)
[325] return 5619
[330] call remove
[331] call add(5627)
[332] call remove
[326] return 5620
[329] return
[328] return 5621
[327] return
[333] call remove
[334] call add(5628)
[330] return 5622
[335] call add(5629)
[331] return
[332] return 5623
[336] call add(5630)
[337] call add(5631)
[338] call remove
[339] call remove
[333] return 5624
[334] return
[335] return
[336] return
[340] call add(5632)
[341] call remove
[337] return
[342] call add(5633)
[338] return 5625
[339] return 5626
[343] call add(5634)
[344] call remove
[345] call add(5635)
[346] call remove
[340] return
[345] return
[342] return
[341] return 5627
[347] call remove
[343] return
[348] call add(5636)
[349] call add(5637)
[347] return 5629
[346] return 5630
[350] call add(5638)
[344] return 5628
[351] call remove
[350] return
[348] return
[352] call remove
[353] call remove
[354] call remove
[355] call remove
[351] return 5631
[356] call add(5639)
[349] return
[352] return 5632
[357] call add(5640)
[355] return 5635
[358] call remove
[359] call remove
[353] return 5633
[360] call remove
[354] return 5634
[361] call remove
[359] return 5636
[362] call remove
[356] return
[361] return 5638
[363] call add(5641)
[357] return
[358] return 5637
[364] call remove
[365] call remove
[366] call add(5642)
[360] return 5639
[364] return 5641
[367] call add(5643)
[363] return
[368] call add(5644)
[369] call remove
[362] return 5640
[370] call add(5645)
[367] return
[366] return
[365] return 5643
[371] call remove
[372] call remove
[373] call remove
[374] call remove
[368] return
[369] return 5642
[370] return
[375] call add(5646)
[376] call add(5647)
[371] return 5644
[377] call remove
[372] return 5645
[373] return empty
[374] return empty
[378] call remove
[379] call remove
[380] call remove
[381] call add(5648)
[375] return
[376] return
[377] return 5646
[382] call remove
[383] call remove
[378] return 5647
[384] call remove
[379] return empty
[380] return empty
[381] return
[385] call remove
[386] call remove
[387] call add(5649)
[388] call add(5650)
[382] return 5648
[383] return empty
[384] return empty
[389] call remove
[390] call remove
[385] return empty
[391] call add(5651)
[386] return empty
[387] return
[388] return
[392] call add(5652)
[393] call remove
[394] call add(5653)
[395] call add(5654)
[389] return 5649
[390] return 5650
[391] return
[396] call remove
[397] call add(5655)
[392] return
[398] call remove
[393] return 5651
[394] return
[395] return
[399] call remove
[400] call remove
[401] call remove
[402] call add(5656)
[396] return 5652
[397] return
[398] return 5653
[403] call remove
[404] call remove
[399] return 5654
[405] call add(5657)
[400] return 5655
[401] return empty
[402] return
[406] call add(5658)
[407] call add(5659)
[408] call add(5660)
[409] call remove
[403] return 5656
[404] return empty
[405] return
[410] call remove
[411] call add(5661)
[406] return
[412] call remove
[407] return
[408] return
[409] return 5657
[413] call add(5662)
[414] call remove
[415] call remove
[416] call add(5663)
[410] return 5658
[411] return
[412] return 5659
[417] call add(5664)
[418] call remove
[413] return
[419] call remove
[414] return 5660
[415] return 5661
[416] return
[420] call add(5665)
[421] call remove
[422] call add(5666)
[423] call remove
[417] return
[418] return 5662
[419] return 5663
[424] call remove
[425] call add(5667)
[420] return
[426] call remove
[421] return 5664
[422] return
[423] return 5665
[427] call remove
[428] call add(5668)
[429] call add(5669)
[430] call add(5670)
[424] return 5666
[425] return
[426] return 5667
[431] call add(5671)
[432] call add(5672)
[427] return empty
[433] call remove
[428] return
[429] return
[430] return
[434] call remove
[435] call add(5673)
[436] call remove
[437] call remove
[431] return
[432] return
[433] return 5668
[438] call remove
[439] call remove
[434] return 5669
[440] call add(5674)
[435] return
[436] return 5670
[437] return 5671
[441] call remove
[442] call remove
[443] call add(5675)
[444] call remove
[438] return 5672
[439] return 5673
[440] return
[445] call add(5676)
[446] call remove
[441] return 5674
[447] call remove
[442] return empty
[443] return
[444] return 5675
[448] call remove
[449] call add(5677)
[450] call remove
[451] call add(5678)
[445] return
[446] return 5676
[447] return empty
[452] call add(5679)
[453] call remove
[448] return empty
[454] call add(5680)
[449] return
[450] return 5677
[451] return
[455] call remove
[456] call add(5681)
[457] call add(5682)
[458] call remove
[452] return
[453] return 5678
[454] return
[459] call add(5683)
[460] call remove
[455] return 5679
[461] call add(5684)
[456] return
[457] return
[458] return 5680
[462] call add(5685)
[463] call remove
[464] call add(5686)
[465] call remove
[459] return
[460] return 5681
[461] return
[466] call add(5687)
[467] call remove
[462] return
[468] call remove
[463] return 5682
[464] return
[465] return 5683
[469] call remove
[470] call remove
[471] call add(5688)
[472] call remove
[466] return
[467] return 5684
[468] return 5685
[473] call add(5689)
[474] call remove
[469] return 5686
[475] call remove
[470] return 5687
[471] return
[472] return 5688
[473] return
[476] call add(5690)
[477] call remove
[474] return 5689
[478] call add(5691)
[479] call add(5692)
[480] call remove
[481] call add(5693)
[475] return empty
[476] return
[477] return 5690
[478] return
[479] return
[482] call add(5694)
[480] return 5691
[483] call add(5695)
[484] call add(5696)
[485] call add(5697)
[481] return
[486] call remove
[487] call add(5698)
[488] call add(5699)
[482] return
[483] return
[484] return
[485] return
[486] return 5692
[489] call remove
[487] return
[490] call add(5700)
[491] call remove
[492] call remove
[488] return
[493] call add(5701)
[494] call remove
[495] call remove
[489] return 5693
[490] return
[491] return 5694
[492] return 5695
[493] return
[496] call remove
[494] return 5696
[497] call remove
[498] call add(5702)
[499] call add(5703)
[495] return 5697
[500] call add(5704)
[501] call add(5705)
[502] call add(5706)
[496] return 5698
[497] return 5699
[498] return
[499] return
[500] return
[503] call remove
[501] return
[504] call remove
[505] call add(5707)
[506] call remove
[502] return
[507] call add(5708)
[508] call add(5709)
[509] call remove
[503] return 5700
[504] return 5701
[505] return
[506] return 5702
[507] return
[510] call remove
[508] return
[511] call add(5710)
[512] call remove
[513] call remove
[509] return 5703
[514] call add(5711)
[515] call remove
[516] call remove
[510] return 5704
[511] return
[512] return 5705
[513] return 5706
[514] return
[517] call remove
[515] return 5707
[518] call add(5712)
[519] call add(5713)
[520] call remove
[516] return 5708
[521] call remove
[522] call remove
[523] call add(5714)
[517] return 5709
[518] return
[519] return
[520] return 5710
[521] return 5711
[524] call add(5715)
[522] return 5712
[525] call add(5716)
[526] call remove
[527] call remove
[523] return
[528] call add(5717)
[529] call remove
[530] call add(5718)
[524] return
[525] return
[526] return 5713
[527] return 5714
[528] return
[531] call remove
[529] return 5715
[532] call add(5719)
[533] call add(5720)
[534] call remove
[530] return
[535] call remove
[536] call add(5721)
[537] call add(5722)
[531] return 5716
[532] return
[533] return
[534] return 5717
[535] return 5718
[538] call remove
[536] return
[539] call remove
[540] call add(5723)
[541] call add(5724)
[537] return
[542] call add(5725)
[543] call add(5726)
[544] call remove
[538] return 5719
[539] return 5720
[540] return
[541] return
[542] return
[545] call remove
[543] return
[546] call add(5727)
[547] call add(5728)
[548] call remove
[544] return 5721
[549] call add(5729)
[550] call remove
[551] call add(5730)
[545] return 5722
[546] return
[547] return
[548] return 5723
[549] return
[552] call add(5731)
[550] return 5724
[553] call add(5732)
[554] call remove
[555] call remove
[551] return
[556] call remove
[557] call remove
[558] call add(5733)
[552] return
[553] return
[554] return 5725
[555] return 5726
[556] return 5727
[559] call add(5734)
[557] return 5728
[560] call remove
[561] call remove
[562] call remove
[558] return
[563] call remove
[564] call remove
[565] call add(5735)
[559] return
[560] return 5729
[561] return 5730
[562] return 5731
[563] return 5732
[566] call remove
[564] return 5733
[567] call add(5736)
[568] call remove
[569] call remove
[565] return
[570] call add(5737)
[571] call remove
[572] call add(5738)
[566] return 5734
[567] return
[568] return 5735
[569] return 5736
[570] return
[573] call add(5739)
[571] return 5737
[574] call add(5740)
[575] call remove
[576] call remove
[572] return
[577] call remove
[578] call add(5741)
[579] call remove
[573] return
[574] return
[575] return 5738
[576] return 5739
[577] return 5740
[580] call remove
[578] return
[581] call remove
[582] call add(5742)
[583] call remove
[579] return 5741
[584] call add(5743)
[585] call add(5744)
[586] call add(5745)
[580] return empty
[581] return empty
[582] return
[583] return 5742
[584] return
[587] call remove
[585] return
[588] call add(5746)
[589] call add(5747)
[590] call add(5748)
[586] return
[591] call add(5749)
[592] call add(5750)
[593] call remove
[587] return 5743
[588] return
[589] return
[590] return
[591] return
[593] return 5744
[592] return
[594] call add(5751)
[595] call add(5752)
[596] call remove
[597] call add(5753)
[598] call add(5754)
[599] call remove
[600] call add(5755)
[594] return
[595] return
[596] return 5745
[597] return
[598] return
[599] return 5746
[600] return
[601] call add(5756)
[602] call add(5757)
[603] call add(5758)
[604] call add(5759)
[605] call add(5760)
[606] call add(5761)
[607] call add(5762)
[601] return
[602] return
[603] return
[604] return
[608] call remove
[606] return
[607] return
[609] call add(5763)
[610] call add(5764)
[605] return
[611] call add(5765)
[612] call remove
[613] call remove
[614] call add(5766)
[608] return 5747
[609] return
[610] return
[611] return
[615] call add(5767)
[612] return 5748
[613] return 5749
[616] call remove
[617] call add(5768)
[614] return
[618] call remove
[619] call remove
[620] call add(5769)
[621] call remove
[615] return
[616] return 5750
[617] return
[618] return 5751
[622] call add(5770)
[619] return 5752
[620] return
[623] call add(5771)
[624] call remove
[621] return 5753
[625] call remove
[626] call add(5772)
[627] call add(5773)
[628] call remove
[622] return
[625] return 5755
[623] return
[624] return 5754
[629] call add(5774)
[630] call remove
[627] return
[631] call remove
[632] call remove
[628] return 5756
[626] return
[633] call add(5775)
[634] call add(5776)
[635] call remove
[629] return
[630] return 5757
[631] return 5758
[632] return 5759
[636] call add(5777)
[637] call add(5778)
[633] return
[638] call add(5779)
[639] call remove
[634] return
[635] return 5760
[640] call remove
[641] call add(5780)
[642] call add(5781)
[636] return
[637] return
[638] return
[639] return 5761
[643] call add(5782)
[644] call remove
[640] return 5762
[645] call remove
[646] call remove
[641] return
[642] return
[647] call remove
[648] call add(5783)
[649] call remove
[643] return
[644] return 5763
[645] return 5764
[646] return 5765
[650] call add(5784)
[651] call remove
[647] return 5766
[652] call remove
[653] call remove
[648] return
[649] return 5767
[654] call add(5785)
[655] call remove
[656] call add(5786)
[650] return
[651] return 5768
[652] return 5769
[653] return 5770
[657] call remove
[658] call add(5787)
[654] return
[659] call remove
[660] call add(5788)
[655] return 5771
[656] return
[661] call add(5789)
[662] call remove
[663] call add(5790)
[657] return 5773
[658] return
[659] return 5772
[660] return
[664] call add(5791)
[665] call remove
[661] return
[666] call remove
[667] call add(5792)
[662] return 5774
[663] return
[668] call remove
[669] call add(5793)
[670] call remove
[664] return
[665] return 5775
[666] return 5776
[667] return
[671] call add(5794)
[672] call add(5795)
[668] return 5777
[673] call remove
[674] call add(5796)
[669] return
[670] return 5778
[675] call remove
[676] call add(5797)
[677] call add(5798)
[671] return
[672] return
[673] return 5779
[674] return
[678] call add(5799)
[679] call add(5800)
[675] return 5780
[680] call add(5801)
[681] call add(5802)
[676] return
[677] return
[682] call add(5803)
[683] call add(5804)
[684] call add(5805)
[678] return
[679] return
[680] return
[681] return
[685] call remove
[686] call remove
[682] return
[687] call remove
[688] call remove
[683] return
[689] call add(5806)
[684] return
[687] return 5784
[688] return 5781
[685] return 5782
[686] return 5783
[690] call remove
[691] call remove
[692] call add(5807)
[693] call remove
[694] call add(5808)
[695] call remove
[689] return
[696] call remove
[690] return 5785
[691] return 5786
[692] return
[693] return 5787
[694] return
[695] return 5788
[697] call add(5809)
[698] call add(5810)
[699] call add(5811)
[700] call remove
[701] call add(5812)
[702] call add(5813)
[696] return 5789
[703] call add(5814)
[697] return
[698] return
[699] return
[700] return 5790
[701] return
[702] return
[704] call remove
[705] call remove
[706] call add(5815)
[707] call remove
[708] call add(5816)
[709] call remove
[703] return
[705] return 5792
[704] return 5791
[706] return
[707] return 5793
[710] call add(5817)
[711] call remove
[708] return
[712] call remove
[713] call remove
[709] return 5794
[714] call add(5818)
[715] call add(5819)
[716] call add(5820)
[710] return
[711] return 5795
[712] return 5796
[713] return 5797
[714] return
[717] call add(5821)
[718] call remove
[715] return
[719] call add(5822)
[716] return
[720] call remove
[721] call add(5823)
[722] call add(5824)
[718] return 5798
[723] call remove
[717] return
[724] call add(5825)
[719] return
[720] return 5799
[725] call add(5826)
[721] return
[722] return
[726] call remove
[723] return 5800
[727] call remove
[728] call add(5827)
[729] call remove
[724] return
[730] call add(5828)
[725] return
[731] call add(5829)
[726] return 5801
[727] return 5802
[730] return
[728] return
[729] return 5803
[732] call remove
[733] call add(5830)
[734] call remove
[735] call add(5831)
[736] call remove
[737] call remove
[731] return
[738] call remove
[732] return 5804
[733] return
[734] return 5805
[735] return
[736] return 5806
[737] return 5807
[739] call remove
[740] call remove
[741] call add(5832)
[742] call remove
[743] call add(5833)
[744] call add(5834)
[738] return 5808
[745] call remove
[739] return 5809
[740] return 5810
[741] return
[742] return 5811
[743] return
[744] return
[746] call add(5835)
[747] call remove
[748] call remove
[749] call add(5836)
[750] call add(5837)
[751] call remove
[745] return 5812
[752] call add(5838)
[746] return
[747] return 5813
[748] return 5814
[749] return
[753] call remove
[751] return 5815
[754] call remove
[755] call add(5839)
[750] return
[756] call remove
[757] call remove
[752] return
[758] call add(5840)
[759] call remove
[754] return 5817
[755] return
[753] return 5816
[758] return
[756] return 5818
[757] return 5819
[760] call remove
[761] call add(5841)
[762] call add(5842)
[763] call add(5843)
[764] call remove
[765] call remove
[759] return 5820
[766] call add(5844)
[760] return 5821
[761] return
[762] return
[763] return
[764] return 5822
[765] return 5823
[767] call add(5845)
[768] call add(5846)
[769] call remove
[770] call remove
[771] call add(5847)
[772] call add(5848)
[766] return
[773] call add(5849)
[767] return
[768] return
[769] return 5824
[770] return 5825
[771] return
[772] return
[774] call remove
[775] call remove
[776] call remove
[777] call remove
[778] call remove
[779] call add(5850)
[773] return
[780] call remove
[774] return 5826
[775] return 5827
[776] return 5828
[777] return 5829
[778] return 5830
[779] return
[781] call remove
[782] call remove
[783] call remove
[784] call add(5851)
[785] call remove
[786] call add(5852)
[780] return 5831
[787] call remove
[781] return 5832
[782] return 5833
[783] return 5834
[784] return
[785] return 5835
[786] return
[788] call remove
[789] call add(5853)
[790] call remove
[791] call remove
[792] call add(5854)
[793] call remove
[787] return 5836
[794] call add(5855)
[788] return 5837
[789] return
[790] return 5838
[791] return 5839
[792] return
[793] return 5840
[795] call add(5856)
[796] call remove
[797] call add(5857)
[798] call remove
[799] call remove
[800] call add(5858)
[794] return
[801] call add(5859)
[795] return
[796] return 5841
[797] return
[802] call remove
[799] return 5843
[800] return
[803] call add(5860)
[798] return 5842
[804] call remove
[805] call remove
[806] call add(5861)
[801] return
[807] call add(5862)
[802] return 5844
[808] call add(5863)
[803] return
[804] return 5845
[809] call add(5864)
[805] return 5846
[806] return
[810] call add(5865)
[807] return
[811] call remove
[812] call remove
[813] call remove
[808] return
[814] call remove
[809] return
[815] call add(5866)
[810] return
[811] return 5847
[816] call add(5867)
[812] return 5848
[813] return 5849
[817] call remove
[814] return 5850
[818] call remove
[819] call add(5868)
[820] call remove
[815] return
[821] call remove
[816] return
[822] call remove
[817] return 5851
[818] return 5852
[823] call add(5869)
[819] return
[820] return 5853
[824] call add(5870)
[821] return 5854
[825] call add(5871)
[826] call add(5872)
[827] call add(5873)
[822] return 5855
[828] call remove
[823] return
[829] call add(5874)
[824] return
[825] return
[830] call add(5875)
[826] return
[827] return
[831] call add(5876)
[828] return 5856
[832] call add(5877)
[833] call add(5878)
[834] call remove
[829] return
[835] call add(5879)
[830] return
[836] call add(5880)
[831] return
[837] call add(5881)
[832] return
[833] return
[834] return 5857
[838] call add(5882)
[835] return
[839] call add(5883)
[840] call remove
[841] call add(5884)
[836] return
[842] call remove
[837] return
[843] call remove
[838] return
[844] call add(5885)
[839] return
[840] return 5858
[841] return
[845] call remove
[842] return 5859
[846] call remove
[847] call add(5886)
[848] call add(5887)
[843] return 5860
[849] call add(5888)
[844] return
[850] call remove
[845] return 5861
[851] call remove
[846] return 5862
[847] return
[848] return
[852] call remove
[849] return
[853] call add(5889)
[854] call add(5890)
[855] call remove
[850] return 5863
[856] call add(5891)
[851] return 5864
[857] call remove
[852] return 5865
[858] call add(5892)
[853] return
[854] return
[855] return 5866
[859] call remove
[856] return
[860] call remove
[861] call remove
[862] call remove
[857] return 5867
[863] call add(5893)
[858] return
[864] call add(5894)
[859] return 5868
[865] call remove
[860] return 5869
[861] return 5870
[862] return 5871
[866] call add(5895)
[863] return
[867] call remove
[868] call remove
[869] call remove
[864] return
[870] call remove
[865] return 5872
[871] call remove
[866] return
[872] call add(5896)
[867] return 5873
[868] return 5874
[869] return 5875
[873] call remove
[870] return 5876
[874] call remove
[875] call remove
[876] call add(5897)
[871] return 5877
[877] call add(5898)
[872] return
[878] call add(5899)
[873] return 5878
[879] call add(5900)
[874] return 5879
[875] return 5880
[876] return
[880] call add(5901)
[877] return
[881] call remove
[882] call remove
[883] call remove
[878] return
[884] call remove
[880] return
[885] call remove
[879] return
[886] call add(5902)
[881] return 5881
[882] return 5882
[883] return 5883
[887] call add(5903)
[884] return 5884
[888] call add(5904)
[889] call remove
[890] call remove
[885] return 5885
[891] call add(5905)
[886] return
[892] call add(5906)
[887] return
[893] call add(5907)
[888] return
[889] return 5886
[890] return 5887
[894] call add(5908)
[891] return
[895] call remove
[896] call add(5909)
[897] call remove
[892] return
[898] call add(5910)
[893] return
[899] call add(5911)
[894] return
[900] call remove
[895] return 5888
[896] return
[897] return 5889
[901] call add(5912)
[898] return
[902] call add(5913)
[903] call add(5914)
[904] call remove
[899] return
[905] call add(5915)
[900] return 5890
[906] call remove
[901] return
[907] call remove
[902] return
[903] return
[904] return 5891
[908] call add(5916)
[905] return
[909] call add(5917)
[910] call add(5918)
[911] call add(5919)
[906] return 5892
[912] call add(5920)
[907] return 5893
[913] call remove
[908] return
[914] call add(5921)
[909] return
[910] return
[911] return
[915] call remove
[912] return
[916] call remove
[917] call add(5922)
[918] call add(5923)
[913] return 5894
[919] call remove
[914] return
[920] call add(5924)
[915] return 5895
[921] call add(5925)
[916] return 5896
[917] return
[918] return
[922] call add(5926)
[919] return 5897
[923] call add(5927)
[924] call add(5928)
[925] call remove
[920] return
[926] call remove
[921] return
[927] call add(5929)
[922] return
[928] call remove
[923] return
[924] return
[925] return 5898
[929] call add(5930)
[926] return 5899
[930] call add(5931)
[931] call add(5932)
[932] call remove
[927] return
[933] call remove
[928] return 5901
[934] call remove
[929] return
[935] call add(5933)
[930] return
[931] return
[932] return 5900
[936] call add(5934)
[933] return 5902
[937] call remove
[938] call add(5935)
[939] call add(5936)
[934] return 5903
[940] call add(5937)
[935] return
[941] call add(5938)
[936] return
[942] call remove
[937] return 5904
[938] return
[939] return
[943] call add(5939)
[941] return
[940] return
[944] call remove
[942] return 5905
[945] call add(5940)
[946] call add(5941)
[947] call add(5942)
[948] call add(5943)
[949] call remove
[943] return
[944] return 5906
[946] return
[945] return
[950] call add(5944)
[947] return
[948] return
[951] call remove
[949] return 5907
[952] call remove
[953] call add(5945)
[954] call add(5946)
[955] call add(5947)
[956] call remove
[950] return
[951] return 5908
[952] return 5909
[953] return
[957] call remove
[954] return
[955] return
[958] call remove
[956] return 5910
[959] call remove
[960] call add(5948)
[961] call remove
[962] call remove
[963] call remove
[957] return 5911
[958] return 5912
[959] return 5913
[960] return
[964] call add(5949)
[961] return 5914
[962] return 5915
[965] call remove
[963] return 5916
[966] call remove
[967] call add(5950)
[968] call remove
[969] call remove
[970] call remove
[964] return
[965] return 5917
[966] return 5918
[967] return
[971] call remove
[968] return 5919
[969] return 5920
[972] call add(5951)
[970] return 5921
[973] call add(5952)
[974] call add(5953)
[975] call add(5954)
[976] call add(5955)
[977] call add(5956)
[971] return 5922
[972] return
[973] return
[974] return
[978] call remove
[975] return
[976] return
[979] call remove
[977] return
[980] call add(5957)
[981] call remove
[982] call add(5958)
[983] call remove
[984] call remove
[978] return 5923
[979] return 5924
[980] return
[981] return 5925
[985] call add(5959)
[982] return
[983] return 5926
[986] call add(5960)
[984] return 5927
[987] call remove
[988] call remove
[989] call remove
[990] call add(5961)
[991] call add(5962)
[985] return
[986] return
[987] return 5928
[988] return 5929
[992] call add(5963)
[989] return 5930
[990] return
[993] call remove
[991] return
[994] call add(5964)
[995] call remove
[996] call add(5965)
[997] call remove
[998] call remove
[992] return
[993] return 5931
[994] return
[995] return 5932
[999] call remove
[996] return
[997] return 5933
[1000] call add(5966)
[998] return 5934
[1001] call remove
[1002] call add(5967)
[1003] call add(5968)
[1004] call add(5969)
[1005] call add(5970)
[999] return 5935
[1000] return
[1001] return 5936
[1002] return
[1006] call add(5971)
[1003] return
[1004] return
[1007] call remove
[1005] return
[1008] call remove
[1009] call add(5972)
[1010] call remove
[1011] call remove
[1012] call remove
[1006] return
[1007] return 5937
[1008] return 5938
[1009] return
[1013] call remove
[1010] return 5939
[1011] return 5941
[1014] call add(5973)
[1012] return 5940
[1015] call remove
[1016] call add(5974)
[1017] call remove
[1018] call remove
[1019] call add(5975)
[1013] return 5942
[1014] return
[1015] return 5943
[1016] return
[1020] call add(5976)
[1017] return 5944
[1018] return 5945
[1021] call add(5977)
[1019] return
[1022] call remove
[1023] call remove
[1024] call add(5978)
[1025] call remove
[1026] call remove
[1020] return
[1021] return
[1022] return 5946
[1023] return 5947
[1027] call remove
[1024] return
[1025] return 5948
[1028] call add(5979)
[1026] return 5949
[1029] call remove
[1030] call add(5980)
[1031] call add(5981)
[1032] call remove
[1033] call remove
[1027] return 5950
[1028] return
[1029] return 5951
[1030] return
[1034] call add(5982)
[1031] return
[1032] return 5952
[1035] call remove
[1033] return 5953
[1036] call remove
[1037] call add(5983)
[1038] call remove
[1039] call add(5984)
[1040] call remove
[1034] return
[1035] return 5954
[1036] return 5955
[1037] return
[1041] call remove
[1038] return 5956
[1039] return
[1042] call add(5985)
[1040] return 5957
[1043] call remove
[1044] call remove
[1045] call remove
[1046] call add(5986)
[1047] call remove
[1041] return 5958
[1042] return
[1043] return 5959
[1044] return 5960
[1048] call remove
[1045] return 5961
[1046] return
[1049] call remove
[1047] return 5962
[1050] call remove
[1051] call remove
[1052] call add(5987)
[1053] call remove
[1054] call remove
[1048] return 5963
[1049] return 5964
[1050] return 5965
[1051] return 5966
[1055] call remove
[1052] return
[1053] return 5967
[1056] call remove
[1054] return 5968
[1057] call add(5988)
[1058] call remove
[1059] call add(5989)
[1060] call remove
[1061] call add(5990)
[1055] return 5969
[1056] return 5970
[1057] return
[1058] return 5971
[1062] call remove
[1059] return
[1060] return 5972
[1063] call remove
[1061] return
[1064] call add(5991)
[1065] call remove
[1066] call remove
[1067] call remove
[1068] call remove
[1062] return 5973
[1063] return 5974
[1064] return
[1065] return 5975
[1069] call remove
[1066] return 5976
[1067] return 5977
[1070] call add(5992)
[1068] return 5978
[1071] call remove
[1072] call add(5993)
[1073] call add(5994)
[1074] call remove
[1075] call add(5995)
[1069] return 5979
[1070] return
[1071] return 5980
[1072] return
[1076] call remove
[1073] return
[1074] return 5981
[1077] call add(5996)
[1075] return
[1078] call remove
[1079] call remove
[1080] call remove
[1081] call add(5997)
[1082] call add(5998)
[1076] return 5982
[1077] return
[1078] return 5983
[1079] return 5984
[1083] call remove
[1080] return 5985
[1081] return
[1084] call add(5999)
[1082] return
[1085] call remove
[1086] call add(6000)
[1087] call remove
[1088] call add(6001)
[1089] call add(6002)
[1083] return 5986
[1084] return
[1085] return 5987
[1086] return
[1090] call remove
[1087] return 5988
[1088] return
[1091] call add(6003)
[1089] return
[1092] call remove
[1093] call add(6004)
[1094] call remove
[1095] call add(6005)
[1096] call remove
[1090] return 5989
[1091] return
[1092] return 5990
[1093] return
[1097] call add(6006)
[1094] return 5991
[1095] return
[1098] call add(6007)
[1096] return 5992
[1099] call remove
[1100] call remove
[1101] call add(6008)
[1102] call add(6009)
[1103] call remove
[1097] return
[1098] return
[1099] return 5993
[1100] return 5994
[1104] call remove
[1101] return
[1102] return
[1105] call add(6010)
[1103] return 5995
[1106] call add(6011)
[1107] call add(6012)
[1108] call add(6013)
[1109] call add(6014)
[1110] call remove
[1104] return 5996
[1105] return
[1106] return
[1107] return
[1111] call add(6015)
[1108] return
[1109] return
[1112] call remove
[1110] return 5997
[1113] call remove
[1114] call remove
[1115] call remove
[1116] call remove
[1117] call add(6016)
[1111] return
[1112] return 5998
[1113] return 5999
[1114] return 6000
[1118] call add(6017)
[1115] return 6001
[1116] return 6002
[1119] call remove
[1117] return
[1120] call remove
[1121] call add(6018)
[1122] call add(6019)
[1123] call remove
[1124] call add(6020)
[1118] return
[1119] return 6003
[1120] return 6004
[1121] return
[1125] call add(6021)
[1122] return
[1123] return 6005
[1126] call add(6022)
[1124] return
[1127] call add(6023)
[1128] call add(6024)
[1129] call add(6025)
[1130] call remove
[1131] call add(6026)
[1125] return
[1126] return
[1127] return
[1128] return
[1132] call remove
[1129] return
[1130] return 6006
[1133] call remove
[1131] return
[1134] call remove
[1135] call remove
[1136] call add(6027)
[1137] call add(6028)
[1138] call remove
[1132] return 6007
[1136] return
[1134] return 6008
[1135] return 6009
[1139] call remove
[1133] return 6010
[1140] call remove
[1137] return
[1138] return 6011
[1141] call add(6029)
[1142] call remove
[1143] call add(6030)
[1144] call remove
[1145] call add(6031)
[1139] return 6012
[1140] return 6013
[1141] return
[1142] return 6014
[1146] call remove
[1143] return
[1147] call add(6032)
[1144] return 6015
[1145] return
[1148] call remove
[1149] call add(6033)
[1150] call remove
[1151] call add(6034)
[1152] call remove
[1146] return 6016
[1147] return
[1148] return 6017
[1149] return
[1153] call remove
[1150] return 6018
[1154] call remove
[1151] return
[1152] return 6019
[1155] call remove
[1156] call remove
[1157] call add(6035)
[1158] call remove
[1159] call remove
[1153] return 6020
[1154] return 6021
[1155] return 6022
[1156] return 6023
[1160] call add(6036)
[1157] return
[1161] call remove
[1158] return 6024
[1159] return 6025
[1162] call add(6037)
[1163] call remove
[1164] call remove
[1165] call remove
[1166] call remove
[1160] return
[1161] return 6026
[1162] return
[1163] return 6027
[1167] call remove
[1164] return 6028
[1168] call remove
[1166] return 6030
[1169] call add(6038)
[1165] return 6029
[1170] call remove
[1171] call remove
[1172] call add(6039)
[1173] call remove
[1167] return 6031
[1168] return 6032
[1170] return 6033
[1169] return
[1174] call add(6040)
[1175] call remove
[1171] return 6034
[1176] call add(6041)
[1177] call remove
[1172] return
[1173] return 6035
[1178] call remove
[1179] call add(6042)
[1180] call remove
[1174] return
[1175] return 6036
[1176] return
[1177] return 6037
[1181] call add(6043)
[1182] call add(6044)
[1178] return 6038
[1183] call add(6045)
[1184] call add(6046)
[1179] return
[1180] return 6039
[1185] call remove
[1186] call remove
[1187] call remove
[1181] return
[1182] return
[1183] return
[1184] return
[1188] call add(6047)
[1189] call add(6048)
[1185] return 6040
[1190] call remove
[1191] call add(6049)
[1186] return 6041
[1187] return 6042
[1192] call add(6050)
[1193] call add(6051)
[1194] call add(6052)
[1188] return
[1189] return
[1190] return 6043
[1191] return
[1195] call add(6053)
[1196] call remove
[1192] return
[1197] call remove
[1198] call add(6054)
[1193] return
[1194] return
[1199] call add(6055)
[1200] call remove
[1201] call add(6056)
[1195] return
[1196] return 6044
[1197] return 6045
[1198] return
[1202] call add(6057)
[1203] call add(6058)
[1199] return
[1204] call remove
[1205] call remove
[1200] return 6046
[1201] return
[1206] call remove
[1207] call remove
[1208] call remove
[1202] return
[1203] return
[1204] return 6047
[1205] return 6048
[1209] call add(6059)
[1210] call remove
[1206] return 6049
[1211] call add(6060)
[1212] call remove
[1207] return 6050
[1208] return 6051
[1213] call add(6061)
[1214] call add(6062)
[1215] call add(6063)
[1209] return
[1210] return 6052
[1211] return
[1212] return 6053
[1216] call add(6064)
[1217] call add(6065)
[1213] return
[1218] call add(6066)
[1219] call add(6067)
[1214] return
[1215] return
[1220] call remove
[1221] call remove
[1222] call add(6068)
[1216] return
[1217] return
[1218] return
[1219] return
[1223] call remove
[1224] call add(6069)
[1220] return 6054
[1225] call add(6070)
[1226] call remove
[1221] return 6055
[1222] return
[1227] call remove
[1228] call add(6071)
[1229] call add(6072)
[1223] return 6056
[1224] return
[1225] return
[1226] return 6057
[1230] call remove
[1231] call add(6073)
[1227] return 6058
[1232] call remove
[1233] call add(6074)
[1228] return
[1229] return
[1234] call remove
[1235] call remove
[1236] call remove
[1230] return 6059
[1231] return
[1232] return 6060
[1233] return
[1237] call remove
[1238] call remove
[1234] return 6061
[1239] call add(6075)
[1236] return 6063
[1237] return 6064
[1235] return 6062
[1240] call remove
[1241] call remove
[1239] return
[1242] call add(6076)
[1243] call remove
[1244] call add(6077)
[1238] return 6065
[1245] call remove
[1241] return 6066
[1246] call remove
[1242] return
[1240] return 6067
[1243] return 6068
[1244] return
[1247] call remove
[1248] call add(6078)
[1245] return 6069
[1249] call remove
[1250] call remove
[1251] call add(6079)
[1246] return 6070
[1252] call add(6080)
[1247] return 6071
[1253] call add(6081)
[1248] return
[1249] return 6072
[1250] return 6073
[1251] return
[1254] call add(6082)
[1255] call add(6083)
[1252] return
[1256] call remove
[1257] call add(6084)
[1258] call add(6085)
[1253] return
[1259] call add(6086)
[1254] return
[1260] call add(6087)
[1255] return
[1256] return 6074
[1257] return
[1258] return
[1261] call add(6088)
[1262] call remove
[1259] return
[1263] call add(6089)
[1264] call remove
[1265] call remove
[1260] return
[1266] call add(6090)
[1261] return
[1267] call add(6091)
[1262] return 6075
[1263] return
[1264] return 6076
[1265] return 6077
[1268] call add(6092)
[1269] call remove
[1266] return
[1270] call remove
[1271] call remove
[1272] call add(6093)
[1267] return
[1273] call remove
[1268] return
[1274] call add(6094)
[1269] return 6078
[1270] return 6079
[1271] return 6080
[1272] return
[1275] call add(6095)
[1276] call add(6096)
[1273] return 6081
[1277] call add(6097)
[1278] call remove
[1279] call add(6098)
[1274] return
[1280] call add(6099)
[1275] return
[1281] call remove
[1276] return
[1277] return
[1278] return 6082
[1279] return
[1282] call remove
[1283] call add(6100)
[1280] return
[1284] call remove
[1285] call add(6101)
[1286] call remove
[1281] return 6083
[1287] call add(6102)
[1282] return 6084
[1288] call remove
[1283] return
[1284] return 6085
[1285] return
[1286] return 6086
[1289] call add(6103)
[1290] call remove
[1287] return
[1291] call add(6104)
[1292] call add(6105)
[1293] call add(6106)
[1288] return 6087
[1294] call add(6107)
[1289] return
[1295] call remove
[1290] return 6088
[1291] return
[1292] return
[1293] return
[1296] call remove
[1297] call remove
[1294] return
[1298] call add(6108)
[1299] call add(6109)
[1300] call add(6110)
[1295] return 6089
[1301] call remove
[1296] return 6090
[1302] call add(6111)
[1297] return 6091
[1298] return
[1299] return
[1300] return
[1303] call add(6112)
[1304] call remove
[1301] return 6092
[1305] call add(6113)
[1306] call remove
[1307] call add(6114)
[1302] return
[1308] call add(6115)
[1303] return
[1309] call remove
[1304] return 6093
[1305] return
[1306] return 6094
[1307] return
[1310] call add(6116)
[1311] call remove
[1308] return
[1312] call add(6117)
[1313] call remove
[1314] call remove
[1309] return 6095
[1315] call remove
[1310] return
[1316] call add(6118)
[1311] return 6096
[1312] return
[1313] return 6097
[1314] return 6098
[1317] call remove
[1318] call add(6119)
[1315] return 6099
[1319] call remove
[1320] call add(6120)
[1321] call remove
[1316] return
[1322] call add(6121)
[1317] return 6100
[1323] call add(6122)
[1318] return
[1319] return 6101
[1320] return
[1321] return 6102
[1324] call remove
[1325] call remove
[1322] return
[1326] call remove
[1327] call add(6123)
[1328] call add(6124)
[1323] return
[1329] call add(6125)
[1324] return 6103
[1330] call remove
[1325] return 6104
[1326] return 6105
[1327] return
[1328] return
[1331] call remove
[1332] call remove
[1329] return
[1333] call add(6126)
[1334] call add(6127)
[1330] return 6106
[1335] call remove
[1336] call remove
[1333] return
[1331] return 6107
[1337] call add(6128)
[1332] return 6108
[1334] return
[1338] call remove
[1339] call add(6129)
[1340] call remove
[1335] return 6109
[1336] return 6110
[1341] call remove
[1337] return
[1342] call remove
[1343] call add(6130)
[1338] return 6111
[1339] return
[1344] call remove
[1340] return 6112
[1342] return 6113
[1345] call remove
[1346] call add(6131)
[1347] call remove
[1341] return 6114
[1343] return
[1348] call remove
[1344] return 6115
[1349] call add(6132)
[1350] call add(6133)
[1345] return 6116
[1346] return
[1351] call remove
[1347] return 6117
[1348] return 6118
[1352] call add(6134)
[1353] call add(6135)
[1354] call remove
[1349] return
[1350] return
[1355] call add(6136)
[1351] return 6119
[1356] call add(6137)
[1357] call add(6138)
[1352] return
[1355] return
[1358] call add(6139)
[1354] return 6120
[1353] return
[1359] call remove
[1360] call add(6140)
[1361] call remove
[1356] return
[1357] return
[1362] call add(6141)
[1358] return
[1359] return 6121
[1360] return
[1361] return 6122
[1362] return
