# @object atomic-queue
[1] call add(7113)
[2] call remove
[3] call add(7114)
[4] call add(7115)
[5] call remove
[6] call add(7116)
[1] return
[2] return 7113
[3] return
[4] return
[7] call remove
[6] return
[8] call remove
[9] call remove
[5] return 7114
[10] call remove
[11] call add(7117)
[12] call remove
[13] call add(7118)
[7] return 7115
[8] return 7116
[9] return empty
[10] return empty
[11] return
[14] call add(7119)
[12] return 7117
[15] call remove
[16] call remove
[13] return
[17] call remove
[18] call add(7120)
[19] call add(7121)
[20] call remove
[14] return
[15] return 7118
[16] return 7119
[17] return empty
[18] return
[21] call remove
[19] return
[22] call add(7122)
[23] call add(7123)
[20] return 7120
[24] call remove
[25] call remove
[26] call remove
[27] call add(7124)
[21] return 7121
[22] return
[23] return
[24] return 7122
[25] return 7123
[28] call add(7125)
[26] return empty
[29] call remove
[30] call add(7126)
[27] return
[31] call add(7127)
[32] call add(7128)
[33] call remove
[34] call add(7129)
[28] return
[29] return 7124
[30] return
[31] return
[32] return
[35] call add(7130)
[33] return 7125
[36] call remove
[37] call add(7131)
[34] return
[38] call remove
[39] call add(7132)
[40] call add(7133)
[41] call add(7134)
[35] return
[36] return 7126
[37] return
[38] return 7127
[39] return
[42] call add(7135)
[40] return
[43] call add(7136)
[44] call add(7137)
[41] return
[45] call remove
[46] call add(7138)
[47] call add(7139)
[48] call remove
[42] return
[43] return
[44] return
[45] return 7128
[46] return
[49] call add(7140)
[47] return
[50] call add(7141)
[51] call add(7142)
[48] return 7129
[52] call add(7143)
[53] call add(7144)
[54] call add(7145)
[55] call remove
[49] return
[53] return
[50] return
[56] call add(7146)
[51] return
[52] return
[56] return
[55] return 7130
[57] call remove
[54] return
[58] call add(7147)
[59] call remove
[60] call remove
[61] call add(7148)
[62] call remove
[63] call add(7149)
[57] return 7131
[64] call remove
[63] return
[59] return 7132
[60] return 7133
[58] return
[61] return
[62] return 7134
[65] call add(7150)
[66] call remove
[64] return 7135
[67] call remove
[68] call add(7151)
[69] call remove
[65] return
[70] call add(7152)
[71] call add(7153)
[72] call remove
[67] return 7136
[73] call add(7154)
[69] return 7138
[66] return 7137
[68] return
[72] return 7139
[70] return
[74] call add(7155)
[75] call add(7156)
[71] return
[76] call add(7157)
[77] call add(7158)
[73] return
[78] call remove
[79] call add(7159)
[80] call add(7160)
[74] return
[75] return
[76] return
[77] return
[78] return 7140
[81] call add(7161)
[82] call remove
[79] return
[83] call add(7162)
[84] call remove
[80] return
[85] call remove
[86] call add(7163)
[87] call add(7164)
[81] return
[82] return 7141
[83] return
[84] return 7142
[85] return 7143
[88] call remove
[89] call remove
[86] return
[90] call add(7165)
[91] call add(7166)
[87] return
[92] call add(7167)
[93] call remove
[94] call remove
[88] return 7144
[89] return 7145
[90] return
[91] return
[92] return
[95] call add(7168)
[96] call remove
[93] return 7146
[97] call add(7169)
[98] call remove
[94] return 7149
[99] call remove
[100] call add(7170)
[101] call add(7171)
[95] return
[96] return 7147
[97] return
[98] return 7148
[99] return 7150
[102] call add(7172)
[103] call remove
[100] return
[104] call remove
[105] call add(7173)
[101] return
[106] call remove
[107] call remove
[108] call add(7174)
[102] return
[103] return 7151
[104] return 7152
[105] return
[106] return 7153
[109] call add(7175)
[110] call remove
[107] return 7154
[111] call add(7176)
[112] call add(7177)
[108] return
[113] call add(7178)
[114] call add(7179)
[115] call add(7180)
[109] return
[110] return 7155
[111] return
[112] return
[113] return
[116] call remove
[117] call remove
[114] return
[118] call remove
[119] call remove
[115] return
[120] call add(7181)
[121] call add(7182)
[122] call add(7183)
[116] return 7156
[117] return 7157
[118] return 7158
[119] return 7159
[120] return
[123] call remove
[124] call remove
[121] return
[125] call remove
[126] call remove
[122] return
[127] call remove
[128] call remove
[129] call add(7184)
[123] return 7160
[124] return 7161
[125] return 7162
[126] return 7163
[127] return 7164
[130] call add(7185)
[131] call add(7186)
[128] return 7165
[132] call add(7187)
[133] call remove
[129] return
[134] call remove
[135] call add(7188)
[136] call add(7189)
[130] return
[131] return
[132] return
[133] return 7166
[134] return 7167
[137] call add(7190)
[138] call add(7191)
[135] return
[139] call add(7192)
[140] call remove
[136] return
[141] call add(7193)
[142] call add(7194)
[143] call remove
[137] return
[138] return
[139] return
[140] return 7168
[141] return
[144] call remove
[145] call remove
[142] return
[146] call add(7195)
[147] call remove
[143] return 7169
[148] call remove
[149] call remove
[146] return
[144] return 7170
[145] return 7171
[150] call remove
[147] return 7172
[151] call add(7196)
[148] return 7173
[152] call add(7197)
[153] call remove
[149] return 7174
[154] call add(7198)
[155] call remove
[152] return
[150] return 7175
[151] return
[156] call add(7199)
[153] return 7176
[157] call remove
[158] call add(7200)
[159] call add(7201)
[154] return
[160] call add(7202)
[155] return 7177
[158] return
[161] call add(7203)
[162] call add(7204)
[156] return
[163] call add(7205)
[159] return
[160] return
[161] return
[157] return 7178
[164] call add(7206)
[165] call add(7207)
[166] call add(7208)
[162] return
[163] return
[167] call remove
[168] call add(7209)
[164] return
[169] call remove
[170] call remove
[165] return
[171] call remove
[166] return
[167] return 7179
[168] return
[172] call remove
[173] call add(7210)
[169] return 7180
[170] return 7181
[174] call add(7211)
[175] call remove
[171] return 7182
[176] call add(7212)
[177] call remove
[174] return
[178] call remove
[173] return
[172] return 7183
[175] return 7184
[179] call add(7213)
[180] call remove
[176] return
[181] call add(7214)
[177] return 7185
[182] call add(7215)
[178] return 7186
[183] call add(7216)
[184] call remove
[179] return
[185] call remove
[180] return 7187
[181] return
[182] return
[186] call add(7217)
[183] return
[186] return
[187] call add(7218)
[188] call remove
[189] call remove
[185] return 7189
[184] return 7188
[190] call remove
[191] call remove
[192] call remove
[193] call add(7219)
[187] return
[188] return 7190
[189] return 7191
[190] return 7192
[194] call remove
[191] return 7193
[195] call add(7220)
[196] call remove
[192] return 7194
[193] return
[197] call add(7221)
[198] call add(7222)
[199] call remove
[200] call add(7223)
[194] return 7195
[195] return
[196] return 7196
[197] return
[201] call add(7224)
[198] return
[202] call add(7225)
[203] call add(7226)
[199] return 7197
[200] return
[204] call add(7227)
[205] call add(7228)
[206] call remove
[207] call add(7229)
[201] return
[202] return
[203] return
[204] return
[208] call remove
[205] return
[209] call add(7230)
[210] call add(7231)
[206] return 7198
[207] return
[211] call remove
[212] call add(7232)
[211] return 7199
[213] call remove
[214] call remove
[208] return 7200
[215] call remove
[209] return
[210] return
[212] return
[216] call add(7233)
[217] call remove
[213] return 7201
[214] return 7202
[218] call add(7234)
[219] call add(7235)
[220] call remove
[221] call add(7236)
[215] return 7203
[216] return
[217] return 7204
[218] return
[222] call remove
[223] call remove
[219] return
[224] call remove
[220] return 7205
[221] return
[225] call add(7237)
[226] call add(7238)
[227] call remove
[228] call add(7239)
[222] return 7206
[223] return 7207
[224] return 7208
[225] return
[229] call add(7240)
[230] call remove
[226] return
[231] call remove
[227] return 7209
[228] return
[232] call remove
[233] call remove
[234] call remove
[235] call remove
[229] return
[230] return 7211
[231] return 7210
[232] return 7212
[236] call add(7241)
[237] call remove
[233] return 7213
[238] call add(7242)
[234] return 7214
[235] return 7215
[239] call remove
[240] call add(7243)
[241] call add(7244)
[242] call remove
[236] return
[237] return 7216
[238] return
[241] return
[239] return 7217
[243] call remove
[240] return
[242] return 7218
[244] call remove
[245] call remove
[246] call remove
[247] call add(7245)
[243] return 7219
[248] call remove
[249] call add(7246)
[250] call remove
[244] return 7220
[245] return 7221
[246] return 7222
[247] return
[248] return 7223
[249] return
[251] call add(7247)
[252] call remove
[253] call add(7248)
[254] call add(7249)
[255] call remove
[250] return 7224
[256] call remove
[257] call add(7250)
[251] return
[256] return 7227
[252] return 7225
[253] return
[258] call add(7251)
[254] return
[255] return 7226
[259] call remove
[258] return
[260] call add(7252)
[261] call add(7253)
[262] call add(7254)
[263] call add(7255)
[257] return
[264] call remove
[259] return 7228
[265] call remove
[260] return
[261] return
[266] call add(7256)
[262] return
[263] return
[264] return 7229
[267] call remove
[268] call add(7257)
[269] call add(7258)
[270] call remove
[265] return 7230
[271] call add(7259)
[266] return
[272] call add(7260)
[267] return 7231
[268] return
[273] call remove
[269] return
[270] return 7232
[271] return
[274] call add(7261)
[275] call add(7262)
[276] call add(7263)
[277] call add(7264)
[272] return
[278] call add(7265)
[273] return 7233
[279] call remove
[274] return
[275] return
[280] call remove
[276] return
[277] return
[278] return
[281] call remove
[282] call remove
[283] call add(7266)
[281] return 7235
[284] call add(7267)
[279] return 7234
[285] call add(7268)
[286] call add(7269)
[287] call add(7270)
[280] return 7236
[284] return
[288] call add(7271)
[282] return 7237
[283] return
[285] return
[286] return
[289] call add(7272)
[287] return
[290] call add(7273)
[291] call add(7274)
[292] call remove
[293] call add(7275)
[294] call add(7276)
[288] return
[289] return
[295] call add(7277)
[290] return
[291] return
[292] return 7238
[293] return
[296] call add(7278)
[294] return
[297] call remove
[298] call remove
[299] call add(7279)
[300] call remove
[295] return
[296] return
[301] call remove
[299] return
[300] return 7239
[302] call remove
[297] return 7240
[303] call remove
[304] call remove
[305] call add(7280)
[298] return 7241
[301] return 7242
[306] call remove
[307] call remove
[302] return 7243
[308] call add(7281)
[303] return 7244
[304] return 7245
[305] return
[309] call add(7282)
[306] return 7246
[310] call remove
[311] call remove
[312] call add(7283)
[307] return 7247
[308] return
[313] call remove
[314] call add(7284)
[309] return
[315] call remove
[310] return 7248
[311] return 7249
[312] return
[316] call add(7285)
[313] return 7250
[317] call remove
[318] call add(7286)
[319] call remove
[314] return
[315] return 7251
[320] call remove
[321] call remove
[316] return
[322] call add(7287)
[317] return 7252
[318] return
[319] return 7253
[323] call add(7288)
[320] return 7254
[324] call add(7289)
[325] call remove
[326] call remove
[321] return 7255
[322] return
[327] call remove
[328] call add(7290)
[323] return
[329] call remove
[324] return
[325] return 7256
[326] return 7257
[330] call remove
[327] return 7258
[331] call remove
[332] call remove
[333] call add(7291)
[328] return
[329] return 7259
[334] call remove
[335] call remove
[330] return 7260
[336] call remove
[331] return 7261
[332] return 7262
[333] return
[337] call remove
[334] return 7263
[338] call add(7292)
[339] call add(7293)
[340] call remove
[335] return 7264
[336] return 7265
[341] call remove
[342] call remove
[337] return 7267
[343] call remove
[338] return
[339] return
[340] return 7266
[344] call remove
[341] return 7268
[345] call remove
[346] call remove
[347] call remove
[342] return 7269
[343] return 7270
[348] call add(7294)
[349] call remove
[344] return 7271
[350] call add(7295)
[345] return 7272
[346] return 7273
[347] return 7274
[351] call add(7296)
[348] return
[352] call add(7297)
[353] call remove
[354] call add(7298)
[349] return 7275
[350] return
[355] call remove
[356] call remove
[351] return
[357] call add(7299)
[352] return
[353] return 7276
[354] return
[358] call add(7300)
[355] return 7277
[359] call remove
[360] call remove
[361] call add(7301)
[356] return 7279
[357] return
[362] call add(7302)
[363] call add(7303)
[358] return
[364] call remove
[359] return 7278
[360] return 7280
[364] return 7281
[365] call add(7304)
[361] return
[366] call remove
[362] return
[367] call remove
[368] call remove
[369] call remove
[363] return
[370] call remove
[367] return 7283
[365] return
[371] call remove
[372] call remove
[366] return 7282
[373] call remove
[374] call add(7305)
[368] return 7284
[369] return 7285
[370] return 7286
[371] return 7287
[372] return 7288
[375] call add(7306)
[376] call add(7307)
[377] call add(7308)
[378] call add(7309)
[379] call remove
[373] return 7289
[374] return
[380] call add(7310)
[375] return
[376] return
[377] return
[381] call add(7311)
[378] return
[379] return 7290
[382] call remove
[383] call remove
[384] call add(7312)
[385] call remove
[386] call add(7313)
[380] return
[381] return
[387] call remove
[382] return 7291
[383] return 7292
[388] call remove
[389] call remove
[385] return 7293
[386] return
[384] return
[390] call remove
[391] call remove
[392] call add(7314)
[387] return 7294
[393] call add(7315)
[392] return
[388] return 7295
[389] return 7296
[394] call remove
[395] call remove
[396] call remove
[397] call add(7316)
[390] return 7297
[391] return 7298
[393] return
[398] call add(7317)
[399] call remove
[394] return 7299
[395] return 7300
[396] return 7301
[400] call add(7318)
[397] return
[401] call add(7319)
[402] call add(7320)
[403] call add(7321)
[404] call add(7322)
[398] return
[399] return 7302
[400] return
[405] call remove
[406] call add(7323)
[401] return
[402] return
[403] return
[407] call add(7324)
[404] return
[408] call add(7325)
[409] call remove
[410] call add(7326)
[411] call remove
[405] return 7303
[406] return
[407] return
[412] call remove
[413] call add(7327)
[408] return
[410] return
[414] call remove
[411] return 7304
[409] return 7305
[415] call remove
[416] call add(7328)
[417] call add(7329)
[418] call remove
[412] return 7306
[413] return
[414] return 7307
[419] call remove
[420] call add(7330)
[415] return 7308
[416] return
[421] call add(7331)
[417] return
[418] return 7309
[422] call add(7332)
[420] return
[423] call add(7333)
[424] call add(7334)
[425] call remove
[426] call add(7335)
[419] return 7310
[421] return
[427] call remove
[424] return
[425] return 7311
[426] return
[422] return
[423] return
[428] call add(7336)
[429] call remove
[430] call remove
[431] call add(7337)
[432] call remove
[433] call remove
[427] return 7312
[428] return
[434] call add(7338)
[429] return 7313
[430] return 7314
[431] return
[432] return 7315
[435] call remove
[434] return
[433] return 7316
[436] call add(7339)
[437] call remove
[438] call remove
[439] call add(7340)
[440] call remove
[441] call remove
[435] return 7317
[442] call add(7341)
[436] return
[437] return 7318
[438] return 7319
[440] return 7320
[441] return 7321
[443] call remove
[444] call remove
[439] return
[445] call add(7342)
[442] return
[446] call remove
[447] call remove
[448] call remove
[449] call remove
[443] return 7322
[444] return 7323
[445] return
[446] return 7324
[447] return 7325
[450] call remove
[451] call add(7343)
[448] return 7326
[452] call remove
[449] return 7327
[453] call remove
[454] call add(7344)
[455] call remove
[456] call remove
[450] return 7328
[451] return
[452] return 7329
[453] return 7330
[454] return
[457] call add(7345)
[458] call add(7346)
[455] return 7331
[459] call add(7347)
[456] return 7334
[460] call remove
[461] call add(7348)
[462] call remove
[463] call remove
[457] return
[458] return
[459] return
[460] return 7335
[461] return
[464] call remove
[465] call add(7349)
[462] return 7332
[466] call add(7350)
[463] return 7333
[467] call remove
[468] call remove
[469] call add(7351)
[470] call add(7352)
[464] return 7336
[465] return
[466] return
[467] return 7337
[468] return 7338
[471] call remove
[472] call add(7353)
[469] return
[473] call add(7354)
[470] return
[474] call add(7355)
[475] call add(7356)
[471] return 7339
[476] call add(7357)
[477] call add(7358)
[472] return
[478] call add(7359)
[473] return
[474] return
[475] return
[476] return
[479] call remove
[480] call remove
[481] call add(7360)
[477] return
[482] call remove
[483] call add(7361)
[478] return
[484] call add(7362)
[479] return 7340
[480] return 7341
[481] return
[485] call remove
[482] return 7342
[483] return
[486] call add(7363)
[487] call remove
[488] call add(7364)
[484] return
[489] call remove
[490] call add(7365)
[485] return 7343
[491] call remove
[486] return
[487] return 7344
[488] return
[492] call remove
[489] return 7345
[491] return 7346
[493] call add(7366)
[494] call add(7367)
[495] call remove
[490] return
[496] call remove
[497] call add(7368)
[492] return 7347
[498] call remove
[493] return
[494] return
[495] return 7348
[499] call add(7369)
[496] return 7349
[497] return
[500] call remove
[501] call remove
[502] call remove
[498] return 7350
[503] call remove
[504] call remove
[499] return
[505] call remove
[500] return 7351
[501] return 7352
[502] return 7353
[506] call remove
[503] return 7354
[504] return 7355
[507] call remove
[508] call add(7370)
[509] call remove
[505] return 7356
[510] call remove
[511] call add(7371)
[506] return 7357
[512] call add(7372)
[507] return 7358
[508] return
[509] return 7359
[513] call remove
[510] return 7360
[511] return
[514] call add(7373)
[515] call add(7374)
[516] call add(7375)
[512] return
[517] call remove
[518] call remove
[513] return 7361
[519] call remove
[514] return
[515] return
[516] return
[520] call remove
[517] return 7362
[518] return 7363
[521] call remove
[522] call add(7376)
[523] call remove
[519] return 7364
[524] call remove
[525] call remove
[520] return 7365
[526] call add(7377)
[521] return 7366
[522] return
[523] return 7367
[527] call add(7378)
[524] return 7368
[525] return 7369
[528] call remove
[529] call remove
[530] call remove
[526] return
[531] call remove
[532] call add(7379)
[527] return
[533] call add(7380)
[528] return 7370
[529] return 7371
[530] return 7372
[534] call remove
[531] return 7373
[532] return
[535] call add(7381)
[536] call remove
[537] call remove
[533] return
[538] call add(7382)
[539] call add(7383)
[534] return 7374
[540] call remove
[535] return
[536] return 7375
[537] return 7376
[541] call remove
[538] return
[539] return
[542] call add(7384)
[543] call remove
[544] call add(7385)
[540] return 7377
[545] call add(7386)
[546] call remove
[541] return 7378
[547] call remove
[542] return
[543] return 7379
[544] return
[548] call remove
[545] return
[546] return 7380
[549] call remove
[550] call add(7387)
[551] call remove
[547] return 7381
[552] call remove
[553] call add(7388)
[548] return 7382
[554] call add(7389)
[549] return 7383
[550] return
[551] return 7384
[555] call remove
[552] return 7385
[553] return
[556] call add(7390)
[557] call add(7391)
[558] call remove
[554] return
[559] call remove
[560] call remove
[555] return 7386
[561] call remove
[556] return
[557] return
[558] return 7387
[562] call remove
[559] return 7388
[560] return 7389
[563] call remove
[564] call remove
[565] call add(7392)
[561] return 7390
[566] call remove
[567] call add(7393)
[562] return 7391
[568] call add(7394)
[563] return empty
[564] return empty
[565] return
[569] call remove
[566] return 7392
[567] return
[570] call remove
[571] call add(7395)
[572] call add(7396)
[568] return
[573] call add(7397)
[574] call remove
[569] return 7393
[575] call remove
[570] return 7394
[571] return
[572] return
[576] call add(7398)
[573] return
[574] return 7395
[577] call add(7399)
[578] call remove
[579] call add(7400)
[575] return 7396
[580] call remove
[581] call add(7401)
[576] return
[582] call add(7402)
[577] return
[578] return 7397
[579] return
[583] call add(7403)
[580] return 7398
[581] return
[584] call add(7404)
[585] call remove
[586] call remove
[582] return
[587] call remove
[588] call remove
[583] return
[589] call add(7405)
[584] return
[585] return 7399
[586] return 7400
[590] call remove
[587] return 7401
[588] return 7402
[591] call add(7406)
[592] call add(7407)
[593] call remove
[589] return
[594] call remove
[595] call add(7408)
[590] return 7403
[596] call remove
[591] return
[592] return
[593] return 7404
[597] call add(7409)
[594] return 7405
[595] return
[598] call remove
[599] call remove
[600] call remove
[596] return 7406
[601] call add(7410)
[602] call add(7411)
[597] return
[603] call add(7412)
[598] return 7407
[599] return 7408
[600] return 7409
[604] call add(7413)
[601] return
[602] return
[605] call remove
[606] call remove
[607] call remove
[603] return
[608] call add(7414)
[609] call remove
[604] return
[610] call remove
[605] return 7410
[606] return 7411
[607] return 7412
[611] call remove
[608] return
[609] return 7413
[612] call add(7415)
[613] call add(7416)
[614] call remove
[610] return 7414
[615] call remove
[616] call remove
[611] return empty
[617] call remove
[612] return
[613] return
[614] return 7415
[618] call remove
[615] return 7416
[616] return empty
[619] call remove
[620] call remove
[621] call add(7417)
[617] return empty
[622] call remove
[623] call add(7418)
[618] return empty
[624] call add(7419)
[619] return empty
[620] return empty
[621] return
[625] call remove
[622] return 7417
[623] return
[626] call remove
[627] call remove
[628] call remove
[624] return
[629] call remove
[630] call remove
[625] return 7418
[631] call remove
[626] return 7419
[627] return empty
[628] return empty
[632] call add(7420)
[629] return empty
[630] return empty
[633] call remove
[634] call remove
[635] call add(7421)
[631] return empty
[636] call add(7422)
[637] call add(7423)
[632] return
[638] call remove
[633] return 7420
[634] return empty
[635] return
[639] call add(7424)
[636] return
[637] return
[640] call add(7425)
[641] call add(7426)
[642] call add(7427)
[638] return 7421
[643] call add(7428)
[644] call add(7429)
[639] return
[645] call add(7430)
[640] return
[641] return
[642] return
[646] call add(7431)
[643] return
[644] return
[647] call remove
[648] call remove
[649] call add(7432)
[645] return
[650] call add(7433)
[651] call add(7434)
[646] return
[652] call add(7435)
[647] return 7422
[648] return 7423
[649] return
[653] call remove
[650] return
[651] return
[654] call remove
[655] call add(7436)
[656] call remove
[652] return
[657] call add(7437)
[658] call remove
[653] return 7424
[659] call remove
[654] return 7425
[655] return
[656] return 7426
[660] call add(7438)
[657] return
[658] return 7427
[661] call remove
[662] call add(7439)
[663] call add(7440)
[659] return 7428
[664] call add(7441)
[665] call add(7442)
[660] return
[666] call remove
[661] return 7429
[662] return
[663] return
[667] call remove
[664] return
[665] return
[668] call remove
[669] call add(7443)
[670] call remove
[666] return 7430
[671] call add(7444)
[672] call remove
[667] return 7431
[673] call remove
[668] return 7432
[669] return
[670] return 7433
[674] call remove
[672] return 7434
[675] call add(7445)
[676] call add(7446)
[677] call add(7447)
[671] return
[673] return 7435
[674] return 7436
[678] call remove
[679] call add(7448)
[680] call remove
[681] call add(7449)
[675] return
[678] return 7437
[677] return
[676] return
[682] call remove
[683] call add(7450)
[684] call remove
[679] return
[680] return 7438
[681] return
[685] call remove
[686] call remove
[687] call add(7451)
[688] call remove
[682] return 7439
[683] return
[684] return 7440
[685] return 7441
[689] call remove
[690] call add(7452)
[691] call add(7453)
[686] return 7442
[687] return
[688] return 7443
[692] call add(7454)
[693] call add(7455)
[694] call add(7456)
[695] call remove
[689] return 7444
[690] return
[691] return
[692] return
[696] call remove
[697] call remove
[698] call remove
[693] return
[694] return
[695] return 7445
[699] call remove
[700] call remove
[701] call add(7457)
[702] call add(7458)
[696] return 7447
[697] return 7446
[698] return 7448
[699] return 7449
[703] call add(7459)
[704] call remove
[705] call add(7460)
[700] return 7450
[701] return
[702] return
[706] call remove
[707] call add(7461)
[708] call remove
[709] call add(7462)
[703] return
[704] return 7451
[705] return
[706] return 7452
[710] call add(7463)
[711] call remove
[707] return
[708] return 7453
[709] return
[712] call remove
[713] call remove
[714] call remove
[715] call remove
[716] call remove
[712] return 7454
[711] return 7455
[710] return
[713] return 7456
[714] return 7457
[715] return 7458
[717] call add(7464)
[718] call add(7465)
[719] call remove
[716] return 7459
[720] call remove
[721] call add(7466)
[722] call remove
[723] call add(7467)
[717] return
[718] return
[719] return 7460
[720] return 7461
[721] return
[722] return 7462
[724] call remove
[725] call remove
[726] call remove
[723] return
[727] call add(7468)
[728] call remove
[729] call remove
[730] call add(7469)
[724] return 7463
[725] return 7464
[726] return 7465
[727] return
[728] return 7466
[729] return 7467
[731] call add(7470)
[732] call add(7471)
[733] call remove
[730] return
[734] call remove
[735] call remove
[736] call remove
[737] call remove
[731] return
[732] return
[733] return 7468
[734] return 7469
[735] return 7470
[736] return 7471
[738] call remove
[739] call add(7472)
[740] call add(7473)
[737] return empty
[741] call add(7474)
[742] call add(7475)
[743] call add(7476)
[744] call add(7477)
[738] return empty
[739] return
[740] return
[741] return
[742] return
[743] return
[745] call add(7478)
[746] call add(7479)
[747] call remove
[744] return
[748] call add(7480)
[749] call add(7481)
[750] call remove
[751] call remove
[745] return
[746] return
[747] return 7472
[748] return
[749] return
[750] return 7473
[752] call add(7482)
[753] call add(7483)
[754] call add(7484)
[751] return 7474
[755] call add(7485)
[756] call add(7486)
[757] call remove
[758] call add(7487)
[752] return
[753] return
[754] return
[755] return
[756] return
[757] return 7475
[759] call add(7488)
[760] call add(7489)
[761] call add(7490)
[758] return
[762] call add(7491)
[763] call add(7492)
[764] call add(7493)
[765] call remove
[759] return
[760] return
[761] return
[762] return
[763] return
[764] return
[766] call add(7494)
[767] call add(7495)
[768] call remove
[765] return 7476
[769] call add(7496)
[770] call add(7497)
[771] call add(7498)
[772] call add(7499)
[766] return
[767] return
[768] return 7477
[769] return
[770] return
[771] return
[773] call remove
[774] call add(7500)
[775] call add(7501)
[772] return
[776] call add(7502)
[777] call add(7503)
[778] call remove
[779] call add(7504)
[773] return 7478
[774] return
[775] return
[776] return
[777] return
[778] return 7479
[780] call add(7505)
[781] call remove
[782] call remove
[779] return
[783] call add(7506)
[784] call remove
[785] call add(7507)
[786] call remove
[780] return
[781] return 7480
[782] return 7481
[783] return
[784] return 7482
[785] return
[787] call remove
[788] call add(7508)
[789] call remove
[786] return 7483
[790] call add(7509)
[791] call add(7510)
[792] call add(7511)
[793] call remove
[787] return 7484
[788] return
[789] return 7485
[790] return
[791] return
[792] return
[794] call remove
[795] call remove
[796] call remove
[793] return 7486
[797] call remove
[798] call remove
[799] call remove
[800] call add(7512)
[794] return 7487
[795] return 7488
[796] return 7489
[797] return 7490
[798] return 7491
[799] return 7492
[801] call add(7513)
[802] call remove
[803] call add(7514)
[800] return
[804] call remove
[805] call remove
[806] call add(7515)
[807] call remove
[801] return
[802] return 7493
[803] return
[804] return 7494
[805] return 7495
[806] return
[808] call add(7516)
[809] call remove
[810] call add(7517)
[807] return 7496
[811] call add(7518)
[812] call remove
[813] call add(7519)
[814] call remove
[808] return
[809] return 7497
[810] return
[811] return
[812] return 7498
[813] return
[815] call remove
[816] call remove
[817] call add(7520)
[814] return 7499
[818] call add(7521)
[819] call add(7522)
[820] call remove
[821] call remove
[815] return 7500
[816] return 7501
[817] return
[818] return
[819] return
[820] return 7502
[822] call add(7523)
[823] call add(7524)
[824] call add(7525)
[821] return 7503
[825] call remove
[826] call remove
[827] call remove
[828] call add(7526)
[822] return
[823] return
[824] return
[825] return 7504
[826] return 7505
[827] return 7506
[829] call add(7527)
[830] call remove
[831] call add(7528)
[828] return
[832] call remove
[833] call add(7529)
[834] call remove
[835] call remove
[829] return
[830] return 7507
[831] return
[832] return 7508
[833] return
[834] return 7509
[836] call add(7530)
[837] call remove
[838] call add(7531)
[835] return 7510
[839] call add(7532)
[840] call add(7533)
[841] call remove
[842] call remove
[836] return
[837] return 7511
[838] return
[839] return
[840] return
[841] return 7512
[843] call add(7534)
[844] call remove
[845] call remove
[842] return 7513
[846] call add(7535)
[847] call remove
[848] call remove
[849] call remove
[843] return
[844] return 7514
[845] return 7515
[846] return
[847] return 7516
[848] return 7517
[850] call add(7536)
[851] call remove
[852] call add(7537)
[849] return 7518
[853] call remove
[854] call add(7538)
[855] call add(7539)
[856] call remove
[850] return
[851] return 7519
[852] return
[853] return 7520
[854] return
[855] return
[857] call add(7540)
[858] call remove
[859] call remove
[856] return 7521
[860] call add(7541)
[861] call add(7542)
[862] call add(7543)
[863] call add(7544)
[857] return
[858] return 7522
[859] return 7523
[860] return
[861] return
[862] return
[864] call remove
[865] call remove
[866] call add(7545)
[863] return
[867] call add(7546)
[868] call add(7547)
[869] call add(7548)
[870] call remove
[864] return 7524
[869] return
[866] return
[867] return
[868] return
[865] return 7525
[871] call remove
[872] call remove
[873] call add(7549)
[870] return 7526
[874] call remove
[875] call add(7550)
[876] call remove
[877] call add(7551)
[871] return 7527
[872] return 7528
[873] return
[874] return 7529
[875] return
[876] return 7530
[878] call remove
[879] call remove
[880] call add(7552)
[877] return
[881] call remove
[882] call remove
[883] call add(7553)
[884] call remove
[884] return 7534
[878] return 7531
[879] return 7532
[880] return
[885] call remove
[886] call remove
[887] call remove
[882] return 7535
[881] return 7533
[883] return
[888] call remove
[885] return 7536
[889] call remove
[890] call remove
[891] call remove
[886] return 7537
[892] call add(7554)
[887] return 7538
[888] return 7539
[893] call add(7555)
[894] call add(7556)
[889] return 7540
[890] return 7541
[891] return 7542
[895] call remove
[892] return
[896] call add(7557)
[897] call add(7558)
[898] call add(7559)
[893] return
[899] call add(7560)
[894] return
[895] return 7543
[900] call add(7561)
[901] call add(7562)
[896] return
[897] return
[898] return
[902] call remove
[899] return
[903] call remove
[901] return
[904] call add(7563)
[900] return
[905] call add(7564)
[906] call remove
[907] call add(7565)
[902] return 7544
[908] call add(7566)
[903] return 7548
[904] return
[909] call remove
[905] return
[906] return 7545
[910] call remove
[907] return
[911] call add(7567)
[908] return
[912] call add(7568)
[913] call add(7569)
[914] call add(7570)
[909] return 7546
[915] call remove
[910] return 7547
[911] return
[916] call remove
[912] return
[913] return
[917] call remove
[914] return
[918] call remove
[915] return 7549
[919] call add(7571)
[920] call add(7572)
[921] call remove
[916] return 7550
[922] call add(7573)
[917] return 7551
[918] return 7552
[923] call add(7574)
[919] return
[920] return
[924] call remove
[921] return 7553
[925] call remove
[922] return
[926] call add(7575)
[927] call remove
[928] call remove
[923] return
[929] call add(7576)
[924] return 7554
[925] return 7555
[930] call remove
[926] return
[927] return 7556
[931] call remove
[928] return 7557
[932] call remove
[929] return
[933] call remove
[934] call remove
[935] call add(7577)
[930] return 7558
[936] call add(7578)
[931] return 7559
[932] return 7560
[937] call remove
[933] return 7561
[934] return 7562
[938] call remove
[935] return
[939] call remove
[936] return
[940] call add(7579)
[941] call remove
[942] call add(7580)
[937] return 7563
[943] call remove
[938] return 7564
[939] return 7565
[944] call remove
[940] return
[943] return 7567
[945] call add(7581)
[942] return
[941] return 7566
[946] call add(7582)
[944] return 7568
[947] call add(7583)
[948] call add(7584)
[949] call add(7585)
[950] call add(7586)
[951] call add(7587)
[945] return
[946] return
[947] return
[952] call add(7588)
[948] return
[949] return
[950] return
[953] call remove
[954] call remove
[951] return
[955] call remove
[956] call add(7589)
[957] call add(7590)
[958] call add(7591)
[952] return
[953] return 7569
[954] return 7570
[959] call add(7592)
[955] return 7571
[956] return
[957] return
[960] call remove
[961] call remove
[958] return
[962] call add(7593)
[963] call add(7594)
[964] call remove
[965] call add(7595)
[959] return
[960] return 7572
[961] return 7573
[966] call remove
[962] return
[963] return
[964] return 7574
[967] call remove
[968] call remove
[965] return
[969] call add(7596)
[970] call add(7597)
[971] call add(7598)
[972] call add(7599)
[966] return 7575
[967] return 7576
[968] return 7577
[973] call add(7600)
[969] return
[970] return
[971] return
[974] call add(7601)
[975] call remove
[972] return
[976] call remove
[977] call add(7602)
[978] call remove
[979] call add(7603)
[973] return
[974] return
[975] return 7578
[980] call remove
[976] return 7579
[977] return
[978] return 7580
[981] call add(7604)
[982] call remove
[979] return
[983] call remove
[984] call add(7605)
[985] call add(7606)
[986] call remove
[980] return 7581
[981] return
[982] return 7582
[987] call remove
[983] return 7583
[984] return
[985] return
[988] call add(7607)
[989] call remove
[986] return 7584
[990] call remove
[991] call remove
[992] call remove
[993] call remove
[987] return 7585
[988] return
[989] return 7586
[994] call remove
[990] return 7587
[991] return 7588
[992] return 7589
[995] call remove
[996] call add(7608)
[993] return 7590
[997] call add(7609)
[998] call remove
[999] call add(7610)
[1000] call add(7611)
[994] return 7591
[995] return 7592
[996] return
[1001] call remove
[997] return
[998] return 7593
[999] return
[1002] call add(7612)
[1003] call remove
[1000] return
[1004] call remove
[1005] call remove
[1006] call remove
[1007] call remove
[1001] return 7594
[1002] return
[1003] return 7595
[1008] call add(7613)
[1004] return 7596
[1005] return 7597
[1006] return 7598
[1009] call remove
[1010] call remove
[1007] return 7599
[1011] call add(7614)
[1012] call add(7615)
[1013] call add(7616)
[1014] call add(7617)
[1008] return
[1009] return 7600
[1010] return 7601
[1015] call remove
[1011] return
[1012] return
[1013] return
[1016] call add(7618)
[1017] call remove
[1014] return
[1018] call remove
[1019] call add(7619)
[1020] call remove
[1021] call remove
[1015] return 7602
[1016] return
[1017] return 7603
[1022] call remove
[1018] return 7604
[1019] return
[1020] return 7605
[1023] call add(7620)
[1024] call remove
[1021] return 7606
[1025] call add(7621)
[1026] call add(7622)
[1027] call remove
[1028] call add(7623)
[1022] return 7607
[1023] return
[1024] return 7608
[1029] call add(7624)
[1025] return
[1026] return
[1027] return 7609
[1030] call remove
[1031] call remove
[1028] return
[1032] call add(7625)
[1033] call add(7626)
[1034] call remove
[1035] call remove
[1029] return
[1030] return 7610
[1031] return 7611
[1036] call add(7627)
[1032] return
[1033] return
[1034] return 7612
[1037] call remove
[1038] call add(7628)
[1035] return 7613
[1039] call remove
[1040] call remove
[1041] call remove
[1042] call add(7629)
[1036] return
[1037] return 7614
[1038] return
[1043] call add(7630)
[1039] return 7615
[1040] return 7616
[1041] return 7617
[1044] call remove
[1045] call remove
[1042] return
[1046] call add(7631)
[1047] call add(7632)
[1048] call remove
[1049] call remove
[1043] return
[1044] return 7618
[1045] return 7619
[1050] call remove
[1046] return
[1047] return
[1048] return 7620
[1051] call remove
[1052] call add(7633)
[1049] return 7621
[1053] call remove
[1054] call add(7634)
[1055] call add(7635)
[1056] call add(7636)
[1050] return 7622
[1051] return 7623
[1052] return
[1057] call remove
[1053] return 7624
[1054] return
[1055] return
[1058] call remove
[1059] call remove
[1056] return
[1060] call remove
[1061] call add(7637)
[1062] call remove
[1063] call remove
[1057] return 7625
[1058] return 7626
[1059] return 7627
[1064] call remove
[1060] return 7628
[1061] return
[1062] return 7629
[1065] call remove
[1066] call add(7638)
[1063] return 7630
[1067] call remove
[1068] call add(7639)
[1069] call add(7640)
[1070] call remove
[1064] return 7631
[1065] return 7632
[1066] return
[1071] call remove
[1067] return 7633
[1068] return
[1069] return
[1072] call add(7641)
[1073] call add(7642)
[1070] return 7634
[1074] call remove
[1075] call remove
[1076] call remove
[1077] call remove
[1071] return 7635
[1072] return
[1073] return
[1078] call remove
[1074] return 7636
[1075] return 7637
[1076] return 7638
[1079] call remove
[1080] call add(7643)
[1077] return 7639
[1081] call remove
[1082] call remove
[1083] call remove
[1084] call add(7644)
[1078] return 7640
[1079] return 7641
[1080] return
[1085] call add(7645)
[1081] return 7642
[1082] return 7643
[1083] return empty
[1086] call add(7646)
[1087] call add(7647)
[1084] return
[1088] call add(7648)
[1089] call remove
[1090] call remove
[1091] call add(7649)
[1085] return
[1086] return
[1087] return
[1092] call add(7650)
[1088] return
[1089] return 7644
[1090] return 7645
[1093] call add(7651)
[1094] call add(7652)
[1091] return
[1095] call add(7653)
[1096] call add(7654)
[1097] call remove
[1098] call add(7655)
[1092] return
[1093] return
[1094] return
[1099] call remove
[1095] return
[1096] return
[1097] return 7646
[1100] call remove
[1101] call add(7656)
[1098] return
[1102] call remove
[1103] call add(7657)
[1104] call add(7658)
[1105] call add(7659)
[1099] return 7647
[1100] return 7648
[1101] return
[1106] call add(7660)
[1105] return
[1103] return
[1104] return
[1107] call remove
[1108] call add(7661)
[1102] return 7649
[1109] call remove
[1110] call remove
[1111] call remove
[1112] call add(7662)
[1106] return
[1107] return 7650
[1108] return
[1113] call remove
[1109] return 7651
[1110] return 7652
[1111] return 7653
[1114] call add(7663)
[1115] call add(7664)
[1112] return
[1116] call add(7665)
[1117] call add(7666)
[1118] call remove
[1119] call add(7667)
[1113] return 7654
[1114] return
[1115] return
[1120] call add(7668)
[1116] return
[1117] return
[1118] return 7655
[1121] call remove
[1122] call remove
[1119] return
[1123] call remove
[1124] call add(7669)
[1125] call add(7670)
[1126] call add(7671)
[1120] return
[1121] return 7656
[1122] return 7657
[1127] call remove
[1123] return 7658
[1124] return
[1125] return
[1128] call remove
[1129] call remove
[1126] return
[1130] call remove
[1131] call add(7672)
[1132] call remove
[1133] call remove
[1127] return 7659
[1128] return 7660
[1129] return 7661
[1134] call remove
[1130] return 7662
[1131] return
[1132] return 7663
[1135] call remove
[1136] call remove
[1133] return 7664
[1137] call remove
[1138] call remove
[1139] call remove
[1140] call add(7673)
[1134] return 7665
[1135] return 7666
[1136] return 7667
[1141] call add(7674)
[1137] return 7668
[1138] return 7669
[1139] return 7670
[1142] call remove
[1143] call remove
[1140] return
[1144] call remove
[1145] call remove
[1146] call remove
[1147] call add(7675)
[1141] return
[1142] return 7671
[1143] return 7672
[1148] call add(7676)
[1144] return 7673
[1145] return 7674
[1146] return empty
[1149] call add(7677)
[1150] call remove
[1147] return
[1151] call remove
[1152] call remove
[1153] call remove
[1154] call remove
[1148] return
[1149] return
[1150] return 7675
[1155] call remove
[1151] return 7676
[1152] return 7677
[1153] return empty
[1156] call add(7678)
[1157] call remove
[1154] return empty
[1158] call remove
[1159] call remove
[1160] call add(7679)
[1161] call remove
[1155] return empty
[1162] call add(7680)
[1156] return
[1157] return 7678
[1158] return empty
[1160] return
[1163] call add(7681)
[1164] call add(7682)
[1161] return 7679
[1159] return empty
[1165] call add(7683)
[1162] return
[1166] call add(7684)
[1167] call add(7685)
[1168] call remove
[1169] call add(7686)
[1163] return
[1166] return
[1165] return
[1168] return 7680
[1167] return
[1164] return
[1169] return
[1170] call remove
[1171] call add(7687)
[1172] call remove
[1173] call add(7688)
[1174] call add(7689)
[1175] call add(7690)
[1176] call remove
[1170] return 7681
[1171] return
[1172] return 7682
[1173] return
[1174] return
[1177] call add(7691)
[1175] return
[1176] return 7683
[1178] call remove
[1179] call add(7692)
[1180] call add(7693)
[1181] call remove
[1182] call remove
[1183] call add(7694)
[1177] return
[1178] return 7684
[1179] return
[1180] return
[1181] return 7685
[1184] call add(7695)
[1182] return 7686
[1183] return
[1185] call remove
[1186] call add(7696)
[1187] call remove
[1188] call remove
[1189] call add(7697)
[1190] call add(7698)
[1184] return
[1185] return 7687
[1187] return 7688
[1186] return
[1188] return 7689
[1191] call add(7699)
[1189] return
[1190] return
[1192] call add(7700)
[1193] call remove
[1194] call add(7701)
[1195] call add(7702)
[1196] call remove
[1197] call remove
[1191] return
[1192] return
[1193] return 7690
[1194] return
[1195] return
[1198] call add(7703)
[1196] return 7691
[1197] return 7692
[1199] call add(7704)
[1200] call remove
[1201] call remove
[1202] call remove
[1203] call remove
[1204] call add(7705)
[1200] return 7693
[1198] return
[1199] return
[1201] return 7694
[1205] call remove
[1206] call remove
[1202] return 7695
[1203] return 7696
[1207] call remove
[1204] return
[1208] call add(7706)
[1209] call remove
[1210] call remove
[1211] call remove
[1205] return 7697
[1206] return 7698
[1207] return 7699
[1208] return
[1212] call remove
[1213] call add(7707)
[1209] return 7700
[1210] return 7701
[1214] call add(7708)
[1211] return 7702
[1215] call add(7709)
[1216] call add(7710)
[1217] call add(7711)
[1218] call add(7712)
[1212] return 7703
[1213] return
[1214] return
[1215] return
[1219] call add(7713)
[1220] call remove
[1216] return
[1217] return
[1221] call remove
[1218] return
[1222] call add(7714)
[1223] call add(7715)
[1224] call remove
[1225] call remove
[1219] return
[1220] return 7704
[1221] return 7705
[1222] return
[1226] call remove
[1227] call add(7716)
[1223] return
[1224] return 7706
[1228] call remove
[1225] return 7707
[1229] call add(7717)
[1230] call remove
[1231] call remove
[1232] call add(7718)
[1226] return 7708
[1227] return
[1228] return 7709
[1229] return
[1233] call add(7719)
[1234] call remove
[1230] return 7710
[1231] return 7711
[1235] call remove
[1232] return
[1236] call remove
[1237] call add(7720)
[1238] call add(7721)
[1239] call add(7722)
[1233] return
[1234] return 7712
[1235] return 7713
[1236] return 7714
[1240] call remove
[1241] call add(7723)
[1237] return
[1238] return
[1242] call add(7724)
[1239] return
[1243] call remove
[1244] call add(7725)
[1245] call remove
[1246] call remove
[1240] return 7715
[1241] return
[1242] return
[1243] return 7716
[1247] call add(7726)
[1248] call add(7727)
[1244] return
[1245] return 7717
[1249] call add(7728)
[1246] return 7718
[1250] call remove
[1251] call remove
[1252] call add(7729)
[1253] call remove
[1247] return
[1248] return
[1249] return
[1250] return 7719
[1254] call remove
[1255] call add(7730)
[1251] return 7720
[1252] return
[1256] call add(7731)
[1253] return 7721
[1257] call add(7732)
[1258] call remove
[1259] call remove
[1260] call remove
[1254] return 7722
[1255] return
[1256] return
[1257] return
[1261] call add(7733)
[1262] call add(7734)
[1258] return 7723
[1259] return 7724
[1263] call add(7735)
[1260] return 7725
[1264] call remove
[1265] call remove
[1266] call remove
[1267] call add(7736)
[1261] return
[1262] return
[1263] return
[1264] return 7726
[1268] call add(7737)
[1269] call add(7738)
[1265] return 7727
[1266] return 7728
[1270] call add(7739)
[1267] return
[1271] call remove
[1272] call remove
[1273] call remove
[1274] call add(7740)
[1268] return
[1269] return
[1270] return
[1271] return 7729
[1275] call remove
[1276] call remove
[1272] return 7730
[1273] return 7731
[1277] call remove
[1274] return
[1278] call remove
[1279] call add(7741)
[1280] call remove
[1281] call remove
[1275] return 7732
[1276] return 7733
[1277] return 7734
[1278] return 7735
[1282] call add(7742)
[1283] call remove
[1279] return
[1280] return 7736
[1284] call remove
[1281] return 7737
[1285] call remove
[1286] call remove
[1287] call remove
[1288] call add(7743)
[1282] return
[1283] return 7738
[1284] return 7739
[1285] return 7740
[1289] call remove
[1290] call add(7744)
[1286] return 7741
[1287] return 7742
[1291] call add(7745)
[1288] return
[1292] call remove
[1293] call remove
[1294] call remove
[1295] call remove
[1289] return 7743
[1290] return
[1291] return
[1292] return 7744
[1296] call remove
[1297] call add(7746)
[1293] return 7745
[1294] return empty
[1298] call remove
[1295] return empty
[1299] call add(7747)
[1300] call add(7748)
[1301] call remove
[1302] call remove
[1296] return empty
[1297] return
[1298] return 7746
[1299] return
[1303] call remove
[1304] call remove
[1300] return
[1301] return 7747
[1305] call remove
[1302] return 7748
[1306] call add(7749)
[1307] call add(7750)
[1308] call remove
[1309] call remove
[1303] return empty
[1304] return empty
[1305] return empty
[1306] return
[1310] call remove
[1311] call remove
[1307] return
[1308] return 7749
[1312] call add(7751)
[1309] return 7750
[1313] call add(7752)
[1314] call add(7753)
[1315] call remove
[1316] call remove
[1310] return empty
[1311] return empty
[1312] return
[1313] return
[1317] call add(7754)
[1318] call remove
[1314] return
[1319] call remove
[1316] return 7752
[1320] call remove
[1315] return 7751
[1321] call add(7755)
[1318] return 7753
[1322] call remove
[1317] return
[1323] call remove
[1324] call add(7756)
[1319] return 7754
[1320] return empty
[1325] call add(7757)
[1321] return
[1323] return empty
[1322] return 7755
[1326] call add(7758)
[1327] call remove
[1328] call remove
[1324] return
[1329] call add(7759)
[1330] call remove
[1325] return
[1326] return
[1328] return 7756
[1331] call add(7760)
[1327] return 7757
[1332] call add(7761)
[1333] call add(7762)
[1334] call remove
[1329] return
[1330] return 7758
[1335] call add(7763)
[1331] return
[1336] call remove
[1337] call add(7764)
[1332] return
[1333] return
[1334] return 7759
[1338] call add(7765)
[1335] return
[1339] call add(7766)
[1340] call remove
[1341] call add(7767)
[1336] return 7760
[1337] return
[1342] call add(7768)
[1338] return
[1343] call add(7769)
[1344] call remove
[1339] return
[1340] return 7761
[1341] return
[1345] call add(7770)
[1342] return
[1346] call add(7771)
[1347] call remove
[1348] call remove
[1343] return
[1344] return 7762
[1349] call add(7772)
[1345] return
[1350] call remove
[1351] call add(7773)
[1346] return
[1347] return 7763
[1348] return 7764
[1352] call remove
[1349] return
[1353] call add(7774)
[1354] call add(7775)
[1355] call remove
[1350] return 7765
[1351] return
[1356] call remove
[1352] return 7766
[1357] call add(7776)
[1358] call add(7777)
[1353] return
[1354] return
[1355] return 7767
[1359] call add(7778)
[1356] return 7768
[1360] call remove
[1361] call remove
[1362] call add(7779)
[1357] return
[1358] return
[1363] call add(7780)
[1359] return
[1364] call remove
[1365] call remove
[1360] return 7769
[1361] return 7770
[1366] call add(7781)
[1367] call add(7782)
[1363] return
[1362] return
[1368] call remove
[1364] return 7771
[1365] return 7772
[1369] call remove
[1370] call add(7783)
[1366] return
[1367] return
[1371] call remove
[1372] call remove
[1368] return 7773
[1373] call remove
[1374] call add(7784)
[1369] return 7774
[1370] return
[1375] call add(7785)
[1371] return 7775
[1372] return 7776
[1376] call add(7786)
[1377] call remove
[1373] return 7777
[1374] return
[1378] call remove
[1379] call add(7787)
[1375] return
[1380] call add(7788)
[1381] call add(7789)
[1376] return
[1377] return 7778
[1382] call add(7790)
[1378] return 7779
[1379] return
[1383] call remove
[1384] call remove
[1380] return
[1381] return
[1385] call add(7791)
[1386] call remove
[1382] return
[1387] call remove
[1388] call remove
[1383] return 7780
[1384] return 7781
[1389] call remove
[1385] return
[1386] return 7782
[1390] call add(7792)
[1391] call add(7793)
[1387] return 7783
[1389] return 7785
[1392] call remove
[1388] return 7784
[1393] call remove
[1390] return
[1394] call remove
[1395] call remove
[1396] call remove
[1397] call add(7794)
[1391] return
[1392] return 7786
[1393] return 7787
[1398] call add(7795)
[1394] return 7788
[1395] return 7789
[1399] call remove
[1396] return 7790
[1397] return
[1400] call remove
[1401] call remove
[1402] call remove
[1403] call add(7796)
[1404] call remove
[1398] return
[1399] return 7791
[1400] return 7792
[1405] call remove
[1401] return 7793
[1402] return 7794
[1406] call add(7797)
[1403] return
[1404] return 7795
[1407] call add(7798)
[1408] call add(7799)
[1409] call remove
[1410] call remove
[1411] call remove
[1405] return 7796
[1406] return
[1407] return
[1412] call add(7800)
[1408] return
[1409] return 7797
[1413] call add(7801)
[1410] return 7798
[1411] return 7799
[1414] call add(7802)
[1415] call remove
[1416] call remove
[1417] call add(7803)
[1418] call remove
[1412] return
[1413] return
[1414] return
[1415] return 7800
[1416] return 7801
[1417] return
[1418] return 7802
