# @object atomic-queue
[1] call remove
[2] call remove
[3] call remove
[4] call add(1211)
[5] call add(1212)
[6] call remove
[3] return empty
[1] return empty
[6] return empty
[4] return
[7] call remove
[8] call add(1213)
[2] return 1211
[9] call add(1214)
[10] call remove
[11] call remove
[5] return
[12] call remove
[13] call remove
[7] return 1212
[8] return
[9] return
[10] return 1214
[11] return 1213
[14] call remove
[15] call add(1215)
[12] return empty
[16] call add(1216)
[17] call remove
[18] call remove
[13] return empty
[19] call remove
[14] return empty
[15] return
[16] return
[17] return 1215
[18] return 1216
[19] return empty
