# @object atomic-queue
[1] call remove
[2] call add(979)
[3] call remove
[4] call add(980)
[5] call remove
[6] call remove
[7] call remove
[3] return empty
[6] return empty
[2] return
[4] return
[8] call add(981)
[5] return 979
[1] return 980
[7] return empty
[9] call add(982)
[10] call add(983)
[11] call add(984)
[12] call remove
[13] call add(985)
[14] call remove
[8] return
[9] return
[10] return
[11] return
[15] call add(986)
[12] return 982
[13] return
[14] return 981
[16] call remove
[15] return
[16] return 983
