# @object atomic-queue
[1] call remove
[2] call remove
[3] call add(849)
[4] call add(850)
[1] return empty
[2] return empty
[5] call add(851)
[3] return
[6] call add(852)
[7] call remove
[8] call add(853)
[4] return
[9] call remove
[10] call add(854)
[5] return
[11] call remove
[6] return
[7] return 849
[8] return
[12] call add(855)
[9] return 851
[13] call add(856)
[14] call add(857)
[10] return
[15] call add(858)
[11] return 850
[16] call add(859)
[17] call remove
[12] return
[18] call remove
[13] return
[14] return
[15] return
[16] return
[17] return 852
[18] return 855
