# @object atomic-queue
[1] call remove
[2] call add(1409)
[3] call add(1410)
[4] call add(1411)
[5] call remove
[6] call remove
[7] call add(1412)
[1] return empty
[8] call remove
[2] return
[3] return
[4] return
[5] return 1409
[6] return 1411
[7] return
[9] call remove
[10] call add(1413)
[11] call remove
[12] call add(1414)
[13] call add(1415)
[14] call remove
[8] return 1410
[15] call add(1416)
[9] return 1412
[10] return
[11] return 1413
[12] return
[13] return
[14] return 1415
[15] return
