# @object atomic-queue
[1] call add(987)
[2] call add(988)
[1] return
[2] return
[3] call add(989)
[4] call add(990)
[5] call add(991)
[6] call remove
[3] return
[7] call add(992)
[5] return
[6] return 991
[8] call remove
[4] return
[9] call add(993)
[10] call add(994)
[11] call remove
[12] call remove
[7] return
[13] call add(995)
[8] return 988
[14] call remove
[9] return
[10] return
[11] return 989
[12] return 987
[15] call add(996)
[13] return
[16] call remove
[17] call remove
[18] call remove
[19] call add(997)
[14] return 995
[20] call remove
[15] return
[21] call add(998)
[16] return 992
[17] return 994
[18] return 993
[19] return
[20] return 990
[21] return
