# @object atomic-queue
[1] call add(1140)
[2] call add(1141)
[3] call add(1142)
[4] call add(1143)
[5] call remove
[6] call add(1144)
[5] return empty
[1] return
[3] return
[4] return
[2] return
[7] call remove
[8] call remove
[9] call add(1145)
[10] call add(1146)
[11] call remove
[12] call add(1147)
[6] return
[13] call add(1148)
[7] return 1141
[8] return 1142
[9] return
[10] return
[11] return 1144
[12] return
[14] call add(1149)
[15] call remove
[16] call remove
[17] call add(1150)
[18] call add(1151)
[19] call remove
[13] return
[19] return 1143
[17] return
[14] return
[15] return 1140
[18] return
[16] return 1147
