# @object atomic-queue
[1] call remove
[2] call add(1315)
[1] return empty
[3] call remove
[4] call add(1316)
[2] return
[5] call remove
[6] call remove
[4] return
[7] call remove
[3] return 1315
[5] return 1316
[8] call remove
[9] call remove
[6] return empty
[10] call remove
[7] return empty
[11] call remove
[12] call add(1317)
[13] call remove
[14] call add(1318)
[9] return empty
[10] return empty
[8] return empty
[15] call remove
[11] return empty
[12] return
[16] call remove
[17] call add(1319)
[13] return 1317
[14] return
[18] call add(1320)
[19] call remove
[20] call remove
[21] call add(1321)
[15] return 1318
[16] return empty
[17] return
[22] call add(1322)
[18] return
[19] return 1320
[23] call remove
[24] call add(1323)
[20] return 1319
[21] return
[22] return
[24] return
[23] return 1321
