# @object atomic-queue
[1] call add(1073)
[2] call add(1074)
[3] call add(1075)
[4] call remove
[5] call add(1076)
[1] return
[2] return
[3] return
[4] return 1074
[6] call add(1077)
[7] call remove
[8] call add(1078)
[5] return
[9] call add(1079)
[10] call remove
[11] call add(1080)
[12] call add(1081)
[6] return
[7] return 1075
[8] return
[9] return
[10] return 1073
[13] call remove
[14] call remove
[15] call add(1082)
[11] return
[12] return
[16] call remove
[17] call remove
[18] call add(1083)
[19] call remove
[13] return 1077
[14] return 1076
[15] return
[16] return 1079
[18] return
[19] return 1081
[17] return 1080
