# @object atomic-queue
[1] call add(1288)
[2] call add(1289)
[3] call remove
[4] call remove
[5] call remove
[6] call add(1290)
[2] return
[1] return
[7] call remove
[4] return 1288
[5] return 1289
[8] call remove
[6] return
[9] call add(1291)
[3] return 1290
[10] call remove
[11] call add(1292)
[12] call add(1293)
[13] call remove
[7] return empty
[8] return empty
[9] return
[14] call add(1294)
[10] return 1291
[11] return
[15] call remove
[12] return
[16] call remove
[13] return 1293
[17] call add(1295)
[18] call add(1296)
[14] return
[15] return 1292
[16] return 1294
[17] return
[18] return
