# @object atomic-queue
[1] call remove
[2] call add(818)
[3] call remove
[4] call add(819)
[5] call add(820)
[6] call add(821)
[7] call add(822)
[2] return
[5] return
[1] return 818
[3] return 820
[6] return
[4] return
[7] return
[8] call remove
[9] call remove
[10] call remove
[11] call add(823)
[12] call remove
[13] call remove
[14] call remove
[8] return 821
[9] return 819
[10] return 822
[11] return
[12] return 823
[13] return empty
[14] return empty
[15] call remove
[16] call remove
[15] return empty
[16] return empty
