# @object atomic-queue
[1] call add(801)
[2] call remove
[3] call add(802)
[4] call add(803)
[5] call remove
[6] call remove
[7] call remove
[1] return
[3] return
[8] call remove
[2] return 801
[4] return
[6] return 802
[5] return 803
[7] return empty
[9] call add(804)
[10] call remove
[11] call add(805)
[12] call add(806)
[13] call add(807)
[14] call add(808)
[8] return empty
[9] return
[15] call add(809)
[10] return 804
[11] return
[12] return
[13] return
[14] return
[16] call remove
[15] return
[16] return 808
