# @object atomic-queue
[1] call remove
[2] call remove
[3] call add(730)
[4] call add(731)
[1] return empty
[5] call remove
[2] return empty
[4] return
[6] call remove
[3] return
[7] call add(732)
[8] call remove
[9] call add(733)
[10] call remove
[5] return 730
[6] return 731
[11] call add(734)
[10] return empty
[12] call add(735)
[7] return
[8] return 732
[13] call add(736)
[9] return
[14] call remove
[15] call add(737)
[16] call add(738)
[17] call remove
[13] return
[11] return
[12] return
[18] call add(739)
[19] call add(740)
[20] call add(741)
[15] return
[16] return
[14] return 736
[17] return 733
[18] return
[19] return
[20] return
