# @object atomic-queue
[1] call remove
[2] call remove
[3] call remove
[1] return empty
[2] return empty
[4] call add(1160)
[5] call remove
[6] call add(1161)
[3] return empty
[7] call add(1162)
[8] call remove
[9] call add(1163)
[4] return
[7] return
[5] return 1160
[6] return
[10] call add(1164)
[11] call remove
[12] call add(1165)
[8] return 1161
[13] call remove
[14] call remove
[9] return
[15] call add(1166)
[16] call remove
[10] return
[11] return 1162
[12] return
[13] return 1163
[14] return 1164
[17] call add(1167)
[18] call remove
[19] call add(1168)
[15] return
[20] call add(1169)
[21] call add(1170)
[16] return 1165
[22] call remove
[23] call add(1171)
[17] return
[18] return 1166
[19] return
[20] return
[22] return 1167
[21] return
[23] return
