# @object atomic-queue
[1] call add(1131)
[2] call remove
[3] call add(1132)
[4] call remove
[1] return
[2] return 1131
[5] call add(1133)
[6] call remove
[3] return
[7] call add(1134)
[4] return 1132
[8] call add(1135)
[9] call remove
[10] call add(1136)
[9] return 1133
[11] call add(1137)
[6] return empty
[12] call remove
[13] call remove
[7] return
[5] return
[8] return
[11] return
[14] call remove
[15] call remove
[10] return
[12] return 1134
[15] return 1135
[16] call add(1138)
[17] call add(1139)
[13] return 1136
[14] return 1137
[17] return
[16] return
