# @object atomic-queue
[1] call remove
[2] call add(695)
[3] call add(696)
[4] call remove
[5] call add(697)
[1] return empty
[6] call add(698)
[2] return
[4] return 695
[3] return
[7] call add(699)
[8] call remove
[9] call remove
[10] call add(700)
[11] call add(701)
[5] return
[6] return
[12] call remove
[7] return
[13] call add(702)
[8] return 699
[9] return 698
[10] return
[11] return
[14] call add(703)
[15] call remove
[16] call add(704)
[17] call remove
[18] call remove
[12] return 696
[13] return
[14] return
[15] return 697
[16] return
[17] return 702
[18] return 700
