# @object atomic-queue
[1] call remove
[2] call add(680)
[3] call remove
[4] call remove
[5] call remove
[6] call add(681)
[1] return empty
[7] call add(682)
[2] return
[4] return 680
[8] call remove
[5] return empty
[3] return empty
[9] call add(683)
[10] call remove
[6] return
[11] call remove
[12] call remove
[7] return
[13] call add(684)
[8] return 681
[14] call add(685)
[9] return
[15] call add(686)
[11] return 683
[12] return empty
[10] return 682
[14] return
[13] return
[16] call add(687)
[15] return
[17] call add(688)
[18] call add(689)
[16] return
[17] return
[18] return
