# @object atomic-queue
[1] call remove
[2] call remove
[3] call remove
[4] call remove
[5] call remove
[6] call remove
[7] call add(952)
[1] return empty
[8] call remove
[2] return empty
[3] return empty
[4] return empty
[6] return empty
[5] return empty
[7] return
[9] call remove
[10] call remove
[11] call add(953)
[12] call remove
[13] call add(954)
[8] return 952
[14] call add(955)
[15] call remove
[9] return empty
[10] return empty
[11] return
[12] return 953
[13] return
[14] return
[15] return 955
