# @object atomic-queue
[1] call add(1392)
[2] call remove
[3] call remove
[1] return
[4] call remove
[2] return 1392
[5] call add(1393)
[6] call remove
[3] return empty
[7] call add(1394)
[8] call remove
[4] return empty
[9] call add(1395)
[5] return
[10] call remove
[6] return 1393
[11] call add(1396)
[7] return
[12] call add(1397)
[8] return 1394
[13] call remove
[9] return
[14] call remove
[10] return 1395
[15] call remove
[11] return
[16] call remove
[12] return
[17] call remove
[13] return 1397
[18] call add(1398)
[14] return 1396
[16] return empty
[17] return empty
[19] call add(1399)
[15] return empty
[18] return
[19] return
