# @object atomic-queue
[1] call add(893)
[1] return
[2] call add(894)
[3] call add(895)
[4] call add(896)
[2] return
[3] return
[5] call add(897)
[6] call add(898)
[7] call remove
[8] call add(899)
[4] return
[5] return
[9] call remove
[10] call remove
[11] call add(900)
[6] return
[7] return 893
[8] return
[12] call add(901)
[13] call remove
[14] call add(902)
[9] return 898
[15] call add(903)
[10] return 894
[11] return
[16] call add(904)
[17] call remove
[18] call remove
[12] return
[13] return 896
[14] return
[15] return
[19] call remove
[20] call add(905)
[21] call remove
[16] return
[22] call remove
[17] return 897
[18] return 895
[19] return 902
[20] return
[21] return 899
[22] return 904
