# @object atomic-queue
[1] call add(1400)
[2] call add(1401)
[3] call remove
[4] call remove
[2] return
[1] return
[5] call add(1402)
[4] return 1401
[6] call remove
[3] return 1400
[7] call add(1403)
[8] call remove
[9] call remove
[10] call remove
[11] call add(1404)
[5] return
[6] return 1402
[7] return
[12] call add(1405)
[8] return 1403
[13] call remove
[9] return empty
[10] return empty
[11] return
[14] call remove
[15] call add(1406)
[16] call remove
[13] return 1404
[17] call add(1407)
[18] call remove
[19] call add(1408)
[12] return
[15] return
[14] return 1405
[19] return
[17] return
[16] return 1406
[18] return 1408
