# @object atomic-queue
[1] call remove
[1] return empty
[2] call remove
[3] call remove
[4] call remove
[5] call add(906)
[2] return empty
[4] return empty
[3] return empty
[6] call add(907)
[7] call add(908)
[5] return
[8] call add(909)
[9] call remove
[10] call add(910)
[6] return
[11] call remove
[12] call add(911)
[7] return
[8] return
[13] call remove
[9] return 907
[14] call add(912)
[10] return
[15] call add(913)
[16] call add(914)
[11] return 906
[12] return
[17] call add(915)
[13] return 908
[18] call remove
[19] call add(916)
[14] return
[15] return
[20] call remove
[16] return
[21] call add(917)
[19] return
[22] call add(918)
[23] call add(919)
[18] return 909
[17] return
[20] return 914
[21] return
[22] return
[23] return
