# @object atomic-queue
[0] call add(1)
[1] call add(2)
[2] call add(3)
[3] call add(4)
[4] call add(5)
[5] call add(6)
[6] call add(7)
[7] call add(8)
[8] call add(9)
[9] call add(10)
[10] call add(11)
[11] call add(12)
[12] call add(13)
[13] call add(14)
[14] call add(15)
[15] call add(16)
[16] call add(17)
[17] call add(18)
[18] call add(19)
[19] call add(20)
[20] call rm
[21] call rm
[22] call rm
[23] call rm
[24] call rm
[25] call rm
[26] call rm
[27] call rm
[28] call rm
[29] call rm
[30] call rm
[31] call rm
[32] call rm
[33] call rm
[34] call rm
[35] call rm
[35] return empty
[37] call rm
[38] call rm
[38] return empty
[39] call rm
[40] call rm
[41] call rm
[42] call rm
[43] call rm
[44] call rm
[45] call rm
[46] call rm
[47] call rm
[48] call rm
[49] call rm
[20] return empty
[24] return empty
[36] call rm
[44] return empty
[47] return empty
[11] return
[31] return empty
[33] return empty
[30] return 12
[1] return
[9] return
[15] return
[23] return 2
[28] return 10
[46] return 16
[6] return
[16] return
[27] return 17
[36] return 7
[0] return
[7] return
[12] return
[18] return
[25] return 19
[37] return 8
[42] return 1
[5] return
[39] return 13
[49] return 6
[14] return
[3] return
[48] return 15
[17] return
[22] return 4
[2] return
[45] return 18
[26] return 3
[4] return
[10] return
[40] return 5
[43] return 11
[13] return
[19] return
[32] return 14
[21] return 20
[8] return
[41] return 9
[29] return empty
[34] return empty
