# @object atomic-queue
[0] call add(1)
[1] call add(2)
[2] call add(3)
[3] call add(4)
[4] call add(5)
[5] call add(6)
[6] call add(7)
[7] call add(8)
[8] call add(9)
[9] call add(10)
[10] call add(11)
[11] call add(12)
[12] call add(13)
[13] call add(14)
[14] call add(15)
[15] call add(16)
[16] call add(17)
[17] call add(18)
[18] call add(19)
[19] call add(20)
[20] call rm
[21] call rm
[22] call rm
[23] call rm
[24] call rm
[25] call rm
[26] call rm
[27] call rm
[28] call rm
[29] call rm
[30] call rm
[31] call rm
[32] call rm
[33] call rm
[34] call rm
[35] call rm
[36] call rm
[36] return 3
[37] call rm
[38] call rm
[39] call rm
[40] call rm
[41] call rm
[42] call rm
[43] call rm
[44] call rm
[45] call rm
[46] call rm
[47] call rm
[48] call rm
[49] call rm
[2] return
[40] return 19
[8] return
[18] return
[29] return 1
[47] return 9
[0] return
[3] return
[10] return
[6] return
[17] return
[24] return 11
[28] return 4
[26] return 18
[35] return 7
[41] return 12
[11] return
[38] return 13
[1] return
[12] return
[14] return
[16] return
[39] return 2
[30] return 15
[46] return 17
[5] return
[15] return
[21] return 16
[43] return 6
[9] return
[7] return
[25] return 10
[45] return 8
[49] return empty
[19] return
[44] return 20
[42] return empty
[4] return
[27] return empty
[33] return empty
[13] return
[34] return 5
[20] return 14
[32] return empty
[22] return empty
[23] return empty
[48] return empty
[31] return empty
[37] return empty
