# @object atomic-queue
[1] call add(2)
[2] call add(3)
[3] call add(4)
[4] call add(5)
[5] call add(6)
[6] call add(7)
[7] call add(8)
[8] call add(9)
[9] call add(10)
[10] call add(11)
[11] call add(12)
[12] call add(13)
[13] call add(14)
[14] call add(15)
[15] call add(16)
[16] call add(17)
[17] call add(18)
[18] call add(19)
[19] call add(20)
[20] call rm
[21] call rm
[22] call rm
[23] call rm
[24] call rm
[25] call rm
[26] call rm
[27] call rm
[28] call rm
[29] call rm
[30] call rm
[31] call rm
[32] call rm
[33] call rm
[34] call rm
[35] call rm
[36] call rm
[37] call rm
[38] call rm
[39] call rm
[40] call rm
[41] call rm
[42] call rm
[43] call rm
[44] call rm
[45] call rm
[46] call rm
[47] call rm
[48] call rm
[49] call rm
[0] call add(1)
[11] return
[15] return
[7] return
[24] return 12
[47] return 16
[2] return
[30] return 8
[5] return
[49] return 3
[8] return
[13] return
[29] return 6
[14] return
[37] return 9
[40] return 14
[3] return
[44] return 4
[36] return 15
[41] return empty
[0] return
[10] return
[23] return 1
[38] return 11
[1] return
[6] return
[12] return
[17] return
[28] return 7
[34] return 2
[42] return 18
[18] return
[27] return 13
[9] return
[21] return 19
[16] return
[46] return 10
[35] return 17
[19] return
[25] return 20
[45] return empty
[39] return empty
[4] return
[22] return empty
[31] return empty
[43] return empty
[20] return 5
[32] return empty
[26] return empty
[48] return empty
[33] return empty
