# @object atomic-queue
[0] call add(1)
[1] call add(2)
[2] call add(3)
[3] call add(4)
[4] call add(5)
[5] call add(6)
[6] call add(7)
[7] call add(8)
[8] call add(9)
[9] call add(10)
[10] call add(11)
[11] call add(12)
[12] call add(13)
[13] call add(14)
[14] call add(15)
[15] call add(16)
[16] call add(17)
[17] call add(18)
[18] call add(19)
[19] call add(20)
[20] call rm
[20] return empty
[22] call rm
[23] call rm
[24] call rm
[25] call rm
[26] call rm
[27] call rm
[28] call rm
[29] call rm
[30] call rm
[31] call rm
[32] call rm
[33] call rm
[34] call rm
[35] call rm
[36] call rm
[37] call rm
[38] call rm
[39] call rm
[40] call rm
[40] return empty
[41] call rm
[42] call rm
[43] call rm
[44] call rm
[45] call rm
[46] call rm
[47] call rm
[48] call rm
[49] call rm
[21] call rm
[15] return
[27] return empty
[38] return empty
[13] return
[26] return 16
[29] return 14
[10] return
[25] return 12
[11] return
[48] return 11
[2] return
[49] return 3
[5] return
[19] return
[32] return 6
[45] return 20
[9] return
[3] return
[14] return
[17] return
[23] return 4
[35] return 10
[7] return
[18] return
[43] return 18
[33] return 15
[37] return 8
[0] return
[6] return
[24] return 19
[39] return 1
[44] return 7
[4] return
[1] return
[41] return 5
[8] return
[21] return 2
[16] return
[34] return 17
[12] return
[42] return 9
[31] return 13
[30] return empty
[47] return empty
[22] return empty
[28] return empty
[46] return empty
[36] return empty
