# @object atomic-queue
[0] call add(1)
[1] call add(2)
[2] call add(3)
[3] call add(4)
[4] call add(5)
[5] call add(6)
[6] call add(7)
[7] call add(8)
[8] call add(9)
[9] call add(10)
[9] return
[11] call add(12)
[12] call add(13)
[13] call add(14)
[14] call add(15)
[15] call add(16)
[16] call add(17)
[17] call add(18)
[18] call add(19)
[19] call add(20)
[20] call rm
[21] call rm
[22] call rm
[23] call rm
[24] call rm
[25] call rm
[26] call rm
[27] call rm
[27] return 6
[29] call rm
[30] call rm
[31] call rm
[32] call rm
[33] call rm
[34] call rm
[35] call rm
[36] call rm
[37] call rm
[38] call rm
[39] call rm
[40] call rm
[41] call rm
[42] call rm
[43] call rm
[44] call rm
[45] call rm
[46] call rm
[47] call rm
[48] call rm
[49] call rm
[5] return
[10] call add(11)
[28] call rm
[33] return 10
[6] return
[12] return
[34] return 13
[46] return 7
[38] return empty
[40] return empty
[49] return empty
[15] return
[45] return empty
[2] return
[43] return 16
[16] return
[18] return
[48] return 3
[11] return
[36] return 11
[10] return
[22] return 12
[3] return
[4] return
[21] return 19
[29] return 17
[20] return 4
[39] return 5
[14] return
[1] return
[44] return 2
[13] return
[17] return
[30] return 15
[19] return
[42] return 14
[0] return
[23] return 18
[47] return 20
[24] return 1
[7] return
[8] return
[32] return 9
[41] return 8
[25] return empty
[31] return empty
[35] return empty
[26] return empty
[37] return empty
[28] return empty
