# @object atomic-queue
[1] call add(2)
[2] call add(3)
[3] call add(4)
[4] call add(5)
[4] return
[6] call add(7)
[7] call add(8)
[8] call add(9)
[9] call add(10)
[10] call add(11)
[11] call add(12)
[12] call add(13)
[13] call add(14)
[14] call add(15)
[15] call add(16)
[16] call add(17)
[17] call add(18)
[18] call add(19)
[19] call add(20)
[20] call rm
[21] call rm
[22] call rm
[23] call rm
[24] call rm
[25] call rm
[26] call rm
[27] call rm
[28] call rm
[29] call rm
[30] call rm
[31] call rm
[32] call rm
[33] call rm
[34] call rm
[35] call rm
[36] call rm
[37] call rm
[38] call rm
[39] call rm
[40] call rm
[41] call rm
[42] call rm
[43] call rm
[43] return 5
[44] call rm
[45] call rm
[46] call rm
[47] call rm
[48] call rm
[49] call rm
[0] call add(1)
[5] call add(6)
[18] return
[12] return
[27] return 19
[49] return 16
[15] return
[20] return 13
[0] return
[9] return
[22] return 1
[31] return 10
[19] return
[44] return 12
[11] return
[41] return 20
[2] return
[8] return
[5] return
[46] return 3
[21] return 6
[25] return 9
[38] return 15
[14] return
[42] return 11
[47] return 17
[10] return
[16] return
[32] return empty
[6] return
[40] return 7
[13] return
[26] return 18
[17] return
[1] return
[33] return 14
[39] return 2
[28] return 4
[34] return 8
[3] return
[37] return empty
[7] return
[24] return empty
[35] return empty
[45] return empty
[23] return empty
[30] return empty
[36] return empty
[29] return empty
[48] return empty
